<?xml version="1.0" encoding="UTF-8"?>
<testsuite name="com.laundry.laundryMgmt.ReservationTest.ReservationIntegration" tests="4" skipped="0" failures="0" errors="0" timestamp="2024-01-09T15:22:14" hostname="kali" time="2.149">
  <properties/>
  <testcase name="givenReservationByIdAccessed_whenReservationInfoRetrieved_then200IsReceived()" classname="com.laundry.laundryMgmt.ReservationTest.ReservationIntegration" time="1.601"/>
  <testcase name="givenReservationExists_whenReservationIsRetrieved_thenRetrievedResourceIsCorrect()" classname="com.laundry.laundryMgmt.ReservationTest.ReservationIntegration" time="0.305"/>
  <testcase name="givenRequestWithNoAcceptHeader_whenRequestIsExecuted_thenDefaultResponseContentTypeIsJson()" classname="com.laundry.laundryMgmt.ReservationTest.ReservationIntegration" time="0.145"/>
  <testcase name="givenPath_whenAccessedWithoutAuthentication_then401IsReceived()" classname="com.laundry.laundryMgmt.ReservationTest.ReservationIntegration" time="0.077"/>
  <system-out><![CDATA[Standard Commons Logging discovery in action with spring-jcl: please remove commons-logging.jar from classpath in order to avoid potential conflicts
10:22:15.394 [Test worker] DEBUG org.apache.http.client.protocol.RequestAddCookies - CookieSpec selected: default
10:22:15.422 [Test worker] DEBUG org.apache.http.client.protocol.RequestAuthCache - Auth cache not set in the context
10:22:15.423 [Test worker] DEBUG org.apache.http.impl.conn.PoolingHttpClientConnectionManager - Connection request: [route: {}->http://localhost:8080][total kept alive: 0; route allocated: 0 of 2; total allocated: 0 of 20]
10:22:15.431 [Test worker] DEBUG org.apache.http.impl.conn.PoolingHttpClientConnectionManager - Connection leased: [id: 0][route: {}->http://localhost:8080][total kept alive: 0; route allocated: 1 of 2; total allocated: 1 of 20]
10:22:15.434 [Test worker] DEBUG org.apache.http.impl.execchain.MainClientExec - Opening connection {}->http://localhost:8080
10:22:15.438 [Test worker] DEBUG org.apache.http.impl.conn.DefaultHttpClientConnectionOperator - Connecting to localhost/127.0.0.1:8080
10:22:15.440 [Test worker] DEBUG org.apache.http.impl.conn.DefaultHttpClientConnectionOperator - Connection established 127.0.0.1:34570<->127.0.0.1:8080
10:22:15.440 [Test worker] DEBUG org.apache.http.impl.execchain.MainClientExec - Executing request GET /api/reservation HTTP/1.1
10:22:15.440 [Test worker] DEBUG org.apache.http.impl.execchain.MainClientExec - Proxy auth state: UNCHALLENGED
10:22:15.443 [Test worker] DEBUG org.apache.http.headers - http-outgoing-0 >> GET /api/reservation HTTP/1.1
10:22:15.444 [Test worker] DEBUG org.apache.http.headers - http-outgoing-0 >> Authorization: Basic dXNlcjpteVBhc3N3b3Jk
10:22:15.445 [Test worker] DEBUG org.apache.http.headers - http-outgoing-0 >> Host: localhost:8080
10:22:15.445 [Test worker] DEBUG org.apache.http.headers - http-outgoing-0 >> Connection: Keep-Alive
10:22:15.445 [Test worker] DEBUG org.apache.http.headers - http-outgoing-0 >> User-Agent: Apache-HttpClient/4.5 (Java/17.0.9)
10:22:15.445 [Test worker] DEBUG org.apache.http.headers - http-outgoing-0 >> Accept-Encoding: gzip,deflate
10:22:15.445 [Test worker] DEBUG org.apache.http.wire - http-outgoing-0 >> "GET /api/reservation HTTP/1.1[\r][\n]"
10:22:15.446 [Test worker] DEBUG org.apache.http.wire - http-outgoing-0 >> "Authorization: Basic dXNlcjpteVBhc3N3b3Jk[\r][\n]"
10:22:15.446 [Test worker] DEBUG org.apache.http.wire - http-outgoing-0 >> "Host: localhost:8080[\r][\n]"
10:22:15.446 [Test worker] DEBUG org.apache.http.wire - http-outgoing-0 >> "Connection: Keep-Alive[\r][\n]"
10:22:15.446 [Test worker] DEBUG org.apache.http.wire - http-outgoing-0 >> "User-Agent: Apache-HttpClient/4.5 (Java/17.0.9)[\r][\n]"
10:22:15.446 [Test worker] DEBUG org.apache.http.wire - http-outgoing-0 >> "Accept-Encoding: gzip,deflate[\r][\n]"
10:22:15.446 [Test worker] DEBUG org.apache.http.wire - http-outgoing-0 >> "[\r][\n]"
10:22:16.035 [Test worker] DEBUG org.apache.http.wire - http-outgoing-0 << "HTTP/1.1 200 [\r][\n]"
10:22:16.036 [Test worker] DEBUG org.apache.http.wire - http-outgoing-0 << "Vary: Origin[\r][\n]"
10:22:16.037 [Test worker] DEBUG org.apache.http.wire - http-outgoing-0 << "Vary: Access-Control-Request-Method[\r][\n]"
10:22:16.037 [Test worker] DEBUG org.apache.http.wire - http-outgoing-0 << "Vary: Access-Control-Request-Headers[\r][\n]"
10:22:16.038 [Test worker] DEBUG org.apache.http.wire - http-outgoing-0 << "X-Content-Type-Options: nosniff[\r][\n]"
10:22:16.038 [Test worker] DEBUG org.apache.http.wire - http-outgoing-0 << "X-XSS-Protection: 0[\r][\n]"
10:22:16.038 [Test worker] DEBUG org.apache.http.wire - http-outgoing-0 << "Cache-Control: no-cache, no-store, max-age=0, must-revalidate[\r][\n]"
10:22:16.038 [Test worker] DEBUG org.apache.http.wire - http-outgoing-0 << "Pragma: no-cache[\r][\n]"
10:22:16.038 [Test worker] DEBUG org.apache.http.wire - http-outgoing-0 << "Expires: 0[\r][\n]"
10:22:16.038 [Test worker] DEBUG org.apache.http.wire - http-outgoing-0 << "Content-Type: application/json[\r][\n]"
10:22:16.039 [Test worker] DEBUG org.apache.http.wire - http-outgoing-0 << "Transfer-Encoding: chunked[\r][\n]"
10:22:16.039 [Test worker] DEBUG org.apache.http.wire - http-outgoing-0 << "Date: Tue, 09 Jan 2024 15:22:16 GMT[\r][\n]"
10:22:16.039 [Test worker] DEBUG org.apache.http.wire - http-outgoing-0 << "Keep-Alive: timeout=60[\r][\n]"
10:22:16.039 [Test worker] DEBUG org.apache.http.wire - http-outgoing-0 << "Connection: keep-alive[\r][\n]"
10:22:16.039 [Test worker] DEBUG org.apache.http.wire - http-outgoing-0 << "[\r][\n]"
10:22:16.039 [Test worker] DEBUG org.apache.http.wire - http-outgoing-0 << "a5[\r][\n]"
10:22:16.039 [Test worker] DEBUG org.apache.http.wire - http-outgoing-0 << "[{"reservationId":-3,"reservationUser":"TEST RESERVATION","reservationDate":null,"reservationStartTime":null,"reservationEndTime":null,"reservationAvailable":false}][\r][\n]"
10:22:16.041 [Test worker] DEBUG org.apache.http.headers - http-outgoing-0 << HTTP/1.1 200 
10:22:16.041 [Test worker] DEBUG org.apache.http.headers - http-outgoing-0 << Vary: Origin
10:22:16.041 [Test worker] DEBUG org.apache.http.headers - http-outgoing-0 << Vary: Access-Control-Request-Method
10:22:16.042 [Test worker] DEBUG org.apache.http.headers - http-outgoing-0 << Vary: Access-Control-Request-Headers
10:22:16.042 [Test worker] DEBUG org.apache.http.headers - http-outgoing-0 << X-Content-Type-Options: nosniff
10:22:16.042 [Test worker] DEBUG org.apache.http.headers - http-outgoing-0 << X-XSS-Protection: 0
10:22:16.042 [Test worker] DEBUG org.apache.http.headers - http-outgoing-0 << Cache-Control: no-cache, no-store, max-age=0, must-revalidate
10:22:16.043 [Test worker] DEBUG org.apache.http.headers - http-outgoing-0 << Pragma: no-cache
10:22:16.043 [Test worker] DEBUG org.apache.http.headers - http-outgoing-0 << Expires: 0
10:22:16.043 [Test worker] DEBUG org.apache.http.headers - http-outgoing-0 << Content-Type: application/json
10:22:16.043 [Test worker] DEBUG org.apache.http.headers - http-outgoing-0 << Transfer-Encoding: chunked
10:22:16.043 [Test worker] DEBUG org.apache.http.headers - http-outgoing-0 << Date: Tue, 09 Jan 2024 15:22:16 GMT
10:22:16.043 [Test worker] DEBUG org.apache.http.headers - http-outgoing-0 << Keep-Alive: timeout=60
10:22:16.043 [Test worker] DEBUG org.apache.http.headers - http-outgoing-0 << Connection: keep-alive
10:22:16.046 [Test worker] DEBUG org.apache.http.impl.execchain.MainClientExec - Connection can be kept alive for 60000 MILLISECONDS
10:22:16.225 [Test worker] DEBUG org.apache.http.client.protocol.RequestAddCookies - CookieSpec selected: default
10:22:16.225 [Test worker] DEBUG org.apache.http.client.protocol.RequestAuthCache - Auth cache not set in the context
10:22:16.225 [Test worker] DEBUG org.apache.http.impl.conn.PoolingHttpClientConnectionManager - Connection request: [route: {}->http://localhost:8080][total kept alive: 0; route allocated: 0 of 2; total allocated: 0 of 20]
10:22:16.225 [Test worker] DEBUG org.apache.http.impl.conn.PoolingHttpClientConnectionManager - Connection leased: [id: 1][route: {}->http://localhost:8080][total kept alive: 0; route allocated: 1 of 2; total allocated: 1 of 20]
10:22:16.228 [Test worker] DEBUG org.apache.http.impl.execchain.MainClientExec - Opening connection {}->http://localhost:8080
10:22:16.229 [Test worker] DEBUG org.apache.http.impl.conn.DefaultHttpClientConnectionOperator - Connecting to localhost/127.0.0.1:8080
10:22:16.230 [Test worker] DEBUG org.apache.http.impl.conn.DefaultHttpClientConnectionOperator - Connection established 127.0.0.1:34572<->127.0.0.1:8080
10:22:16.230 [Test worker] DEBUG org.apache.http.impl.execchain.MainClientExec - Executing request GET /api/reservation/-3 HTTP/1.1
10:22:16.230 [Test worker] DEBUG org.apache.http.impl.execchain.MainClientExec - Proxy auth state: UNCHALLENGED
10:22:16.231 [Test worker] DEBUG org.apache.http.headers - http-outgoing-1 >> GET /api/reservation/-3 HTTP/1.1
10:22:16.231 [Test worker] DEBUG org.apache.http.headers - http-outgoing-1 >> Authorization: Basic dXNlcjpteVBhc3N3b3Jk
10:22:16.231 [Test worker] DEBUG org.apache.http.headers - http-outgoing-1 >> Host: localhost:8080
10:22:16.231 [Test worker] DEBUG org.apache.http.headers - http-outgoing-1 >> Connection: Keep-Alive
10:22:16.231 [Test worker] DEBUG org.apache.http.headers - http-outgoing-1 >> User-Agent: Apache-HttpClient/4.5 (Java/17.0.9)
10:22:16.231 [Test worker] DEBUG org.apache.http.headers - http-outgoing-1 >> Accept-Encoding: gzip,deflate
10:22:16.231 [Test worker] DEBUG org.apache.http.wire - http-outgoing-1 >> "GET /api/reservation/-3 HTTP/1.1[\r][\n]"
10:22:16.231 [Test worker] DEBUG org.apache.http.wire - http-outgoing-1 >> "Authorization: Basic dXNlcjpteVBhc3N3b3Jk[\r][\n]"
10:22:16.231 [Test worker] DEBUG org.apache.http.wire - http-outgoing-1 >> "Host: localhost:8080[\r][\n]"
10:22:16.232 [Test worker] DEBUG org.apache.http.wire - http-outgoing-1 >> "Connection: Keep-Alive[\r][\n]"
10:22:16.232 [Test worker] DEBUG org.apache.http.wire - http-outgoing-1 >> "User-Agent: Apache-HttpClient/4.5 (Java/17.0.9)[\r][\n]"
10:22:16.233 [Test worker] DEBUG org.apache.http.wire - http-outgoing-1 >> "Accept-Encoding: gzip,deflate[\r][\n]"
10:22:16.233 [Test worker] DEBUG org.apache.http.wire - http-outgoing-1 >> "[\r][\n]"
10:22:16.364 [Test worker] DEBUG org.apache.http.wire - http-outgoing-1 << "HTTP/1.1 200 [\r][\n]"
10:22:16.365 [Test worker] DEBUG org.apache.http.wire - http-outgoing-1 << "Vary: Origin[\r][\n]"
10:22:16.367 [Test worker] DEBUG org.apache.http.wire - http-outgoing-1 << "Vary: Access-Control-Request-Method[\r][\n]"
10:22:16.367 [Test worker] DEBUG org.apache.http.wire - http-outgoing-1 << "Vary: Access-Control-Request-Headers[\r][\n]"
10:22:16.367 [Test worker] DEBUG org.apache.http.wire - http-outgoing-1 << "X-Content-Type-Options: nosniff[\r][\n]"
10:22:16.367 [Test worker] DEBUG org.apache.http.wire - http-outgoing-1 << "X-XSS-Protection: 0[\r][\n]"
10:22:16.367 [Test worker] DEBUG org.apache.http.wire - http-outgoing-1 << "Cache-Control: no-cache, no-store, max-age=0, must-revalidate[\r][\n]"
10:22:16.367 [Test worker] DEBUG org.apache.http.wire - http-outgoing-1 << "Pragma: no-cache[\r][\n]"
10:22:16.367 [Test worker] DEBUG org.apache.http.wire - http-outgoing-1 << "Expires: 0[\r][\n]"
10:22:16.367 [Test worker] DEBUG org.apache.http.wire - http-outgoing-1 << "Content-Type: application/json[\r][\n]"
10:22:16.368 [Test worker] DEBUG org.apache.http.wire - http-outgoing-1 << "Transfer-Encoding: chunked[\r][\n]"
10:22:16.368 [Test worker] DEBUG org.apache.http.wire - http-outgoing-1 << "Date: Tue, 09 Jan 2024 15:22:16 GMT[\r][\n]"
10:22:16.368 [Test worker] DEBUG org.apache.http.wire - http-outgoing-1 << "Keep-Alive: timeout=60[\r][\n]"
10:22:16.368 [Test worker] DEBUG org.apache.http.wire - http-outgoing-1 << "Connection: keep-alive[\r][\n]"
10:22:16.368 [Test worker] DEBUG org.apache.http.wire - http-outgoing-1 << "[\r][\n]"
10:22:16.368 [Test worker] DEBUG org.apache.http.wire - http-outgoing-1 << "a3[\r][\n]"
10:22:16.368 [Test worker] DEBUG org.apache.http.wire - http-outgoing-1 << "{"reservationId":-3,"reservationUser":"TEST RESERVATION","reservationDate":null,"reservationStartTime":null,"reservationEndTime":null,"reservationAvailable":false}[\r][\n]"
10:22:16.368 [Test worker] DEBUG org.apache.http.headers - http-outgoing-1 << HTTP/1.1 200 
10:22:16.368 [Test worker] DEBUG org.apache.http.headers - http-outgoing-1 << Vary: Origin
10:22:16.368 [Test worker] DEBUG org.apache.http.headers - http-outgoing-1 << Vary: Access-Control-Request-Method
10:22:16.368 [Test worker] DEBUG org.apache.http.headers - http-outgoing-1 << Vary: Access-Control-Request-Headers
10:22:16.368 [Test worker] DEBUG org.apache.http.headers - http-outgoing-1 << X-Content-Type-Options: nosniff
10:22:16.369 [Test worker] DEBUG org.apache.http.headers - http-outgoing-1 << X-XSS-Protection: 0
10:22:16.369 [Test worker] DEBUG org.apache.http.headers - http-outgoing-1 << Cache-Control: no-cache, no-store, max-age=0, must-revalidate
10:22:16.369 [Test worker] DEBUG org.apache.http.headers - http-outgoing-1 << Pragma: no-cache
10:22:16.369 [Test worker] DEBUG org.apache.http.headers - http-outgoing-1 << Expires: 0
10:22:16.369 [Test worker] DEBUG org.apache.http.headers - http-outgoing-1 << Content-Type: application/json
10:22:16.369 [Test worker] DEBUG org.apache.http.headers - http-outgoing-1 << Transfer-Encoding: chunked
10:22:16.369 [Test worker] DEBUG org.apache.http.headers - http-outgoing-1 << Date: Tue, 09 Jan 2024 15:22:16 GMT
10:22:16.369 [Test worker] DEBUG org.apache.http.headers - http-outgoing-1 << Keep-Alive: timeout=60
10:22:16.369 [Test worker] DEBUG org.apache.http.headers - http-outgoing-1 << Connection: keep-alive
10:22:16.369 [Test worker] DEBUG org.apache.http.impl.execchain.MainClientExec - Connection can be kept alive for 60000 MILLISECONDS
10:22:16.374 [Test worker] DEBUG org.apache.http.wire - http-outgoing-1 << "0[\r][\n]"
10:22:16.375 [Test worker] DEBUG org.apache.http.wire - http-outgoing-1 << "[\r][\n]"
10:22:16.375 [Test worker] DEBUG org.apache.http.impl.conn.PoolingHttpClientConnectionManager - Connection [id: 1][route: {}->http://localhost:8080] can be kept alive for 60.0 seconds
10:22:16.375 [Test worker] DEBUG org.apache.http.impl.conn.PoolingHttpClientConnectionManager - Connection released: [id: 1][route: {}->http://localhost:8080][total kept alive: 1; route allocated: 1 of 2; total allocated: 1 of 20]
10:22:16.534 [Test worker] DEBUG org.apache.http.client.protocol.RequestAddCookies - CookieSpec selected: default
10:22:16.535 [Test worker] DEBUG org.apache.http.client.protocol.RequestAuthCache - Auth cache not set in the context
10:22:16.535 [Test worker] DEBUG org.apache.http.impl.conn.PoolingHttpClientConnectionManager - Connection request: [route: {}->http://localhost:8080][total kept alive: 0; route allocated: 0 of 2; total allocated: 0 of 20]
10:22:16.535 [Test worker] DEBUG org.apache.http.impl.conn.PoolingHttpClientConnectionManager - Connection leased: [id: 2][route: {}->http://localhost:8080][total kept alive: 0; route allocated: 1 of 2; total allocated: 1 of 20]
10:22:16.535 [Test worker] DEBUG org.apache.http.impl.execchain.MainClientExec - Opening connection {}->http://localhost:8080
10:22:16.535 [Test worker] DEBUG org.apache.http.impl.conn.DefaultHttpClientConnectionOperator - Connecting to localhost/127.0.0.1:8080
10:22:16.535 [Test worker] DEBUG org.apache.http.impl.conn.DefaultHttpClientConnectionOperator - Connection established 127.0.0.1:34584<->127.0.0.1:8080
10:22:16.535 [Test worker] DEBUG org.apache.http.impl.execchain.MainClientExec - Executing request GET /api/reservation HTTP/1.1
10:22:16.536 [Test worker] DEBUG org.apache.http.impl.execchain.MainClientExec - Proxy auth state: UNCHALLENGED
10:22:16.536 [Test worker] DEBUG org.apache.http.headers - http-outgoing-2 >> GET /api/reservation HTTP/1.1
10:22:16.536 [Test worker] DEBUG org.apache.http.headers - http-outgoing-2 >> Authorization: Basic dXNlcjpteVBhc3N3b3Jk
10:22:16.536 [Test worker] DEBUG org.apache.http.headers - http-outgoing-2 >> Host: localhost:8080
10:22:16.536 [Test worker] DEBUG org.apache.http.headers - http-outgoing-2 >> Connection: Keep-Alive
10:22:16.537 [Test worker] DEBUG org.apache.http.headers - http-outgoing-2 >> User-Agent: Apache-HttpClient/4.5 (Java/17.0.9)
10:22:16.538 [Test worker] DEBUG org.apache.http.headers - http-outgoing-2 >> Accept-Encoding: gzip,deflate
10:22:16.538 [Test worker] DEBUG org.apache.http.wire - http-outgoing-2 >> "GET /api/reservation HTTP/1.1[\r][\n]"
10:22:16.539 [Test worker] DEBUG org.apache.http.wire - http-outgoing-2 >> "Authorization: Basic dXNlcjpteVBhc3N3b3Jk[\r][\n]"
10:22:16.539 [Test worker] DEBUG org.apache.http.wire - http-outgoing-2 >> "Host: localhost:8080[\r][\n]"
10:22:16.539 [Test worker] DEBUG org.apache.http.wire - http-outgoing-2 >> "Connection: Keep-Alive[\r][\n]"
10:22:16.539 [Test worker] DEBUG org.apache.http.wire - http-outgoing-2 >> "User-Agent: Apache-HttpClient/4.5 (Java/17.0.9)[\r][\n]"
10:22:16.540 [Test worker] DEBUG org.apache.http.wire - http-outgoing-2 >> "Accept-Encoding: gzip,deflate[\r][\n]"
10:22:16.540 [Test worker] DEBUG org.apache.http.wire - http-outgoing-2 >> "[\r][\n]"
10:22:16.660 [Test worker] DEBUG org.apache.http.wire - http-outgoing-2 << "HTTP/1.1 200 [\r][\n]"
10:22:16.660 [Test worker] DEBUG org.apache.http.wire - http-outgoing-2 << "Vary: Origin[\r][\n]"
10:22:16.660 [Test worker] DEBUG org.apache.http.wire - http-outgoing-2 << "Vary: Access-Control-Request-Method[\r][\n]"
10:22:16.660 [Test worker] DEBUG org.apache.http.wire - http-outgoing-2 << "Vary: Access-Control-Request-Headers[\r][\n]"
10:22:16.660 [Test worker] DEBUG org.apache.http.wire - http-outgoing-2 << "X-Content-Type-Options: nosniff[\r][\n]"
10:22:16.661 [Test worker] DEBUG org.apache.http.wire - http-outgoing-2 << "X-XSS-Protection: 0[\r][\n]"
10:22:16.661 [Test worker] DEBUG org.apache.http.wire - http-outgoing-2 << "Cache-Control: no-cache, no-store, max-age=0, must-revalidate[\r][\n]"
10:22:16.661 [Test worker] DEBUG org.apache.http.wire - http-outgoing-2 << "Pragma: no-cache[\r][\n]"
10:22:16.661 [Test worker] DEBUG org.apache.http.wire - http-outgoing-2 << "Expires: 0[\r][\n]"
10:22:16.661 [Test worker] DEBUG org.apache.http.wire - http-outgoing-2 << "Content-Type: application/json[\r][\n]"
10:22:16.661 [Test worker] DEBUG org.apache.http.wire - http-outgoing-2 << "Transfer-Encoding: chunked[\r][\n]"
10:22:16.663 [Test worker] DEBUG org.apache.http.wire - http-outgoing-2 << "Date: Tue, 09 Jan 2024 15:22:16 GMT[\r][\n]"
10:22:16.663 [Test worker] DEBUG org.apache.http.wire - http-outgoing-2 << "Keep-Alive: timeout=60[\r][\n]"
10:22:16.666 [Test worker] DEBUG org.apache.http.wire - http-outgoing-2 << "Connection: keep-alive[\r][\n]"
10:22:16.667 [Test worker] DEBUG org.apache.http.wire - http-outgoing-2 << "[\r][\n]"
10:22:16.668 [Test worker] DEBUG org.apache.http.wire - http-outgoing-2 << "a5[\r][\n]"
10:22:16.669 [Test worker] DEBUG org.apache.http.wire - http-outgoing-2 << "[{"reservationId":-3,"reservationUser":"TEST RESERVATION","reservationDate":null,"reservationStartTime":null,"reservationEndTime":null,"reservationAvailable":false}][\r][\n]"
10:22:16.670 [Test worker] DEBUG org.apache.http.headers - http-outgoing-2 << HTTP/1.1 200 
10:22:16.671 [Test worker] DEBUG org.apache.http.headers - http-outgoing-2 << Vary: Origin
10:22:16.671 [Test worker] DEBUG org.apache.http.headers - http-outgoing-2 << Vary: Access-Control-Request-Method
10:22:16.672 [Test worker] DEBUG org.apache.http.headers - http-outgoing-2 << Vary: Access-Control-Request-Headers
10:22:16.672 [Test worker] DEBUG org.apache.http.headers - http-outgoing-2 << X-Content-Type-Options: nosniff
10:22:16.673 [Test worker] DEBUG org.apache.http.headers - http-outgoing-2 << X-XSS-Protection: 0
10:22:16.673 [Test worker] DEBUG org.apache.http.headers - http-outgoing-2 << Cache-Control: no-cache, no-store, max-age=0, must-revalidate
10:22:16.673 [Test worker] DEBUG org.apache.http.headers - http-outgoing-2 << Pragma: no-cache
10:22:16.674 [Test worker] DEBUG org.apache.http.headers - http-outgoing-2 << Expires: 0
10:22:16.674 [Test worker] DEBUG org.apache.http.headers - http-outgoing-2 << Content-Type: application/json
10:22:16.674 [Test worker] DEBUG org.apache.http.headers - http-outgoing-2 << Transfer-Encoding: chunked
10:22:16.674 [Test worker] DEBUG org.apache.http.headers - http-outgoing-2 << Date: Tue, 09 Jan 2024 15:22:16 GMT
10:22:16.675 [Test worker] DEBUG org.apache.http.headers - http-outgoing-2 << Keep-Alive: timeout=60
10:22:16.675 [Test worker] DEBUG org.apache.http.headers - http-outgoing-2 << Connection: keep-alive
10:22:16.677 [Test worker] DEBUG org.apache.http.impl.execchain.MainClientExec - Connection can be kept alive for 60000 MILLISECONDS
10:22:16.692 [Test worker] DEBUG org.apache.http.client.protocol.RequestAddCookies - CookieSpec selected: default
10:22:16.692 [Test worker] DEBUG org.apache.http.client.protocol.RequestAuthCache - Auth cache not set in the context
10:22:16.701 [Test worker] DEBUG org.apache.http.impl.conn.PoolingHttpClientConnectionManager - Connection request: [route: {}->http://localhost:8080][total kept alive: 0; route allocated: 0 of 2; total allocated: 0 of 20]
10:22:16.702 [Test worker] DEBUG org.apache.http.impl.conn.PoolingHttpClientConnectionManager - Connection leased: [id: 3][route: {}->http://localhost:8080][total kept alive: 0; route allocated: 1 of 2; total allocated: 1 of 20]
10:22:16.702 [Test worker] DEBUG org.apache.http.impl.execchain.MainClientExec - Opening connection {}->http://localhost:8080
10:22:16.706 [Test worker] DEBUG org.apache.http.impl.conn.DefaultHttpClientConnectionOperator - Connecting to localhost/127.0.0.1:8080
10:22:16.706 [Test worker] DEBUG org.apache.http.impl.conn.DefaultHttpClientConnectionOperator - Connection established 127.0.0.1:34596<->127.0.0.1:8080
10:22:16.706 [Test worker] DEBUG org.apache.http.impl.execchain.MainClientExec - Executing request GET /api/reservation/-500 HTTP/1.1
10:22:16.706 [Test worker] DEBUG org.apache.http.impl.execchain.MainClientExec - Target auth state: UNCHALLENGED
10:22:16.706 [Test worker] DEBUG org.apache.http.impl.execchain.MainClientExec - Proxy auth state: UNCHALLENGED
10:22:16.707 [Test worker] DEBUG org.apache.http.headers - http-outgoing-3 >> GET /api/reservation/-500 HTTP/1.1
10:22:16.707 [Test worker] DEBUG org.apache.http.headers - http-outgoing-3 >> Host: localhost:8080
10:22:16.707 [Test worker] DEBUG org.apache.http.headers - http-outgoing-3 >> Connection: Keep-Alive
10:22:16.708 [Test worker] DEBUG org.apache.http.headers - http-outgoing-3 >> User-Agent: Apache-HttpClient/4.5 (Java/17.0.9)
10:22:16.708 [Test worker] DEBUG org.apache.http.headers - http-outgoing-3 >> Accept-Encoding: gzip,deflate
10:22:16.708 [Test worker] DEBUG org.apache.http.wire - http-outgoing-3 >> "GET /api/reservation/-500 HTTP/1.1[\r][\n]"
10:22:16.708 [Test worker] DEBUG org.apache.http.wire - http-outgoing-3 >> "Host: localhost:8080[\r][\n]"
10:22:16.708 [Test worker] DEBUG org.apache.http.wire - http-outgoing-3 >> "Connection: Keep-Alive[\r][\n]"
10:22:16.708 [Test worker] DEBUG org.apache.http.wire - http-outgoing-3 >> "User-Agent: Apache-HttpClient/4.5 (Java/17.0.9)[\r][\n]"
10:22:16.708 [Test worker] DEBUG org.apache.http.wire - http-outgoing-3 >> "Accept-Encoding: gzip,deflate[\r][\n]"
10:22:16.709 [Test worker] DEBUG org.apache.http.wire - http-outgoing-3 >> "[\r][\n]"
10:22:16.737 [Test worker] DEBUG org.apache.http.wire - http-outgoing-3 << "HTTP/1.1 401 [\r][\n]"
10:22:16.737 [Test worker] DEBUG org.apache.http.wire - http-outgoing-3 << "Set-Cookie: JSESSIONID=10114C40DE50EFCC71D0842CB7E967F2; Path=/; HttpOnly[\r][\n]"
10:22:16.738 [Test worker] DEBUG org.apache.http.wire - http-outgoing-3 << "WWW-Authenticate: Basic realm="Realm"[\r][\n]"
10:22:16.738 [Test worker] DEBUG org.apache.http.wire - http-outgoing-3 << "X-Content-Type-Options: nosniff[\r][\n]"
10:22:16.738 [Test worker] DEBUG org.apache.http.wire - http-outgoing-3 << "X-XSS-Protection: 0[\r][\n]"
10:22:16.738 [Test worker] DEBUG org.apache.http.wire - http-outgoing-3 << "Cache-Control: no-cache, no-store, max-age=0, must-revalidate[\r][\n]"
10:22:16.738 [Test worker] DEBUG org.apache.http.wire - http-outgoing-3 << "Pragma: no-cache[\r][\n]"
10:22:16.739 [Test worker] DEBUG org.apache.http.wire - http-outgoing-3 << "Expires: 0[\r][\n]"
10:22:16.739 [Test worker] DEBUG org.apache.http.wire - http-outgoing-3 << "Content-Length: 0[\r][\n]"
10:22:16.740 [Test worker] DEBUG org.apache.http.wire - http-outgoing-3 << "Date: Tue, 09 Jan 2024 15:22:16 GMT[\r][\n]"
10:22:16.740 [Test worker] DEBUG org.apache.http.wire - http-outgoing-3 << "Keep-Alive: timeout=60[\r][\n]"
10:22:16.741 [Test worker] DEBUG org.apache.http.wire - http-outgoing-3 << "Connection: keep-alive[\r][\n]"
10:22:16.741 [Test worker] DEBUG org.apache.http.wire - http-outgoing-3 << "[\r][\n]"
10:22:16.741 [Test worker] DEBUG org.apache.http.headers - http-outgoing-3 << HTTP/1.1 401 
10:22:16.742 [Test worker] DEBUG org.apache.http.headers - http-outgoing-3 << Set-Cookie: JSESSIONID=10114C40DE50EFCC71D0842CB7E967F2; Path=/; HttpOnly
10:22:16.742 [Test worker] DEBUG org.apache.http.headers - http-outgoing-3 << WWW-Authenticate: Basic realm="Realm"
10:22:16.742 [Test worker] DEBUG org.apache.http.headers - http-outgoing-3 << X-Content-Type-Options: nosniff
10:22:16.742 [Test worker] DEBUG org.apache.http.headers - http-outgoing-3 << X-XSS-Protection: 0
10:22:16.742 [Test worker] DEBUG org.apache.http.headers - http-outgoing-3 << Cache-Control: no-cache, no-store, max-age=0, must-revalidate
10:22:16.742 [Test worker] DEBUG org.apache.http.headers - http-outgoing-3 << Pragma: no-cache
10:22:16.742 [Test worker] DEBUG org.apache.http.headers - http-outgoing-3 << Expires: 0
10:22:16.742 [Test worker] DEBUG org.apache.http.headers - http-outgoing-3 << Content-Length: 0
10:22:16.742 [Test worker] DEBUG org.apache.http.headers - http-outgoing-3 << Date: Tue, 09 Jan 2024 15:22:16 GMT
10:22:16.743 [Test worker] DEBUG org.apache.http.headers - http-outgoing-3 << Keep-Alive: timeout=60
10:22:16.743 [Test worker] DEBUG org.apache.http.headers - http-outgoing-3 << Connection: keep-alive
10:22:16.743 [Test worker] DEBUG org.apache.http.impl.execchain.MainClientExec - Connection can be kept alive for 60000 MILLISECONDS
10:22:16.743 [Test worker] DEBUG org.apache.http.impl.auth.HttpAuthenticator - Authentication required
10:22:16.744 [Test worker] DEBUG org.apache.http.impl.auth.HttpAuthenticator - localhost:8080 requested authentication
10:22:16.744 [Test worker] DEBUG org.apache.http.impl.client.TargetAuthenticationStrategy - Authentication schemes in the order of preference: [Negotiate, Kerberos, NTLM, Digest, Basic]
10:22:16.744 [Test worker] DEBUG org.apache.http.impl.client.TargetAuthenticationStrategy - Challenge for Negotiate authentication scheme not available
10:22:16.744 [Test worker] DEBUG org.apache.http.impl.client.TargetAuthenticationStrategy - Challenge for Kerberos authentication scheme not available
10:22:16.745 [Test worker] DEBUG org.apache.http.impl.client.TargetAuthenticationStrategy - Challenge for NTLM authentication scheme not available
10:22:16.745 [Test worker] DEBUG org.apache.http.impl.client.TargetAuthenticationStrategy - Challenge for Digest authentication scheme not available
10:22:16.756 [Test worker] DEBUG org.apache.http.impl.conn.PoolingHttpClientConnectionManager - Connection [id: 3][route: {}->http://localhost:8080] can be kept alive for 60.0 seconds
10:22:16.756 [Test worker] DEBUG org.apache.http.impl.conn.PoolingHttpClientConnectionManager - Connection released: [id: 3][route: {}->http://localhost:8080][total kept alive: 1; route allocated: 1 of 2; total allocated: 1 of 20]
10:22:16.763 [Test worker] DEBUG org.apache.http.client.protocol.ResponseProcessCookies - Cookie accepted [JSESSIONID="10114C40DE50EFCC71D0842CB7E967F2", version:0, domain:localhost, path:/, expiry:null]
]]></system-out>
  <system-err><![CDATA[]]></system-err>
</testsuite>
