<?xml version="1.0" encoding="UTF-8"?>
<testsuite name="com.laundry.laundryMgmt.SensorTest.SensorDaoTest" tests="1" skipped="0" failures="0" errors="0" timestamp="2024-01-09T17:17:42" hostname="kali" time="0.043">
  <properties/>
  <testcase name="shouldFindAnySensorbyId()" classname="com.laundry.laundryMgmt.SensorTest.SensorDaoTest" time="0.043"/>
  <system-out><![CDATA[12:17:42.248 [Test worker] TRACE org.springframework.test.context.BootstrapUtils - Instantiating CacheAwareContextLoaderDelegate from class [org.springframework.test.context.cache.DefaultCacheAwareContextLoaderDelegate]
12:17:42.248 [Test worker] TRACE org.springframework.core.io.support.SpringFactoriesLoader - Loaded [org.springframework.test.context.ApplicationContextFailureProcessor] names: [org.springframework.boot.test.autoconfigure.ConditionReportApplicationContextFailureProcessor]
12:17:42.249 [Test worker] TRACE org.springframework.test.context.util.TestContextSpringFactoriesUtils - Loaded ApplicationContextFailureProcessor implementations from location [META-INF/spring.factories]: [org.springframework.boot.test.autoconfigure.ConditionReportApplicationContextFailureProcessor]
12:17:42.249 [Test worker] TRACE org.springframework.test.context.BootstrapUtils - Instantiating BootstrapContext using constructor [public org.springframework.test.context.support.DefaultBootstrapContext(java.lang.Class,org.springframework.test.context.CacheAwareContextLoaderDelegate)]
12:17:42.250 [Test worker] TRACE org.springframework.test.context.BootstrapUtils - Instantiating TestContextBootstrapper for test class [com.laundry.laundryMgmt.SensorTest.SensorDaoTest] from class [org.springframework.boot.test.autoconfigure.orm.jpa.DataJpaTestContextBootstrapper]
12:17:42.250 [Test worker] TRACE org.springframework.boot.test.autoconfigure.orm.jpa.DataJpaTestContextBootstrapper - Resolving ContextLoader for context configuration attributes [ContextConfigurationAttributes@420dee82 declaringClass = com.laundry.laundryMgmt.SensorTest.SensorDaoTest, classes = [], locations = [], inheritLocations = false, initializers = [], inheritInitializers = true, name = null, contextLoaderClass = org.springframework.test.context.ContextLoader]
12:17:42.251 [Test worker] TRACE org.springframework.boot.test.autoconfigure.orm.jpa.DataJpaTestContextBootstrapper - Using ContextLoader class [org.springframework.boot.test.context.SpringBootContextLoader] for test class [com.laundry.laundryMgmt.SensorTest.SensorDaoTest]
12:17:42.251 [Test worker] TRACE org.springframework.boot.test.autoconfigure.orm.jpa.DataJpaTestContextBootstrapper - Neither @ContextConfiguration nor @ContextHierarchy found for test class [com.laundry.laundryMgmt.SensorTest.SensorDaoTest]: using org.springframework.boot.test.context.SpringBootContextLoader
12:17:42.251 [Test worker] TRACE org.springframework.boot.test.autoconfigure.orm.jpa.DataJpaTestContextBootstrapper - Resolving ContextLoader for context configuration attributes [ContextConfigurationAttributes@420dee82 declaringClass = com.laundry.laundryMgmt.SensorTest.SensorDaoTest, classes = [], locations = [], inheritLocations = false, initializers = [], inheritInitializers = true, name = null, contextLoaderClass = org.springframework.test.context.ContextLoader]
12:17:42.251 [Test worker] TRACE org.springframework.boot.test.autoconfigure.orm.jpa.DataJpaTestContextBootstrapper - Using ContextLoader class [org.springframework.boot.test.context.SpringBootContextLoader] for test class [com.laundry.laundryMgmt.SensorTest.SensorDaoTest]
12:17:42.251 [Test worker] TRACE org.springframework.boot.test.autoconfigure.orm.jpa.DataJpaTestContextBootstrapper - Processing locations and classes for context configuration attributes [ContextConfigurationAttributes@420dee82 declaringClass = com.laundry.laundryMgmt.SensorTest.SensorDaoTest, classes = [], locations = [], inheritLocations = false, initializers = [], inheritInitializers = true, name = null, contextLoaderClass = org.springframework.test.context.ContextLoader]
12:17:42.251 [Test worker] TRACE org.springframework.test.context.support.AbstractContextLoader - Did not detect default resource location for test class [com.laundry.laundryMgmt.SensorTest.SensorDaoTest]: class path resource [com/laundry/laundryMgmt/SensorTest/SensorDaoTest-context.xml] does not exist
12:17:42.251 [Test worker] TRACE org.springframework.test.context.support.AbstractContextLoader - Did not detect default resource location for test class [com.laundry.laundryMgmt.SensorTest.SensorDaoTest]: class path resource [com/laundry/laundryMgmt/SensorTest/SensorDaoTestContext.groovy] does not exist
12:17:42.252 [Test worker] DEBUG org.springframework.test.context.support.AbstractContextLoader - Could not detect default resource locations for test class [com.laundry.laundryMgmt.SensorTest.SensorDaoTest]: no resource found for suffixes {-context.xml, Context.groovy}.
12:17:42.252 [Test worker] INFO  org.springframework.test.context.support.AnnotationConfigContextLoaderUtils - Could not detect default configuration classes for test class [com.laundry.laundryMgmt.SensorTest.SensorDaoTest]: SensorDaoTest does not declare any static, non-private, non-final, nested classes annotated with @Configuration.
12:17:42.252 [Test worker] TRACE org.springframework.core.io.support.SpringFactoriesLoader - Loaded [org.springframework.test.context.ContextCustomizerFactory] names: [org.springframework.boot.test.autoconfigure.OverrideAutoConfigurationContextCustomizerFactory, org.springframework.boot.test.autoconfigure.actuate.observability.ObservabilityContextCustomizerFactory, org.springframework.boot.test.autoconfigure.filter.TypeExcludeFiltersContextCustomizerFactory, org.springframework.boot.test.autoconfigure.properties.PropertyMappingContextCustomizerFactory, org.springframework.boot.test.autoconfigure.web.servlet.WebDriverContextCustomizerFactory, org.springframework.boot.test.context.ImportsContextCustomizerFactory, org.springframework.boot.test.context.filter.ExcludeFilterContextCustomizerFactory, org.springframework.boot.test.graphql.tester.HttpGraphQlTesterContextCustomizerFactory, org.springframework.boot.test.json.DuplicateJsonObjectContextCustomizerFactory, org.springframework.boot.test.mock.mockito.MockitoContextCustomizerFactory, org.springframework.boot.test.web.client.TestRestTemplateContextCustomizerFactory, org.springframework.boot.test.web.reactive.server.WebTestClientContextCustomizerFactory, org.springframework.test.context.web.socket.MockServerContainerContextCustomizerFactory, org.springframework.test.context.support.DynamicPropertiesContextCustomizerFactory]
12:17:42.252 [Test worker] TRACE org.springframework.test.context.util.TestContextSpringFactoriesUtils - Loaded ContextCustomizerFactory implementations from location [META-INF/spring.factories]: [org.springframework.boot.test.autoconfigure.OverrideAutoConfigurationContextCustomizerFactory, org.springframework.boot.test.autoconfigure.actuate.observability.ObservabilityContextCustomizerFactory, org.springframework.boot.test.autoconfigure.filter.TypeExcludeFiltersContextCustomizerFactory, org.springframework.boot.test.autoconfigure.properties.PropertyMappingContextCustomizerFactory, org.springframework.boot.test.autoconfigure.web.servlet.WebDriverContextCustomizerFactory, org.springframework.boot.test.context.ImportsContextCustomizerFactory, org.springframework.boot.test.context.filter.ExcludeFilterContextCustomizerFactory, org.springframework.boot.test.graphql.tester.HttpGraphQlTesterContextCustomizerFactory, org.springframework.boot.test.json.DuplicateJsonObjectContextCustomizerFactory, org.springframework.boot.test.mock.mockito.MockitoContextCustomizerFactory, org.springframework.boot.test.web.client.TestRestTemplateContextCustomizerFactory, org.springframework.boot.test.web.reactive.server.WebTestClientContextCustomizerFactory, org.springframework.test.context.web.socket.MockServerContainerContextCustomizerFactory, org.springframework.test.context.support.DynamicPropertiesContextCustomizerFactory]
12:17:42.259 [Test worker] TRACE org.springframework.boot.test.autoconfigure.orm.jpa.DataJpaTestContextBootstrapper - Using ContextCustomizers for test class [com.laundry.laundryMgmt.SensorTest.SensorDaoTest]: [org.springframework.boot.test.autoconfigure.OverrideAutoConfigurationContextCustomizerFactory$DisableAutoConfigurationContextCustomizer@2ae92511, org.springframework.boot.test.autoconfigure.actuate.observability.ObservabilityContextCustomizerFactory$DisableObservabilityContextCustomizer@1f, org.springframework.boot.test.autoconfigure.filter.TypeExcludeFiltersContextCustomizer@351584c0, org.springframework.boot.test.autoconfigure.properties.PropertyMappingContextCustomizer@a13c477e, org.springframework.boot.test.autoconfigure.web.servlet.WebDriverContextCustomizer@79b663b3, [ImportsContextCustomizer@455082d2 key = [org.springframework.boot.autoconfigure.transaction.TransactionAutoConfiguration, org.springframework.boot.autoconfigure.data.jpa.JpaRepositoriesAutoConfiguration, org.springframework.boot.autoconfigure.jdbc.DataSourceAutoConfiguration, org.springframework.boot.test.autoconfigure.orm.jpa.TestEntityManagerAutoConfiguration, org.springframework.boot.autoconfigure.cache.CacheAutoConfiguration, org.springframework.boot.autoconfigure.orm.jpa.HibernateJpaAutoConfiguration, org.springframework.boot.autoconfigure.sql.init.SqlInitializationAutoConfiguration, org.springframework.boot.autoconfigure.jdbc.JdbcTemplateAutoConfiguration, org.springframework.boot.test.autoconfigure.jdbc.TestDatabaseAutoConfiguration, org.springframework.boot.autoconfigure.flyway.FlywayAutoConfiguration, org.springframework.boot.autoconfigure.jdbc.DataSourceTransactionManagerAutoConfiguration, org.springframework.boot.autoconfigure.liquibase.LiquibaseAutoConfiguration]], org.springframework.boot.test.context.filter.ExcludeFilterContextCustomizer@7882c44a, org.springframework.boot.test.json.DuplicateJsonObjectContextCustomizerFactory$DuplicateJsonObjectContextCustomizer@78dc4696, org.springframework.boot.test.mock.mockito.MockitoContextCustomizer@0]
12:17:42.260 [Test worker] TRACE org.springframework.test.context.support.ApplicationContextInitializerUtils - Processing context initializers for configuration attributes [ContextConfigurationAttributes@420dee82 declaringClass = com.laundry.laundryMgmt.SensorTest.SensorDaoTest, classes = [], locations = [], inheritLocations = false, initializers = [], inheritInitializers = true, name = null, contextLoaderClass = org.springframework.test.context.ContextLoader]
12:17:42.260 [Test worker] TRACE org.springframework.test.context.support.ActiveProfilesUtils - Could not find an 'annotation declaring class' for annotation type [org.springframework.test.context.ActiveProfiles] and class [com.laundry.laundryMgmt.SensorTest.SensorDaoTest]
12:17:42.261 [Test worker] TRACE org.springframework.core.io.support.PathMatchingResourcePatternResolver - Resolved module-path location pattern [com/laundry/laundryMgmt/SensorTest/*.class] to resources []
12:17:42.261 [Test worker] TRACE org.springframework.core.io.support.PathMatchingResourcePatternResolver - Resolved module-path location pattern [com/laundry/laundryMgmt/SensorTest/] to resources []
12:17:42.262 [Test worker] TRACE org.springframework.core.io.support.PathMatchingResourcePatternResolver - Resolved classpath location [com/laundry/laundryMgmt/SensorTest/] to resources [file [/home/kali/Toolbox3/Projet/TestBackend/build/classes/java/test/com/laundry/laundryMgmt/SensorTest]]
12:17:42.264 [Test worker] TRACE org.springframework.core.io.support.PathMatchingResourcePatternResolver - Searching directory [/home/kali/Toolbox3/Projet/TestBackend/build/classes/java/test/com/laundry/laundryMgmt/SensorTest] for files matching pattern [*.class]
12:17:42.266 [Test worker] TRACE org.springframework.core.io.support.PathMatchingResourcePatternResolver - Resolved location pattern [classpath*:com/laundry/laundryMgmt/SensorTest/*.class] to resources [file [/home/kali/Toolbox3/Projet/TestBackend/build/classes/java/test/com/laundry/laundryMgmt/SensorTest/SensorDaoTest.class], file [/home/kali/Toolbox3/Projet/TestBackend/build/classes/java/test/com/laundry/laundryMgmt/SensorTest/SensorIntegration.class]]
12:17:42.266 [Test worker] TRACE org.springframework.context.annotation.ClassPathScanningCandidateComponentProvider - Scanning file [/home/kali/Toolbox3/Projet/TestBackend/build/classes/java/test/com/laundry/laundryMgmt/SensorTest/SensorDaoTest.class]
12:17:42.267 [Test worker] TRACE org.springframework.context.annotation.ClassPathScanningCandidateComponentProvider - Ignored because not matching any filter: file [/home/kali/Toolbox3/Projet/TestBackend/build/classes/java/test/com/laundry/laundryMgmt/SensorTest/SensorDaoTest.class]
12:17:42.267 [Test worker] TRACE org.springframework.context.annotation.ClassPathScanningCandidateComponentProvider - Scanning file [/home/kali/Toolbox3/Projet/TestBackend/build/classes/java/test/com/laundry/laundryMgmt/SensorTest/SensorIntegration.class]
12:17:42.267 [Test worker] TRACE org.springframework.context.annotation.ClassPathScanningCandidateComponentProvider - Ignored because not matching any filter: file [/home/kali/Toolbox3/Projet/TestBackend/build/classes/java/test/com/laundry/laundryMgmt/SensorTest/SensorIntegration.class]
12:17:42.268 [Test worker] TRACE org.springframework.core.io.support.PathMatchingResourcePatternResolver - Resolved module-path location pattern [com/laundry/laundryMgmt/*.class] to resources []
12:17:42.268 [Test worker] TRACE org.springframework.core.io.support.PathMatchingResourcePatternResolver - Resolved module-path location pattern [com/laundry/laundryMgmt/] to resources []
12:17:42.268 [Test worker] TRACE org.springframework.core.io.support.PathMatchingResourcePatternResolver - Resolved classpath location [com/laundry/laundryMgmt/] to resources [file [/home/kali/Toolbox3/Projet/TestBackend/build/classes/java/test/com/laundry/laundryMgmt], file [/home/kali/Toolbox3/Projet/TestBackend/build/classes/java/main/com/laundry/laundryMgmt]]
12:17:42.268 [Test worker] TRACE org.springframework.core.io.support.PathMatchingResourcePatternResolver - Searching directory [/home/kali/Toolbox3/Projet/TestBackend/build/classes/java/test/com/laundry/laundryMgmt] for files matching pattern [*.class]
12:17:42.269 [Test worker] TRACE org.springframework.core.io.support.PathMatchingResourcePatternResolver - Searching directory [/home/kali/Toolbox3/Projet/TestBackend/build/classes/java/main/com/laundry/laundryMgmt] for files matching pattern [*.class]
12:17:42.271 [Test worker] TRACE org.springframework.core.io.support.PathMatchingResourcePatternResolver - Resolved location pattern [classpath*:com/laundry/laundryMgmt/*.class] to resources [file [/home/kali/Toolbox3/Projet/TestBackend/build/classes/java/test/com/laundry/laundryMgmt/LaundryMgmtApplicationTests.class], file [/home/kali/Toolbox3/Projet/TestBackend/build/classes/java/main/com/laundry/laundryMgmt/LaundryMgmtApplication.class], file [/home/kali/Toolbox3/Projet/TestBackend/build/classes/java/main/com/laundry/laundryMgmt/LaundryMgmtApplicationConfig.class]]
12:17:42.271 [Test worker] TRACE org.springframework.context.annotation.ClassPathScanningCandidateComponentProvider - Scanning file [/home/kali/Toolbox3/Projet/TestBackend/build/classes/java/test/com/laundry/laundryMgmt/LaundryMgmtApplicationTests.class]
12:17:42.271 [Test worker] TRACE org.springframework.context.annotation.ClassPathScanningCandidateComponentProvider - Ignored because not matching any filter: file [/home/kali/Toolbox3/Projet/TestBackend/build/classes/java/test/com/laundry/laundryMgmt/LaundryMgmtApplicationTests.class]
12:17:42.271 [Test worker] TRACE org.springframework.context.annotation.ClassPathScanningCandidateComponentProvider - Scanning file [/home/kali/Toolbox3/Projet/TestBackend/build/classes/java/main/com/laundry/laundryMgmt/LaundryMgmtApplication.class]
12:17:42.271 [Test worker] DEBUG org.springframework.context.annotation.ClassPathScanningCandidateComponentProvider - Identified candidate component class: file [/home/kali/Toolbox3/Projet/TestBackend/build/classes/java/main/com/laundry/laundryMgmt/LaundryMgmtApplication.class]
12:17:42.272 [Test worker] TRACE org.springframework.context.annotation.ClassPathScanningCandidateComponentProvider - Scanning file [/home/kali/Toolbox3/Projet/TestBackend/build/classes/java/main/com/laundry/laundryMgmt/LaundryMgmtApplicationConfig.class]
12:17:42.272 [Test worker] TRACE org.springframework.context.annotation.ClassPathScanningCandidateComponentProvider - Ignored because not matching any filter: file [/home/kali/Toolbox3/Projet/TestBackend/build/classes/java/main/com/laundry/laundryMgmt/LaundryMgmtApplicationConfig.class]
12:17:42.272 [Test worker] INFO  org.springframework.boot.test.context.SpringBootTestContextBootstrapper - Found @SpringBootConfiguration com.laundry.laundryMgmt.LaundryMgmtApplication for test class com.laundry.laundryMgmt.SensorTest.SensorDaoTest
12:17:42.272 [Test worker] TRACE org.springframework.boot.test.autoconfigure.orm.jpa.DataJpaTestContextBootstrapper - @TestExecutionListeners is not present for class [com.laundry.laundryMgmt.SensorTest.SensorDaoTest]: using defaults.
12:17:42.273 [Test worker] TRACE org.springframework.core.io.support.SpringFactoriesLoader - Loaded [org.springframework.test.context.TestExecutionListener] names: [org.springframework.security.test.context.support.WithSecurityContextTestExecutionListener, org.springframework.security.test.context.support.ReactorContextTestExecutionListener, org.springframework.boot.test.autoconfigure.restdocs.RestDocsTestExecutionListener, org.springframework.boot.test.autoconfigure.web.client.MockRestServiceServerResetTestExecutionListener, org.springframework.boot.test.autoconfigure.web.servlet.MockMvcPrintOnlyOnFailureTestExecutionListener, org.springframework.boot.test.autoconfigure.web.servlet.WebDriverTestExecutionListener, org.springframework.boot.test.autoconfigure.webservices.client.MockWebServiceServerTestExecutionListener, org.springframework.boot.test.mock.mockito.MockitoTestExecutionListener, org.springframework.boot.test.mock.mockito.ResetMocksTestExecutionListener, org.springframework.test.context.web.ServletTestExecutionListener, org.springframework.test.context.support.DirtiesContextBeforeModesTestExecutionListener, org.springframework.test.context.event.ApplicationEventsTestExecutionListener, org.springframework.test.context.support.DependencyInjectionTestExecutionListener, org.springframework.test.context.observation.MicrometerObservationRegistryTestExecutionListener, org.springframework.test.context.support.DirtiesContextTestExecutionListener, org.springframework.test.context.transaction.TransactionalTestExecutionListener, org.springframework.test.context.jdbc.SqlScriptsTestExecutionListener, org.springframework.test.context.event.EventPublishingTestExecutionListener]
12:17:42.273 [Test worker] DEBUG org.springframework.test.context.util.TestContextSpringFactoriesUtils - Skipping candidate TestExecutionListener [org.springframework.test.context.observation.MicrometerObservationRegistryTestExecutionListener] due to a missing dependency. Specify custom TestExecutionListener classes or make the default TestExecutionListener classes and their required dependencies available. Offending class: io.micrometer.context.ThreadLocalAccessor. MicrometerObservationRegistryTestExecutionListener requires io.micrometer:micrometer-observation:1.10.8 or higher and io.micrometer:context-propagation:1.0.3 or higher.
12:17:42.274 [Test worker] TRACE org.springframework.test.context.util.TestContextSpringFactoriesUtils - Loaded TestExecutionListener implementations from location [META-INF/spring.factories]: [org.springframework.test.context.web.ServletTestExecutionListener, org.springframework.test.context.support.DirtiesContextBeforeModesTestExecutionListener, org.springframework.test.context.event.ApplicationEventsTestExecutionListener, org.springframework.boot.test.mock.mockito.MockitoTestExecutionListener, org.springframework.test.context.support.DependencyInjectionTestExecutionListener, org.springframework.test.context.support.DirtiesContextTestExecutionListener, org.springframework.test.context.transaction.TransactionalTestExecutionListener, org.springframework.test.context.jdbc.SqlScriptsTestExecutionListener, org.springframework.security.test.context.support.WithSecurityContextTestExecutionListener, org.springframework.test.context.event.EventPublishingTestExecutionListener, org.springframework.security.test.context.support.ReactorContextTestExecutionListener, org.springframework.boot.test.autoconfigure.restdocs.RestDocsTestExecutionListener, org.springframework.boot.test.autoconfigure.web.client.MockRestServiceServerResetTestExecutionListener, org.springframework.boot.test.autoconfigure.web.servlet.MockMvcPrintOnlyOnFailureTestExecutionListener, org.springframework.boot.test.autoconfigure.web.servlet.WebDriverTestExecutionListener, org.springframework.boot.test.autoconfigure.webservices.client.MockWebServiceServerTestExecutionListener, org.springframework.boot.test.mock.mockito.ResetMocksTestExecutionListener]
12:17:42.274 [Test worker] TRACE org.springframework.core.io.support.SpringFactoriesLoader - Loaded [org.springframework.boot.test.context.DefaultTestExecutionListenersPostProcessor] names: []
12:17:42.274 [Test worker] TRACE org.springframework.boot.test.autoconfigure.orm.jpa.DataJpaTestContextBootstrapper - Using TestExecutionListeners for test class [com.laundry.laundryMgmt.SensorTest.SensorDaoTest]: [org.springframework.test.context.web.ServletTestExecutionListener@4e387da1, org.springframework.test.context.support.DirtiesContextBeforeModesTestExecutionListener@55145dc5, org.springframework.test.context.event.ApplicationEventsTestExecutionListener@7dcfe455, org.springframework.boot.test.mock.mockito.MockitoTestExecutionListener@2e6066e1, org.springframework.test.context.support.DependencyInjectionTestExecutionListener@2338c3f9, org.springframework.test.context.support.DirtiesContextTestExecutionListener@5435582e, org.springframework.test.context.transaction.TransactionalTestExecutionListener@56daf3b1, org.springframework.test.context.jdbc.SqlScriptsTestExecutionListener@7ba0c0e5, org.springframework.security.test.context.support.WithSecurityContextTestExecutionListener@1ee2e363, org.springframework.test.context.event.EventPublishingTestExecutionListener@60e83cb9, org.springframework.security.test.context.support.ReactorContextTestExecutionListener@612e1c6e, org.springframework.boot.test.autoconfigure.restdocs.RestDocsTestExecutionListener@1cf45f46, org.springframework.boot.test.autoconfigure.web.client.MockRestServiceServerResetTestExecutionListener@15045e40, org.springframework.boot.test.autoconfigure.web.servlet.MockMvcPrintOnlyOnFailureTestExecutionListener@34a8a5ad, org.springframework.boot.test.autoconfigure.web.servlet.WebDriverTestExecutionListener@2574123a, org.springframework.boot.test.autoconfigure.webservices.client.MockWebServiceServerTestExecutionListener@1bc467bd, org.springframework.boot.test.mock.mockito.ResetMocksTestExecutionListener@2c05ccdb]
12:17:42.274 [Test worker] TRACE org.springframework.test.context.TestContextManager - Registering TestExecutionListener: org.springframework.test.context.web.ServletTestExecutionListener
12:17:42.274 [Test worker] TRACE org.springframework.test.context.TestContextManager - Registering TestExecutionListener: org.springframework.test.context.support.DirtiesContextBeforeModesTestExecutionListener
12:17:42.274 [Test worker] TRACE org.springframework.test.context.TestContextManager - Registering TestExecutionListener: org.springframework.test.context.event.ApplicationEventsTestExecutionListener
12:17:42.274 [Test worker] TRACE org.springframework.test.context.TestContextManager - Registering TestExecutionListener: org.springframework.boot.test.mock.mockito.MockitoTestExecutionListener
12:17:42.275 [Test worker] TRACE org.springframework.test.context.TestContextManager - Registering TestExecutionListener: org.springframework.test.context.support.DependencyInjectionTestExecutionListener
12:17:42.275 [Test worker] TRACE org.springframework.test.context.TestContextManager - Registering TestExecutionListener: org.springframework.test.context.support.DirtiesContextTestExecutionListener
12:17:42.275 [Test worker] TRACE org.springframework.test.context.TestContextManager - Registering TestExecutionListener: org.springframework.test.context.transaction.TransactionalTestExecutionListener
12:17:42.275 [Test worker] TRACE org.springframework.test.context.TestContextManager - Registering TestExecutionListener: org.springframework.test.context.jdbc.SqlScriptsTestExecutionListener
12:17:42.275 [Test worker] TRACE org.springframework.test.context.TestContextManager - Registering TestExecutionListener: org.springframework.security.test.context.support.WithSecurityContextTestExecutionListener
12:17:42.275 [Test worker] TRACE org.springframework.test.context.TestContextManager - Registering TestExecutionListener: org.springframework.test.context.event.EventPublishingTestExecutionListener
12:17:42.275 [Test worker] TRACE org.springframework.test.context.TestContextManager - Registering TestExecutionListener: org.springframework.security.test.context.support.ReactorContextTestExecutionListener
12:17:42.275 [Test worker] TRACE org.springframework.test.context.TestContextManager - Registering TestExecutionListener: org.springframework.boot.test.autoconfigure.restdocs.RestDocsTestExecutionListener
12:17:42.275 [Test worker] TRACE org.springframework.test.context.TestContextManager - Registering TestExecutionListener: org.springframework.boot.test.autoconfigure.web.client.MockRestServiceServerResetTestExecutionListener
12:17:42.275 [Test worker] TRACE org.springframework.test.context.TestContextManager - Registering TestExecutionListener: org.springframework.boot.test.autoconfigure.web.servlet.MockMvcPrintOnlyOnFailureTestExecutionListener
12:17:42.275 [Test worker] TRACE org.springframework.test.context.TestContextManager - Registering TestExecutionListener: org.springframework.boot.test.autoconfigure.web.servlet.WebDriverTestExecutionListener
12:17:42.275 [Test worker] TRACE org.springframework.test.context.TestContextManager - Registering TestExecutionListener: org.springframework.boot.test.autoconfigure.webservices.client.MockWebServiceServerTestExecutionListener
12:17:42.275 [Test worker] TRACE org.springframework.test.context.TestContextManager - Registering TestExecutionListener: org.springframework.boot.test.mock.mockito.ResetMocksTestExecutionListener
12:17:42.275 [Test worker] TRACE org.springframework.test.context.TestContextManager - beforeTestClass(): class [com.laundry.laundryMgmt.SensorTest.SensorDaoTest]
12:17:42.276 [Test worker] TRACE org.springframework.test.context.support.DirtiesContextBeforeModesTestExecutionListener - Before test class: context [DefaultTestContext@5d71813b testClass = com.laundry.laundryMgmt.SensorTest.SensorDaoTest, testInstance = null, testMethod = null, testException = null, mergedContextConfiguration = [MergedContextConfiguration@5891bd6d testClass = com.laundry.laundryMgmt.SensorTest.SensorDaoTest, locations = [], classes = [com.laundry.laundryMgmt.LaundryMgmtApplication], contextInitializerClasses = [], activeProfiles = [], propertySourceLocations = [], propertySourceProperties = ["org.springframework.boot.test.autoconfigure.orm.jpa.DataJpaTestContextBootstrapper=true"], contextCustomizers = [org.springframework.boot.test.autoconfigure.OverrideAutoConfigurationContextCustomizerFactory$DisableAutoConfigurationContextCustomizer@2ae92511, org.springframework.boot.test.autoconfigure.actuate.observability.ObservabilityContextCustomizerFactory$DisableObservabilityContextCustomizer@1f, org.springframework.boot.test.autoconfigure.filter.TypeExcludeFiltersContextCustomizer@351584c0, org.springframework.boot.test.autoconfigure.properties.PropertyMappingContextCustomizer@a13c477e, org.springframework.boot.test.autoconfigure.web.servlet.WebDriverContextCustomizer@79b663b3, [ImportsContextCustomizer@455082d2 key = [org.springframework.boot.autoconfigure.transaction.TransactionAutoConfiguration, org.springframework.boot.autoconfigure.data.jpa.JpaRepositoriesAutoConfiguration, org.springframework.boot.autoconfigure.jdbc.DataSourceAutoConfiguration, org.springframework.boot.test.autoconfigure.orm.jpa.TestEntityManagerAutoConfiguration, org.springframework.boot.autoconfigure.cache.CacheAutoConfiguration, org.springframework.boot.autoconfigure.orm.jpa.HibernateJpaAutoConfiguration, org.springframework.boot.autoconfigure.sql.init.SqlInitializationAutoConfiguration, org.springframework.boot.autoconfigure.jdbc.JdbcTemplateAutoConfiguration, org.springframework.boot.test.autoconfigure.jdbc.TestDatabaseAutoConfiguration, org.springframework.boot.autoconfigure.flyway.FlywayAutoConfiguration, org.springframework.boot.autoconfigure.jdbc.DataSourceTransactionManagerAutoConfiguration, org.springframework.boot.autoconfigure.liquibase.LiquibaseAutoConfiguration]], org.springframework.boot.test.context.filter.ExcludeFilterContextCustomizer@7882c44a, org.springframework.boot.test.json.DuplicateJsonObjectContextCustomizerFactory$DuplicateJsonObjectContextCustomizer@78dc4696, org.springframework.boot.test.mock.mockito.MockitoContextCustomizer@0, org.springframework.boot.test.context.SpringBootTestAnnotation@7152c5d3], contextLoader = org.springframework.boot.test.context.SpringBootContextLoader, parent = null], attributes = {}], class annotated with @DirtiesContext [false] with mode [null]
12:17:42.277 [Test worker] TRACE org.springframework.test.context.cache.DefaultCacheAwareContextLoaderDelegate - Retrieved ApplicationContext [1737837937] from cache with key [MergedContextConfiguration@5891bd6d testClass = com.laundry.laundryMgmt.SensorTest.SensorDaoTest, locations = [], classes = [com.laundry.laundryMgmt.LaundryMgmtApplication], contextInitializerClasses = [], activeProfiles = [], propertySourceLocations = [], propertySourceProperties = ["org.springframework.boot.test.autoconfigure.orm.jpa.DataJpaTestContextBootstrapper=true"], contextCustomizers = [org.springframework.boot.test.autoconfigure.OverrideAutoConfigurationContextCustomizerFactory$DisableAutoConfigurationContextCustomizer@2ae92511, org.springframework.boot.test.autoconfigure.actuate.observability.ObservabilityContextCustomizerFactory$DisableObservabilityContextCustomizer@1f, org.springframework.boot.test.autoconfigure.filter.TypeExcludeFiltersContextCustomizer@351584c0, org.springframework.boot.test.autoconfigure.properties.PropertyMappingContextCustomizer@a13c477e, org.springframework.boot.test.autoconfigure.web.servlet.WebDriverContextCustomizer@79b663b3, [ImportsContextCustomizer@455082d2 key = [org.springframework.boot.autoconfigure.transaction.TransactionAutoConfiguration, org.springframework.boot.autoconfigure.data.jpa.JpaRepositoriesAutoConfiguration, org.springframework.boot.autoconfigure.jdbc.DataSourceAutoConfiguration, org.springframework.boot.test.autoconfigure.orm.jpa.TestEntityManagerAutoConfiguration, org.springframework.boot.autoconfigure.cache.CacheAutoConfiguration, org.springframework.boot.autoconfigure.orm.jpa.HibernateJpaAutoConfiguration, org.springframework.boot.autoconfigure.sql.init.SqlInitializationAutoConfiguration, org.springframework.boot.autoconfigure.jdbc.JdbcTemplateAutoConfiguration, org.springframework.boot.test.autoconfigure.jdbc.TestDatabaseAutoConfiguration, org.springframework.boot.autoconfigure.flyway.FlywayAutoConfiguration, org.springframework.boot.autoconfigure.jdbc.DataSourceTransactionManagerAutoConfiguration, org.springframework.boot.autoconfigure.liquibase.LiquibaseAutoConfiguration]], org.springframework.boot.test.context.filter.ExcludeFilterContextCustomizer@7882c44a, org.springframework.boot.test.json.DuplicateJsonObjectContextCustomizerFactory$DuplicateJsonObjectContextCustomizer@78dc4696, org.springframework.boot.test.mock.mockito.MockitoContextCustomizer@0, org.springframework.boot.test.context.SpringBootTestAnnotation@7152c5d3], contextLoader = org.springframework.boot.test.context.SpringBootContextLoader, parent = null]
12:17:42.277 [Test worker] DEBUG org.springframework.test.context.cache - Spring test ApplicationContext cache statistics: [DefaultContextCache@21a14c45 size = 2, maxSize = 32, parentContextCount = 0, hitCount = 42, missCount = 2]
12:17:42.277 [Test worker] TRACE org.springframework.test.context.TestContextManager - prepareTestInstance(): instance [com.laundry.laundryMgmt.SensorTest.SensorDaoTest@6050d04d]
12:17:42.279 [Test worker] TRACE org.springframework.test.context.support.DependencyInjectionTestExecutionListener - Performing dependency injection for test context [DefaultTestContext@5d71813b testClass = com.laundry.laundryMgmt.SensorTest.SensorDaoTest, testInstance = com.laundry.laundryMgmt.SensorTest.SensorDaoTest@6050d04d, testMethod = null, testException = null, mergedContextConfiguration = [MergedContextConfiguration@5891bd6d testClass = com.laundry.laundryMgmt.SensorTest.SensorDaoTest, locations = [], classes = [com.laundry.laundryMgmt.LaundryMgmtApplication], contextInitializerClasses = [], activeProfiles = [], propertySourceLocations = [], propertySourceProperties = ["org.springframework.boot.test.autoconfigure.orm.jpa.DataJpaTestContextBootstrapper=true"], contextCustomizers = [org.springframework.boot.test.autoconfigure.OverrideAutoConfigurationContextCustomizerFactory$DisableAutoConfigurationContextCustomizer@2ae92511, org.springframework.boot.test.autoconfigure.actuate.observability.ObservabilityContextCustomizerFactory$DisableObservabilityContextCustomizer@1f, org.springframework.boot.test.autoconfigure.filter.TypeExcludeFiltersContextCustomizer@351584c0, org.springframework.boot.test.autoconfigure.properties.PropertyMappingContextCustomizer@a13c477e, org.springframework.boot.test.autoconfigure.web.servlet.WebDriverContextCustomizer@79b663b3, [ImportsContextCustomizer@455082d2 key = [org.springframework.boot.autoconfigure.transaction.TransactionAutoConfiguration, org.springframework.boot.autoconfigure.data.jpa.JpaRepositoriesAutoConfiguration, org.springframework.boot.autoconfigure.jdbc.DataSourceAutoConfiguration, org.springframework.boot.test.autoconfigure.orm.jpa.TestEntityManagerAutoConfiguration, org.springframework.boot.autoconfigure.cache.CacheAutoConfiguration, org.springframework.boot.autoconfigure.orm.jpa.HibernateJpaAutoConfiguration, org.springframework.boot.autoconfigure.sql.init.SqlInitializationAutoConfiguration, org.springframework.boot.autoconfigure.jdbc.JdbcTemplateAutoConfiguration, org.springframework.boot.test.autoconfigure.jdbc.TestDatabaseAutoConfiguration, org.springframework.boot.autoconfigure.flyway.FlywayAutoConfiguration, org.springframework.boot.autoconfigure.jdbc.DataSourceTransactionManagerAutoConfiguration, org.springframework.boot.autoconfigure.liquibase.LiquibaseAutoConfiguration]], org.springframework.boot.test.context.filter.ExcludeFilterContextCustomizer@7882c44a, org.springframework.boot.test.json.DuplicateJsonObjectContextCustomizerFactory$DuplicateJsonObjectContextCustomizer@78dc4696, org.springframework.boot.test.mock.mockito.MockitoContextCustomizer@0, org.springframework.boot.test.context.SpringBootTestAnnotation@7152c5d3], contextLoader = org.springframework.boot.test.context.SpringBootContextLoader, parent = null], attributes = {"org.springframework.test.context.event.ApplicationEventsTestExecutionListener.recordApplicationEvents" -> false}]
12:17:42.279 [Test worker] TRACE org.springframework.test.context.cache.DefaultCacheAwareContextLoaderDelegate - Retrieved ApplicationContext [1737837937] from cache with key [MergedContextConfiguration@5891bd6d testClass = com.laundry.laundryMgmt.SensorTest.SensorDaoTest, locations = [], classes = [com.laundry.laundryMgmt.LaundryMgmtApplication], contextInitializerClasses = [], activeProfiles = [], propertySourceLocations = [], propertySourceProperties = ["org.springframework.boot.test.autoconfigure.orm.jpa.DataJpaTestContextBootstrapper=true"], contextCustomizers = [org.springframework.boot.test.autoconfigure.OverrideAutoConfigurationContextCustomizerFactory$DisableAutoConfigurationContextCustomizer@2ae92511, org.springframework.boot.test.autoconfigure.actuate.observability.ObservabilityContextCustomizerFactory$DisableObservabilityContextCustomizer@1f, org.springframework.boot.test.autoconfigure.filter.TypeExcludeFiltersContextCustomizer@351584c0, org.springframework.boot.test.autoconfigure.properties.PropertyMappingContextCustomizer@a13c477e, org.springframework.boot.test.autoconfigure.web.servlet.WebDriverContextCustomizer@79b663b3, [ImportsContextCustomizer@455082d2 key = [org.springframework.boot.autoconfigure.transaction.TransactionAutoConfiguration, org.springframework.boot.autoconfigure.data.jpa.JpaRepositoriesAutoConfiguration, org.springframework.boot.autoconfigure.jdbc.DataSourceAutoConfiguration, org.springframework.boot.test.autoconfigure.orm.jpa.TestEntityManagerAutoConfiguration, org.springframework.boot.autoconfigure.cache.CacheAutoConfiguration, org.springframework.boot.autoconfigure.orm.jpa.HibernateJpaAutoConfiguration, org.springframework.boot.autoconfigure.sql.init.SqlInitializationAutoConfiguration, org.springframework.boot.autoconfigure.jdbc.JdbcTemplateAutoConfiguration, org.springframework.boot.test.autoconfigure.jdbc.TestDatabaseAutoConfiguration, org.springframework.boot.autoconfigure.flyway.FlywayAutoConfiguration, org.springframework.boot.autoconfigure.jdbc.DataSourceTransactionManagerAutoConfiguration, org.springframework.boot.autoconfigure.liquibase.LiquibaseAutoConfiguration]], org.springframework.boot.test.context.filter.ExcludeFilterContextCustomizer@7882c44a, org.springframework.boot.test.json.DuplicateJsonObjectContextCustomizerFactory$DuplicateJsonObjectContextCustomizer@78dc4696, org.springframework.boot.test.mock.mockito.MockitoContextCustomizer@0, org.springframework.boot.test.context.SpringBootTestAnnotation@7152c5d3], contextLoader = org.springframework.boot.test.context.SpringBootContextLoader, parent = null]
12:17:42.279 [Test worker] DEBUG org.springframework.test.context.cache - Spring test ApplicationContext cache statistics: [DefaultContextCache@21a14c45 size = 2, maxSize = 32, parentContextCount = 0, hitCount = 43, missCount = 2]
12:17:42.280 [Test worker] TRACE org.springframework.beans.factory.support.DefaultListableBeanFactory - Returning cached instance of singleton bean 'sensorDao'
12:17:42.280 [Test worker] TRACE org.springframework.beans.factory.annotation.AutowiredAnnotationBeanPostProcessor - Autowiring by type from bean name 'com.laundry.laundryMgmt.SensorTest.SensorDaoTest' to bean named 'sensorDao'
12:17:42.281 [Test worker] TRACE org.springframework.test.context.cache.DefaultCacheAwareContextLoaderDelegate - Retrieved ApplicationContext [1737837937] from cache with key [MergedContextConfiguration@5891bd6d testClass = com.laundry.laundryMgmt.SensorTest.SensorDaoTest, locations = [], classes = [com.laundry.laundryMgmt.LaundryMgmtApplication], contextInitializerClasses = [], activeProfiles = [], propertySourceLocations = [], propertySourceProperties = ["org.springframework.boot.test.autoconfigure.orm.jpa.DataJpaTestContextBootstrapper=true"], contextCustomizers = [org.springframework.boot.test.autoconfigure.OverrideAutoConfigurationContextCustomizerFactory$DisableAutoConfigurationContextCustomizer@2ae92511, org.springframework.boot.test.autoconfigure.actuate.observability.ObservabilityContextCustomizerFactory$DisableObservabilityContextCustomizer@1f, org.springframework.boot.test.autoconfigure.filter.TypeExcludeFiltersContextCustomizer@351584c0, org.springframework.boot.test.autoconfigure.properties.PropertyMappingContextCustomizer@a13c477e, org.springframework.boot.test.autoconfigure.web.servlet.WebDriverContextCustomizer@79b663b3, [ImportsContextCustomizer@455082d2 key = [org.springframework.boot.autoconfigure.transaction.TransactionAutoConfiguration, org.springframework.boot.autoconfigure.data.jpa.JpaRepositoriesAutoConfiguration, org.springframework.boot.autoconfigure.jdbc.DataSourceAutoConfiguration, org.springframework.boot.test.autoconfigure.orm.jpa.TestEntityManagerAutoConfiguration, org.springframework.boot.autoconfigure.cache.CacheAutoConfiguration, org.springframework.boot.autoconfigure.orm.jpa.HibernateJpaAutoConfiguration, org.springframework.boot.autoconfigure.sql.init.SqlInitializationAutoConfiguration, org.springframework.boot.autoconfigure.jdbc.JdbcTemplateAutoConfiguration, org.springframework.boot.test.autoconfigure.jdbc.TestDatabaseAutoConfiguration, org.springframework.boot.autoconfigure.flyway.FlywayAutoConfiguration, org.springframework.boot.autoconfigure.jdbc.DataSourceTransactionManagerAutoConfiguration, org.springframework.boot.autoconfigure.liquibase.LiquibaseAutoConfiguration]], org.springframework.boot.test.context.filter.ExcludeFilterContextCustomizer@7882c44a, org.springframework.boot.test.json.DuplicateJsonObjectContextCustomizerFactory$DuplicateJsonObjectContextCustomizer@78dc4696, org.springframework.boot.test.mock.mockito.MockitoContextCustomizer@0, org.springframework.boot.test.context.SpringBootTestAnnotation@7152c5d3], contextLoader = org.springframework.boot.test.context.SpringBootContextLoader, parent = null]
12:17:42.282 [Test worker] DEBUG org.springframework.test.context.cache - Spring test ApplicationContext cache statistics: [DefaultContextCache@21a14c45 size = 2, maxSize = 32, parentContextCount = 0, hitCount = 44, missCount = 2]
12:17:42.283 [Test worker] TRACE org.springframework.test.context.TestContextManager - beforeTestMethod(): instance [com.laundry.laundryMgmt.SensorTest.SensorDaoTest@6050d04d], method [public void com.laundry.laundryMgmt.SensorTest.SensorDaoTest.shouldFindAnySensorbyId()]
12:17:42.283 [Test worker] TRACE org.springframework.test.context.support.DirtiesContextBeforeModesTestExecutionListener - Before test method: context [DefaultTestContext@5d71813b testClass = com.laundry.laundryMgmt.SensorTest.SensorDaoTest, testInstance = com.laundry.laundryMgmt.SensorTest.SensorDaoTest@6050d04d, testMethod = shouldFindAnySensorbyId(), testException = null, mergedContextConfiguration = [MergedContextConfiguration@5891bd6d testClass = com.laundry.laundryMgmt.SensorTest.SensorDaoTest, locations = [], classes = [com.laundry.laundryMgmt.LaundryMgmtApplication], contextInitializerClasses = [], activeProfiles = [], propertySourceLocations = [], propertySourceProperties = ["org.springframework.boot.test.autoconfigure.orm.jpa.DataJpaTestContextBootstrapper=true"], contextCustomizers = [org.springframework.boot.test.autoconfigure.OverrideAutoConfigurationContextCustomizerFactory$DisableAutoConfigurationContextCustomizer@2ae92511, org.springframework.boot.test.autoconfigure.actuate.observability.ObservabilityContextCustomizerFactory$DisableObservabilityContextCustomizer@1f, org.springframework.boot.test.autoconfigure.filter.TypeExcludeFiltersContextCustomizer@351584c0, org.springframework.boot.test.autoconfigure.properties.PropertyMappingContextCustomizer@a13c477e, org.springframework.boot.test.autoconfigure.web.servlet.WebDriverContextCustomizer@79b663b3, [ImportsContextCustomizer@455082d2 key = [org.springframework.boot.autoconfigure.transaction.TransactionAutoConfiguration, org.springframework.boot.autoconfigure.data.jpa.JpaRepositoriesAutoConfiguration, org.springframework.boot.autoconfigure.jdbc.DataSourceAutoConfiguration, org.springframework.boot.test.autoconfigure.orm.jpa.TestEntityManagerAutoConfiguration, org.springframework.boot.autoconfigure.cache.CacheAutoConfiguration, org.springframework.boot.autoconfigure.orm.jpa.HibernateJpaAutoConfiguration, org.springframework.boot.autoconfigure.sql.init.SqlInitializationAutoConfiguration, org.springframework.boot.autoconfigure.jdbc.JdbcTemplateAutoConfiguration, org.springframework.boot.test.autoconfigure.jdbc.TestDatabaseAutoConfiguration, org.springframework.boot.autoconfigure.flyway.FlywayAutoConfiguration, org.springframework.boot.autoconfigure.jdbc.DataSourceTransactionManagerAutoConfiguration, org.springframework.boot.autoconfigure.liquibase.LiquibaseAutoConfiguration]], org.springframework.boot.test.context.filter.ExcludeFilterContextCustomizer@7882c44a, org.springframework.boot.test.json.DuplicateJsonObjectContextCustomizerFactory$DuplicateJsonObjectContextCustomizer@78dc4696, org.springframework.boot.test.mock.mockito.MockitoContextCustomizer@0, org.springframework.boot.test.context.SpringBootTestAnnotation@7152c5d3], contextLoader = org.springframework.boot.test.context.SpringBootContextLoader, parent = null], attributes = {"org.springframework.test.context.event.ApplicationEventsTestExecutionListener.recordApplicationEvents" -> false}], class annotated with @DirtiesContext [false] with mode [null], method annotated with @DirtiesContext [false] with mode [null]
12:17:42.283 [Test worker] TRACE org.springframework.test.context.transaction.TransactionalTestExecutionListener$1 - Adding transactional method 'com.laundry.laundryMgmt.SensorTest.SensorDaoTest.shouldFindAnySensorbyId' with attribute: PROPAGATION_REQUIRED,ISOLATION_DEFAULT
12:17:42.284 [Test worker] TRACE org.springframework.test.context.transaction.TransactionalTestExecutionListener - Explicit transaction definition [PROPAGATION_REQUIRED,ISOLATION_DEFAULT] found for test context [DefaultTestContext@5d71813b testClass = com.laundry.laundryMgmt.SensorTest.SensorDaoTest, testInstance = com.laundry.laundryMgmt.SensorTest.SensorDaoTest@6050d04d, testMethod = shouldFindAnySensorbyId(), testException = null, mergedContextConfiguration = [MergedContextConfiguration@5891bd6d testClass = com.laundry.laundryMgmt.SensorTest.SensorDaoTest, locations = [], classes = [com.laundry.laundryMgmt.LaundryMgmtApplication], contextInitializerClasses = [], activeProfiles = [], propertySourceLocations = [], propertySourceProperties = ["org.springframework.boot.test.autoconfigure.orm.jpa.DataJpaTestContextBootstrapper=true"], contextCustomizers = [org.springframework.boot.test.autoconfigure.OverrideAutoConfigurationContextCustomizerFactory$DisableAutoConfigurationContextCustomizer@2ae92511, org.springframework.boot.test.autoconfigure.actuate.observability.ObservabilityContextCustomizerFactory$DisableObservabilityContextCustomizer@1f, org.springframework.boot.test.autoconfigure.filter.TypeExcludeFiltersContextCustomizer@351584c0, org.springframework.boot.test.autoconfigure.properties.PropertyMappingContextCustomizer@a13c477e, org.springframework.boot.test.autoconfigure.web.servlet.WebDriverContextCustomizer@79b663b3, [ImportsContextCustomizer@455082d2 key = [org.springframework.boot.autoconfigure.transaction.TransactionAutoConfiguration, org.springframework.boot.autoconfigure.data.jpa.JpaRepositoriesAutoConfiguration, org.springframework.boot.autoconfigure.jdbc.DataSourceAutoConfiguration, org.springframework.boot.test.autoconfigure.orm.jpa.TestEntityManagerAutoConfiguration, org.springframework.boot.autoconfigure.cache.CacheAutoConfiguration, org.springframework.boot.autoconfigure.orm.jpa.HibernateJpaAutoConfiguration, org.springframework.boot.autoconfigure.sql.init.SqlInitializationAutoConfiguration, org.springframework.boot.autoconfigure.jdbc.JdbcTemplateAutoConfiguration, org.springframework.boot.test.autoconfigure.jdbc.TestDatabaseAutoConfiguration, org.springframework.boot.autoconfigure.flyway.FlywayAutoConfiguration, org.springframework.boot.autoconfigure.jdbc.DataSourceTransactionManagerAutoConfiguration, org.springframework.boot.autoconfigure.liquibase.LiquibaseAutoConfiguration]], org.springframework.boot.test.context.filter.ExcludeFilterContextCustomizer@7882c44a, org.springframework.boot.test.json.DuplicateJsonObjectContextCustomizerFactory$DuplicateJsonObjectContextCustomizer@78dc4696, org.springframework.boot.test.mock.mockito.MockitoContextCustomizer@0, org.springframework.boot.test.context.SpringBootTestAnnotation@7152c5d3], contextLoader = org.springframework.boot.test.context.SpringBootContextLoader, parent = null], attributes = {"org.springframework.test.context.event.ApplicationEventsTestExecutionListener.recordApplicationEvents" -> false}]
12:17:42.284 [Test worker] TRACE org.springframework.test.context.cache.DefaultCacheAwareContextLoaderDelegate - Retrieved ApplicationContext [1737837937] from cache with key [MergedContextConfiguration@5891bd6d testClass = com.laundry.laundryMgmt.SensorTest.SensorDaoTest, locations = [], classes = [com.laundry.laundryMgmt.LaundryMgmtApplication], contextInitializerClasses = [], activeProfiles = [], propertySourceLocations = [], propertySourceProperties = ["org.springframework.boot.test.autoconfigure.orm.jpa.DataJpaTestContextBootstrapper=true"], contextCustomizers = [org.springframework.boot.test.autoconfigure.OverrideAutoConfigurationContextCustomizerFactory$DisableAutoConfigurationContextCustomizer@2ae92511, org.springframework.boot.test.autoconfigure.actuate.observability.ObservabilityContextCustomizerFactory$DisableObservabilityContextCustomizer@1f, org.springframework.boot.test.autoconfigure.filter.TypeExcludeFiltersContextCustomizer@351584c0, org.springframework.boot.test.autoconfigure.properties.PropertyMappingContextCustomizer@a13c477e, org.springframework.boot.test.autoconfigure.web.servlet.WebDriverContextCustomizer@79b663b3, [ImportsContextCustomizer@455082d2 key = [org.springframework.boot.autoconfigure.transaction.TransactionAutoConfiguration, org.springframework.boot.autoconfigure.data.jpa.JpaRepositoriesAutoConfiguration, org.springframework.boot.autoconfigure.jdbc.DataSourceAutoConfiguration, org.springframework.boot.test.autoconfigure.orm.jpa.TestEntityManagerAutoConfiguration, org.springframework.boot.autoconfigure.cache.CacheAutoConfiguration, org.springframework.boot.autoconfigure.orm.jpa.HibernateJpaAutoConfiguration, org.springframework.boot.autoconfigure.sql.init.SqlInitializationAutoConfiguration, org.springframework.boot.autoconfigure.jdbc.JdbcTemplateAutoConfiguration, org.springframework.boot.test.autoconfigure.jdbc.TestDatabaseAutoConfiguration, org.springframework.boot.autoconfigure.flyway.FlywayAutoConfiguration, org.springframework.boot.autoconfigure.jdbc.DataSourceTransactionManagerAutoConfiguration, org.springframework.boot.autoconfigure.liquibase.LiquibaseAutoConfiguration]], org.springframework.boot.test.context.filter.ExcludeFilterContextCustomizer@7882c44a, org.springframework.boot.test.json.DuplicateJsonObjectContextCustomizerFactory$DuplicateJsonObjectContextCustomizer@78dc4696, org.springframework.boot.test.mock.mockito.MockitoContextCustomizer@0, org.springframework.boot.test.context.SpringBootTestAnnotation@7152c5d3], contextLoader = org.springframework.boot.test.context.SpringBootContextLoader, parent = null]
12:17:42.285 [Test worker] DEBUG org.springframework.test.context.cache - Spring test ApplicationContext cache statistics: [DefaultContextCache@21a14c45 size = 2, maxSize = 32, parentContextCount = 0, hitCount = 45, missCount = 2]
12:17:42.285 [Test worker] TRACE org.springframework.beans.factory.support.DefaultListableBeanFactory - Returning cached instance of singleton bean 'transactionManager'
12:17:42.285 [Test worker] TRACE org.springframework.test.context.transaction.TransactionalTestExecutionListener - No method-level @Rollback override: using default rollback [true] for test context [DefaultTestContext@5d71813b testClass = com.laundry.laundryMgmt.SensorTest.SensorDaoTest, testInstance = com.laundry.laundryMgmt.SensorTest.SensorDaoTest@6050d04d, testMethod = shouldFindAnySensorbyId(), testException = null, mergedContextConfiguration = [MergedContextConfiguration@5891bd6d testClass = com.laundry.laundryMgmt.SensorTest.SensorDaoTest, locations = [], classes = [com.laundry.laundryMgmt.LaundryMgmtApplication], contextInitializerClasses = [], activeProfiles = [], propertySourceLocations = [], propertySourceProperties = ["org.springframework.boot.test.autoconfigure.orm.jpa.DataJpaTestContextBootstrapper=true"], contextCustomizers = [org.springframework.boot.test.autoconfigure.OverrideAutoConfigurationContextCustomizerFactory$DisableAutoConfigurationContextCustomizer@2ae92511, org.springframework.boot.test.autoconfigure.actuate.observability.ObservabilityContextCustomizerFactory$DisableObservabilityContextCustomizer@1f, org.springframework.boot.test.autoconfigure.filter.TypeExcludeFiltersContextCustomizer@351584c0, org.springframework.boot.test.autoconfigure.properties.PropertyMappingContextCustomizer@a13c477e, org.springframework.boot.test.autoconfigure.web.servlet.WebDriverContextCustomizer@79b663b3, [ImportsContextCustomizer@455082d2 key = [org.springframework.boot.autoconfigure.transaction.TransactionAutoConfiguration, org.springframework.boot.autoconfigure.data.jpa.JpaRepositoriesAutoConfiguration, org.springframework.boot.autoconfigure.jdbc.DataSourceAutoConfiguration, org.springframework.boot.test.autoconfigure.orm.jpa.TestEntityManagerAutoConfiguration, org.springframework.boot.autoconfigure.cache.CacheAutoConfiguration, org.springframework.boot.autoconfigure.orm.jpa.HibernateJpaAutoConfiguration, org.springframework.boot.autoconfigure.sql.init.SqlInitializationAutoConfiguration, org.springframework.boot.autoconfigure.jdbc.JdbcTemplateAutoConfiguration, org.springframework.boot.test.autoconfigure.jdbc.TestDatabaseAutoConfiguration, org.springframework.boot.autoconfigure.flyway.FlywayAutoConfiguration, org.springframework.boot.autoconfigure.jdbc.DataSourceTransactionManagerAutoConfiguration, org.springframework.boot.autoconfigure.liquibase.LiquibaseAutoConfiguration]], org.springframework.boot.test.context.filter.ExcludeFilterContextCustomizer@7882c44a, org.springframework.boot.test.json.DuplicateJsonObjectContextCustomizerFactory$DuplicateJsonObjectContextCustomizer@78dc4696, org.springframework.boot.test.mock.mockito.MockitoContextCustomizer@0, org.springframework.boot.test.context.SpringBootTestAnnotation@7152c5d3], contextLoader = org.springframework.boot.test.context.SpringBootContextLoader, parent = null], attributes = {"org.springframework.test.context.event.ApplicationEventsTestExecutionListener.recordApplicationEvents" -> false}]
12:17:42.285 [Test worker] DEBUG org.springframework.orm.jpa.JpaTransactionManager - Creating new transaction with name [com.laundry.laundryMgmt.SensorTest.SensorDaoTest.shouldFindAnySensorbyId]: PROPAGATION_REQUIRED,ISOLATION_DEFAULT
12:17:42.285 [Test worker] TRACE org.hibernate.internal.SessionFactoryImpl$SessionBuilderImpl - Opening Hibernate Session.  tenant=null
12:17:42.285 [Test worker] TRACE org.hibernate.internal.SessionImpl - Opened Session [ad176f38-cdb4-4232-9c32-dc9b186cf979] at timestamp: 1704820662285
12:17:42.286 [Test worker] DEBUG org.springframework.orm.jpa.JpaTransactionManager - Opened new EntityManager [SessionImpl(857245356PersistenceContext[entityKeys=[], collectionKeys=[]];ActionQueue[insertions=ExecutableList{size=0} updates=ExecutableList{size=0} deletions=ExecutableList{size=0} orphanRemovals=ExecutableList{size=0} collectionCreations=ExecutableList{size=0} collectionRemovals=ExecutableList{size=0} collectionUpdates=ExecutableList{size=0} collectionQueuedOps=ExecutableList{size=0} unresolvedInsertDependencies=null])] for JPA transaction
12:17:42.286 [Test worker] DEBUG org.hibernate.engine.transaction.internal.TransactionImpl - On TransactionImpl creation, JpaCompliance#isJpaTransactionComplianceEnabled == false
12:17:42.286 [Test worker] DEBUG org.hibernate.engine.transaction.internal.TransactionImpl - begin
12:17:42.286 [Test worker] DEBUG org.springframework.jdbc.datasource.SimpleDriverDataSource - Creating new JDBC Driver Connection to [jdbc:h2:mem:d3ee4c13-8564-47b2-ad9d-6dad915ccf57;DB_CLOSE_DELAY=-1;DB_CLOSE_ON_EXIT=false]
12:17:42.286 [Test worker] TRACE org.hibernate.resource.jdbc.internal.AbstractLogicalConnectionImplementor - Preparing to begin transaction via JDBC Connection.setAutoCommit(false)
12:17:42.286 [Test worker] TRACE org.hibernate.resource.jdbc.internal.AbstractLogicalConnectionImplementor - Transaction begun via JDBC Connection.setAutoCommit(false)
12:17:42.286 [Test worker] TRACE org.hibernate.resource.transaction.backend.jdbc.internal.JdbcResourceLocalTransactionCoordinatorImpl - ResourceLocalTransactionCoordinatorImpl#afterBeginCallback
12:17:42.286 [Test worker] DEBUG org.springframework.orm.jpa.JpaTransactionManager - Exposing JPA transaction as JDBC [org.springframework.orm.jpa.vendor.HibernateJpaDialect$HibernateConnectionHandle@834944]
12:17:42.287 [Test worker] TRACE org.springframework.test.context.transaction.TransactionContext - Began transaction (1) for test context [DefaultTestContext@5d71813b testClass = com.laundry.laundryMgmt.SensorTest.SensorDaoTest, testInstance = com.laundry.laundryMgmt.SensorTest.SensorDaoTest@6050d04d, testMethod = shouldFindAnySensorbyId(), testException = null, mergedContextConfiguration = [MergedContextConfiguration@5891bd6d testClass = com.laundry.laundryMgmt.SensorTest.SensorDaoTest, locations = [], classes = [com.laundry.laundryMgmt.LaundryMgmtApplication], contextInitializerClasses = [], activeProfiles = [], propertySourceLocations = [], propertySourceProperties = ["org.springframework.boot.test.autoconfigure.orm.jpa.DataJpaTestContextBootstrapper=true"], contextCustomizers = [org.springframework.boot.test.autoconfigure.OverrideAutoConfigurationContextCustomizerFactory$DisableAutoConfigurationContextCustomizer@2ae92511, org.springframework.boot.test.autoconfigure.actuate.observability.ObservabilityContextCustomizerFactory$DisableObservabilityContextCustomizer@1f, org.springframework.boot.test.autoconfigure.filter.TypeExcludeFiltersContextCustomizer@351584c0, org.springframework.boot.test.autoconfigure.properties.PropertyMappingContextCustomizer@a13c477e, org.springframework.boot.test.autoconfigure.web.servlet.WebDriverContextCustomizer@79b663b3, [ImportsContextCustomizer@455082d2 key = [org.springframework.boot.autoconfigure.transaction.TransactionAutoConfiguration, org.springframework.boot.autoconfigure.data.jpa.JpaRepositoriesAutoConfiguration, org.springframework.boot.autoconfigure.jdbc.DataSourceAutoConfiguration, org.springframework.boot.test.autoconfigure.orm.jpa.TestEntityManagerAutoConfiguration, org.springframework.boot.autoconfigure.cache.CacheAutoConfiguration, org.springframework.boot.autoconfigure.orm.jpa.HibernateJpaAutoConfiguration, org.springframework.boot.autoconfigure.sql.init.SqlInitializationAutoConfiguration, org.springframework.boot.autoconfigure.jdbc.JdbcTemplateAutoConfiguration, org.springframework.boot.test.autoconfigure.jdbc.TestDatabaseAutoConfiguration, org.springframework.boot.autoconfigure.flyway.FlywayAutoConfiguration, org.springframework.boot.autoconfigure.jdbc.DataSourceTransactionManagerAutoConfiguration, org.springframework.boot.autoconfigure.liquibase.LiquibaseAutoConfiguration]], org.springframework.boot.test.context.filter.ExcludeFilterContextCustomizer@7882c44a, org.springframework.boot.test.json.DuplicateJsonObjectContextCustomizerFactory$DuplicateJsonObjectContextCustomizer@78dc4696, org.springframework.boot.test.mock.mockito.MockitoContextCustomizer@0, org.springframework.boot.test.context.SpringBootTestAnnotation@7152c5d3], contextLoader = org.springframework.boot.test.context.SpringBootContextLoader, parent = null], attributes = {"org.springframework.test.context.event.ApplicationEventsTestExecutionListener.recordApplicationEvents" -> false}]; transaction manager [org.springframework.orm.jpa.JpaTransactionManager@8cc5602]; rollback [true]
12:17:42.287 [Test worker] TRACE org.springframework.test.context.cache.DefaultCacheAwareContextLoaderDelegate - Retrieved ApplicationContext [1737837937] from cache with key [MergedContextConfiguration@5891bd6d testClass = com.laundry.laundryMgmt.SensorTest.SensorDaoTest, locations = [], classes = [com.laundry.laundryMgmt.LaundryMgmtApplication], contextInitializerClasses = [], activeProfiles = [], propertySourceLocations = [], propertySourceProperties = ["org.springframework.boot.test.autoconfigure.orm.jpa.DataJpaTestContextBootstrapper=true"], contextCustomizers = [org.springframework.boot.test.autoconfigure.OverrideAutoConfigurationContextCustomizerFactory$DisableAutoConfigurationContextCustomizer@2ae92511, org.springframework.boot.test.autoconfigure.actuate.observability.ObservabilityContextCustomizerFactory$DisableObservabilityContextCustomizer@1f, org.springframework.boot.test.autoconfigure.filter.TypeExcludeFiltersContextCustomizer@351584c0, org.springframework.boot.test.autoconfigure.properties.PropertyMappingContextCustomizer@a13c477e, org.springframework.boot.test.autoconfigure.web.servlet.WebDriverContextCustomizer@79b663b3, [ImportsContextCustomizer@455082d2 key = [org.springframework.boot.autoconfigure.transaction.TransactionAutoConfiguration, org.springframework.boot.autoconfigure.data.jpa.JpaRepositoriesAutoConfiguration, org.springframework.boot.autoconfigure.jdbc.DataSourceAutoConfiguration, org.springframework.boot.test.autoconfigure.orm.jpa.TestEntityManagerAutoConfiguration, org.springframework.boot.autoconfigure.cache.CacheAutoConfiguration, org.springframework.boot.autoconfigure.orm.jpa.HibernateJpaAutoConfiguration, org.springframework.boot.autoconfigure.sql.init.SqlInitializationAutoConfiguration, org.springframework.boot.autoconfigure.jdbc.JdbcTemplateAutoConfiguration, org.springframework.boot.test.autoconfigure.jdbc.TestDatabaseAutoConfiguration, org.springframework.boot.autoconfigure.flyway.FlywayAutoConfiguration, org.springframework.boot.autoconfigure.jdbc.DataSourceTransactionManagerAutoConfiguration, org.springframework.boot.autoconfigure.liquibase.LiquibaseAutoConfiguration]], org.springframework.boot.test.context.filter.ExcludeFilterContextCustomizer@7882c44a, org.springframework.boot.test.json.DuplicateJsonObjectContextCustomizerFactory$DuplicateJsonObjectContextCustomizer@78dc4696, org.springframework.boot.test.mock.mockito.MockitoContextCustomizer@0, org.springframework.boot.test.context.SpringBootTestAnnotation@7152c5d3], contextLoader = org.springframework.boot.test.context.SpringBootContextLoader, parent = null]
12:17:42.288 [Test worker] DEBUG org.springframework.test.context.cache - Spring test ApplicationContext cache statistics: [DefaultContextCache@21a14c45 size = 2, maxSize = 32, parentContextCount = 0, hitCount = 46, missCount = 2]
12:17:42.288 [Test worker] TRACE org.springframework.test.context.cache.DefaultCacheAwareContextLoaderDelegate - Retrieved ApplicationContext [1737837937] from cache with key [MergedContextConfiguration@5891bd6d testClass = com.laundry.laundryMgmt.SensorTest.SensorDaoTest, locations = [], classes = [com.laundry.laundryMgmt.LaundryMgmtApplication], contextInitializerClasses = [], activeProfiles = [], propertySourceLocations = [], propertySourceProperties = ["org.springframework.boot.test.autoconfigure.orm.jpa.DataJpaTestContextBootstrapper=true"], contextCustomizers = [org.springframework.boot.test.autoconfigure.OverrideAutoConfigurationContextCustomizerFactory$DisableAutoConfigurationContextCustomizer@2ae92511, org.springframework.boot.test.autoconfigure.actuate.observability.ObservabilityContextCustomizerFactory$DisableObservabilityContextCustomizer@1f, org.springframework.boot.test.autoconfigure.filter.TypeExcludeFiltersContextCustomizer@351584c0, org.springframework.boot.test.autoconfigure.properties.PropertyMappingContextCustomizer@a13c477e, org.springframework.boot.test.autoconfigure.web.servlet.WebDriverContextCustomizer@79b663b3, [ImportsContextCustomizer@455082d2 key = [org.springframework.boot.autoconfigure.transaction.TransactionAutoConfiguration, org.springframework.boot.autoconfigure.data.jpa.JpaRepositoriesAutoConfiguration, org.springframework.boot.autoconfigure.jdbc.DataSourceAutoConfiguration, org.springframework.boot.test.autoconfigure.orm.jpa.TestEntityManagerAutoConfiguration, org.springframework.boot.autoconfigure.cache.CacheAutoConfiguration, org.springframework.boot.autoconfigure.orm.jpa.HibernateJpaAutoConfiguration, org.springframework.boot.autoconfigure.sql.init.SqlInitializationAutoConfiguration, org.springframework.boot.autoconfigure.jdbc.JdbcTemplateAutoConfiguration, org.springframework.boot.test.autoconfigure.jdbc.TestDatabaseAutoConfiguration, org.springframework.boot.autoconfigure.flyway.FlywayAutoConfiguration, org.springframework.boot.autoconfigure.jdbc.DataSourceTransactionManagerAutoConfiguration, org.springframework.boot.autoconfigure.liquibase.LiquibaseAutoConfiguration]], org.springframework.boot.test.context.filter.ExcludeFilterContextCustomizer@7882c44a, org.springframework.boot.test.json.DuplicateJsonObjectContextCustomizerFactory$DuplicateJsonObjectContextCustomizer@78dc4696, org.springframework.boot.test.mock.mockito.MockitoContextCustomizer@0, org.springframework.boot.test.context.SpringBootTestAnnotation@7152c5d3], contextLoader = org.springframework.boot.test.context.SpringBootContextLoader, parent = null]
12:17:42.288 [Test worker] DEBUG org.springframework.test.context.cache - Spring test ApplicationContext cache statistics: [DefaultContextCache@21a14c45 size = 2, maxSize = 32, parentContextCount = 0, hitCount = 47, missCount = 2]
12:17:42.288 [Test worker] TRACE org.springframework.beans.factory.support.DefaultListableBeanFactory - Returning cached instance of singleton bean 'org.springframework.context.annotation.internalConfigurationAnnotationProcessor'
12:17:42.288 [Test worker] TRACE org.springframework.beans.factory.support.DefaultListableBeanFactory - Returning cached instance of singleton bean 'org.springframework.context.annotation.internalAutowiredAnnotationProcessor'
12:17:42.288 [Test worker] TRACE org.springframework.beans.factory.support.DefaultListableBeanFactory - Returning cached instance of singleton bean 'org.springframework.context.annotation.internalCommonAnnotationProcessor'
12:17:42.288 [Test worker] TRACE org.springframework.beans.factory.support.DefaultListableBeanFactory - Returning cached instance of singleton bean 'org.springframework.context.annotation.internalPersistenceAnnotationProcessor'
12:17:42.288 [Test worker] TRACE org.springframework.beans.factory.support.DefaultListableBeanFactory - Returning cached instance of singleton bean 'org.springframework.context.event.internalEventListenerProcessor'
12:17:42.288 [Test worker] TRACE org.springframework.beans.factory.support.DefaultListableBeanFactory - Returning cached instance of singleton bean 'org.springframework.context.event.internalEventListenerFactory'
12:17:42.288 [Test worker] TRACE org.springframework.beans.factory.support.DefaultListableBeanFactory - Returning cached instance of singleton bean 'org.springframework.boot.test.context.ImportsContextCustomizer$ImportsCleanupPostProcessor'
12:17:42.288 [Test worker] TRACE org.springframework.beans.factory.support.DefaultListableBeanFactory - Returning cached instance of singleton bean 'org.springframework.boot.test.mock.mockito.MockitoPostProcessor$SpyPostProcessor'
12:17:42.288 [Test worker] TRACE org.springframework.beans.factory.support.DefaultListableBeanFactory - Returning cached instance of singleton bean 'org.springframework.boot.test.mock.mockito.MockitoPostProcessor'
12:17:42.288 [Test worker] TRACE org.springframework.beans.factory.support.DefaultListableBeanFactory - Returning cached instance of singleton bean 'laundryMgmtApplication'
12:17:42.288 [Test worker] TRACE org.springframework.beans.factory.support.DefaultListableBeanFactory - Returning cached instance of singleton bean 'org.springframework.boot.autoconfigure.internalCachingMetadataReaderFactory'
12:17:42.288 [Test worker] TRACE org.springframework.beans.factory.support.DefaultListableBeanFactory - Returning cached instance of singleton bean 'org.springframework.boot.autoconfigure.internalCachingMetadataReaderFactory'
12:17:42.288 [Test worker] TRACE org.springframework.beans.factory.support.DefaultListableBeanFactory - Returning cached instance of singleton bean 'org.springframework.boot.autoconfigure.AutoConfigurationPackages'
12:17:42.288 [Test worker] TRACE org.springframework.beans.factory.support.DefaultListableBeanFactory - Returning cached instance of singleton bean 'org.springframework.boot.test.autoconfigure.jdbc.TestDatabaseAutoConfiguration'
12:17:42.289 [Test worker] TRACE org.springframework.beans.factory.support.DefaultListableBeanFactory - Returning cached instance of singleton bean 'embeddedDataSourceBeanFactoryPostProcessor'
12:17:42.289 [Test worker] TRACE org.springframework.beans.factory.support.DefaultListableBeanFactory - Returning cached instance of singleton bean 'org.springframework.boot.autoconfigure.jdbc.DataSourceConfiguration$Hikari'
12:17:42.289 [Test worker] TRACE org.springframework.beans.factory.support.DefaultListableBeanFactory - Returning cached instance of singleton bean 'jdbcConnectionDetailsHikariBeanPostProcessor'
12:17:42.289 [Test worker] TRACE org.springframework.beans.factory.support.DefaultListableBeanFactory - Returning cached instance of singleton bean 'org.springframework.boot.autoconfigure.jdbc.DataSourceAutoConfiguration$PooledDataSourceConfiguration'
12:17:42.289 [Test worker] TRACE org.springframework.beans.factory.support.DefaultListableBeanFactory - Returning cached instance of singleton bean 'jdbcConnectionDetails'
12:17:42.289 [Test worker] TRACE org.springframework.beans.factory.support.DefaultListableBeanFactory - Returning cached instance of singleton bean 'org.springframework.boot.autoconfigure.jdbc.metadata.DataSourcePoolMetadataProvidersConfiguration$HikariPoolDataSourceMetadataProviderConfiguration'
12:17:42.289 [Test worker] TRACE org.springframework.beans.factory.support.DefaultListableBeanFactory - Returning cached instance of singleton bean 'hikariPoolDataSourceMetadataProvider'
12:17:42.289 [Test worker] TRACE org.springframework.beans.factory.support.DefaultListableBeanFactory - Returning cached instance of singleton bean 'org.springframework.boot.autoconfigure.jdbc.metadata.DataSourcePoolMetadataProvidersConfiguration'
12:17:42.289 [Test worker] TRACE org.springframework.beans.factory.support.DefaultListableBeanFactory - Returning cached instance of singleton bean 'org.springframework.boot.autoconfigure.jdbc.DataSourceAutoConfiguration'
12:17:42.289 [Test worker] TRACE org.springframework.beans.factory.support.DefaultListableBeanFactory - Returning cached instance of singleton bean 'org.springframework.boot.context.properties.ConfigurationPropertiesBindingPostProcessor'
12:17:42.289 [Test worker] TRACE org.springframework.beans.factory.support.DefaultListableBeanFactory - Returning cached instance of singleton bean 'org.springframework.boot.context.internalConfigurationPropertiesBinder'
12:17:42.289 [Test worker] TRACE org.springframework.beans.factory.support.DefaultListableBeanFactory - Returning cached instance of singleton bean 'org.springframework.boot.context.internalConfigurationPropertiesBinder'
12:17:42.289 [Test worker] TRACE org.springframework.beans.factory.support.DefaultListableBeanFactory - Returning cached instance of singleton bean 'org.springframework.boot.context.properties.BoundConfigurationProperties'
12:17:42.289 [Test worker] TRACE org.springframework.beans.factory.support.DefaultListableBeanFactory - Returning cached instance of singleton bean 'org.springframework.boot.context.properties.EnableConfigurationPropertiesRegistrar.methodValidationExcludeFilter'
12:17:42.289 [Test worker] TRACE org.springframework.beans.factory.support.DefaultListableBeanFactory - Returning cached instance of singleton bean 'spring.datasource-org.springframework.boot.autoconfigure.jdbc.DataSourceProperties'
12:17:42.289 [Test worker] TRACE org.springframework.beans.factory.support.DefaultListableBeanFactory - Returning cached instance of singleton bean 'org.springframework.boot.autoconfigure.orm.jpa.JpaBaseConfiguration$PersistenceManagedTypesConfiguration'
12:17:42.289 [Test worker] TRACE org.springframework.beans.factory.support.DefaultListableBeanFactory - Returning cached instance of singleton bean 'persistenceManagedTypes'
12:17:42.289 [Test worker] TRACE org.springframework.beans.factory.support.DefaultListableBeanFactory - Returning cached instance of singleton bean 'org.springframework.boot.autoconfigure.orm.jpa.HibernateJpaConfiguration'
12:17:42.290 [Test worker] TRACE org.springframework.beans.factory.support.DefaultListableBeanFactory - Returning cached instance of singleton bean 'transactionManager'
12:17:42.290 [Test worker] TRACE org.springframework.beans.factory.support.DefaultListableBeanFactory - Returning cached instance of singleton bean 'jpaVendorAdapter'
12:17:42.290 [Test worker] TRACE org.springframework.beans.factory.support.DefaultListableBeanFactory - Returning cached instance of singleton bean 'entityManagerFactoryBuilder'
12:17:42.290 [Test worker] TRACE org.springframework.beans.factory.support.DefaultListableBeanFactory - Returning cached instance of singleton bean 'entityManagerFactory'
12:17:42.290 [Test worker] TRACE org.springframework.beans.factory.support.DefaultListableBeanFactory - Returning cached instance of singleton bean 'entityManagerFactory'
12:17:42.290 [Test worker] TRACE org.springframework.beans.factory.support.DefaultListableBeanFactory - Returning cached instance of singleton bean 'spring.jpa.hibernate-org.springframework.boot.autoconfigure.orm.jpa.HibernateProperties'
12:17:42.290 [Test worker] TRACE org.springframework.beans.factory.support.DefaultListableBeanFactory - Returning cached instance of singleton bean 'spring.jpa-org.springframework.boot.autoconfigure.orm.jpa.JpaProperties'
12:17:42.290 [Test worker] TRACE org.springframework.beans.factory.support.DefaultListableBeanFactory - Returning cached instance of singleton bean 'org.springframework.boot.autoconfigure.orm.jpa.HibernateJpaAutoConfiguration'
12:17:42.290 [Test worker] TRACE org.springframework.beans.factory.support.DefaultListableBeanFactory - Returning cached instance of singleton bean 'org.springframework.boot.autoconfigure.data.jpa.JpaRepositoriesAutoConfiguration'
12:17:42.290 [Test worker] TRACE org.springframework.beans.factory.support.DefaultListableBeanFactory - Returning cached instance of singleton bean 'jpaSharedEM_entityManagerFactory'
12:17:42.290 [Test worker] TRACE org.springframework.beans.factory.support.DefaultListableBeanFactory - Returning cached instance of singleton bean 'emBeanDefinitionRegistrarPostProcessor'
12:17:42.290 [Test worker] TRACE org.springframework.beans.factory.support.DefaultListableBeanFactory - Returning cached instance of singleton bean 'jpaMappingContext'
12:17:42.290 [Test worker] TRACE org.springframework.beans.factory.support.DefaultListableBeanFactory - Returning cached instance of singleton bean 'jpaMappingContext'
12:17:42.290 [Test worker] TRACE org.springframework.beans.factory.support.DefaultListableBeanFactory - Returning cached instance of singleton bean 'org.springframework.data.jpa.util.JpaMetamodelCacheCleanup'
12:17:42.290 [Test worker] TRACE org.springframework.beans.factory.support.DefaultListableBeanFactory - Returning cached instance of singleton bean 'org.springframework.data.jpa.repository.support.JpaEvaluationContextExtension'
12:17:42.290 [Test worker] TRACE org.springframework.beans.factory.support.DefaultListableBeanFactory - Returning cached instance of singleton bean 'jpa.named-queries#0'
12:17:42.290 [Test worker] TRACE org.springframework.beans.factory.support.DefaultListableBeanFactory - Returning cached instance of singleton bean 'jpa.named-queries#0'
12:17:42.290 [Test worker] TRACE org.springframework.beans.factory.support.DefaultListableBeanFactory - Returning cached instance of singleton bean 'jpa.SensorDao.fragments#0'
12:17:42.290 [Test worker] TRACE org.springframework.beans.factory.support.DefaultListableBeanFactory - Returning cached instance of singleton bean 'jpa.SensorDao.fragments#0'
12:17:42.290 [Test worker] TRACE org.springframework.beans.factory.support.DefaultListableBeanFactory - Returning cached instance of singleton bean 'sensorDao'
12:17:42.290 [Test worker] TRACE org.springframework.beans.factory.support.DefaultListableBeanFactory - Returning cached instance of singleton bean 'sensorDao'
12:17:42.290 [Test worker] TRACE org.springframework.beans.factory.support.DefaultListableBeanFactory - Returning cached instance of singleton bean 'jpa.named-queries#1'
12:17:42.290 [Test worker] TRACE org.springframework.beans.factory.support.DefaultListableBeanFactory - Returning cached instance of singleton bean 'jpa.named-queries#1'
12:17:42.290 [Test worker] TRACE org.springframework.beans.factory.support.DefaultListableBeanFactory - Returning cached instance of singleton bean 'jpa.ReservationDao.fragments#0'
12:17:42.291 [Test worker] TRACE org.springframework.beans.factory.support.DefaultListableBeanFactory - Returning cached instance of singleton bean 'jpa.ReservationDao.fragments#0'
12:17:42.291 [Test worker] TRACE org.springframework.beans.factory.support.DefaultListableBeanFactory - Returning cached instance of singleton bean 'reservationDao'
12:17:42.291 [Test worker] TRACE org.springframework.beans.factory.support.DefaultListableBeanFactory - Returning cached instance of singleton bean 'reservationDao'
12:17:42.291 [Test worker] TRACE org.springframework.beans.factory.support.DefaultListableBeanFactory - Returning cached instance of singleton bean 'jpa.named-queries#2'
12:17:42.291 [Test worker] TRACE org.springframework.beans.factory.support.DefaultListableBeanFactory - Returning cached instance of singleton bean 'jpa.named-queries#2'
12:17:42.291 [Test worker] TRACE org.springframework.beans.factory.support.DefaultListableBeanFactory - Returning cached instance of singleton bean 'jpa.MachineDao.fragments#0'
12:17:42.291 [Test worker] TRACE org.springframework.beans.factory.support.DefaultListableBeanFactory - Returning cached instance of singleton bean 'jpa.MachineDao.fragments#0'
12:17:42.291 [Test worker] TRACE org.springframework.beans.factory.support.DefaultListableBeanFactory - Returning cached instance of singleton bean 'machineDao'
12:17:42.291 [Test worker] TRACE org.springframework.beans.factory.support.DefaultListableBeanFactory - Returning cached instance of singleton bean 'machineDao'
12:17:42.291 [Test worker] TRACE org.springframework.beans.factory.support.DefaultListableBeanFactory - Returning cached instance of singleton bean 'data-jpa.repository-aot-processor#0'
12:17:42.291 [Test worker] TRACE org.springframework.beans.factory.support.DefaultListableBeanFactory - Returning cached instance of singleton bean 'org.springframework.boot.autoconfigure.jdbc.JdbcTemplateConfiguration'
12:17:42.291 [Test worker] TRACE org.springframework.beans.factory.support.DefaultListableBeanFactory - Returning cached instance of singleton bean 'jdbcTemplate'
12:17:42.291 [Test worker] TRACE org.springframework.beans.factory.support.DefaultListableBeanFactory - Returning cached instance of singleton bean 'org.springframework.boot.autoconfigure.jdbc.NamedParameterJdbcTemplateConfiguration'
12:17:42.291 [Test worker] TRACE org.springframework.beans.factory.support.DefaultListableBeanFactory - Returning cached instance of singleton bean 'namedParameterJdbcTemplate'
12:17:42.291 [Test worker] TRACE org.springframework.beans.factory.support.DefaultListableBeanFactory - Returning cached instance of singleton bean 'org.springframework.boot.autoconfigure.jdbc.JdbcTemplateAutoConfiguration'
12:17:42.291 [Test worker] TRACE org.springframework.beans.factory.support.DefaultListableBeanFactory - Returning cached instance of singleton bean 'spring.jdbc-org.springframework.boot.autoconfigure.jdbc.JdbcProperties'
12:17:42.291 [Test worker] TRACE org.springframework.beans.factory.support.DefaultListableBeanFactory - Returning cached instance of singleton bean 'org.springframework.boot.sql.init.dependency.DatabaseInitializationDependencyConfigurer$DependsOnDatabaseInitializationPostProcessor'
12:17:42.291 [Test worker] TRACE org.springframework.beans.factory.support.DefaultListableBeanFactory - Returning cached instance of singleton bean 'org.springframework.boot.autoconfigure.sql.init.DataSourceInitializationConfiguration'
12:17:42.291 [Test worker] TRACE org.springframework.beans.factory.support.DefaultListableBeanFactory - Returning cached instance of singleton bean 'dataSourceScriptDatabaseInitializer'
12:17:42.291 [Test worker] TRACE org.springframework.beans.factory.support.DefaultListableBeanFactory - Returning cached instance of singleton bean 'org.springframework.boot.autoconfigure.sql.init.SqlInitializationAutoConfiguration'
12:17:42.291 [Test worker] TRACE org.springframework.beans.factory.support.DefaultListableBeanFactory - Returning cached instance of singleton bean 'spring.sql.init-org.springframework.boot.autoconfigure.sql.init.SqlInitializationProperties'
12:17:42.291 [Test worker] TRACE org.springframework.beans.factory.support.DefaultListableBeanFactory - Returning cached instance of singleton bean 'org.springframework.boot.autoconfigure.jdbc.DataSourceTransactionManagerAutoConfiguration$JdbcTransactionManagerConfiguration'
12:17:42.291 [Test worker] TRACE org.springframework.beans.factory.support.DefaultListableBeanFactory - Returning cached instance of singleton bean 'org.springframework.boot.autoconfigure.jdbc.DataSourceTransactionManagerAutoConfiguration'
12:17:42.291 [Test worker] TRACE org.springframework.beans.factory.support.DefaultListableBeanFactory - Returning cached instance of singleton bean 'org.springframework.transaction.annotation.ProxyTransactionManagementConfiguration'
12:17:42.291 [Test worker] TRACE org.springframework.beans.factory.support.DefaultListableBeanFactory - Returning cached instance of singleton bean 'org.springframework.transaction.config.internalTransactionAdvisor'
12:17:42.291 [Test worker] TRACE org.springframework.beans.factory.support.DefaultListableBeanFactory - Returning cached instance of singleton bean 'transactionAttributeSource'
12:17:42.291 [Test worker] TRACE org.springframework.beans.factory.support.DefaultListableBeanFactory - Returning cached instance of singleton bean 'transactionInterceptor'
12:17:42.291 [Test worker] TRACE org.springframework.beans.factory.support.DefaultListableBeanFactory - Returning cached instance of singleton bean 'org.springframework.transaction.config.internalTransactionalEventListenerFactory'
12:17:42.291 [Test worker] TRACE org.springframework.beans.factory.support.DefaultListableBeanFactory - Returning cached instance of singleton bean 'org.springframework.boot.autoconfigure.transaction.TransactionAutoConfiguration$EnableTransactionManagementConfiguration$CglibAutoProxyConfiguration'
12:17:42.291 [Test worker] TRACE org.springframework.beans.factory.support.DefaultListableBeanFactory - Returning cached instance of singleton bean 'org.springframework.aop.config.internalAutoProxyCreator'
12:17:42.291 [Test worker] TRACE org.springframework.beans.factory.support.DefaultListableBeanFactory - Returning cached instance of singleton bean 'org.springframework.boot.autoconfigure.transaction.TransactionAutoConfiguration$EnableTransactionManagementConfiguration'
12:17:42.291 [Test worker] TRACE org.springframework.beans.factory.support.DefaultListableBeanFactory - Returning cached instance of singleton bean 'org.springframework.boot.autoconfigure.transaction.TransactionAutoConfiguration$TransactionTemplateConfiguration'
12:17:42.291 [Test worker] TRACE org.springframework.beans.factory.support.DefaultListableBeanFactory - Returning cached instance of singleton bean 'transactionTemplate'
12:17:42.291 [Test worker] TRACE org.springframework.beans.factory.support.DefaultListableBeanFactory - Returning cached instance of singleton bean 'org.springframework.boot.autoconfigure.transaction.TransactionAutoConfiguration'
12:17:42.291 [Test worker] TRACE org.springframework.beans.factory.support.DefaultListableBeanFactory - Returning cached instance of singleton bean 'platformTransactionManagerCustomizers'
12:17:42.291 [Test worker] TRACE org.springframework.beans.factory.support.DefaultListableBeanFactory - Returning cached instance of singleton bean 'spring.transaction-org.springframework.boot.autoconfigure.transaction.TransactionProperties'
12:17:42.291 [Test worker] TRACE org.springframework.beans.factory.support.DefaultListableBeanFactory - Returning cached instance of singleton bean 'org.springframework.boot.test.autoconfigure.orm.jpa.TestEntityManagerAutoConfiguration'
12:17:42.291 [Test worker] TRACE org.springframework.beans.factory.support.DefaultListableBeanFactory - Returning cached instance of singleton bean 'testEntityManager'
12:17:42.291 [Test worker] TRACE org.springframework.beans.factory.support.DefaultListableBeanFactory - Returning cached instance of singleton bean 'dataSource'
12:17:42.291 [Test worker] TRACE org.springframework.beans.factory.support.DefaultListableBeanFactory - Returning cached instance of singleton bean 'dataSource'
12:17:42.291 [Test worker] TRACE org.springframework.beans.factory.support.DefaultListableBeanFactory - Returning cached instance of singleton bean 'org.springframework.boot.test.mock.mockito.MockitoBeans'
12:17:42.292 [Test worker] TRACE org.springframework.test.context.TestContextManager - beforeTestExecution(): instance [com.laundry.laundryMgmt.SensorTest.SensorDaoTest@6050d04d], method [public void com.laundry.laundryMgmt.SensorTest.SensorDaoTest.shouldFindAnySensorbyId()]
12:17:42.292 [Test worker] TRACE org.springframework.test.context.cache.DefaultCacheAwareContextLoaderDelegate - Retrieved ApplicationContext [1737837937] from cache with key [MergedContextConfiguration@5891bd6d testClass = com.laundry.laundryMgmt.SensorTest.SensorDaoTest, locations = [], classes = [com.laundry.laundryMgmt.LaundryMgmtApplication], contextInitializerClasses = [], activeProfiles = [], propertySourceLocations = [], propertySourceProperties = ["org.springframework.boot.test.autoconfigure.orm.jpa.DataJpaTestContextBootstrapper=true"], contextCustomizers = [org.springframework.boot.test.autoconfigure.OverrideAutoConfigurationContextCustomizerFactory$DisableAutoConfigurationContextCustomizer@2ae92511, org.springframework.boot.test.autoconfigure.actuate.observability.ObservabilityContextCustomizerFactory$DisableObservabilityContextCustomizer@1f, org.springframework.boot.test.autoconfigure.filter.TypeExcludeFiltersContextCustomizer@351584c0, org.springframework.boot.test.autoconfigure.properties.PropertyMappingContextCustomizer@a13c477e, org.springframework.boot.test.autoconfigure.web.servlet.WebDriverContextCustomizer@79b663b3, [ImportsContextCustomizer@455082d2 key = [org.springframework.boot.autoconfigure.transaction.TransactionAutoConfiguration, org.springframework.boot.autoconfigure.data.jpa.JpaRepositoriesAutoConfiguration, org.springframework.boot.autoconfigure.jdbc.DataSourceAutoConfiguration, org.springframework.boot.test.autoconfigure.orm.jpa.TestEntityManagerAutoConfiguration, org.springframework.boot.autoconfigure.cache.CacheAutoConfiguration, org.springframework.boot.autoconfigure.orm.jpa.HibernateJpaAutoConfiguration, org.springframework.boot.autoconfigure.sql.init.SqlInitializationAutoConfiguration, org.springframework.boot.autoconfigure.jdbc.JdbcTemplateAutoConfiguration, org.springframework.boot.test.autoconfigure.jdbc.TestDatabaseAutoConfiguration, org.springframework.boot.autoconfigure.flyway.FlywayAutoConfiguration, org.springframework.boot.autoconfigure.jdbc.DataSourceTransactionManagerAutoConfiguration, org.springframework.boot.autoconfigure.liquibase.LiquibaseAutoConfiguration]], org.springframework.boot.test.context.filter.ExcludeFilterContextCustomizer@7882c44a, org.springframework.boot.test.json.DuplicateJsonObjectContextCustomizerFactory$DuplicateJsonObjectContextCustomizer@78dc4696, org.springframework.boot.test.mock.mockito.MockitoContextCustomizer@0, org.springframework.boot.test.context.SpringBootTestAnnotation@7152c5d3], contextLoader = org.springframework.boot.test.context.SpringBootContextLoader, parent = null]
12:17:42.292 [Test worker] DEBUG org.springframework.test.context.cache - Spring test ApplicationContext cache statistics: [DefaultContextCache@21a14c45 size = 2, maxSize = 32, parentContextCount = 0, hitCount = 48, missCount = 2]
12:17:42.293 [Test worker] TRACE org.springframework.data.repository.core.support.TransactionalRepositoryProxyPostProcessor$RepositoryAnnotationTransactionAttributeSource - Adding transactional method 'org.springframework.data.jpa.repository.support.SimpleJpaRepository.getReferenceById' with attribute: PROPAGATION_REQUIRED,ISOLATION_DEFAULT,readOnly
12:17:42.293 [Test worker] TRACE org.springframework.beans.factory.support.DefaultListableBeanFactory - Returning cached instance of singleton bean 'transactionManager'
12:17:42.293 [Test worker] DEBUG org.springframework.orm.jpa.JpaTransactionManager - Found thread-bound EntityManager [SessionImpl(857245356PersistenceContext[entityKeys=[], collectionKeys=[]];ActionQueue[insertions=ExecutableList{size=0} updates=ExecutableList{size=0} deletions=ExecutableList{size=0} orphanRemovals=ExecutableList{size=0} collectionCreations=ExecutableList{size=0} collectionRemovals=ExecutableList{size=0} collectionUpdates=ExecutableList{size=0} collectionQueuedOps=ExecutableList{size=0} unresolvedInsertDependencies=null])] for JPA transaction
12:17:42.293 [Test worker] DEBUG org.springframework.orm.jpa.JpaTransactionManager - Participating in existing transaction
12:17:42.293 [Test worker] TRACE org.springframework.transaction.interceptor.TransactionInterceptor - Getting transaction for [org.springframework.data.jpa.repository.support.SimpleJpaRepository.getReferenceById]
12:17:42.296 [Test worker] TRACE org.hibernate.event.internal.DefaultLoadEventListener - Loading entity: [com.laundry.laundryMgmt.models.SensorEntity#-1]
12:17:42.296 [Test worker] TRACE org.hibernate.event.internal.DefaultLoadEventListener - Creating new proxy for entity
12:17:42.296 [Test worker] TRACE org.springframework.transaction.interceptor.TransactionInterceptor - Completing transaction for [org.springframework.data.jpa.repository.support.SimpleJpaRepository.getReferenceById]
12:17:42.297 [Test worker] DEBUG org.hibernate.internal.SessionImpl - Initializing proxy: [com.laundry.laundryMgmt.models.SensorEntity#-1]
12:17:42.297 [Test worker] TRACE org.hibernate.event.internal.DefaultLoadEventListener - Attempting to resolve: [com.laundry.laundryMgmt.models.SensorEntity#-1]
12:17:42.297 [Test worker] TRACE org.hibernate.event.internal.DefaultLoadEventListener - Object not resolved in any cache: [com.laundry.laundryMgmt.models.SensorEntity#-1]
12:17:42.297 [Test worker] TRACE org.hibernate.persister.entity.AbstractEntityPersister - Fetching entity: [com.laundry.laundryMgmt.models.SensorEntity#-1]
12:17:42.297 [Test worker] DEBUG org.hibernate.orm.sql.exec - Skipping reading Query result cache data: cache-enabled = false, cache-mode = IGNORE
12:17:42.297 [Test worker] TRACE org.hibernate.orm.results - Registering initializer : EntityJoinedFetchInitializer(com.laundry.laundryMgmt.models.SensorEntity.machine)
12:17:42.298 [Test worker] TRACE org.hibernate.orm.results - Registering initializer : EntityResultInitializer(com.laundry.laundryMgmt.models.SensorEntity)
12:17:42.298 [Test worker] DEBUG org.hibernate.orm.results - Initializer list:
	  com.laundry.laundryMgmt.models.SensorEntity -> EntityResultInitializer(com.laundry.laundryMgmt.models.SensorEntity)@1862356775 (SingleTableEntityPersister(com.laundry.laundryMgmt.models.SensorEntity))
	  com.laundry.laundryMgmt.models.SensorEntity.machine -> EntityJoinedFetchInitializer(com.laundry.laundryMgmt.models.SensorEntity.machine)@408656269 (ToOneAttributeMapping(NavigableRole[com.laundry.laundryMgmt.models.SensorEntity.machine])@1204339062)

12:17:42.300 [Test worker] TRACE org.hibernate.sql.results.jdbc.internal.DeferredResultSetAccess - Executing query to retrieve ResultSet : select s1_0.sensor_id,s1_0.measure,m1_0.machine_id,m1_0.available,m1_0.machine_status,m1_0.progress,m1_0.starting_time,m1_0.cycle_type,m1_0.name,s1_0.sensor_name,s1_0.sensor_type,s1_0.status from sensor_entity s1_0 left join machine_entity m1_0 on m1_0.machine_id=s1_0.machine_machine_id where s1_0.sensor_id=?
12:17:42.300 [Test worker] DEBUG org.hibernate.SQL - select s1_0.sensor_id,s1_0.measure,m1_0.machine_id,m1_0.available,m1_0.machine_status,m1_0.progress,m1_0.starting_time,m1_0.cycle_type,m1_0.name,s1_0.sensor_name,s1_0.sensor_type,s1_0.status from sensor_entity s1_0 left join machine_entity m1_0 on m1_0.machine_id=s1_0.machine_machine_id where s1_0.sensor_id=?
Hibernate: select s1_0.sensor_id,s1_0.measure,m1_0.machine_id,m1_0.available,m1_0.machine_status,m1_0.progress,m1_0.starting_time,m1_0.cycle_type,m1_0.name,s1_0.sensor_name,s1_0.sensor_type,s1_0.status from sensor_entity s1_0 left join machine_entity m1_0 on m1_0.machine_id=s1_0.machine_machine_id where s1_0.sensor_id=?
12:17:42.301 [Test worker] TRACE org.hibernate.resource.jdbc.internal.ResourceRegistryStandardImpl - Registering statement [prep4: select s1_0.sensor_id,s1_0.measure,m1_0.machine_id,m1_0.available,m1_0.machine_status,m1_0.progress,m1_0.starting_time,m1_0.cycle_type,m1_0.name,s1_0.sensor_name,s1_0.sensor_type,s1_0.status from sensor_entity s1_0 left join machine_entity m1_0 on m1_0.machine_id=s1_0.machine_machine_id where s1_0.sensor_id=?]
12:17:42.301 [Test worker] TRACE org.hibernate.engine.jdbc.internal.JdbcCoordinatorImpl - Registering last query statement [prep4: select s1_0.sensor_id,s1_0.measure,m1_0.machine_id,m1_0.available,m1_0.machine_status,m1_0.progress,m1_0.starting_time,m1_0.cycle_type,m1_0.name,s1_0.sensor_name,s1_0.sensor_type,s1_0.status from sensor_entity s1_0 left join machine_entity m1_0 on m1_0.machine_id=s1_0.machine_machine_id where s1_0.sensor_id=?]
12:17:42.301 [Test worker] TRACE org.hibernate.orm.jdbc.bind - binding parameter [1] as [BIGINT] - [-1]
12:17:42.302 [Test worker] TRACE org.hibernate.resource.jdbc.internal.ResourceRegistryStandardImpl - Registering result set [rs38: org.h2.result.LocalResult@38067d41 columns: 12 rows: 1 pos: -1]
12:17:42.303 [Test worker] TRACE org.hibernate.resource.jdbc.internal.AbstractLogicalConnectionImplementor - LogicalConnection#afterStatement
12:17:42.304 [Test worker] TRACE org.hibernate.orm.jdbc.extract - extracted value ([1] : [BIGINT]) - [-1]
12:17:42.304 [Test worker] TRACE org.hibernate.orm.jdbc.extract - extracted value ([2] : [INTEGER]) - [13]
12:17:42.305 [Test worker] TRACE org.hibernate.orm.jdbc.extract - extracted value ([3] : [BIGINT]) - [-2]
12:17:42.305 [Test worker] TRACE org.hibernate.orm.jdbc.extract - extracted value ([4] : [BOOLEAN]) - [false]
12:17:42.305 [Test worker] TRACE org.hibernate.orm.jdbc.extract - extracted value ([5] : [BOOLEAN]) - [false]
12:17:42.306 [Test worker] TRACE org.hibernate.orm.jdbc.extract - extracted value ([6] : [INTEGER]) - [40]
12:17:42.310 [Test worker] TRACE org.hibernate.orm.jdbc.extract - extracted value ([7] : [TIME]) - [null]
12:17:42.310 [Test worker] TRACE org.hibernate.orm.jdbc.extract - extracted value ([8] : [VARCHAR]) - [null]
12:17:42.310 [Test worker] TRACE org.hibernate.orm.jdbc.extract - extracted value ([9] : [VARCHAR]) - [TEST MACHINE]
12:17:42.310 [Test worker] TRACE org.hibernate.orm.jdbc.extract - extracted value ([10] : [VARCHAR]) - [TEST SENSOR]
12:17:42.310 [Test worker] TRACE org.hibernate.orm.jdbc.extract - extracted value ([11] : [VARCHAR]) - [TEMPERATURE]
12:17:42.310 [Test worker] TRACE org.hibernate.orm.jdbc.extract - extracted value ([12] : [BOOLEAN]) - [false]
12:17:42.310 [Test worker] TRACE org.hibernate.orm.results.loading - StandardRowReader#readRow
12:17:42.310 [Test worker] TRACE org.hibernate.orm.results.loading.entity - (o.h.s.r.g.e.i.EntityJoinedFetchInitializer) Beginning Initializer#resolveKey process for entity : com.laundry.laundryMgmt.models.SensorEntity.machine
12:17:42.310 [Test worker] DEBUG org.hibernate.orm.results - Extracted JDBC value [2] - [-2]
12:17:42.310 [Test worker] DEBUG org.hibernate.orm.results.loading.entity - (EntityJoinedFetchInitializer) Hydrated EntityKey (com.laundry.laundryMgmt.models.SensorEntity.machine): -2
12:17:42.310 [Test worker] TRACE org.hibernate.orm.results.loading.entity - (o.h.s.r.g.e.i.EntityResultInitializer) Beginning Initializer#resolveKey process for entity : com.laundry.laundryMgmt.models.SensorEntity
12:17:42.310 [Test worker] DEBUG org.hibernate.orm.results.loading.entity - (EntityResultInitializer) Hydrated EntityKey (com.laundry.laundryMgmt.models.SensorEntity): -1
12:17:42.310 [Test worker] TRACE org.hibernate.orm.results.loading.entity - (o.h.s.r.g.e.i.EntityJoinedFetchInitializer) Beginning Initializer#resolveInstance process for entity (com.laundry.laundryMgmt.models.SensorEntity.machine) : -2
12:17:42.310 [Test worker] DEBUG org.hibernate.orm.results.loading.entity - (EntityJoinedFetchInitializer) Created new entity instance [com.laundry.laundryMgmt.models.SensorEntity.machine#-2] : 2107089312
12:17:42.311 [Test worker] TRACE org.hibernate.orm.results.loading.entity - (o.h.s.r.g.e.i.EntityResultInitializer) Beginning Initializer#resolveInstance process for entity (com.laundry.laundryMgmt.models.SensorEntity) : -1
12:17:42.311 [Test worker] TRACE org.hibernate.orm.results.loading.entity - (EntityJoinedFetchInitializer) Beginning Initializer#initializeInstance process for entity com.laundry.laundryMgmt.models.SensorEntity.machine#-2
12:17:42.311 [Test worker] DEBUG org.hibernate.orm.results - Extracted JDBC value [3] - [false]
12:17:42.311 [Test worker] DEBUG org.hibernate.orm.results - Extracted JDBC value [4] - [false]
12:17:42.311 [Test worker] DEBUG org.hibernate.orm.results - Extracted JDBC value [5] - [40]
12:17:42.311 [Test worker] DEBUG org.hibernate.orm.results - Extracted JDBC value [6] - [null]
12:17:42.311 [Test worker] DEBUG org.hibernate.orm.results - Extracted JDBC value [7] - [null]
12:17:42.311 [Test worker] DEBUG org.hibernate.orm.results - Extracted JDBC value [8] - [TEST MACHINE]
12:17:42.311 [Test worker] DEBUG org.hibernate.orm.results.loading.entity - (EntityJoinedFetchInitializer) Done materializing entityInstance : com.laundry.laundryMgmt.models.SensorEntity.machine#-2
12:17:42.311 [Test worker] DEBUG org.hibernate.orm.results.loading.entity - (EntityResultInitializer) Created new entity instance [com.laundry.laundryMgmt.models.SensorEntity#-1] : 2068287961
12:17:42.311 [Test worker] TRACE org.hibernate.orm.results.loading.entity - (EntityResultInitializer) Beginning Initializer#initializeInstance process for entity com.laundry.laundryMgmt.models.SensorEntity#-1
12:17:42.311 [Test worker] DEBUG org.hibernate.orm.results - Extracted JDBC value [1] - [13]
12:17:42.311 [Test worker] DEBUG org.hibernate.orm.results - Extracted JDBC value [9] - [TEST SENSOR]
12:17:42.311 [Test worker] DEBUG org.hibernate.orm.results - Extracted JDBC value [10] - [TEMPERATURE]
12:17:42.311 [Test worker] DEBUG org.hibernate.orm.results - Extracted JDBC value [11] - [false]
12:17:42.311 [Test worker] DEBUG org.hibernate.orm.results.loading.entity - (EntityResultInitializer) Done materializing entityInstance : com.laundry.laundryMgmt.models.SensorEntity#-1
12:17:42.311 [Test worker] DEBUG org.hibernate.orm.results.loading - Calling top-level assembler (0 / 1) : org.hibernate.sql.results.graph.entity.internal.EntityAssembler@70201785
12:17:42.311 [Test worker] TRACE org.hibernate.orm.results.loading - StandardRowReader#afterRow
12:17:42.311 [Test worker] TRACE org.hibernate.resource.jdbc.internal.ResourceRegistryStandardImpl - Releasing result set [rs38: org.h2.result.LocalResult@38067d41 columns: 12 rows: 1 pos: 1]
12:17:42.311 [Test worker] TRACE org.hibernate.resource.jdbc.internal.ResourceRegistryStandardImpl - Closing result set [rs38: org.h2.result.LocalResult@38067d41 columns: 12 rows: 1 pos: 1]
12:17:42.311 [Test worker] TRACE org.hibernate.resource.jdbc.internal.ResourceRegistryStandardImpl - Releasing statement [prep4: select s1_0.sensor_id,s1_0.measure,m1_0.machine_id,m1_0.available,m1_0.machine_status,m1_0.progress,m1_0.starting_time,m1_0.cycle_type,m1_0.name,s1_0.sensor_name,s1_0.sensor_type,s1_0.status from sensor_entity s1_0 left join machine_entity m1_0 on m1_0.machine_id=s1_0.machine_machine_id where s1_0.sensor_id=? {1: CAST(-1 AS BIGINT)}]
12:17:42.311 [Test worker] TRACE org.hibernate.resource.jdbc.internal.ResourceRegistryStandardImpl - Closing prepared statement [prep4: select s1_0.sensor_id,s1_0.measure,m1_0.machine_id,m1_0.available,m1_0.machine_status,m1_0.progress,m1_0.starting_time,m1_0.cycle_type,m1_0.name,s1_0.sensor_name,s1_0.sensor_type,s1_0.status from sensor_entity s1_0 left join machine_entity m1_0 on m1_0.machine_id=s1_0.machine_machine_id where s1_0.sensor_id=? {1: CAST(-1 AS BIGINT)}]
12:17:42.313 [Test worker] TRACE org.hibernate.engine.internal.StatefulPersistenceContext - Initializing non-lazy collections
12:17:42.313 [Test worker] TRACE org.springframework.test.context.TestContextManager - afterTestExecution(): instance [com.laundry.laundryMgmt.SensorTest.SensorDaoTest@6050d04d], method [public void com.laundry.laundryMgmt.SensorTest.SensorDaoTest.shouldFindAnySensorbyId()], exception [null]
12:17:42.314 [Test worker] TRACE org.springframework.test.context.cache.DefaultCacheAwareContextLoaderDelegate - Retrieved ApplicationContext [1737837937] from cache with key [MergedContextConfiguration@5891bd6d testClass = com.laundry.laundryMgmt.SensorTest.SensorDaoTest, locations = [], classes = [com.laundry.laundryMgmt.LaundryMgmtApplication], contextInitializerClasses = [], activeProfiles = [], propertySourceLocations = [], propertySourceProperties = ["org.springframework.boot.test.autoconfigure.orm.jpa.DataJpaTestContextBootstrapper=true"], contextCustomizers = [org.springframework.boot.test.autoconfigure.OverrideAutoConfigurationContextCustomizerFactory$DisableAutoConfigurationContextCustomizer@2ae92511, org.springframework.boot.test.autoconfigure.actuate.observability.ObservabilityContextCustomizerFactory$DisableObservabilityContextCustomizer@1f, org.springframework.boot.test.autoconfigure.filter.TypeExcludeFiltersContextCustomizer@351584c0, org.springframework.boot.test.autoconfigure.properties.PropertyMappingContextCustomizer@a13c477e, org.springframework.boot.test.autoconfigure.web.servlet.WebDriverContextCustomizer@79b663b3, [ImportsContextCustomizer@455082d2 key = [org.springframework.boot.autoconfigure.transaction.TransactionAutoConfiguration, org.springframework.boot.autoconfigure.data.jpa.JpaRepositoriesAutoConfiguration, org.springframework.boot.autoconfigure.jdbc.DataSourceAutoConfiguration, org.springframework.boot.test.autoconfigure.orm.jpa.TestEntityManagerAutoConfiguration, org.springframework.boot.autoconfigure.cache.CacheAutoConfiguration, org.springframework.boot.autoconfigure.orm.jpa.HibernateJpaAutoConfiguration, org.springframework.boot.autoconfigure.sql.init.SqlInitializationAutoConfiguration, org.springframework.boot.autoconfigure.jdbc.JdbcTemplateAutoConfiguration, org.springframework.boot.test.autoconfigure.jdbc.TestDatabaseAutoConfiguration, org.springframework.boot.autoconfigure.flyway.FlywayAutoConfiguration, org.springframework.boot.autoconfigure.jdbc.DataSourceTransactionManagerAutoConfiguration, org.springframework.boot.autoconfigure.liquibase.LiquibaseAutoConfiguration]], org.springframework.boot.test.context.filter.ExcludeFilterContextCustomizer@7882c44a, org.springframework.boot.test.json.DuplicateJsonObjectContextCustomizerFactory$DuplicateJsonObjectContextCustomizer@78dc4696, org.springframework.boot.test.mock.mockito.MockitoContextCustomizer@0, org.springframework.boot.test.context.SpringBootTestAnnotation@7152c5d3], contextLoader = org.springframework.boot.test.context.SpringBootContextLoader, parent = null]
12:17:42.314 [Test worker] DEBUG org.springframework.test.context.cache - Spring test ApplicationContext cache statistics: [DefaultContextCache@21a14c45 size = 2, maxSize = 32, parentContextCount = 0, hitCount = 49, missCount = 2]
12:17:42.314 [Test worker] TRACE org.springframework.test.context.TestContextManager - afterTestMethod(): instance [com.laundry.laundryMgmt.SensorTest.SensorDaoTest@6050d04d], method [public void com.laundry.laundryMgmt.SensorTest.SensorDaoTest.shouldFindAnySensorbyId()], exception [null]
12:17:42.314 [Test worker] TRACE org.springframework.test.context.cache.DefaultCacheAwareContextLoaderDelegate - Retrieved ApplicationContext [1737837937] from cache with key [MergedContextConfiguration@5891bd6d testClass = com.laundry.laundryMgmt.SensorTest.SensorDaoTest, locations = [], classes = [com.laundry.laundryMgmt.LaundryMgmtApplication], contextInitializerClasses = [], activeProfiles = [], propertySourceLocations = [], propertySourceProperties = ["org.springframework.boot.test.autoconfigure.orm.jpa.DataJpaTestContextBootstrapper=true"], contextCustomizers = [org.springframework.boot.test.autoconfigure.OverrideAutoConfigurationContextCustomizerFactory$DisableAutoConfigurationContextCustomizer@2ae92511, org.springframework.boot.test.autoconfigure.actuate.observability.ObservabilityContextCustomizerFactory$DisableObservabilityContextCustomizer@1f, org.springframework.boot.test.autoconfigure.filter.TypeExcludeFiltersContextCustomizer@351584c0, org.springframework.boot.test.autoconfigure.properties.PropertyMappingContextCustomizer@a13c477e, org.springframework.boot.test.autoconfigure.web.servlet.WebDriverContextCustomizer@79b663b3, [ImportsContextCustomizer@455082d2 key = [org.springframework.boot.autoconfigure.transaction.TransactionAutoConfiguration, org.springframework.boot.autoconfigure.data.jpa.JpaRepositoriesAutoConfiguration, org.springframework.boot.autoconfigure.jdbc.DataSourceAutoConfiguration, org.springframework.boot.test.autoconfigure.orm.jpa.TestEntityManagerAutoConfiguration, org.springframework.boot.autoconfigure.cache.CacheAutoConfiguration, org.springframework.boot.autoconfigure.orm.jpa.HibernateJpaAutoConfiguration, org.springframework.boot.autoconfigure.sql.init.SqlInitializationAutoConfiguration, org.springframework.boot.autoconfigure.jdbc.JdbcTemplateAutoConfiguration, org.springframework.boot.test.autoconfigure.jdbc.TestDatabaseAutoConfiguration, org.springframework.boot.autoconfigure.flyway.FlywayAutoConfiguration, org.springframework.boot.autoconfigure.jdbc.DataSourceTransactionManagerAutoConfiguration, org.springframework.boot.autoconfigure.liquibase.LiquibaseAutoConfiguration]], org.springframework.boot.test.context.filter.ExcludeFilterContextCustomizer@7882c44a, org.springframework.boot.test.json.DuplicateJsonObjectContextCustomizerFactory$DuplicateJsonObjectContextCustomizer@78dc4696, org.springframework.boot.test.mock.mockito.MockitoContextCustomizer@0, org.springframework.boot.test.context.SpringBootTestAnnotation@7152c5d3], contextLoader = org.springframework.boot.test.context.SpringBootContextLoader, parent = null]
12:17:42.314 [Test worker] DEBUG org.springframework.test.context.cache - Spring test ApplicationContext cache statistics: [DefaultContextCache@21a14c45 size = 2, maxSize = 32, parentContextCount = 0, hitCount = 50, missCount = 2]
12:17:42.314 [Test worker] TRACE org.springframework.beans.factory.support.DefaultListableBeanFactory - Returning cached instance of singleton bean 'org.springframework.context.annotation.internalConfigurationAnnotationProcessor'
12:17:42.314 [Test worker] TRACE org.springframework.beans.factory.support.DefaultListableBeanFactory - Returning cached instance of singleton bean 'org.springframework.context.annotation.internalAutowiredAnnotationProcessor'
12:17:42.314 [Test worker] TRACE org.springframework.beans.factory.support.DefaultListableBeanFactory - Returning cached instance of singleton bean 'org.springframework.context.annotation.internalCommonAnnotationProcessor'
12:17:42.314 [Test worker] TRACE org.springframework.beans.factory.support.DefaultListableBeanFactory - Returning cached instance of singleton bean 'org.springframework.context.annotation.internalPersistenceAnnotationProcessor'
12:17:42.314 [Test worker] TRACE org.springframework.beans.factory.support.DefaultListableBeanFactory - Returning cached instance of singleton bean 'org.springframework.context.event.internalEventListenerProcessor'
12:17:42.314 [Test worker] TRACE org.springframework.beans.factory.support.DefaultListableBeanFactory - Returning cached instance of singleton bean 'org.springframework.context.event.internalEventListenerFactory'
12:17:42.314 [Test worker] TRACE org.springframework.beans.factory.support.DefaultListableBeanFactory - Returning cached instance of singleton bean 'org.springframework.boot.test.context.ImportsContextCustomizer$ImportsCleanupPostProcessor'
12:17:42.314 [Test worker] TRACE org.springframework.beans.factory.support.DefaultListableBeanFactory - Returning cached instance of singleton bean 'org.springframework.boot.test.mock.mockito.MockitoPostProcessor$SpyPostProcessor'
12:17:42.314 [Test worker] TRACE org.springframework.beans.factory.support.DefaultListableBeanFactory - Returning cached instance of singleton bean 'org.springframework.boot.test.mock.mockito.MockitoPostProcessor'
12:17:42.315 [Test worker] TRACE org.springframework.beans.factory.support.DefaultListableBeanFactory - Returning cached instance of singleton bean 'laundryMgmtApplication'
12:17:42.315 [Test worker] TRACE org.springframework.beans.factory.support.DefaultListableBeanFactory - Returning cached instance of singleton bean 'org.springframework.boot.autoconfigure.internalCachingMetadataReaderFactory'
12:17:42.315 [Test worker] TRACE org.springframework.beans.factory.support.DefaultListableBeanFactory - Returning cached instance of singleton bean 'org.springframework.boot.autoconfigure.internalCachingMetadataReaderFactory'
12:17:42.315 [Test worker] TRACE org.springframework.beans.factory.support.DefaultListableBeanFactory - Returning cached instance of singleton bean 'org.springframework.boot.autoconfigure.AutoConfigurationPackages'
12:17:42.315 [Test worker] TRACE org.springframework.beans.factory.support.DefaultListableBeanFactory - Returning cached instance of singleton bean 'org.springframework.boot.test.autoconfigure.jdbc.TestDatabaseAutoConfiguration'
12:17:42.315 [Test worker] TRACE org.springframework.beans.factory.support.DefaultListableBeanFactory - Returning cached instance of singleton bean 'embeddedDataSourceBeanFactoryPostProcessor'
12:17:42.315 [Test worker] TRACE org.springframework.beans.factory.support.DefaultListableBeanFactory - Returning cached instance of singleton bean 'org.springframework.boot.autoconfigure.jdbc.DataSourceConfiguration$Hikari'
12:17:42.315 [Test worker] TRACE org.springframework.beans.factory.support.DefaultListableBeanFactory - Returning cached instance of singleton bean 'jdbcConnectionDetailsHikariBeanPostProcessor'
12:17:42.315 [Test worker] TRACE org.springframework.beans.factory.support.DefaultListableBeanFactory - Returning cached instance of singleton bean 'org.springframework.boot.autoconfigure.jdbc.DataSourceAutoConfiguration$PooledDataSourceConfiguration'
12:17:42.315 [Test worker] TRACE org.springframework.beans.factory.support.DefaultListableBeanFactory - Returning cached instance of singleton bean 'jdbcConnectionDetails'
12:17:42.315 [Test worker] TRACE org.springframework.beans.factory.support.DefaultListableBeanFactory - Returning cached instance of singleton bean 'org.springframework.boot.autoconfigure.jdbc.metadata.DataSourcePoolMetadataProvidersConfiguration$HikariPoolDataSourceMetadataProviderConfiguration'
12:17:42.315 [Test worker] TRACE org.springframework.beans.factory.support.DefaultListableBeanFactory - Returning cached instance of singleton bean 'hikariPoolDataSourceMetadataProvider'
12:17:42.315 [Test worker] TRACE org.springframework.beans.factory.support.DefaultListableBeanFactory - Returning cached instance of singleton bean 'org.springframework.boot.autoconfigure.jdbc.metadata.DataSourcePoolMetadataProvidersConfiguration'
12:17:42.315 [Test worker] TRACE org.springframework.beans.factory.support.DefaultListableBeanFactory - Returning cached instance of singleton bean 'org.springframework.boot.autoconfigure.jdbc.DataSourceAutoConfiguration'
12:17:42.315 [Test worker] TRACE org.springframework.beans.factory.support.DefaultListableBeanFactory - Returning cached instance of singleton bean 'org.springframework.boot.context.properties.ConfigurationPropertiesBindingPostProcessor'
12:17:42.315 [Test worker] TRACE org.springframework.beans.factory.support.DefaultListableBeanFactory - Returning cached instance of singleton bean 'org.springframework.boot.context.internalConfigurationPropertiesBinder'
12:17:42.315 [Test worker] TRACE org.springframework.beans.factory.support.DefaultListableBeanFactory - Returning cached instance of singleton bean 'org.springframework.boot.context.internalConfigurationPropertiesBinder'
12:17:42.315 [Test worker] TRACE org.springframework.beans.factory.support.DefaultListableBeanFactory - Returning cached instance of singleton bean 'org.springframework.boot.context.properties.BoundConfigurationProperties'
12:17:42.315 [Test worker] TRACE org.springframework.beans.factory.support.DefaultListableBeanFactory - Returning cached instance of singleton bean 'org.springframework.boot.context.properties.EnableConfigurationPropertiesRegistrar.methodValidationExcludeFilter'
12:17:42.315 [Test worker] TRACE org.springframework.beans.factory.support.DefaultListableBeanFactory - Returning cached instance of singleton bean 'spring.datasource-org.springframework.boot.autoconfigure.jdbc.DataSourceProperties'
12:17:42.315 [Test worker] TRACE org.springframework.beans.factory.support.DefaultListableBeanFactory - Returning cached instance of singleton bean 'org.springframework.boot.autoconfigure.orm.jpa.JpaBaseConfiguration$PersistenceManagedTypesConfiguration'
12:17:42.315 [Test worker] TRACE org.springframework.beans.factory.support.DefaultListableBeanFactory - Returning cached instance of singleton bean 'persistenceManagedTypes'
12:17:42.315 [Test worker] TRACE org.springframework.beans.factory.support.DefaultListableBeanFactory - Returning cached instance of singleton bean 'org.springframework.boot.autoconfigure.orm.jpa.HibernateJpaConfiguration'
12:17:42.315 [Test worker] TRACE org.springframework.beans.factory.support.DefaultListableBeanFactory - Returning cached instance of singleton bean 'transactionManager'
12:17:42.315 [Test worker] TRACE org.springframework.beans.factory.support.DefaultListableBeanFactory - Returning cached instance of singleton bean 'jpaVendorAdapter'
12:17:42.315 [Test worker] TRACE org.springframework.beans.factory.support.DefaultListableBeanFactory - Returning cached instance of singleton bean 'entityManagerFactoryBuilder'
12:17:42.315 [Test worker] TRACE org.springframework.beans.factory.support.DefaultListableBeanFactory - Returning cached instance of singleton bean 'entityManagerFactory'
12:17:42.315 [Test worker] TRACE org.springframework.beans.factory.support.DefaultListableBeanFactory - Returning cached instance of singleton bean 'entityManagerFactory'
12:17:42.315 [Test worker] TRACE org.springframework.beans.factory.support.DefaultListableBeanFactory - Returning cached instance of singleton bean 'spring.jpa.hibernate-org.springframework.boot.autoconfigure.orm.jpa.HibernateProperties'
12:17:42.315 [Test worker] TRACE org.springframework.beans.factory.support.DefaultListableBeanFactory - Returning cached instance of singleton bean 'spring.jpa-org.springframework.boot.autoconfigure.orm.jpa.JpaProperties'
12:17:42.315 [Test worker] TRACE org.springframework.beans.factory.support.DefaultListableBeanFactory - Returning cached instance of singleton bean 'org.springframework.boot.autoconfigure.orm.jpa.HibernateJpaAutoConfiguration'
12:17:42.315 [Test worker] TRACE org.springframework.beans.factory.support.DefaultListableBeanFactory - Returning cached instance of singleton bean 'org.springframework.boot.autoconfigure.data.jpa.JpaRepositoriesAutoConfiguration'
12:17:42.315 [Test worker] TRACE org.springframework.beans.factory.support.DefaultListableBeanFactory - Returning cached instance of singleton bean 'jpaSharedEM_entityManagerFactory'
12:17:42.315 [Test worker] TRACE org.springframework.beans.factory.support.DefaultListableBeanFactory - Returning cached instance of singleton bean 'emBeanDefinitionRegistrarPostProcessor'
12:17:42.315 [Test worker] TRACE org.springframework.beans.factory.support.DefaultListableBeanFactory - Returning cached instance of singleton bean 'jpaMappingContext'
12:17:42.315 [Test worker] TRACE org.springframework.beans.factory.support.DefaultListableBeanFactory - Returning cached instance of singleton bean 'jpaMappingContext'
12:17:42.315 [Test worker] TRACE org.springframework.beans.factory.support.DefaultListableBeanFactory - Returning cached instance of singleton bean 'org.springframework.data.jpa.util.JpaMetamodelCacheCleanup'
12:17:42.315 [Test worker] TRACE org.springframework.beans.factory.support.DefaultListableBeanFactory - Returning cached instance of singleton bean 'org.springframework.data.jpa.repository.support.JpaEvaluationContextExtension'
12:17:42.319 [Test worker] TRACE org.springframework.beans.factory.support.DefaultListableBeanFactory - Returning cached instance of singleton bean 'jpa.named-queries#0'
12:17:42.320 [Test worker] TRACE org.springframework.beans.factory.support.DefaultListableBeanFactory - Returning cached instance of singleton bean 'jpa.named-queries#0'
12:17:42.320 [Test worker] TRACE org.springframework.beans.factory.support.DefaultListableBeanFactory - Returning cached instance of singleton bean 'jpa.SensorDao.fragments#0'
12:17:42.320 [Test worker] TRACE org.springframework.beans.factory.support.DefaultListableBeanFactory - Returning cached instance of singleton bean 'jpa.SensorDao.fragments#0'
12:17:42.320 [Test worker] TRACE org.springframework.beans.factory.support.DefaultListableBeanFactory - Returning cached instance of singleton bean 'sensorDao'
12:17:42.320 [Test worker] TRACE org.springframework.beans.factory.support.DefaultListableBeanFactory - Returning cached instance of singleton bean 'sensorDao'
12:17:42.320 [Test worker] TRACE org.springframework.beans.factory.support.DefaultListableBeanFactory - Returning cached instance of singleton bean 'jpa.named-queries#1'
12:17:42.320 [Test worker] TRACE org.springframework.beans.factory.support.DefaultListableBeanFactory - Returning cached instance of singleton bean 'jpa.named-queries#1'
12:17:42.320 [Test worker] TRACE org.springframework.beans.factory.support.DefaultListableBeanFactory - Returning cached instance of singleton bean 'jpa.ReservationDao.fragments#0'
12:17:42.320 [Test worker] TRACE org.springframework.beans.factory.support.DefaultListableBeanFactory - Returning cached instance of singleton bean 'jpa.ReservationDao.fragments#0'
12:17:42.320 [Test worker] TRACE org.springframework.beans.factory.support.DefaultListableBeanFactory - Returning cached instance of singleton bean 'reservationDao'
12:17:42.320 [Test worker] TRACE org.springframework.beans.factory.support.DefaultListableBeanFactory - Returning cached instance of singleton bean 'reservationDao'
12:17:42.320 [Test worker] TRACE org.springframework.beans.factory.support.DefaultListableBeanFactory - Returning cached instance of singleton bean 'jpa.named-queries#2'
12:17:42.320 [Test worker] TRACE org.springframework.beans.factory.support.DefaultListableBeanFactory - Returning cached instance of singleton bean 'jpa.named-queries#2'
12:17:42.320 [Test worker] TRACE org.springframework.beans.factory.support.DefaultListableBeanFactory - Returning cached instance of singleton bean 'jpa.MachineDao.fragments#0'
12:17:42.320 [Test worker] TRACE org.springframework.beans.factory.support.DefaultListableBeanFactory - Returning cached instance of singleton bean 'jpa.MachineDao.fragments#0'
12:17:42.320 [Test worker] TRACE org.springframework.beans.factory.support.DefaultListableBeanFactory - Returning cached instance of singleton bean 'machineDao'
12:17:42.320 [Test worker] TRACE org.springframework.beans.factory.support.DefaultListableBeanFactory - Returning cached instance of singleton bean 'machineDao'
12:17:42.320 [Test worker] TRACE org.springframework.beans.factory.support.DefaultListableBeanFactory - Returning cached instance of singleton bean 'data-jpa.repository-aot-processor#0'
12:17:42.320 [Test worker] TRACE org.springframework.beans.factory.support.DefaultListableBeanFactory - Returning cached instance of singleton bean 'org.springframework.boot.autoconfigure.jdbc.JdbcTemplateConfiguration'
12:17:42.320 [Test worker] TRACE org.springframework.beans.factory.support.DefaultListableBeanFactory - Returning cached instance of singleton bean 'jdbcTemplate'
12:17:42.320 [Test worker] TRACE org.springframework.beans.factory.support.DefaultListableBeanFactory - Returning cached instance of singleton bean 'org.springframework.boot.autoconfigure.jdbc.NamedParameterJdbcTemplateConfiguration'
12:17:42.320 [Test worker] TRACE org.springframework.beans.factory.support.DefaultListableBeanFactory - Returning cached instance of singleton bean 'namedParameterJdbcTemplate'
12:17:42.320 [Test worker] TRACE org.springframework.beans.factory.support.DefaultListableBeanFactory - Returning cached instance of singleton bean 'org.springframework.boot.autoconfigure.jdbc.JdbcTemplateAutoConfiguration'
12:17:42.320 [Test worker] TRACE org.springframework.beans.factory.support.DefaultListableBeanFactory - Returning cached instance of singleton bean 'spring.jdbc-org.springframework.boot.autoconfigure.jdbc.JdbcProperties'
12:17:42.320 [Test worker] TRACE org.springframework.beans.factory.support.DefaultListableBeanFactory - Returning cached instance of singleton bean 'org.springframework.boot.sql.init.dependency.DatabaseInitializationDependencyConfigurer$DependsOnDatabaseInitializationPostProcessor'
12:17:42.320 [Test worker] TRACE org.springframework.beans.factory.support.DefaultListableBeanFactory - Returning cached instance of singleton bean 'org.springframework.boot.autoconfigure.sql.init.DataSourceInitializationConfiguration'
12:17:42.320 [Test worker] TRACE org.springframework.beans.factory.support.DefaultListableBeanFactory - Returning cached instance of singleton bean 'dataSourceScriptDatabaseInitializer'
12:17:42.320 [Test worker] TRACE org.springframework.beans.factory.support.DefaultListableBeanFactory - Returning cached instance of singleton bean 'org.springframework.boot.autoconfigure.sql.init.SqlInitializationAutoConfiguration'
12:17:42.320 [Test worker] TRACE org.springframework.beans.factory.support.DefaultListableBeanFactory - Returning cached instance of singleton bean 'spring.sql.init-org.springframework.boot.autoconfigure.sql.init.SqlInitializationProperties'
12:17:42.320 [Test worker] TRACE org.springframework.beans.factory.support.DefaultListableBeanFactory - Returning cached instance of singleton bean 'org.springframework.boot.autoconfigure.jdbc.DataSourceTransactionManagerAutoConfiguration$JdbcTransactionManagerConfiguration'
12:17:42.320 [Test worker] TRACE org.springframework.beans.factory.support.DefaultListableBeanFactory - Returning cached instance of singleton bean 'org.springframework.boot.autoconfigure.jdbc.DataSourceTransactionManagerAutoConfiguration'
12:17:42.320 [Test worker] TRACE org.springframework.beans.factory.support.DefaultListableBeanFactory - Returning cached instance of singleton bean 'org.springframework.transaction.annotation.ProxyTransactionManagementConfiguration'
12:17:42.320 [Test worker] TRACE org.springframework.beans.factory.support.DefaultListableBeanFactory - Returning cached instance of singleton bean 'org.springframework.transaction.config.internalTransactionAdvisor'
12:17:42.320 [Test worker] TRACE org.springframework.beans.factory.support.DefaultListableBeanFactory - Returning cached instance of singleton bean 'transactionAttributeSource'
12:17:42.320 [Test worker] TRACE org.springframework.beans.factory.support.DefaultListableBeanFactory - Returning cached instance of singleton bean 'transactionInterceptor'
12:17:42.320 [Test worker] TRACE org.springframework.beans.factory.support.DefaultListableBeanFactory - Returning cached instance of singleton bean 'org.springframework.transaction.config.internalTransactionalEventListenerFactory'
12:17:42.320 [Test worker] TRACE org.springframework.beans.factory.support.DefaultListableBeanFactory - Returning cached instance of singleton bean 'org.springframework.boot.autoconfigure.transaction.TransactionAutoConfiguration$EnableTransactionManagementConfiguration$CglibAutoProxyConfiguration'
12:17:42.320 [Test worker] TRACE org.springframework.beans.factory.support.DefaultListableBeanFactory - Returning cached instance of singleton bean 'org.springframework.aop.config.internalAutoProxyCreator'
12:17:42.320 [Test worker] TRACE org.springframework.beans.factory.support.DefaultListableBeanFactory - Returning cached instance of singleton bean 'org.springframework.boot.autoconfigure.transaction.TransactionAutoConfiguration$EnableTransactionManagementConfiguration'
12:17:42.320 [Test worker] TRACE org.springframework.beans.factory.support.DefaultListableBeanFactory - Returning cached instance of singleton bean 'org.springframework.boot.autoconfigure.transaction.TransactionAutoConfiguration$TransactionTemplateConfiguration'
12:17:42.320 [Test worker] TRACE org.springframework.beans.factory.support.DefaultListableBeanFactory - Returning cached instance of singleton bean 'transactionTemplate'
12:17:42.320 [Test worker] TRACE org.springframework.beans.factory.support.DefaultListableBeanFactory - Returning cached instance of singleton bean 'org.springframework.boot.autoconfigure.transaction.TransactionAutoConfiguration'
12:17:42.320 [Test worker] TRACE org.springframework.beans.factory.support.DefaultListableBeanFactory - Returning cached instance of singleton bean 'platformTransactionManagerCustomizers'
12:17:42.320 [Test worker] TRACE org.springframework.beans.factory.support.DefaultListableBeanFactory - Returning cached instance of singleton bean 'spring.transaction-org.springframework.boot.autoconfigure.transaction.TransactionProperties'
12:17:42.320 [Test worker] TRACE org.springframework.beans.factory.support.DefaultListableBeanFactory - Returning cached instance of singleton bean 'org.springframework.boot.test.autoconfigure.orm.jpa.TestEntityManagerAutoConfiguration'
12:17:42.320 [Test worker] TRACE org.springframework.beans.factory.support.DefaultListableBeanFactory - Returning cached instance of singleton bean 'testEntityManager'
12:17:42.320 [Test worker] TRACE org.springframework.beans.factory.support.DefaultListableBeanFactory - Returning cached instance of singleton bean 'dataSource'
12:17:42.320 [Test worker] TRACE org.springframework.beans.factory.support.DefaultListableBeanFactory - Returning cached instance of singleton bean 'dataSource'
12:17:42.320 [Test worker] TRACE org.springframework.beans.factory.support.DefaultListableBeanFactory - Returning cached instance of singleton bean 'org.springframework.boot.test.mock.mockito.MockitoBeans'
12:17:42.321 [Test worker] TRACE org.springframework.test.context.cache.DefaultCacheAwareContextLoaderDelegate - Retrieved ApplicationContext [1737837937] from cache with key [MergedContextConfiguration@5891bd6d testClass = com.laundry.laundryMgmt.SensorTest.SensorDaoTest, locations = [], classes = [com.laundry.laundryMgmt.LaundryMgmtApplication], contextInitializerClasses = [], activeProfiles = [], propertySourceLocations = [], propertySourceProperties = ["org.springframework.boot.test.autoconfigure.orm.jpa.DataJpaTestContextBootstrapper=true"], contextCustomizers = [org.springframework.boot.test.autoconfigure.OverrideAutoConfigurationContextCustomizerFactory$DisableAutoConfigurationContextCustomizer@2ae92511, org.springframework.boot.test.autoconfigure.actuate.observability.ObservabilityContextCustomizerFactory$DisableObservabilityContextCustomizer@1f, org.springframework.boot.test.autoconfigure.filter.TypeExcludeFiltersContextCustomizer@351584c0, org.springframework.boot.test.autoconfigure.properties.PropertyMappingContextCustomizer@a13c477e, org.springframework.boot.test.autoconfigure.web.servlet.WebDriverContextCustomizer@79b663b3, [ImportsContextCustomizer@455082d2 key = [org.springframework.boot.autoconfigure.transaction.TransactionAutoConfiguration, org.springframework.boot.autoconfigure.data.jpa.JpaRepositoriesAutoConfiguration, org.springframework.boot.autoconfigure.jdbc.DataSourceAutoConfiguration, org.springframework.boot.test.autoconfigure.orm.jpa.TestEntityManagerAutoConfiguration, org.springframework.boot.autoconfigure.cache.CacheAutoConfiguration, org.springframework.boot.autoconfigure.orm.jpa.HibernateJpaAutoConfiguration, org.springframework.boot.autoconfigure.sql.init.SqlInitializationAutoConfiguration, org.springframework.boot.autoconfigure.jdbc.JdbcTemplateAutoConfiguration, org.springframework.boot.test.autoconfigure.jdbc.TestDatabaseAutoConfiguration, org.springframework.boot.autoconfigure.flyway.FlywayAutoConfiguration, org.springframework.boot.autoconfigure.jdbc.DataSourceTransactionManagerAutoConfiguration, org.springframework.boot.autoconfigure.liquibase.LiquibaseAutoConfiguration]], org.springframework.boot.test.context.filter.ExcludeFilterContextCustomizer@7882c44a, org.springframework.boot.test.json.DuplicateJsonObjectContextCustomizerFactory$DuplicateJsonObjectContextCustomizer@78dc4696, org.springframework.boot.test.mock.mockito.MockitoContextCustomizer@0, org.springframework.boot.test.context.SpringBootTestAnnotation@7152c5d3], contextLoader = org.springframework.boot.test.context.SpringBootContextLoader, parent = null]
12:17:42.321 [Test worker] DEBUG org.springframework.test.context.cache - Spring test ApplicationContext cache statistics: [DefaultContextCache@21a14c45 size = 2, maxSize = 32, parentContextCount = 0, hitCount = 51, missCount = 2]
12:17:42.321 [Test worker] TRACE org.springframework.test.context.cache.DefaultCacheAwareContextLoaderDelegate - Retrieved ApplicationContext [1737837937] from cache with key [MergedContextConfiguration@5891bd6d testClass = com.laundry.laundryMgmt.SensorTest.SensorDaoTest, locations = [], classes = [com.laundry.laundryMgmt.LaundryMgmtApplication], contextInitializerClasses = [], activeProfiles = [], propertySourceLocations = [], propertySourceProperties = ["org.springframework.boot.test.autoconfigure.orm.jpa.DataJpaTestContextBootstrapper=true"], contextCustomizers = [org.springframework.boot.test.autoconfigure.OverrideAutoConfigurationContextCustomizerFactory$DisableAutoConfigurationContextCustomizer@2ae92511, org.springframework.boot.test.autoconfigure.actuate.observability.ObservabilityContextCustomizerFactory$DisableObservabilityContextCustomizer@1f, org.springframework.boot.test.autoconfigure.filter.TypeExcludeFiltersContextCustomizer@351584c0, org.springframework.boot.test.autoconfigure.properties.PropertyMappingContextCustomizer@a13c477e, org.springframework.boot.test.autoconfigure.web.servlet.WebDriverContextCustomizer@79b663b3, [ImportsContextCustomizer@455082d2 key = [org.springframework.boot.autoconfigure.transaction.TransactionAutoConfiguration, org.springframework.boot.autoconfigure.data.jpa.JpaRepositoriesAutoConfiguration, org.springframework.boot.autoconfigure.jdbc.DataSourceAutoConfiguration, org.springframework.boot.test.autoconfigure.orm.jpa.TestEntityManagerAutoConfiguration, org.springframework.boot.autoconfigure.cache.CacheAutoConfiguration, org.springframework.boot.autoconfigure.orm.jpa.HibernateJpaAutoConfiguration, org.springframework.boot.autoconfigure.sql.init.SqlInitializationAutoConfiguration, org.springframework.boot.autoconfigure.jdbc.JdbcTemplateAutoConfiguration, org.springframework.boot.test.autoconfigure.jdbc.TestDatabaseAutoConfiguration, org.springframework.boot.autoconfigure.flyway.FlywayAutoConfiguration, org.springframework.boot.autoconfigure.jdbc.DataSourceTransactionManagerAutoConfiguration, org.springframework.boot.autoconfigure.liquibase.LiquibaseAutoConfiguration]], org.springframework.boot.test.context.filter.ExcludeFilterContextCustomizer@7882c44a, org.springframework.boot.test.json.DuplicateJsonObjectContextCustomizerFactory$DuplicateJsonObjectContextCustomizer@78dc4696, org.springframework.boot.test.mock.mockito.MockitoContextCustomizer@0, org.springframework.boot.test.context.SpringBootTestAnnotation@7152c5d3], contextLoader = org.springframework.boot.test.context.SpringBootContextLoader, parent = null]
12:17:42.322 [Test worker] DEBUG org.springframework.test.context.cache - Spring test ApplicationContext cache statistics: [DefaultContextCache@21a14c45 size = 2, maxSize = 32, parentContextCount = 0, hitCount = 52, missCount = 2]
12:17:42.322 [Test worker] TRACE org.springframework.beans.factory.support.DefaultListableBeanFactory - No bean named 'org.springframework.boot.test.autoconfigure.web.servlet.SpringBootMockMvcBuilderCustomizer$DeferredLinesWriter' found in org.springframework.beans.factory.support.DefaultListableBeanFactory@182ce25e: defining beans [org.springframework.context.annotation.internalConfigurationAnnotationProcessor,org.springframework.context.annotation.internalAutowiredAnnotationProcessor,org.springframework.context.annotation.internalCommonAnnotationProcessor,org.springframework.context.annotation.internalPersistenceAnnotationProcessor,org.springframework.context.event.internalEventListenerProcessor,org.springframework.context.event.internalEventListenerFactory,org.springframework.boot.test.context.ImportsContextCustomizer$ImportsCleanupPostProcessor,org.springframework.boot.test.mock.mockito.MockitoPostProcessor$SpyPostProcessor,org.springframework.boot.test.mock.mockito.MockitoPostProcessor,laundryMgmtApplication,org.springframework.boot.autoconfigure.internalCachingMetadataReaderFactory,org.springframework.boot.autoconfigure.AutoConfigurationPackages,org.springframework.boot.test.autoconfigure.jdbc.TestDatabaseAutoConfiguration,embeddedDataSourceBeanFactoryPostProcessor,org.springframework.boot.autoconfigure.jdbc.DataSourceConfiguration$Hikari,jdbcConnectionDetailsHikariBeanPostProcessor,org.springframework.boot.autoconfigure.jdbc.DataSourceAutoConfiguration$PooledDataSourceConfiguration,jdbcConnectionDetails,org.springframework.boot.autoconfigure.jdbc.metadata.DataSourcePoolMetadataProvidersConfiguration$HikariPoolDataSourceMetadataProviderConfiguration,hikariPoolDataSourceMetadataProvider,org.springframework.boot.autoconfigure.jdbc.metadata.DataSourcePoolMetadataProvidersConfiguration,org.springframework.boot.autoconfigure.jdbc.DataSourceAutoConfiguration,org.springframework.boot.context.properties.ConfigurationPropertiesBindingPostProcessor,org.springframework.boot.context.internalConfigurationPropertiesBinder,org.springframework.boot.context.properties.BoundConfigurationProperties,org.springframework.boot.context.properties.EnableConfigurationPropertiesRegistrar.methodValidationExcludeFilter,spring.datasource-org.springframework.boot.autoconfigure.jdbc.DataSourceProperties,org.springframework.boot.autoconfigure.orm.jpa.JpaBaseConfiguration$PersistenceManagedTypesConfiguration,persistenceManagedTypes,org.springframework.boot.autoconfigure.orm.jpa.HibernateJpaConfiguration,transactionManager,jpaVendorAdapter,entityManagerFactoryBuilder,entityManagerFactory,spring.jpa.hibernate-org.springframework.boot.autoconfigure.orm.jpa.HibernateProperties,spring.jpa-org.springframework.boot.autoconfigure.orm.jpa.JpaProperties,org.springframework.boot.autoconfigure.orm.jpa.HibernateJpaAutoConfiguration,org.springframework.boot.autoconfigure.data.jpa.JpaRepositoriesAutoConfiguration,jpaSharedEM_entityManagerFactory,emBeanDefinitionRegistrarPostProcessor,jpaMappingContext,jpaContext,org.springframework.data.jpa.util.JpaMetamodelCacheCleanup,org.springframework.data.jpa.repository.support.JpaEvaluationContextExtension,jpa.named-queries#0,jpa.SensorDao.fragments#0,sensorDao,jpa.named-queries#1,jpa.ReservationDao.fragments#0,reservationDao,jpa.named-queries#2,jpa.MachineDao.fragments#0,machineDao,data-jpa.repository-aot-processor#0,org.springframework.boot.autoconfigure.jdbc.JdbcTemplateConfiguration,jdbcTemplate,org.springframework.boot.autoconfigure.jdbc.NamedParameterJdbcTemplateConfiguration,namedParameterJdbcTemplate,org.springframework.boot.autoconfigure.jdbc.JdbcTemplateAutoConfiguration,spring.jdbc-org.springframework.boot.autoconfigure.jdbc.JdbcProperties,org.springframework.boot.sql.init.dependency.DatabaseInitializationDependencyConfigurer$DependsOnDatabaseInitializationPostProcessor,org.springframework.boot.autoconfigure.sql.init.DataSourceInitializationConfiguration,dataSourceScriptDatabaseInitializer,org.springframework.boot.autoconfigure.sql.init.SqlInitializationAutoConfiguration,spring.sql.init-org.springframework.boot.autoconfigure.sql.init.SqlInitializationProperties,org.springframework.boot.autoconfigure.jdbc.DataSourceTransactionManagerAutoConfiguration$JdbcTransactionManagerConfiguration,org.springframework.boot.autoconfigure.jdbc.DataSourceTransactionManagerAutoConfiguration,org.springframework.transaction.annotation.ProxyTransactionManagementConfiguration,org.springframework.transaction.config.internalTransactionAdvisor,transactionAttributeSource,transactionInterceptor,org.springframework.transaction.config.internalTransactionalEventListenerFactory,org.springframework.boot.autoconfigure.transaction.TransactionAutoConfiguration$EnableTransactionManagementConfiguration$CglibAutoProxyConfiguration,org.springframework.aop.config.internalAutoProxyCreator,org.springframework.boot.autoconfigure.transaction.TransactionAutoConfiguration$EnableTransactionManagementConfiguration,org.springframework.boot.autoconfigure.transaction.TransactionAutoConfiguration$TransactionTemplateConfiguration,transactionTemplate,org.springframework.boot.autoconfigure.transaction.TransactionAutoConfiguration,platformTransactionManagerCustomizers,spring.transaction-org.springframework.boot.autoconfigure.transaction.TransactionProperties,org.springframework.boot.test.autoconfigure.orm.jpa.TestEntityManagerAutoConfiguration,testEntityManager,dataSource,jpaSharedEM_AWC_entityManagerFactory]; root of factory hierarchy
12:17:42.322 [Test worker] TRACE org.springframework.test.context.cache.DefaultCacheAwareContextLoaderDelegate - Retrieved ApplicationContext [1737837937] from cache with key [MergedContextConfiguration@5891bd6d testClass = com.laundry.laundryMgmt.SensorTest.SensorDaoTest, locations = [], classes = [com.laundry.laundryMgmt.LaundryMgmtApplication], contextInitializerClasses = [], activeProfiles = [], propertySourceLocations = [], propertySourceProperties = ["org.springframework.boot.test.autoconfigure.orm.jpa.DataJpaTestContextBootstrapper=true"], contextCustomizers = [org.springframework.boot.test.autoconfigure.OverrideAutoConfigurationContextCustomizerFactory$DisableAutoConfigurationContextCustomizer@2ae92511, org.springframework.boot.test.autoconfigure.actuate.observability.ObservabilityContextCustomizerFactory$DisableObservabilityContextCustomizer@1f, org.springframework.boot.test.autoconfigure.filter.TypeExcludeFiltersContextCustomizer@351584c0, org.springframework.boot.test.autoconfigure.properties.PropertyMappingContextCustomizer@a13c477e, org.springframework.boot.test.autoconfigure.web.servlet.WebDriverContextCustomizer@79b663b3, [ImportsContextCustomizer@455082d2 key = [org.springframework.boot.autoconfigure.transaction.TransactionAutoConfiguration, org.springframework.boot.autoconfigure.data.jpa.JpaRepositoriesAutoConfiguration, org.springframework.boot.autoconfigure.jdbc.DataSourceAutoConfiguration, org.springframework.boot.test.autoconfigure.orm.jpa.TestEntityManagerAutoConfiguration, org.springframework.boot.autoconfigure.cache.CacheAutoConfiguration, org.springframework.boot.autoconfigure.orm.jpa.HibernateJpaAutoConfiguration, org.springframework.boot.autoconfigure.sql.init.SqlInitializationAutoConfiguration, org.springframework.boot.autoconfigure.jdbc.JdbcTemplateAutoConfiguration, org.springframework.boot.test.autoconfigure.jdbc.TestDatabaseAutoConfiguration, org.springframework.boot.autoconfigure.flyway.FlywayAutoConfiguration, org.springframework.boot.autoconfigure.jdbc.DataSourceTransactionManagerAutoConfiguration, org.springframework.boot.autoconfigure.liquibase.LiquibaseAutoConfiguration]], org.springframework.boot.test.context.filter.ExcludeFilterContextCustomizer@7882c44a, org.springframework.boot.test.json.DuplicateJsonObjectContextCustomizerFactory$DuplicateJsonObjectContextCustomizer@78dc4696, org.springframework.boot.test.mock.mockito.MockitoContextCustomizer@0, org.springframework.boot.test.context.SpringBootTestAnnotation@7152c5d3], contextLoader = org.springframework.boot.test.context.SpringBootContextLoader, parent = null]
12:17:42.322 [Test worker] DEBUG org.springframework.test.context.cache - Spring test ApplicationContext cache statistics: [DefaultContextCache@21a14c45 size = 2, maxSize = 32, parentContextCount = 0, hitCount = 53, missCount = 2]
12:17:42.323 [Test worker] TRACE org.springframework.test.context.cache.DefaultCacheAwareContextLoaderDelegate - Retrieved ApplicationContext [1737837937] from cache with key [MergedContextConfiguration@5891bd6d testClass = com.laundry.laundryMgmt.SensorTest.SensorDaoTest, locations = [], classes = [com.laundry.laundryMgmt.LaundryMgmtApplication], contextInitializerClasses = [], activeProfiles = [], propertySourceLocations = [], propertySourceProperties = ["org.springframework.boot.test.autoconfigure.orm.jpa.DataJpaTestContextBootstrapper=true"], contextCustomizers = [org.springframework.boot.test.autoconfigure.OverrideAutoConfigurationContextCustomizerFactory$DisableAutoConfigurationContextCustomizer@2ae92511, org.springframework.boot.test.autoconfigure.actuate.observability.ObservabilityContextCustomizerFactory$DisableObservabilityContextCustomizer@1f, org.springframework.boot.test.autoconfigure.filter.TypeExcludeFiltersContextCustomizer@351584c0, org.springframework.boot.test.autoconfigure.properties.PropertyMappingContextCustomizer@a13c477e, org.springframework.boot.test.autoconfigure.web.servlet.WebDriverContextCustomizer@79b663b3, [ImportsContextCustomizer@455082d2 key = [org.springframework.boot.autoconfigure.transaction.TransactionAutoConfiguration, org.springframework.boot.autoconfigure.data.jpa.JpaRepositoriesAutoConfiguration, org.springframework.boot.autoconfigure.jdbc.DataSourceAutoConfiguration, org.springframework.boot.test.autoconfigure.orm.jpa.TestEntityManagerAutoConfiguration, org.springframework.boot.autoconfigure.cache.CacheAutoConfiguration, org.springframework.boot.autoconfigure.orm.jpa.HibernateJpaAutoConfiguration, org.springframework.boot.autoconfigure.sql.init.SqlInitializationAutoConfiguration, org.springframework.boot.autoconfigure.jdbc.JdbcTemplateAutoConfiguration, org.springframework.boot.test.autoconfigure.jdbc.TestDatabaseAutoConfiguration, org.springframework.boot.autoconfigure.flyway.FlywayAutoConfiguration, org.springframework.boot.autoconfigure.jdbc.DataSourceTransactionManagerAutoConfiguration, org.springframework.boot.autoconfigure.liquibase.LiquibaseAutoConfiguration]], org.springframework.boot.test.context.filter.ExcludeFilterContextCustomizer@7882c44a, org.springframework.boot.test.json.DuplicateJsonObjectContextCustomizerFactory$DuplicateJsonObjectContextCustomizer@78dc4696, org.springframework.boot.test.mock.mockito.MockitoContextCustomizer@0, org.springframework.boot.test.context.SpringBootTestAnnotation@7152c5d3], contextLoader = org.springframework.boot.test.context.SpringBootContextLoader, parent = null]
12:17:42.323 [Test worker] DEBUG org.springframework.test.context.cache - Spring test ApplicationContext cache statistics: [DefaultContextCache@21a14c45 size = 2, maxSize = 32, parentContextCount = 0, hitCount = 54, missCount = 2]
12:17:42.323 [Test worker] TRACE org.springframework.test.context.cache.DefaultCacheAwareContextLoaderDelegate - Retrieved ApplicationContext [1737837937] from cache with key [MergedContextConfiguration@5891bd6d testClass = com.laundry.laundryMgmt.SensorTest.SensorDaoTest, locations = [], classes = [com.laundry.laundryMgmt.LaundryMgmtApplication], contextInitializerClasses = [], activeProfiles = [], propertySourceLocations = [], propertySourceProperties = ["org.springframework.boot.test.autoconfigure.orm.jpa.DataJpaTestContextBootstrapper=true"], contextCustomizers = [org.springframework.boot.test.autoconfigure.OverrideAutoConfigurationContextCustomizerFactory$DisableAutoConfigurationContextCustomizer@2ae92511, org.springframework.boot.test.autoconfigure.actuate.observability.ObservabilityContextCustomizerFactory$DisableObservabilityContextCustomizer@1f, org.springframework.boot.test.autoconfigure.filter.TypeExcludeFiltersContextCustomizer@351584c0, org.springframework.boot.test.autoconfigure.properties.PropertyMappingContextCustomizer@a13c477e, org.springframework.boot.test.autoconfigure.web.servlet.WebDriverContextCustomizer@79b663b3, [ImportsContextCustomizer@455082d2 key = [org.springframework.boot.autoconfigure.transaction.TransactionAutoConfiguration, org.springframework.boot.autoconfigure.data.jpa.JpaRepositoriesAutoConfiguration, org.springframework.boot.autoconfigure.jdbc.DataSourceAutoConfiguration, org.springframework.boot.test.autoconfigure.orm.jpa.TestEntityManagerAutoConfiguration, org.springframework.boot.autoconfigure.cache.CacheAutoConfiguration, org.springframework.boot.autoconfigure.orm.jpa.HibernateJpaAutoConfiguration, org.springframework.boot.autoconfigure.sql.init.SqlInitializationAutoConfiguration, org.springframework.boot.autoconfigure.jdbc.JdbcTemplateAutoConfiguration, org.springframework.boot.test.autoconfigure.jdbc.TestDatabaseAutoConfiguration, org.springframework.boot.autoconfigure.flyway.FlywayAutoConfiguration, org.springframework.boot.autoconfigure.jdbc.DataSourceTransactionManagerAutoConfiguration, org.springframework.boot.autoconfigure.liquibase.LiquibaseAutoConfiguration]], org.springframework.boot.test.context.filter.ExcludeFilterContextCustomizer@7882c44a, org.springframework.boot.test.json.DuplicateJsonObjectContextCustomizerFactory$DuplicateJsonObjectContextCustomizer@78dc4696, org.springframework.boot.test.mock.mockito.MockitoContextCustomizer@0, org.springframework.boot.test.context.SpringBootTestAnnotation@7152c5d3], contextLoader = org.springframework.boot.test.context.SpringBootContextLoader, parent = null]
12:17:42.323 [Test worker] DEBUG org.springframework.test.context.cache - Spring test ApplicationContext cache statistics: [DefaultContextCache@21a14c45 size = 2, maxSize = 32, parentContextCount = 0, hitCount = 55, missCount = 2]
12:17:42.323 [Test worker] TRACE org.springframework.test.context.transaction.TransactionContext - Ending transaction for test context [DefaultTestContext@5d71813b testClass = com.laundry.laundryMgmt.SensorTest.SensorDaoTest, testInstance = com.laundry.laundryMgmt.SensorTest.SensorDaoTest@6050d04d, testMethod = shouldFindAnySensorbyId(), testException = null, mergedContextConfiguration = [MergedContextConfiguration@5891bd6d testClass = com.laundry.laundryMgmt.SensorTest.SensorDaoTest, locations = [], classes = [com.laundry.laundryMgmt.LaundryMgmtApplication], contextInitializerClasses = [], activeProfiles = [], propertySourceLocations = [], propertySourceProperties = ["org.springframework.boot.test.autoconfigure.orm.jpa.DataJpaTestContextBootstrapper=true"], contextCustomizers = [org.springframework.boot.test.autoconfigure.OverrideAutoConfigurationContextCustomizerFactory$DisableAutoConfigurationContextCustomizer@2ae92511, org.springframework.boot.test.autoconfigure.actuate.observability.ObservabilityContextCustomizerFactory$DisableObservabilityContextCustomizer@1f, org.springframework.boot.test.autoconfigure.filter.TypeExcludeFiltersContextCustomizer@351584c0, org.springframework.boot.test.autoconfigure.properties.PropertyMappingContextCustomizer@a13c477e, org.springframework.boot.test.autoconfigure.web.servlet.WebDriverContextCustomizer@79b663b3, [ImportsContextCustomizer@455082d2 key = [org.springframework.boot.autoconfigure.transaction.TransactionAutoConfiguration, org.springframework.boot.autoconfigure.data.jpa.JpaRepositoriesAutoConfiguration, org.springframework.boot.autoconfigure.jdbc.DataSourceAutoConfiguration, org.springframework.boot.test.autoconfigure.orm.jpa.TestEntityManagerAutoConfiguration, org.springframework.boot.autoconfigure.cache.CacheAutoConfiguration, org.springframework.boot.autoconfigure.orm.jpa.HibernateJpaAutoConfiguration, org.springframework.boot.autoconfigure.sql.init.SqlInitializationAutoConfiguration, org.springframework.boot.autoconfigure.jdbc.JdbcTemplateAutoConfiguration, org.springframework.boot.test.autoconfigure.jdbc.TestDatabaseAutoConfiguration, org.springframework.boot.autoconfigure.flyway.FlywayAutoConfiguration, org.springframework.boot.autoconfigure.jdbc.DataSourceTransactionManagerAutoConfiguration, org.springframework.boot.autoconfigure.liquibase.LiquibaseAutoConfiguration]], org.springframework.boot.test.context.filter.ExcludeFilterContextCustomizer@7882c44a, org.springframework.boot.test.json.DuplicateJsonObjectContextCustomizerFactory$DuplicateJsonObjectContextCustomizer@78dc4696, org.springframework.boot.test.mock.mockito.MockitoContextCustomizer@0, org.springframework.boot.test.context.SpringBootTestAnnotation@7152c5d3], contextLoader = org.springframework.boot.test.context.SpringBootContextLoader, parent = null], attributes = {"org.springframework.test.context.event.ApplicationEventsTestExecutionListener.recordApplicationEvents" -> false}]; transaction status [org.springframework.transaction.support.DefaultTransactionStatus@24c04958]; rollback [true]
12:17:42.323 [Test worker] DEBUG org.springframework.orm.jpa.JpaTransactionManager - Initiating transaction rollback
12:17:42.323 [Test worker] DEBUG org.springframework.orm.jpa.JpaTransactionManager - Rolling back JPA transaction on EntityManager [SessionImpl(857245356PersistenceContext[entityKeys=[EntityKey[com.laundry.laundryMgmt.models.MachineEntity#-2], EntityKey[com.laundry.laundryMgmt.models.SensorEntity#-1]], collectionKeys=[]];ActionQueue[insertions=ExecutableList{size=0} updates=ExecutableList{size=0} deletions=ExecutableList{size=0} orphanRemovals=ExecutableList{size=0} collectionCreations=ExecutableList{size=0} collectionRemovals=ExecutableList{size=0} collectionUpdates=ExecutableList{size=0} collectionQueuedOps=ExecutableList{size=0} unresolvedInsertDependencies=null])]
12:17:42.324 [Test worker] DEBUG org.hibernate.engine.transaction.internal.TransactionImpl - rolling back
12:17:42.324 [Test worker] TRACE org.hibernate.resource.jdbc.internal.AbstractLogicalConnectionImplementor - Preparing to rollback transaction via JDBC Connection.rollback()
12:17:42.324 [Test worker] TRACE org.hibernate.resource.jdbc.internal.AbstractLogicalConnectionImplementor - Transaction rolled-back via JDBC Connection.rollback()
12:17:42.324 [Test worker] TRACE org.hibernate.resource.jdbc.internal.AbstractLogicalConnectionImplementor - re-enabling auto-commit on JDBC Connection after completion of JDBC-based transaction
12:17:42.324 [Test worker] TRACE org.hibernate.resource.jdbc.internal.AbstractLogicalConnectionImplementor - LogicalConnection#afterTransaction
12:17:42.324 [Test worker] TRACE org.hibernate.resource.jdbc.internal.ResourceRegistryStandardImpl - Releasing JDBC resources
12:17:42.324 [Test worker] TRACE org.hibernate.resource.transaction.backend.jdbc.internal.JdbcResourceLocalTransactionCoordinatorImpl - ResourceLocalTransactionCoordinatorImpl#afterCompletionCallback(false)
12:17:42.324 [Test worker] TRACE org.hibernate.resource.transaction.internal.SynchronizationRegistryStandardImpl - SynchronizationRegistryStandardImpl.notifySynchronizationsAfterTransactionCompletion(5)
12:17:42.324 [Test worker] TRACE org.hibernate.internal.SessionImpl - SessionImpl#afterTransactionCompletion(successful=false, delayed=false)
12:17:42.324 [Test worker] DEBUG org.springframework.orm.jpa.JpaTransactionManager - Closing JPA EntityManager [SessionImpl(857245356PersistenceContext[entityKeys=[], collectionKeys=[]];ActionQueue[insertions=ExecutableList{size=0} updates=ExecutableList{size=0} deletions=ExecutableList{size=0} orphanRemovals=ExecutableList{size=0} collectionCreations=ExecutableList{size=0} collectionRemovals=ExecutableList{size=0} collectionUpdates=ExecutableList{size=0} collectionQueuedOps=ExecutableList{size=0} unresolvedInsertDependencies=null])] after transaction
12:17:42.324 [Test worker] TRACE org.hibernate.internal.SessionImpl - Closing session [ad176f38-cdb4-4232-9c32-dc9b186cf979]
12:17:42.324 [Test worker] TRACE org.hibernate.engine.jdbc.internal.JdbcCoordinatorImpl - Closing JDBC container [org.hibernate.engine.jdbc.internal.JdbcCoordinatorImpl@649a76c1]
12:17:42.324 [Test worker] TRACE org.hibernate.resource.jdbc.internal.ResourceRegistryStandardImpl - Releasing JDBC resources
12:17:42.324 [Test worker] TRACE org.hibernate.resource.jdbc.internal.LogicalConnectionManagedImpl - Closing logical connection
12:17:42.324 [Test worker] TRACE org.hibernate.resource.jdbc.internal.ResourceRegistryStandardImpl - Releasing JDBC resources
12:17:42.324 [Test worker] TRACE org.hibernate.resource.jdbc.internal.LogicalConnectionManagedImpl - Logical connection closed
12:17:42.324 [Test worker] TRACE org.springframework.test.context.transaction.TransactionContext - Rolled back transaction (1) for test context: [DefaultTestContext@5d71813b testClass = com.laundry.laundryMgmt.SensorTest.SensorDaoTest, testInstance = com.laundry.laundryMgmt.SensorTest.SensorDaoTest@6050d04d, testMethod = shouldFindAnySensorbyId(), testException = null, mergedContextConfiguration = [MergedContextConfiguration@5891bd6d testClass = com.laundry.laundryMgmt.SensorTest.SensorDaoTest, locations = [], classes = [com.laundry.laundryMgmt.LaundryMgmtApplication], contextInitializerClasses = [], activeProfiles = [], propertySourceLocations = [], propertySourceProperties = ["org.springframework.boot.test.autoconfigure.orm.jpa.DataJpaTestContextBootstrapper=true"], contextCustomizers = [org.springframework.boot.test.autoconfigure.OverrideAutoConfigurationContextCustomizerFactory$DisableAutoConfigurationContextCustomizer@2ae92511, org.springframework.boot.test.autoconfigure.actuate.observability.ObservabilityContextCustomizerFactory$DisableObservabilityContextCustomizer@1f, org.springframework.boot.test.autoconfigure.filter.TypeExcludeFiltersContextCustomizer@351584c0, org.springframework.boot.test.autoconfigure.properties.PropertyMappingContextCustomizer@a13c477e, org.springframework.boot.test.autoconfigure.web.servlet.WebDriverContextCustomizer@79b663b3, [ImportsContextCustomizer@455082d2 key = [org.springframework.boot.autoconfigure.transaction.TransactionAutoConfiguration, org.springframework.boot.autoconfigure.data.jpa.JpaRepositoriesAutoConfiguration, org.springframework.boot.autoconfigure.jdbc.DataSourceAutoConfiguration, org.springframework.boot.test.autoconfigure.orm.jpa.TestEntityManagerAutoConfiguration, org.springframework.boot.autoconfigure.cache.CacheAutoConfiguration, org.springframework.boot.autoconfigure.orm.jpa.HibernateJpaAutoConfiguration, org.springframework.boot.autoconfigure.sql.init.SqlInitializationAutoConfiguration, org.springframework.boot.autoconfigure.jdbc.JdbcTemplateAutoConfiguration, org.springframework.boot.test.autoconfigure.jdbc.TestDatabaseAutoConfiguration, org.springframework.boot.autoconfigure.flyway.FlywayAutoConfiguration, org.springframework.boot.autoconfigure.jdbc.DataSourceTransactionManagerAutoConfiguration, org.springframework.boot.autoconfigure.liquibase.LiquibaseAutoConfiguration]], org.springframework.boot.test.context.filter.ExcludeFilterContextCustomizer@7882c44a, org.springframework.boot.test.json.DuplicateJsonObjectContextCustomizerFactory$DuplicateJsonObjectContextCustomizer@78dc4696, org.springframework.boot.test.mock.mockito.MockitoContextCustomizer@0, org.springframework.boot.test.context.SpringBootTestAnnotation@7152c5d3], contextLoader = org.springframework.boot.test.context.SpringBootContextLoader, parent = null], attributes = {"org.springframework.test.context.event.ApplicationEventsTestExecutionListener.recordApplicationEvents" -> false}]
12:17:42.324 [Test worker] TRACE org.springframework.test.context.support.DirtiesContextTestExecutionListener - After test method: context [DefaultTestContext@5d71813b testClass = com.laundry.laundryMgmt.SensorTest.SensorDaoTest, testInstance = com.laundry.laundryMgmt.SensorTest.SensorDaoTest@6050d04d, testMethod = shouldFindAnySensorbyId(), testException = null, mergedContextConfiguration = [MergedContextConfiguration@5891bd6d testClass = com.laundry.laundryMgmt.SensorTest.SensorDaoTest, locations = [], classes = [com.laundry.laundryMgmt.LaundryMgmtApplication], contextInitializerClasses = [], activeProfiles = [], propertySourceLocations = [], propertySourceProperties = ["org.springframework.boot.test.autoconfigure.orm.jpa.DataJpaTestContextBootstrapper=true"], contextCustomizers = [org.springframework.boot.test.autoconfigure.OverrideAutoConfigurationContextCustomizerFactory$DisableAutoConfigurationContextCustomizer@2ae92511, org.springframework.boot.test.autoconfigure.actuate.observability.ObservabilityContextCustomizerFactory$DisableObservabilityContextCustomizer@1f, org.springframework.boot.test.autoconfigure.filter.TypeExcludeFiltersContextCustomizer@351584c0, org.springframework.boot.test.autoconfigure.properties.PropertyMappingContextCustomizer@a13c477e, org.springframework.boot.test.autoconfigure.web.servlet.WebDriverContextCustomizer@79b663b3, [ImportsContextCustomizer@455082d2 key = [org.springframework.boot.autoconfigure.transaction.TransactionAutoConfiguration, org.springframework.boot.autoconfigure.data.jpa.JpaRepositoriesAutoConfiguration, org.springframework.boot.autoconfigure.jdbc.DataSourceAutoConfiguration, org.springframework.boot.test.autoconfigure.orm.jpa.TestEntityManagerAutoConfiguration, org.springframework.boot.autoconfigure.cache.CacheAutoConfiguration, org.springframework.boot.autoconfigure.orm.jpa.HibernateJpaAutoConfiguration, org.springframework.boot.autoconfigure.sql.init.SqlInitializationAutoConfiguration, org.springframework.boot.autoconfigure.jdbc.JdbcTemplateAutoConfiguration, org.springframework.boot.test.autoconfigure.jdbc.TestDatabaseAutoConfiguration, org.springframework.boot.autoconfigure.flyway.FlywayAutoConfiguration, org.springframework.boot.autoconfigure.jdbc.DataSourceTransactionManagerAutoConfiguration, org.springframework.boot.autoconfigure.liquibase.LiquibaseAutoConfiguration]], org.springframework.boot.test.context.filter.ExcludeFilterContextCustomizer@7882c44a, org.springframework.boot.test.json.DuplicateJsonObjectContextCustomizerFactory$DuplicateJsonObjectContextCustomizer@78dc4696, org.springframework.boot.test.mock.mockito.MockitoContextCustomizer@0, org.springframework.boot.test.context.SpringBootTestAnnotation@7152c5d3], contextLoader = org.springframework.boot.test.context.SpringBootContextLoader, parent = null], attributes = {"org.springframework.test.context.event.ApplicationEventsTestExecutionListener.recordApplicationEvents" -> false}], class annotated with @DirtiesContext [false] with mode [null], method annotated with @DirtiesContext [false] with mode [null]
12:17:42.325 [Test worker] TRACE org.springframework.test.context.TestContextManager - afterTestClass(): class [com.laundry.laundryMgmt.SensorTest.SensorDaoTest]
12:17:42.325 [Test worker] TRACE org.springframework.test.context.cache.DefaultCacheAwareContextLoaderDelegate - Retrieved ApplicationContext [1737837937] from cache with key [MergedContextConfiguration@5891bd6d testClass = com.laundry.laundryMgmt.SensorTest.SensorDaoTest, locations = [], classes = [com.laundry.laundryMgmt.LaundryMgmtApplication], contextInitializerClasses = [], activeProfiles = [], propertySourceLocations = [], propertySourceProperties = ["org.springframework.boot.test.autoconfigure.orm.jpa.DataJpaTestContextBootstrapper=true"], contextCustomizers = [org.springframework.boot.test.autoconfigure.OverrideAutoConfigurationContextCustomizerFactory$DisableAutoConfigurationContextCustomizer@2ae92511, org.springframework.boot.test.autoconfigure.actuate.observability.ObservabilityContextCustomizerFactory$DisableObservabilityContextCustomizer@1f, org.springframework.boot.test.autoconfigure.filter.TypeExcludeFiltersContextCustomizer@351584c0, org.springframework.boot.test.autoconfigure.properties.PropertyMappingContextCustomizer@a13c477e, org.springframework.boot.test.autoconfigure.web.servlet.WebDriverContextCustomizer@79b663b3, [ImportsContextCustomizer@455082d2 key = [org.springframework.boot.autoconfigure.transaction.TransactionAutoConfiguration, org.springframework.boot.autoconfigure.data.jpa.JpaRepositoriesAutoConfiguration, org.springframework.boot.autoconfigure.jdbc.DataSourceAutoConfiguration, org.springframework.boot.test.autoconfigure.orm.jpa.TestEntityManagerAutoConfiguration, org.springframework.boot.autoconfigure.cache.CacheAutoConfiguration, org.springframework.boot.autoconfigure.orm.jpa.HibernateJpaAutoConfiguration, org.springframework.boot.autoconfigure.sql.init.SqlInitializationAutoConfiguration, org.springframework.boot.autoconfigure.jdbc.JdbcTemplateAutoConfiguration, org.springframework.boot.test.autoconfigure.jdbc.TestDatabaseAutoConfiguration, org.springframework.boot.autoconfigure.flyway.FlywayAutoConfiguration, org.springframework.boot.autoconfigure.jdbc.DataSourceTransactionManagerAutoConfiguration, org.springframework.boot.autoconfigure.liquibase.LiquibaseAutoConfiguration]], org.springframework.boot.test.context.filter.ExcludeFilterContextCustomizer@7882c44a, org.springframework.boot.test.json.DuplicateJsonObjectContextCustomizerFactory$DuplicateJsonObjectContextCustomizer@78dc4696, org.springframework.boot.test.mock.mockito.MockitoContextCustomizer@0, org.springframework.boot.test.context.SpringBootTestAnnotation@7152c5d3], contextLoader = org.springframework.boot.test.context.SpringBootContextLoader, parent = null]
12:17:42.325 [Test worker] DEBUG org.springframework.test.context.cache - Spring test ApplicationContext cache statistics: [DefaultContextCache@21a14c45 size = 2, maxSize = 32, parentContextCount = 0, hitCount = 56, missCount = 2]
12:17:42.325 [Test worker] TRACE org.springframework.test.context.support.DirtiesContextTestExecutionListener - After test class: context [DefaultTestContext@5d71813b testClass = com.laundry.laundryMgmt.SensorTest.SensorDaoTest, testInstance = null, testMethod = null, testException = null, mergedContextConfiguration = [MergedContextConfiguration@5891bd6d testClass = com.laundry.laundryMgmt.SensorTest.SensorDaoTest, locations = [], classes = [com.laundry.laundryMgmt.LaundryMgmtApplication], contextInitializerClasses = [], activeProfiles = [], propertySourceLocations = [], propertySourceProperties = ["org.springframework.boot.test.autoconfigure.orm.jpa.DataJpaTestContextBootstrapper=true"], contextCustomizers = [org.springframework.boot.test.autoconfigure.OverrideAutoConfigurationContextCustomizerFactory$DisableAutoConfigurationContextCustomizer@2ae92511, org.springframework.boot.test.autoconfigure.actuate.observability.ObservabilityContextCustomizerFactory$DisableObservabilityContextCustomizer@1f, org.springframework.boot.test.autoconfigure.filter.TypeExcludeFiltersContextCustomizer@351584c0, org.springframework.boot.test.autoconfigure.properties.PropertyMappingContextCustomizer@a13c477e, org.springframework.boot.test.autoconfigure.web.servlet.WebDriverContextCustomizer@79b663b3, [ImportsContextCustomizer@455082d2 key = [org.springframework.boot.autoconfigure.transaction.TransactionAutoConfiguration, org.springframework.boot.autoconfigure.data.jpa.JpaRepositoriesAutoConfiguration, org.springframework.boot.autoconfigure.jdbc.DataSourceAutoConfiguration, org.springframework.boot.test.autoconfigure.orm.jpa.TestEntityManagerAutoConfiguration, org.springframework.boot.autoconfigure.cache.CacheAutoConfiguration, org.springframework.boot.autoconfigure.orm.jpa.HibernateJpaAutoConfiguration, org.springframework.boot.autoconfigure.sql.init.SqlInitializationAutoConfiguration, org.springframework.boot.autoconfigure.jdbc.JdbcTemplateAutoConfiguration, org.springframework.boot.test.autoconfigure.jdbc.TestDatabaseAutoConfiguration, org.springframework.boot.autoconfigure.flyway.FlywayAutoConfiguration, org.springframework.boot.autoconfigure.jdbc.DataSourceTransactionManagerAutoConfiguration, org.springframework.boot.autoconfigure.liquibase.LiquibaseAutoConfiguration]], org.springframework.boot.test.context.filter.ExcludeFilterContextCustomizer@7882c44a, org.springframework.boot.test.json.DuplicateJsonObjectContextCustomizerFactory$DuplicateJsonObjectContextCustomizer@78dc4696, org.springframework.boot.test.mock.mockito.MockitoContextCustomizer@0, org.springframework.boot.test.context.SpringBootTestAnnotation@7152c5d3], contextLoader = org.springframework.boot.test.context.SpringBootContextLoader, parent = null], attributes = {"org.springframework.test.context.event.ApplicationEventsTestExecutionListener.recordApplicationEvents" -> false}], class annotated with @DirtiesContext [false] with mode [null]
]]></system-out>
  <system-err><![CDATA[]]></system-err>
</testsuite>
