<?xml version="1.0" encoding="UTF-8"?>
<testsuite name="com.laundry.laundryMgmt.ReservationTest.ReservationDaoTest" tests="1" skipped="0" failures="0" errors="0" timestamp="2024-01-06T15:08:42" hostname="LAPTOP-K1PBTSJI" time="0.073">
  <properties/>
  <testcase name="shouldFindAnyReservationById()" classname="com.laundry.laundryMgmt.ReservationTest.ReservationDaoTest" time="0.073"/>
  <system-out><![CDATA[16:08:42.210 [Test worker] INFO  org.springframework.test.context.support.AnnotationConfigContextLoaderUtils - Could not detect default configuration classes for test class [com.laundry.laundryMgmt.ReservationTest.ReservationDaoTest]: ReservationDaoTest does not declare any static, non-private, non-final, nested classes annotated with @Configuration.
16:08:42.819 [Test worker] INFO  org.springframework.boot.test.context.SpringBootTestContextBootstrapper - Found @SpringBootConfiguration com.laundry.laundryMgmt.LaundryMgmtApplication for test class com.laundry.laundryMgmt.ReservationTest.ReservationDaoTest
Hibernate: select r1_0.reservation_id,m1_0.machine_id,m1_0.available,m1_0.machine_status,m1_0.progress,m1_0.starting_time,m1_0.cycle_type,m1_0.name,r1_0.reservation_available,r1_0.reservation_date,r1_0.reservation_end,r1_0.reservation_start,r1_0.reservation_user from reservation r1_0 left join machine_entity m1_0 on m1_0.machine_id=r1_0.machine_machine_id where r1_0.reservation_id=?
]]></system-out>
  <system-err><![CDATA[]]></system-err>
</testsuite>
