<?xml version="1.0" encoding="UTF-8"?>
<testsuite name="com.laundry.laundryMgmt.LaundryMgmtApplicationTests" tests="1" skipped="0" failures="0" errors="0" timestamp="2023-12-28T13:58:14" hostname="DESKTOP-35ABBQB" time="1.124">
  <properties/>
  <testcase name="contextLoads()" classname="com.laundry.laundryMgmt.LaundryMgmtApplicationTests" time="1.124"/>
  <system-out><![CDATA[14:58:03.245 [Test worker] INFO org.springframework.test.context.support.AnnotationConfigContextLoaderUtils -- Could not detect default configuration classes for test class [com.laundry.laundryMgmt.LaundryMgmtApplicationTests]: LaundryMgmtApplicationTests does not declare any static, non-private, non-final, nested classes annotated with @Configuration.
14:58:03.555 [Test worker] INFO org.springframework.boot.test.context.SpringBootTestContextBootstrapper -- Found @SpringBootConfiguration com.laundry.laundryMgmt.LaundryMgmtApplication for test class com.laundry.laundryMgmt.LaundryMgmtApplicationTests

  .   ____          _            __ _ _
 /\\ / ___'_ __ _ _(_)_ __  __ _ \ \ \ \
( ( )\___ | '_ | '_| | '_ \/ _` | \ \ \ \
 \\/  ___)| |_)| | | | | || (_| |  ) ) ) )
  '  |____| .__|_| |_|_| |_\__, | / / / /
 =========|_|==============|___/=/_/_/_/
 :: Spring Boot ::                (v3.1.5)

2023-12-28T14:58:04.495+01:00  INFO 6236 --- [    Test worker] c.l.l.LaundryMgmtApplicationTests        : Starting LaundryMgmtApplicationTests using Java 17.0.8 with PID 6236 (started by HP in C:\Users\HP\Documents\07. EMSE\TB3- Web movil and embeded programming\Project\laundryMgmt)
2023-12-28T14:58:04.498+01:00  INFO 6236 --- [    Test worker] c.l.l.LaundryMgmtApplicationTests        : No active profile set, falling back to 1 default profile: "default"
2023-12-28T14:58:06.375+01:00  INFO 6236 --- [    Test worker] .s.d.r.c.RepositoryConfigurationDelegate : Bootstrapping Spring Data JPA repositories in DEFAULT mode.
2023-12-28T14:58:06.538+01:00  INFO 6236 --- [    Test worker] .s.d.r.c.RepositoryConfigurationDelegate : Finished Spring Data repository scanning in 136 ms. Found 3 JPA repository interfaces.
2023-12-28T14:58:07.531+01:00  INFO 6236 --- [    Test worker] com.zaxxer.hikari.HikariDataSource       : HikariPool-1 - Starting...
2023-12-28T14:58:07.986+01:00  INFO 6236 --- [    Test worker] com.zaxxer.hikari.pool.HikariPool        : HikariPool-1 - Added connection conn0: url=jdbc:h2:mem:laundryapp user=SA
2023-12-28T14:58:07.991+01:00  INFO 6236 --- [    Test worker] com.zaxxer.hikari.HikariDataSource       : HikariPool-1 - Start completed.
2023-12-28T14:58:08.091+01:00  INFO 6236 --- [    Test worker] o.hibernate.jpa.internal.util.LogHelper  : HHH000204: Processing PersistenceUnitInfo [name: default]
2023-12-28T14:58:08.282+01:00  INFO 6236 --- [    Test worker] org.hibernate.Version                    : HHH000412: Hibernate ORM core version 6.2.13.Final
2023-12-28T14:58:08.291+01:00  INFO 6236 --- [    Test worker] org.hibernate.cfg.Environment            : HHH000406: Using bytecode reflection optimizer
2023-12-28T14:58:09.052+01:00  INFO 6236 --- [    Test worker] o.s.o.j.p.SpringPersistenceUnitInfo      : No LoadTimeWeaver setup: ignoring JPA class transformer
2023-12-28T14:58:09.166+01:00  WARN 6236 --- [    Test worker] org.hibernate.orm.deprecation            : HHH90000025: H2Dialect does not need to be specified explicitly using 'hibernate.dialect' (remove the property setting and it will be selected by default)
2023-12-28T14:58:11.360+01:00  INFO 6236 --- [    Test worker] o.h.e.t.j.p.i.JtaPlatformInitiator       : HHH000489: No JTA platform available (set 'hibernate.transaction.jta.platform' to enable JTA platform integration)
Hibernate: drop table if exists machine_entity cascade 
Hibernate: drop table if exists reservation cascade 
Hibernate: drop table if exists sensor_entity cascade 
Hibernate: drop sequence if exists machine_entity_seq
Hibernate: drop sequence if exists reservation_seq
Hibernate: drop sequence if exists sensor_entity_seq
Hibernate: create sequence machine_entity_seq start with 1 increment by 50
Hibernate: create sequence reservation_seq start with 1 increment by 50
Hibernate: create sequence sensor_entity_seq start with 1 increment by 50
Hibernate: create table machine_entity (available boolean, machine_status boolean, progress integer, starting_time time(6), machine_id bigint not null, cycle_type varchar(255) check (cycle_type in ('CYCLE_TYPE_A_1','CYCLE_TYPE_A_2','CYCLE_TYPE_A_3','CYCLE_TYPE_B_1','CYCLE_TYPE__2','CYCLE_TYPE_B_3','CYCLE_TYPE_C_1','CYCLE_TYPE_C_2','CYCLE_TYPE_C_3')), name varchar(255) not null, primary key (machine_id))
Hibernate: create table reservation (reservation_available boolean, reservation_date date, reservation_end time(6), reservation_start time(6), machine_machine_id bigint, reservation_id bigint not null, reservation_user varchar(255) not null, primary key (reservation_id))
Hibernate: create table sensor_entity (measure integer, status boolean, machine_machine_id bigint, sensor_id bigint not null, sensor_name varchar(255), sensor_type varchar(255) check (sensor_type in ('TEMPERATURE','MOVEMENT','TIMER')), primary key (sensor_id))
Hibernate: alter table if exists reservation add constraint FKqrdfugi7krjacygnvou7rr6yp foreign key (machine_machine_id) references machine_entity
Hibernate: alter table if exists sensor_entity add constraint FKfdysuxx2d36pba5lqr4amwmmy foreign key (machine_machine_id) references machine_entity
2023-12-28T14:58:11.454+01:00  INFO 6236 --- [    Test worker] j.LocalContainerEntityManagerFactoryBean : Initialized JPA EntityManagerFactory for persistence unit 'default'
2023-12-28T14:58:12.836+01:00  WARN 6236 --- [    Test worker] JpaBaseConfiguration$JpaWebConfiguration : spring.jpa.open-in-view is enabled by default. Therefore, database queries may be performed during view rendering. Explicitly configure spring.jpa.open-in-view to disable this warning
2023-12-28T14:58:13.095+01:00  INFO 6236 --- [    Test worker] o.s.s.web.DefaultSecurityFilterChain     : Will secure any request with [org.springframework.security.web.session.DisableEncodeUrlFilter@27a23d87, org.springframework.security.web.context.request.async.WebAsyncManagerIntegrationFilter@72155315, org.springframework.security.web.context.SecurityContextHolderFilter@30dd23e2, org.springframework.security.web.header.HeaderWriterFilter@45dfb6a4, org.springframework.security.web.authentication.logout.LogoutFilter@481f698f, org.springframework.security.web.authentication.UsernamePasswordAuthenticationFilter@5d3d5242, org.springframework.security.web.authentication.ui.DefaultLoginPageGeneratingFilter@55589ef5, org.springframework.security.web.authentication.ui.DefaultLogoutPageGeneratingFilter@2cbae0f1, org.springframework.security.web.authentication.www.BasicAuthenticationFilter@7a25f8ee, org.springframework.security.web.savedrequest.RequestCacheAwareFilter@75693526, org.springframework.security.web.servletapi.SecurityContextHolderAwareRequestFilter@2af1bf5a, org.springframework.security.web.authentication.AnonymousAuthenticationFilter@3bf4b018, org.springframework.security.web.access.ExceptionTranslationFilter@456c53a, org.springframework.security.web.access.intercept.AuthorizationFilter@31ecd003]
2023-12-28T14:58:13.749+01:00  INFO 6236 --- [    Test worker] o.s.b.a.w.s.WelcomePageHandlerMapping    : Adding welcome page: class path resource [static/index.html]
2023-12-28T14:58:14.322+01:00  INFO 6236 --- [    Test worker] o.s.b.a.h2.H2ConsoleAutoConfiguration    : H2 console available at '/console'. Database available at 'jdbc:h2:mem:laundryapp'
2023-12-28T14:58:14.526+01:00  INFO 6236 --- [    Test worker] c.l.l.LaundryMgmtApplicationTests        : Started LaundryMgmtApplicationTests in 10.588 seconds (process running for 13.139)
Output time is 10
]]></system-out>
  <system-err><![CDATA[]]></system-err>
</testsuite>
