<?xml version="1.0" encoding="UTF-8"?>
<testsuite name="com.laundry.laundryMgmt.businessLogic.MachineImplentationServiceTest" tests="1" skipped="0" failures="0" errors="0" timestamp="2024-01-09T15:22:25" hostname="kali" time="0.012">
  <properties/>
  <testcase name="timeTest(CapturedOutput)" classname="com.laundry.laundryMgmt.businessLogic.MachineImplentationServiceTest" time="0.012"/>
  <system-out><![CDATA[Output time is 15
]]></system-out>
  <system-err><![CDATA[]]></system-err>
</testsuite>
