<?xml version="1.0" encoding="UTF-8"?>
<testsuite name="com.laundry.laundryMgmt.LaundryMgmtApplicationTests" tests="1" skipped="0" failures="0" errors="0" timestamp="2024-01-09T15:22:23" hostname="kali" time="0.837">
  <properties/>
  <testcase name="contextLoads()" classname="com.laundry.laundryMgmt.LaundryMgmtApplicationTests" time="0.837"/>
  <system-out><![CDATA[10:22:16.789 [Test worker] TRACE org.springframework.test.context.BootstrapUtils - Instantiating CacheAwareContextLoaderDelegate from class [org.springframework.test.context.cache.DefaultCacheAwareContextLoaderDelegate]
10:22:16.827 [Test worker] TRACE org.springframework.core.io.support.SpringFactoriesLoader - Loaded [org.springframework.test.context.ApplicationContextFailureProcessor] names: [org.springframework.boot.test.autoconfigure.ConditionReportApplicationContextFailureProcessor]
10:22:16.832 [Test worker] TRACE org.springframework.test.context.util.TestContextSpringFactoriesUtils - Loaded ApplicationContextFailureProcessor implementations from location [META-INF/spring.factories]: [org.springframework.boot.test.autoconfigure.ConditionReportApplicationContextFailureProcessor]
10:22:16.834 [Test worker] TRACE org.springframework.test.context.BootstrapUtils - Instantiating BootstrapContext using constructor [public org.springframework.test.context.support.DefaultBootstrapContext(java.lang.Class,org.springframework.test.context.CacheAwareContextLoaderDelegate)]
10:22:16.881 [Test worker] TRACE org.springframework.test.context.BootstrapUtils - Instantiating TestContextBootstrapper for test class [com.laundry.laundryMgmt.LaundryMgmtApplicationTests] from class [org.springframework.boot.test.context.SpringBootTestContextBootstrapper]
10:22:16.889 [Test worker] TRACE org.springframework.boot.test.context.SpringBootTestContextBootstrapper - Resolving ContextLoader for context configuration attributes [ContextConfigurationAttributes@6b3f6585 declaringClass = com.laundry.laundryMgmt.LaundryMgmtApplicationTests, classes = [], locations = [], inheritLocations = false, initializers = [], inheritInitializers = true, name = null, contextLoaderClass = org.springframework.test.context.ContextLoader]
10:22:16.895 [Test worker] TRACE org.springframework.boot.test.context.SpringBootTestContextBootstrapper - Using ContextLoader class [org.springframework.boot.test.context.SpringBootContextLoader] for test class [com.laundry.laundryMgmt.LaundryMgmtApplicationTests]
10:22:16.900 [Test worker] TRACE org.springframework.boot.test.context.SpringBootTestContextBootstrapper - Neither @ContextConfiguration nor @ContextHierarchy found for test class [com.laundry.laundryMgmt.LaundryMgmtApplicationTests]: using org.springframework.boot.test.context.SpringBootContextLoader
10:22:16.901 [Test worker] TRACE org.springframework.boot.test.context.SpringBootTestContextBootstrapper - Resolving ContextLoader for context configuration attributes [ContextConfigurationAttributes@6b3f6585 declaringClass = com.laundry.laundryMgmt.LaundryMgmtApplicationTests, classes = [], locations = [], inheritLocations = false, initializers = [], inheritInitializers = true, name = null, contextLoaderClass = org.springframework.test.context.ContextLoader]
10:22:16.902 [Test worker] TRACE org.springframework.boot.test.context.SpringBootTestContextBootstrapper - Using ContextLoader class [org.springframework.boot.test.context.SpringBootContextLoader] for test class [com.laundry.laundryMgmt.LaundryMgmtApplicationTests]
10:22:16.902 [Test worker] TRACE org.springframework.boot.test.context.SpringBootTestContextBootstrapper - Processing locations and classes for context configuration attributes [ContextConfigurationAttributes@6b3f6585 declaringClass = com.laundry.laundryMgmt.LaundryMgmtApplicationTests, classes = [], locations = [], inheritLocations = false, initializers = [], inheritInitializers = true, name = null, contextLoaderClass = org.springframework.test.context.ContextLoader]
10:22:16.904 [Test worker] TRACE org.springframework.test.context.support.AbstractContextLoader - Did not detect default resource location for test class [com.laundry.laundryMgmt.LaundryMgmtApplicationTests]: class path resource [com/laundry/laundryMgmt/LaundryMgmtApplicationTests-context.xml] does not exist
10:22:16.906 [Test worker] TRACE org.springframework.test.context.support.AbstractContextLoader - Did not detect default resource location for test class [com.laundry.laundryMgmt.LaundryMgmtApplicationTests]: class path resource [com/laundry/laundryMgmt/LaundryMgmtApplicationTestsContext.groovy] does not exist
10:22:16.906 [Test worker] DEBUG org.springframework.test.context.support.AbstractContextLoader - Could not detect default resource locations for test class [com.laundry.laundryMgmt.LaundryMgmtApplicationTests]: no resource found for suffixes {-context.xml, Context.groovy}.
10:22:16.907 [Test worker] INFO  org.springframework.test.context.support.AnnotationConfigContextLoaderUtils - Could not detect default configuration classes for test class [com.laundry.laundryMgmt.LaundryMgmtApplicationTests]: LaundryMgmtApplicationTests does not declare any static, non-private, non-final, nested classes annotated with @Configuration.
10:22:16.908 [Test worker] TRACE org.springframework.core.io.support.SpringFactoriesLoader - Loaded [org.springframework.test.context.ContextCustomizerFactory] names: [org.springframework.boot.test.autoconfigure.OverrideAutoConfigurationContextCustomizerFactory, org.springframework.boot.test.autoconfigure.actuate.observability.ObservabilityContextCustomizerFactory, org.springframework.boot.test.autoconfigure.filter.TypeExcludeFiltersContextCustomizerFactory, org.springframework.boot.test.autoconfigure.properties.PropertyMappingContextCustomizerFactory, org.springframework.boot.test.autoconfigure.web.servlet.WebDriverContextCustomizerFactory, org.springframework.boot.test.context.ImportsContextCustomizerFactory, org.springframework.boot.test.context.filter.ExcludeFilterContextCustomizerFactory, org.springframework.boot.test.graphql.tester.HttpGraphQlTesterContextCustomizerFactory, org.springframework.boot.test.json.DuplicateJsonObjectContextCustomizerFactory, org.springframework.boot.test.mock.mockito.MockitoContextCustomizerFactory, org.springframework.boot.test.web.client.TestRestTemplateContextCustomizerFactory, org.springframework.boot.test.web.reactive.server.WebTestClientContextCustomizerFactory, org.springframework.test.context.web.socket.MockServerContainerContextCustomizerFactory, org.springframework.test.context.support.DynamicPropertiesContextCustomizerFactory]
10:22:16.919 [Test worker] TRACE org.springframework.test.context.util.TestContextSpringFactoriesUtils - Loaded ContextCustomizerFactory implementations from location [META-INF/spring.factories]: [org.springframework.boot.test.autoconfigure.OverrideAutoConfigurationContextCustomizerFactory, org.springframework.boot.test.autoconfigure.actuate.observability.ObservabilityContextCustomizerFactory, org.springframework.boot.test.autoconfigure.filter.TypeExcludeFiltersContextCustomizerFactory, org.springframework.boot.test.autoconfigure.properties.PropertyMappingContextCustomizerFactory, org.springframework.boot.test.autoconfigure.web.servlet.WebDriverContextCustomizerFactory, org.springframework.boot.test.context.ImportsContextCustomizerFactory, org.springframework.boot.test.context.filter.ExcludeFilterContextCustomizerFactory, org.springframework.boot.test.graphql.tester.HttpGraphQlTesterContextCustomizerFactory, org.springframework.boot.test.json.DuplicateJsonObjectContextCustomizerFactory, org.springframework.boot.test.mock.mockito.MockitoContextCustomizerFactory, org.springframework.boot.test.web.client.TestRestTemplateContextCustomizerFactory, org.springframework.boot.test.web.reactive.server.WebTestClientContextCustomizerFactory, org.springframework.test.context.web.socket.MockServerContainerContextCustomizerFactory, org.springframework.test.context.support.DynamicPropertiesContextCustomizerFactory]
10:22:16.943 [Test worker] TRACE org.springframework.boot.test.context.SpringBootTestContextBootstrapper - Using ContextCustomizers for test class [com.laundry.laundryMgmt.LaundryMgmtApplicationTests]: [org.springframework.boot.test.autoconfigure.actuate.observability.ObservabilityContextCustomizerFactory$DisableObservabilityContextCustomizer@1f, org.springframework.boot.test.autoconfigure.properties.PropertyMappingContextCustomizer@0, org.springframework.boot.test.autoconfigure.web.servlet.WebDriverContextCustomizer@7d9ba6c, org.springframework.boot.test.context.filter.ExcludeFilterContextCustomizer@5d425813, org.springframework.boot.test.json.DuplicateJsonObjectContextCustomizerFactory$DuplicateJsonObjectContextCustomizer@6b52dd31, org.springframework.boot.test.mock.mockito.MockitoContextCustomizer@0, org.springframework.boot.test.web.client.TestRestTemplateContextCustomizer@1c9e07c6]
10:22:16.949 [Test worker] TRACE org.springframework.test.context.support.ApplicationContextInitializerUtils - Processing context initializers for configuration attributes [ContextConfigurationAttributes@6b3f6585 declaringClass = com.laundry.laundryMgmt.LaundryMgmtApplicationTests, classes = [], locations = [], inheritLocations = false, initializers = [], inheritInitializers = true, name = null, contextLoaderClass = org.springframework.test.context.ContextLoader]
10:22:16.953 [Test worker] TRACE org.springframework.test.context.support.ActiveProfilesUtils - Could not find an 'annotation declaring class' for annotation type [org.springframework.test.context.ActiveProfiles] and class [com.laundry.laundryMgmt.LaundryMgmtApplicationTests]
10:22:16.987 [Test worker] TRACE org.springframework.core.io.support.PathMatchingResourcePatternResolver - Resolved module-path location pattern [com/laundry/laundryMgmt/*.class] to resources []
10:22:16.989 [Test worker] TRACE org.springframework.core.io.support.PathMatchingResourcePatternResolver - Resolved module-path location pattern [com/laundry/laundryMgmt/] to resources []
10:22:16.996 [Test worker] TRACE org.springframework.core.io.support.PathMatchingResourcePatternResolver - Resolved classpath location [com/laundry/laundryMgmt/] to resources [file [/home/kali/Toolbox3/Projet/TestBackend/build/classes/java/test/com/laundry/laundryMgmt], file [/home/kali/Toolbox3/Projet/TestBackend/build/classes/java/main/com/laundry/laundryMgmt]]
10:22:16.999 [Test worker] TRACE org.springframework.core.io.support.PathMatchingResourcePatternResolver - Searching directory [/home/kali/Toolbox3/Projet/TestBackend/build/classes/java/test/com/laundry/laundryMgmt] for files matching pattern [*.class]
10:22:17.007 [Test worker] TRACE org.springframework.core.io.support.PathMatchingResourcePatternResolver - Searching directory [/home/kali/Toolbox3/Projet/TestBackend/build/classes/java/main/com/laundry/laundryMgmt] for files matching pattern [*.class]
10:22:17.017 [Test worker] TRACE org.springframework.core.io.support.PathMatchingResourcePatternResolver - Resolved location pattern [classpath*:com/laundry/laundryMgmt/*.class] to resources [file [/home/kali/Toolbox3/Projet/TestBackend/build/classes/java/test/com/laundry/laundryMgmt/LaundryMgmtApplicationTests.class], file [/home/kali/Toolbox3/Projet/TestBackend/build/classes/java/main/com/laundry/laundryMgmt/LaundryMgmtApplication.class], file [/home/kali/Toolbox3/Projet/TestBackend/build/classes/java/main/com/laundry/laundryMgmt/LaundryMgmtApplicationConfig.class]]
10:22:17.018 [Test worker] TRACE org.springframework.context.annotation.ClassPathScanningCandidateComponentProvider - Scanning file [/home/kali/Toolbox3/Projet/TestBackend/build/classes/java/test/com/laundry/laundryMgmt/LaundryMgmtApplicationTests.class]
10:22:17.030 [Test worker] TRACE org.springframework.context.annotation.ClassPathScanningCandidateComponentProvider - Ignored because not matching any filter: file [/home/kali/Toolbox3/Projet/TestBackend/build/classes/java/test/com/laundry/laundryMgmt/LaundryMgmtApplicationTests.class]
10:22:17.031 [Test worker] TRACE org.springframework.context.annotation.ClassPathScanningCandidateComponentProvider - Scanning file [/home/kali/Toolbox3/Projet/TestBackend/build/classes/java/main/com/laundry/laundryMgmt/LaundryMgmtApplication.class]
10:22:17.058 [Test worker] DEBUG org.springframework.context.annotation.ClassPathScanningCandidateComponentProvider - Identified candidate component class: file [/home/kali/Toolbox3/Projet/TestBackend/build/classes/java/main/com/laundry/laundryMgmt/LaundryMgmtApplication.class]
10:22:17.060 [Test worker] TRACE org.springframework.context.annotation.ClassPathScanningCandidateComponentProvider - Scanning file [/home/kali/Toolbox3/Projet/TestBackend/build/classes/java/main/com/laundry/laundryMgmt/LaundryMgmtApplicationConfig.class]
10:22:17.065 [Test worker] TRACE org.springframework.context.annotation.ClassPathScanningCandidateComponentProvider - Ignored because not matching any filter: file [/home/kali/Toolbox3/Projet/TestBackend/build/classes/java/main/com/laundry/laundryMgmt/LaundryMgmtApplicationConfig.class]
10:22:17.075 [Test worker] INFO  org.springframework.boot.test.context.SpringBootTestContextBootstrapper - Found @SpringBootConfiguration com.laundry.laundryMgmt.LaundryMgmtApplication for test class com.laundry.laundryMgmt.LaundryMgmtApplicationTests
10:22:17.145 [Test worker] TRACE org.springframework.boot.test.context.SpringBootTestContextBootstrapper - @TestExecutionListeners is not present for class [com.laundry.laundryMgmt.LaundryMgmtApplicationTests]: using defaults.
10:22:17.148 [Test worker] TRACE org.springframework.core.io.support.SpringFactoriesLoader - Loaded [org.springframework.test.context.TestExecutionListener] names: [org.springframework.security.test.context.support.WithSecurityContextTestExecutionListener, org.springframework.security.test.context.support.ReactorContextTestExecutionListener, org.springframework.boot.test.autoconfigure.restdocs.RestDocsTestExecutionListener, org.springframework.boot.test.autoconfigure.web.client.MockRestServiceServerResetTestExecutionListener, org.springframework.boot.test.autoconfigure.web.servlet.MockMvcPrintOnlyOnFailureTestExecutionListener, org.springframework.boot.test.autoconfigure.web.servlet.WebDriverTestExecutionListener, org.springframework.boot.test.autoconfigure.webservices.client.MockWebServiceServerTestExecutionListener, org.springframework.boot.test.mock.mockito.MockitoTestExecutionListener, org.springframework.boot.test.mock.mockito.ResetMocksTestExecutionListener, org.springframework.test.context.web.ServletTestExecutionListener, org.springframework.test.context.support.DirtiesContextBeforeModesTestExecutionListener, org.springframework.test.context.event.ApplicationEventsTestExecutionListener, org.springframework.test.context.support.DependencyInjectionTestExecutionListener, org.springframework.test.context.observation.MicrometerObservationRegistryTestExecutionListener, org.springframework.test.context.support.DirtiesContextTestExecutionListener, org.springframework.test.context.transaction.TransactionalTestExecutionListener, org.springframework.test.context.jdbc.SqlScriptsTestExecutionListener, org.springframework.test.context.event.EventPublishingTestExecutionListener]
10:22:17.164 [Test worker] DEBUG org.springframework.test.context.util.TestContextSpringFactoriesUtils - Skipping candidate TestExecutionListener [org.springframework.test.context.observation.MicrometerObservationRegistryTestExecutionListener] due to a missing dependency. Specify custom TestExecutionListener classes or make the default TestExecutionListener classes and their required dependencies available. Offending class: io.micrometer.context.ThreadLocalAccessor. MicrometerObservationRegistryTestExecutionListener requires io.micrometer:micrometer-observation:1.10.8 or higher and io.micrometer:context-propagation:1.0.3 or higher.
10:22:17.171 [Test worker] TRACE org.springframework.test.context.util.TestContextSpringFactoriesUtils - Loaded TestExecutionListener implementations from location [META-INF/spring.factories]: [org.springframework.test.context.web.ServletTestExecutionListener, org.springframework.test.context.support.DirtiesContextBeforeModesTestExecutionListener, org.springframework.test.context.event.ApplicationEventsTestExecutionListener, org.springframework.boot.test.mock.mockito.MockitoTestExecutionListener, org.springframework.test.context.support.DependencyInjectionTestExecutionListener, org.springframework.test.context.support.DirtiesContextTestExecutionListener, org.springframework.test.context.transaction.TransactionalTestExecutionListener, org.springframework.test.context.jdbc.SqlScriptsTestExecutionListener, org.springframework.security.test.context.support.WithSecurityContextTestExecutionListener, org.springframework.test.context.event.EventPublishingTestExecutionListener, org.springframework.security.test.context.support.ReactorContextTestExecutionListener, org.springframework.boot.test.autoconfigure.restdocs.RestDocsTestExecutionListener, org.springframework.boot.test.autoconfigure.web.client.MockRestServiceServerResetTestExecutionListener, org.springframework.boot.test.autoconfigure.web.servlet.MockMvcPrintOnlyOnFailureTestExecutionListener, org.springframework.boot.test.autoconfigure.web.servlet.WebDriverTestExecutionListener, org.springframework.boot.test.autoconfigure.webservices.client.MockWebServiceServerTestExecutionListener, org.springframework.boot.test.mock.mockito.ResetMocksTestExecutionListener]
10:22:17.172 [Test worker] TRACE org.springframework.core.io.support.SpringFactoriesLoader - Loaded [org.springframework.boot.test.context.DefaultTestExecutionListenersPostProcessor] names: []
10:22:17.174 [Test worker] TRACE org.springframework.boot.test.context.SpringBootTestContextBootstrapper - Using TestExecutionListeners for test class [com.laundry.laundryMgmt.LaundryMgmtApplicationTests]: [org.springframework.test.context.web.ServletTestExecutionListener@69d45cca, org.springframework.test.context.support.DirtiesContextBeforeModesTestExecutionListener@2fdf17dc, org.springframework.test.context.event.ApplicationEventsTestExecutionListener@6e6d4780, org.springframework.boot.test.mock.mockito.MockitoTestExecutionListener@650ae78c, org.springframework.test.context.support.DependencyInjectionTestExecutionListener@2e73d5eb, org.springframework.test.context.support.DirtiesContextTestExecutionListener@79c5460e, org.springframework.test.context.transaction.TransactionalTestExecutionListener@7d904ff1, org.springframework.test.context.jdbc.SqlScriptsTestExecutionListener@4f94e148, org.springframework.security.test.context.support.WithSecurityContextTestExecutionListener@7ff8a9dc, org.springframework.test.context.event.EventPublishingTestExecutionListener@2cde651b, org.springframework.security.test.context.support.ReactorContextTestExecutionListener@534e58b6, org.springframework.boot.test.autoconfigure.restdocs.RestDocsTestExecutionListener@3bb87d36, org.springframework.boot.test.autoconfigure.web.client.MockRestServiceServerResetTestExecutionListener@1b495d4, org.springframework.boot.test.autoconfigure.web.servlet.MockMvcPrintOnlyOnFailureTestExecutionListener@5e1dde44, org.springframework.boot.test.autoconfigure.web.servlet.WebDriverTestExecutionListener@7f37b6d9, org.springframework.boot.test.autoconfigure.webservices.client.MockWebServiceServerTestExecutionListener@71e35c4, org.springframework.boot.test.mock.mockito.ResetMocksTestExecutionListener@22a10ac6]
10:22:17.176 [Test worker] TRACE org.springframework.test.context.TestContextManager - Registering TestExecutionListener: org.springframework.test.context.web.ServletTestExecutionListener
10:22:17.176 [Test worker] TRACE org.springframework.test.context.TestContextManager - Registering TestExecutionListener: org.springframework.test.context.support.DirtiesContextBeforeModesTestExecutionListener
10:22:17.177 [Test worker] TRACE org.springframework.test.context.TestContextManager - Registering TestExecutionListener: org.springframework.test.context.event.ApplicationEventsTestExecutionListener
10:22:17.177 [Test worker] TRACE org.springframework.test.context.TestContextManager - Registering TestExecutionListener: org.springframework.boot.test.mock.mockito.MockitoTestExecutionListener
10:22:17.177 [Test worker] TRACE org.springframework.test.context.TestContextManager - Registering TestExecutionListener: org.springframework.test.context.support.DependencyInjectionTestExecutionListener
10:22:17.177 [Test worker] TRACE org.springframework.test.context.TestContextManager - Registering TestExecutionListener: org.springframework.test.context.support.DirtiesContextTestExecutionListener
10:22:17.177 [Test worker] TRACE org.springframework.test.context.TestContextManager - Registering TestExecutionListener: org.springframework.test.context.transaction.TransactionalTestExecutionListener
10:22:17.177 [Test worker] TRACE org.springframework.test.context.TestContextManager - Registering TestExecutionListener: org.springframework.test.context.jdbc.SqlScriptsTestExecutionListener
10:22:17.177 [Test worker] TRACE org.springframework.test.context.TestContextManager - Registering TestExecutionListener: org.springframework.security.test.context.support.WithSecurityContextTestExecutionListener
10:22:17.177 [Test worker] TRACE org.springframework.test.context.TestContextManager - Registering TestExecutionListener: org.springframework.test.context.event.EventPublishingTestExecutionListener
10:22:17.177 [Test worker] TRACE org.springframework.test.context.TestContextManager - Registering TestExecutionListener: org.springframework.security.test.context.support.ReactorContextTestExecutionListener
10:22:17.177 [Test worker] TRACE org.springframework.test.context.TestContextManager - Registering TestExecutionListener: org.springframework.boot.test.autoconfigure.restdocs.RestDocsTestExecutionListener
10:22:17.177 [Test worker] TRACE org.springframework.test.context.TestContextManager - Registering TestExecutionListener: org.springframework.boot.test.autoconfigure.web.client.MockRestServiceServerResetTestExecutionListener
10:22:17.177 [Test worker] TRACE org.springframework.test.context.TestContextManager - Registering TestExecutionListener: org.springframework.boot.test.autoconfigure.web.servlet.MockMvcPrintOnlyOnFailureTestExecutionListener
10:22:17.177 [Test worker] TRACE org.springframework.test.context.TestContextManager - Registering TestExecutionListener: org.springframework.boot.test.autoconfigure.web.servlet.WebDriverTestExecutionListener
10:22:17.177 [Test worker] TRACE org.springframework.test.context.TestContextManager - Registering TestExecutionListener: org.springframework.boot.test.autoconfigure.webservices.client.MockWebServiceServerTestExecutionListener
10:22:17.177 [Test worker] TRACE org.springframework.test.context.TestContextManager - Registering TestExecutionListener: org.springframework.boot.test.mock.mockito.ResetMocksTestExecutionListener
10:22:17.178 [Test worker] TRACE org.springframework.test.context.TestContextManager - beforeTestClass(): class [com.laundry.laundryMgmt.LaundryMgmtApplicationTests]
10:22:17.179 [Test worker] TRACE org.springframework.test.context.support.DirtiesContextBeforeModesTestExecutionListener - Before test class: context [DefaultTestContext@51d719bc testClass = com.laundry.laundryMgmt.LaundryMgmtApplicationTests, testInstance = null, testMethod = null, testException = null, mergedContextConfiguration = [WebMergedContextConfiguration@2d38edfd testClass = com.laundry.laundryMgmt.LaundryMgmtApplicationTests, locations = [], classes = [com.laundry.laundryMgmt.LaundryMgmtApplication], contextInitializerClasses = [], activeProfiles = [], propertySourceLocations = [], propertySourceProperties = ["org.springframework.boot.test.context.SpringBootTestContextBootstrapper=true"], contextCustomizers = [org.springframework.boot.test.autoconfigure.actuate.observability.ObservabilityContextCustomizerFactory$DisableObservabilityContextCustomizer@1f, org.springframework.boot.test.autoconfigure.properties.PropertyMappingContextCustomizer@0, org.springframework.boot.test.autoconfigure.web.servlet.WebDriverContextCustomizer@7d9ba6c, org.springframework.boot.test.context.filter.ExcludeFilterContextCustomizer@5d425813, org.springframework.boot.test.json.DuplicateJsonObjectContextCustomizerFactory$DuplicateJsonObjectContextCustomizer@6b52dd31, org.springframework.boot.test.mock.mockito.MockitoContextCustomizer@0, org.springframework.boot.test.web.client.TestRestTemplateContextCustomizer@1c9e07c6, org.springframework.boot.test.context.SpringBootTestAnnotation@38fab2ee], resourceBasePath = "src/main/webapp", contextLoader = org.springframework.boot.test.context.SpringBootContextLoader, parent = null], attributes = {"org.springframework.test.context.web.ServletTestExecutionListener.activateListener" -> true}], class annotated with @DirtiesContext [false] with mode [null]
10:22:17.182 [Test worker] TRACE org.springframework.test.context.TestContextManager - prepareTestInstance(): instance [com.laundry.laundryMgmt.LaundryMgmtApplicationTests@7ab4ae59]
10:22:17.205 [Finalizer] DEBUG org.apache.http.impl.conn.PoolingHttpClientConnectionManager - Connection manager is shutting down
10:22:17.205 [Finalizer] DEBUG org.apache.http.impl.conn.DefaultManagedHttpClientConnection - http-outgoing-1: Close connection
10:22:17.205 [Finalizer] DEBUG org.apache.http.impl.conn.DefaultManagedHttpClientConnection - http-outgoing-1: Close connection
10:22:17.205 [Finalizer] DEBUG org.apache.http.impl.conn.PoolingHttpClientConnectionManager - Connection manager shut down
10:22:17.205 [Finalizer] DEBUG org.apache.http.impl.conn.PoolingHttpClientConnectionManager - Connection manager is shutting down
10:22:17.205 [Finalizer] DEBUG org.apache.http.impl.conn.DefaultManagedHttpClientConnection - http-outgoing-0: Close connection
10:22:17.205 [Finalizer] DEBUG org.apache.http.impl.conn.DefaultManagedHttpClientConnection - http-outgoing-0: Close connection
10:22:17.205 [Finalizer] DEBUG org.apache.http.impl.conn.PoolingHttpClientConnectionManager - Connection manager shut down
10:22:17.205 [Finalizer] DEBUG org.apache.http.impl.conn.PoolingHttpClientConnectionManager - Connection manager is shutting down
10:22:17.205 [Finalizer] DEBUG org.apache.http.impl.conn.DefaultManagedHttpClientConnection - http-outgoing-3: Close connection
10:22:17.206 [Finalizer] DEBUG org.apache.http.impl.conn.DefaultManagedHttpClientConnection - http-outgoing-3: Close connection
10:22:17.206 [Finalizer] DEBUG org.apache.http.impl.conn.PoolingHttpClientConnectionManager - Connection manager shut down
10:22:17.206 [Finalizer] DEBUG org.apache.http.impl.conn.PoolingHttpClientConnectionManager - Connection manager is shutting down
10:22:17.206 [Finalizer] DEBUG org.apache.http.impl.conn.DefaultManagedHttpClientConnection - http-outgoing-2: Close connection
10:22:17.206 [Finalizer] DEBUG org.apache.http.impl.conn.DefaultManagedHttpClientConnection - http-outgoing-2: Close connection
10:22:17.206 [Finalizer] DEBUG org.apache.http.impl.conn.PoolingHttpClientConnectionManager - Connection manager shut down
10:22:17.206 [Test worker] TRACE org.springframework.core.io.support.SpringFactoriesLoader - Loaded [org.springframework.boot.BootstrapRegistryInitializer] names: []
10:22:17.207 [Test worker] TRACE org.springframework.core.io.support.SpringFactoriesLoader - Loaded [org.springframework.context.ApplicationContextInitializer] names: [org.springframework.boot.test.context.filter.ExcludeFilterApplicationContextInitializer, org.springframework.boot.autoconfigure.SharedMetadataReaderFactoryContextInitializer, org.springframework.boot.autoconfigure.logging.ConditionEvaluationReportLoggingListener, org.springframework.boot.context.ConfigurationWarningsApplicationContextInitializer, org.springframework.boot.context.ContextIdApplicationContextInitializer, org.springframework.boot.context.config.DelegatingApplicationContextInitializer, org.springframework.boot.rsocket.context.RSocketPortInfoApplicationContextInitializer, org.springframework.boot.web.context.ServerPortInfoApplicationContextInitializer]
10:22:17.214 [Test worker] TRACE org.springframework.core.io.support.SpringFactoriesLoader - Loaded [org.springframework.context.ApplicationListener] names: [org.springframework.boot.autoconfigure.BackgroundPreinitializer, org.springframework.boot.ClearCachesApplicationListener, org.springframework.boot.builder.ParentContextCloserApplicationListener, org.springframework.boot.context.FileEncodingApplicationListener, org.springframework.boot.context.config.AnsiOutputApplicationListener, org.springframework.boot.context.config.DelegatingApplicationListener, org.springframework.boot.context.logging.LoggingApplicationListener, org.springframework.boot.env.EnvironmentPostProcessorApplicationListener]
10:22:17.236 [Test worker] TRACE org.springframework.core.io.support.SpringFactoriesLoader - Loaded [org.springframework.boot.SpringApplicationRunListener] names: [org.springframework.boot.context.event.EventPublishingRunListener]
10:22:17.245 [Test worker] TRACE org.springframework.core.io.support.SpringFactoriesLoader - Loaded [org.springframework.boot.logging.LoggingSystemFactory] names: [org.springframework.boot.logging.logback.LogbackLoggingSystem.Factory, org.springframework.boot.logging.log4j2.Log4J2LoggingSystem.Factory, org.springframework.boot.logging.java.JavaLoggingSystem.Factory]
10:22:17.407 [Test worker] TRACE org.springframework.core.io.support.SpringFactoriesLoader - Loaded [org.springframework.boot.ApplicationContextFactory] names: [org.springframework.boot.web.reactive.context.ReactiveWebServerApplicationContextFactory, org.springframework.boot.web.servlet.context.ServletWebServerApplicationContextFactory]

  .   ____          _            __ _ _
 /\\ / ___'_ __ _ _(_)_ __  __ _ \ \ \ \
( ( )\___ | '_ | '_| | '_ \/ _` | \ \ \ \
 \\/  ___)| |_)| | | | | || (_| |  ) ) ) )
  '  |____| .__|_| |_|_| |_\__, | / / / /
 =========|_|==============|___/=/_/_/_/
 :: Spring Boot ::                (v3.1.5)

10:22:17.457 [Test worker] INFO  com.laundry.laundryMgmt.LaundryMgmtApplicationTests - Starting LaundryMgmtApplicationTests using Java 17.0.9 with PID 15992 (started by kali in /home/kali/Toolbox3/Projet/TestBackend)
10:22:17.462 [Test worker] DEBUG com.laundry.laundryMgmt.LaundryMgmtApplicationTests - Running with Spring Boot v3.1.5, Spring v6.0.13
10:22:17.464 [Test worker] INFO  com.laundry.laundryMgmt.LaundryMgmtApplicationTests - No active profile set, falling back to 1 default profile: "default"
10:22:17.465 [Test worker] DEBUG org.springframework.boot.SpringApplication - Loading source class com.laundry.laundryMgmt.LaundryMgmtApplication
10:22:17.482 [Test worker] TRACE org.springframework.context.annotation.ClassPathBeanDefinitionScanner - JSR-250 'jakarta.annotation.ManagedBean' found and supported for component scanning
10:22:17.484 [Test worker] TRACE org.springframework.context.annotation.ClassPathBeanDefinitionScanner - JSR-330 'jakarta.inject.Named' annotation found and supported for component scanning
10:22:17.497 [Test worker] TRACE org.springframework.boot.env.RandomValuePropertySourceEnvironmentPostProcessor - RandomValuePropertySource add to Environment
10:22:17.498 [Test worker] TRACE org.springframework.boot.context.config.ConfigDataEnvironmentPostProcessor - Post-processing environment to add config data
10:22:17.498 [Test worker] TRACE org.springframework.boot.context.config.ConfigDataEnvironment - Building config data environment contributors
10:22:17.498 [Test worker] TRACE org.springframework.boot.context.config.ConfigDataEnvironment - Creating wrapped config data contributor for 'Inlined Test Properties'
10:22:17.498 [Test worker] TRACE org.springframework.boot.context.config.ConfigDataEnvironment - Creating wrapped config data contributor for 'configurationProperties'
10:22:17.499 [Test worker] TRACE org.springframework.boot.context.config.ConfigDataEnvironment - Creating wrapped config data contributor for 'servletConfigInitParams'
10:22:17.499 [Test worker] TRACE org.springframework.boot.context.config.ConfigDataEnvironment - Creating wrapped config data contributor for 'servletContextInitParams'
10:22:17.499 [Test worker] TRACE org.springframework.boot.context.config.ConfigDataEnvironment - Creating wrapped config data contributor for 'systemProperties'
10:22:17.499 [Test worker] TRACE org.springframework.boot.context.config.ConfigDataEnvironment - Creating wrapped config data contributor for 'systemEnvironment'
10:22:17.499 [Test worker] TRACE org.springframework.boot.context.config.ConfigDataEnvironment - Creating wrapped config data contributor for 'random'
10:22:17.499 [Test worker] TRACE org.springframework.boot.context.config.ConfigDataEnvironment - Adding initial config data import from location 'optional:file:./;optional:file:./config/;optional:file:./config/*/'
10:22:17.499 [Test worker] TRACE org.springframework.boot.context.config.ConfigDataEnvironment - Adding initial config data import from location 'optional:classpath:/;optional:classpath:/config/'
10:22:17.499 [Test worker] TRACE org.springframework.boot.context.config.ConfigDataEnvironment - Processing initial config data environment contributors without activation context
10:22:17.499 [Test worker] TRACE org.springframework.boot.context.config.ConfigDataEnvironmentContributors - Processing imports for phase BEFORE_PROFILE_ACTIVATION. no activation context
10:22:17.500 [Test worker] TRACE org.springframework.boot.context.config.ConfigDataEnvironmentContributors - Processing imports [optional:file:./;optional:file:./config/;optional:file:./config/*/]
10:22:17.500 [Test worker] TRACE org.springframework.boot.context.config.StandardConfigDataLocationResolver - Skipping missing resource file:./application.yaml
10:22:17.500 [Test worker] TRACE org.springframework.boot.context.config.StandardConfigDataLocationResolver - Skipping missing resource file:./application.yml
10:22:17.501 [Test worker] TRACE org.springframework.boot.context.config.StandardConfigDataLocationResolver - Skipping missing resource file:./application.xml
10:22:17.501 [Test worker] TRACE org.springframework.boot.context.config.StandardConfigDataLocationResolver - Skipping missing resource file:./application.properties
10:22:17.501 [Test worker] TRACE org.springframework.boot.context.config.StandardConfigDataLocationResolver - Skipping missing resource file:./config/application.yaml
10:22:17.501 [Test worker] TRACE org.springframework.boot.context.config.StandardConfigDataLocationResolver - Skipping missing resource file:./config/application.yml
10:22:17.501 [Test worker] TRACE org.springframework.boot.context.config.StandardConfigDataLocationResolver - Skipping missing resource file:./config/application.xml
10:22:17.501 [Test worker] TRACE org.springframework.boot.context.config.StandardConfigDataLocationResolver - Skipping missing resource file:./config/application.properties
10:22:17.501 [Test worker] TRACE org.springframework.boot.context.config.ConfigDataImporter - Considering resource file [config/checkstyle] from location optional:file:./;optional:file:./config/;optional:file:./config/*/
10:22:17.501 [Test worker] TRACE org.springframework.boot.context.config.ConfigDataLoaders - Loading file [config/checkstyle] using loader org.springframework.boot.context.config.StandardConfigDataLoader
10:22:17.502 [Test worker] TRACE org.springframework.boot.context.config.ConfigDataImporter - Loaded resource file [config/checkstyle] from location optional:file:./;optional:file:./config/;optional:file:./config/*/
10:22:17.502 [Test worker] TRACE org.springframework.boot.context.config.ConfigDataImporter - Considering resource file [config] from location optional:file:./;optional:file:./config/;optional:file:./config/*/
10:22:17.502 [Test worker] TRACE org.springframework.boot.context.config.ConfigDataLoaders - Loading file [config] using loader org.springframework.boot.context.config.StandardConfigDataLoader
10:22:17.502 [Test worker] TRACE org.springframework.boot.context.config.ConfigDataImporter - Loaded resource file [config] from location optional:file:./;optional:file:./config/;optional:file:./config/*/
10:22:17.503 [Test worker] TRACE org.springframework.boot.context.config.ConfigDataImporter - Considering resource file [.] from location optional:file:./;optional:file:./config/;optional:file:./config/*/
10:22:17.503 [Test worker] TRACE org.springframework.boot.context.config.ConfigDataLoaders - Loading file [.] using loader org.springframework.boot.context.config.StandardConfigDataLoader
10:22:17.503 [Test worker] TRACE org.springframework.boot.context.config.ConfigDataImporter - Loaded resource file [.] from location optional:file:./;optional:file:./config/;optional:file:./config/*/
10:22:17.503 [Test worker] TRACE org.springframework.boot.context.config.ConfigDataEnvironmentContributors - Imported 3 resources [file [config/checkstyle], file [config], file [.]]
10:22:17.506 [Test worker] TRACE org.springframework.boot.context.config.ConfigDataEnvironmentContributors - Processing imports [optional:classpath:/;optional:classpath:/config/]
10:22:17.507 [Test worker] TRACE org.springframework.boot.context.config.StandardConfigDataLocationResolver - Skipping missing resource classpath:/application.yaml
10:22:17.507 [Test worker] TRACE org.springframework.boot.context.config.StandardConfigDataLocationResolver - Skipping missing resource classpath:/application.yml
10:22:17.507 [Test worker] TRACE org.springframework.boot.context.config.StandardConfigDataLocationResolver - Skipping missing resource classpath:/application.xml
10:22:17.507 [Test worker] TRACE org.springframework.boot.context.config.StandardConfigDataLocationResolver - Skipping missing resource classpath:/config/application.yaml
10:22:17.507 [Test worker] TRACE org.springframework.boot.context.config.StandardConfigDataLocationResolver - Skipping missing resource classpath:/config/application.yml
10:22:17.507 [Test worker] TRACE org.springframework.boot.context.config.StandardConfigDataLocationResolver - Skipping missing resource classpath:/config/application.xml
10:22:17.507 [Test worker] TRACE org.springframework.boot.context.config.StandardConfigDataLocationResolver - Skipping missing resource classpath:/config/application.properties
10:22:17.507 [Test worker] TRACE org.springframework.boot.context.config.ConfigDataImporter - Considering resource class path resource [application.properties] from location optional:classpath:/;optional:classpath:/config/
10:22:17.508 [Test worker] TRACE org.springframework.boot.context.config.ConfigDataLoaders - Loading class path resource [application.properties] using loader org.springframework.boot.context.config.StandardConfigDataLoader
10:22:17.508 [Test worker] TRACE org.springframework.boot.context.config.ConfigDataImporter - Loaded resource class path resource [application.properties] from location optional:classpath:/;optional:classpath:/config/
10:22:17.508 [Test worker] TRACE org.springframework.boot.context.config.ConfigDataEnvironmentContributors - Imported 1 resource [class path resource [application.properties]]
10:22:17.508 [Test worker] TRACE org.springframework.boot.context.config.ConfigDataEnvironmentContributors - Processed imports for of 2 contributors
10:22:17.508 [Test worker] TRACE org.springframework.boot.context.config.ConfigDataEnvironment - Creating config data activation context from initial contributions
10:22:17.508 [Test worker] TRACE org.springframework.boot.context.config.ConfigDataEnvironment - Processing config data environment contributors with initial activation context
10:22:17.508 [Test worker] TRACE org.springframework.boot.context.config.ConfigDataEnvironmentContributors - Processing imports for phase BEFORE_PROFILE_ACTIVATION. [ConfigDataActivationContext@2d0b05 cloudPlatform = [null], profiles = [null]]
10:22:17.508 [Test worker] TRACE org.springframework.boot.context.config.ConfigDataEnvironmentContributors - Processed imports for of 0 contributors
10:22:17.509 [Test worker] TRACE org.springframework.boot.context.config.ConfigDataEnvironment - Deducing profiles from current config data environment contributors
10:22:17.509 [Test worker] TRACE org.springframework.boot.context.config.ConfigDataEnvironment - Processing config data environment contributors with profile activation context
10:22:17.509 [Test worker] TRACE org.springframework.boot.context.config.ConfigDataEnvironmentContributors - Processing imports for phase AFTER_PROFILE_ACTIVATION. [ConfigDataActivationContext@4b432e53 cloudPlatform = [null], profiles = [Profiles@2b916808 active = '[]', default = '[default]', accepted = '[default]']]
10:22:17.509 [Test worker] TRACE org.springframework.boot.context.config.ConfigDataEnvironmentContributors - Processing imports [optional:file:./;optional:file:./config/;optional:file:./config/*/]
10:22:17.510 [Test worker] TRACE org.springframework.boot.context.config.StandardConfigDataLocationResolver - Skipping missing resource file:./application.yaml
10:22:17.510 [Test worker] TRACE org.springframework.boot.context.config.StandardConfigDataLocationResolver - Skipping missing resource file:./application.yml
10:22:17.510 [Test worker] TRACE org.springframework.boot.context.config.StandardConfigDataLocationResolver - Skipping missing resource file:./application.xml
10:22:17.510 [Test worker] TRACE org.springframework.boot.context.config.StandardConfigDataLocationResolver - Skipping missing resource file:./application.properties
10:22:17.510 [Test worker] TRACE org.springframework.boot.context.config.StandardConfigDataLocationResolver - Skipping missing resource file:./config/application.yaml
10:22:17.510 [Test worker] TRACE org.springframework.boot.context.config.StandardConfigDataLocationResolver - Skipping missing resource file:./config/application.yml
10:22:17.510 [Test worker] TRACE org.springframework.boot.context.config.StandardConfigDataLocationResolver - Skipping missing resource file:./config/application.xml
10:22:17.510 [Test worker] TRACE org.springframework.boot.context.config.StandardConfigDataLocationResolver - Skipping missing resource file:./config/application.properties
10:22:17.511 [Test worker] TRACE org.springframework.boot.context.config.StandardConfigDataLocationResolver - Skipping missing resource file:./application-default.yaml
10:22:17.511 [Test worker] TRACE org.springframework.boot.context.config.StandardConfigDataLocationResolver - Skipping missing resource file:./application-default.yml
10:22:17.511 [Test worker] TRACE org.springframework.boot.context.config.StandardConfigDataLocationResolver - Skipping missing resource file:./application-default.xml
10:22:17.511 [Test worker] TRACE org.springframework.boot.context.config.StandardConfigDataLocationResolver - Skipping missing resource file:./application-default.properties
10:22:17.511 [Test worker] TRACE org.springframework.boot.context.config.StandardConfigDataLocationResolver - Skipping missing resource file:./config/application-default.yaml
10:22:17.511 [Test worker] TRACE org.springframework.boot.context.config.StandardConfigDataLocationResolver - Skipping missing resource file:./config/application-default.yml
10:22:17.511 [Test worker] TRACE org.springframework.boot.context.config.StandardConfigDataLocationResolver - Skipping missing resource file:./config/application-default.xml
10:22:17.512 [Test worker] TRACE org.springframework.boot.context.config.StandardConfigDataLocationResolver - Skipping missing resource file:./config/application-default.properties
10:22:17.512 [Test worker] TRACE org.springframework.boot.context.config.ConfigDataImporter - Considering resource file [config/checkstyle] from location optional:file:./;optional:file:./config/;optional:file:./config/*/
10:22:17.512 [Test worker] TRACE org.springframework.boot.context.config.ConfigDataImporter - Already loaded resource file [config/checkstyle] ignoring location optional:file:./;optional:file:./config/;optional:file:./config/*/
10:22:17.512 [Test worker] TRACE org.springframework.boot.context.config.ConfigDataImporter - Considering resource file [config] from location optional:file:./;optional:file:./config/;optional:file:./config/*/
10:22:17.513 [Test worker] TRACE org.springframework.boot.context.config.ConfigDataImporter - Already loaded resource file [config] ignoring location optional:file:./;optional:file:./config/;optional:file:./config/*/
10:22:17.513 [Test worker] TRACE org.springframework.boot.context.config.ConfigDataImporter - Considering resource file [.] from location optional:file:./;optional:file:./config/;optional:file:./config/*/
10:22:17.513 [Test worker] TRACE org.springframework.boot.context.config.ConfigDataImporter - Already loaded resource file [.] ignoring location optional:file:./;optional:file:./config/;optional:file:./config/*/
10:22:17.513 [Test worker] TRACE org.springframework.boot.context.config.ConfigDataImporter - Considering resource file [config/checkstyle] from location optional:file:./;optional:file:./config/;optional:file:./config/*/
10:22:17.513 [Test worker] TRACE org.springframework.boot.context.config.ConfigDataImporter - Already loaded resource file [config/checkstyle] ignoring location optional:file:./;optional:file:./config/;optional:file:./config/*/
10:22:17.514 [Test worker] TRACE org.springframework.boot.context.config.ConfigDataImporter - Considering resource file [config] from location optional:file:./;optional:file:./config/;optional:file:./config/*/
10:22:17.514 [Test worker] TRACE org.springframework.boot.context.config.ConfigDataImporter - Already loaded resource file [config] ignoring location optional:file:./;optional:file:./config/;optional:file:./config/*/
10:22:17.514 [Test worker] TRACE org.springframework.boot.context.config.ConfigDataImporter - Considering resource file [.] from location optional:file:./;optional:file:./config/;optional:file:./config/*/
10:22:17.514 [Test worker] TRACE org.springframework.boot.context.config.ConfigDataImporter - Already loaded resource file [.] ignoring location optional:file:./;optional:file:./config/;optional:file:./config/*/
10:22:17.514 [Test worker] TRACE org.springframework.boot.context.config.ConfigDataEnvironmentContributors - Nothing imported
10:22:17.514 [Test worker] TRACE org.springframework.boot.context.config.ConfigDataEnvironmentContributors - Processing imports [optional:classpath:/;optional:classpath:/config/]
10:22:17.515 [Test worker] TRACE org.springframework.boot.context.config.StandardConfigDataLocationResolver - Skipping missing resource classpath:/application.yaml
10:22:17.515 [Test worker] TRACE org.springframework.boot.context.config.StandardConfigDataLocationResolver - Skipping missing resource classpath:/application.yml
10:22:17.515 [Test worker] TRACE org.springframework.boot.context.config.StandardConfigDataLocationResolver - Skipping missing resource classpath:/application.xml
10:22:17.515 [Test worker] TRACE org.springframework.boot.context.config.StandardConfigDataLocationResolver - Skipping missing resource classpath:/config/application.yaml
10:22:17.516 [Test worker] TRACE org.springframework.boot.context.config.StandardConfigDataLocationResolver - Skipping missing resource classpath:/config/application.yml
10:22:17.516 [Test worker] TRACE org.springframework.boot.context.config.StandardConfigDataLocationResolver - Skipping missing resource classpath:/config/application.xml
10:22:17.516 [Test worker] TRACE org.springframework.boot.context.config.StandardConfigDataLocationResolver - Skipping missing resource classpath:/config/application.properties
10:22:17.516 [Test worker] TRACE org.springframework.boot.context.config.StandardConfigDataLocationResolver - Skipping missing resource classpath:/application-default.yaml
10:22:17.516 [Test worker] TRACE org.springframework.boot.context.config.StandardConfigDataLocationResolver - Skipping missing resource classpath:/application-default.yml
10:22:17.516 [Test worker] TRACE org.springframework.boot.context.config.StandardConfigDataLocationResolver - Skipping missing resource classpath:/application-default.xml
10:22:17.516 [Test worker] TRACE org.springframework.boot.context.config.StandardConfigDataLocationResolver - Skipping missing resource classpath:/application-default.properties
10:22:17.517 [Test worker] TRACE org.springframework.boot.context.config.StandardConfigDataLocationResolver - Skipping missing resource classpath:/config/application-default.yaml
10:22:17.517 [Test worker] TRACE org.springframework.boot.context.config.StandardConfigDataLocationResolver - Skipping missing resource classpath:/config/application-default.yml
10:22:17.517 [Test worker] TRACE org.springframework.boot.context.config.StandardConfigDataLocationResolver - Skipping missing resource classpath:/config/application-default.xml
10:22:17.517 [Test worker] TRACE org.springframework.boot.context.config.StandardConfigDataLocationResolver - Skipping missing resource classpath:/config/application-default.properties
10:22:17.517 [Test worker] TRACE org.springframework.boot.context.config.ConfigDataImporter - Considering resource class path resource [application.properties] from location optional:classpath:/;optional:classpath:/config/
10:22:17.517 [Test worker] TRACE org.springframework.boot.context.config.ConfigDataImporter - Already loaded resource class path resource [application.properties] ignoring location optional:classpath:/;optional:classpath:/config/
10:22:17.517 [Test worker] TRACE org.springframework.boot.context.config.ConfigDataEnvironmentContributors - Nothing imported
10:22:17.518 [Test worker] TRACE org.springframework.boot.context.config.ConfigDataEnvironmentContributors - Processed imports for of 2 contributors
10:22:17.518 [Test worker] TRACE org.springframework.boot.context.config.ConfigDataEnvironment - Applying config data environment contributions
10:22:17.518 [Test worker] TRACE org.springframework.boot.context.config.ConfigDataEnvironment - Adding imported property source 'Config resource 'class path resource [application.properties]' via location 'optional:classpath:/''
10:22:17.518 [Test worker] TRACE org.springframework.boot.context.config.ConfigDataEnvironment - Setting default profiles: [default]
10:22:17.518 [Test worker] TRACE org.springframework.boot.context.config.ConfigDataEnvironment - Setting active profiles: []
10:22:17.529 [Test worker] TRACE org.springframework.web.context.support.GenericWebApplicationContext - Refreshing org.springframework.web.context.support.GenericWebApplicationContext@5a936e64, started on Tue Jan 09 10:22:17 EST 2024
10:22:17.539 [Test worker] TRACE org.springframework.beans.factory.support.DefaultListableBeanFactory - Registering scope 'request' with implementation [org.springframework.web.context.request.RequestScope@daf22f0]
10:22:17.540 [Test worker] TRACE org.springframework.beans.factory.support.DefaultListableBeanFactory - Registering scope 'session' with implementation [org.springframework.web.context.request.SessionScope@5426cb36]
10:22:17.541 [Test worker] TRACE org.springframework.beans.factory.support.DefaultListableBeanFactory - Registering scope 'application' with implementation [org.springframework.web.context.support.ServletContextScope@2b4d4327]
10:22:17.552 [Test worker] DEBUG org.springframework.beans.factory.support.DefaultListableBeanFactory - Creating shared instance of singleton bean 'org.springframework.context.annotation.internalConfigurationAnnotationProcessor'
10:22:17.553 [Test worker] TRACE org.springframework.beans.factory.support.DefaultListableBeanFactory - Creating instance of bean 'org.springframework.context.annotation.internalConfigurationAnnotationProcessor'
10:22:17.615 [Test worker] DEBUG org.springframework.beans.factory.support.DefaultListableBeanFactory - Creating shared instance of singleton bean 'org.springframework.boot.autoconfigure.internalCachingMetadataReaderFactory'
10:22:17.616 [Test worker] TRACE org.springframework.beans.factory.support.DefaultListableBeanFactory - Creating instance of bean 'org.springframework.boot.autoconfigure.internalCachingMetadataReaderFactory'
10:22:17.647 [Test worker] TRACE org.springframework.beans.factory.support.DefaultListableBeanFactory - Finished creating instance of bean 'org.springframework.boot.autoconfigure.internalCachingMetadataReaderFactory'
10:22:17.696 [Test worker] TRACE org.springframework.core.io.support.SpringFactoriesLoader - Loaded [org.springframework.beans.BeanInfoFactory] names: []
10:22:17.719 [Test worker] TRACE org.springframework.beans.CachedIntrospectionResults - Getting BeanInfo for class [org.springframework.context.annotation.ConfigurationClassPostProcessor]
10:22:17.724 [Test worker] TRACE org.springframework.beans.CachedIntrospectionResults - Caching PropertyDescriptors for class [org.springframework.context.annotation.ConfigurationClassPostProcessor]
10:22:17.726 [Test worker] TRACE org.springframework.beans.CachedIntrospectionResults - Found bean property 'applicationStartup' of type [org.springframework.core.metrics.ApplicationStartup]
10:22:17.727 [Test worker] TRACE org.springframework.beans.CachedIntrospectionResults - Found bean property 'beanClassLoader' of type [java.lang.ClassLoader]
10:22:17.729 [Test worker] TRACE org.springframework.beans.CachedIntrospectionResults - Found bean property 'beanExcludedFromAotProcessing' of type [boolean]
10:22:17.729 [Test worker] TRACE org.springframework.beans.CachedIntrospectionResults - Found bean property 'beanNameGenerator' of type [org.springframework.beans.factory.support.BeanNameGenerator]
10:22:17.731 [Test worker] TRACE org.springframework.beans.CachedIntrospectionResults - Found bean property 'class' of type [java.lang.Class]
10:22:17.732 [Test worker] TRACE org.springframework.beans.CachedIntrospectionResults - Found bean property 'environment' of type [org.springframework.core.env.Environment]
10:22:17.733 [Test worker] TRACE org.springframework.beans.CachedIntrospectionResults - Found bean property 'metadataReaderFactory' of type [org.springframework.core.type.classreading.MetadataReaderFactory]
10:22:17.733 [Test worker] TRACE org.springframework.beans.CachedIntrospectionResults - Found bean property 'order' of type [int]
10:22:17.733 [Test worker] TRACE org.springframework.beans.CachedIntrospectionResults - Found bean property 'problemReporter' of type [org.springframework.beans.factory.parsing.ProblemReporter]
10:22:17.733 [Test worker] TRACE org.springframework.beans.CachedIntrospectionResults - Found bean property 'resourceLoader' of type [org.springframework.core.io.ResourceLoader]
10:22:17.733 [Test worker] TRACE org.springframework.beans.CachedIntrospectionResults - Found bean property 'sourceExtractor' of type [org.springframework.beans.factory.parsing.SourceExtractor]
10:22:17.738 [Test worker] TRACE org.springframework.beans.factory.support.DefaultListableBeanFactory - Finished creating instance of bean 'org.springframework.context.annotation.internalConfigurationAnnotationProcessor'
10:22:17.748 [Test worker] TRACE org.springframework.context.annotation.ClassPathBeanDefinitionScanner - JSR-250 'jakarta.annotation.ManagedBean' found and supported for component scanning
10:22:17.748 [Test worker] TRACE org.springframework.context.annotation.ClassPathBeanDefinitionScanner - JSR-330 'jakarta.inject.Named' annotation found and supported for component scanning
10:22:17.751 [Test worker] TRACE org.springframework.core.io.support.PathMatchingResourcePatternResolver - Resolved module-path location pattern [com/laundry/laundryMgmt/**/*.class] to resources []
10:22:17.751 [Test worker] TRACE org.springframework.core.io.support.PathMatchingResourcePatternResolver - Resolved module-path location pattern [com/laundry/laundryMgmt/] to resources []
10:22:17.755 [Test worker] TRACE org.springframework.core.io.support.PathMatchingResourcePatternResolver - Resolved classpath location [com/laundry/laundryMgmt/] to resources [file [/home/kali/Toolbox3/Projet/TestBackend/build/classes/java/test/com/laundry/laundryMgmt], file [/home/kali/Toolbox3/Projet/TestBackend/build/classes/java/main/com/laundry/laundryMgmt]]
10:22:17.757 [Test worker] TRACE org.springframework.core.io.support.PathMatchingResourcePatternResolver - Searching directory [/home/kali/Toolbox3/Projet/TestBackend/build/classes/java/test/com/laundry/laundryMgmt] for files matching pattern [**/*.class]
10:22:17.760 [Test worker] TRACE org.springframework.core.io.support.PathMatchingResourcePatternResolver - Searching directory [/home/kali/Toolbox3/Projet/TestBackend/build/classes/java/main/com/laundry/laundryMgmt] for files matching pattern [**/*.class]
10:22:17.765 [Test worker] TRACE org.springframework.core.io.support.PathMatchingResourcePatternResolver - Resolved location pattern [classpath*:com/laundry/laundryMgmt/**/*.class] to resources [file [/home/kali/Toolbox3/Projet/TestBackend/build/classes/java/test/com/laundry/laundryMgmt/LaundryMgmtApplicationTests.class], file [/home/kali/Toolbox3/Projet/TestBackend/build/classes/java/test/com/laundry/laundryMgmt/MachineTest/MachineDaoTest.class], file [/home/kali/Toolbox3/Projet/TestBackend/build/classes/java/test/com/laundry/laundryMgmt/MachineTest/MachineIntegrationTests.class], file [/home/kali/Toolbox3/Projet/TestBackend/build/classes/java/test/com/laundry/laundryMgmt/ReservationTest/ReservationDaoTest.class], file [/home/kali/Toolbox3/Projet/TestBackend/build/classes/java/test/com/laundry/laundryMgmt/ReservationTest/ReservationIntegration.class], file [/home/kali/Toolbox3/Projet/TestBackend/build/classes/java/test/com/laundry/laundryMgmt/SensorTest/SensorDaoTest.class], file [/home/kali/Toolbox3/Projet/TestBackend/build/classes/java/test/com/laundry/laundryMgmt/SensorTest/SensorIntegration.class], file [/home/kali/Toolbox3/Projet/TestBackend/build/classes/java/test/com/laundry/laundryMgmt/businessLogic/MachineImplentationServiceTest.class], file [/home/kali/Toolbox3/Projet/TestBackend/build/classes/java/test/com/laundry/laundryMgmt/businessLogic/MachinesImplementationServicesTest$MachinesImplementationServicesTestConfig.class], file [/home/kali/Toolbox3/Projet/TestBackend/build/classes/java/test/com/laundry/laundryMgmt/businessLogic/MachinesImplementationServicesTest.class], file [/home/kali/Toolbox3/Projet/TestBackend/build/classes/java/main/com/laundry/laundryMgmt/LaundryMgmtApplication.class], file [/home/kali/Toolbox3/Projet/TestBackend/build/classes/java/main/com/laundry/laundryMgmt/LaundryMgmtApplicationConfig.class], file [/home/kali/Toolbox3/Projet/TestBackend/build/classes/java/main/com/laundry/laundryMgmt/businessLogic/MachineImplementationService.class], file [/home/kali/Toolbox3/Projet/TestBackend/build/classes/java/main/com/laundry/laundryMgmt/businessLogic/MachineService.class], file [/home/kali/Toolbox3/Projet/TestBackend/build/classes/java/main/com/laundry/laundryMgmt/businessLogic/MachinesServices.class], file [/home/kali/Toolbox3/Projet/TestBackend/build/classes/java/main/com/laundry/laundryMgmt/businessLogic/MachinesServicesImplementation.class], file [/home/kali/Toolbox3/Projet/TestBackend/build/classes/java/main/com/laundry/laundryMgmt/config/SpringSecurityConfig.class], file [/home/kali/Toolbox3/Projet/TestBackend/build/classes/java/main/com/laundry/laundryMgmt/controllers/MachineController.class], file [/home/kali/Toolbox3/Projet/TestBackend/build/classes/java/main/com/laundry/laundryMgmt/controllers/ReservationController.class], file [/home/kali/Toolbox3/Projet/TestBackend/build/classes/java/main/com/laundry/laundryMgmt/controllers/SecurityController$User.class], file [/home/kali/Toolbox3/Projet/TestBackend/build/classes/java/main/com/laundry/laundryMgmt/controllers/SecurityController.class], file [/home/kali/Toolbox3/Projet/TestBackend/build/classes/java/main/com/laundry/laundryMgmt/controllers/SensorController.class], file [/home/kali/Toolbox3/Projet/TestBackend/build/classes/java/main/com/laundry/laundryMgmt/dao/MachineDao.class], file [/home/kali/Toolbox3/Projet/TestBackend/build/classes/java/main/com/laundry/laundryMgmt/dao/ReservationDao.class], file [/home/kali/Toolbox3/Projet/TestBackend/build/classes/java/main/com/laundry/laundryMgmt/dao/SensorDao.class], file [/home/kali/Toolbox3/Projet/TestBackend/build/classes/java/main/com/laundry/laundryMgmt/mappers/MachineMapper.class], file [/home/kali/Toolbox3/Projet/TestBackend/build/classes/java/main/com/laundry/laundryMgmt/mappers/ReservationMapper.class], file [/home/kali/Toolbox3/Projet/TestBackend/build/classes/java/main/com/laundry/laundryMgmt/mappers/SensorMapper.class], file [/home/kali/Toolbox3/Projet/TestBackend/build/classes/java/main/com/laundry/laundryMgmt/models/CycleType.class], file [/home/kali/Toolbox3/Projet/TestBackend/build/classes/java/main/com/laundry/laundryMgmt/models/MachineEntity.class], file [/home/kali/Toolbox3/Projet/TestBackend/build/classes/java/main/com/laundry/laundryMgmt/models/ReservationEntity.class], file [/home/kali/Toolbox3/Projet/TestBackend/build/classes/java/main/com/laundry/laundryMgmt/models/SensorEntity.class], file [/home/kali/Toolbox3/Projet/TestBackend/build/classes/java/main/com/laundry/laundryMgmt/models/SensorType.class], file [/home/kali/Toolbox3/Projet/TestBackend/build/classes/java/main/com/laundry/laundryMgmt/records/MachineCommand.class], file [/home/kali/Toolbox3/Projet/TestBackend/build/classes/java/main/com/laundry/laundryMgmt/records/MachineRecord.class], file [/home/kali/Toolbox3/Projet/TestBackend/build/classes/java/main/com/laundry/laundryMgmt/records/ReservationCommand.class], file [/home/kali/Toolbox3/Projet/TestBackend/build/classes/java/main/com/laundry/laundryMgmt/records/ReservationRecord.class], file [/home/kali/Toolbox3/Projet/TestBackend/build/classes/java/main/com/laundry/laundryMgmt/records/SensorRecord.class]]
10:22:17.766 [Test worker] TRACE org.springframework.context.annotation.ClassPathBeanDefinitionScanner - Scanning file [/home/kali/Toolbox3/Projet/TestBackend/build/classes/java/test/com/laundry/laundryMgmt/LaundryMgmtApplicationTests.class]
10:22:17.767 [Test worker] TRACE org.springframework.beans.factory.support.DefaultListableBeanFactory - Returning cached instance of singleton bean 'org.springframework.boot.test.context.filter.TestTypeExcludeFilter'
10:22:17.767 [Test worker] TRACE org.springframework.context.annotation.ClassPathBeanDefinitionScanner - Ignored because not matching any filter: file [/home/kali/Toolbox3/Projet/TestBackend/build/classes/java/test/com/laundry/laundryMgmt/LaundryMgmtApplicationTests.class]
10:22:17.767 [Test worker] TRACE org.springframework.context.annotation.ClassPathBeanDefinitionScanner - Scanning file [/home/kali/Toolbox3/Projet/TestBackend/build/classes/java/test/com/laundry/laundryMgmt/MachineTest/MachineDaoTest.class]
10:22:17.775 [Test worker] TRACE org.springframework.context.annotation.ClassPathBeanDefinitionScanner - Ignored because not matching any filter: file [/home/kali/Toolbox3/Projet/TestBackend/build/classes/java/test/com/laundry/laundryMgmt/MachineTest/MachineDaoTest.class]
10:22:17.775 [Test worker] TRACE org.springframework.context.annotation.ClassPathBeanDefinitionScanner - Scanning file [/home/kali/Toolbox3/Projet/TestBackend/build/classes/java/test/com/laundry/laundryMgmt/MachineTest/MachineIntegrationTests.class]
10:22:17.776 [Test worker] TRACE org.springframework.context.annotation.ClassPathBeanDefinitionScanner - Ignored because not matching any filter: file [/home/kali/Toolbox3/Projet/TestBackend/build/classes/java/test/com/laundry/laundryMgmt/MachineTest/MachineIntegrationTests.class]
10:22:17.776 [Test worker] TRACE org.springframework.context.annotation.ClassPathBeanDefinitionScanner - Scanning file [/home/kali/Toolbox3/Projet/TestBackend/build/classes/java/test/com/laundry/laundryMgmt/ReservationTest/ReservationDaoTest.class]
10:22:17.777 [Test worker] TRACE org.springframework.context.annotation.ClassPathBeanDefinitionScanner - Ignored because not matching any filter: file [/home/kali/Toolbox3/Projet/TestBackend/build/classes/java/test/com/laundry/laundryMgmt/ReservationTest/ReservationDaoTest.class]
10:22:17.777 [Test worker] TRACE org.springframework.context.annotation.ClassPathBeanDefinitionScanner - Scanning file [/home/kali/Toolbox3/Projet/TestBackend/build/classes/java/test/com/laundry/laundryMgmt/ReservationTest/ReservationIntegration.class]
10:22:17.778 [Test worker] TRACE org.springframework.context.annotation.ClassPathBeanDefinitionScanner - Ignored because not matching any filter: file [/home/kali/Toolbox3/Projet/TestBackend/build/classes/java/test/com/laundry/laundryMgmt/ReservationTest/ReservationIntegration.class]
10:22:17.778 [Test worker] TRACE org.springframework.context.annotation.ClassPathBeanDefinitionScanner - Scanning file [/home/kali/Toolbox3/Projet/TestBackend/build/classes/java/test/com/laundry/laundryMgmt/SensorTest/SensorDaoTest.class]
10:22:17.778 [Test worker] TRACE org.springframework.context.annotation.ClassPathBeanDefinitionScanner - Ignored because not matching any filter: file [/home/kali/Toolbox3/Projet/TestBackend/build/classes/java/test/com/laundry/laundryMgmt/SensorTest/SensorDaoTest.class]
10:22:17.779 [Test worker] TRACE org.springframework.context.annotation.ClassPathBeanDefinitionScanner - Scanning file [/home/kali/Toolbox3/Projet/TestBackend/build/classes/java/test/com/laundry/laundryMgmt/SensorTest/SensorIntegration.class]
10:22:17.779 [Test worker] TRACE org.springframework.context.annotation.ClassPathBeanDefinitionScanner - Ignored because not matching any filter: file [/home/kali/Toolbox3/Projet/TestBackend/build/classes/java/test/com/laundry/laundryMgmt/SensorTest/SensorIntegration.class]
10:22:17.779 [Test worker] TRACE org.springframework.context.annotation.ClassPathBeanDefinitionScanner - Scanning file [/home/kali/Toolbox3/Projet/TestBackend/build/classes/java/test/com/laundry/laundryMgmt/businessLogic/MachineImplentationServiceTest.class]
10:22:17.781 [Test worker] TRACE org.springframework.context.annotation.ClassPathBeanDefinitionScanner - Ignored because not matching any filter: file [/home/kali/Toolbox3/Projet/TestBackend/build/classes/java/test/com/laundry/laundryMgmt/businessLogic/MachineImplentationServiceTest.class]
10:22:17.781 [Test worker] TRACE org.springframework.context.annotation.ClassPathBeanDefinitionScanner - Scanning file [/home/kali/Toolbox3/Projet/TestBackend/build/classes/java/test/com/laundry/laundryMgmt/businessLogic/MachinesImplementationServicesTest$MachinesImplementationServicesTestConfig.class]
10:22:17.785 [Test worker] TRACE org.springframework.context.annotation.ClassPathBeanDefinitionScanner - Ignored because not matching any filter: file [/home/kali/Toolbox3/Projet/TestBackend/build/classes/java/test/com/laundry/laundryMgmt/businessLogic/MachinesImplementationServicesTest$MachinesImplementationServicesTestConfig.class]
10:22:17.786 [Test worker] TRACE org.springframework.context.annotation.ClassPathBeanDefinitionScanner - Scanning file [/home/kali/Toolbox3/Projet/TestBackend/build/classes/java/test/com/laundry/laundryMgmt/businessLogic/MachinesImplementationServicesTest.class]
10:22:17.786 [Test worker] TRACE org.springframework.context.annotation.ClassPathBeanDefinitionScanner - Ignored because not matching any filter: file [/home/kali/Toolbox3/Projet/TestBackend/build/classes/java/test/com/laundry/laundryMgmt/businessLogic/MachinesImplementationServicesTest.class]
10:22:17.786 [Test worker] TRACE org.springframework.context.annotation.ClassPathBeanDefinitionScanner - Scanning file [/home/kali/Toolbox3/Projet/TestBackend/build/classes/java/main/com/laundry/laundryMgmt/LaundryMgmtApplication.class]
10:22:17.787 [Test worker] TRACE org.springframework.context.annotation.ClassPathBeanDefinitionScanner - Ignored because not matching any filter: file [/home/kali/Toolbox3/Projet/TestBackend/build/classes/java/main/com/laundry/laundryMgmt/LaundryMgmtApplication.class]
10:22:17.787 [Test worker] TRACE org.springframework.context.annotation.ClassPathBeanDefinitionScanner - Scanning file [/home/kali/Toolbox3/Projet/TestBackend/build/classes/java/main/com/laundry/laundryMgmt/LaundryMgmtApplicationConfig.class]
10:22:17.787 [Test worker] DEBUG org.springframework.context.annotation.ClassPathBeanDefinitionScanner - Identified candidate component class: file [/home/kali/Toolbox3/Projet/TestBackend/build/classes/java/main/com/laundry/laundryMgmt/LaundryMgmtApplicationConfig.class]
10:22:17.787 [Test worker] TRACE org.springframework.context.annotation.ClassPathBeanDefinitionScanner - Scanning file [/home/kali/Toolbox3/Projet/TestBackend/build/classes/java/main/com/laundry/laundryMgmt/businessLogic/MachineImplementationService.class]
10:22:17.789 [Test worker] DEBUG org.springframework.context.annotation.ClassPathBeanDefinitionScanner - Identified candidate component class: file [/home/kali/Toolbox3/Projet/TestBackend/build/classes/java/main/com/laundry/laundryMgmt/businessLogic/MachineImplementationService.class]
10:22:17.789 [Test worker] TRACE org.springframework.context.annotation.ClassPathBeanDefinitionScanner - Scanning file [/home/kali/Toolbox3/Projet/TestBackend/build/classes/java/main/com/laundry/laundryMgmt/businessLogic/MachineService.class]
10:22:17.791 [Test worker] TRACE org.springframework.context.annotation.ClassPathBeanDefinitionScanner - Ignored because not matching any filter: file [/home/kali/Toolbox3/Projet/TestBackend/build/classes/java/main/com/laundry/laundryMgmt/businessLogic/MachineService.class]
10:22:17.791 [Test worker] TRACE org.springframework.context.annotation.ClassPathBeanDefinitionScanner - Scanning file [/home/kali/Toolbox3/Projet/TestBackend/build/classes/java/main/com/laundry/laundryMgmt/businessLogic/MachinesServices.class]
10:22:17.792 [Test worker] TRACE org.springframework.context.annotation.ClassPathBeanDefinitionScanner - Ignored because not matching any filter: file [/home/kali/Toolbox3/Projet/TestBackend/build/classes/java/main/com/laundry/laundryMgmt/businessLogic/MachinesServices.class]
10:22:17.792 [Test worker] TRACE org.springframework.context.annotation.ClassPathBeanDefinitionScanner - Scanning file [/home/kali/Toolbox3/Projet/TestBackend/build/classes/java/main/com/laundry/laundryMgmt/businessLogic/MachinesServicesImplementation.class]
10:22:17.793 [Test worker] DEBUG org.springframework.context.annotation.ClassPathBeanDefinitionScanner - Identified candidate component class: file [/home/kali/Toolbox3/Projet/TestBackend/build/classes/java/main/com/laundry/laundryMgmt/businessLogic/MachinesServicesImplementation.class]
10:22:17.793 [Test worker] TRACE org.springframework.context.annotation.ClassPathBeanDefinitionScanner - Scanning file [/home/kali/Toolbox3/Projet/TestBackend/build/classes/java/main/com/laundry/laundryMgmt/config/SpringSecurityConfig.class]
10:22:17.793 [Test worker] DEBUG org.springframework.context.annotation.ClassPathBeanDefinitionScanner - Identified candidate component class: file [/home/kali/Toolbox3/Projet/TestBackend/build/classes/java/main/com/laundry/laundryMgmt/config/SpringSecurityConfig.class]
10:22:17.793 [Test worker] TRACE org.springframework.context.annotation.ClassPathBeanDefinitionScanner - Scanning file [/home/kali/Toolbox3/Projet/TestBackend/build/classes/java/main/com/laundry/laundryMgmt/controllers/MachineController.class]
10:22:17.805 [Test worker] DEBUG org.springframework.context.annotation.ClassPathBeanDefinitionScanner - Identified candidate component class: file [/home/kali/Toolbox3/Projet/TestBackend/build/classes/java/main/com/laundry/laundryMgmt/controllers/MachineController.class]
10:22:17.805 [Test worker] TRACE org.springframework.context.annotation.ClassPathBeanDefinitionScanner - Scanning file [/home/kali/Toolbox3/Projet/TestBackend/build/classes/java/main/com/laundry/laundryMgmt/controllers/ReservationController.class]
10:22:17.807 [Test worker] DEBUG org.springframework.context.annotation.ClassPathBeanDefinitionScanner - Identified candidate component class: file [/home/kali/Toolbox3/Projet/TestBackend/build/classes/java/main/com/laundry/laundryMgmt/controllers/ReservationController.class]
10:22:17.807 [Test worker] TRACE org.springframework.context.annotation.ClassPathBeanDefinitionScanner - Scanning file [/home/kali/Toolbox3/Projet/TestBackend/build/classes/java/main/com/laundry/laundryMgmt/controllers/SecurityController$User.class]
10:22:17.809 [Test worker] TRACE org.springframework.context.annotation.ClassPathBeanDefinitionScanner - Ignored because not matching any filter: file [/home/kali/Toolbox3/Projet/TestBackend/build/classes/java/main/com/laundry/laundryMgmt/controllers/SecurityController$User.class]
10:22:17.809 [Test worker] TRACE org.springframework.context.annotation.ClassPathBeanDefinitionScanner - Scanning file [/home/kali/Toolbox3/Projet/TestBackend/build/classes/java/main/com/laundry/laundryMgmt/controllers/SecurityController.class]
10:22:17.810 [Test worker] DEBUG org.springframework.context.annotation.ClassPathBeanDefinitionScanner - Identified candidate component class: file [/home/kali/Toolbox3/Projet/TestBackend/build/classes/java/main/com/laundry/laundryMgmt/controllers/SecurityController.class]
10:22:17.810 [Test worker] TRACE org.springframework.context.annotation.ClassPathBeanDefinitionScanner - Scanning file [/home/kali/Toolbox3/Projet/TestBackend/build/classes/java/main/com/laundry/laundryMgmt/controllers/SensorController.class]
10:22:17.811 [Test worker] DEBUG org.springframework.context.annotation.ClassPathBeanDefinitionScanner - Identified candidate component class: file [/home/kali/Toolbox3/Projet/TestBackend/build/classes/java/main/com/laundry/laundryMgmt/controllers/SensorController.class]
10:22:17.811 [Test worker] TRACE org.springframework.context.annotation.ClassPathBeanDefinitionScanner - Scanning file [/home/kali/Toolbox3/Projet/TestBackend/build/classes/java/main/com/laundry/laundryMgmt/dao/MachineDao.class]
10:22:17.811 [Test worker] TRACE org.springframework.context.annotation.ClassPathBeanDefinitionScanner - Ignored because not matching any filter: file [/home/kali/Toolbox3/Projet/TestBackend/build/classes/java/main/com/laundry/laundryMgmt/dao/MachineDao.class]
10:22:17.811 [Test worker] TRACE org.springframework.context.annotation.ClassPathBeanDefinitionScanner - Scanning file [/home/kali/Toolbox3/Projet/TestBackend/build/classes/java/main/com/laundry/laundryMgmt/dao/ReservationDao.class]
10:22:17.811 [Test worker] TRACE org.springframework.context.annotation.ClassPathBeanDefinitionScanner - Ignored because not matching any filter: file [/home/kali/Toolbox3/Projet/TestBackend/build/classes/java/main/com/laundry/laundryMgmt/dao/ReservationDao.class]
10:22:17.812 [Test worker] TRACE org.springframework.context.annotation.ClassPathBeanDefinitionScanner - Scanning file [/home/kali/Toolbox3/Projet/TestBackend/build/classes/java/main/com/laundry/laundryMgmt/dao/SensorDao.class]
10:22:17.812 [Test worker] TRACE org.springframework.context.annotation.ClassPathBeanDefinitionScanner - Ignored because not matching any filter: file [/home/kali/Toolbox3/Projet/TestBackend/build/classes/java/main/com/laundry/laundryMgmt/dao/SensorDao.class]
10:22:17.812 [Test worker] TRACE org.springframework.context.annotation.ClassPathBeanDefinitionScanner - Scanning file [/home/kali/Toolbox3/Projet/TestBackend/build/classes/java/main/com/laundry/laundryMgmt/mappers/MachineMapper.class]
10:22:17.813 [Test worker] TRACE org.springframework.context.annotation.ClassPathBeanDefinitionScanner - Ignored because not matching any filter: file [/home/kali/Toolbox3/Projet/TestBackend/build/classes/java/main/com/laundry/laundryMgmt/mappers/MachineMapper.class]
10:22:17.813 [Test worker] TRACE org.springframework.context.annotation.ClassPathBeanDefinitionScanner - Scanning file [/home/kali/Toolbox3/Projet/TestBackend/build/classes/java/main/com/laundry/laundryMgmt/mappers/ReservationMapper.class]
10:22:17.813 [Test worker] TRACE org.springframework.context.annotation.ClassPathBeanDefinitionScanner - Ignored because not matching any filter: file [/home/kali/Toolbox3/Projet/TestBackend/build/classes/java/main/com/laundry/laundryMgmt/mappers/ReservationMapper.class]
10:22:17.813 [Test worker] TRACE org.springframework.context.annotation.ClassPathBeanDefinitionScanner - Scanning file [/home/kali/Toolbox3/Projet/TestBackend/build/classes/java/main/com/laundry/laundryMgmt/mappers/SensorMapper.class]
10:22:17.814 [Test worker] TRACE org.springframework.context.annotation.ClassPathBeanDefinitionScanner - Ignored because not matching any filter: file [/home/kali/Toolbox3/Projet/TestBackend/build/classes/java/main/com/laundry/laundryMgmt/mappers/SensorMapper.class]
10:22:17.814 [Test worker] TRACE org.springframework.context.annotation.ClassPathBeanDefinitionScanner - Scanning file [/home/kali/Toolbox3/Projet/TestBackend/build/classes/java/main/com/laundry/laundryMgmt/models/CycleType.class]
10:22:17.814 [Test worker] TRACE org.springframework.context.annotation.ClassPathBeanDefinitionScanner - Ignored because not matching any filter: file [/home/kali/Toolbox3/Projet/TestBackend/build/classes/java/main/com/laundry/laundryMgmt/models/CycleType.class]
10:22:17.814 [Test worker] TRACE org.springframework.context.annotation.ClassPathBeanDefinitionScanner - Scanning file [/home/kali/Toolbox3/Projet/TestBackend/build/classes/java/main/com/laundry/laundryMgmt/models/MachineEntity.class]
10:22:17.815 [Test worker] TRACE org.springframework.context.annotation.ClassPathBeanDefinitionScanner - Ignored because not matching any filter: file [/home/kali/Toolbox3/Projet/TestBackend/build/classes/java/main/com/laundry/laundryMgmt/models/MachineEntity.class]
10:22:17.815 [Test worker] TRACE org.springframework.context.annotation.ClassPathBeanDefinitionScanner - Scanning file [/home/kali/Toolbox3/Projet/TestBackend/build/classes/java/main/com/laundry/laundryMgmt/models/ReservationEntity.class]
10:22:17.818 [Test worker] TRACE org.springframework.context.annotation.ClassPathBeanDefinitionScanner - Ignored because not matching any filter: file [/home/kali/Toolbox3/Projet/TestBackend/build/classes/java/main/com/laundry/laundryMgmt/models/ReservationEntity.class]
10:22:17.818 [Test worker] TRACE org.springframework.context.annotation.ClassPathBeanDefinitionScanner - Scanning file [/home/kali/Toolbox3/Projet/TestBackend/build/classes/java/main/com/laundry/laundryMgmt/models/SensorEntity.class]
10:22:17.819 [Test worker] TRACE org.springframework.context.annotation.ClassPathBeanDefinitionScanner - Ignored because not matching any filter: file [/home/kali/Toolbox3/Projet/TestBackend/build/classes/java/main/com/laundry/laundryMgmt/models/SensorEntity.class]
10:22:17.819 [Test worker] TRACE org.springframework.context.annotation.ClassPathBeanDefinitionScanner - Scanning file [/home/kali/Toolbox3/Projet/TestBackend/build/classes/java/main/com/laundry/laundryMgmt/models/SensorType.class]
10:22:17.820 [Test worker] TRACE org.springframework.context.annotation.ClassPathBeanDefinitionScanner - Ignored because not matching any filter: file [/home/kali/Toolbox3/Projet/TestBackend/build/classes/java/main/com/laundry/laundryMgmt/models/SensorType.class]
10:22:17.820 [Test worker] TRACE org.springframework.context.annotation.ClassPathBeanDefinitionScanner - Scanning file [/home/kali/Toolbox3/Projet/TestBackend/build/classes/java/main/com/laundry/laundryMgmt/records/MachineCommand.class]
10:22:17.821 [Test worker] TRACE org.springframework.context.annotation.ClassPathBeanDefinitionScanner - Ignored because not matching any filter: file [/home/kali/Toolbox3/Projet/TestBackend/build/classes/java/main/com/laundry/laundryMgmt/records/MachineCommand.class]
10:22:17.821 [Test worker] TRACE org.springframework.context.annotation.ClassPathBeanDefinitionScanner - Scanning file [/home/kali/Toolbox3/Projet/TestBackend/build/classes/java/main/com/laundry/laundryMgmt/records/MachineRecord.class]
10:22:17.822 [Test worker] TRACE org.springframework.context.annotation.ClassPathBeanDefinitionScanner - Ignored because not matching any filter: file [/home/kali/Toolbox3/Projet/TestBackend/build/classes/java/main/com/laundry/laundryMgmt/records/MachineRecord.class]
10:22:17.822 [Test worker] TRACE org.springframework.context.annotation.ClassPathBeanDefinitionScanner - Scanning file [/home/kali/Toolbox3/Projet/TestBackend/build/classes/java/main/com/laundry/laundryMgmt/records/ReservationCommand.class]
10:22:17.823 [Test worker] TRACE org.springframework.context.annotation.ClassPathBeanDefinitionScanner - Ignored because not matching any filter: file [/home/kali/Toolbox3/Projet/TestBackend/build/classes/java/main/com/laundry/laundryMgmt/records/ReservationCommand.class]
10:22:17.823 [Test worker] TRACE org.springframework.context.annotation.ClassPathBeanDefinitionScanner - Scanning file [/home/kali/Toolbox3/Projet/TestBackend/build/classes/java/main/com/laundry/laundryMgmt/records/ReservationRecord.class]
10:22:17.824 [Test worker] TRACE org.springframework.context.annotation.ClassPathBeanDefinitionScanner - Ignored because not matching any filter: file [/home/kali/Toolbox3/Projet/TestBackend/build/classes/java/main/com/laundry/laundryMgmt/records/ReservationRecord.class]
10:22:17.824 [Test worker] TRACE org.springframework.context.annotation.ClassPathBeanDefinitionScanner - Scanning file [/home/kali/Toolbox3/Projet/TestBackend/build/classes/java/main/com/laundry/laundryMgmt/records/SensorRecord.class]
10:22:17.825 [Test worker] TRACE org.springframework.context.annotation.ClassPathBeanDefinitionScanner - Ignored because not matching any filter: file [/home/kali/Toolbox3/Projet/TestBackend/build/classes/java/main/com/laundry/laundryMgmt/records/SensorRecord.class]
10:22:17.846 [Test worker] TRACE org.springframework.core.io.support.SpringFactoriesLoader - Loaded [org.springframework.boot.autoconfigure.AutoConfigurationImportFilter] names: [org.springframework.boot.autoconfigure.condition.OnBeanCondition, org.springframework.boot.autoconfigure.condition.OnClassCondition, org.springframework.boot.autoconfigure.condition.OnWebApplicationCondition]
10:22:17.859 [Test worker] TRACE org.springframework.beans.factory.support.DefaultListableBeanFactory - Returning cached instance of singleton bean 'autoConfigurationReport'
10:22:17.888 [Test worker] TRACE org.springframework.boot.autoconfigure.condition.OnClassCondition - Condition OnClassCondition on org.springframework.boot.autoconfigure.amqp.RabbitAutoConfiguration did not match due to @ConditionalOnClass did not find required class 'com.rabbitmq.client.Channel'
10:22:17.889 [Test worker] TRACE org.springframework.boot.autoconfigure.condition.OnClassCondition - Condition OnClassCondition on org.springframework.boot.autoconfigure.batch.BatchAutoConfiguration did not match due to @ConditionalOnClass did not find required class 'org.springframework.batch.core.launch.JobLauncher'
10:22:17.889 [Test worker] TRACE org.springframework.boot.autoconfigure.condition.OnClassCondition - Condition OnClassCondition on org.springframework.boot.autoconfigure.cassandra.CassandraAutoConfiguration did not match due to @ConditionalOnClass did not find required class 'com.datastax.oss.driver.api.core.CqlSession'
10:22:17.889 [Test worker] TRACE org.springframework.boot.autoconfigure.condition.OnClassCondition - Condition OnClassCondition on org.springframework.boot.autoconfigure.couchbase.CouchbaseAutoConfiguration did not match due to @ConditionalOnClass did not find required class 'com.couchbase.client.java.Cluster'
10:22:17.889 [Test worker] TRACE org.springframework.boot.autoconfigure.condition.OnClassCondition - Condition OnClassCondition on org.springframework.boot.autoconfigure.data.cassandra.CassandraDataAutoConfiguration did not match due to @ConditionalOnClass did not find required class 'com.datastax.oss.driver.api.core.CqlSession'
10:22:17.889 [Test worker] TRACE org.springframework.boot.autoconfigure.condition.OnClassCondition - Condition OnClassCondition on org.springframework.boot.autoconfigure.data.cassandra.CassandraReactiveDataAutoConfiguration did not match due to @ConditionalOnClass did not find required class 'com.datastax.oss.driver.api.core.CqlSession'
10:22:17.890 [Test worker] TRACE org.springframework.boot.autoconfigure.condition.OnClassCondition - Condition OnClassCondition on org.springframework.boot.autoconfigure.data.cassandra.CassandraReactiveRepositoriesAutoConfiguration did not match due to @ConditionalOnClass did not find required class 'org.springframework.data.cassandra.ReactiveSession'
10:22:17.890 [Test worker] TRACE org.springframework.boot.autoconfigure.condition.OnClassCondition - Condition OnClassCondition on org.springframework.boot.autoconfigure.data.cassandra.CassandraRepositoriesAutoConfiguration did not match due to @ConditionalOnClass did not find required class 'com.datastax.oss.driver.api.core.CqlSession'
10:22:17.890 [Test worker] TRACE org.springframework.boot.autoconfigure.condition.OnClassCondition - Condition OnClassCondition on org.springframework.boot.autoconfigure.data.couchbase.CouchbaseDataAutoConfiguration did not match due to @ConditionalOnClass did not find required class 'com.couchbase.client.java.Bucket'
10:22:17.890 [Test worker] TRACE org.springframework.boot.autoconfigure.condition.OnClassCondition - Condition OnClassCondition on org.springframework.boot.autoconfigure.data.couchbase.CouchbaseReactiveDataAutoConfiguration did not match due to @ConditionalOnClass did not find required class 'com.couchbase.client.java.Cluster'
10:22:17.890 [Test worker] TRACE org.springframework.boot.autoconfigure.condition.OnClassCondition - Condition OnClassCondition on org.springframework.boot.autoconfigure.data.couchbase.CouchbaseReactiveRepositoriesAutoConfiguration did not match due to @ConditionalOnClass did not find required class 'com.couchbase.client.java.Cluster'
10:22:17.890 [Test worker] TRACE org.springframework.boot.autoconfigure.condition.OnClassCondition - Condition OnClassCondition on org.springframework.boot.autoconfigure.data.couchbase.CouchbaseRepositoriesAutoConfiguration did not match due to @ConditionalOnClass did not find required class 'com.couchbase.client.java.Bucket'
10:22:17.890 [Test worker] TRACE org.springframework.boot.autoconfigure.condition.OnClassCondition - Condition OnClassCondition on org.springframework.boot.autoconfigure.data.elasticsearch.ElasticsearchDataAutoConfiguration did not match due to @ConditionalOnClass did not find required class 'org.springframework.data.elasticsearch.client.elc.ElasticsearchTemplate'
10:22:17.890 [Test worker] TRACE org.springframework.boot.autoconfigure.condition.OnClassCondition - Condition OnClassCondition on org.springframework.boot.autoconfigure.data.elasticsearch.ElasticsearchRepositoriesAutoConfiguration did not match due to @ConditionalOnClass did not find required class 'org.springframework.data.elasticsearch.repository.ElasticsearchRepository'
10:22:17.890 [Test worker] TRACE org.springframework.boot.autoconfigure.condition.OnClassCondition - Condition OnClassCondition on org.springframework.boot.autoconfigure.data.elasticsearch.ReactiveElasticsearchRepositoriesAutoConfiguration did not match due to @ConditionalOnClass did not find required class 'org.springframework.data.elasticsearch.client.elc.ReactiveElasticsearchClient'
10:22:17.891 [Test worker] TRACE org.springframework.boot.autoconfigure.condition.OnClassCondition - Condition OnClassCondition on org.springframework.boot.autoconfigure.data.jdbc.JdbcRepositoriesAutoConfiguration did not match due to @ConditionalOnClass did not find required class 'org.springframework.data.jdbc.repository.config.AbstractJdbcConfiguration'
10:22:17.891 [Test worker] TRACE org.springframework.boot.autoconfigure.condition.OnClassCondition - Condition OnClassCondition on org.springframework.boot.autoconfigure.data.ldap.LdapRepositoriesAutoConfiguration did not match due to @ConditionalOnClass did not find required class 'org.springframework.data.ldap.repository.LdapRepository'
10:22:17.891 [Test worker] TRACE org.springframework.boot.autoconfigure.condition.OnClassCondition - Condition OnClassCondition on org.springframework.boot.autoconfigure.data.mongo.MongoDataAutoConfiguration did not match due to @ConditionalOnClass did not find required class 'com.mongodb.client.MongoClient'
10:22:17.891 [Test worker] TRACE org.springframework.boot.autoconfigure.condition.OnClassCondition - Condition OnClassCondition on org.springframework.boot.autoconfigure.data.mongo.MongoReactiveDataAutoConfiguration did not match due to @ConditionalOnClass did not find required class 'com.mongodb.reactivestreams.client.MongoClient'
10:22:17.891 [Test worker] TRACE org.springframework.boot.autoconfigure.condition.OnClassCondition - Condition OnClassCondition on org.springframework.boot.autoconfigure.data.mongo.MongoReactiveRepositoriesAutoConfiguration did not match due to @ConditionalOnClass did not find required class 'com.mongodb.reactivestreams.client.MongoClient'
10:22:17.891 [Test worker] TRACE org.springframework.boot.autoconfigure.condition.OnClassCondition - Condition OnClassCondition on org.springframework.boot.autoconfigure.data.mongo.MongoRepositoriesAutoConfiguration did not match due to @ConditionalOnClass did not find required class 'com.mongodb.client.MongoClient'
10:22:17.891 [Test worker] TRACE org.springframework.boot.autoconfigure.condition.OnClassCondition - Condition OnClassCondition on org.springframework.boot.autoconfigure.data.neo4j.Neo4jDataAutoConfiguration did not match due to @ConditionalOnClass did not find required class 'org.neo4j.driver.Driver'
10:22:17.891 [Test worker] TRACE org.springframework.boot.autoconfigure.condition.OnClassCondition - Condition OnClassCondition on org.springframework.boot.autoconfigure.data.neo4j.Neo4jReactiveDataAutoConfiguration did not match due to @ConditionalOnClass did not find required class 'org.neo4j.driver.Driver'
10:22:17.891 [Test worker] TRACE org.springframework.boot.autoconfigure.condition.OnClassCondition - Condition OnClassCondition on org.springframework.boot.autoconfigure.data.neo4j.Neo4jReactiveRepositoriesAutoConfiguration did not match due to @ConditionalOnClass did not find required class 'org.neo4j.driver.Driver'
10:22:17.891 [Test worker] TRACE org.springframework.boot.autoconfigure.condition.OnClassCondition - Condition OnClassCondition on org.springframework.boot.autoconfigure.data.neo4j.Neo4jRepositoriesAutoConfiguration did not match due to @ConditionalOnClass did not find required class 'org.neo4j.driver.Driver'
10:22:17.891 [Test worker] TRACE org.springframework.boot.autoconfigure.condition.OnClassCondition - Condition OnClassCondition on org.springframework.boot.autoconfigure.data.r2dbc.R2dbcDataAutoConfiguration did not match due to @ConditionalOnClass did not find required class 'org.springframework.data.r2dbc.core.R2dbcEntityTemplate'
10:22:17.891 [Test worker] TRACE org.springframework.boot.autoconfigure.condition.OnClassCondition - Condition OnClassCondition on org.springframework.boot.autoconfigure.data.r2dbc.R2dbcRepositoriesAutoConfiguration did not match due to @ConditionalOnClass did not find required class 'io.r2dbc.spi.ConnectionFactory'
10:22:17.891 [Test worker] TRACE org.springframework.boot.autoconfigure.condition.OnClassCondition - Condition OnClassCondition on org.springframework.boot.autoconfigure.data.redis.RedisAutoConfiguration did not match due to @ConditionalOnClass did not find required class 'org.springframework.data.redis.core.RedisOperations'
10:22:17.891 [Test worker] TRACE org.springframework.boot.autoconfigure.condition.OnClassCondition - Condition OnClassCondition on org.springframework.boot.autoconfigure.data.redis.RedisReactiveAutoConfiguration did not match due to @ConditionalOnClass did not find required class 'reactor.core.publisher.Flux'
10:22:17.891 [Test worker] TRACE org.springframework.boot.autoconfigure.condition.OnClassCondition - Condition OnClassCondition on org.springframework.boot.autoconfigure.data.redis.RedisRepositoriesAutoConfiguration did not match due to @ConditionalOnClass did not find required class 'org.springframework.data.redis.repository.configuration.EnableRedisRepositories'
10:22:17.891 [Test worker] TRACE org.springframework.boot.autoconfigure.condition.OnClassCondition - Condition OnClassCondition on org.springframework.boot.autoconfigure.data.rest.RepositoryRestMvcAutoConfiguration did not match due to @ConditionalOnClass did not find required class 'org.springframework.data.rest.webmvc.config.RepositoryRestMvcConfiguration'
10:22:17.891 [Test worker] TRACE org.springframework.boot.autoconfigure.condition.OnClassCondition - Condition OnClassCondition on org.springframework.boot.autoconfigure.elasticsearch.ElasticsearchClientAutoConfiguration did not match due to @ConditionalOnClass did not find required class 'co.elastic.clients.elasticsearch.ElasticsearchClient'
10:22:17.891 [Test worker] TRACE org.springframework.boot.autoconfigure.condition.OnClassCondition - Condition OnClassCondition on org.springframework.boot.autoconfigure.elasticsearch.ElasticsearchRestClientAutoConfiguration did not match due to @ConditionalOnClass did not find required class 'org.elasticsearch.client.RestClientBuilder'
10:22:17.891 [Test worker] TRACE org.springframework.boot.autoconfigure.condition.OnClassCondition - Condition OnClassCondition on org.springframework.boot.autoconfigure.elasticsearch.ReactiveElasticsearchClientAutoConfiguration did not match due to @ConditionalOnClass did not find required class 'co.elastic.clients.transport.ElasticsearchTransport'
10:22:17.891 [Test worker] TRACE org.springframework.boot.autoconfigure.condition.OnClassCondition - Condition OnClassCondition on org.springframework.boot.autoconfigure.flyway.FlywayAutoConfiguration did not match due to @ConditionalOnClass did not find required class 'org.flywaydb.core.Flyway'
10:22:17.891 [Test worker] TRACE org.springframework.boot.autoconfigure.condition.OnClassCondition - Condition OnClassCondition on org.springframework.boot.autoconfigure.freemarker.FreeMarkerAutoConfiguration did not match due to @ConditionalOnClass did not find required class 'freemarker.template.Configuration'
10:22:17.891 [Test worker] TRACE org.springframework.boot.autoconfigure.condition.OnClassCondition - Condition OnClassCondition on org.springframework.boot.autoconfigure.graphql.GraphQlAutoConfiguration did not match due to @ConditionalOnClass did not find required class 'graphql.GraphQL'
10:22:17.891 [Test worker] TRACE org.springframework.boot.autoconfigure.condition.OnClassCondition - Condition OnClassCondition on org.springframework.boot.autoconfigure.graphql.data.GraphQlReactiveQueryByExampleAutoConfiguration did not match due to @ConditionalOnClass did not find required class 'graphql.GraphQL'
10:22:17.891 [Test worker] TRACE org.springframework.boot.autoconfigure.condition.OnClassCondition - Condition OnClassCondition on org.springframework.boot.autoconfigure.graphql.data.GraphQlReactiveQuerydslAutoConfiguration did not match due to @ConditionalOnClass did not find required class 'graphql.GraphQL'
10:22:17.891 [Test worker] TRACE org.springframework.boot.autoconfigure.condition.OnClassCondition - Condition OnClassCondition on org.springframework.boot.autoconfigure.graphql.data.GraphQlQueryByExampleAutoConfiguration did not match due to @ConditionalOnClass did not find required class 'graphql.GraphQL'
10:22:17.891 [Test worker] TRACE org.springframework.boot.autoconfigure.condition.OnClassCondition - Condition OnClassCondition on org.springframework.boot.autoconfigure.graphql.data.GraphQlQuerydslAutoConfiguration did not match due to @ConditionalOnClass did not find required class 'graphql.GraphQL'
10:22:17.891 [Test worker] TRACE org.springframework.boot.autoconfigure.condition.OnClassCondition - Condition OnClassCondition on org.springframework.boot.autoconfigure.graphql.reactive.GraphQlWebFluxAutoConfiguration did not match due to @ConditionalOnClass did not find required class 'graphql.GraphQL'
10:22:17.893 [Test worker] TRACE org.springframework.boot.autoconfigure.condition.OnClassCondition - Condition OnClassCondition on org.springframework.boot.autoconfigure.graphql.rsocket.GraphQlRSocketAutoConfiguration did not match due to @ConditionalOnClass did not find required class 'graphql.GraphQL'
10:22:17.893 [Test worker] TRACE org.springframework.boot.autoconfigure.condition.OnClassCondition - Condition OnClassCondition on org.springframework.boot.autoconfigure.graphql.rsocket.RSocketGraphQlClientAutoConfiguration did not match due to @ConditionalOnClass did not find required class 'graphql.GraphQL'
10:22:17.893 [Test worker] TRACE org.springframework.boot.autoconfigure.condition.OnClassCondition - Condition OnClassCondition on org.springframework.boot.autoconfigure.graphql.security.GraphQlWebFluxSecurityAutoConfiguration did not match due to @ConditionalOnClass did not find required class 'graphql.GraphQL'
10:22:17.894 [Test worker] TRACE org.springframework.boot.autoconfigure.condition.OnClassCondition - Condition OnClassCondition on org.springframework.boot.autoconfigure.graphql.security.GraphQlWebMvcSecurityAutoConfiguration did not match due to @ConditionalOnClass did not find required class 'graphql.GraphQL'
10:22:17.894 [Test worker] TRACE org.springframework.boot.autoconfigure.condition.OnClassCondition - Condition OnClassCondition on org.springframework.boot.autoconfigure.graphql.servlet.GraphQlWebMvcAutoConfiguration did not match due to @ConditionalOnClass did not find required class 'graphql.GraphQL'
10:22:17.894 [Test worker] TRACE org.springframework.boot.autoconfigure.condition.OnClassCondition - Condition OnClassCondition on org.springframework.boot.autoconfigure.groovy.template.GroovyTemplateAutoConfiguration did not match due to @ConditionalOnClass did not find required class 'groovy.text.markup.MarkupTemplateEngine'
10:22:17.894 [Test worker] TRACE org.springframework.boot.autoconfigure.condition.OnClassCondition - Condition OnClassCondition on org.springframework.boot.autoconfigure.gson.GsonAutoConfiguration did not match due to @ConditionalOnClass did not find required class 'com.google.gson.Gson'
10:22:17.894 [Test worker] TRACE org.springframework.boot.autoconfigure.condition.OnClassCondition - Condition OnClassCondition on org.springframework.boot.autoconfigure.hateoas.HypermediaAutoConfiguration did not match due to @ConditionalOnClass did not find required class 'org.springframework.hateoas.EntityModel'
10:22:17.894 [Test worker] TRACE org.springframework.boot.autoconfigure.condition.OnClassCondition - Condition OnClassCondition on org.springframework.boot.autoconfigure.hazelcast.HazelcastAutoConfiguration did not match due to @ConditionalOnClass did not find required class 'com.hazelcast.core.HazelcastInstance'
10:22:17.894 [Test worker] TRACE org.springframework.boot.autoconfigure.condition.OnClassCondition - Condition OnClassCondition on org.springframework.boot.autoconfigure.hazelcast.HazelcastJpaDependencyAutoConfiguration did not match due to @ConditionalOnClass did not find required class 'com.hazelcast.core.HazelcastInstance'
10:22:17.894 [Test worker] TRACE org.springframework.boot.autoconfigure.condition.OnClassCondition - Condition OnClassCondition on org.springframework.boot.autoconfigure.http.codec.CodecsAutoConfiguration did not match due to @ConditionalOnClass did not find required class 'org.springframework.web.reactive.function.client.WebClient'
10:22:17.894 [Test worker] TRACE org.springframework.boot.autoconfigure.condition.OnClassCondition - Condition OnClassCondition on org.springframework.boot.autoconfigure.influx.InfluxDbAutoConfiguration did not match due to @ConditionalOnClass did not find required class 'org.influxdb.InfluxDB'
10:22:17.894 [Test worker] TRACE org.springframework.boot.autoconfigure.condition.OnClassCondition - Condition OnClassCondition on org.springframework.boot.autoconfigure.integration.IntegrationAutoConfiguration did not match due to @ConditionalOnClass did not find required class 'org.springframework.integration.config.EnableIntegration'
10:22:17.894 [Test worker] TRACE org.springframework.boot.autoconfigure.condition.OnClassCondition - Condition OnClassCondition on org.springframework.boot.autoconfigure.jersey.JerseyAutoConfiguration did not match due to @ConditionalOnClass did not find required class 'org.glassfish.jersey.server.spring.SpringComponentProvider'
10:22:17.894 [Test worker] TRACE org.springframework.boot.autoconfigure.condition.OnClassCondition - Condition OnClassCondition on org.springframework.boot.autoconfigure.jms.JmsAutoConfiguration did not match due to @ConditionalOnClass did not find required class 'jakarta.jms.Message'
10:22:17.894 [Test worker] TRACE org.springframework.boot.autoconfigure.condition.OnClassCondition - Condition OnClassCondition on org.springframework.boot.autoconfigure.jms.JndiConnectionFactoryAutoConfiguration did not match due to @ConditionalOnClass did not find required class 'org.springframework.jms.core.JmsTemplate'
10:22:17.894 [Test worker] TRACE org.springframework.boot.autoconfigure.condition.OnClassCondition - Condition OnClassCondition on org.springframework.boot.autoconfigure.jms.activemq.ActiveMQAutoConfiguration did not match due to @ConditionalOnClass did not find required class 'jakarta.jms.ConnectionFactory'
10:22:17.894 [Test worker] TRACE org.springframework.boot.autoconfigure.condition.OnClassCondition - Condition OnClassCondition on org.springframework.boot.autoconfigure.jms.artemis.ArtemisAutoConfiguration did not match due to @ConditionalOnClass did not find required class 'jakarta.jms.ConnectionFactory'
10:22:17.894 [Test worker] TRACE org.springframework.boot.autoconfigure.condition.OnClassCondition - Condition OnClassCondition on org.springframework.boot.autoconfigure.jooq.JooqAutoConfiguration did not match due to @ConditionalOnClass did not find required class 'org.jooq.DSLContext'
10:22:17.894 [Test worker] TRACE org.springframework.boot.autoconfigure.condition.OnClassCondition - Condition OnClassCondition on org.springframework.boot.autoconfigure.jsonb.JsonbAutoConfiguration did not match due to @ConditionalOnClass did not find required class 'jakarta.json.bind.Jsonb'
10:22:17.894 [Test worker] TRACE org.springframework.boot.autoconfigure.condition.OnClassCondition - Condition OnClassCondition on org.springframework.boot.autoconfigure.kafka.KafkaAutoConfiguration did not match due to @ConditionalOnClass did not find required class 'org.springframework.kafka.core.KafkaTemplate'
10:22:17.894 [Test worker] TRACE org.springframework.boot.autoconfigure.condition.OnClassCondition - Condition OnClassCondition on org.springframework.boot.autoconfigure.ldap.embedded.EmbeddedLdapAutoConfiguration did not match due to @ConditionalOnClass did not find required class 'com.unboundid.ldap.listener.InMemoryDirectoryServer'
10:22:17.894 [Test worker] TRACE org.springframework.boot.autoconfigure.condition.OnClassCondition - Condition OnClassCondition on org.springframework.boot.autoconfigure.ldap.LdapAutoConfiguration did not match due to @ConditionalOnClass did not find required class 'org.springframework.ldap.core.ContextSource'
10:22:17.894 [Test worker] TRACE org.springframework.boot.autoconfigure.condition.OnClassCondition - Condition OnClassCondition on org.springframework.boot.autoconfigure.liquibase.LiquibaseAutoConfiguration did not match due to @ConditionalOnClass did not find required class 'liquibase.change.DatabaseChange'
10:22:17.894 [Test worker] TRACE org.springframework.boot.autoconfigure.condition.OnClassCondition - Condition OnClassCondition on org.springframework.boot.autoconfigure.mail.MailSenderAutoConfiguration did not match due to @ConditionalOnClass did not find required class 'jakarta.mail.internet.MimeMessage'
10:22:17.894 [Test worker] TRACE org.springframework.boot.autoconfigure.condition.OnClassCondition - Condition OnClassCondition on org.springframework.boot.autoconfigure.mongo.MongoAutoConfiguration did not match due to @ConditionalOnClass did not find required class 'com.mongodb.client.MongoClient'
10:22:17.895 [Test worker] TRACE org.springframework.boot.autoconfigure.condition.OnClassCondition - Condition OnClassCondition on org.springframework.boot.autoconfigure.mongo.MongoReactiveAutoConfiguration did not match due to @ConditionalOnClass did not find required class 'com.mongodb.reactivestreams.client.MongoClient'
10:22:17.895 [Test worker] TRACE org.springframework.boot.autoconfigure.condition.OnClassCondition - Condition OnClassCondition on org.springframework.boot.autoconfigure.mustache.MustacheAutoConfiguration did not match due to @ConditionalOnClass did not find required class 'com.samskivert.mustache.Mustache'
10:22:17.895 [Test worker] TRACE org.springframework.boot.autoconfigure.condition.OnClassCondition - Condition OnClassCondition on org.springframework.boot.autoconfigure.neo4j.Neo4jAutoConfiguration did not match due to @ConditionalOnClass did not find required class 'org.neo4j.driver.Driver'
10:22:17.895 [Test worker] TRACE org.springframework.boot.autoconfigure.condition.OnClassCondition - Condition OnClassCondition on org.springframework.boot.autoconfigure.netty.NettyAutoConfiguration did not match due to @ConditionalOnClass did not find required class 'io.netty.util.NettyRuntime'
10:22:17.895 [Test worker] TRACE org.springframework.boot.autoconfigure.condition.OnClassCondition - Condition OnClassCondition on org.springframework.boot.autoconfigure.quartz.QuartzAutoConfiguration did not match due to @ConditionalOnClass did not find required class 'org.quartz.Scheduler'
10:22:17.895 [Test worker] TRACE org.springframework.boot.autoconfigure.condition.OnClassCondition - Condition OnClassCondition on org.springframework.boot.autoconfigure.r2dbc.R2dbcAutoConfiguration did not match due to @ConditionalOnClass did not find required class 'io.r2dbc.spi.ConnectionFactory'
10:22:17.895 [Test worker] TRACE org.springframework.boot.autoconfigure.condition.OnClassCondition - Condition OnClassCondition on org.springframework.boot.autoconfigure.r2dbc.R2dbcTransactionManagerAutoConfiguration did not match due to @ConditionalOnClass did not find required class 'org.springframework.r2dbc.connection.R2dbcTransactionManager'
10:22:17.895 [Test worker] TRACE org.springframework.boot.autoconfigure.condition.OnClassCondition - Condition OnClassCondition on org.springframework.boot.autoconfigure.rsocket.RSocketMessagingAutoConfiguration did not match due to @ConditionalOnClass did not find required class 'io.rsocket.RSocket'
10:22:17.895 [Test worker] TRACE org.springframework.boot.autoconfigure.condition.OnClassCondition - Condition OnClassCondition on org.springframework.boot.autoconfigure.rsocket.RSocketRequesterAutoConfiguration did not match due to @ConditionalOnClass did not find required class 'io.rsocket.RSocket'
10:22:17.895 [Test worker] TRACE org.springframework.boot.autoconfigure.condition.OnClassCondition - Condition OnClassCondition on org.springframework.boot.autoconfigure.rsocket.RSocketServerAutoConfiguration did not match due to @ConditionalOnClass did not find required class 'io.rsocket.core.RSocketServer'
10:22:17.895 [Test worker] TRACE org.springframework.boot.autoconfigure.condition.OnClassCondition - Condition OnClassCondition on org.springframework.boot.autoconfigure.rsocket.RSocketStrategiesAutoConfiguration did not match due to @ConditionalOnClass did not find required class 'io.netty.buffer.PooledByteBufAllocator'
10:22:17.895 [Test worker] TRACE org.springframework.boot.autoconfigure.condition.OnClassCondition - Condition OnClassCondition on org.springframework.boot.autoconfigure.security.reactive.ReactiveSecurityAutoConfiguration did not match due to @ConditionalOnClass did not find required class 'reactor.core.publisher.Flux'
10:22:17.895 [Test worker] TRACE org.springframework.boot.autoconfigure.condition.OnClassCondition - Condition OnClassCondition on org.springframework.boot.autoconfigure.security.rsocket.RSocketSecurityAutoConfiguration did not match due to @ConditionalOnClass did not find required class 'org.springframework.security.rsocket.core.SecuritySocketAcceptorInterceptor'
10:22:17.895 [Test worker] TRACE org.springframework.boot.autoconfigure.condition.OnClassCondition - Condition OnClassCondition on org.springframework.boot.autoconfigure.security.saml2.Saml2RelyingPartyAutoConfiguration did not match due to @ConditionalOnClass did not find required class 'org.springframework.security.saml2.provider.service.registration.RelyingPartyRegistrationRepository'
10:22:17.895 [Test worker] TRACE org.springframework.boot.autoconfigure.condition.OnClassCondition - Condition OnClassCondition on org.springframework.boot.autoconfigure.sendgrid.SendGridAutoConfiguration did not match due to @ConditionalOnClass did not find required class 'com.sendgrid.SendGrid'
10:22:17.895 [Test worker] TRACE org.springframework.boot.autoconfigure.condition.OnClassCondition - Condition OnClassCondition on org.springframework.boot.autoconfigure.session.SessionAutoConfiguration did not match due to @ConditionalOnClass did not find required class 'org.springframework.session.Session'
10:22:17.895 [Test worker] TRACE org.springframework.boot.autoconfigure.condition.OnClassCondition - Condition OnClassCondition on org.springframework.boot.autoconfigure.security.oauth2.client.servlet.OAuth2ClientAutoConfiguration did not match due to @ConditionalOnClass did not find required class 'org.springframework.security.oauth2.client.registration.ClientRegistration'
10:22:17.895 [Test worker] TRACE org.springframework.boot.autoconfigure.condition.OnClassCondition - Condition OnClassCondition on org.springframework.boot.autoconfigure.security.oauth2.client.reactive.ReactiveOAuth2ClientAutoConfiguration did not match due to @ConditionalOnClass did not find required class 'reactor.core.publisher.Flux'
10:22:17.895 [Test worker] TRACE org.springframework.boot.autoconfigure.condition.OnClassCondition - Condition OnClassCondition on org.springframework.boot.autoconfigure.security.oauth2.resource.servlet.OAuth2ResourceServerAutoConfiguration did not match due to @ConditionalOnClass did not find required class 'org.springframework.security.oauth2.server.resource.authentication.BearerTokenAuthenticationToken'
10:22:17.895 [Test worker] TRACE org.springframework.boot.autoconfigure.condition.OnClassCondition - Condition OnClassCondition on org.springframework.boot.autoconfigure.security.oauth2.server.servlet.OAuth2AuthorizationServerAutoConfiguration did not match due to @ConditionalOnClass did not find required class 'org.springframework.security.oauth2.server.authorization.OAuth2Authorization'
10:22:17.895 [Test worker] TRACE org.springframework.boot.autoconfigure.condition.OnClassCondition - Condition OnClassCondition on org.springframework.boot.autoconfigure.security.oauth2.server.servlet.OAuth2AuthorizationServerJwtAutoConfiguration did not match due to @ConditionalOnClass did not find required class 'org.springframework.security.oauth2.server.authorization.OAuth2Authorization'
10:22:17.895 [Test worker] TRACE org.springframework.boot.autoconfigure.condition.OnClassCondition - Condition OnClassCondition on org.springframework.boot.autoconfigure.thymeleaf.ThymeleafAutoConfiguration did not match due to @ConditionalOnClass did not find required class 'org.thymeleaf.spring6.SpringTemplateEngine'
10:22:17.895 [Test worker] TRACE org.springframework.boot.autoconfigure.condition.OnClassCondition - Condition OnClassCondition on org.springframework.boot.autoconfigure.web.reactive.HttpHandlerAutoConfiguration did not match due to @ConditionalOnClass did not find required class 'org.springframework.web.reactive.DispatcherHandler'
10:22:17.895 [Test worker] TRACE org.springframework.boot.autoconfigure.condition.OnClassCondition - Condition OnClassCondition on org.springframework.boot.autoconfigure.web.reactive.ReactiveMultipartAutoConfiguration did not match due to @ConditionalOnClass did not find required class 'org.springframework.web.reactive.config.WebFluxConfigurer'
10:22:17.895 [Test worker] TRACE org.springframework.boot.autoconfigure.condition.OnClassCondition - Condition OnClassCondition on org.springframework.boot.autoconfigure.web.reactive.WebFluxAutoConfiguration did not match due to @ConditionalOnClass did not find required class 'org.springframework.web.reactive.config.WebFluxConfigurer'
10:22:17.896 [Test worker] TRACE org.springframework.boot.autoconfigure.condition.OnClassCondition - Condition OnClassCondition on org.springframework.boot.autoconfigure.web.reactive.WebSessionIdResolverAutoConfiguration did not match due to @ConditionalOnClass did not find required class 'reactor.core.publisher.Mono'
10:22:17.896 [Test worker] TRACE org.springframework.boot.autoconfigure.condition.OnClassCondition - Condition OnClassCondition on org.springframework.boot.autoconfigure.web.reactive.error.ErrorWebFluxAutoConfiguration did not match due to @ConditionalOnClass did not find required class 'org.springframework.web.reactive.config.WebFluxConfigurer'
10:22:17.896 [Test worker] TRACE org.springframework.boot.autoconfigure.condition.OnClassCondition - Condition OnClassCondition on org.springframework.boot.autoconfigure.web.reactive.function.client.ClientHttpConnectorAutoConfiguration did not match due to @ConditionalOnClass did not find required class 'org.springframework.web.reactive.function.client.WebClient'
10:22:17.896 [Test worker] TRACE org.springframework.boot.autoconfigure.condition.OnClassCondition - Condition OnClassCondition on org.springframework.boot.autoconfigure.web.reactive.function.client.WebClientAutoConfiguration did not match due to @ConditionalOnClass did not find required class 'org.springframework.web.reactive.function.client.WebClient'
10:22:17.896 [Test worker] TRACE org.springframework.boot.autoconfigure.condition.OnClassCondition - Condition OnClassCondition on org.springframework.boot.autoconfigure.websocket.servlet.WebSocketMessagingAutoConfiguration did not match due to @ConditionalOnClass did not find required class 'org.springframework.web.socket.config.annotation.WebSocketMessageBrokerConfigurer'
10:22:17.896 [Test worker] TRACE org.springframework.boot.autoconfigure.condition.OnClassCondition - Condition OnClassCondition on org.springframework.boot.autoconfigure.webservices.WebServicesAutoConfiguration did not match due to @ConditionalOnClass did not find required class 'org.springframework.ws.transport.http.MessageDispatcherServlet'
10:22:17.896 [Test worker] TRACE org.springframework.boot.autoconfigure.condition.OnClassCondition - Condition OnClassCondition on org.springframework.boot.autoconfigure.webservices.client.WebServiceTemplateAutoConfiguration did not match due to @ConditionalOnClass did not find required class 'org.springframework.oxm.Marshaller'
10:22:17.896 [Test worker] TRACE org.springframework.beans.factory.support.DefaultListableBeanFactory - Returning cached instance of singleton bean 'autoConfigurationReport'
10:22:17.897 [Test worker] TRACE org.springframework.boot.autoconfigure.condition.OnWebApplicationCondition - Condition OnWebApplicationCondition on org.springframework.boot.autoconfigure.security.oauth2.resource.reactive.ReactiveOAuth2ResourceServerAutoConfiguration did not match due to @ConditionalOnWebApplication did not find reactive web application classes
10:22:17.897 [Test worker] TRACE org.springframework.boot.autoconfigure.condition.OnWebApplicationCondition - Condition OnWebApplicationCondition on org.springframework.boot.autoconfigure.web.reactive.ReactiveWebServerFactoryAutoConfiguration did not match due to @ConditionalOnWebApplication did not find reactive web application classes
10:22:17.897 [Test worker] TRACE org.springframework.boot.autoconfigure.condition.OnWebApplicationCondition - Condition OnWebApplicationCondition on org.springframework.boot.autoconfigure.websocket.reactive.WebSocketReactiveAutoConfiguration did not match due to @ConditionalOnWebApplication did not find reactive web application classes
10:22:17.897 [Test worker] TRACE org.springframework.beans.factory.support.DefaultListableBeanFactory - Returning cached instance of singleton bean 'autoConfigurationReport'
10:22:17.899 [Test worker] TRACE org.springframework.boot.autoconfigure.condition.OnBeanCondition - Condition OnBeanCondition on org.springframework.boot.autoconfigure.mail.MailSenderValidatorAutoConfiguration did not match due to @ConditionalOnSingleCandidate did not find required type 'org.springframework.mail.javamail.JavaMailSenderImpl'
10:22:17.901 [Test worker] TRACE org.springframework.boot.autoconfigure.AutoConfigurationImportSelector - Filtered 104 auto configuration class in 39 ms
10:22:17.902 [Test worker] TRACE org.springframework.core.io.support.SpringFactoriesLoader - Loaded [org.springframework.boot.autoconfigure.AutoConfigurationImportListener] names: [org.springframework.boot.autoconfigure.condition.ConditionEvaluationReportAutoConfigurationImportListener]
10:22:17.903 [Test worker] TRACE org.springframework.beans.factory.support.DefaultListableBeanFactory - Returning cached instance of singleton bean 'autoConfigurationReport'
10:22:17.907 [Test worker] TRACE org.springframework.beans.factory.support.DefaultListableBeanFactory - Returning cached instance of singleton bean 'org.springframework.boot.autoconfigure.internalCachingMetadataReaderFactory'
10:22:17.925 [Test worker] TRACE org.springframework.beans.factory.support.DefaultListableBeanFactory - Returning cached instance of singleton bean 'autoConfigurationReport'
10:22:17.925 [Test worker] TRACE org.springframework.beans.factory.support.DefaultListableBeanFactory - Returning cached instance of singleton bean 'autoConfigurationReport'
10:22:17.925 [Test worker] TRACE org.springframework.beans.factory.support.DefaultListableBeanFactory - Returning cached instance of singleton bean 'autoConfigurationReport'
10:22:17.925 [Test worker] TRACE org.springframework.beans.factory.support.DefaultListableBeanFactory - Returning cached instance of singleton bean 'autoConfigurationReport'
10:22:17.925 [Test worker] TRACE org.springframework.beans.factory.support.DefaultListableBeanFactory - Returning cached instance of singleton bean 'autoConfigurationReport'
10:22:17.925 [Test worker] TRACE org.springframework.beans.factory.support.DefaultListableBeanFactory - Returning cached instance of singleton bean 'autoConfigurationReport'
10:22:17.931 [Test worker] TRACE org.springframework.core.io.support.PathMatchingResourcePatternResolver - Resolved module-path location pattern [messages.properties] to resources []
10:22:17.931 [Test worker] TRACE org.springframework.core.io.support.PathMatchingResourcePatternResolver - Resolved classpath location [messages.properties] to resources []
10:22:17.931 [Test worker] TRACE org.springframework.boot.autoconfigure.context.MessageSourceAutoConfiguration$ResourceBundleCondition - Condition MessageSourceAutoConfiguration.ResourceBundleCondition on org.springframework.boot.autoconfigure.context.MessageSourceAutoConfiguration did not match due to ResourceBundle did not find bundle with basename messages
10:22:17.931 [Test worker] TRACE org.springframework.beans.factory.support.DefaultListableBeanFactory - Returning cached instance of singleton bean 'autoConfigurationReport'
10:22:17.932 [Test worker] TRACE org.springframework.beans.factory.support.DefaultListableBeanFactory - Returning cached instance of singleton bean 'autoConfigurationReport'
10:22:17.932 [Test worker] TRACE org.springframework.beans.factory.support.DefaultListableBeanFactory - Returning cached instance of singleton bean 'autoConfigurationReport'
10:22:17.932 [Test worker] TRACE org.springframework.beans.factory.support.DefaultListableBeanFactory - Returning cached instance of singleton bean 'autoConfigurationReport'
10:22:17.932 [Test worker] TRACE org.springframework.beans.factory.support.DefaultListableBeanFactory - Returning cached instance of singleton bean 'autoConfigurationReport'
10:22:17.932 [Test worker] TRACE org.springframework.beans.factory.support.DefaultListableBeanFactory - Returning cached instance of singleton bean 'autoConfigurationReport'
10:22:17.932 [Test worker] TRACE org.springframework.beans.factory.support.DefaultListableBeanFactory - Returning cached instance of singleton bean 'autoConfigurationReport'
10:22:17.932 [Test worker] TRACE org.springframework.beans.factory.support.DefaultListableBeanFactory - Returning cached instance of singleton bean 'autoConfigurationReport'
10:22:17.932 [Test worker] TRACE org.springframework.beans.factory.support.DefaultListableBeanFactory - Returning cached instance of singleton bean 'autoConfigurationReport'
10:22:17.933 [Test worker] TRACE org.springframework.beans.factory.support.DefaultListableBeanFactory - Returning cached instance of singleton bean 'autoConfigurationReport'
10:22:17.934 [Test worker] TRACE org.springframework.beans.factory.support.DefaultListableBeanFactory - Returning cached instance of singleton bean 'autoConfigurationReport'
10:22:17.934 [Test worker] TRACE org.springframework.beans.factory.support.DefaultListableBeanFactory - Returning cached instance of singleton bean 'autoConfigurationReport'
10:22:17.934 [Test worker] TRACE org.springframework.beans.factory.support.DefaultListableBeanFactory - Returning cached instance of singleton bean 'autoConfigurationReport'
10:22:17.934 [Test worker] TRACE org.springframework.beans.factory.support.DefaultListableBeanFactory - Returning cached instance of singleton bean 'autoConfigurationReport'
10:22:17.934 [Test worker] TRACE org.springframework.beans.factory.support.DefaultListableBeanFactory - Returning cached instance of singleton bean 'autoConfigurationReport'
10:22:17.934 [Test worker] TRACE org.springframework.beans.factory.support.DefaultListableBeanFactory - Returning cached instance of singleton bean 'autoConfigurationReport'
10:22:17.934 [Test worker] TRACE org.springframework.beans.factory.support.DefaultListableBeanFactory - Returning cached instance of singleton bean 'autoConfigurationReport'
10:22:17.934 [Test worker] TRACE org.springframework.beans.factory.support.DefaultListableBeanFactory - Returning cached instance of singleton bean 'autoConfigurationReport'
10:22:17.934 [Test worker] TRACE org.springframework.beans.factory.support.DefaultListableBeanFactory - Returning cached instance of singleton bean 'autoConfigurationReport'
10:22:17.936 [Test worker] TRACE org.springframework.beans.factory.support.DefaultListableBeanFactory - Returning cached instance of singleton bean 'autoConfigurationReport'
10:22:17.936 [Test worker] TRACE org.springframework.beans.factory.support.DefaultListableBeanFactory - Returning cached instance of singleton bean 'autoConfigurationReport'
10:22:17.936 [Test worker] TRACE org.springframework.beans.factory.support.DefaultListableBeanFactory - Returning cached instance of singleton bean 'autoConfigurationReport'
10:22:17.936 [Test worker] TRACE org.springframework.beans.factory.support.DefaultListableBeanFactory - Returning cached instance of singleton bean 'autoConfigurationReport'
10:22:17.936 [Test worker] TRACE org.springframework.beans.factory.support.DefaultListableBeanFactory - Returning cached instance of singleton bean 'autoConfigurationReport'
10:22:17.936 [Test worker] TRACE org.springframework.beans.factory.support.DefaultListableBeanFactory - Returning cached instance of singleton bean 'autoConfigurationReport'
10:22:17.936 [Test worker] TRACE org.springframework.boot.autoconfigure.condition.OnClassCondition - Condition OnClassCondition on org.springframework.boot.autoconfigure.websocket.servlet.WebSocketServletAutoConfiguration matched due to @ConditionalOnClass found required classes 'jakarta.servlet.Servlet', 'jakarta.websocket.server.ServerContainer'
10:22:17.937 [Test worker] TRACE org.springframework.beans.factory.support.DefaultListableBeanFactory - Returning cached instance of singleton bean 'autoConfigurationReport'
10:22:17.937 [Test worker] TRACE org.springframework.boot.autoconfigure.condition.OnWebApplicationCondition - Condition OnWebApplicationCondition on org.springframework.boot.autoconfigure.websocket.servlet.WebSocketServletAutoConfiguration matched due to found 'session' scope
10:22:17.937 [Test worker] TRACE org.springframework.beans.factory.support.DefaultListableBeanFactory - Returning cached instance of singleton bean 'autoConfigurationReport'
10:22:17.937 [Test worker] TRACE org.springframework.beans.factory.support.DefaultListableBeanFactory - Returning cached instance of singleton bean 'autoConfigurationReport'
10:22:17.937 [Test worker] TRACE org.springframework.beans.factory.support.DefaultListableBeanFactory - Returning cached instance of singleton bean 'autoConfigurationReport'
10:22:17.937 [Test worker] TRACE org.springframework.beans.factory.support.DefaultListableBeanFactory - Returning cached instance of singleton bean 'autoConfigurationReport'
10:22:17.943 [Test worker] TRACE org.springframework.boot.autoconfigure.condition.OnClassCondition - Condition OnClassCondition on org.springframework.boot.autoconfigure.websocket.servlet.WebSocketServletAutoConfiguration$UndertowWebSocketConfiguration did not match due to @ConditionalOnClass did not find required class 'io.undertow.websockets.jsr.Bootstrap'
10:22:17.943 [Test worker] TRACE org.springframework.beans.factory.support.DefaultListableBeanFactory - Returning cached instance of singleton bean 'autoConfigurationReport'
10:22:17.944 [Test worker] TRACE org.springframework.boot.autoconfigure.condition.OnClassCondition - Condition OnClassCondition on org.springframework.boot.autoconfigure.websocket.servlet.WebSocketServletAutoConfiguration$JettyWebSocketConfiguration did not match due to @ConditionalOnClass did not find required class 'org.eclipse.jetty.websocket.jakarta.server.config.JakartaWebSocketServletContainerInitializer'
10:22:17.944 [Test worker] TRACE org.springframework.beans.factory.support.DefaultListableBeanFactory - Returning cached instance of singleton bean 'autoConfigurationReport'
10:22:17.945 [Test worker] TRACE org.springframework.boot.autoconfigure.condition.OnClassCondition - Condition OnClassCondition on org.springframework.boot.autoconfigure.websocket.servlet.WebSocketServletAutoConfiguration$TomcatWebSocketConfiguration matched due to @ConditionalOnClass found required classes 'org.apache.catalina.startup.Tomcat', 'org.apache.tomcat.websocket.server.WsSci'
10:22:17.945 [Test worker] TRACE org.springframework.beans.factory.support.DefaultListableBeanFactory - Returning cached instance of singleton bean 'autoConfigurationReport'
10:22:17.945 [Test worker] TRACE org.springframework.beans.factory.support.DefaultListableBeanFactory - Returning cached instance of singleton bean 'autoConfigurationReport'
10:22:17.945 [Test worker] TRACE org.springframework.beans.factory.support.DefaultListableBeanFactory - Returning cached instance of singleton bean 'autoConfigurationReport'
10:22:17.945 [Test worker] TRACE org.springframework.beans.factory.support.DefaultListableBeanFactory - Returning cached instance of singleton bean 'autoConfigurationReport'
10:22:17.946 [Test worker] TRACE org.springframework.beans.factory.support.DefaultListableBeanFactory - Returning cached instance of singleton bean 'autoConfigurationReport'
10:22:17.946 [Test worker] TRACE org.springframework.beans.factory.support.DefaultListableBeanFactory - Returning cached instance of singleton bean 'autoConfigurationReport'
10:22:17.946 [Test worker] TRACE org.springframework.beans.factory.support.DefaultListableBeanFactory - Returning cached instance of singleton bean 'autoConfigurationReport'
10:22:17.946 [Test worker] TRACE org.springframework.beans.factory.support.DefaultListableBeanFactory - Returning cached instance of singleton bean 'autoConfigurationReport'
10:22:17.946 [Test worker] TRACE org.springframework.beans.factory.support.DefaultListableBeanFactory - Returning cached instance of singleton bean 'autoConfigurationReport'
10:22:17.946 [Test worker] TRACE org.springframework.beans.factory.support.DefaultListableBeanFactory - Returning cached instance of singleton bean 'autoConfigurationReport'
10:22:17.947 [Test worker] TRACE org.springframework.boot.autoconfigure.condition.OnClassCondition - Condition OnClassCondition on org.springframework.boot.autoconfigure.web.servlet.ServletWebServerFactoryAutoConfiguration matched due to @ConditionalOnClass found required class 'jakarta.servlet.ServletRequest'
10:22:17.947 [Test worker] TRACE org.springframework.beans.factory.support.DefaultListableBeanFactory - Returning cached instance of singleton bean 'autoConfigurationReport'
10:22:17.947 [Test worker] TRACE org.springframework.boot.autoconfigure.condition.OnWebApplicationCondition - Condition OnWebApplicationCondition on org.springframework.boot.autoconfigure.web.servlet.ServletWebServerFactoryAutoConfiguration matched due to found 'session' scope
10:22:17.947 [Test worker] TRACE org.springframework.beans.factory.support.DefaultListableBeanFactory - Returning cached instance of singleton bean 'autoConfigurationReport'
10:22:17.947 [Test worker] TRACE org.springframework.beans.factory.support.DefaultListableBeanFactory - Returning cached instance of singleton bean 'autoConfigurationReport'
10:22:17.947 [Test worker] TRACE org.springframework.beans.factory.support.DefaultListableBeanFactory - Returning cached instance of singleton bean 'autoConfigurationReport'
10:22:17.947 [Test worker] TRACE org.springframework.beans.factory.support.DefaultListableBeanFactory - Returning cached instance of singleton bean 'autoConfigurationReport'
10:22:17.952 [Test worker] TRACE org.springframework.boot.autoconfigure.condition.OnPropertyCondition - Condition OnPropertyCondition on org.springframework.boot.autoconfigure.web.servlet.ServletWebServerFactoryAutoConfiguration$ForwardedHeaderFilterConfiguration did not match due to @ConditionalOnProperty (server.forward-headers-strategy=framework) did not find property 'server.forward-headers-strategy'
10:22:17.952 [Test worker] TRACE org.springframework.beans.factory.support.DefaultListableBeanFactory - Returning cached instance of singleton bean 'autoConfigurationReport'
10:22:17.954 [Test worker] TRACE org.springframework.boot.autoconfigure.condition.OnClassCondition - Condition OnClassCondition on org.springframework.boot.autoconfigure.web.servlet.ServletWebServerFactoryConfiguration$EmbeddedTomcat matched due to @ConditionalOnClass found required classes 'jakarta.servlet.Servlet', 'org.apache.catalina.startup.Tomcat', 'org.apache.coyote.UpgradeProtocol'
10:22:17.955 [Test worker] TRACE org.springframework.beans.factory.support.DefaultListableBeanFactory - Returning cached instance of singleton bean 'autoConfigurationReport'
10:22:17.955 [Test worker] TRACE org.springframework.beans.factory.support.DefaultListableBeanFactory - Returning cached instance of singleton bean 'autoConfigurationReport'
10:22:17.955 [Test worker] TRACE org.springframework.beans.factory.support.DefaultListableBeanFactory - Returning cached instance of singleton bean 'autoConfigurationReport'
10:22:17.955 [Test worker] TRACE org.springframework.beans.factory.support.DefaultListableBeanFactory - Returning cached instance of singleton bean 'autoConfigurationReport'
10:22:17.956 [Test worker] TRACE org.springframework.boot.autoconfigure.condition.OnClassCondition - Condition OnClassCondition on org.springframework.boot.autoconfigure.web.servlet.ServletWebServerFactoryConfiguration$EmbeddedJetty did not match due to @ConditionalOnClass did not find required classes 'org.eclipse.jetty.server.Server', 'org.eclipse.jetty.util.Loader', 'org.eclipse.jetty.webapp.WebAppContext'
10:22:17.956 [Test worker] TRACE org.springframework.beans.factory.support.DefaultListableBeanFactory - Returning cached instance of singleton bean 'autoConfigurationReport'
10:22:17.957 [Test worker] TRACE org.springframework.boot.autoconfigure.condition.OnClassCondition - Condition OnClassCondition on org.springframework.boot.autoconfigure.web.servlet.ServletWebServerFactoryConfiguration$EmbeddedUndertow did not match due to @ConditionalOnClass did not find required classes 'io.undertow.Undertow', 'org.xnio.SslClientAuthMode'
10:22:17.957 [Test worker] TRACE org.springframework.beans.factory.support.DefaultListableBeanFactory - Returning cached instance of singleton bean 'autoConfigurationReport'
10:22:17.957 [Test worker] TRACE org.springframework.beans.factory.support.DefaultListableBeanFactory - Returning cached instance of singleton bean 'autoConfigurationReport'
10:22:17.957 [Test worker] TRACE org.springframework.beans.factory.support.DefaultListableBeanFactory - Returning cached instance of singleton bean 'autoConfigurationReport'
10:22:17.957 [Test worker] TRACE org.springframework.beans.factory.support.DefaultListableBeanFactory - Returning cached instance of singleton bean 'autoConfigurationReport'
10:22:17.957 [Test worker] TRACE org.springframework.beans.factory.support.DefaultListableBeanFactory - Returning cached instance of singleton bean 'autoConfigurationReport'
10:22:17.957 [Test worker] TRACE org.springframework.beans.factory.support.DefaultListableBeanFactory - Returning cached instance of singleton bean 'autoConfigurationReport'
10:22:17.957 [Test worker] TRACE org.springframework.beans.factory.support.DefaultListableBeanFactory - Returning cached instance of singleton bean 'autoConfigurationReport'
10:22:17.958 [Test worker] TRACE org.springframework.boot.autoconfigure.condition.OnClassCondition - Condition OnClassCondition on org.springframework.boot.autoconfigure.web.servlet.DispatcherServletAutoConfiguration matched due to @ConditionalOnClass found required class 'org.springframework.web.servlet.DispatcherServlet'
10:22:17.958 [Test worker] TRACE org.springframework.beans.factory.support.DefaultListableBeanFactory - Returning cached instance of singleton bean 'autoConfigurationReport'
10:22:17.958 [Test worker] TRACE org.springframework.boot.autoconfigure.condition.OnWebApplicationCondition - Condition OnWebApplicationCondition on org.springframework.boot.autoconfigure.web.servlet.DispatcherServletAutoConfiguration matched due to found 'session' scope
10:22:17.958 [Test worker] TRACE org.springframework.beans.factory.support.DefaultListableBeanFactory - Returning cached instance of singleton bean 'autoConfigurationReport'
10:22:17.958 [Test worker] TRACE org.springframework.beans.factory.support.DefaultListableBeanFactory - Returning cached instance of singleton bean 'autoConfigurationReport'
10:22:17.958 [Test worker] TRACE org.springframework.beans.factory.support.DefaultListableBeanFactory - Returning cached instance of singleton bean 'autoConfigurationReport'
10:22:17.958 [Test worker] TRACE org.springframework.beans.factory.support.DefaultListableBeanFactory - Returning cached instance of singleton bean 'autoConfigurationReport'
10:22:17.960 [Test worker] TRACE org.springframework.boot.autoconfigure.condition.OnClassCondition - Condition OnClassCondition on org.springframework.boot.autoconfigure.web.servlet.DispatcherServletAutoConfiguration$DispatcherServletRegistrationConfiguration matched due to @ConditionalOnClass found required class 'jakarta.servlet.ServletRegistration'
10:22:17.960 [Test worker] TRACE org.springframework.beans.factory.support.DefaultListableBeanFactory - Returning cached instance of singleton bean 'autoConfigurationReport'
10:22:17.963 [Test worker] TRACE org.springframework.boot.autoconfigure.web.servlet.DispatcherServletAutoConfiguration$DispatcherServletRegistrationCondition - Condition DispatcherServletAutoConfiguration.DispatcherServletRegistrationCondition on org.springframework.boot.autoconfigure.web.servlet.DispatcherServletAutoConfiguration$DispatcherServletRegistrationConfiguration matched due to DispatcherServlet Registration did not find servlet registration bean
10:22:17.963 [Test worker] TRACE org.springframework.beans.factory.support.DefaultListableBeanFactory - Returning cached instance of singleton bean 'autoConfigurationReport'
10:22:17.963 [Test worker] TRACE org.springframework.beans.factory.support.DefaultListableBeanFactory - Returning cached instance of singleton bean 'autoConfigurationReport'
10:22:17.963 [Test worker] TRACE org.springframework.beans.factory.support.DefaultListableBeanFactory - Returning cached instance of singleton bean 'autoConfigurationReport'
10:22:17.963 [Test worker] TRACE org.springframework.beans.factory.support.DefaultListableBeanFactory - Returning cached instance of singleton bean 'autoConfigurationReport'
10:22:17.964 [Test worker] TRACE org.springframework.boot.autoconfigure.condition.OnClassCondition - Condition OnClassCondition on org.springframework.boot.autoconfigure.web.servlet.DispatcherServletAutoConfiguration$DispatcherServletConfiguration matched due to @ConditionalOnClass found required class 'jakarta.servlet.ServletRegistration'
10:22:17.964 [Test worker] TRACE org.springframework.beans.factory.support.DefaultListableBeanFactory - Returning cached instance of singleton bean 'autoConfigurationReport'
10:22:17.964 [Test worker] TRACE org.springframework.boot.autoconfigure.web.servlet.DispatcherServletAutoConfiguration$DefaultDispatcherServletCondition - Condition DispatcherServletAutoConfiguration.DefaultDispatcherServletCondition on org.springframework.boot.autoconfigure.web.servlet.DispatcherServletAutoConfiguration$DispatcherServletConfiguration matched due to Default DispatcherServlet did not find dispatcher servlet beans
10:22:17.964 [Test worker] TRACE org.springframework.beans.factory.support.DefaultListableBeanFactory - Returning cached instance of singleton bean 'autoConfigurationReport'
10:22:17.964 [Test worker] TRACE org.springframework.beans.factory.support.DefaultListableBeanFactory - Returning cached instance of singleton bean 'autoConfigurationReport'
10:22:17.964 [Test worker] TRACE org.springframework.beans.factory.support.DefaultListableBeanFactory - Returning cached instance of singleton bean 'autoConfigurationReport'
10:22:17.964 [Test worker] TRACE org.springframework.beans.factory.support.DefaultListableBeanFactory - Returning cached instance of singleton bean 'autoConfigurationReport'
10:22:17.965 [Test worker] TRACE org.springframework.boot.autoconfigure.condition.OnClassCondition - Condition OnClassCondition on org.springframework.boot.autoconfigure.web.servlet.DispatcherServletAutoConfiguration$DispatcherServletConfiguration matched due to @ConditionalOnClass found required class 'jakarta.servlet.ServletRegistration'
10:22:17.965 [Test worker] TRACE org.springframework.beans.factory.support.DefaultListableBeanFactory - Returning cached instance of singleton bean 'autoConfigurationReport'
10:22:17.966 [Test worker] TRACE org.springframework.boot.autoconfigure.web.servlet.DispatcherServletAutoConfiguration$DefaultDispatcherServletCondition - Condition DispatcherServletAutoConfiguration.DefaultDispatcherServletCondition on org.springframework.boot.autoconfigure.web.servlet.DispatcherServletAutoConfiguration$DispatcherServletConfiguration matched due to Default DispatcherServlet did not find dispatcher servlet beans
10:22:17.966 [Test worker] TRACE org.springframework.beans.factory.support.DefaultListableBeanFactory - Returning cached instance of singleton bean 'autoConfigurationReport'
10:22:17.966 [Test worker] TRACE org.springframework.beans.factory.support.DefaultListableBeanFactory - Returning cached instance of singleton bean 'autoConfigurationReport'
10:22:17.967 [Test worker] TRACE org.springframework.beans.factory.support.DefaultListableBeanFactory - Returning cached instance of singleton bean 'autoConfigurationReport'
10:22:17.967 [Test worker] TRACE org.springframework.beans.factory.support.DefaultListableBeanFactory - Returning cached instance of singleton bean 'autoConfigurationReport'
10:22:17.967 [Test worker] TRACE org.springframework.beans.factory.support.DefaultListableBeanFactory - Returning cached instance of singleton bean 'autoConfigurationReport'
10:22:17.967 [Test worker] TRACE org.springframework.beans.factory.support.DefaultListableBeanFactory - Returning cached instance of singleton bean 'autoConfigurationReport'
10:22:17.967 [Test worker] TRACE org.springframework.beans.factory.support.DefaultListableBeanFactory - Returning cached instance of singleton bean 'autoConfigurationReport'
10:22:17.968 [Test worker] TRACE org.springframework.boot.autoconfigure.condition.OnClassCondition - Condition OnClassCondition on org.springframework.boot.autoconfigure.task.TaskExecutionAutoConfiguration matched due to @ConditionalOnClass found required class 'org.springframework.scheduling.concurrent.ThreadPoolTaskExecutor'
10:22:17.968 [Test worker] TRACE org.springframework.beans.factory.support.DefaultListableBeanFactory - Returning cached instance of singleton bean 'autoConfigurationReport'
10:22:17.968 [Test worker] TRACE org.springframework.beans.factory.support.DefaultListableBeanFactory - Returning cached instance of singleton bean 'autoConfigurationReport'
10:22:17.968 [Test worker] TRACE org.springframework.beans.factory.support.DefaultListableBeanFactory - Returning cached instance of singleton bean 'autoConfigurationReport'
10:22:17.968 [Test worker] TRACE org.springframework.beans.factory.support.DefaultListableBeanFactory - Returning cached instance of singleton bean 'autoConfigurationReport'
10:22:17.969 [Test worker] TRACE org.springframework.beans.factory.support.DefaultListableBeanFactory - Returning cached instance of singleton bean 'autoConfigurationReport'
10:22:17.969 [Test worker] TRACE org.springframework.beans.factory.support.DefaultListableBeanFactory - Returning cached instance of singleton bean 'autoConfigurationReport'
10:22:17.969 [Test worker] TRACE org.springframework.beans.factory.support.DefaultListableBeanFactory - Returning cached instance of singleton bean 'autoConfigurationReport'
10:22:17.969 [Test worker] TRACE org.springframework.beans.factory.support.DefaultListableBeanFactory - Returning cached instance of singleton bean 'autoConfigurationReport'
10:22:17.969 [Test worker] TRACE org.springframework.beans.factory.support.DefaultListableBeanFactory - Returning cached instance of singleton bean 'autoConfigurationReport'
10:22:17.969 [Test worker] TRACE org.springframework.beans.factory.support.DefaultListableBeanFactory - Returning cached instance of singleton bean 'autoConfigurationReport'
10:22:17.975 [Test worker] TRACE org.springframework.boot.autoconfigure.condition.OnClassCondition - Condition OnClassCondition on org.springframework.boot.autoconfigure.validation.ValidationAutoConfiguration matched due to @ConditionalOnClass found required class 'jakarta.validation.executable.ExecutableValidator'
10:22:17.975 [Test worker] TRACE org.springframework.beans.factory.support.DefaultListableBeanFactory - Returning cached instance of singleton bean 'autoConfigurationReport'
10:22:17.975 [Test worker] TRACE org.springframework.boot.autoconfigure.condition.OnResourceCondition - Condition OnResourceCondition on org.springframework.boot.autoconfigure.validation.ValidationAutoConfiguration did not match due to @ConditionalOnResource did not find resource 'classpath:META-INF/services/jakarta.validation.spi.ValidationProvider'
10:22:17.976 [Test worker] TRACE org.springframework.beans.factory.support.DefaultListableBeanFactory - Returning cached instance of singleton bean 'autoConfigurationReport'
10:22:17.976 [Test worker] TRACE org.springframework.beans.factory.support.DefaultListableBeanFactory - Returning cached instance of singleton bean 'autoConfigurationReport'
10:22:17.976 [Test worker] TRACE org.springframework.beans.factory.support.DefaultListableBeanFactory - Returning cached instance of singleton bean 'autoConfigurationReport'
10:22:17.976 [Test worker] TRACE org.springframework.beans.factory.support.DefaultListableBeanFactory - Returning cached instance of singleton bean 'autoConfigurationReport'
10:22:17.976 [Test worker] TRACE org.springframework.beans.factory.support.DefaultListableBeanFactory - Returning cached instance of singleton bean 'autoConfigurationReport'
10:22:17.976 [Test worker] TRACE org.springframework.beans.factory.support.DefaultListableBeanFactory - Returning cached instance of singleton bean 'autoConfigurationReport'
10:22:17.976 [Test worker] TRACE org.springframework.beans.factory.support.DefaultListableBeanFactory - Returning cached instance of singleton bean 'autoConfigurationReport'
10:22:17.977 [Test worker] TRACE org.springframework.boot.autoconfigure.condition.OnClassCondition - Condition OnClassCondition on org.springframework.boot.autoconfigure.web.servlet.error.ErrorMvcAutoConfiguration matched due to @ConditionalOnClass found required classes 'jakarta.servlet.Servlet', 'org.springframework.web.servlet.DispatcherServlet'
10:22:17.977 [Test worker] TRACE org.springframework.beans.factory.support.DefaultListableBeanFactory - Returning cached instance of singleton bean 'autoConfigurationReport'
10:22:17.978 [Test worker] TRACE org.springframework.boot.autoconfigure.condition.OnWebApplicationCondition - Condition OnWebApplicationCondition on org.springframework.boot.autoconfigure.web.servlet.error.ErrorMvcAutoConfiguration matched due to found 'session' scope
10:22:17.978 [Test worker] TRACE org.springframework.beans.factory.support.DefaultListableBeanFactory - Returning cached instance of singleton bean 'autoConfigurationReport'
10:22:17.978 [Test worker] TRACE org.springframework.beans.factory.support.DefaultListableBeanFactory - Returning cached instance of singleton bean 'autoConfigurationReport'
10:22:17.978 [Test worker] TRACE org.springframework.beans.factory.support.DefaultListableBeanFactory - Returning cached instance of singleton bean 'autoConfigurationReport'
10:22:17.978 [Test worker] TRACE org.springframework.beans.factory.support.DefaultListableBeanFactory - Returning cached instance of singleton bean 'autoConfigurationReport'
10:22:17.980 [Test worker] TRACE org.springframework.boot.autoconfigure.condition.OnPropertyCondition - Condition OnPropertyCondition on org.springframework.boot.autoconfigure.web.servlet.error.ErrorMvcAutoConfiguration$WhitelabelErrorViewConfiguration matched due to @ConditionalOnProperty (server.error.whitelabel.enabled) matched
10:22:17.980 [Test worker] TRACE org.springframework.beans.factory.support.DefaultListableBeanFactory - Returning cached instance of singleton bean 'autoConfigurationReport'
10:22:17.981 [Test worker] TRACE org.springframework.core.io.support.SpringFactoriesLoader - Loaded [org.springframework.boot.autoconfigure.template.TemplateAvailabilityProvider] names: [org.springframework.boot.autoconfigure.freemarker.FreeMarkerTemplateAvailabilityProvider, org.springframework.boot.autoconfigure.mustache.MustacheTemplateAvailabilityProvider, org.springframework.boot.autoconfigure.groovy.template.GroovyTemplateAvailabilityProvider, org.springframework.boot.autoconfigure.thymeleaf.ThymeleafTemplateAvailabilityProvider, org.springframework.boot.autoconfigure.web.servlet.JspTemplateAvailabilityProvider]
10:22:17.988 [Test worker] TRACE org.springframework.boot.autoconfigure.web.servlet.error.ErrorMvcAutoConfiguration$ErrorTemplateMissingCondition - Condition ErrorMvcAutoConfiguration.ErrorTemplateMissingCondition on org.springframework.boot.autoconfigure.web.servlet.error.ErrorMvcAutoConfiguration$WhitelabelErrorViewConfiguration matched due to ErrorTemplate Missing did not find error template view
10:22:17.988 [Test worker] TRACE org.springframework.beans.factory.support.DefaultListableBeanFactory - Returning cached instance of singleton bean 'autoConfigurationReport'
10:22:17.988 [Test worker] TRACE org.springframework.beans.factory.support.DefaultListableBeanFactory - Returning cached instance of singleton bean 'autoConfigurationReport'
10:22:17.988 [Test worker] TRACE org.springframework.beans.factory.support.DefaultListableBeanFactory - Returning cached instance of singleton bean 'autoConfigurationReport'
10:22:17.988 [Test worker] TRACE org.springframework.beans.factory.support.DefaultListableBeanFactory - Returning cached instance of singleton bean 'autoConfigurationReport'
10:22:17.989 [Test worker] TRACE org.springframework.beans.factory.support.DefaultListableBeanFactory - Returning cached instance of singleton bean 'autoConfigurationReport'
10:22:17.990 [Test worker] TRACE org.springframework.beans.factory.support.DefaultListableBeanFactory - Returning cached instance of singleton bean 'autoConfigurationReport'
10:22:17.990 [Test worker] TRACE org.springframework.beans.factory.support.DefaultListableBeanFactory - Returning cached instance of singleton bean 'autoConfigurationReport'
10:22:17.991 [Test worker] TRACE org.springframework.beans.factory.support.DefaultListableBeanFactory - Returning cached instance of singleton bean 'autoConfigurationReport'
10:22:17.991 [Test worker] TRACE org.springframework.beans.factory.support.DefaultListableBeanFactory - Returning cached instance of singleton bean 'autoConfigurationReport'
10:22:17.991 [Test worker] TRACE org.springframework.beans.factory.support.DefaultListableBeanFactory - Returning cached instance of singleton bean 'autoConfigurationReport'
10:22:17.991 [Test worker] TRACE org.springframework.beans.factory.support.DefaultListableBeanFactory - Returning cached instance of singleton bean 'autoConfigurationReport'
10:22:17.991 [Test worker] TRACE org.springframework.beans.factory.support.DefaultListableBeanFactory - Returning cached instance of singleton bean 'autoConfigurationReport'
10:22:17.991 [Test worker] TRACE org.springframework.beans.factory.support.DefaultListableBeanFactory - Returning cached instance of singleton bean 'autoConfigurationReport'
10:22:17.992 [Test worker] TRACE org.springframework.boot.autoconfigure.condition.OnClassCondition - Condition OnClassCondition on org.springframework.boot.autoconfigure.web.servlet.WebMvcAutoConfiguration matched due to @ConditionalOnClass found required classes 'jakarta.servlet.Servlet', 'org.springframework.web.servlet.DispatcherServlet', 'org.springframework.web.servlet.config.annotation.WebMvcConfigurer'
10:22:17.993 [Test worker] TRACE org.springframework.beans.factory.support.DefaultListableBeanFactory - Returning cached instance of singleton bean 'autoConfigurationReport'
10:22:17.993 [Test worker] TRACE org.springframework.boot.autoconfigure.condition.OnWebApplicationCondition - Condition OnWebApplicationCondition on org.springframework.boot.autoconfigure.web.servlet.WebMvcAutoConfiguration matched due to found 'session' scope
10:22:17.993 [Test worker] TRACE org.springframework.beans.factory.support.DefaultListableBeanFactory - Returning cached instance of singleton bean 'autoConfigurationReport'
10:22:17.993 [Test worker] TRACE org.springframework.beans.factory.support.DefaultListableBeanFactory - Returning cached instance of singleton bean 'autoConfigurationReport'
10:22:17.993 [Test worker] TRACE org.springframework.beans.factory.support.DefaultListableBeanFactory - Returning cached instance of singleton bean 'autoConfigurationReport'
10:22:17.993 [Test worker] TRACE org.springframework.beans.factory.support.DefaultListableBeanFactory - Returning cached instance of singleton bean 'autoConfigurationReport'
10:22:17.997 [Test worker] TRACE org.springframework.beans.factory.support.DefaultListableBeanFactory - Returning cached instance of singleton bean 'autoConfigurationReport'
10:22:17.997 [Test worker] TRACE org.springframework.beans.factory.support.DefaultListableBeanFactory - Returning cached instance of singleton bean 'autoConfigurationReport'
10:22:17.997 [Test worker] TRACE org.springframework.beans.factory.support.DefaultListableBeanFactory - Returning cached instance of singleton bean 'autoConfigurationReport'
10:22:18.000 [Test worker] TRACE org.springframework.beans.factory.support.DefaultListableBeanFactory - Returning cached instance of singleton bean 'autoConfigurationReport'
10:22:18.000 [Test worker] TRACE org.springframework.beans.factory.support.DefaultListableBeanFactory - Returning cached instance of singleton bean 'autoConfigurationReport'
10:22:18.000 [Test worker] TRACE org.springframework.beans.factory.support.DefaultListableBeanFactory - Returning cached instance of singleton bean 'autoConfigurationReport'
10:22:18.002 [Test worker] TRACE org.springframework.boot.autoconfigure.condition.OnPropertyCondition - Condition OnPropertyCondition on org.springframework.boot.autoconfigure.web.servlet.WebMvcAutoConfiguration$ProblemDetailsErrorHandlingConfiguration did not match due to @ConditionalOnProperty (spring.mvc.problemdetails.enabled=true) did not find property 'enabled'
10:22:18.002 [Test worker] TRACE org.springframework.beans.factory.support.DefaultListableBeanFactory - Returning cached instance of singleton bean 'autoConfigurationReport'
10:22:18.004 [Test worker] TRACE org.springframework.boot.autoconfigure.web.OnEnabledResourceChainCondition - Condition OnEnabledResourceChainCondition on org.springframework.boot.autoconfigure.web.servlet.WebMvcAutoConfiguration$ResourceChainCustomizerConfiguration did not match due to @ConditionalOnEnabledResourceChain did not find class org.webjars.WebJarAssetLocator
10:22:18.004 [Test worker] TRACE org.springframework.beans.factory.support.DefaultListableBeanFactory - Returning cached instance of singleton bean 'autoConfigurationReport'
10:22:18.005 [Test worker] TRACE org.springframework.beans.factory.support.DefaultListableBeanFactory - Returning cached instance of singleton bean 'autoConfigurationReport'
10:22:18.005 [Test worker] TRACE org.springframework.beans.factory.support.DefaultListableBeanFactory - Returning cached instance of singleton bean 'autoConfigurationReport'
10:22:18.005 [Test worker] TRACE org.springframework.beans.factory.support.DefaultListableBeanFactory - Returning cached instance of singleton bean 'autoConfigurationReport'
10:22:18.005 [Test worker] TRACE org.springframework.beans.factory.support.DefaultListableBeanFactory - Returning cached instance of singleton bean 'autoConfigurationReport'
10:22:18.005 [Test worker] TRACE org.springframework.beans.factory.support.DefaultListableBeanFactory - Returning cached instance of singleton bean 'autoConfigurationReport'
10:22:18.005 [Test worker] TRACE org.springframework.beans.factory.support.DefaultListableBeanFactory - Returning cached instance of singleton bean 'autoConfigurationReport'
10:22:18.006 [Test worker] TRACE org.springframework.boot.autoconfigure.condition.OnWebApplicationCondition - Condition OnWebApplicationCondition on org.springdoc.core.configuration.SpringDocConfiguration matched due to @ConditionalOnWebApplication (required) found 'session' scope
10:22:18.006 [Test worker] TRACE org.springframework.beans.factory.support.DefaultListableBeanFactory - Returning cached instance of singleton bean 'autoConfigurationReport'
10:22:18.007 [Test worker] TRACE org.springframework.boot.autoconfigure.condition.OnPropertyCondition - Condition OnPropertyCondition on org.springdoc.core.configuration.SpringDocConfiguration matched due to @ConditionalOnProperty (springdoc.api-docs.enabled) matched
10:22:18.007 [Test worker] TRACE org.springframework.beans.factory.support.DefaultListableBeanFactory - Returning cached instance of singleton bean 'autoConfigurationReport'
10:22:18.007 [Test worker] TRACE org.springframework.beans.factory.support.DefaultListableBeanFactory - Returning cached instance of singleton bean 'autoConfigurationReport'
10:22:18.007 [Test worker] TRACE org.springframework.beans.factory.support.DefaultListableBeanFactory - Returning cached instance of singleton bean 'autoConfigurationReport'
10:22:18.007 [Test worker] TRACE org.springframework.beans.factory.support.DefaultListableBeanFactory - Returning cached instance of singleton bean 'autoConfigurationReport'
10:22:18.018 [Test worker] TRACE org.springframework.boot.autoconfigure.condition.OnClassCondition - Condition OnClassCondition on org.springdoc.core.configuration.SpringDocConfiguration$QuerydslProvider matched due to @ConditionalOnClass found required class 'org.springframework.data.querydsl.binding.QuerydslBindingsFactory'
10:22:18.018 [Test worker] TRACE org.springframework.beans.factory.support.DefaultListableBeanFactory - Returning cached instance of singleton bean 'autoConfigurationReport'
10:22:18.018 [Test worker] TRACE org.springframework.beans.factory.support.DefaultListableBeanFactory - Returning cached instance of singleton bean 'autoConfigurationReport'
10:22:18.018 [Test worker] TRACE org.springframework.beans.factory.support.DefaultListableBeanFactory - Returning cached instance of singleton bean 'autoConfigurationReport'
10:22:18.018 [Test worker] TRACE org.springframework.beans.factory.support.DefaultListableBeanFactory - Returning cached instance of singleton bean 'autoConfigurationReport'
10:22:18.019 [Test worker] TRACE org.springframework.beans.factory.support.DefaultListableBeanFactory - Returning cached instance of singleton bean 'autoConfigurationReport'
10:22:18.019 [Test worker] TRACE org.springframework.beans.factory.support.DefaultListableBeanFactory - Returning cached instance of singleton bean 'autoConfigurationReport'
10:22:18.019 [Test worker] TRACE org.springframework.beans.factory.support.DefaultListableBeanFactory - Returning cached instance of singleton bean 'autoConfigurationReport'
10:22:18.022 [Test worker] TRACE org.springframework.boot.autoconfigure.condition.OnClassCondition - Condition OnClassCondition on org.springdoc.core.configuration.SpringDocConfiguration$SpringDocWebFluxSupportConfiguration did not match due to @ConditionalOnClass did not find required class 'reactor.core.publisher.Flux'
10:22:18.022 [Test worker] TRACE org.springframework.beans.factory.support.DefaultListableBeanFactory - Returning cached instance of singleton bean 'autoConfigurationReport'
10:22:18.022 [Test worker] TRACE org.springframework.boot.autoconfigure.condition.OnClassCondition - Condition OnClassCondition on org.springdoc.core.configuration.SpringDocConfiguration$SpringDocRepositoryRestConfiguration did not match due to @ConditionalOnClass did not find required class 'org.springframework.data.rest.core.config.RepositoryRestConfiguration'
10:22:18.022 [Test worker] TRACE org.springframework.beans.factory.support.DefaultListableBeanFactory - Returning cached instance of singleton bean 'autoConfigurationReport'
10:22:18.023 [Test worker] TRACE org.springframework.boot.autoconfigure.condition.OnClassCondition - Condition OnClassCondition on org.springdoc.core.configuration.SpringDocConfiguration$SpringDocSpringDataWebPropertiesProvider matched due to @ConditionalOnClass found required class 'org.springframework.boot.autoconfigure.data.web.SpringDataWebProperties'
10:22:18.023 [Test worker] TRACE org.springframework.beans.factory.support.DefaultListableBeanFactory - Returning cached instance of singleton bean 'autoConfigurationReport'
10:22:18.023 [Test worker] TRACE org.springframework.beans.factory.support.DefaultListableBeanFactory - Returning cached instance of singleton bean 'autoConfigurationReport'
10:22:18.023 [Test worker] TRACE org.springframework.beans.factory.support.DefaultListableBeanFactory - Returning cached instance of singleton bean 'autoConfigurationReport'
10:22:18.023 [Test worker] TRACE org.springframework.beans.factory.support.DefaultListableBeanFactory - Returning cached instance of singleton bean 'autoConfigurationReport'
10:22:18.024 [Test worker] TRACE org.springframework.boot.autoconfigure.condition.OnClassCondition - Condition OnClassCondition on org.springdoc.core.configuration.SpringDocConfiguration$WebConversionServiceConfiguration matched due to @ConditionalOnClass found required class 'org.springframework.boot.autoconfigure.web.format.WebConversionService'
10:22:18.024 [Test worker] TRACE org.springframework.beans.factory.support.DefaultListableBeanFactory - Returning cached instance of singleton bean 'autoConfigurationReport'
10:22:18.024 [Test worker] TRACE org.springframework.beans.factory.support.DefaultListableBeanFactory - Returning cached instance of singleton bean 'autoConfigurationReport'
10:22:18.024 [Test worker] TRACE org.springframework.beans.factory.support.DefaultListableBeanFactory - Returning cached instance of singleton bean 'autoConfigurationReport'
10:22:18.024 [Test worker] TRACE org.springframework.beans.factory.support.DefaultListableBeanFactory - Returning cached instance of singleton bean 'autoConfigurationReport'
10:22:18.024 [Test worker] TRACE org.springframework.boot.autoconfigure.condition.OnClassCondition - Condition OnClassCondition on org.springdoc.core.configuration.SpringDocConfiguration$SpringDocActuatorConfiguration did not match due to @ConditionalOnClass did not find required class 'org.springframework.boot.actuate.autoconfigure.endpoint.web.WebEndpointProperties'
10:22:18.025 [Test worker] TRACE org.springframework.beans.factory.support.DefaultListableBeanFactory - Returning cached instance of singleton bean 'autoConfigurationReport'
10:22:18.025 [Test worker] TRACE org.springframework.beans.factory.support.DefaultListableBeanFactory - Returning cached instance of singleton bean 'autoConfigurationReport'
10:22:18.025 [Test worker] TRACE org.springframework.beans.factory.support.DefaultListableBeanFactory - Returning cached instance of singleton bean 'autoConfigurationReport'
10:22:18.025 [Test worker] TRACE org.springframework.beans.factory.support.DefaultListableBeanFactory - Returning cached instance of singleton bean 'autoConfigurationReport'
10:22:18.026 [Test worker] TRACE org.springframework.beans.factory.support.DefaultListableBeanFactory - Returning cached instance of singleton bean 'autoConfigurationReport'
10:22:18.026 [Test worker] TRACE org.springframework.beans.factory.support.DefaultListableBeanFactory - Returning cached instance of singleton bean 'autoConfigurationReport'
10:22:18.026 [Test worker] TRACE org.springframework.beans.factory.support.DefaultListableBeanFactory - Returning cached instance of singleton bean 'autoConfigurationReport'
10:22:18.031 [Test worker] TRACE org.springframework.boot.autoconfigure.condition.OnClassCondition - Condition OnClassCondition on org.springdoc.core.configuration.SpringDocDataRestConfiguration did not match due to @ConditionalOnClass did not find required class 'org.springframework.data.rest.core.config.RepositoryRestConfiguration'
10:22:18.031 [Test worker] TRACE org.springframework.beans.factory.support.DefaultListableBeanFactory - Returning cached instance of singleton bean 'autoConfigurationReport'
10:22:18.032 [Test worker] TRACE org.springframework.beans.factory.support.DefaultListableBeanFactory - Returning cached instance of singleton bean 'autoConfigurationReport'
10:22:18.032 [Test worker] TRACE org.springframework.beans.factory.support.DefaultListableBeanFactory - Returning cached instance of singleton bean 'autoConfigurationReport'
10:22:18.032 [Test worker] TRACE org.springframework.beans.factory.support.DefaultListableBeanFactory - Returning cached instance of singleton bean 'autoConfigurationReport'
10:22:18.032 [Test worker] TRACE org.springframework.beans.factory.support.DefaultListableBeanFactory - Returning cached instance of singleton bean 'autoConfigurationReport'
10:22:18.032 [Test worker] TRACE org.springframework.beans.factory.support.DefaultListableBeanFactory - Returning cached instance of singleton bean 'autoConfigurationReport'
10:22:18.032 [Test worker] TRACE org.springframework.beans.factory.support.DefaultListableBeanFactory - Returning cached instance of singleton bean 'autoConfigurationReport'
10:22:18.033 [Test worker] TRACE org.springframework.boot.autoconfigure.condition.OnClassCondition - Condition OnClassCondition on org.springdoc.core.configuration.SpringDocFunctionCatalogConfiguration did not match due to @ConditionalOnClass did not find required class 'org.springframework.cloud.function.web.function.FunctionEndpointInitializer'
10:22:18.033 [Test worker] TRACE org.springframework.beans.factory.support.DefaultListableBeanFactory - Returning cached instance of singleton bean 'autoConfigurationReport'
10:22:18.033 [Test worker] TRACE org.springframework.beans.factory.support.DefaultListableBeanFactory - Returning cached instance of singleton bean 'autoConfigurationReport'
10:22:18.033 [Test worker] TRACE org.springframework.beans.factory.support.DefaultListableBeanFactory - Returning cached instance of singleton bean 'autoConfigurationReport'
10:22:18.033 [Test worker] TRACE org.springframework.beans.factory.support.DefaultListableBeanFactory - Returning cached instance of singleton bean 'autoConfigurationReport'
10:22:18.033 [Test worker] TRACE org.springframework.beans.factory.support.DefaultListableBeanFactory - Returning cached instance of singleton bean 'autoConfigurationReport'
10:22:18.033 [Test worker] TRACE org.springframework.beans.factory.support.DefaultListableBeanFactory - Returning cached instance of singleton bean 'autoConfigurationReport'
10:22:18.033 [Test worker] TRACE org.springframework.beans.factory.support.DefaultListableBeanFactory - Returning cached instance of singleton bean 'autoConfigurationReport'
10:22:18.034 [Test worker] TRACE org.springframework.boot.autoconfigure.condition.OnClassCondition - Condition OnClassCondition on org.springdoc.core.configuration.SpringDocGroovyConfiguration did not match due to @ConditionalOnClass did not find required class 'groovy.lang.MetaClass'
10:22:18.034 [Test worker] TRACE org.springframework.beans.factory.support.DefaultListableBeanFactory - Returning cached instance of singleton bean 'autoConfigurationReport'
10:22:18.034 [Test worker] TRACE org.springframework.beans.factory.support.DefaultListableBeanFactory - Returning cached instance of singleton bean 'autoConfigurationReport'
10:22:18.034 [Test worker] TRACE org.springframework.beans.factory.support.DefaultListableBeanFactory - Returning cached instance of singleton bean 'autoConfigurationReport'
10:22:18.034 [Test worker] TRACE org.springframework.beans.factory.support.DefaultListableBeanFactory - Returning cached instance of singleton bean 'autoConfigurationReport'
10:22:18.034 [Test worker] TRACE org.springframework.beans.factory.support.DefaultListableBeanFactory - Returning cached instance of singleton bean 'autoConfigurationReport'
10:22:18.034 [Test worker] TRACE org.springframework.beans.factory.support.DefaultListableBeanFactory - Returning cached instance of singleton bean 'autoConfigurationReport'
10:22:18.034 [Test worker] TRACE org.springframework.beans.factory.support.DefaultListableBeanFactory - Returning cached instance of singleton bean 'autoConfigurationReport'
10:22:18.034 [Test worker] TRACE org.springframework.boot.autoconfigure.condition.OnClassCondition - Condition OnClassCondition on org.springdoc.core.configuration.SpringDocHateoasConfiguration did not match due to @ConditionalOnClass did not find required class 'org.springframework.hateoas.server.LinkRelationProvider'
10:22:18.034 [Test worker] TRACE org.springframework.beans.factory.support.DefaultListableBeanFactory - Returning cached instance of singleton bean 'autoConfigurationReport'
10:22:18.035 [Test worker] TRACE org.springframework.beans.factory.support.DefaultListableBeanFactory - Returning cached instance of singleton bean 'autoConfigurationReport'
10:22:18.035 [Test worker] TRACE org.springframework.beans.factory.support.DefaultListableBeanFactory - Returning cached instance of singleton bean 'autoConfigurationReport'
10:22:18.035 [Test worker] TRACE org.springframework.beans.factory.support.DefaultListableBeanFactory - Returning cached instance of singleton bean 'autoConfigurationReport'
10:22:18.035 [Test worker] TRACE org.springframework.beans.factory.support.DefaultListableBeanFactory - Returning cached instance of singleton bean 'autoConfigurationReport'
10:22:18.035 [Test worker] TRACE org.springframework.beans.factory.support.DefaultListableBeanFactory - Returning cached instance of singleton bean 'autoConfigurationReport'
10:22:18.035 [Test worker] TRACE org.springframework.beans.factory.support.DefaultListableBeanFactory - Returning cached instance of singleton bean 'autoConfigurationReport'
10:22:18.036 [Test worker] TRACE org.springframework.boot.autoconfigure.condition.OnClassCondition - Condition OnClassCondition on org.springdoc.core.configuration.SpringDocJacksonKotlinModuleConfiguration did not match due to @ConditionalOnClass did not find required class 'com.fasterxml.jackson.module.kotlin.KotlinModule'
10:22:18.037 [Test worker] TRACE org.springframework.beans.factory.support.DefaultListableBeanFactory - Returning cached instance of singleton bean 'autoConfigurationReport'
10:22:18.037 [Test worker] TRACE org.springframework.beans.factory.support.DefaultListableBeanFactory - Returning cached instance of singleton bean 'autoConfigurationReport'
10:22:18.037 [Test worker] TRACE org.springframework.beans.factory.support.DefaultListableBeanFactory - Returning cached instance of singleton bean 'autoConfigurationReport'
10:22:18.037 [Test worker] TRACE org.springframework.beans.factory.support.DefaultListableBeanFactory - Returning cached instance of singleton bean 'autoConfigurationReport'
10:22:18.037 [Test worker] TRACE org.springframework.beans.factory.support.DefaultListableBeanFactory - Returning cached instance of singleton bean 'autoConfigurationReport'
10:22:18.037 [Test worker] TRACE org.springframework.beans.factory.support.DefaultListableBeanFactory - Returning cached instance of singleton bean 'autoConfigurationReport'
10:22:18.037 [Test worker] TRACE org.springframework.beans.factory.support.DefaultListableBeanFactory - Returning cached instance of singleton bean 'autoConfigurationReport'
10:22:18.038 [Test worker] TRACE org.springframework.boot.autoconfigure.condition.OnClassCondition - Condition OnClassCondition on org.springdoc.core.configuration.SpringDocJavadocConfiguration did not match due to @ConditionalOnClass did not find required class 'com.github.therapi.runtimejavadoc.CommentFormatter'
10:22:18.038 [Test worker] TRACE org.springframework.beans.factory.support.DefaultListableBeanFactory - Returning cached instance of singleton bean 'autoConfigurationReport'
10:22:18.038 [Test worker] TRACE org.springframework.beans.factory.support.DefaultListableBeanFactory - Returning cached instance of singleton bean 'autoConfigurationReport'
10:22:18.038 [Test worker] TRACE org.springframework.beans.factory.support.DefaultListableBeanFactory - Returning cached instance of singleton bean 'autoConfigurationReport'
10:22:18.038 [Test worker] TRACE org.springframework.beans.factory.support.DefaultListableBeanFactory - Returning cached instance of singleton bean 'autoConfigurationReport'
10:22:18.038 [Test worker] TRACE org.springframework.beans.factory.support.DefaultListableBeanFactory - Returning cached instance of singleton bean 'autoConfigurationReport'
10:22:18.038 [Test worker] TRACE org.springframework.beans.factory.support.DefaultListableBeanFactory - Returning cached instance of singleton bean 'autoConfigurationReport'
10:22:18.038 [Test worker] TRACE org.springframework.beans.factory.support.DefaultListableBeanFactory - Returning cached instance of singleton bean 'autoConfigurationReport'
10:22:18.039 [Test worker] TRACE org.springframework.boot.autoconfigure.condition.OnClassCondition - Condition OnClassCondition on org.springdoc.core.configuration.SpringDocKotlinConfiguration did not match due to @ConditionalOnClass did not find required class 'kotlin.coroutines.Continuation'
10:22:18.040 [Test worker] TRACE org.springframework.beans.factory.support.DefaultListableBeanFactory - Returning cached instance of singleton bean 'autoConfigurationReport'
10:22:18.040 [Test worker] TRACE org.springframework.beans.factory.support.DefaultListableBeanFactory - Returning cached instance of singleton bean 'autoConfigurationReport'
10:22:18.040 [Test worker] TRACE org.springframework.beans.factory.support.DefaultListableBeanFactory - Returning cached instance of singleton bean 'autoConfigurationReport'
10:22:18.040 [Test worker] TRACE org.springframework.beans.factory.support.DefaultListableBeanFactory - Returning cached instance of singleton bean 'autoConfigurationReport'
10:22:18.040 [Test worker] TRACE org.springframework.beans.factory.support.DefaultListableBeanFactory - Returning cached instance of singleton bean 'autoConfigurationReport'
10:22:18.040 [Test worker] TRACE org.springframework.beans.factory.support.DefaultListableBeanFactory - Returning cached instance of singleton bean 'autoConfigurationReport'
10:22:18.040 [Test worker] TRACE org.springframework.beans.factory.support.DefaultListableBeanFactory - Returning cached instance of singleton bean 'autoConfigurationReport'
10:22:18.040 [Test worker] TRACE org.springframework.boot.autoconfigure.condition.OnClassCondition - Condition OnClassCondition on org.springdoc.core.configuration.SpringDocKotlinxConfiguration did not match due to @ConditionalOnClass did not find required class 'kotlinx.coroutines.flow.Flow'
10:22:18.040 [Test worker] TRACE org.springframework.beans.factory.support.DefaultListableBeanFactory - Returning cached instance of singleton bean 'autoConfigurationReport'
10:22:18.040 [Test worker] TRACE org.springframework.beans.factory.support.DefaultListableBeanFactory - Returning cached instance of singleton bean 'autoConfigurationReport'
10:22:18.040 [Test worker] TRACE org.springframework.beans.factory.support.DefaultListableBeanFactory - Returning cached instance of singleton bean 'autoConfigurationReport'
10:22:18.041 [Test worker] TRACE org.springframework.beans.factory.support.DefaultListableBeanFactory - Returning cached instance of singleton bean 'autoConfigurationReport'
10:22:18.041 [Test worker] TRACE org.springframework.beans.factory.support.DefaultListableBeanFactory - Returning cached instance of singleton bean 'autoConfigurationReport'
10:22:18.041 [Test worker] TRACE org.springframework.beans.factory.support.DefaultListableBeanFactory - Returning cached instance of singleton bean 'autoConfigurationReport'
10:22:18.041 [Test worker] TRACE org.springframework.beans.factory.support.DefaultListableBeanFactory - Returning cached instance of singleton bean 'autoConfigurationReport'
10:22:18.044 [Test worker] TRACE org.springframework.boot.autoconfigure.condition.OnClassCondition - Condition OnClassCondition on org.springdoc.core.configuration.SpringDocPageableConfiguration matched due to @ConditionalOnClass found required class 'org.springframework.data.domain.Pageable'
10:22:18.045 [Test worker] TRACE org.springframework.beans.factory.support.DefaultListableBeanFactory - Returning cached instance of singleton bean 'autoConfigurationReport'
10:22:18.045 [Test worker] TRACE org.springframework.boot.autoconfigure.condition.OnWebApplicationCondition - Condition OnWebApplicationCondition on org.springdoc.core.configuration.SpringDocPageableConfiguration matched due to @ConditionalOnWebApplication (required) found 'session' scope
10:22:18.045 [Test worker] TRACE org.springframework.beans.factory.support.DefaultListableBeanFactory - Returning cached instance of singleton bean 'autoConfigurationReport'
10:22:18.045 [Test worker] TRACE org.springframework.boot.autoconfigure.condition.OnPropertyCondition - Condition OnPropertyCondition on org.springdoc.core.configuration.SpringDocPageableConfiguration matched due to @ConditionalOnProperty (springdoc.api-docs.enabled) matched
10:22:18.045 [Test worker] TRACE org.springframework.beans.factory.support.DefaultListableBeanFactory - Returning cached instance of singleton bean 'autoConfigurationReport'
10:22:18.045 [Test worker] TRACE org.springframework.beans.factory.support.DefaultListableBeanFactory - Returning cached instance of singleton bean 'autoConfigurationReport'
10:22:18.045 [Test worker] TRACE org.springframework.beans.factory.support.DefaultListableBeanFactory - Returning cached instance of singleton bean 'autoConfigurationReport'
10:22:18.046 [Test worker] TRACE org.springframework.beans.factory.support.DefaultListableBeanFactory - Returning cached instance of singleton bean 'autoConfigurationReport'
10:22:18.046 [Test worker] TRACE org.springframework.beans.factory.support.DefaultListableBeanFactory - Returning cached instance of singleton bean 'autoConfigurationReport'
10:22:18.046 [Test worker] TRACE org.springframework.beans.factory.support.DefaultListableBeanFactory - Returning cached instance of singleton bean 'autoConfigurationReport'
10:22:18.046 [Test worker] TRACE org.springframework.beans.factory.support.DefaultListableBeanFactory - Returning cached instance of singleton bean 'autoConfigurationReport'
10:22:18.046 [Test worker] TRACE org.springframework.beans.factory.support.DefaultListableBeanFactory - Returning cached instance of singleton bean 'autoConfigurationReport'
10:22:18.046 [Test worker] TRACE org.springframework.beans.factory.support.DefaultListableBeanFactory - Returning cached instance of singleton bean 'autoConfigurationReport'
10:22:18.046 [Test worker] TRACE org.springframework.beans.factory.support.DefaultListableBeanFactory - Returning cached instance of singleton bean 'autoConfigurationReport'
10:22:18.047 [Test worker] TRACE org.springframework.boot.autoconfigure.condition.OnClassCondition - Condition OnClassCondition on org.springdoc.core.configuration.SpringDocSecurityConfiguration matched due to @ConditionalOnClass found required class 'org.springframework.security.web.SecurityFilterChain'
10:22:18.047 [Test worker] TRACE org.springframework.beans.factory.support.DefaultListableBeanFactory - Returning cached instance of singleton bean 'autoConfigurationReport'
10:22:18.047 [Test worker] TRACE org.springframework.boot.autoconfigure.condition.OnWebApplicationCondition - Condition OnWebApplicationCondition on org.springdoc.core.configuration.SpringDocSecurityConfiguration matched due to @ConditionalOnWebApplication (required) found 'session' scope
10:22:18.047 [Test worker] TRACE org.springframework.beans.factory.support.DefaultListableBeanFactory - Returning cached instance of singleton bean 'autoConfigurationReport'
10:22:18.048 [Test worker] TRACE org.springframework.boot.context.properties.source.ConfigurationPropertySourcesPropertyResolver$DefaultResolver - Searching for key 'springdoc.api-docs.enabled:true' in PropertySource 'configurationProperties'
10:22:18.048 [Test worker] TRACE org.springframework.boot.context.properties.source.ConfigurationPropertySourcesPropertyResolver$DefaultResolver - Searching for key 'springdoc.api-docs.enabled:true' in PropertySource 'test'
10:22:18.048 [Test worker] TRACE org.springframework.boot.context.properties.source.ConfigurationPropertySourcesPropertyResolver$DefaultResolver - Searching for key 'springdoc.api-docs.enabled:true' in PropertySource 'Inlined Test Properties'
10:22:18.048 [Test worker] TRACE org.springframework.boot.context.properties.source.ConfigurationPropertySourcesPropertyResolver$DefaultResolver - Searching for key 'springdoc.api-docs.enabled:true' in PropertySource 'servletConfigInitParams'
10:22:18.048 [Test worker] TRACE org.springframework.boot.context.properties.source.ConfigurationPropertySourcesPropertyResolver$DefaultResolver - Searching for key 'springdoc.api-docs.enabled:true' in PropertySource 'servletContextInitParams'
10:22:18.048 [Test worker] TRACE org.springframework.boot.context.properties.source.ConfigurationPropertySourcesPropertyResolver$DefaultResolver - Searching for key 'springdoc.api-docs.enabled:true' in PropertySource 'systemProperties'
10:22:18.048 [Test worker] TRACE org.springframework.boot.context.properties.source.ConfigurationPropertySourcesPropertyResolver$DefaultResolver - Searching for key 'springdoc.api-docs.enabled:true' in PropertySource 'systemEnvironment'
10:22:18.048 [Test worker] TRACE org.springframework.boot.context.properties.source.ConfigurationPropertySourcesPropertyResolver$DefaultResolver - Searching for key 'springdoc.api-docs.enabled:true' in PropertySource 'random'
10:22:18.048 [Test worker] TRACE org.springframework.boot.context.properties.source.ConfigurationPropertySourcesPropertyResolver$DefaultResolver - Searching for key 'springdoc.api-docs.enabled:true' in PropertySource 'Config resource 'class path resource [application.properties]' via location 'optional:classpath:/''
10:22:18.048 [Test worker] TRACE org.springframework.boot.context.properties.source.ConfigurationPropertySourcesPropertyResolver$DefaultResolver - Could not find key 'springdoc.api-docs.enabled:true' in any property source
10:22:18.048 [Test worker] TRACE org.springframework.util.PropertyPlaceholderHelper - Resolved placeholder 'springdoc.api-docs.enabled:true'
10:22:18.049 [Test worker] TRACE org.springframework.boot.context.properties.source.ConfigurationPropertySourcesPropertyResolver$DefaultResolver - Searching for key 'springdoc.enable-spring-security:true' in PropertySource 'configurationProperties'
10:22:18.049 [Test worker] TRACE org.springframework.boot.context.properties.source.ConfigurationPropertySourcesPropertyResolver$DefaultResolver - Searching for key 'springdoc.enable-spring-security:true' in PropertySource 'test'
10:22:18.049 [Test worker] TRACE org.springframework.boot.context.properties.source.ConfigurationPropertySourcesPropertyResolver$DefaultResolver - Searching for key 'springdoc.enable-spring-security:true' in PropertySource 'Inlined Test Properties'
10:22:18.049 [Test worker] TRACE org.springframework.boot.context.properties.source.ConfigurationPropertySourcesPropertyResolver$DefaultResolver - Searching for key 'springdoc.enable-spring-security:true' in PropertySource 'servletConfigInitParams'
10:22:18.049 [Test worker] TRACE org.springframework.boot.context.properties.source.ConfigurationPropertySourcesPropertyResolver$DefaultResolver - Searching for key 'springdoc.enable-spring-security:true' in PropertySource 'servletContextInitParams'
10:22:18.049 [Test worker] TRACE org.springframework.boot.context.properties.source.ConfigurationPropertySourcesPropertyResolver$DefaultResolver - Searching for key 'springdoc.enable-spring-security:true' in PropertySource 'systemProperties'
10:22:18.049 [Test worker] TRACE org.springframework.boot.context.properties.source.ConfigurationPropertySourcesPropertyResolver$DefaultResolver - Searching for key 'springdoc.enable-spring-security:true' in PropertySource 'systemEnvironment'
10:22:18.049 [Test worker] TRACE org.springframework.boot.context.properties.source.ConfigurationPropertySourcesPropertyResolver$DefaultResolver - Searching for key 'springdoc.enable-spring-security:true' in PropertySource 'random'
10:22:18.049 [Test worker] TRACE org.springframework.boot.context.properties.source.ConfigurationPropertySourcesPropertyResolver$DefaultResolver - Searching for key 'springdoc.enable-spring-security:true' in PropertySource 'Config resource 'class path resource [application.properties]' via location 'optional:classpath:/''
10:22:18.049 [Test worker] TRACE org.springframework.boot.context.properties.source.ConfigurationPropertySourcesPropertyResolver$DefaultResolver - Could not find key 'springdoc.enable-spring-security:true' in any property source
10:22:18.049 [Test worker] TRACE org.springframework.util.PropertyPlaceholderHelper - Resolved placeholder 'springdoc.enable-spring-security:true'
10:22:18.062 [Test worker] TRACE org.springframework.boot.autoconfigure.condition.OnExpressionCondition - Condition OnExpressionCondition on org.springdoc.core.configuration.SpringDocSecurityConfiguration matched due to @ConditionalOnExpression (#{${springdoc.api-docs.enabled:true} and ${springdoc.enable-spring-security:true}}) resulted in true
10:22:18.062 [Test worker] TRACE org.springframework.beans.factory.support.DefaultListableBeanFactory - Returning cached instance of singleton bean 'autoConfigurationReport'
10:22:18.062 [Test worker] TRACE org.springframework.beans.factory.support.DefaultListableBeanFactory - Returning cached instance of singleton bean 'autoConfigurationReport'
10:22:18.063 [Test worker] TRACE org.springframework.beans.factory.support.DefaultListableBeanFactory - Returning cached instance of singleton bean 'autoConfigurationReport'
10:22:18.063 [Test worker] TRACE org.springframework.beans.factory.support.DefaultListableBeanFactory - Returning cached instance of singleton bean 'autoConfigurationReport'
10:22:18.064 [Test worker] TRACE org.springframework.boot.autoconfigure.condition.OnClassCondition - Condition OnClassCondition on org.springdoc.core.configuration.SpringDocSecurityConfiguration$SpringDocSecurityOAuth2Configuration did not match due to @ConditionalOnClass did not find required class 'org.springframework.security.oauth2.server.authorization.OAuth2AuthorizationService'
10:22:18.064 [Test worker] TRACE org.springframework.beans.factory.support.DefaultListableBeanFactory - Returning cached instance of singleton bean 'autoConfigurationReport'
10:22:18.064 [Test worker] TRACE org.springframework.boot.autoconfigure.condition.OnClassCondition - Condition OnClassCondition on org.springdoc.core.configuration.SpringDocSecurityConfiguration$SpringSecurityLoginEndpointConfiguration matched due to @ConditionalOnClass found required class 'jakarta.servlet.Filter'
10:22:18.064 [Test worker] TRACE org.springframework.beans.factory.support.DefaultListableBeanFactory - Returning cached instance of singleton bean 'autoConfigurationReport'
10:22:18.064 [Test worker] TRACE org.springframework.beans.factory.support.DefaultListableBeanFactory - Returning cached instance of singleton bean 'autoConfigurationReport'
10:22:18.064 [Test worker] TRACE org.springframework.beans.factory.support.DefaultListableBeanFactory - Returning cached instance of singleton bean 'autoConfigurationReport'
10:22:18.065 [Test worker] TRACE org.springframework.beans.factory.support.DefaultListableBeanFactory - Returning cached instance of singleton bean 'autoConfigurationReport'
10:22:18.065 [Test worker] TRACE org.springframework.beans.factory.support.DefaultListableBeanFactory - Returning cached instance of singleton bean 'autoConfigurationReport'
10:22:18.065 [Test worker] TRACE org.springframework.beans.factory.support.DefaultListableBeanFactory - Returning cached instance of singleton bean 'autoConfigurationReport'
10:22:18.065 [Test worker] TRACE org.springframework.beans.factory.support.DefaultListableBeanFactory - Returning cached instance of singleton bean 'autoConfigurationReport'
10:22:18.065 [Test worker] TRACE org.springframework.beans.factory.support.DefaultListableBeanFactory - Returning cached instance of singleton bean 'autoConfigurationReport'
10:22:18.065 [Test worker] TRACE org.springframework.beans.factory.support.DefaultListableBeanFactory - Returning cached instance of singleton bean 'autoConfigurationReport'
10:22:18.065 [Test worker] TRACE org.springframework.beans.factory.support.DefaultListableBeanFactory - Returning cached instance of singleton bean 'autoConfigurationReport'
10:22:18.067 [Test worker] TRACE org.springframework.boot.autoconfigure.condition.OnClassCondition - Condition OnClassCondition on org.springdoc.core.configuration.SpringDocSortConfiguration matched due to @ConditionalOnClass found required class 'org.springframework.data.domain.Sort'
10:22:18.067 [Test worker] TRACE org.springframework.beans.factory.support.DefaultListableBeanFactory - Returning cached instance of singleton bean 'autoConfigurationReport'
10:22:18.069 [Test worker] TRACE org.springframework.boot.autoconfigure.condition.OnWebApplicationCondition - Condition OnWebApplicationCondition on org.springdoc.core.configuration.SpringDocSortConfiguration matched due to @ConditionalOnWebApplication (required) found 'session' scope
10:22:18.075 [Test worker] TRACE org.springframework.beans.factory.support.DefaultListableBeanFactory - Returning cached instance of singleton bean 'autoConfigurationReport'
10:22:18.076 [Test worker] TRACE org.springframework.boot.autoconfigure.condition.OnPropertyCondition - Condition OnPropertyCondition on org.springdoc.core.configuration.SpringDocSortConfiguration matched due to @ConditionalOnProperty (springdoc.api-docs.enabled) matched
10:22:18.076 [Test worker] TRACE org.springframework.beans.factory.support.DefaultListableBeanFactory - Returning cached instance of singleton bean 'autoConfigurationReport'
10:22:18.076 [Test worker] TRACE org.springframework.beans.factory.support.DefaultListableBeanFactory - Returning cached instance of singleton bean 'autoConfigurationReport'
10:22:18.076 [Test worker] TRACE org.springframework.beans.factory.support.DefaultListableBeanFactory - Returning cached instance of singleton bean 'autoConfigurationReport'
10:22:18.076 [Test worker] TRACE org.springframework.beans.factory.support.DefaultListableBeanFactory - Returning cached instance of singleton bean 'autoConfigurationReport'
10:22:18.076 [Test worker] TRACE org.springframework.beans.factory.support.DefaultListableBeanFactory - Returning cached instance of singleton bean 'autoConfigurationReport'
10:22:18.076 [Test worker] TRACE org.springframework.beans.factory.support.DefaultListableBeanFactory - Returning cached instance of singleton bean 'autoConfigurationReport'
10:22:18.076 [Test worker] TRACE org.springframework.beans.factory.support.DefaultListableBeanFactory - Returning cached instance of singleton bean 'autoConfigurationReport'
10:22:18.076 [Test worker] TRACE org.springframework.beans.factory.support.DefaultListableBeanFactory - Returning cached instance of singleton bean 'autoConfigurationReport'
10:22:18.076 [Test worker] TRACE org.springframework.beans.factory.support.DefaultListableBeanFactory - Returning cached instance of singleton bean 'autoConfigurationReport'
10:22:18.076 [Test worker] TRACE org.springframework.beans.factory.support.DefaultListableBeanFactory - Returning cached instance of singleton bean 'autoConfigurationReport'
10:22:18.077 [Test worker] TRACE org.springframework.boot.autoconfigure.condition.OnWebApplicationCondition - Condition OnWebApplicationCondition on org.springdoc.core.configuration.SpringDocUIConfiguration matched due to @ConditionalOnWebApplication (required) found 'session' scope
10:22:18.077 [Test worker] TRACE org.springframework.beans.factory.support.DefaultListableBeanFactory - Returning cached instance of singleton bean 'autoConfigurationReport'
10:22:18.077 [Test worker] TRACE org.springframework.beans.factory.support.DefaultListableBeanFactory - Returning cached instance of singleton bean 'autoConfigurationReport'
10:22:18.077 [Test worker] TRACE org.springframework.beans.factory.support.DefaultListableBeanFactory - Returning cached instance of singleton bean 'autoConfigurationReport'
10:22:18.077 [Test worker] TRACE org.springframework.beans.factory.support.DefaultListableBeanFactory - Returning cached instance of singleton bean 'autoConfigurationReport'
10:22:18.077 [Test worker] TRACE org.springframework.beans.factory.support.DefaultListableBeanFactory - Returning cached instance of singleton bean 'autoConfigurationReport'
10:22:18.077 [Test worker] TRACE org.springframework.beans.factory.support.DefaultListableBeanFactory - Returning cached instance of singleton bean 'autoConfigurationReport'
10:22:18.077 [Test worker] TRACE org.springframework.beans.factory.support.DefaultListableBeanFactory - Returning cached instance of singleton bean 'autoConfigurationReport'
10:22:18.077 [Test worker] TRACE org.springframework.beans.factory.support.DefaultListableBeanFactory - Returning cached instance of singleton bean 'autoConfigurationReport'
10:22:18.077 [Test worker] TRACE org.springframework.beans.factory.support.DefaultListableBeanFactory - Returning cached instance of singleton bean 'autoConfigurationReport'
10:22:18.077 [Test worker] TRACE org.springframework.beans.factory.support.DefaultListableBeanFactory - Returning cached instance of singleton bean 'autoConfigurationReport'
10:22:18.077 [Test worker] TRACE org.springframework.boot.autoconfigure.condition.OnPropertyCondition - Condition OnPropertyCondition on org.springdoc.core.properties.SpringDocConfigProperties matched due to @ConditionalOnProperty (springdoc.api-docs.enabled) matched
10:22:18.077 [Test worker] TRACE org.springframework.beans.factory.support.DefaultListableBeanFactory - Returning cached instance of singleton bean 'autoConfigurationReport'
10:22:18.077 [Test worker] TRACE org.springframework.beans.factory.support.DefaultListableBeanFactory - Returning cached instance of singleton bean 'autoConfigurationReport'
10:22:18.077 [Test worker] TRACE org.springframework.beans.factory.support.DefaultListableBeanFactory - Returning cached instance of singleton bean 'autoConfigurationReport'
10:22:18.077 [Test worker] TRACE org.springframework.beans.factory.support.DefaultListableBeanFactory - Returning cached instance of singleton bean 'autoConfigurationReport'
10:22:18.079 [Test worker] TRACE org.springframework.beans.factory.support.DefaultListableBeanFactory - Returning cached instance of singleton bean 'autoConfigurationReport'
10:22:18.079 [Test worker] TRACE org.springframework.beans.factory.support.DefaultListableBeanFactory - Returning cached instance of singleton bean 'autoConfigurationReport'
10:22:18.079 [Test worker] TRACE org.springframework.beans.factory.support.DefaultListableBeanFactory - Returning cached instance of singleton bean 'autoConfigurationReport'
10:22:18.079 [Test worker] TRACE org.springframework.beans.factory.support.DefaultListableBeanFactory - Returning cached instance of singleton bean 'autoConfigurationReport'
10:22:18.079 [Test worker] TRACE org.springframework.beans.factory.support.DefaultListableBeanFactory - Returning cached instance of singleton bean 'autoConfigurationReport'
10:22:18.079 [Test worker] TRACE org.springframework.beans.factory.support.DefaultListableBeanFactory - Returning cached instance of singleton bean 'autoConfigurationReport'
10:22:18.080 [Test worker] TRACE org.springframework.boot.autoconfigure.condition.OnPropertyCondition - Condition OnPropertyCondition on org.springdoc.core.properties.SwaggerUiConfigParameters matched due to @ConditionalOnProperty (springdoc.swagger-ui.enabled) matched
10:22:18.080 [Test worker] TRACE org.springframework.beans.factory.support.DefaultListableBeanFactory - Returning cached instance of singleton bean 'autoConfigurationReport'
10:22:18.080 [Test worker] TRACE org.springframework.beans.factory.support.DefaultListableBeanFactory - Returning cached instance of singleton bean 'autoConfigurationReport'
10:22:18.080 [Test worker] TRACE org.springframework.beans.factory.support.DefaultListableBeanFactory - Returning cached instance of singleton bean 'autoConfigurationReport'
10:22:18.080 [Test worker] TRACE org.springframework.beans.factory.support.DefaultListableBeanFactory - Returning cached instance of singleton bean 'autoConfigurationReport'
10:22:18.080 [Test worker] TRACE org.springframework.beans.factory.support.DefaultListableBeanFactory - Returning cached instance of singleton bean 'autoConfigurationReport'
10:22:18.080 [Test worker] TRACE org.springframework.beans.factory.support.DefaultListableBeanFactory - Returning cached instance of singleton bean 'autoConfigurationReport'
10:22:18.080 [Test worker] TRACE org.springframework.beans.factory.support.DefaultListableBeanFactory - Returning cached instance of singleton bean 'autoConfigurationReport'
10:22:18.080 [Test worker] TRACE org.springframework.beans.factory.support.DefaultListableBeanFactory - Returning cached instance of singleton bean 'autoConfigurationReport'
10:22:18.080 [Test worker] TRACE org.springframework.beans.factory.support.DefaultListableBeanFactory - Returning cached instance of singleton bean 'autoConfigurationReport'
10:22:18.080 [Test worker] TRACE org.springframework.beans.factory.support.DefaultListableBeanFactory - Returning cached instance of singleton bean 'autoConfigurationReport'
10:22:18.081 [Test worker] TRACE org.springframework.boot.autoconfigure.condition.OnPropertyCondition - Condition OnPropertyCondition on org.springdoc.core.properties.SwaggerUiConfigProperties matched due to @ConditionalOnProperty (springdoc.swagger-ui.enabled) matched
10:22:18.081 [Test worker] TRACE org.springframework.beans.factory.support.DefaultListableBeanFactory - Returning cached instance of singleton bean 'autoConfigurationReport'
10:22:18.081 [Test worker] TRACE org.springframework.beans.factory.support.DefaultListableBeanFactory - Returning cached instance of singleton bean 'autoConfigurationReport'
10:22:18.081 [Test worker] TRACE org.springframework.beans.factory.support.DefaultListableBeanFactory - Returning cached instance of singleton bean 'autoConfigurationReport'
10:22:18.081 [Test worker] TRACE org.springframework.beans.factory.support.DefaultListableBeanFactory - Returning cached instance of singleton bean 'autoConfigurationReport'
10:22:18.081 [Test worker] TRACE org.springframework.beans.factory.support.DefaultListableBeanFactory - Returning cached instance of singleton bean 'autoConfigurationReport'
10:22:18.081 [Test worker] TRACE org.springframework.beans.factory.support.DefaultListableBeanFactory - Returning cached instance of singleton bean 'autoConfigurationReport'
10:22:18.081 [Test worker] TRACE org.springframework.beans.factory.support.DefaultListableBeanFactory - Returning cached instance of singleton bean 'autoConfigurationReport'
10:22:18.081 [Test worker] TRACE org.springframework.beans.factory.support.DefaultListableBeanFactory - Returning cached instance of singleton bean 'autoConfigurationReport'
10:22:18.081 [Test worker] TRACE org.springframework.beans.factory.support.DefaultListableBeanFactory - Returning cached instance of singleton bean 'autoConfigurationReport'
10:22:18.081 [Test worker] TRACE org.springframework.beans.factory.support.DefaultListableBeanFactory - Returning cached instance of singleton bean 'autoConfigurationReport'
10:22:18.081 [Test worker] TRACE org.springframework.boot.autoconfigure.condition.OnPropertyCondition - Condition OnPropertyCondition on org.springdoc.core.properties.SwaggerUiOAuthProperties matched due to @ConditionalOnProperty (springdoc.swagger-ui.enabled) matched
10:22:18.081 [Test worker] TRACE org.springframework.beans.factory.support.DefaultListableBeanFactory - Returning cached instance of singleton bean 'autoConfigurationReport'
10:22:18.081 [Test worker] TRACE org.springframework.beans.factory.support.DefaultListableBeanFactory - Returning cached instance of singleton bean 'autoConfigurationReport'
10:22:18.081 [Test worker] TRACE org.springframework.beans.factory.support.DefaultListableBeanFactory - Returning cached instance of singleton bean 'autoConfigurationReport'
10:22:18.081 [Test worker] TRACE org.springframework.beans.factory.support.DefaultListableBeanFactory - Returning cached instance of singleton bean 'autoConfigurationReport'
10:22:18.081 [Test worker] TRACE org.springframework.beans.factory.support.DefaultListableBeanFactory - Returning cached instance of singleton bean 'autoConfigurationReport'
10:22:18.081 [Test worker] TRACE org.springframework.beans.factory.support.DefaultListableBeanFactory - Returning cached instance of singleton bean 'autoConfigurationReport'
10:22:18.081 [Test worker] TRACE org.springframework.beans.factory.support.DefaultListableBeanFactory - Returning cached instance of singleton bean 'autoConfigurationReport'
10:22:18.081 [Test worker] TRACE org.springframework.beans.factory.support.DefaultListableBeanFactory - Returning cached instance of singleton bean 'autoConfigurationReport'
10:22:18.081 [Test worker] TRACE org.springframework.beans.factory.support.DefaultListableBeanFactory - Returning cached instance of singleton bean 'autoConfigurationReport'
10:22:18.081 [Test worker] TRACE org.springframework.beans.factory.support.DefaultListableBeanFactory - Returning cached instance of singleton bean 'autoConfigurationReport'
10:22:18.084 [Test worker] TRACE org.springframework.boot.autoconfigure.condition.OnWebApplicationCondition - Condition OnWebApplicationCondition on org.springdoc.webmvc.core.configuration.MultipleOpenApiSupportConfiguration matched due to found 'session' scope
10:22:18.085 [Test worker] TRACE org.springframework.beans.factory.support.DefaultListableBeanFactory - Returning cached instance of singleton bean 'autoConfigurationReport'
10:22:18.086 [Test worker] TRACE org.springframework.boot.autoconfigure.condition.OnPropertyCondition - Condition OnPropertyCondition on org.springdoc.webmvc.core.configuration.MultipleOpenApiSupportConfiguration matched due to @ConditionalOnProperty (springdoc.api-docs.enabled) matched
10:22:18.086 [Test worker] TRACE org.springframework.beans.factory.support.DefaultListableBeanFactory - Returning cached instance of singleton bean 'autoConfigurationReport'
10:22:18.086 [Test worker] TRACE org.springframework.beans.factory.support.DefaultListableBeanFactory - Returning cached instance of singleton bean 'autoConfigurationReport'
10:22:18.086 [Test worker] TRACE org.springframework.beans.factory.support.DefaultListableBeanFactory - Returning cached instance of singleton bean 'autoConfigurationReport'
10:22:18.086 [Test worker] TRACE org.springframework.beans.factory.support.DefaultListableBeanFactory - Returning cached instance of singleton bean 'autoConfigurationReport'
10:22:18.088 [Test worker] TRACE org.springframework.boot.autoconfigure.condition.OnClassCondition - Condition OnClassCondition on org.springdoc.webmvc.core.configuration.MultipleOpenApiSupportConfiguration$SpringDocWebMvcActuatorDifferentConfiguration did not match due to @ConditionalOnClass did not find required class 'org.springframework.boot.actuate.endpoint.web.servlet.WebMvcEndpointHandlerMapping'
10:22:18.088 [Test worker] TRACE org.springframework.beans.factory.support.DefaultListableBeanFactory - Returning cached instance of singleton bean 'autoConfigurationReport'
10:22:18.089 [Test worker] TRACE org.springframework.beans.factory.support.DefaultListableBeanFactory - Returning cached instance of singleton bean 'autoConfigurationReport'
10:22:18.089 [Test worker] TRACE org.springframework.beans.factory.support.DefaultListableBeanFactory - Returning cached instance of singleton bean 'autoConfigurationReport'
10:22:18.089 [Test worker] TRACE org.springframework.beans.factory.support.DefaultListableBeanFactory - Returning cached instance of singleton bean 'autoConfigurationReport'
10:22:18.089 [Test worker] TRACE org.springframework.beans.factory.support.DefaultListableBeanFactory - Returning cached instance of singleton bean 'autoConfigurationReport'
10:22:18.089 [Test worker] TRACE org.springframework.beans.factory.support.DefaultListableBeanFactory - Returning cached instance of singleton bean 'autoConfigurationReport'
10:22:18.089 [Test worker] TRACE org.springframework.beans.factory.support.DefaultListableBeanFactory - Returning cached instance of singleton bean 'autoConfigurationReport'
10:22:18.090 [Test worker] TRACE org.springframework.boot.autoconfigure.condition.OnWebApplicationCondition - Condition OnWebApplicationCondition on org.springdoc.webmvc.core.configuration.SpringDocWebMvcConfiguration matched due to found 'session' scope
10:22:18.090 [Test worker] TRACE org.springframework.beans.factory.support.DefaultListableBeanFactory - Returning cached instance of singleton bean 'autoConfigurationReport'
10:22:18.090 [Test worker] TRACE org.springframework.boot.autoconfigure.condition.OnPropertyCondition - Condition OnPropertyCondition on org.springdoc.webmvc.core.configuration.SpringDocWebMvcConfiguration matched due to @ConditionalOnProperty (springdoc.api-docs.enabled) matched
10:22:18.090 [Test worker] TRACE org.springframework.beans.factory.support.DefaultListableBeanFactory - Returning cached instance of singleton bean 'autoConfigurationReport'
10:22:18.090 [Test worker] TRACE org.springframework.beans.factory.support.DefaultListableBeanFactory - Returning cached instance of singleton bean 'autoConfigurationReport'
10:22:18.090 [Test worker] TRACE org.springframework.beans.factory.support.DefaultListableBeanFactory - Returning cached instance of singleton bean 'autoConfigurationReport'
10:22:18.090 [Test worker] TRACE org.springframework.beans.factory.support.DefaultListableBeanFactory - Returning cached instance of singleton bean 'autoConfigurationReport'
10:22:18.107 [Test worker] TRACE org.springframework.boot.autoconfigure.condition.OnClassCondition - Condition OnClassCondition on org.springdoc.webmvc.core.configuration.SpringDocWebMvcConfiguration$SpringDocWebMvcActuatorConfiguration did not match due to @ConditionalOnClass did not find required class 'org.springframework.boot.actuate.endpoint.web.servlet.WebMvcEndpointHandlerMapping'
10:22:18.107 [Test worker] TRACE org.springframework.beans.factory.support.DefaultListableBeanFactory - Returning cached instance of singleton bean 'autoConfigurationReport'
10:22:18.109 [Test worker] TRACE org.springframework.boot.autoconfigure.condition.OnClassCondition - Condition OnClassCondition on org.springdoc.webmvc.core.configuration.SpringDocWebMvcConfiguration$SpringDocWebMvcRouterConfiguration matched due to @ConditionalOnClass found required class 'org.springframework.web.servlet.function.RouterFunction'
10:22:18.109 [Test worker] TRACE org.springframework.beans.factory.support.DefaultListableBeanFactory - Returning cached instance of singleton bean 'autoConfigurationReport'
10:22:18.109 [Test worker] TRACE org.springframework.beans.factory.support.DefaultListableBeanFactory - Returning cached instance of singleton bean 'autoConfigurationReport'
10:22:18.109 [Test worker] TRACE org.springframework.beans.factory.support.DefaultListableBeanFactory - Returning cached instance of singleton bean 'autoConfigurationReport'
10:22:18.109 [Test worker] TRACE org.springframework.beans.factory.support.DefaultListableBeanFactory - Returning cached instance of singleton bean 'autoConfigurationReport'
10:22:18.109 [Test worker] TRACE org.springframework.beans.factory.support.DefaultListableBeanFactory - Returning cached instance of singleton bean 'autoConfigurationReport'
10:22:18.109 [Test worker] TRACE org.springframework.beans.factory.support.DefaultListableBeanFactory - Returning cached instance of singleton bean 'autoConfigurationReport'
10:22:18.109 [Test worker] TRACE org.springframework.beans.factory.support.DefaultListableBeanFactory - Returning cached instance of singleton bean 'autoConfigurationReport'
10:22:18.109 [Test worker] TRACE org.springframework.beans.factory.support.DefaultListableBeanFactory - Returning cached instance of singleton bean 'autoConfigurationReport'
10:22:18.109 [Test worker] TRACE org.springframework.beans.factory.support.DefaultListableBeanFactory - Returning cached instance of singleton bean 'autoConfigurationReport'
10:22:18.109 [Test worker] TRACE org.springframework.beans.factory.support.DefaultListableBeanFactory - Returning cached instance of singleton bean 'autoConfigurationReport'
10:22:18.110 [Test worker] TRACE org.springframework.boot.autoconfigure.condition.OnWebApplicationCondition - Condition OnWebApplicationCondition on org.springdoc.webmvc.ui.SwaggerConfig matched due to found 'session' scope
10:22:18.110 [Test worker] TRACE org.springframework.beans.factory.support.DefaultListableBeanFactory - Returning cached instance of singleton bean 'autoConfigurationReport'
10:22:18.110 [Test worker] TRACE org.springframework.boot.autoconfigure.condition.OnPropertyCondition - Condition OnPropertyCondition on org.springdoc.webmvc.ui.SwaggerConfig matched due to @ConditionalOnProperty (springdoc.swagger-ui.enabled) matched
10:22:18.110 [Test worker] TRACE org.springframework.beans.factory.support.DefaultListableBeanFactory - Returning cached instance of singleton bean 'autoConfigurationReport'
10:22:18.110 [Test worker] TRACE org.springframework.beans.factory.support.DefaultListableBeanFactory - Returning cached instance of singleton bean 'autoConfigurationReport'
10:22:18.110 [Test worker] TRACE org.springframework.beans.factory.support.DefaultListableBeanFactory - Returning cached instance of singleton bean 'autoConfigurationReport'
10:22:18.110 [Test worker] TRACE org.springframework.beans.factory.support.DefaultListableBeanFactory - Returning cached instance of singleton bean 'autoConfigurationReport'
10:22:18.111 [Test worker] TRACE org.springframework.boot.autoconfigure.condition.OnClassCondition - Condition OnClassCondition on org.springdoc.webmvc.ui.SwaggerConfig$SwaggerActuatorWelcomeConfiguration did not match due to @ConditionalOnClass did not find required class 'org.springframework.boot.actuate.endpoint.web.servlet.WebMvcEndpointHandlerMapping'
10:22:18.111 [Test worker] TRACE org.springframework.beans.factory.support.DefaultListableBeanFactory - Returning cached instance of singleton bean 'autoConfigurationReport'
10:22:18.112 [Test worker] TRACE org.springframework.beans.factory.support.DefaultListableBeanFactory - Returning cached instance of singleton bean 'autoConfigurationReport'
10:22:18.112 [Test worker] TRACE org.springframework.beans.factory.support.DefaultListableBeanFactory - Returning cached instance of singleton bean 'autoConfigurationReport'
10:22:18.112 [Test worker] TRACE org.springframework.beans.factory.support.DefaultListableBeanFactory - Returning cached instance of singleton bean 'autoConfigurationReport'
10:22:18.112 [Test worker] TRACE org.springframework.beans.factory.support.DefaultListableBeanFactory - Returning cached instance of singleton bean 'autoConfigurationReport'
10:22:18.112 [Test worker] TRACE org.springframework.beans.factory.support.DefaultListableBeanFactory - Returning cached instance of singleton bean 'autoConfigurationReport'
10:22:18.112 [Test worker] TRACE org.springframework.beans.factory.support.DefaultListableBeanFactory - Returning cached instance of singleton bean 'autoConfigurationReport'
10:22:18.112 [Test worker] TRACE org.springframework.boot.autoconfigure.condition.OnClassCondition - Condition OnClassCondition on org.springframework.boot.autoconfigure.jmx.JmxAutoConfiguration matched due to @ConditionalOnClass found required class 'org.springframework.jmx.export.MBeanExporter'
10:22:18.112 [Test worker] TRACE org.springframework.beans.factory.support.DefaultListableBeanFactory - Returning cached instance of singleton bean 'autoConfigurationReport'
10:22:18.112 [Test worker] TRACE org.springframework.boot.autoconfigure.condition.OnPropertyCondition - Condition OnPropertyCondition on org.springframework.boot.autoconfigure.jmx.JmxAutoConfiguration did not match due to @ConditionalOnProperty (spring.jmx.enabled=true) found different value in property 'enabled'
10:22:18.112 [Test worker] TRACE org.springframework.beans.factory.support.DefaultListableBeanFactory - Returning cached instance of singleton bean 'autoConfigurationReport'
10:22:18.112 [Test worker] TRACE org.springframework.beans.factory.support.DefaultListableBeanFactory - Returning cached instance of singleton bean 'autoConfigurationReport'
10:22:18.112 [Test worker] TRACE org.springframework.beans.factory.support.DefaultListableBeanFactory - Returning cached instance of singleton bean 'autoConfigurationReport'
10:22:18.112 [Test worker] TRACE org.springframework.beans.factory.support.DefaultListableBeanFactory - Returning cached instance of singleton bean 'autoConfigurationReport'
10:22:18.112 [Test worker] TRACE org.springframework.beans.factory.support.DefaultListableBeanFactory - Returning cached instance of singleton bean 'autoConfigurationReport'
10:22:18.113 [Test worker] TRACE org.springframework.beans.factory.support.DefaultListableBeanFactory - Returning cached instance of singleton bean 'autoConfigurationReport'
10:22:18.113 [Test worker] TRACE org.springframework.beans.factory.support.DefaultListableBeanFactory - Returning cached instance of singleton bean 'autoConfigurationReport'
10:22:18.113 [Test worker] TRACE org.springframework.boot.autoconfigure.condition.OnPropertyCondition - Condition OnPropertyCondition on org.springframework.boot.autoconfigure.admin.SpringApplicationAdminJmxAutoConfiguration did not match due to @ConditionalOnProperty (spring.application.admin.enabled=true) did not find property 'enabled'
10:22:18.113 [Test worker] TRACE org.springframework.beans.factory.support.DefaultListableBeanFactory - Returning cached instance of singleton bean 'autoConfigurationReport'
10:22:18.113 [Test worker] TRACE org.springframework.beans.factory.support.DefaultListableBeanFactory - Returning cached instance of singleton bean 'autoConfigurationReport'
10:22:18.113 [Test worker] TRACE org.springframework.beans.factory.support.DefaultListableBeanFactory - Returning cached instance of singleton bean 'autoConfigurationReport'
10:22:18.113 [Test worker] TRACE org.springframework.beans.factory.support.DefaultListableBeanFactory - Returning cached instance of singleton bean 'autoConfigurationReport'
10:22:18.113 [Test worker] TRACE org.springframework.beans.factory.support.DefaultListableBeanFactory - Returning cached instance of singleton bean 'autoConfigurationReport'
10:22:18.113 [Test worker] TRACE org.springframework.beans.factory.support.DefaultListableBeanFactory - Returning cached instance of singleton bean 'autoConfigurationReport'
10:22:18.113 [Test worker] TRACE org.springframework.beans.factory.support.DefaultListableBeanFactory - Returning cached instance of singleton bean 'autoConfigurationReport'
10:22:18.114 [Test worker] TRACE org.springframework.boot.autoconfigure.condition.OnPropertyCondition - Condition OnPropertyCondition on org.springframework.boot.autoconfigure.aop.AopAutoConfiguration matched due to @ConditionalOnProperty (spring.aop.auto=true) matched
10:22:18.114 [Test worker] TRACE org.springframework.beans.factory.support.DefaultListableBeanFactory - Returning cached instance of singleton bean 'autoConfigurationReport'
10:22:18.114 [Test worker] TRACE org.springframework.beans.factory.support.DefaultListableBeanFactory - Returning cached instance of singleton bean 'autoConfigurationReport'
10:22:18.114 [Test worker] TRACE org.springframework.beans.factory.support.DefaultListableBeanFactory - Returning cached instance of singleton bean 'autoConfigurationReport'
10:22:18.114 [Test worker] TRACE org.springframework.beans.factory.support.DefaultListableBeanFactory - Returning cached instance of singleton bean 'autoConfigurationReport'
10:22:18.115 [Test worker] TRACE org.springframework.boot.autoconfigure.condition.OnClassCondition - Condition OnClassCondition on org.springframework.boot.autoconfigure.aop.AopAutoConfiguration$ClassProxyingConfiguration did not match due to @ConditionalOnMissingClass found unwanted class 'org.aspectj.weaver.Advice'
10:22:18.116 [Test worker] TRACE org.springframework.beans.factory.support.DefaultListableBeanFactory - Returning cached instance of singleton bean 'autoConfigurationReport'
10:22:18.116 [Test worker] TRACE org.springframework.boot.autoconfigure.condition.OnClassCondition - Condition OnClassCondition on org.springframework.boot.autoconfigure.aop.AopAutoConfiguration$AspectJAutoProxyingConfiguration matched due to @ConditionalOnClass found required class 'org.aspectj.weaver.Advice'
10:22:18.116 [Test worker] TRACE org.springframework.beans.factory.support.DefaultListableBeanFactory - Returning cached instance of singleton bean 'autoConfigurationReport'
10:22:18.116 [Test worker] TRACE org.springframework.beans.factory.support.DefaultListableBeanFactory - Returning cached instance of singleton bean 'autoConfigurationReport'
10:22:18.116 [Test worker] TRACE org.springframework.beans.factory.support.DefaultListableBeanFactory - Returning cached instance of singleton bean 'autoConfigurationReport'
10:22:18.116 [Test worker] TRACE org.springframework.beans.factory.support.DefaultListableBeanFactory - Returning cached instance of singleton bean 'autoConfigurationReport'
10:22:18.118 [Test worker] TRACE org.springframework.boot.autoconfigure.condition.OnPropertyCondition - Condition OnPropertyCondition on org.springframework.boot.autoconfigure.aop.AopAutoConfiguration$AspectJAutoProxyingConfiguration$CglibAutoProxyConfiguration matched due to @ConditionalOnProperty (spring.aop.proxy-target-class=true) matched
10:22:18.118 [Test worker] TRACE org.springframework.beans.factory.support.DefaultListableBeanFactory - Returning cached instance of singleton bean 'autoConfigurationReport'
10:22:18.118 [Test worker] TRACE org.springframework.beans.factory.support.DefaultListableBeanFactory - Returning cached instance of singleton bean 'autoConfigurationReport'
10:22:18.118 [Test worker] TRACE org.springframework.beans.factory.support.DefaultListableBeanFactory - Returning cached instance of singleton bean 'autoConfigurationReport'
10:22:18.118 [Test worker] TRACE org.springframework.beans.factory.support.DefaultListableBeanFactory - Returning cached instance of singleton bean 'autoConfigurationReport'
10:22:18.123 [Test worker] TRACE org.springframework.boot.autoconfigure.condition.OnPropertyCondition - Condition OnPropertyCondition on org.springframework.boot.autoconfigure.aop.AopAutoConfiguration$AspectJAutoProxyingConfiguration$JdkDynamicAutoProxyConfiguration did not match due to @ConditionalOnProperty (spring.aop.proxy-target-class=false) did not find property 'proxy-target-class'
10:22:18.123 [Test worker] TRACE org.springframework.beans.factory.support.DefaultListableBeanFactory - Returning cached instance of singleton bean 'autoConfigurationReport'
10:22:18.125 [Test worker] TRACE org.springframework.beans.factory.support.DefaultListableBeanFactory - Returning cached instance of singleton bean 'autoConfigurationReport'
10:22:18.125 [Test worker] TRACE org.springframework.beans.factory.support.DefaultListableBeanFactory - Returning cached instance of singleton bean 'autoConfigurationReport'
10:22:18.125 [Test worker] TRACE org.springframework.beans.factory.support.DefaultListableBeanFactory - Returning cached instance of singleton bean 'autoConfigurationReport'
10:22:18.125 [Test worker] TRACE org.springframework.beans.factory.support.DefaultListableBeanFactory - Returning cached instance of singleton bean 'autoConfigurationReport'
10:22:18.125 [Test worker] TRACE org.springframework.beans.factory.support.DefaultListableBeanFactory - Returning cached instance of singleton bean 'autoConfigurationReport'
10:22:18.125 [Test worker] TRACE org.springframework.beans.factory.support.DefaultListableBeanFactory - Returning cached instance of singleton bean 'autoConfigurationReport'
10:22:18.126 [Test worker] TRACE org.springframework.beans.factory.support.DefaultListableBeanFactory - Returning cached instance of singleton bean 'autoConfigurationReport'
10:22:18.126 [Test worker] TRACE org.springframework.beans.factory.support.DefaultListableBeanFactory - Returning cached instance of singleton bean 'autoConfigurationReport'
10:22:18.126 [Test worker] TRACE org.springframework.beans.factory.support.DefaultListableBeanFactory - Returning cached instance of singleton bean 'autoConfigurationReport'
10:22:18.127 [Test worker] TRACE org.springframework.beans.factory.support.DefaultListableBeanFactory - Returning cached instance of singleton bean 'autoConfigurationReport'
10:22:18.127 [Test worker] TRACE org.springframework.beans.factory.support.DefaultListableBeanFactory - Returning cached instance of singleton bean 'autoConfigurationReport'
10:22:18.127 [Test worker] TRACE org.springframework.beans.factory.support.DefaultListableBeanFactory - Returning cached instance of singleton bean 'autoConfigurationReport'
10:22:18.127 [Test worker] TRACE org.springframework.beans.factory.support.DefaultListableBeanFactory - Returning cached instance of singleton bean 'autoConfigurationReport'
10:22:18.127 [Test worker] TRACE org.springframework.beans.factory.support.DefaultListableBeanFactory - Returning cached instance of singleton bean 'autoConfigurationReport'
10:22:18.127 [Test worker] TRACE org.springframework.beans.factory.support.DefaultListableBeanFactory - Returning cached instance of singleton bean 'autoConfigurationReport'
10:22:18.128 [Test worker] TRACE org.springframework.boot.autoconfigure.condition.OnClassCondition - Condition OnClassCondition on org.springframework.boot.autoconfigure.jackson.JacksonAutoConfiguration matched due to @ConditionalOnClass found required class 'com.fasterxml.jackson.databind.ObjectMapper'
10:22:18.128 [Test worker] TRACE org.springframework.beans.factory.support.DefaultListableBeanFactory - Returning cached instance of singleton bean 'autoConfigurationReport'
10:22:18.128 [Test worker] TRACE org.springframework.beans.factory.support.DefaultListableBeanFactory - Returning cached instance of singleton bean 'autoConfigurationReport'
10:22:18.128 [Test worker] TRACE org.springframework.beans.factory.support.DefaultListableBeanFactory - Returning cached instance of singleton bean 'autoConfigurationReport'
10:22:18.128 [Test worker] TRACE org.springframework.beans.factory.support.DefaultListableBeanFactory - Returning cached instance of singleton bean 'autoConfigurationReport'
10:22:18.130 [Test worker] TRACE org.springframework.boot.autoconfigure.condition.OnClassCondition - Condition OnClassCondition on org.springframework.boot.autoconfigure.jackson.JacksonAutoConfiguration$Jackson2ObjectMapperBuilderCustomizerConfiguration matched due to @ConditionalOnClass found required class 'org.springframework.http.converter.json.Jackson2ObjectMapperBuilder'
10:22:18.130 [Test worker] TRACE org.springframework.beans.factory.support.DefaultListableBeanFactory - Returning cached instance of singleton bean 'autoConfigurationReport'
10:22:18.130 [Test worker] TRACE org.springframework.beans.factory.support.DefaultListableBeanFactory - Returning cached instance of singleton bean 'autoConfigurationReport'
10:22:18.130 [Test worker] TRACE org.springframework.beans.factory.support.DefaultListableBeanFactory - Returning cached instance of singleton bean 'autoConfigurationReport'
10:22:18.130 [Test worker] TRACE org.springframework.beans.factory.support.DefaultListableBeanFactory - Returning cached instance of singleton bean 'autoConfigurationReport'
10:22:18.131 [Test worker] TRACE org.springframework.boot.autoconfigure.condition.OnClassCondition - Condition OnClassCondition on org.springframework.boot.autoconfigure.jackson.JacksonAutoConfiguration$JacksonObjectMapperBuilderConfiguration matched due to @ConditionalOnClass found required class 'org.springframework.http.converter.json.Jackson2ObjectMapperBuilder'
10:22:18.131 [Test worker] TRACE org.springframework.beans.factory.support.DefaultListableBeanFactory - Returning cached instance of singleton bean 'autoConfigurationReport'
10:22:18.131 [Test worker] TRACE org.springframework.beans.factory.support.DefaultListableBeanFactory - Returning cached instance of singleton bean 'autoConfigurationReport'
10:22:18.131 [Test worker] TRACE org.springframework.beans.factory.support.DefaultListableBeanFactory - Returning cached instance of singleton bean 'autoConfigurationReport'
10:22:18.131 [Test worker] TRACE org.springframework.beans.factory.support.DefaultListableBeanFactory - Returning cached instance of singleton bean 'autoConfigurationReport'
10:22:18.133 [Test worker] TRACE org.springframework.boot.autoconfigure.condition.OnClassCondition - Condition OnClassCondition on org.springframework.boot.autoconfigure.jackson.JacksonAutoConfiguration$ParameterNamesModuleConfiguration matched due to @ConditionalOnClass found required class 'com.fasterxml.jackson.module.paramnames.ParameterNamesModule'
10:22:18.133 [Test worker] TRACE org.springframework.beans.factory.support.DefaultListableBeanFactory - Returning cached instance of singleton bean 'autoConfigurationReport'
10:22:18.133 [Test worker] TRACE org.springframework.beans.factory.support.DefaultListableBeanFactory - Returning cached instance of singleton bean 'autoConfigurationReport'
10:22:18.133 [Test worker] TRACE org.springframework.beans.factory.support.DefaultListableBeanFactory - Returning cached instance of singleton bean 'autoConfigurationReport'
10:22:18.133 [Test worker] TRACE org.springframework.beans.factory.support.DefaultListableBeanFactory - Returning cached instance of singleton bean 'autoConfigurationReport'
10:22:18.133 [Test worker] TRACE org.springframework.boot.autoconfigure.condition.OnClassCondition - Condition OnClassCondition on org.springframework.boot.autoconfigure.jackson.JacksonAutoConfiguration$JacksonObjectMapperConfiguration matched due to @ConditionalOnClass found required class 'org.springframework.http.converter.json.Jackson2ObjectMapperBuilder'
10:22:18.133 [Test worker] TRACE org.springframework.beans.factory.support.DefaultListableBeanFactory - Returning cached instance of singleton bean 'autoConfigurationReport'
10:22:18.133 [Test worker] TRACE org.springframework.beans.factory.support.DefaultListableBeanFactory - Returning cached instance of singleton bean 'autoConfigurationReport'
10:22:18.133 [Test worker] TRACE org.springframework.beans.factory.support.DefaultListableBeanFactory - Returning cached instance of singleton bean 'autoConfigurationReport'
10:22:18.133 [Test worker] TRACE org.springframework.beans.factory.support.DefaultListableBeanFactory - Returning cached instance of singleton bean 'autoConfigurationReport'
10:22:18.133 [Test worker] TRACE org.springframework.beans.factory.support.DefaultListableBeanFactory - Returning cached instance of singleton bean 'autoConfigurationReport'
10:22:18.133 [Test worker] TRACE org.springframework.beans.factory.support.DefaultListableBeanFactory - Returning cached instance of singleton bean 'autoConfigurationReport'
10:22:18.133 [Test worker] TRACE org.springframework.beans.factory.support.DefaultListableBeanFactory - Returning cached instance of singleton bean 'autoConfigurationReport'
10:22:18.134 [Test worker] TRACE org.springframework.beans.factory.support.DefaultListableBeanFactory - Returning cached instance of singleton bean 'autoConfigurationReport'
10:22:18.134 [Test worker] TRACE org.springframework.beans.factory.support.DefaultListableBeanFactory - Returning cached instance of singleton bean 'autoConfigurationReport'
10:22:18.134 [Test worker] TRACE org.springframework.beans.factory.support.DefaultListableBeanFactory - Returning cached instance of singleton bean 'autoConfigurationReport'
10:22:18.134 [Test worker] TRACE org.springframework.beans.factory.support.DefaultListableBeanFactory - Returning cached instance of singleton bean 'autoConfigurationReport'
10:22:18.134 [Test worker] TRACE org.springframework.beans.factory.support.DefaultListableBeanFactory - Returning cached instance of singleton bean 'autoConfigurationReport'
10:22:18.134 [Test worker] TRACE org.springframework.beans.factory.support.DefaultListableBeanFactory - Returning cached instance of singleton bean 'autoConfigurationReport'
10:22:18.135 [Test worker] TRACE org.springframework.boot.autoconfigure.condition.OnClassCondition - Condition OnClassCondition on org.springframework.boot.autoconfigure.jdbc.JndiDataSourceAutoConfiguration matched due to @ConditionalOnClass found required classes 'javax.sql.DataSource', 'org.springframework.jdbc.datasource.embedded.EmbeddedDatabaseType'
10:22:18.135 [Test worker] TRACE org.springframework.beans.factory.support.DefaultListableBeanFactory - Returning cached instance of singleton bean 'autoConfigurationReport'
10:22:18.137 [Test worker] TRACE org.springframework.boot.autoconfigure.condition.OnPropertyCondition - Condition OnPropertyCondition on org.springframework.boot.autoconfigure.jdbc.JndiDataSourceAutoConfiguration did not match due to @ConditionalOnProperty (spring.datasource.jndi-name) did not find property 'jndi-name'
10:22:18.137 [Test worker] TRACE org.springframework.beans.factory.support.DefaultListableBeanFactory - Returning cached instance of singleton bean 'autoConfigurationReport'
10:22:18.137 [Test worker] TRACE org.springframework.beans.factory.support.DefaultListableBeanFactory - Returning cached instance of singleton bean 'autoConfigurationReport'
10:22:18.137 [Test worker] TRACE org.springframework.beans.factory.support.DefaultListableBeanFactory - Returning cached instance of singleton bean 'autoConfigurationReport'
10:22:18.137 [Test worker] TRACE org.springframework.beans.factory.support.DefaultListableBeanFactory - Returning cached instance of singleton bean 'autoConfigurationReport'
10:22:18.137 [Test worker] TRACE org.springframework.beans.factory.support.DefaultListableBeanFactory - Returning cached instance of singleton bean 'autoConfigurationReport'
10:22:18.137 [Test worker] TRACE org.springframework.beans.factory.support.DefaultListableBeanFactory - Returning cached instance of singleton bean 'autoConfigurationReport'
10:22:18.137 [Test worker] TRACE org.springframework.beans.factory.support.DefaultListableBeanFactory - Returning cached instance of singleton bean 'autoConfigurationReport'
10:22:18.138 [Test worker] TRACE org.springframework.boot.autoconfigure.condition.OnClassCondition - Condition OnClassCondition on org.springframework.boot.autoconfigure.transaction.jta.JtaAutoConfiguration matched due to @ConditionalOnClass found required class 'jakarta.transaction.Transaction'
10:22:18.139 [Test worker] TRACE org.springframework.beans.factory.support.DefaultListableBeanFactory - Returning cached instance of singleton bean 'autoConfigurationReport'
10:22:18.139 [Test worker] TRACE org.springframework.boot.autoconfigure.condition.OnPropertyCondition - Condition OnPropertyCondition on org.springframework.boot.autoconfigure.transaction.jta.JtaAutoConfiguration matched due to @ConditionalOnProperty (spring.jta.enabled) matched
10:22:18.140 [Test worker] TRACE org.springframework.beans.factory.support.DefaultListableBeanFactory - Returning cached instance of singleton bean 'autoConfigurationReport'
10:22:18.140 [Test worker] TRACE org.springframework.beans.factory.support.DefaultListableBeanFactory - Returning cached instance of singleton bean 'autoConfigurationReport'
10:22:18.140 [Test worker] TRACE org.springframework.beans.factory.support.DefaultListableBeanFactory - Returning cached instance of singleton bean 'autoConfigurationReport'
10:22:18.140 [Test worker] TRACE org.springframework.beans.factory.support.DefaultListableBeanFactory - Returning cached instance of singleton bean 'autoConfigurationReport'
10:22:18.145 [Test worker] TRACE org.springframework.boot.autoconfigure.condition.OnClassCondition - Condition OnClassCondition on org.springframework.boot.autoconfigure.transaction.jta.JndiJtaConfiguration matched due to @ConditionalOnClass found required class 'org.springframework.transaction.jta.JtaTransactionManager'
10:22:18.145 [Test worker] TRACE org.springframework.beans.factory.support.DefaultListableBeanFactory - Returning cached instance of singleton bean 'autoConfigurationReport'
10:22:18.146 [Test worker] TRACE org.springframework.boot.autoconfigure.condition.OnJndiCondition - Condition OnJndiCondition on org.springframework.boot.autoconfigure.transaction.jta.JndiJtaConfiguration did not match due to @ConditionalOnJndi JNDI environment is not available
10:22:18.146 [Test worker] TRACE org.springframework.beans.factory.support.DefaultListableBeanFactory - Returning cached instance of singleton bean 'autoConfigurationReport'
10:22:18.146 [Test worker] TRACE org.springframework.beans.factory.support.DefaultListableBeanFactory - Returning cached instance of singleton bean 'autoConfigurationReport'
10:22:18.146 [Test worker] TRACE org.springframework.beans.factory.support.DefaultListableBeanFactory - Returning cached instance of singleton bean 'autoConfigurationReport'
10:22:18.146 [Test worker] TRACE org.springframework.beans.factory.support.DefaultListableBeanFactory - Returning cached instance of singleton bean 'autoConfigurationReport'
10:22:18.146 [Test worker] TRACE org.springframework.beans.factory.support.DefaultListableBeanFactory - Returning cached instance of singleton bean 'autoConfigurationReport'
10:22:18.146 [Test worker] TRACE org.springframework.beans.factory.support.DefaultListableBeanFactory - Returning cached instance of singleton bean 'autoConfigurationReport'
10:22:18.146 [Test worker] TRACE org.springframework.beans.factory.support.DefaultListableBeanFactory - Returning cached instance of singleton bean 'autoConfigurationReport'
10:22:18.147 [Test worker] TRACE org.springframework.boot.autoconfigure.condition.OnClassCondition - Condition OnClassCondition on org.springframework.boot.autoconfigure.jdbc.XADataSourceAutoConfiguration matched due to @ConditionalOnClass found required classes 'javax.sql.DataSource', 'jakarta.transaction.TransactionManager', 'org.springframework.jdbc.datasource.embedded.EmbeddedDatabaseType'
10:22:18.147 [Test worker] TRACE org.springframework.beans.factory.support.DefaultListableBeanFactory - Returning cached instance of singleton bean 'autoConfigurationReport'
10:22:18.147 [Test worker] TRACE org.springframework.beans.factory.support.DefaultListableBeanFactory - Returning cached instance of singleton bean 'autoConfigurationReport'
10:22:18.147 [Test worker] TRACE org.springframework.beans.factory.support.DefaultListableBeanFactory - Returning cached instance of singleton bean 'autoConfigurationReport'
10:22:18.147 [Test worker] TRACE org.springframework.beans.factory.support.DefaultListableBeanFactory - Returning cached instance of singleton bean 'autoConfigurationReport'
10:22:18.147 [Test worker] TRACE org.springframework.beans.factory.support.DefaultListableBeanFactory - Returning cached instance of singleton bean 'autoConfigurationReport'
10:22:18.147 [Test worker] TRACE org.springframework.beans.factory.support.DefaultListableBeanFactory - Returning cached instance of singleton bean 'autoConfigurationReport'
10:22:18.147 [Test worker] TRACE org.springframework.beans.factory.support.DefaultListableBeanFactory - Returning cached instance of singleton bean 'autoConfigurationReport'
10:22:18.147 [Test worker] TRACE org.springframework.beans.factory.support.DefaultListableBeanFactory - Returning cached instance of singleton bean 'autoConfigurationReport'
10:22:18.147 [Test worker] TRACE org.springframework.beans.factory.support.DefaultListableBeanFactory - Returning cached instance of singleton bean 'autoConfigurationReport'
10:22:18.147 [Test worker] TRACE org.springframework.beans.factory.support.DefaultListableBeanFactory - Returning cached instance of singleton bean 'autoConfigurationReport'
10:22:18.148 [Test worker] TRACE org.springframework.boot.autoconfigure.condition.OnClassCondition - Condition OnClassCondition on org.springframework.boot.autoconfigure.jdbc.DataSourceAutoConfiguration matched due to @ConditionalOnClass found required classes 'javax.sql.DataSource', 'org.springframework.jdbc.datasource.embedded.EmbeddedDatabaseType'
10:22:18.148 [Test worker] TRACE org.springframework.beans.factory.support.DefaultListableBeanFactory - Returning cached instance of singleton bean 'autoConfigurationReport'
10:22:18.148 [Test worker] TRACE org.springframework.beans.factory.support.DefaultListableBeanFactory - Returning cached instance of singleton bean 'autoConfigurationReport'
10:22:18.148 [Test worker] TRACE org.springframework.beans.factory.support.DefaultListableBeanFactory - Returning cached instance of singleton bean 'autoConfigurationReport'
10:22:18.148 [Test worker] TRACE org.springframework.beans.factory.support.DefaultListableBeanFactory - Returning cached instance of singleton bean 'autoConfigurationReport'
10:22:18.170 [Test worker] TRACE org.springframework.boot.autoconfigure.jdbc.DataSourceAutoConfiguration$PooledDataSourceCondition - Condition DataSourceAutoConfiguration.PooledDataSourceCondition on org.springframework.boot.autoconfigure.jdbc.DataSourceAutoConfiguration$PooledDataSourceConfiguration matched due to AnyNestedCondition 1 matched 1 did not; NestedCondition on DataSourceAutoConfiguration.PooledDataSourceCondition.PooledDataSourceAvailable PooledDataSource found supported DataSource; NestedCondition on DataSourceAutoConfiguration.PooledDataSourceCondition.ExplicitType @ConditionalOnProperty (spring.datasource.type) did not find property 'type'
10:22:18.170 [Test worker] TRACE org.springframework.beans.factory.support.DefaultListableBeanFactory - Returning cached instance of singleton bean 'autoConfigurationReport'
10:22:18.171 [Test worker] TRACE org.springframework.beans.factory.support.DefaultListableBeanFactory - Returning cached instance of singleton bean 'autoConfigurationReport'
10:22:18.171 [Test worker] TRACE org.springframework.beans.factory.support.DefaultListableBeanFactory - Returning cached instance of singleton bean 'autoConfigurationReport'
10:22:18.171 [Test worker] TRACE org.springframework.beans.factory.support.DefaultListableBeanFactory - Returning cached instance of singleton bean 'autoConfigurationReport'
10:22:18.173 [Test worker] TRACE org.springframework.boot.autoconfigure.condition.OnClassCondition - Condition OnClassCondition on org.springframework.boot.autoconfigure.jdbc.DataSourceConfiguration$Hikari matched due to @ConditionalOnClass found required class 'com.zaxxer.hikari.HikariDataSource'
10:22:18.173 [Test worker] TRACE org.springframework.beans.factory.support.DefaultListableBeanFactory - Returning cached instance of singleton bean 'autoConfigurationReport'
10:22:18.173 [Test worker] TRACE org.springframework.boot.autoconfigure.condition.OnPropertyCondition - Condition OnPropertyCondition on org.springframework.boot.autoconfigure.jdbc.DataSourceConfiguration$Hikari matched due to @ConditionalOnProperty (spring.datasource.type=com.zaxxer.hikari.HikariDataSource) matched
10:22:18.174 [Test worker] TRACE org.springframework.beans.factory.support.DefaultListableBeanFactory - Returning cached instance of singleton bean 'autoConfigurationReport'
10:22:18.174 [Test worker] TRACE org.springframework.beans.factory.support.DefaultListableBeanFactory - Returning cached instance of singleton bean 'autoConfigurationReport'
10:22:18.174 [Test worker] TRACE org.springframework.beans.factory.support.DefaultListableBeanFactory - Returning cached instance of singleton bean 'autoConfigurationReport'
10:22:18.174 [Test worker] TRACE org.springframework.beans.factory.support.DefaultListableBeanFactory - Returning cached instance of singleton bean 'autoConfigurationReport'
10:22:18.175 [Test worker] TRACE org.springframework.boot.autoconfigure.condition.OnClassCondition - Condition OnClassCondition on org.springframework.boot.autoconfigure.jdbc.DataSourceConfiguration$Tomcat did not match due to @ConditionalOnClass did not find required class 'org.apache.tomcat.jdbc.pool.DataSource'
10:22:18.175 [Test worker] TRACE org.springframework.beans.factory.support.DefaultListableBeanFactory - Returning cached instance of singleton bean 'autoConfigurationReport'
10:22:18.175 [Test worker] TRACE org.springframework.boot.autoconfigure.condition.OnClassCondition - Condition OnClassCondition on org.springframework.boot.autoconfigure.jdbc.DataSourceConfiguration$Dbcp2 did not match due to @ConditionalOnClass did not find required class 'org.apache.commons.dbcp2.BasicDataSource'
10:22:18.176 [Test worker] TRACE org.springframework.beans.factory.support.DefaultListableBeanFactory - Returning cached instance of singleton bean 'autoConfigurationReport'
10:22:18.176 [Test worker] TRACE org.springframework.boot.autoconfigure.condition.OnClassCondition - Condition OnClassCondition on org.springframework.boot.autoconfigure.jdbc.DataSourceConfiguration$OracleUcp did not match due to @ConditionalOnClass did not find required classes 'oracle.ucp.jdbc.PoolDataSourceImpl', 'oracle.jdbc.OracleConnection'
10:22:18.176 [Test worker] TRACE org.springframework.beans.factory.support.DefaultListableBeanFactory - Returning cached instance of singleton bean 'autoConfigurationReport'
10:22:18.176 [Test worker] TRACE org.springframework.boot.autoconfigure.condition.OnPropertyCondition - Condition OnPropertyCondition on org.springframework.boot.autoconfigure.jdbc.DataSourceConfiguration$Generic did not match due to @ConditionalOnProperty (spring.datasource.type) did not find property 'spring.datasource.type'
10:22:18.177 [Test worker] TRACE org.springframework.beans.factory.support.DefaultListableBeanFactory - Returning cached instance of singleton bean 'autoConfigurationReport'
10:22:18.177 [Test worker] TRACE org.springframework.boot.autoconfigure.condition.OnPropertyCondition - Condition OnPropertyCondition on org.springframework.boot.autoconfigure.jdbc.DataSourceJmxConfiguration did not match due to @ConditionalOnProperty (spring.jmx.enabled=true) found different value in property 'enabled'
10:22:18.177 [Test worker] TRACE org.springframework.beans.factory.support.DefaultListableBeanFactory - Returning cached instance of singleton bean 'autoConfigurationReport'
10:22:18.178 [Test worker] TRACE org.springframework.boot.autoconfigure.jdbc.DataSourceAutoConfiguration$EmbeddedDatabaseCondition - Condition DataSourceAutoConfiguration.EmbeddedDatabaseCondition on org.springframework.boot.autoconfigure.jdbc.DataSourceAutoConfiguration$EmbeddedDatabaseConfiguration did not match due to EmbeddedDataSource spring.datasource.url is set
10:22:18.178 [Test worker] TRACE org.springframework.beans.factory.support.DefaultListableBeanFactory - Returning cached instance of singleton bean 'autoConfigurationReport'
10:22:18.179 [Test worker] TRACE org.springframework.beans.factory.support.DefaultListableBeanFactory - Returning cached instance of singleton bean 'autoConfigurationReport'
10:22:18.179 [Test worker] TRACE org.springframework.beans.factory.support.DefaultListableBeanFactory - Returning cached instance of singleton bean 'autoConfigurationReport'
10:22:18.179 [Test worker] TRACE org.springframework.beans.factory.support.DefaultListableBeanFactory - Returning cached instance of singleton bean 'autoConfigurationReport'
10:22:18.180 [Test worker] TRACE org.springframework.boot.autoconfigure.condition.OnClassCondition - Condition OnClassCondition on org.springframework.boot.autoconfigure.jdbc.metadata.DataSourcePoolMetadataProvidersConfiguration$OracleUcpPoolDataSourceMetadataProviderConfiguration did not match due to @ConditionalOnClass did not find required classes 'oracle.ucp.jdbc.PoolDataSource', 'oracle.jdbc.OracleConnection'
10:22:18.180 [Test worker] TRACE org.springframework.beans.factory.support.DefaultListableBeanFactory - Returning cached instance of singleton bean 'autoConfigurationReport'
10:22:18.180 [Test worker] TRACE org.springframework.boot.autoconfigure.condition.OnClassCondition - Condition OnClassCondition on org.springframework.boot.autoconfigure.jdbc.metadata.DataSourcePoolMetadataProvidersConfiguration$CommonsDbcp2PoolDataSourceMetadataProviderConfiguration did not match due to @ConditionalOnClass did not find required class 'org.apache.commons.dbcp2.BasicDataSource'
10:22:18.181 [Test worker] TRACE org.springframework.beans.factory.support.DefaultListableBeanFactory - Returning cached instance of singleton bean 'autoConfigurationReport'
10:22:18.181 [Test worker] TRACE org.springframework.boot.autoconfigure.condition.OnClassCondition - Condition OnClassCondition on org.springframework.boot.autoconfigure.jdbc.metadata.DataSourcePoolMetadataProvidersConfiguration$HikariPoolDataSourceMetadataProviderConfiguration matched due to @ConditionalOnClass found required class 'com.zaxxer.hikari.HikariDataSource'
10:22:18.181 [Test worker] TRACE org.springframework.beans.factory.support.DefaultListableBeanFactory - Returning cached instance of singleton bean 'autoConfigurationReport'
10:22:18.181 [Test worker] TRACE org.springframework.beans.factory.support.DefaultListableBeanFactory - Returning cached instance of singleton bean 'autoConfigurationReport'
10:22:18.181 [Test worker] TRACE org.springframework.beans.factory.support.DefaultListableBeanFactory - Returning cached instance of singleton bean 'autoConfigurationReport'
10:22:18.181 [Test worker] TRACE org.springframework.beans.factory.support.DefaultListableBeanFactory - Returning cached instance of singleton bean 'autoConfigurationReport'
10:22:18.181 [Test worker] TRACE org.springframework.boot.autoconfigure.condition.OnClassCondition - Condition OnClassCondition on org.springframework.boot.autoconfigure.jdbc.metadata.DataSourcePoolMetadataProvidersConfiguration$TomcatDataSourcePoolMetadataProviderConfiguration did not match due to @ConditionalOnClass did not find required class 'org.apache.tomcat.jdbc.pool.DataSource'
10:22:18.181 [Test worker] TRACE org.springframework.beans.factory.support.DefaultListableBeanFactory - Returning cached instance of singleton bean 'autoConfigurationReport'
10:22:18.181 [Test worker] TRACE org.springframework.beans.factory.support.DefaultListableBeanFactory - Returning cached instance of singleton bean 'autoConfigurationReport'
10:22:18.181 [Test worker] TRACE org.springframework.beans.factory.support.DefaultListableBeanFactory - Returning cached instance of singleton bean 'autoConfigurationReport'
10:22:18.181 [Test worker] TRACE org.springframework.beans.factory.support.DefaultListableBeanFactory - Returning cached instance of singleton bean 'autoConfigurationReport'
10:22:18.181 [Test worker] TRACE org.springframework.beans.factory.support.DefaultListableBeanFactory - Returning cached instance of singleton bean 'autoConfigurationReport'
10:22:18.182 [Test worker] TRACE org.springframework.beans.factory.support.DefaultListableBeanFactory - Returning cached instance of singleton bean 'autoConfigurationReport'
10:22:18.182 [Test worker] TRACE org.springframework.beans.factory.support.DefaultListableBeanFactory - Returning cached instance of singleton bean 'autoConfigurationReport'
10:22:18.182 [Test worker] TRACE org.springframework.boot.autoconfigure.condition.OnClassCondition - Condition OnClassCondition on org.springframework.boot.autoconfigure.orm.jpa.HibernateJpaAutoConfiguration matched due to @ConditionalOnClass found required classes 'org.springframework.orm.jpa.LocalContainerEntityManagerFactoryBean', 'jakarta.persistence.EntityManager', 'org.hibernate.engine.spi.SessionImplementor'
10:22:18.183 [Test worker] TRACE org.springframework.beans.factory.support.DefaultListableBeanFactory - Returning cached instance of singleton bean 'autoConfigurationReport'
10:22:18.183 [Test worker] TRACE org.springframework.beans.factory.support.DefaultListableBeanFactory - Returning cached instance of singleton bean 'autoConfigurationReport'
10:22:18.183 [Test worker] TRACE org.springframework.beans.factory.support.DefaultListableBeanFactory - Returning cached instance of singleton bean 'autoConfigurationReport'
10:22:18.183 [Test worker] TRACE org.springframework.beans.factory.support.DefaultListableBeanFactory - Returning cached instance of singleton bean 'autoConfigurationReport'
10:22:18.186 [Test worker] TRACE org.springframework.beans.factory.support.DefaultListableBeanFactory - Returning cached instance of singleton bean 'autoConfigurationReport'
10:22:18.186 [Test worker] TRACE org.springframework.beans.factory.support.DefaultListableBeanFactory - Returning cached instance of singleton bean 'autoConfigurationReport'
10:22:18.186 [Test worker] TRACE org.springframework.beans.factory.support.DefaultListableBeanFactory - Returning cached instance of singleton bean 'autoConfigurationReport'
10:22:18.189 [Test worker] TRACE org.springframework.boot.autoconfigure.condition.OnClassCondition - Condition OnClassCondition on org.springframework.boot.autoconfigure.orm.jpa.JpaBaseConfiguration$JpaWebConfiguration matched due to @ConditionalOnClass found required class 'org.springframework.web.servlet.config.annotation.WebMvcConfigurer'
10:22:18.190 [Test worker] TRACE org.springframework.beans.factory.support.DefaultListableBeanFactory - Returning cached instance of singleton bean 'autoConfigurationReport'
10:22:18.190 [Test worker] TRACE org.springframework.boot.autoconfigure.condition.OnWebApplicationCondition - Condition OnWebApplicationCondition on org.springframework.boot.autoconfigure.orm.jpa.JpaBaseConfiguration$JpaWebConfiguration matched due to found 'session' scope
10:22:18.190 [Test worker] TRACE org.springframework.beans.factory.support.DefaultListableBeanFactory - Returning cached instance of singleton bean 'autoConfigurationReport'
10:22:18.190 [Test worker] TRACE org.springframework.boot.autoconfigure.condition.OnPropertyCondition - Condition OnPropertyCondition on org.springframework.boot.autoconfigure.orm.jpa.JpaBaseConfiguration$JpaWebConfiguration matched due to @ConditionalOnProperty (spring.jpa.open-in-view=true) matched
10:22:18.190 [Test worker] TRACE org.springframework.beans.factory.support.DefaultListableBeanFactory - Returning cached instance of singleton bean 'autoConfigurationReport'
10:22:18.190 [Test worker] TRACE org.springframework.beans.factory.support.DefaultListableBeanFactory - Returning cached instance of singleton bean 'autoConfigurationReport'
10:22:18.190 [Test worker] TRACE org.springframework.beans.factory.support.DefaultListableBeanFactory - Returning cached instance of singleton bean 'autoConfigurationReport'
10:22:18.190 [Test worker] TRACE org.springframework.beans.factory.support.DefaultListableBeanFactory - Returning cached instance of singleton bean 'autoConfigurationReport'
10:22:18.192 [Test worker] TRACE org.springframework.beans.factory.support.DefaultListableBeanFactory - Returning cached instance of singleton bean 'autoConfigurationReport'
10:22:18.192 [Test worker] TRACE org.springframework.beans.factory.support.DefaultListableBeanFactory - Returning cached instance of singleton bean 'autoConfigurationReport'
10:22:18.192 [Test worker] TRACE org.springframework.beans.factory.support.DefaultListableBeanFactory - Returning cached instance of singleton bean 'autoConfigurationReport'
10:22:18.192 [Test worker] TRACE org.springframework.beans.factory.support.DefaultListableBeanFactory - Returning cached instance of singleton bean 'autoConfigurationReport'
10:22:18.198 [Test worker] TRACE org.springframework.beans.factory.support.DefaultListableBeanFactory - Returning cached instance of singleton bean 'autoConfigurationReport'
10:22:18.198 [Test worker] TRACE org.springframework.beans.factory.support.DefaultListableBeanFactory - Returning cached instance of singleton bean 'autoConfigurationReport'
10:22:18.198 [Test worker] TRACE org.springframework.beans.factory.support.DefaultListableBeanFactory - Returning cached instance of singleton bean 'autoConfigurationReport'
10:22:18.198 [Test worker] TRACE org.springframework.beans.factory.support.DefaultListableBeanFactory - Returning cached instance of singleton bean 'autoConfigurationReport'
10:22:18.198 [Test worker] TRACE org.springframework.beans.factory.support.DefaultListableBeanFactory - Returning cached instance of singleton bean 'autoConfigurationReport'
10:22:18.200 [Test worker] TRACE org.springframework.boot.autoconfigure.condition.OnClassCondition - Condition OnClassCondition on org.springframework.boot.autoconfigure.cache.CacheAutoConfiguration matched due to @ConditionalOnClass found required class 'org.springframework.cache.CacheManager'
10:22:18.200 [Test worker] TRACE org.springframework.beans.factory.support.DefaultListableBeanFactory - Returning cached instance of singleton bean 'autoConfigurationReport'
10:22:18.200 [Test worker] TRACE org.springframework.beans.factory.support.DefaultListableBeanFactory - Returning cached instance of singleton bean 'autoConfigurationReport'
10:22:18.200 [Test worker] TRACE org.springframework.beans.factory.support.DefaultListableBeanFactory - Returning cached instance of singleton bean 'autoConfigurationReport'
10:22:18.200 [Test worker] TRACE org.springframework.beans.factory.support.DefaultListableBeanFactory - Returning cached instance of singleton bean 'autoConfigurationReport'
10:22:18.204 [Test worker] TRACE org.springframework.beans.factory.support.DefaultListableBeanFactory - Returning cached instance of singleton bean 'autoConfigurationReport'
10:22:18.205 [Test worker] TRACE org.springframework.beans.factory.support.DefaultListableBeanFactory - Returning cached instance of singleton bean 'autoConfigurationReport'
10:22:18.205 [Test worker] TRACE org.springframework.beans.factory.support.DefaultListableBeanFactory - Returning cached instance of singleton bean 'autoConfigurationReport'
10:22:18.205 [Test worker] TRACE org.springframework.beans.factory.support.DefaultListableBeanFactory - Returning cached instance of singleton bean 'autoConfigurationReport'
10:22:18.206 [Test worker] TRACE org.springframework.boot.autoconfigure.condition.OnClassCondition - Condition OnClassCondition on org.springframework.boot.autoconfigure.cache.JCacheCacheConfiguration did not match due to @ConditionalOnClass did not find required class 'javax.cache.Caching'
10:22:18.206 [Test worker] TRACE org.springframework.beans.factory.support.DefaultListableBeanFactory - Returning cached instance of singleton bean 'autoConfigurationReport'
10:22:18.206 [Test worker] TRACE org.springframework.beans.factory.support.DefaultListableBeanFactory - Returning cached instance of singleton bean 'autoConfigurationReport'
10:22:18.206 [Test worker] TRACE org.springframework.boot.autoconfigure.AutoConfigurationImportSelector - Filtered 1 auto configuration class in 0 ms
10:22:18.206 [Test worker] TRACE org.springframework.beans.factory.support.DefaultListableBeanFactory - Returning cached instance of singleton bean 'autoConfigurationReport'
10:22:18.206 [Test worker] TRACE org.springframework.boot.autoconfigure.condition.OnClassCondition - Condition OnClassCondition on org.springframework.boot.autoconfigure.cache.HazelcastCacheConfiguration did not match due to @ConditionalOnClass did not find required class 'com.hazelcast.core.HazelcastInstance'
10:22:18.206 [Test worker] TRACE org.springframework.beans.factory.support.DefaultListableBeanFactory - Returning cached instance of singleton bean 'autoConfigurationReport'
10:22:18.206 [Test worker] TRACE org.springframework.beans.factory.support.DefaultListableBeanFactory - Returning cached instance of singleton bean 'autoConfigurationReport'
10:22:18.206 [Test worker] TRACE org.springframework.boot.autoconfigure.AutoConfigurationImportSelector - Filtered 1 auto configuration class in 0 ms
10:22:18.206 [Test worker] TRACE org.springframework.beans.factory.support.DefaultListableBeanFactory - Returning cached instance of singleton bean 'autoConfigurationReport'
10:22:18.206 [Test worker] TRACE org.springframework.boot.autoconfigure.condition.OnClassCondition - Condition OnClassCondition on org.springframework.boot.autoconfigure.cache.CouchbaseCacheConfiguration did not match due to @ConditionalOnClass did not find required class 'com.couchbase.client.java.Cluster'
10:22:18.207 [Test worker] TRACE org.springframework.beans.factory.support.DefaultListableBeanFactory - Returning cached instance of singleton bean 'autoConfigurationReport'
10:22:18.207 [Test worker] TRACE org.springframework.beans.factory.support.DefaultListableBeanFactory - Returning cached instance of singleton bean 'autoConfigurationReport'
10:22:18.207 [Test worker] TRACE org.springframework.boot.autoconfigure.AutoConfigurationImportSelector - Filtered 1 auto configuration class in 0 ms
10:22:18.207 [Test worker] TRACE org.springframework.beans.factory.support.DefaultListableBeanFactory - Returning cached instance of singleton bean 'autoConfigurationReport'
10:22:18.207 [Test worker] TRACE org.springframework.boot.autoconfigure.condition.OnClassCondition - Condition OnClassCondition on org.springframework.boot.autoconfigure.cache.InfinispanCacheConfiguration did not match due to @ConditionalOnClass did not find required class 'org.infinispan.spring.embedded.provider.SpringEmbeddedCacheManager'
10:22:18.207 [Test worker] TRACE org.springframework.beans.factory.support.DefaultListableBeanFactory - Returning cached instance of singleton bean 'autoConfigurationReport'
10:22:18.207 [Test worker] TRACE org.springframework.beans.factory.support.DefaultListableBeanFactory - Returning cached instance of singleton bean 'autoConfigurationReport'
10:22:18.207 [Test worker] TRACE org.springframework.boot.autoconfigure.AutoConfigurationImportSelector - Filtered 1 auto configuration class in 0 ms
10:22:18.207 [Test worker] TRACE org.springframework.beans.factory.support.DefaultListableBeanFactory - Returning cached instance of singleton bean 'autoConfigurationReport'
10:22:18.207 [Test worker] TRACE org.springframework.boot.autoconfigure.condition.OnClassCondition - Condition OnClassCondition on org.springframework.boot.autoconfigure.cache.RedisCacheConfiguration did not match due to @ConditionalOnClass did not find required class 'org.springframework.data.redis.connection.RedisConnectionFactory'
10:22:18.207 [Test worker] TRACE org.springframework.beans.factory.support.DefaultListableBeanFactory - Returning cached instance of singleton bean 'autoConfigurationReport'
10:22:18.207 [Test worker] TRACE org.springframework.beans.factory.support.DefaultListableBeanFactory - Returning cached instance of singleton bean 'autoConfigurationReport'
10:22:18.207 [Test worker] TRACE org.springframework.boot.autoconfigure.AutoConfigurationImportSelector - Filtered 1 auto configuration class in 0 ms
10:22:18.207 [Test worker] TRACE org.springframework.beans.factory.support.DefaultListableBeanFactory - Returning cached instance of singleton bean 'autoConfigurationReport'
10:22:18.207 [Test worker] TRACE org.springframework.boot.autoconfigure.condition.OnClassCondition - Condition OnClassCondition on org.springframework.boot.autoconfigure.cache.Cache2kCacheConfiguration did not match due to @ConditionalOnClass did not find required class 'org.cache2k.Cache2kBuilder'
10:22:18.208 [Test worker] TRACE org.springframework.beans.factory.support.DefaultListableBeanFactory - Returning cached instance of singleton bean 'autoConfigurationReport'
10:22:18.208 [Test worker] TRACE org.springframework.beans.factory.support.DefaultListableBeanFactory - Returning cached instance of singleton bean 'autoConfigurationReport'
10:22:18.208 [Test worker] TRACE org.springframework.boot.autoconfigure.AutoConfigurationImportSelector - Filtered 1 auto configuration class in 0 ms
10:22:18.208 [Test worker] TRACE org.springframework.beans.factory.support.DefaultListableBeanFactory - Returning cached instance of singleton bean 'autoConfigurationReport'
10:22:18.208 [Test worker] TRACE org.springframework.boot.autoconfigure.condition.OnClassCondition - Condition OnClassCondition on org.springframework.boot.autoconfigure.cache.CaffeineCacheConfiguration did not match due to @ConditionalOnClass did not find required class 'com.github.benmanes.caffeine.cache.Caffeine'
10:22:18.211 [Test worker] TRACE org.springframework.beans.factory.support.DefaultListableBeanFactory - Returning cached instance of singleton bean 'autoConfigurationReport'
10:22:18.211 [Test worker] TRACE org.springframework.beans.factory.support.DefaultListableBeanFactory - Returning cached instance of singleton bean 'autoConfigurationReport'
10:22:18.211 [Test worker] TRACE org.springframework.boot.autoconfigure.AutoConfigurationImportSelector - Filtered 1 auto configuration class in 3 ms
10:22:18.211 [Test worker] TRACE org.springframework.beans.factory.support.DefaultListableBeanFactory - Returning cached instance of singleton bean 'autoConfigurationReport'
10:22:18.211 [Test worker] TRACE org.springframework.beans.factory.support.DefaultListableBeanFactory - Returning cached instance of singleton bean 'autoConfigurationReport'
10:22:18.211 [Test worker] TRACE org.springframework.beans.factory.support.DefaultListableBeanFactory - Returning cached instance of singleton bean 'autoConfigurationReport'
10:22:18.211 [Test worker] TRACE org.springframework.beans.factory.support.DefaultListableBeanFactory - Returning cached instance of singleton bean 'autoConfigurationReport'
10:22:18.212 [Test worker] TRACE org.springframework.beans.factory.support.DefaultListableBeanFactory - Returning cached instance of singleton bean 'autoConfigurationReport'
10:22:18.212 [Test worker] TRACE org.springframework.beans.factory.support.DefaultListableBeanFactory - Returning cached instance of singleton bean 'autoConfigurationReport'
10:22:18.213 [Test worker] TRACE org.springframework.boot.autoconfigure.cache.CacheCondition - Condition CacheCondition on org.springframework.boot.autoconfigure.cache.GenericCacheConfiguration matched due to Cache org.springframework.boot.autoconfigure.cache.GenericCacheConfiguration automatic cache type
10:22:18.213 [Test worker] TRACE org.springframework.beans.factory.support.DefaultListableBeanFactory - Returning cached instance of singleton bean 'autoConfigurationReport'
10:22:18.213 [Test worker] TRACE org.springframework.beans.factory.support.DefaultListableBeanFactory - Returning cached instance of singleton bean 'autoConfigurationReport'
10:22:18.213 [Test worker] TRACE org.springframework.beans.factory.support.DefaultListableBeanFactory - Returning cached instance of singleton bean 'autoConfigurationReport'
10:22:18.213 [Test worker] TRACE org.springframework.beans.factory.support.DefaultListableBeanFactory - Returning cached instance of singleton bean 'autoConfigurationReport'
10:22:18.214 [Test worker] TRACE org.springframework.beans.factory.support.DefaultListableBeanFactory - Returning cached instance of singleton bean 'autoConfigurationReport'
10:22:18.214 [Test worker] TRACE org.springframework.beans.factory.support.DefaultListableBeanFactory - Returning cached instance of singleton bean 'autoConfigurationReport'
10:22:18.214 [Test worker] TRACE org.springframework.beans.factory.support.DefaultListableBeanFactory - Returning cached instance of singleton bean 'autoConfigurationReport'
10:22:18.216 [Test worker] TRACE org.springframework.boot.autoconfigure.cache.CacheCondition - Condition CacheCondition on org.springframework.boot.autoconfigure.cache.SimpleCacheConfiguration matched due to Cache org.springframework.boot.autoconfigure.cache.SimpleCacheConfiguration automatic cache type
10:22:18.216 [Test worker] TRACE org.springframework.beans.factory.support.DefaultListableBeanFactory - Returning cached instance of singleton bean 'autoConfigurationReport'
10:22:18.216 [Test worker] TRACE org.springframework.beans.factory.support.DefaultListableBeanFactory - Returning cached instance of singleton bean 'autoConfigurationReport'
10:22:18.216 [Test worker] TRACE org.springframework.beans.factory.support.DefaultListableBeanFactory - Returning cached instance of singleton bean 'autoConfigurationReport'
10:22:18.216 [Test worker] TRACE org.springframework.beans.factory.support.DefaultListableBeanFactory - Returning cached instance of singleton bean 'autoConfigurationReport'
10:22:18.217 [Test worker] TRACE org.springframework.boot.autoconfigure.cache.CacheCondition - Condition CacheCondition on org.springframework.boot.autoconfigure.cache.NoOpCacheConfiguration matched due to Cache org.springframework.boot.autoconfigure.cache.NoOpCacheConfiguration automatic cache type
10:22:18.217 [Test worker] TRACE org.springframework.beans.factory.support.DefaultListableBeanFactory - Returning cached instance of singleton bean 'autoConfigurationReport'
10:22:18.217 [Test worker] TRACE org.springframework.beans.factory.support.DefaultListableBeanFactory - Returning cached instance of singleton bean 'autoConfigurationReport'
10:22:18.217 [Test worker] TRACE org.springframework.beans.factory.support.DefaultListableBeanFactory - Returning cached instance of singleton bean 'autoConfigurationReport'
10:22:18.217 [Test worker] TRACE org.springframework.beans.factory.support.DefaultListableBeanFactory - Returning cached instance of singleton bean 'autoConfigurationReport'
10:22:18.219 [Test worker] TRACE org.springframework.boot.autoconfigure.condition.OnClassCondition - Condition OnClassCondition on org.springframework.boot.autoconfigure.cache.CacheAutoConfiguration$CacheManagerEntityManagerFactoryDependsOnPostProcessor matched due to @ConditionalOnClass found required class 'org.springframework.orm.jpa.LocalContainerEntityManagerFactoryBean'
10:22:18.219 [Test worker] TRACE org.springframework.beans.factory.support.DefaultListableBeanFactory - Returning cached instance of singleton bean 'autoConfigurationReport'
10:22:18.219 [Test worker] TRACE org.springframework.beans.factory.support.DefaultListableBeanFactory - Returning cached instance of singleton bean 'autoConfigurationReport'
10:22:18.219 [Test worker] TRACE org.springframework.beans.factory.support.DefaultListableBeanFactory - Returning cached instance of singleton bean 'autoConfigurationReport'
10:22:18.219 [Test worker] TRACE org.springframework.beans.factory.support.DefaultListableBeanFactory - Returning cached instance of singleton bean 'autoConfigurationReport'
10:22:18.219 [Test worker] TRACE org.springframework.beans.factory.support.DefaultListableBeanFactory - Returning cached instance of singleton bean 'autoConfigurationReport'
10:22:18.219 [Test worker] TRACE org.springframework.beans.factory.support.DefaultListableBeanFactory - Returning cached instance of singleton bean 'autoConfigurationReport'
10:22:18.219 [Test worker] TRACE org.springframework.beans.factory.support.DefaultListableBeanFactory - Returning cached instance of singleton bean 'autoConfigurationReport'
10:22:18.220 [Test worker] TRACE org.springframework.beans.factory.support.DefaultListableBeanFactory - Returning cached instance of singleton bean 'autoConfigurationReport'
10:22:18.220 [Test worker] TRACE org.springframework.beans.factory.support.DefaultListableBeanFactory - Returning cached instance of singleton bean 'autoConfigurationReport'
10:22:18.220 [Test worker] TRACE org.springframework.beans.factory.support.DefaultListableBeanFactory - Returning cached instance of singleton bean 'autoConfigurationReport'
10:22:18.223 [Test worker] TRACE org.springframework.beans.factory.support.DefaultListableBeanFactory - Returning cached instance of singleton bean 'autoConfigurationReport'
10:22:18.223 [Test worker] TRACE org.springframework.beans.factory.support.DefaultListableBeanFactory - Returning cached instance of singleton bean 'autoConfigurationReport'
10:22:18.223 [Test worker] TRACE org.springframework.beans.factory.support.DefaultListableBeanFactory - Returning cached instance of singleton bean 'autoConfigurationReport'
10:22:18.224 [Test worker] TRACE org.springframework.beans.factory.support.DefaultListableBeanFactory - Returning cached instance of singleton bean 'autoConfigurationReport'
10:22:18.224 [Test worker] TRACE org.springframework.beans.factory.support.DefaultListableBeanFactory - Returning cached instance of singleton bean 'autoConfigurationReport'
10:22:18.224 [Test worker] TRACE org.springframework.beans.factory.support.DefaultListableBeanFactory - Returning cached instance of singleton bean 'autoConfigurationReport'
10:22:18.224 [Test worker] TRACE org.springframework.beans.factory.support.DefaultListableBeanFactory - Returning cached instance of singleton bean 'autoConfigurationReport'
10:22:18.224 [Test worker] TRACE org.springframework.beans.factory.support.DefaultListableBeanFactory - Returning cached instance of singleton bean 'autoConfigurationReport'
10:22:18.224 [Test worker] TRACE org.springframework.beans.factory.support.DefaultListableBeanFactory - Returning cached instance of singleton bean 'autoConfigurationReport'
10:22:18.225 [Test worker] TRACE org.springframework.beans.factory.support.DefaultListableBeanFactory - Returning cached instance of singleton bean 'autoConfigurationReport'
10:22:18.225 [Test worker] TRACE org.springframework.beans.factory.support.DefaultListableBeanFactory - Returning cached instance of singleton bean 'autoConfigurationReport'
10:22:18.225 [Test worker] TRACE org.springframework.beans.factory.support.DefaultListableBeanFactory - Returning cached instance of singleton bean 'autoConfigurationReport'
10:22:18.226 [Test worker] TRACE org.springframework.beans.factory.support.DefaultListableBeanFactory - Returning cached instance of singleton bean 'autoConfigurationReport'
10:22:18.226 [Test worker] TRACE org.springframework.beans.factory.support.DefaultListableBeanFactory - Returning cached instance of singleton bean 'autoConfigurationReport'
10:22:18.226 [Test worker] TRACE org.springframework.beans.factory.support.DefaultListableBeanFactory - Returning cached instance of singleton bean 'autoConfigurationReport'
10:22:18.226 [Test worker] TRACE org.springframework.beans.factory.support.DefaultListableBeanFactory - Returning cached instance of singleton bean 'autoConfigurationReport'
10:22:18.226 [Test worker] TRACE org.springframework.beans.factory.support.DefaultListableBeanFactory - Returning cached instance of singleton bean 'autoConfigurationReport'
10:22:18.226 [Test worker] TRACE org.springframework.beans.factory.support.DefaultListableBeanFactory - Returning cached instance of singleton bean 'autoConfigurationReport'
10:22:18.226 [Test worker] TRACE org.springframework.boot.autoconfigure.condition.OnClassCondition - Condition OnClassCondition on org.springframework.boot.autoconfigure.dao.PersistenceExceptionTranslationAutoConfiguration matched due to @ConditionalOnClass found required class 'org.springframework.dao.annotation.PersistenceExceptionTranslationPostProcessor'
10:22:18.226 [Test worker] TRACE org.springframework.beans.factory.support.DefaultListableBeanFactory - Returning cached instance of singleton bean 'autoConfigurationReport'
10:22:18.227 [Test worker] TRACE org.springframework.beans.factory.support.DefaultListableBeanFactory - Returning cached instance of singleton bean 'autoConfigurationReport'
10:22:18.227 [Test worker] TRACE org.springframework.beans.factory.support.DefaultListableBeanFactory - Returning cached instance of singleton bean 'autoConfigurationReport'
10:22:18.227 [Test worker] TRACE org.springframework.beans.factory.support.DefaultListableBeanFactory - Returning cached instance of singleton bean 'autoConfigurationReport'
10:22:18.227 [Test worker] TRACE org.springframework.beans.factory.support.DefaultListableBeanFactory - Returning cached instance of singleton bean 'autoConfigurationReport'
10:22:18.227 [Test worker] TRACE org.springframework.beans.factory.support.DefaultListableBeanFactory - Returning cached instance of singleton bean 'autoConfigurationReport'
10:22:18.227 [Test worker] TRACE org.springframework.beans.factory.support.DefaultListableBeanFactory - Returning cached instance of singleton bean 'autoConfigurationReport'
10:22:18.227 [Test worker] TRACE org.springframework.beans.factory.support.DefaultListableBeanFactory - Returning cached instance of singleton bean 'autoConfigurationReport'
10:22:18.227 [Test worker] TRACE org.springframework.beans.factory.support.DefaultListableBeanFactory - Returning cached instance of singleton bean 'autoConfigurationReport'
10:22:18.227 [Test worker] TRACE org.springframework.beans.factory.support.DefaultListableBeanFactory - Returning cached instance of singleton bean 'autoConfigurationReport'
10:22:18.227 [Test worker] TRACE org.springframework.boot.autoconfigure.condition.OnClassCondition - Condition OnClassCondition on org.springframework.boot.autoconfigure.data.jpa.JpaRepositoriesAutoConfiguration matched due to @ConditionalOnClass found required class 'org.springframework.data.jpa.repository.JpaRepository'
10:22:18.227 [Test worker] TRACE org.springframework.beans.factory.support.DefaultListableBeanFactory - Returning cached instance of singleton bean 'autoConfigurationReport'
10:22:18.228 [Test worker] TRACE org.springframework.boot.autoconfigure.condition.OnPropertyCondition - Condition OnPropertyCondition on org.springframework.boot.autoconfigure.data.jpa.JpaRepositoriesAutoConfiguration matched due to @ConditionalOnProperty (spring.data.jpa.repositories.enabled=true) matched
10:22:18.228 [Test worker] TRACE org.springframework.beans.factory.support.DefaultListableBeanFactory - Returning cached instance of singleton bean 'autoConfigurationReport'
10:22:18.228 [Test worker] TRACE org.springframework.beans.factory.support.DefaultListableBeanFactory - Returning cached instance of singleton bean 'autoConfigurationReport'
10:22:18.228 [Test worker] TRACE org.springframework.beans.factory.support.DefaultListableBeanFactory - Returning cached instance of singleton bean 'autoConfigurationReport'
10:22:18.228 [Test worker] TRACE org.springframework.beans.factory.support.DefaultListableBeanFactory - Returning cached instance of singleton bean 'autoConfigurationReport'
10:22:18.229 [Test worker] TRACE org.springframework.beans.factory.support.DefaultListableBeanFactory - Returning cached instance of singleton bean 'autoConfigurationReport'
10:22:18.229 [Test worker] TRACE org.springframework.beans.factory.support.DefaultListableBeanFactory - Returning cached instance of singleton bean 'autoConfigurationReport'
10:22:18.229 [Test worker] TRACE org.springframework.beans.factory.support.DefaultListableBeanFactory - Returning cached instance of singleton bean 'autoConfigurationReport'
10:22:18.231 [Test worker] TRACE org.springframework.beans.factory.support.DefaultListableBeanFactory - Returning cached instance of singleton bean 'autoConfigurationReport'
10:22:18.232 [Test worker] TRACE org.springframework.beans.factory.support.DefaultListableBeanFactory - Returning cached instance of singleton bean 'autoConfigurationReport'
10:22:18.232 [Test worker] TRACE org.springframework.beans.factory.support.DefaultListableBeanFactory - Returning cached instance of singleton bean 'autoConfigurationReport'
10:22:18.232 [Test worker] TRACE org.springframework.beans.factory.support.DefaultListableBeanFactory - Returning cached instance of singleton bean 'autoConfigurationReport'
10:22:18.232 [Test worker] TRACE org.springframework.beans.factory.support.DefaultListableBeanFactory - Returning cached instance of singleton bean 'autoConfigurationReport'
10:22:18.232 [Test worker] TRACE org.springframework.beans.factory.support.DefaultListableBeanFactory - Returning cached instance of singleton bean 'autoConfigurationReport'
10:22:18.239 [Test worker] TRACE org.springframework.boot.autoconfigure.condition.OnClassCondition - Condition OnClassCondition on org.springframework.boot.autoconfigure.http.HttpMessageConvertersAutoConfiguration matched due to @ConditionalOnClass found required class 'org.springframework.http.converter.HttpMessageConverter'
10:22:18.239 [Test worker] TRACE org.springframework.beans.factory.support.DefaultListableBeanFactory - Returning cached instance of singleton bean 'autoConfigurationReport'
10:22:18.241 [Test worker] TRACE org.springframework.boot.autoconfigure.http.HttpMessageConvertersAutoConfiguration$NotReactiveWebApplicationCondition - Condition HttpMessageConvertersAutoConfiguration.NotReactiveWebApplicationCondition on org.springframework.boot.autoconfigure.http.HttpMessageConvertersAutoConfiguration matched due to NoneNestedConditions 0 matched 1 did not; NestedCondition on HttpMessageConvertersAutoConfiguration.NotReactiveWebApplicationCondition.ReactiveWebApplication did not find reactive web application classes
10:22:18.241 [Test worker] TRACE org.springframework.beans.factory.support.DefaultListableBeanFactory - Returning cached instance of singleton bean 'autoConfigurationReport'
10:22:18.241 [Test worker] TRACE org.springframework.beans.factory.support.DefaultListableBeanFactory - Returning cached instance of singleton bean 'autoConfigurationReport'
10:22:18.241 [Test worker] TRACE org.springframework.beans.factory.support.DefaultListableBeanFactory - Returning cached instance of singleton bean 'autoConfigurationReport'
10:22:18.241 [Test worker] TRACE org.springframework.beans.factory.support.DefaultListableBeanFactory - Returning cached instance of singleton bean 'autoConfigurationReport'
10:22:18.243 [Test worker] TRACE org.springframework.boot.autoconfigure.condition.OnClassCondition - Condition OnClassCondition on org.springframework.boot.autoconfigure.http.HttpMessageConvertersAutoConfiguration$StringHttpMessageConverterConfiguration matched due to @ConditionalOnClass found required class 'org.springframework.http.converter.StringHttpMessageConverter'
10:22:18.243 [Test worker] TRACE org.springframework.beans.factory.support.DefaultListableBeanFactory - Returning cached instance of singleton bean 'autoConfigurationReport'
10:22:18.243 [Test worker] TRACE org.springframework.beans.factory.support.DefaultListableBeanFactory - Returning cached instance of singleton bean 'autoConfigurationReport'
10:22:18.243 [Test worker] TRACE org.springframework.beans.factory.support.DefaultListableBeanFactory - Returning cached instance of singleton bean 'autoConfigurationReport'
10:22:18.246 [Test worker] TRACE org.springframework.beans.factory.support.DefaultListableBeanFactory - Returning cached instance of singleton bean 'autoConfigurationReport'
10:22:18.249 [Test worker] TRACE org.springframework.beans.factory.support.DefaultListableBeanFactory - Returning cached instance of singleton bean 'autoConfigurationReport'
10:22:18.250 [Test worker] TRACE org.springframework.beans.factory.support.DefaultListableBeanFactory - Returning cached instance of singleton bean 'autoConfigurationReport'
10:22:18.257 [Test worker] TRACE org.springframework.beans.factory.support.DefaultListableBeanFactory - Returning cached instance of singleton bean 'autoConfigurationReport'
10:22:18.258 [Test worker] TRACE org.springframework.boot.autoconfigure.condition.OnClassCondition - Condition OnClassCondition on org.springframework.boot.autoconfigure.http.JacksonHttpMessageConvertersConfiguration$MappingJackson2XmlHttpMessageConverterConfiguration did not match due to @ConditionalOnClass did not find required class 'com.fasterxml.jackson.dataformat.xml.XmlMapper'
10:22:18.258 [Test worker] TRACE org.springframework.beans.factory.support.DefaultListableBeanFactory - Returning cached instance of singleton bean 'autoConfigurationReport'
10:22:18.259 [Test worker] TRACE org.springframework.boot.autoconfigure.condition.OnClassCondition - Condition OnClassCondition on org.springframework.boot.autoconfigure.http.JacksonHttpMessageConvertersConfiguration$MappingJackson2HttpMessageConverterConfiguration matched due to @ConditionalOnClass found required class 'com.fasterxml.jackson.databind.ObjectMapper'
10:22:18.259 [Test worker] TRACE org.springframework.beans.factory.support.DefaultListableBeanFactory - Returning cached instance of singleton bean 'autoConfigurationReport'
10:22:18.259 [Test worker] TRACE org.springframework.boot.autoconfigure.condition.OnPropertyCondition - Condition OnPropertyCondition on org.springframework.boot.autoconfigure.http.JacksonHttpMessageConvertersConfiguration$MappingJackson2HttpMessageConverterConfiguration matched due to @ConditionalOnProperty (spring.mvc.converters.preferred-json-mapper=jackson) matched
10:22:18.259 [Test worker] TRACE org.springframework.beans.factory.support.DefaultListableBeanFactory - Returning cached instance of singleton bean 'autoConfigurationReport'
10:22:18.260 [Test worker] TRACE org.springframework.beans.factory.support.DefaultListableBeanFactory - Returning cached instance of singleton bean 'autoConfigurationReport'
10:22:18.260 [Test worker] TRACE org.springframework.beans.factory.support.DefaultListableBeanFactory - Returning cached instance of singleton bean 'autoConfigurationReport'
10:22:18.260 [Test worker] TRACE org.springframework.beans.factory.support.DefaultListableBeanFactory - Returning cached instance of singleton bean 'autoConfigurationReport'
10:22:18.260 [Test worker] TRACE org.springframework.boot.autoconfigure.condition.OnClassCondition - Condition OnClassCondition on org.springframework.boot.autoconfigure.http.GsonHttpMessageConvertersConfiguration did not match due to @ConditionalOnClass did not find required class 'com.google.gson.Gson'
10:22:18.260 [Test worker] TRACE org.springframework.beans.factory.support.DefaultListableBeanFactory - Returning cached instance of singleton bean 'autoConfigurationReport'
10:22:18.262 [Test worker] TRACE org.springframework.boot.autoconfigure.condition.OnClassCondition - Condition OnClassCondition on org.springframework.boot.autoconfigure.http.JsonbHttpMessageConvertersConfiguration did not match due to @ConditionalOnClass did not find required class 'jakarta.json.bind.Jsonb'
10:22:18.262 [Test worker] TRACE org.springframework.beans.factory.support.DefaultListableBeanFactory - Returning cached instance of singleton bean 'autoConfigurationReport'
10:22:18.262 [Test worker] TRACE org.springframework.beans.factory.support.DefaultListableBeanFactory - Returning cached instance of singleton bean 'autoConfigurationReport'
10:22:18.262 [Test worker] TRACE org.springframework.beans.factory.support.DefaultListableBeanFactory - Returning cached instance of singleton bean 'autoConfigurationReport'
10:22:18.263 [Test worker] TRACE org.springframework.beans.factory.support.DefaultListableBeanFactory - Returning cached instance of singleton bean 'autoConfigurationReport'
10:22:18.263 [Test worker] TRACE org.springframework.beans.factory.support.DefaultListableBeanFactory - Returning cached instance of singleton bean 'autoConfigurationReport'
10:22:18.263 [Test worker] TRACE org.springframework.beans.factory.support.DefaultListableBeanFactory - Returning cached instance of singleton bean 'autoConfigurationReport'
10:22:18.263 [Test worker] TRACE org.springframework.beans.factory.support.DefaultListableBeanFactory - Returning cached instance of singleton bean 'autoConfigurationReport'
10:22:18.265 [Test worker] TRACE org.springframework.boot.autoconfigure.condition.OnClassCondition - Condition OnClassCondition on org.springframework.boot.autoconfigure.data.web.SpringDataWebAutoConfiguration matched due to @ConditionalOnClass found required classes 'org.springframework.data.web.PageableHandlerMethodArgumentResolver', 'org.springframework.web.servlet.config.annotation.WebMvcConfigurer'
10:22:18.265 [Test worker] TRACE org.springframework.beans.factory.support.DefaultListableBeanFactory - Returning cached instance of singleton bean 'autoConfigurationReport'
10:22:18.265 [Test worker] TRACE org.springframework.boot.autoconfigure.condition.OnWebApplicationCondition - Condition OnWebApplicationCondition on org.springframework.boot.autoconfigure.data.web.SpringDataWebAutoConfiguration matched due to found 'session' scope
10:22:18.265 [Test worker] TRACE org.springframework.beans.factory.support.DefaultListableBeanFactory - Returning cached instance of singleton bean 'autoConfigurationReport'
10:22:18.265 [Test worker] TRACE org.springframework.beans.factory.support.DefaultListableBeanFactory - Returning cached instance of singleton bean 'autoConfigurationReport'
10:22:18.265 [Test worker] TRACE org.springframework.beans.factory.support.DefaultListableBeanFactory - Returning cached instance of singleton bean 'autoConfigurationReport'
10:22:18.265 [Test worker] TRACE org.springframework.beans.factory.support.DefaultListableBeanFactory - Returning cached instance of singleton bean 'autoConfigurationReport'
10:22:18.269 [Test worker] TRACE org.springframework.beans.factory.support.DefaultListableBeanFactory - Returning cached instance of singleton bean 'autoConfigurationReport'
10:22:18.269 [Test worker] TRACE org.springframework.beans.factory.support.DefaultListableBeanFactory - Returning cached instance of singleton bean 'autoConfigurationReport'
10:22:18.269 [Test worker] TRACE org.springframework.beans.factory.support.DefaultListableBeanFactory - Returning cached instance of singleton bean 'autoConfigurationReport'
10:22:18.270 [Test worker] TRACE org.springframework.beans.factory.support.DefaultListableBeanFactory - Returning cached instance of singleton bean 'autoConfigurationReport'
10:22:18.271 [Test worker] TRACE org.springframework.beans.factory.support.DefaultListableBeanFactory - Returning cached instance of singleton bean 'autoConfigurationReport'
10:22:18.271 [Test worker] TRACE org.springframework.beans.factory.support.DefaultListableBeanFactory - Returning cached instance of singleton bean 'autoConfigurationReport'
10:22:18.272 [Test worker] TRACE org.springframework.beans.factory.support.DefaultListableBeanFactory - Returning cached instance of singleton bean 'autoConfigurationReport'
10:22:18.272 [Test worker] TRACE org.springframework.beans.factory.support.DefaultListableBeanFactory - Returning cached instance of singleton bean 'autoConfigurationReport'
10:22:18.272 [Test worker] TRACE org.springframework.beans.factory.support.DefaultListableBeanFactory - Returning cached instance of singleton bean 'autoConfigurationReport'
10:22:18.272 [Test worker] TRACE org.springframework.beans.factory.support.DefaultListableBeanFactory - Returning cached instance of singleton bean 'autoConfigurationReport'
10:22:18.272 [Test worker] TRACE org.springframework.beans.factory.support.DefaultListableBeanFactory - Returning cached instance of singleton bean 'autoConfigurationReport'
10:22:18.272 [Test worker] TRACE org.springframework.beans.factory.support.DefaultListableBeanFactory - Returning cached instance of singleton bean 'autoConfigurationReport'
10:22:18.272 [Test worker] TRACE org.springframework.beans.factory.support.DefaultListableBeanFactory - Returning cached instance of singleton bean 'autoConfigurationReport'
10:22:18.273 [Test worker] TRACE org.springframework.beans.factory.support.DefaultListableBeanFactory - Returning cached instance of singleton bean 'autoConfigurationReport'
10:22:18.273 [Test worker] TRACE org.springframework.beans.factory.support.DefaultListableBeanFactory - Returning cached instance of singleton bean 'autoConfigurationReport'
10:22:18.273 [Test worker] TRACE org.springframework.beans.factory.support.DefaultListableBeanFactory - Returning cached instance of singleton bean 'autoConfigurationReport'
10:22:18.273 [Test worker] TRACE org.springframework.beans.factory.support.DefaultListableBeanFactory - Returning cached instance of singleton bean 'autoConfigurationReport'
10:22:18.273 [Test worker] TRACE org.springframework.beans.factory.support.DefaultListableBeanFactory - Returning cached instance of singleton bean 'autoConfigurationReport'
10:22:18.274 [Test worker] TRACE org.springframework.beans.factory.support.DefaultListableBeanFactory - Returning cached instance of singleton bean 'autoConfigurationReport'
10:22:18.274 [Test worker] TRACE org.springframework.beans.factory.support.DefaultListableBeanFactory - Returning cached instance of singleton bean 'autoConfigurationReport'
10:22:18.274 [Test worker] TRACE org.springframework.beans.factory.support.DefaultListableBeanFactory - Returning cached instance of singleton bean 'autoConfigurationReport'
10:22:18.274 [Test worker] TRACE org.springframework.beans.factory.support.DefaultListableBeanFactory - Returning cached instance of singleton bean 'autoConfigurationReport'
10:22:18.274 [Test worker] TRACE org.springframework.beans.factory.support.DefaultListableBeanFactory - Returning cached instance of singleton bean 'autoConfigurationReport'
10:22:18.274 [Test worker] TRACE org.springframework.beans.factory.support.DefaultListableBeanFactory - Returning cached instance of singleton bean 'autoConfigurationReport'
10:22:18.275 [Test worker] TRACE org.springframework.boot.autoconfigure.condition.OnClassCondition - Condition OnClassCondition on org.springframework.boot.autoconfigure.h2.H2ConsoleAutoConfiguration matched due to @ConditionalOnClass found required class 'org.h2.server.web.JakartaWebServlet'
10:22:18.275 [Test worker] TRACE org.springframework.beans.factory.support.DefaultListableBeanFactory - Returning cached instance of singleton bean 'autoConfigurationReport'
10:22:18.275 [Test worker] TRACE org.springframework.boot.autoconfigure.condition.OnWebApplicationCondition - Condition OnWebApplicationCondition on org.springframework.boot.autoconfigure.h2.H2ConsoleAutoConfiguration matched due to found 'session' scope
10:22:18.275 [Test worker] TRACE org.springframework.beans.factory.support.DefaultListableBeanFactory - Returning cached instance of singleton bean 'autoConfigurationReport'
10:22:18.275 [Test worker] TRACE org.springframework.boot.autoconfigure.condition.OnPropertyCondition - Condition OnPropertyCondition on org.springframework.boot.autoconfigure.h2.H2ConsoleAutoConfiguration matched due to @ConditionalOnProperty (spring.h2.console.enabled=true) matched
10:22:18.276 [Test worker] TRACE org.springframework.beans.factory.support.DefaultListableBeanFactory - Returning cached instance of singleton bean 'autoConfigurationReport'
10:22:18.276 [Test worker] TRACE org.springframework.beans.factory.support.DefaultListableBeanFactory - Returning cached instance of singleton bean 'autoConfigurationReport'
10:22:18.276 [Test worker] TRACE org.springframework.beans.factory.support.DefaultListableBeanFactory - Returning cached instance of singleton bean 'autoConfigurationReport'
10:22:18.276 [Test worker] TRACE org.springframework.beans.factory.support.DefaultListableBeanFactory - Returning cached instance of singleton bean 'autoConfigurationReport'
10:22:18.276 [Test worker] TRACE org.springframework.beans.factory.support.DefaultListableBeanFactory - Returning cached instance of singleton bean 'autoConfigurationReport'
10:22:18.276 [Test worker] TRACE org.springframework.beans.factory.support.DefaultListableBeanFactory - Returning cached instance of singleton bean 'autoConfigurationReport'
10:22:18.276 [Test worker] TRACE org.springframework.beans.factory.support.DefaultListableBeanFactory - Returning cached instance of singleton bean 'autoConfigurationReport'
10:22:18.276 [Test worker] TRACE org.springframework.beans.factory.support.DefaultListableBeanFactory - Returning cached instance of singleton bean 'autoConfigurationReport'
10:22:18.276 [Test worker] TRACE org.springframework.beans.factory.support.DefaultListableBeanFactory - Returning cached instance of singleton bean 'autoConfigurationReport'
10:22:18.276 [Test worker] TRACE org.springframework.beans.factory.support.DefaultListableBeanFactory - Returning cached instance of singleton bean 'autoConfigurationReport'
10:22:18.277 [Test worker] TRACE org.springframework.beans.factory.support.DefaultListableBeanFactory - Returning cached instance of singleton bean 'autoConfigurationReport'
10:22:18.277 [Test worker] TRACE org.springframework.beans.factory.support.DefaultListableBeanFactory - Returning cached instance of singleton bean 'autoConfigurationReport'
10:22:18.277 [Test worker] TRACE org.springframework.beans.factory.support.DefaultListableBeanFactory - Returning cached instance of singleton bean 'autoConfigurationReport'
10:22:18.277 [Test worker] TRACE org.springframework.beans.factory.support.DefaultListableBeanFactory - Returning cached instance of singleton bean 'autoConfigurationReport'
10:22:18.277 [Test worker] TRACE org.springframework.beans.factory.support.DefaultListableBeanFactory - Returning cached instance of singleton bean 'autoConfigurationReport'
10:22:18.277 [Test worker] TRACE org.springframework.beans.factory.support.DefaultListableBeanFactory - Returning cached instance of singleton bean 'autoConfigurationReport'
10:22:18.277 [Test worker] TRACE org.springframework.beans.factory.support.DefaultListableBeanFactory - Returning cached instance of singleton bean 'autoConfigurationReport'
10:22:18.277 [Test worker] TRACE org.springframework.beans.factory.support.DefaultListableBeanFactory - Returning cached instance of singleton bean 'autoConfigurationReport'
10:22:18.277 [Test worker] TRACE org.springframework.beans.factory.support.DefaultListableBeanFactory - Returning cached instance of singleton bean 'autoConfigurationReport'
10:22:18.278 [Test worker] TRACE org.springframework.boot.autoconfigure.condition.OnClassCondition - Condition OnClassCondition on org.springframework.boot.autoconfigure.jdbc.JdbcTemplateAutoConfiguration matched due to @ConditionalOnClass found required classes 'javax.sql.DataSource', 'org.springframework.jdbc.core.JdbcTemplate'
10:22:18.278 [Test worker] TRACE org.springframework.beans.factory.support.DefaultListableBeanFactory - Returning cached instance of singleton bean 'autoConfigurationReport'
10:22:18.278 [Test worker] TRACE org.springframework.beans.factory.support.DefaultListableBeanFactory - Returning cached instance of singleton bean 'autoConfigurationReport'
10:22:18.278 [Test worker] TRACE org.springframework.beans.factory.support.DefaultListableBeanFactory - Returning cached instance of singleton bean 'autoConfigurationReport'
10:22:18.278 [Test worker] TRACE org.springframework.beans.factory.support.DefaultListableBeanFactory - Returning cached instance of singleton bean 'autoConfigurationReport'
10:22:18.279 [Test worker] TRACE org.springframework.beans.factory.support.DefaultListableBeanFactory - Returning cached instance of singleton bean 'autoConfigurationReport'
10:22:18.279 [Test worker] TRACE org.springframework.beans.factory.support.DefaultListableBeanFactory - Returning cached instance of singleton bean 'autoConfigurationReport'
10:22:18.279 [Test worker] TRACE org.springframework.beans.factory.support.DefaultListableBeanFactory - Returning cached instance of singleton bean 'autoConfigurationReport'
10:22:18.279 [Test worker] TRACE org.springframework.beans.factory.support.DefaultListableBeanFactory - Returning cached instance of singleton bean 'autoConfigurationReport'
10:22:18.280 [Test worker] TRACE org.springframework.beans.factory.support.DefaultListableBeanFactory - Returning cached instance of singleton bean 'autoConfigurationReport'
10:22:18.280 [Test worker] TRACE org.springframework.beans.factory.support.DefaultListableBeanFactory - Returning cached instance of singleton bean 'autoConfigurationReport'
10:22:18.280 [Test worker] TRACE org.springframework.beans.factory.support.DefaultListableBeanFactory - Returning cached instance of singleton bean 'autoConfigurationReport'
10:22:18.280 [Test worker] TRACE org.springframework.beans.factory.support.DefaultListableBeanFactory - Returning cached instance of singleton bean 'autoConfigurationReport'
10:22:18.280 [Test worker] TRACE org.springframework.beans.factory.support.DefaultListableBeanFactory - Returning cached instance of singleton bean 'autoConfigurationReport'
10:22:18.280 [Test worker] TRACE org.springframework.beans.factory.support.DefaultListableBeanFactory - Returning cached instance of singleton bean 'autoConfigurationReport'
10:22:18.280 [Test worker] TRACE org.springframework.beans.factory.support.DefaultListableBeanFactory - Returning cached instance of singleton bean 'autoConfigurationReport'
10:22:18.280 [Test worker] TRACE org.springframework.beans.factory.support.DefaultListableBeanFactory - Returning cached instance of singleton bean 'autoConfigurationReport'
10:22:18.282 [Test worker] TRACE org.springframework.boot.autoconfigure.condition.OnClassCondition - Condition OnClassCondition on org.springframework.boot.autoconfigure.security.reactive.ReactiveUserDetailsServiceAutoConfiguration matched due to @ConditionalOnClass found required class 'org.springframework.security.authentication.ReactiveAuthenticationManager'
10:22:18.282 [Test worker] TRACE org.springframework.beans.factory.support.DefaultListableBeanFactory - Returning cached instance of singleton bean 'autoConfigurationReport'
10:22:18.282 [Test worker] TRACE org.springframework.beans.factory.support.DefaultListableBeanFactory - Returning cached instance of singleton bean 'autoConfigurationReport'
10:22:18.282 [Test worker] TRACE org.springframework.beans.factory.support.DefaultListableBeanFactory - Returning cached instance of singleton bean 'autoConfigurationReport'
10:22:18.282 [Test worker] TRACE org.springframework.beans.factory.support.DefaultListableBeanFactory - Returning cached instance of singleton bean 'autoConfigurationReport'
10:22:18.283 [Test worker] TRACE org.springframework.beans.factory.support.DefaultListableBeanFactory - Returning cached instance of singleton bean 'autoConfigurationReport'
10:22:18.283 [Test worker] TRACE org.springframework.beans.factory.support.DefaultListableBeanFactory - Returning cached instance of singleton bean 'autoConfigurationReport'
10:22:18.283 [Test worker] TRACE org.springframework.beans.factory.support.DefaultListableBeanFactory - Returning cached instance of singleton bean 'autoConfigurationReport'
10:22:18.283 [Test worker] TRACE org.springframework.beans.factory.support.DefaultListableBeanFactory - Returning cached instance of singleton bean 'autoConfigurationReport'
10:22:18.283 [Test worker] TRACE org.springframework.beans.factory.support.DefaultListableBeanFactory - Returning cached instance of singleton bean 'autoConfigurationReport'
10:22:18.287 [Test worker] TRACE org.springframework.beans.factory.support.DefaultListableBeanFactory - Returning cached instance of singleton bean 'autoConfigurationReport'
10:22:18.288 [Test worker] TRACE org.springframework.boot.autoconfigure.condition.OnClassCondition - Condition OnClassCondition on org.springframework.boot.autoconfigure.security.servlet.SecurityAutoConfiguration matched due to @ConditionalOnClass found required class 'org.springframework.security.authentication.DefaultAuthenticationEventPublisher'
10:22:18.289 [Test worker] TRACE org.springframework.beans.factory.support.DefaultListableBeanFactory - Returning cached instance of singleton bean 'autoConfigurationReport'
10:22:18.289 [Test worker] TRACE org.springframework.beans.factory.support.DefaultListableBeanFactory - Returning cached instance of singleton bean 'autoConfigurationReport'
10:22:18.289 [Test worker] TRACE org.springframework.beans.factory.support.DefaultListableBeanFactory - Returning cached instance of singleton bean 'autoConfigurationReport'
10:22:18.289 [Test worker] TRACE org.springframework.beans.factory.support.DefaultListableBeanFactory - Returning cached instance of singleton bean 'autoConfigurationReport'
10:22:18.290 [Test worker] TRACE org.springframework.boot.autoconfigure.condition.OnWebApplicationCondition - Condition OnWebApplicationCondition on org.springframework.boot.autoconfigure.security.servlet.SpringBootWebSecurityConfiguration matched due to found 'session' scope
10:22:18.290 [Test worker] TRACE org.springframework.beans.factory.support.DefaultListableBeanFactory - Returning cached instance of singleton bean 'autoConfigurationReport'
10:22:18.290 [Test worker] TRACE org.springframework.beans.factory.support.DefaultListableBeanFactory - Returning cached instance of singleton bean 'autoConfigurationReport'
10:22:18.290 [Test worker] TRACE org.springframework.beans.factory.support.DefaultListableBeanFactory - Returning cached instance of singleton bean 'autoConfigurationReport'
10:22:18.291 [Test worker] TRACE org.springframework.beans.factory.support.DefaultListableBeanFactory - Returning cached instance of singleton bean 'autoConfigurationReport'
10:22:18.295 [Test worker] TRACE org.springframework.boot.autoconfigure.condition.OnClassCondition - Condition OnClassCondition on org.springframework.boot.autoconfigure.security.servlet.SpringBootWebSecurityConfiguration$WebSecurityEnablerConfiguration matched due to @ConditionalOnClass found required class 'org.springframework.security.config.annotation.web.configuration.EnableWebSecurity'
10:22:18.295 [Test worker] TRACE org.springframework.beans.factory.support.DefaultListableBeanFactory - Returning cached instance of singleton bean 'autoConfigurationReport'
10:22:18.295 [Test worker] TRACE org.springframework.beans.factory.support.DefaultListableBeanFactory - Returning cached instance of singleton bean 'autoConfigurationReport'
10:22:18.295 [Test worker] TRACE org.springframework.beans.factory.support.DefaultListableBeanFactory - Returning cached instance of singleton bean 'autoConfigurationReport'
10:22:18.295 [Test worker] TRACE org.springframework.beans.factory.support.DefaultListableBeanFactory - Returning cached instance of singleton bean 'autoConfigurationReport'
10:22:18.298 [Test worker] TRACE org.springframework.beans.factory.support.DefaultListableBeanFactory - Returning cached instance of singleton bean 'autoConfigurationReport'
10:22:18.298 [Test worker] TRACE org.springframework.beans.factory.support.DefaultListableBeanFactory - Returning cached instance of singleton bean 'autoConfigurationReport'
10:22:18.298 [Test worker] TRACE org.springframework.beans.factory.support.DefaultListableBeanFactory - Returning cached instance of singleton bean 'autoConfigurationReport'
10:22:18.300 [Test worker] TRACE org.springframework.beans.factory.support.DefaultListableBeanFactory - Returning cached instance of singleton bean 'autoConfigurationReport'
10:22:18.300 [Test worker] TRACE org.springframework.beans.factory.support.DefaultListableBeanFactory - Returning cached instance of singleton bean 'autoConfigurationReport'
10:22:18.300 [Test worker] TRACE org.springframework.beans.factory.support.DefaultListableBeanFactory - Returning cached instance of singleton bean 'autoConfigurationReport'
10:22:18.302 [Test worker] TRACE org.springframework.beans.factory.support.DefaultListableBeanFactory - Returning cached instance of singleton bean 'autoConfigurationReport'
10:22:18.302 [Test worker] TRACE org.springframework.beans.factory.support.DefaultListableBeanFactory - Returning cached instance of singleton bean 'autoConfigurationReport'
10:22:18.302 [Test worker] TRACE org.springframework.beans.factory.support.DefaultListableBeanFactory - Returning cached instance of singleton bean 'autoConfigurationReport'
10:22:18.304 [Test worker] TRACE org.springframework.beans.factory.support.DefaultListableBeanFactory - Returning cached instance of singleton bean 'autoConfigurationReport'
10:22:18.304 [Test worker] TRACE org.springframework.beans.factory.support.DefaultListableBeanFactory - Returning cached instance of singleton bean 'autoConfigurationReport'
10:22:18.304 [Test worker] TRACE org.springframework.beans.factory.support.DefaultListableBeanFactory - Returning cached instance of singleton bean 'autoConfigurationReport'
10:22:18.305 [Test worker] TRACE org.springframework.beans.factory.support.DefaultListableBeanFactory - Returning cached instance of singleton bean 'autoConfigurationReport'
10:22:18.305 [Test worker] TRACE org.springframework.beans.factory.support.DefaultListableBeanFactory - Returning cached instance of singleton bean 'autoConfigurationReport'
10:22:18.305 [Test worker] TRACE org.springframework.beans.factory.support.DefaultListableBeanFactory - Returning cached instance of singleton bean 'autoConfigurationReport'
10:22:18.306 [Test worker] TRACE org.springframework.beans.factory.support.DefaultListableBeanFactory - Returning cached instance of singleton bean 'autoConfigurationReport'
10:22:18.306 [Test worker] TRACE org.springframework.beans.factory.support.DefaultListableBeanFactory - Returning cached instance of singleton bean 'autoConfigurationReport'
10:22:18.306 [Test worker] TRACE org.springframework.beans.factory.support.DefaultListableBeanFactory - Returning cached instance of singleton bean 'autoConfigurationReport'
10:22:18.307 [Test worker] TRACE org.springframework.beans.factory.support.DefaultListableBeanFactory - Returning cached instance of singleton bean 'autoConfigurationReport'
10:22:18.307 [Test worker] TRACE org.springframework.beans.factory.support.DefaultListableBeanFactory - Returning cached instance of singleton bean 'autoConfigurationReport'
10:22:18.307 [Test worker] TRACE org.springframework.beans.factory.support.DefaultListableBeanFactory - Returning cached instance of singleton bean 'autoConfigurationReport'
10:22:18.308 [Test worker] TRACE org.springframework.boot.autoconfigure.condition.OnClassCondition - Condition OnClassCondition on org.springframework.boot.autoconfigure.security.SecurityDataConfiguration did not match due to @ConditionalOnClass did not find required class 'org.springframework.security.data.repository.query.SecurityEvaluationContextExtension'
10:22:18.308 [Test worker] TRACE org.springframework.beans.factory.support.DefaultListableBeanFactory - Returning cached instance of singleton bean 'autoConfigurationReport'
10:22:18.308 [Test worker] TRACE org.springframework.beans.factory.support.DefaultListableBeanFactory - Returning cached instance of singleton bean 'autoConfigurationReport'
10:22:18.308 [Test worker] TRACE org.springframework.beans.factory.support.DefaultListableBeanFactory - Returning cached instance of singleton bean 'autoConfigurationReport'
10:22:18.308 [Test worker] TRACE org.springframework.beans.factory.support.DefaultListableBeanFactory - Returning cached instance of singleton bean 'autoConfigurationReport'
10:22:18.308 [Test worker] TRACE org.springframework.beans.factory.support.DefaultListableBeanFactory - Returning cached instance of singleton bean 'autoConfigurationReport'
10:22:18.308 [Test worker] TRACE org.springframework.beans.factory.support.DefaultListableBeanFactory - Returning cached instance of singleton bean 'autoConfigurationReport'
10:22:18.308 [Test worker] TRACE org.springframework.beans.factory.support.DefaultListableBeanFactory - Returning cached instance of singleton bean 'autoConfigurationReport'
10:22:18.309 [Test worker] TRACE org.springframework.boot.autoconfigure.condition.OnClassCondition - Condition OnClassCondition on org.springframework.boot.autoconfigure.security.servlet.SecurityFilterAutoConfiguration matched due to @ConditionalOnClass found required classes 'org.springframework.security.web.context.AbstractSecurityWebApplicationInitializer', 'org.springframework.security.config.http.SessionCreationPolicy'
10:22:18.309 [Test worker] TRACE org.springframework.beans.factory.support.DefaultListableBeanFactory - Returning cached instance of singleton bean 'autoConfigurationReport'
10:22:18.309 [Test worker] TRACE org.springframework.boot.autoconfigure.condition.OnWebApplicationCondition - Condition OnWebApplicationCondition on org.springframework.boot.autoconfigure.security.servlet.SecurityFilterAutoConfiguration matched due to found 'session' scope
10:22:18.309 [Test worker] TRACE org.springframework.beans.factory.support.DefaultListableBeanFactory - Returning cached instance of singleton bean 'autoConfigurationReport'
10:22:18.309 [Test worker] TRACE org.springframework.beans.factory.support.DefaultListableBeanFactory - Returning cached instance of singleton bean 'autoConfigurationReport'
10:22:18.309 [Test worker] TRACE org.springframework.beans.factory.support.DefaultListableBeanFactory - Returning cached instance of singleton bean 'autoConfigurationReport'
10:22:18.309 [Test worker] TRACE org.springframework.beans.factory.support.DefaultListableBeanFactory - Returning cached instance of singleton bean 'autoConfigurationReport'
10:22:18.309 [Test worker] TRACE org.springframework.beans.factory.support.DefaultListableBeanFactory - Returning cached instance of singleton bean 'autoConfigurationReport'
10:22:18.309 [Test worker] TRACE org.springframework.beans.factory.support.DefaultListableBeanFactory - Returning cached instance of singleton bean 'autoConfigurationReport'
10:22:18.309 [Test worker] TRACE org.springframework.beans.factory.support.DefaultListableBeanFactory - Returning cached instance of singleton bean 'autoConfigurationReport'
10:22:18.309 [Test worker] TRACE org.springframework.beans.factory.support.DefaultListableBeanFactory - Returning cached instance of singleton bean 'autoConfigurationReport'
10:22:18.309 [Test worker] TRACE org.springframework.beans.factory.support.DefaultListableBeanFactory - Returning cached instance of singleton bean 'autoConfigurationReport'
10:22:18.309 [Test worker] TRACE org.springframework.beans.factory.support.DefaultListableBeanFactory - Returning cached instance of singleton bean 'autoConfigurationReport'
10:22:18.313 [Test worker] TRACE org.springframework.boot.autoconfigure.condition.OnClassCondition - Condition OnClassCondition on org.springframework.boot.autoconfigure.security.servlet.UserDetailsServiceAutoConfiguration matched due to @ConditionalOnClass found required class 'org.springframework.security.authentication.AuthenticationManager'
10:22:18.314 [Test worker] TRACE org.springframework.beans.factory.support.DefaultListableBeanFactory - Returning cached instance of singleton bean 'autoConfigurationReport'
10:22:18.314 [Test worker] TRACE org.springframework.beans.factory.support.DefaultListableBeanFactory - Returning cached instance of singleton bean 'autoConfigurationReport'
10:22:18.314 [Test worker] TRACE org.springframework.beans.factory.support.DefaultListableBeanFactory - Returning cached instance of singleton bean 'autoConfigurationReport'
10:22:18.314 [Test worker] TRACE org.springframework.beans.factory.support.DefaultListableBeanFactory - Returning cached instance of singleton bean 'autoConfigurationReport'
10:22:18.314 [Test worker] TRACE org.springframework.beans.factory.support.DefaultListableBeanFactory - Returning cached instance of singleton bean 'autoConfigurationReport'
10:22:18.314 [Test worker] TRACE org.springframework.beans.factory.support.DefaultListableBeanFactory - Returning cached instance of singleton bean 'autoConfigurationReport'
10:22:18.314 [Test worker] TRACE org.springframework.beans.factory.support.DefaultListableBeanFactory - Returning cached instance of singleton bean 'autoConfigurationReport'
10:22:18.314 [Test worker] TRACE org.springframework.beans.factory.support.DefaultListableBeanFactory - Returning cached instance of singleton bean 'autoConfigurationReport'
10:22:18.314 [Test worker] TRACE org.springframework.beans.factory.support.DefaultListableBeanFactory - Returning cached instance of singleton bean 'autoConfigurationReport'
10:22:18.314 [Test worker] TRACE org.springframework.beans.factory.support.DefaultListableBeanFactory - Returning cached instance of singleton bean 'autoConfigurationReport'
10:22:18.315 [Test worker] TRACE org.springframework.boot.autoconfigure.condition.OnPropertyCondition - Condition OnPropertyCondition on org.springframework.boot.autoconfigure.sql.init.SqlInitializationAutoConfiguration matched due to @ConditionalOnProperty (spring.sql.init.enabled) matched
10:22:18.315 [Test worker] TRACE org.springframework.beans.factory.support.DefaultListableBeanFactory - Returning cached instance of singleton bean 'autoConfigurationReport'
10:22:18.316 [Test worker] TRACE org.springframework.boot.autoconfigure.sql.init.SqlInitializationAutoConfiguration$SqlInitializationModeCondition - Condition SqlInitializationAutoConfiguration.SqlInitializationModeCondition on org.springframework.boot.autoconfigure.sql.init.SqlInitializationAutoConfiguration matched due to NoneNestedConditions 0 matched 1 did not; NestedCondition on SqlInitializationAutoConfiguration.SqlInitializationModeCondition.ModeIsNever @ConditionalOnProperty (spring.sql.init.mode=never) did not find property 'mode'
10:22:18.316 [Test worker] TRACE org.springframework.beans.factory.support.DefaultListableBeanFactory - Returning cached instance of singleton bean 'autoConfigurationReport'
10:22:18.316 [Test worker] TRACE org.springframework.beans.factory.support.DefaultListableBeanFactory - Returning cached instance of singleton bean 'autoConfigurationReport'
10:22:18.316 [Test worker] TRACE org.springframework.beans.factory.support.DefaultListableBeanFactory - Returning cached instance of singleton bean 'autoConfigurationReport'
10:22:18.316 [Test worker] TRACE org.springframework.beans.factory.support.DefaultListableBeanFactory - Returning cached instance of singleton bean 'autoConfigurationReport'
10:22:18.318 [Test worker] TRACE org.springframework.boot.autoconfigure.condition.OnClassCondition - Condition OnClassCondition on org.springframework.boot.autoconfigure.sql.init.R2dbcInitializationConfiguration did not match due to @ConditionalOnClass did not find required classes 'io.r2dbc.spi.ConnectionFactory', 'org.springframework.r2dbc.connection.init.DatabasePopulator'
10:22:18.318 [Test worker] TRACE org.springframework.beans.factory.support.DefaultListableBeanFactory - Returning cached instance of singleton bean 'autoConfigurationReport'
10:22:18.318 [Test worker] TRACE org.springframework.boot.autoconfigure.condition.OnClassCondition - Condition OnClassCondition on org.springframework.boot.autoconfigure.sql.init.DataSourceInitializationConfiguration matched due to @ConditionalOnClass found required class 'org.springframework.jdbc.datasource.init.DatabasePopulator'
10:22:18.318 [Test worker] TRACE org.springframework.beans.factory.support.DefaultListableBeanFactory - Returning cached instance of singleton bean 'autoConfigurationReport'
10:22:18.318 [Test worker] TRACE org.springframework.beans.factory.support.DefaultListableBeanFactory - Returning cached instance of singleton bean 'autoConfigurationReport'
10:22:18.318 [Test worker] TRACE org.springframework.beans.factory.support.DefaultListableBeanFactory - Returning cached instance of singleton bean 'autoConfigurationReport'
10:22:18.318 [Test worker] TRACE org.springframework.beans.factory.support.DefaultListableBeanFactory - Returning cached instance of singleton bean 'autoConfigurationReport'
10:22:18.319 [Test worker] TRACE org.springframework.beans.factory.support.DefaultListableBeanFactory - Returning cached instance of singleton bean 'autoConfigurationReport'
10:22:18.319 [Test worker] TRACE org.springframework.beans.factory.support.DefaultListableBeanFactory - Returning cached instance of singleton bean 'autoConfigurationReport'
10:22:18.319 [Test worker] TRACE org.springframework.beans.factory.support.DefaultListableBeanFactory - Returning cached instance of singleton bean 'autoConfigurationReport'
10:22:18.319 [Test worker] TRACE org.springframework.beans.factory.support.DefaultListableBeanFactory - Returning cached instance of singleton bean 'autoConfigurationReport'
10:22:18.320 [Test worker] TRACE org.springframework.beans.factory.support.DefaultListableBeanFactory - Returning cached instance of singleton bean 'autoConfigurationReport'
10:22:18.320 [Test worker] TRACE org.springframework.beans.factory.support.DefaultListableBeanFactory - Returning cached instance of singleton bean 'autoConfigurationReport'
10:22:18.322 [Test worker] TRACE org.springframework.boot.autoconfigure.condition.OnClassCondition - Condition OnClassCondition on org.springframework.boot.autoconfigure.task.TaskSchedulingAutoConfiguration matched due to @ConditionalOnClass found required class 'org.springframework.scheduling.concurrent.ThreadPoolTaskScheduler'
10:22:18.322 [Test worker] TRACE org.springframework.beans.factory.support.DefaultListableBeanFactory - Returning cached instance of singleton bean 'autoConfigurationReport'
10:22:18.322 [Test worker] TRACE org.springframework.beans.factory.support.DefaultListableBeanFactory - Returning cached instance of singleton bean 'autoConfigurationReport'
10:22:18.322 [Test worker] TRACE org.springframework.beans.factory.support.DefaultListableBeanFactory - Returning cached instance of singleton bean 'autoConfigurationReport'
10:22:18.322 [Test worker] TRACE org.springframework.beans.factory.support.DefaultListableBeanFactory - Returning cached instance of singleton bean 'autoConfigurationReport'
10:22:18.323 [Test worker] TRACE org.springframework.beans.factory.support.DefaultListableBeanFactory - Returning cached instance of singleton bean 'autoConfigurationReport'
10:22:18.323 [Test worker] TRACE org.springframework.beans.factory.support.DefaultListableBeanFactory - Returning cached instance of singleton bean 'autoConfigurationReport'
10:22:18.323 [Test worker] TRACE org.springframework.beans.factory.support.DefaultListableBeanFactory - Returning cached instance of singleton bean 'autoConfigurationReport'
10:22:18.323 [Test worker] TRACE org.springframework.beans.factory.support.DefaultListableBeanFactory - Returning cached instance of singleton bean 'autoConfigurationReport'
10:22:18.323 [Test worker] TRACE org.springframework.beans.factory.support.DefaultListableBeanFactory - Returning cached instance of singleton bean 'autoConfigurationReport'
10:22:18.323 [Test worker] TRACE org.springframework.beans.factory.support.DefaultListableBeanFactory - Returning cached instance of singleton bean 'autoConfigurationReport'
10:22:18.324 [Test worker] TRACE org.springframework.boot.autoconfigure.condition.OnClassCondition - Condition OnClassCondition on org.springframework.boot.autoconfigure.jdbc.DataSourceTransactionManagerAutoConfiguration matched due to @ConditionalOnClass found required classes 'org.springframework.jdbc.core.JdbcTemplate', 'org.springframework.transaction.TransactionManager'
10:22:18.324 [Test worker] TRACE org.springframework.beans.factory.support.DefaultListableBeanFactory - Returning cached instance of singleton bean 'autoConfigurationReport'
10:22:18.324 [Test worker] TRACE org.springframework.beans.factory.support.DefaultListableBeanFactory - Returning cached instance of singleton bean 'autoConfigurationReport'
10:22:18.324 [Test worker] TRACE org.springframework.beans.factory.support.DefaultListableBeanFactory - Returning cached instance of singleton bean 'autoConfigurationReport'
10:22:18.324 [Test worker] TRACE org.springframework.beans.factory.support.DefaultListableBeanFactory - Returning cached instance of singleton bean 'autoConfigurationReport'
10:22:18.325 [Test worker] TRACE org.springframework.beans.factory.support.DefaultListableBeanFactory - Returning cached instance of singleton bean 'autoConfigurationReport'
10:22:18.326 [Test worker] TRACE org.springframework.beans.factory.support.DefaultListableBeanFactory - Returning cached instance of singleton bean 'autoConfigurationReport'
10:22:18.326 [Test worker] TRACE org.springframework.beans.factory.support.DefaultListableBeanFactory - Returning cached instance of singleton bean 'autoConfigurationReport'
10:22:18.326 [Test worker] TRACE org.springframework.beans.factory.support.DefaultListableBeanFactory - Returning cached instance of singleton bean 'autoConfigurationReport'
10:22:18.326 [Test worker] TRACE org.springframework.beans.factory.support.DefaultListableBeanFactory - Returning cached instance of singleton bean 'autoConfigurationReport'
10:22:18.327 [Test worker] TRACE org.springframework.beans.factory.support.DefaultListableBeanFactory - Returning cached instance of singleton bean 'autoConfigurationReport'
10:22:18.327 [Test worker] TRACE org.springframework.beans.factory.support.DefaultListableBeanFactory - Returning cached instance of singleton bean 'autoConfigurationReport'
10:22:18.327 [Test worker] TRACE org.springframework.beans.factory.support.DefaultListableBeanFactory - Returning cached instance of singleton bean 'autoConfigurationReport'
10:22:18.327 [Test worker] TRACE org.springframework.beans.factory.support.DefaultListableBeanFactory - Returning cached instance of singleton bean 'autoConfigurationReport'
10:22:18.328 [Test worker] TRACE org.springframework.boot.autoconfigure.condition.OnClassCondition - Condition OnClassCondition on org.springframework.boot.autoconfigure.transaction.TransactionAutoConfiguration matched due to @ConditionalOnClass found required class 'org.springframework.transaction.PlatformTransactionManager'
10:22:18.328 [Test worker] TRACE org.springframework.beans.factory.support.DefaultListableBeanFactory - Returning cached instance of singleton bean 'autoConfigurationReport'
10:22:18.328 [Test worker] TRACE org.springframework.beans.factory.support.DefaultListableBeanFactory - Returning cached instance of singleton bean 'autoConfigurationReport'
10:22:18.328 [Test worker] TRACE org.springframework.beans.factory.support.DefaultListableBeanFactory - Returning cached instance of singleton bean 'autoConfigurationReport'
10:22:18.328 [Test worker] TRACE org.springframework.beans.factory.support.DefaultListableBeanFactory - Returning cached instance of singleton bean 'autoConfigurationReport'
10:22:18.329 [Test worker] TRACE org.springframework.beans.factory.support.DefaultListableBeanFactory - Returning cached instance of singleton bean 'autoConfigurationReport'
10:22:18.330 [Test worker] TRACE org.springframework.beans.factory.support.DefaultListableBeanFactory - Returning cached instance of singleton bean 'autoConfigurationReport'
10:22:18.330 [Test worker] TRACE org.springframework.beans.factory.support.DefaultListableBeanFactory - Returning cached instance of singleton bean 'autoConfigurationReport'
10:22:18.331 [Test worker] TRACE org.springframework.beans.factory.support.DefaultListableBeanFactory - Returning cached instance of singleton bean 'autoConfigurationReport'
10:22:18.331 [Test worker] TRACE org.springframework.beans.factory.support.DefaultListableBeanFactory - Returning cached instance of singleton bean 'autoConfigurationReport'
10:22:18.331 [Test worker] TRACE org.springframework.beans.factory.support.DefaultListableBeanFactory - Returning cached instance of singleton bean 'autoConfigurationReport'
10:22:18.333 [Test worker] TRACE org.springframework.boot.autoconfigure.condition.OnPropertyCondition - Condition OnPropertyCondition on org.springframework.boot.autoconfigure.transaction.TransactionAutoConfiguration$EnableTransactionManagementConfiguration$CglibAutoProxyConfiguration matched due to @ConditionalOnProperty (spring.aop.proxy-target-class=true) matched
10:22:18.333 [Test worker] TRACE org.springframework.beans.factory.support.DefaultListableBeanFactory - Returning cached instance of singleton bean 'autoConfigurationReport'
10:22:18.333 [Test worker] TRACE org.springframework.beans.factory.support.DefaultListableBeanFactory - Returning cached instance of singleton bean 'autoConfigurationReport'
10:22:18.333 [Test worker] TRACE org.springframework.beans.factory.support.DefaultListableBeanFactory - Returning cached instance of singleton bean 'autoConfigurationReport'
10:22:18.333 [Test worker] TRACE org.springframework.beans.factory.support.DefaultListableBeanFactory - Returning cached instance of singleton bean 'autoConfigurationReport'
10:22:18.335 [Test worker] TRACE org.springframework.beans.factory.support.DefaultListableBeanFactory - Returning cached instance of singleton bean 'autoConfigurationReport'
10:22:18.335 [Test worker] TRACE org.springframework.beans.factory.support.DefaultListableBeanFactory - Returning cached instance of singleton bean 'autoConfigurationReport'
10:22:18.335 [Test worker] TRACE org.springframework.beans.factory.support.DefaultListableBeanFactory - Returning cached instance of singleton bean 'autoConfigurationReport'
10:22:18.336 [Test worker] TRACE org.springframework.beans.factory.support.DefaultListableBeanFactory - Returning cached instance of singleton bean 'autoConfigurationReport'
10:22:18.336 [Test worker] TRACE org.springframework.beans.factory.support.DefaultListableBeanFactory - Returning cached instance of singleton bean 'autoConfigurationReport'
10:22:18.336 [Test worker] TRACE org.springframework.beans.factory.support.DefaultListableBeanFactory - Returning cached instance of singleton bean 'autoConfigurationReport'
10:22:18.338 [Test worker] TRACE org.springframework.beans.factory.support.DefaultListableBeanFactory - Returning cached instance of singleton bean 'autoConfigurationReport'
10:22:18.338 [Test worker] TRACE org.springframework.beans.factory.support.DefaultListableBeanFactory - Returning cached instance of singleton bean 'autoConfigurationReport'
10:22:18.338 [Test worker] TRACE org.springframework.beans.factory.support.DefaultListableBeanFactory - Returning cached instance of singleton bean 'autoConfigurationReport'
10:22:18.338 [Test worker] TRACE org.springframework.boot.autoconfigure.condition.OnPropertyCondition - Condition OnPropertyCondition on org.springframework.boot.autoconfigure.transaction.TransactionAutoConfiguration$EnableTransactionManagementConfiguration$JdkDynamicAutoProxyConfiguration did not match due to @ConditionalOnProperty (spring.aop.proxy-target-class=false) did not find property 'proxy-target-class'
10:22:18.338 [Test worker] TRACE org.springframework.beans.factory.support.DefaultListableBeanFactory - Returning cached instance of singleton bean 'autoConfigurationReport'
10:22:18.339 [Test worker] TRACE org.springframework.beans.factory.support.DefaultListableBeanFactory - Returning cached instance of singleton bean 'autoConfigurationReport'
10:22:18.339 [Test worker] TRACE org.springframework.beans.factory.support.DefaultListableBeanFactory - Returning cached instance of singleton bean 'autoConfigurationReport'
10:22:18.339 [Test worker] TRACE org.springframework.beans.factory.support.DefaultListableBeanFactory - Returning cached instance of singleton bean 'autoConfigurationReport'
10:22:18.339 [Test worker] TRACE org.springframework.beans.factory.support.DefaultListableBeanFactory - Returning cached instance of singleton bean 'autoConfigurationReport'
10:22:18.339 [Test worker] TRACE org.springframework.beans.factory.support.DefaultListableBeanFactory - Returning cached instance of singleton bean 'autoConfigurationReport'
10:22:18.339 [Test worker] TRACE org.springframework.beans.factory.support.DefaultListableBeanFactory - Returning cached instance of singleton bean 'autoConfigurationReport'
10:22:18.339 [Test worker] TRACE org.springframework.beans.factory.support.DefaultListableBeanFactory - Returning cached instance of singleton bean 'autoConfigurationReport'
10:22:18.339 [Test worker] TRACE org.springframework.beans.factory.support.DefaultListableBeanFactory - Returning cached instance of singleton bean 'autoConfigurationReport'
10:22:18.339 [Test worker] TRACE org.springframework.beans.factory.support.DefaultListableBeanFactory - Returning cached instance of singleton bean 'autoConfigurationReport'
10:22:18.341 [Test worker] TRACE org.springframework.boot.autoconfigure.condition.OnClassCondition - Condition OnClassCondition on org.springframework.boot.autoconfigure.web.client.RestTemplateAutoConfiguration matched due to @ConditionalOnClass found required class 'org.springframework.web.client.RestTemplate'
10:22:18.341 [Test worker] TRACE org.springframework.beans.factory.support.DefaultListableBeanFactory - Returning cached instance of singleton bean 'autoConfigurationReport'
10:22:18.341 [Test worker] TRACE org.springframework.boot.autoconfigure.web.client.RestTemplateAutoConfiguration$NotReactiveWebApplicationCondition - Condition RestTemplateAutoConfiguration.NotReactiveWebApplicationCondition on org.springframework.boot.autoconfigure.web.client.RestTemplateAutoConfiguration matched due to NoneNestedConditions 0 matched 1 did not; NestedCondition on RestTemplateAutoConfiguration.NotReactiveWebApplicationCondition.ReactiveWebApplication did not find reactive web application classes
10:22:18.341 [Test worker] TRACE org.springframework.beans.factory.support.DefaultListableBeanFactory - Returning cached instance of singleton bean 'autoConfigurationReport'
10:22:18.342 [Test worker] TRACE org.springframework.beans.factory.support.DefaultListableBeanFactory - Returning cached instance of singleton bean 'autoConfigurationReport'
10:22:18.342 [Test worker] TRACE org.springframework.beans.factory.support.DefaultListableBeanFactory - Returning cached instance of singleton bean 'autoConfigurationReport'
10:22:18.342 [Test worker] TRACE org.springframework.beans.factory.support.DefaultListableBeanFactory - Returning cached instance of singleton bean 'autoConfigurationReport'
10:22:18.342 [Test worker] TRACE org.springframework.beans.factory.support.DefaultListableBeanFactory - Returning cached instance of singleton bean 'autoConfigurationReport'
10:22:18.342 [Test worker] TRACE org.springframework.beans.factory.support.DefaultListableBeanFactory - Returning cached instance of singleton bean 'autoConfigurationReport'
10:22:18.342 [Test worker] TRACE org.springframework.beans.factory.support.DefaultListableBeanFactory - Returning cached instance of singleton bean 'autoConfigurationReport'
10:22:18.342 [Test worker] TRACE org.springframework.beans.factory.support.DefaultListableBeanFactory - Returning cached instance of singleton bean 'autoConfigurationReport'
10:22:18.342 [Test worker] TRACE org.springframework.beans.factory.support.DefaultListableBeanFactory - Returning cached instance of singleton bean 'autoConfigurationReport'
10:22:18.342 [Test worker] TRACE org.springframework.beans.factory.support.DefaultListableBeanFactory - Returning cached instance of singleton bean 'autoConfigurationReport'
10:22:18.342 [Test worker] TRACE org.springframework.boot.autoconfigure.condition.OnWebApplicationCondition - Condition OnWebApplicationCondition on org.springframework.boot.autoconfigure.web.embedded.EmbeddedWebServerFactoryCustomizerAutoConfiguration matched due to @ConditionalOnWebApplication (required) found 'session' scope
10:22:18.342 [Test worker] TRACE org.springframework.beans.factory.support.DefaultListableBeanFactory - Returning cached instance of singleton bean 'autoConfigurationReport'
10:22:18.343 [Test worker] TRACE org.springframework.boot.autoconfigure.condition.OnWarDeploymentCondition - Condition OnWarDeploymentCondition on org.springframework.boot.autoconfigure.web.embedded.EmbeddedWebServerFactoryCustomizerAutoConfiguration did not match due to Application is deployed as a WAR file.
10:22:18.343 [Test worker] TRACE org.springframework.beans.factory.support.DefaultListableBeanFactory - Returning cached instance of singleton bean 'autoConfigurationReport'
10:22:18.343 [Test worker] TRACE org.springframework.beans.factory.support.DefaultListableBeanFactory - Returning cached instance of singleton bean 'autoConfigurationReport'
10:22:18.343 [Test worker] TRACE org.springframework.beans.factory.support.DefaultListableBeanFactory - Returning cached instance of singleton bean 'autoConfigurationReport'
10:22:18.343 [Test worker] TRACE org.springframework.beans.factory.support.DefaultListableBeanFactory - Returning cached instance of singleton bean 'autoConfigurationReport'
10:22:18.343 [Test worker] TRACE org.springframework.beans.factory.support.DefaultListableBeanFactory - Returning cached instance of singleton bean 'autoConfigurationReport'
10:22:18.343 [Test worker] TRACE org.springframework.beans.factory.support.DefaultListableBeanFactory - Returning cached instance of singleton bean 'autoConfigurationReport'
10:22:18.343 [Test worker] TRACE org.springframework.beans.factory.support.DefaultListableBeanFactory - Returning cached instance of singleton bean 'autoConfigurationReport'
10:22:18.345 [Test worker] TRACE org.springframework.boot.autoconfigure.condition.OnClassCondition - Condition OnClassCondition on org.springframework.boot.autoconfigure.web.servlet.HttpEncodingAutoConfiguration matched due to @ConditionalOnClass found required class 'org.springframework.web.filter.CharacterEncodingFilter'
10:22:18.346 [Test worker] TRACE org.springframework.beans.factory.support.DefaultListableBeanFactory - Returning cached instance of singleton bean 'autoConfigurationReport'
10:22:18.346 [Test worker] TRACE org.springframework.boot.autoconfigure.condition.OnWebApplicationCondition - Condition OnWebApplicationCondition on org.springframework.boot.autoconfigure.web.servlet.HttpEncodingAutoConfiguration matched due to found 'session' scope
10:22:18.346 [Test worker] TRACE org.springframework.beans.factory.support.DefaultListableBeanFactory - Returning cached instance of singleton bean 'autoConfigurationReport'
10:22:18.346 [Test worker] TRACE org.springframework.boot.autoconfigure.condition.OnPropertyCondition - Condition OnPropertyCondition on org.springframework.boot.autoconfigure.web.servlet.HttpEncodingAutoConfiguration matched due to @ConditionalOnProperty (server.servlet.encoding.enabled) matched
10:22:18.346 [Test worker] TRACE org.springframework.beans.factory.support.DefaultListableBeanFactory - Returning cached instance of singleton bean 'autoConfigurationReport'
10:22:18.346 [Test worker] TRACE org.springframework.beans.factory.support.DefaultListableBeanFactory - Returning cached instance of singleton bean 'autoConfigurationReport'
10:22:18.346 [Test worker] TRACE org.springframework.beans.factory.support.DefaultListableBeanFactory - Returning cached instance of singleton bean 'autoConfigurationReport'
10:22:18.346 [Test worker] TRACE org.springframework.beans.factory.support.DefaultListableBeanFactory - Returning cached instance of singleton bean 'autoConfigurationReport'
10:22:18.354 [Test worker] TRACE org.springframework.beans.factory.support.DefaultListableBeanFactory - Returning cached instance of singleton bean 'autoConfigurationReport'
10:22:18.355 [Test worker] TRACE org.springframework.beans.factory.support.DefaultListableBeanFactory - Returning cached instance of singleton bean 'autoConfigurationReport'
10:22:18.355 [Test worker] TRACE org.springframework.beans.factory.support.DefaultListableBeanFactory - Returning cached instance of singleton bean 'autoConfigurationReport'
10:22:18.355 [Test worker] TRACE org.springframework.beans.factory.support.DefaultListableBeanFactory - Returning cached instance of singleton bean 'autoConfigurationReport'
10:22:18.355 [Test worker] TRACE org.springframework.beans.factory.support.DefaultListableBeanFactory - Returning cached instance of singleton bean 'autoConfigurationReport'
10:22:18.355 [Test worker] TRACE org.springframework.beans.factory.support.DefaultListableBeanFactory - Returning cached instance of singleton bean 'autoConfigurationReport'
10:22:18.356 [Test worker] TRACE org.springframework.boot.autoconfigure.condition.OnClassCondition - Condition OnClassCondition on org.springframework.boot.autoconfigure.web.servlet.MultipartAutoConfiguration matched due to @ConditionalOnClass found required classes 'jakarta.servlet.Servlet', 'org.springframework.web.multipart.support.StandardServletMultipartResolver', 'jakarta.servlet.MultipartConfigElement'
10:22:18.360 [Test worker] TRACE org.springframework.beans.factory.support.DefaultListableBeanFactory - Returning cached instance of singleton bean 'autoConfigurationReport'
10:22:18.361 [Test worker] TRACE org.springframework.boot.autoconfigure.condition.OnWebApplicationCondition - Condition OnWebApplicationCondition on org.springframework.boot.autoconfigure.web.servlet.MultipartAutoConfiguration matched due to found 'session' scope
10:22:18.361 [Test worker] TRACE org.springframework.beans.factory.support.DefaultListableBeanFactory - Returning cached instance of singleton bean 'autoConfigurationReport'
10:22:18.361 [Test worker] TRACE org.springframework.boot.autoconfigure.condition.OnPropertyCondition - Condition OnPropertyCondition on org.springframework.boot.autoconfigure.web.servlet.MultipartAutoConfiguration matched due to @ConditionalOnProperty (spring.servlet.multipart.enabled) matched
10:22:18.361 [Test worker] TRACE org.springframework.beans.factory.support.DefaultListableBeanFactory - Returning cached instance of singleton bean 'autoConfigurationReport'
10:22:18.361 [Test worker] TRACE org.springframework.beans.factory.support.DefaultListableBeanFactory - Returning cached instance of singleton bean 'autoConfigurationReport'
10:22:18.361 [Test worker] TRACE org.springframework.beans.factory.support.DefaultListableBeanFactory - Returning cached instance of singleton bean 'autoConfigurationReport'
10:22:18.361 [Test worker] TRACE org.springframework.beans.factory.support.DefaultListableBeanFactory - Returning cached instance of singleton bean 'autoConfigurationReport'
10:22:18.371 [Test worker] TRACE org.springframework.context.annotation.ConfigurationClassBeanDefinitionReader - Registering bean definition for @Bean method com.laundry.laundryMgmt.LaundryMgmtApplicationConfig.washingTimeCommandLine()
10:22:18.372 [Test worker] TRACE org.springframework.context.annotation.ConfigurationClassBeanDefinitionReader - Registering bean definition for @Bean method com.laundry.laundryMgmt.config.SpringSecurityConfig.userDetailsService()
10:22:18.373 [Test worker] TRACE org.springframework.context.annotation.ConfigurationClassBeanDefinitionReader - Registering bean definition for @Bean method com.laundry.laundryMgmt.config.SpringSecurityConfig.defaultSecurityFilterChain()
10:22:18.376 [Test worker] TRACE org.springframework.context.annotation.ConfigurationClassBeanDefinitionReader - Registered bean definition for imported class 'org.springframework.boot.autoconfigure.context.PropertyPlaceholderAutoConfiguration'
10:22:18.393 [Test worker] TRACE org.springframework.boot.autoconfigure.condition.OnBeanCondition - Condition OnBeanCondition on org.springframework.boot.autoconfigure.context.PropertyPlaceholderAutoConfiguration#propertySourcesPlaceholderConfigurer matched due to @ConditionalOnMissingBean (types: org.springframework.context.support.PropertySourcesPlaceholderConfigurer; SearchStrategy: current) did not find any beans
10:22:18.394 [Test worker] TRACE org.springframework.beans.factory.support.DefaultListableBeanFactory - Returning cached instance of singleton bean 'autoConfigurationReport'
10:22:18.394 [Test worker] TRACE org.springframework.context.annotation.ConfigurationClassBeanDefinitionReader - Registering bean definition for @Bean method org.springframework.boot.autoconfigure.context.PropertyPlaceholderAutoConfiguration.propertySourcesPlaceholderConfigurer()
10:22:18.395 [Test worker] TRACE org.springframework.context.annotation.ConfigurationClassBeanDefinitionReader - Registered bean definition for imported class 'org.springframework.boot.autoconfigure.ssl.SslAutoConfiguration'
10:22:18.395 [Test worker] TRACE org.springframework.context.annotation.ConfigurationClassBeanDefinitionReader - Registering bean definition for @Bean method org.springframework.boot.autoconfigure.ssl.SslAutoConfiguration.sslPropertiesSslBundleRegistrar()
10:22:18.399 [Test worker] TRACE org.springframework.boot.autoconfigure.condition.OnBeanCondition - Condition OnBeanCondition on org.springframework.boot.autoconfigure.ssl.SslAutoConfiguration#sslBundleRegistry matched due to @ConditionalOnMissingBean (types: org.springframework.boot.ssl.SslBundleRegistry,org.springframework.boot.ssl.SslBundles; SearchStrategy: all) did not find any beans
10:22:18.399 [Test worker] TRACE org.springframework.beans.factory.support.DefaultListableBeanFactory - Returning cached instance of singleton bean 'autoConfigurationReport'
10:22:18.399 [Test worker] TRACE org.springframework.context.annotation.ConfigurationClassBeanDefinitionReader - Registering bean definition for @Bean method org.springframework.boot.autoconfigure.ssl.SslAutoConfiguration.sslBundleRegistry()
10:22:18.407 [Test worker] TRACE org.springframework.boot.autoconfigure.condition.OnClassCondition - Condition OnClassCondition on org.springframework.boot.autoconfigure.websocket.servlet.WebSocketServletAutoConfiguration matched due to @ConditionalOnClass found required classes 'jakarta.servlet.Servlet', 'jakarta.websocket.server.ServerContainer'
10:22:18.407 [Test worker] TRACE org.springframework.beans.factory.support.DefaultListableBeanFactory - Returning cached instance of singleton bean 'autoConfigurationReport'
10:22:18.408 [Test worker] TRACE org.springframework.boot.autoconfigure.condition.OnWebApplicationCondition - Condition OnWebApplicationCondition on org.springframework.boot.autoconfigure.websocket.servlet.WebSocketServletAutoConfiguration matched due to found 'session' scope
10:22:18.408 [Test worker] TRACE org.springframework.beans.factory.support.DefaultListableBeanFactory - Returning cached instance of singleton bean 'autoConfigurationReport'
10:22:18.408 [Test worker] TRACE org.springframework.boot.autoconfigure.condition.OnClassCondition - Condition OnClassCondition on org.springframework.boot.autoconfigure.websocket.servlet.WebSocketServletAutoConfiguration$TomcatWebSocketConfiguration matched due to @ConditionalOnClass found required classes 'org.apache.catalina.startup.Tomcat', 'org.apache.tomcat.websocket.server.WsSci'
10:22:18.408 [Test worker] TRACE org.springframework.beans.factory.support.DefaultListableBeanFactory - Returning cached instance of singleton bean 'autoConfigurationReport'
10:22:18.408 [Test worker] TRACE org.springframework.context.annotation.ConfigurationClassBeanDefinitionReader - Registered bean definition for imported class 'org.springframework.boot.autoconfigure.websocket.servlet.WebSocketServletAutoConfiguration$TomcatWebSocketConfiguration'
10:22:18.408 [Test worker] TRACE org.springframework.boot.autoconfigure.condition.OnBeanCondition - Condition OnBeanCondition on org.springframework.boot.autoconfigure.websocket.servlet.WebSocketServletAutoConfiguration$TomcatWebSocketConfiguration#websocketServletWebServerCustomizer matched due to @ConditionalOnMissingBean (names: websocketServletWebServerCustomizer; SearchStrategy: all) did not find any beans
10:22:18.408 [Test worker] TRACE org.springframework.beans.factory.support.DefaultListableBeanFactory - Returning cached instance of singleton bean 'autoConfigurationReport'
10:22:18.408 [Test worker] TRACE org.springframework.context.annotation.ConfigurationClassBeanDefinitionReader - Registering bean definition for @Bean method org.springframework.boot.autoconfigure.websocket.servlet.WebSocketServletAutoConfiguration$TomcatWebSocketConfiguration.websocketServletWebServerCustomizer()
10:22:18.409 [Test worker] TRACE org.springframework.context.annotation.ConfigurationClassBeanDefinitionReader - Registered bean definition for imported class 'org.springframework.boot.autoconfigure.websocket.servlet.WebSocketServletAutoConfiguration'
10:22:18.410 [Test worker] TRACE org.springframework.boot.autoconfigure.condition.OnClassCondition - Condition OnClassCondition on org.springframework.boot.autoconfigure.web.servlet.ServletWebServerFactoryAutoConfiguration matched due to @ConditionalOnClass found required class 'jakarta.servlet.ServletRequest'
10:22:18.410 [Test worker] TRACE org.springframework.beans.factory.support.DefaultListableBeanFactory - Returning cached instance of singleton bean 'autoConfigurationReport'
10:22:18.410 [Test worker] TRACE org.springframework.boot.autoconfigure.condition.OnWebApplicationCondition - Condition OnWebApplicationCondition on org.springframework.boot.autoconfigure.web.servlet.ServletWebServerFactoryAutoConfiguration matched due to found 'session' scope
10:22:18.410 [Test worker] TRACE org.springframework.beans.factory.support.DefaultListableBeanFactory - Returning cached instance of singleton bean 'autoConfigurationReport'
10:22:18.410 [Test worker] TRACE org.springframework.boot.autoconfigure.condition.OnClassCondition - Condition OnClassCondition on org.springframework.boot.autoconfigure.web.servlet.ServletWebServerFactoryConfiguration$EmbeddedTomcat matched due to @ConditionalOnClass found required classes 'jakarta.servlet.Servlet', 'org.apache.catalina.startup.Tomcat', 'org.apache.coyote.UpgradeProtocol'
10:22:18.410 [Test worker] TRACE org.springframework.beans.factory.support.DefaultListableBeanFactory - Returning cached instance of singleton bean 'autoConfigurationReport'
10:22:18.413 [Test worker] TRACE org.springframework.boot.autoconfigure.condition.OnBeanCondition - Condition OnBeanCondition on org.springframework.boot.autoconfigure.web.servlet.ServletWebServerFactoryConfiguration$EmbeddedTomcat matched due to @ConditionalOnMissingBean (types: org.springframework.boot.web.servlet.server.ServletWebServerFactory; SearchStrategy: current) did not find any beans
10:22:18.413 [Test worker] TRACE org.springframework.beans.factory.support.DefaultListableBeanFactory - Returning cached instance of singleton bean 'autoConfigurationReport'
10:22:18.413 [Test worker] TRACE org.springframework.context.annotation.ConfigurationClassBeanDefinitionReader - Registered bean definition for imported class 'org.springframework.boot.autoconfigure.web.servlet.ServletWebServerFactoryConfiguration$EmbeddedTomcat'
10:22:18.413 [Test worker] TRACE org.springframework.context.annotation.ConfigurationClassBeanDefinitionReader - Registering bean definition for @Bean method org.springframework.boot.autoconfigure.web.servlet.ServletWebServerFactoryConfiguration$EmbeddedTomcat.tomcatServletWebServerFactory()
10:22:18.415 [Test worker] TRACE org.springframework.context.annotation.ConfigurationClassBeanDefinitionReader - Registered bean definition for imported class 'org.springframework.boot.autoconfigure.web.servlet.ServletWebServerFactoryAutoConfiguration'
10:22:18.415 [Test worker] TRACE org.springframework.context.annotation.ConfigurationClassBeanDefinitionReader - Registering bean definition for @Bean method org.springframework.boot.autoconfigure.web.servlet.ServletWebServerFactoryAutoConfiguration.servletWebServerFactoryCustomizer()
10:22:18.416 [Test worker] TRACE org.springframework.boot.autoconfigure.condition.OnClassCondition - Condition OnClassCondition on org.springframework.boot.autoconfigure.web.servlet.ServletWebServerFactoryAutoConfiguration#tomcatServletWebServerFactoryCustomizer matched due to @ConditionalOnClass found required class 'org.apache.catalina.startup.Tomcat'
10:22:18.416 [Test worker] TRACE org.springframework.beans.factory.support.DefaultListableBeanFactory - Returning cached instance of singleton bean 'autoConfigurationReport'
10:22:18.416 [Test worker] TRACE org.springframework.context.annotation.ConfigurationClassBeanDefinitionReader - Registering bean definition for @Bean method org.springframework.boot.autoconfigure.web.servlet.ServletWebServerFactoryAutoConfiguration.tomcatServletWebServerFactoryCustomizer()
10:22:18.435 [Test worker] TRACE org.springframework.boot.autoconfigure.condition.OnClassCondition - Condition OnClassCondition on org.springframework.boot.autoconfigure.web.servlet.DispatcherServletAutoConfiguration matched due to @ConditionalOnClass found required class 'org.springframework.web.servlet.DispatcherServlet'
10:22:18.435 [Test worker] TRACE org.springframework.beans.factory.support.DefaultListableBeanFactory - Returning cached instance of singleton bean 'autoConfigurationReport'
10:22:18.435 [Test worker] TRACE org.springframework.boot.autoconfigure.condition.OnWebApplicationCondition - Condition OnWebApplicationCondition on org.springframework.boot.autoconfigure.web.servlet.DispatcherServletAutoConfiguration matched due to found 'session' scope
10:22:18.435 [Test worker] TRACE org.springframework.beans.factory.support.DefaultListableBeanFactory - Returning cached instance of singleton bean 'autoConfigurationReport'
10:22:18.435 [Test worker] TRACE org.springframework.boot.autoconfigure.condition.OnClassCondition - Condition OnClassCondition on org.springframework.boot.autoconfigure.web.servlet.DispatcherServletAutoConfiguration$DispatcherServletRegistrationConfiguration matched due to @ConditionalOnClass found required class 'jakarta.servlet.ServletRegistration'
10:22:18.435 [Test worker] TRACE org.springframework.beans.factory.support.DefaultListableBeanFactory - Returning cached instance of singleton bean 'autoConfigurationReport'
10:22:18.436 [Test worker] TRACE org.springframework.boot.autoconfigure.web.servlet.DispatcherServletAutoConfiguration$DispatcherServletRegistrationCondition - Condition DispatcherServletAutoConfiguration.DispatcherServletRegistrationCondition on org.springframework.boot.autoconfigure.web.servlet.DispatcherServletAutoConfiguration$DispatcherServletRegistrationConfiguration matched due to DispatcherServlet Registration did not find servlet registration bean
10:22:18.436 [Test worker] TRACE org.springframework.beans.factory.support.DefaultListableBeanFactory - Returning cached instance of singleton bean 'autoConfigurationReport'
10:22:18.437 [Test worker] TRACE org.springframework.boot.autoconfigure.condition.OnClassCondition - Condition OnClassCondition on org.springframework.boot.autoconfigure.web.servlet.DispatcherServletAutoConfiguration$DispatcherServletConfiguration matched due to @ConditionalOnClass found required class 'jakarta.servlet.ServletRegistration'
10:22:18.438 [Test worker] TRACE org.springframework.beans.factory.support.DefaultListableBeanFactory - Returning cached instance of singleton bean 'autoConfigurationReport'
10:22:18.438 [Test worker] TRACE org.springframework.boot.autoconfigure.web.servlet.DispatcherServletAutoConfiguration$DefaultDispatcherServletCondition - Condition DispatcherServletAutoConfiguration.DefaultDispatcherServletCondition on org.springframework.boot.autoconfigure.web.servlet.DispatcherServletAutoConfiguration$DispatcherServletConfiguration matched due to Default DispatcherServlet did not find dispatcher servlet beans
10:22:18.438 [Test worker] TRACE org.springframework.beans.factory.support.DefaultListableBeanFactory - Returning cached instance of singleton bean 'autoConfigurationReport'
10:22:18.439 [Test worker] TRACE org.springframework.context.annotation.ConfigurationClassBeanDefinitionReader - Registered bean definition for imported class 'org.springframework.boot.autoconfigure.web.servlet.DispatcherServletAutoConfiguration$DispatcherServletConfiguration'
10:22:18.439 [Test worker] TRACE org.springframework.context.annotation.ConfigurationClassBeanDefinitionReader - Registering bean definition for @Bean method org.springframework.boot.autoconfigure.web.servlet.DispatcherServletAutoConfiguration$DispatcherServletConfiguration.dispatcherServlet()
10:22:18.441 [Test worker] TRACE org.springframework.boot.autoconfigure.condition.OnBeanCondition - Condition OnBeanCondition on org.springframework.boot.autoconfigure.web.servlet.DispatcherServletAutoConfiguration$DispatcherServletConfiguration#multipartResolver did not match due to @ConditionalOnBean (types: org.springframework.web.multipart.MultipartResolver; SearchStrategy: all) did not find any beans of type org.springframework.web.multipart.MultipartResolver
10:22:18.441 [Test worker] TRACE org.springframework.beans.factory.support.DefaultListableBeanFactory - Returning cached instance of singleton bean 'autoConfigurationReport'
10:22:18.443 [Test worker] TRACE org.springframework.context.annotation.ConfigurationClassBeanDefinitionReader - Registered bean definition for imported class 'org.springframework.boot.autoconfigure.web.servlet.DispatcherServletAutoConfiguration$DispatcherServletRegistrationConfiguration'
10:22:18.444 [Test worker] TRACE org.springframework.boot.autoconfigure.condition.OnBeanCondition - Condition OnBeanCondition on org.springframework.boot.autoconfigure.web.servlet.DispatcherServletAutoConfiguration$DispatcherServletRegistrationConfiguration#dispatcherServletRegistration matched due to @ConditionalOnBean (names: dispatcherServlet types: org.springframework.web.servlet.DispatcherServlet; SearchStrategy: all) found bean 'dispatcherServlet'
10:22:18.444 [Test worker] TRACE org.springframework.beans.factory.support.DefaultListableBeanFactory - Returning cached instance of singleton bean 'autoConfigurationReport'
10:22:18.444 [Test worker] TRACE org.springframework.context.annotation.ConfigurationClassBeanDefinitionReader - Registering bean definition for @Bean method org.springframework.boot.autoconfigure.web.servlet.DispatcherServletAutoConfiguration$DispatcherServletRegistrationConfiguration.dispatcherServletRegistration()
10:22:18.445 [Test worker] TRACE org.springframework.context.annotation.ConfigurationClassBeanDefinitionReader - Registered bean definition for imported class 'org.springframework.boot.autoconfigure.web.servlet.DispatcherServletAutoConfiguration'
10:22:18.445 [Test worker] TRACE org.springframework.boot.autoconfigure.condition.OnClassCondition - Condition OnClassCondition on org.springframework.boot.autoconfigure.task.TaskExecutionAutoConfiguration matched due to @ConditionalOnClass found required class 'org.springframework.scheduling.concurrent.ThreadPoolTaskExecutor'
10:22:18.447 [Test worker] TRACE org.springframework.beans.factory.support.DefaultListableBeanFactory - Returning cached instance of singleton bean 'autoConfigurationReport'
10:22:18.447 [Test worker] TRACE org.springframework.context.annotation.ConfigurationClassBeanDefinitionReader - Registered bean definition for imported class 'org.springframework.boot.autoconfigure.task.TaskExecutionAutoConfiguration'
10:22:18.451 [Test worker] TRACE org.springframework.boot.autoconfigure.condition.OnBeanCondition - Condition OnBeanCondition on org.springframework.boot.autoconfigure.task.TaskExecutionAutoConfiguration#taskExecutorBuilder matched due to @ConditionalOnMissingBean (types: org.springframework.boot.task.TaskExecutorBuilder; SearchStrategy: all) did not find any beans
10:22:18.452 [Test worker] TRACE org.springframework.beans.factory.support.DefaultListableBeanFactory - Returning cached instance of singleton bean 'autoConfigurationReport'
10:22:18.452 [Test worker] TRACE org.springframework.context.annotation.ConfigurationClassBeanDefinitionReader - Registering bean definition for @Bean method org.springframework.boot.autoconfigure.task.TaskExecutionAutoConfiguration.taskExecutorBuilder()
10:22:18.459 [Test worker] TRACE org.springframework.boot.autoconfigure.condition.OnBeanCondition - Condition OnBeanCondition on org.springframework.boot.autoconfigure.task.TaskExecutionAutoConfiguration#applicationTaskExecutor matched due to @ConditionalOnMissingBean (types: java.util.concurrent.Executor; SearchStrategy: all) did not find any beans
10:22:18.459 [Test worker] TRACE org.springframework.beans.factory.support.DefaultListableBeanFactory - Returning cached instance of singleton bean 'autoConfigurationReport'
10:22:18.459 [Test worker] TRACE org.springframework.beans.factory.support.DefaultListableBeanFactory - Alias definition 'taskExecutor' registered for name 'applicationTaskExecutor'
10:22:18.460 [Test worker] TRACE org.springframework.context.annotation.ConfigurationClassBeanDefinitionReader - Registering bean definition for @Bean method org.springframework.boot.autoconfigure.task.TaskExecutionAutoConfiguration.applicationTaskExecutor()
10:22:18.461 [Test worker] TRACE org.springframework.boot.autoconfigure.condition.OnClassCondition - Condition OnClassCondition on org.springframework.boot.autoconfigure.web.servlet.error.ErrorMvcAutoConfiguration matched due to @ConditionalOnClass found required classes 'jakarta.servlet.Servlet', 'org.springframework.web.servlet.DispatcherServlet'
10:22:18.461 [Test worker] TRACE org.springframework.beans.factory.support.DefaultListableBeanFactory - Returning cached instance of singleton bean 'autoConfigurationReport'
10:22:18.461 [Test worker] TRACE org.springframework.boot.autoconfigure.condition.OnWebApplicationCondition - Condition OnWebApplicationCondition on org.springframework.boot.autoconfigure.web.servlet.error.ErrorMvcAutoConfiguration matched due to found 'session' scope
10:22:18.461 [Test worker] TRACE org.springframework.beans.factory.support.DefaultListableBeanFactory - Returning cached instance of singleton bean 'autoConfigurationReport'
10:22:18.461 [Test worker] TRACE org.springframework.boot.autoconfigure.condition.OnPropertyCondition - Condition OnPropertyCondition on org.springframework.boot.autoconfigure.web.servlet.error.ErrorMvcAutoConfiguration$WhitelabelErrorViewConfiguration matched due to @ConditionalOnProperty (server.error.whitelabel.enabled) matched
10:22:18.461 [Test worker] TRACE org.springframework.beans.factory.support.DefaultListableBeanFactory - Returning cached instance of singleton bean 'autoConfigurationReport'
10:22:18.461 [Test worker] TRACE org.springframework.core.io.support.SpringFactoriesLoader - Loaded [org.springframework.boot.autoconfigure.template.TemplateAvailabilityProvider] names: [org.springframework.boot.autoconfigure.freemarker.FreeMarkerTemplateAvailabilityProvider, org.springframework.boot.autoconfigure.mustache.MustacheTemplateAvailabilityProvider, org.springframework.boot.autoconfigure.groovy.template.GroovyTemplateAvailabilityProvider, org.springframework.boot.autoconfigure.thymeleaf.ThymeleafTemplateAvailabilityProvider, org.springframework.boot.autoconfigure.web.servlet.JspTemplateAvailabilityProvider]
10:22:18.464 [Test worker] TRACE org.springframework.boot.autoconfigure.web.servlet.error.ErrorMvcAutoConfiguration$ErrorTemplateMissingCondition - Condition ErrorMvcAutoConfiguration.ErrorTemplateMissingCondition on org.springframework.boot.autoconfigure.web.servlet.error.ErrorMvcAutoConfiguration$WhitelabelErrorViewConfiguration matched due to ErrorTemplate Missing did not find error template view
10:22:18.464 [Test worker] TRACE org.springframework.beans.factory.support.DefaultListableBeanFactory - Returning cached instance of singleton bean 'autoConfigurationReport'
10:22:18.464 [Test worker] TRACE org.springframework.context.annotation.ConfigurationClassBeanDefinitionReader - Registered bean definition for imported class 'org.springframework.boot.autoconfigure.web.servlet.error.ErrorMvcAutoConfiguration$WhitelabelErrorViewConfiguration'
10:22:18.464 [Test worker] TRACE org.springframework.boot.autoconfigure.condition.OnBeanCondition - Condition OnBeanCondition on org.springframework.boot.autoconfigure.web.servlet.error.ErrorMvcAutoConfiguration$WhitelabelErrorViewConfiguration#defaultErrorView matched due to @ConditionalOnMissingBean (names: error; SearchStrategy: all) did not find any beans
10:22:18.466 [Test worker] TRACE org.springframework.beans.factory.support.DefaultListableBeanFactory - Returning cached instance of singleton bean 'autoConfigurationReport'
10:22:18.467 [Test worker] TRACE org.springframework.context.annotation.ConfigurationClassBeanDefinitionReader - Registering bean definition for @Bean method org.springframework.boot.autoconfigure.web.servlet.error.ErrorMvcAutoConfiguration$WhitelabelErrorViewConfiguration.error()
10:22:18.472 [Test worker] TRACE org.springframework.boot.autoconfigure.condition.OnBeanCondition - Condition OnBeanCondition on org.springframework.boot.autoconfigure.web.servlet.error.ErrorMvcAutoConfiguration$WhitelabelErrorViewConfiguration#beanNameViewResolver matched due to @ConditionalOnMissingBean (types: org.springframework.web.servlet.view.BeanNameViewResolver; SearchStrategy: all) did not find any beans
10:22:18.472 [Test worker] TRACE org.springframework.beans.factory.support.DefaultListableBeanFactory - Returning cached instance of singleton bean 'autoConfigurationReport'
10:22:18.473 [Test worker] TRACE org.springframework.context.annotation.ConfigurationClassBeanDefinitionReader - Registering bean definition for @Bean method org.springframework.boot.autoconfigure.web.servlet.error.ErrorMvcAutoConfiguration$WhitelabelErrorViewConfiguration.beanNameViewResolver()
10:22:18.473 [Test worker] TRACE org.springframework.context.annotation.ConfigurationClassBeanDefinitionReader - Registered bean definition for imported class 'org.springframework.boot.autoconfigure.web.servlet.error.ErrorMvcAutoConfiguration$DefaultErrorViewResolverConfiguration'
10:22:18.476 [Test worker] TRACE org.springframework.boot.autoconfigure.condition.OnBeanCondition - Condition OnBeanCondition on org.springframework.boot.autoconfigure.web.servlet.error.ErrorMvcAutoConfiguration$DefaultErrorViewResolverConfiguration#conventionErrorViewResolver matched due to @ConditionalOnBean (types: org.springframework.web.servlet.DispatcherServlet; SearchStrategy: all) found bean 'dispatcherServlet'; @ConditionalOnMissingBean (types: org.springframework.boot.autoconfigure.web.servlet.error.ErrorViewResolver; SearchStrategy: all) did not find any beans
10:22:18.476 [Test worker] TRACE org.springframework.beans.factory.support.DefaultListableBeanFactory - Returning cached instance of singleton bean 'autoConfigurationReport'
10:22:18.477 [Test worker] TRACE org.springframework.boot.autoconfigure.condition.OnBeanCondition - Condition OnBeanCondition on org.springframework.boot.autoconfigure.web.servlet.error.ErrorMvcAutoConfiguration$DefaultErrorViewResolverConfiguration#conventionErrorViewResolver matched due to @ConditionalOnBean (types: org.springframework.web.servlet.DispatcherServlet; SearchStrategy: all) found bean 'dispatcherServlet'; @ConditionalOnMissingBean (types: org.springframework.boot.autoconfigure.web.servlet.error.ErrorViewResolver; SearchStrategy: all) did not find any beans
10:22:18.477 [Test worker] TRACE org.springframework.beans.factory.support.DefaultListableBeanFactory - Returning cached instance of singleton bean 'autoConfigurationReport'
10:22:18.477 [Test worker] TRACE org.springframework.context.annotation.ConfigurationClassBeanDefinitionReader - Registering bean definition for @Bean method org.springframework.boot.autoconfigure.web.servlet.error.ErrorMvcAutoConfiguration$DefaultErrorViewResolverConfiguration.conventionErrorViewResolver()
10:22:18.480 [Test worker] TRACE org.springframework.context.annotation.ConfigurationClassBeanDefinitionReader - Registered bean definition for imported class 'org.springframework.boot.autoconfigure.web.servlet.error.ErrorMvcAutoConfiguration'
10:22:18.483 [Test worker] TRACE org.springframework.boot.autoconfigure.condition.OnBeanCondition - Condition OnBeanCondition on org.springframework.boot.autoconfigure.web.servlet.error.ErrorMvcAutoConfiguration#errorAttributes matched due to @ConditionalOnMissingBean (types: org.springframework.boot.web.servlet.error.ErrorAttributes; SearchStrategy: current) did not find any beans
10:22:18.483 [Test worker] TRACE org.springframework.beans.factory.support.DefaultListableBeanFactory - Returning cached instance of singleton bean 'autoConfigurationReport'
10:22:18.483 [Test worker] TRACE org.springframework.context.annotation.ConfigurationClassBeanDefinitionReader - Registering bean definition for @Bean method org.springframework.boot.autoconfigure.web.servlet.error.ErrorMvcAutoConfiguration.errorAttributes()
10:22:18.488 [Test worker] TRACE org.springframework.boot.autoconfigure.condition.OnBeanCondition - Condition OnBeanCondition on org.springframework.boot.autoconfigure.web.servlet.error.ErrorMvcAutoConfiguration#basicErrorController matched due to @ConditionalOnMissingBean (types: org.springframework.boot.web.servlet.error.ErrorController; SearchStrategy: current) did not find any beans
10:22:18.488 [Test worker] TRACE org.springframework.beans.factory.support.DefaultListableBeanFactory - Returning cached instance of singleton bean 'autoConfigurationReport'
10:22:18.488 [Test worker] TRACE org.springframework.context.annotation.ConfigurationClassBeanDefinitionReader - Registering bean definition for @Bean method org.springframework.boot.autoconfigure.web.servlet.error.ErrorMvcAutoConfiguration.basicErrorController()
10:22:18.488 [Test worker] TRACE org.springframework.context.annotation.ConfigurationClassBeanDefinitionReader - Registering bean definition for @Bean method org.springframework.boot.autoconfigure.web.servlet.error.ErrorMvcAutoConfiguration.errorPageCustomizer()
10:22:18.488 [Test worker] TRACE org.springframework.context.annotation.ConfigurationClassBeanDefinitionReader - Registering bean definition for @Bean method org.springframework.boot.autoconfigure.web.servlet.error.ErrorMvcAutoConfiguration.preserveErrorControllerTargetClassPostProcessor()
10:22:18.491 [Test worker] TRACE org.springframework.boot.autoconfigure.condition.OnClassCondition - Condition OnClassCondition on org.springframework.boot.autoconfigure.web.servlet.WebMvcAutoConfiguration matched due to @ConditionalOnClass found required classes 'jakarta.servlet.Servlet', 'org.springframework.web.servlet.DispatcherServlet', 'org.springframework.web.servlet.config.annotation.WebMvcConfigurer'
10:22:18.491 [Test worker] TRACE org.springframework.beans.factory.support.DefaultListableBeanFactory - Returning cached instance of singleton bean 'autoConfigurationReport'
10:22:18.491 [Test worker] TRACE org.springframework.boot.autoconfigure.condition.OnWebApplicationCondition - Condition OnWebApplicationCondition on org.springframework.boot.autoconfigure.web.servlet.WebMvcAutoConfiguration matched due to found 'session' scope
10:22:18.491 [Test worker] TRACE org.springframework.beans.factory.support.DefaultListableBeanFactory - Returning cached instance of singleton bean 'autoConfigurationReport'
10:22:18.493 [Test worker] TRACE org.springframework.boot.autoconfigure.condition.OnBeanCondition - Condition OnBeanCondition on org.springframework.boot.autoconfigure.web.servlet.WebMvcAutoConfiguration matched due to @ConditionalOnMissingBean (types: org.springframework.web.servlet.config.annotation.WebMvcConfigurationSupport; SearchStrategy: all) did not find any beans
10:22:18.493 [Test worker] TRACE org.springframework.beans.factory.support.DefaultListableBeanFactory - Returning cached instance of singleton bean 'autoConfigurationReport'
10:22:18.493 [Test worker] TRACE org.springframework.context.annotation.ConfigurationClassBeanDefinitionReader - Registered bean definition for imported class 'org.springframework.boot.autoconfigure.web.servlet.WebMvcAutoConfiguration$EnableWebMvcConfiguration'
10:22:18.493 [Test worker] TRACE org.springframework.context.annotation.ConfigurationClassBeanDefinitionReader - Registering bean definition for @Bean method org.springframework.boot.autoconfigure.web.servlet.WebMvcAutoConfiguration$EnableWebMvcConfiguration.requestMappingHandlerAdapter()
10:22:18.493 [Test worker] TRACE org.springframework.context.annotation.ConfigurationClassBeanDefinitionReader - Registering bean definition for @Bean method org.springframework.boot.autoconfigure.web.servlet.WebMvcAutoConfiguration$EnableWebMvcConfiguration.welcomePageHandlerMapping()
10:22:18.493 [Test worker] TRACE org.springframework.context.annotation.ConfigurationClassBeanDefinitionReader - Registering bean definition for @Bean method org.springframework.boot.autoconfigure.web.servlet.WebMvcAutoConfiguration$EnableWebMvcConfiguration.welcomePageNotAcceptableHandlerMapping()
10:22:18.493 [Test worker] TRACE org.springframework.boot.autoconfigure.condition.OnBeanCondition - Condition OnBeanCondition on org.springframework.boot.autoconfigure.web.servlet.WebMvcAutoConfiguration$EnableWebMvcConfiguration#localeResolver matched due to @ConditionalOnMissingBean (names: localeResolver; SearchStrategy: all) did not find any beans
10:22:18.493 [Test worker] TRACE org.springframework.beans.factory.support.DefaultListableBeanFactory - Returning cached instance of singleton bean 'autoConfigurationReport'
10:22:18.494 [Test worker] TRACE org.springframework.context.annotation.ConfigurationClassBeanDefinitionReader - Registering bean definition for @Bean method org.springframework.boot.autoconfigure.web.servlet.WebMvcAutoConfiguration$EnableWebMvcConfiguration.localeResolver()
10:22:18.494 [Test worker] TRACE org.springframework.boot.autoconfigure.condition.OnBeanCondition - Condition OnBeanCondition on org.springframework.boot.autoconfigure.web.servlet.WebMvcAutoConfiguration$EnableWebMvcConfiguration#themeResolver matched due to @ConditionalOnMissingBean (names: themeResolver; SearchStrategy: all) did not find any beans
10:22:18.494 [Test worker] TRACE org.springframework.beans.factory.support.DefaultListableBeanFactory - Returning cached instance of singleton bean 'autoConfigurationReport'
10:22:18.494 [Test worker] TRACE org.springframework.context.annotation.ConfigurationClassBeanDefinitionReader - Registering bean definition for @Bean method org.springframework.boot.autoconfigure.web.servlet.WebMvcAutoConfiguration$EnableWebMvcConfiguration.themeResolver()
10:22:18.494 [Test worker] TRACE org.springframework.boot.autoconfigure.condition.OnBeanCondition - Condition OnBeanCondition on org.springframework.boot.autoconfigure.web.servlet.WebMvcAutoConfiguration$EnableWebMvcConfiguration#flashMapManager matched due to @ConditionalOnMissingBean (names: flashMapManager; SearchStrategy: all) did not find any beans
10:22:18.494 [Test worker] TRACE org.springframework.beans.factory.support.DefaultListableBeanFactory - Returning cached instance of singleton bean 'autoConfigurationReport'
10:22:18.494 [Test worker] TRACE org.springframework.context.annotation.ConfigurationClassBeanDefinitionReader - Registering bean definition for @Bean method org.springframework.boot.autoconfigure.web.servlet.WebMvcAutoConfiguration$EnableWebMvcConfiguration.flashMapManager()
10:22:18.494 [Test worker] TRACE org.springframework.context.annotation.ConfigurationClassBeanDefinitionReader - Registering bean definition for @Bean method org.springframework.boot.autoconfigure.web.servlet.WebMvcAutoConfiguration$EnableWebMvcConfiguration.mvcConversionService()
10:22:18.494 [Test worker] TRACE org.springframework.context.annotation.ConfigurationClassBeanDefinitionReader - Registering bean definition for @Bean method org.springframework.boot.autoconfigure.web.servlet.WebMvcAutoConfiguration$EnableWebMvcConfiguration.mvcValidator()
10:22:18.494 [Test worker] TRACE org.springframework.context.annotation.ConfigurationClassBeanDefinitionReader - Registering bean definition for @Bean method org.springframework.boot.autoconfigure.web.servlet.WebMvcAutoConfiguration$EnableWebMvcConfiguration.mvcContentNegotiationManager()
10:22:18.494 [Test worker] TRACE org.springframework.context.annotation.ConfigurationClassBeanDefinitionReader - Registering bean definition for @Bean method org.springframework.boot.autoconfigure.web.servlet.WebMvcAutoConfiguration$EnableWebMvcConfiguration.requestMappingHandlerMapping()
10:22:18.494 [Test worker] TRACE org.springframework.context.annotation.ConfigurationClassBeanDefinitionReader - Registering bean definition for @Bean method org.springframework.boot.autoconfigure.web.servlet.WebMvcAutoConfiguration$EnableWebMvcConfiguration.mvcPatternParser()
10:22:18.494 [Test worker] TRACE org.springframework.context.annotation.ConfigurationClassBeanDefinitionReader - Registering bean definition for @Bean method org.springframework.boot.autoconfigure.web.servlet.WebMvcAutoConfiguration$EnableWebMvcConfiguration.mvcUrlPathHelper()
10:22:18.494 [Test worker] TRACE org.springframework.context.annotation.ConfigurationClassBeanDefinitionReader - Registering bean definition for @Bean method org.springframework.boot.autoconfigure.web.servlet.WebMvcAutoConfiguration$EnableWebMvcConfiguration.mvcPathMatcher()
10:22:18.494 [Test worker] TRACE org.springframework.context.annotation.ConfigurationClassBeanDefinitionReader - Registering bean definition for @Bean method org.springframework.boot.autoconfigure.web.servlet.WebMvcAutoConfiguration$EnableWebMvcConfiguration.viewControllerHandlerMapping()
10:22:18.494 [Test worker] TRACE org.springframework.context.annotation.ConfigurationClassBeanDefinitionReader - Registering bean definition for @Bean method org.springframework.boot.autoconfigure.web.servlet.WebMvcAutoConfiguration$EnableWebMvcConfiguration.beanNameHandlerMapping()
10:22:18.494 [Test worker] TRACE org.springframework.context.annotation.ConfigurationClassBeanDefinitionReader - Registering bean definition for @Bean method org.springframework.boot.autoconfigure.web.servlet.WebMvcAutoConfiguration$EnableWebMvcConfiguration.routerFunctionMapping()
10:22:18.494 [Test worker] TRACE org.springframework.context.annotation.ConfigurationClassBeanDefinitionReader - Registering bean definition for @Bean method org.springframework.boot.autoconfigure.web.servlet.WebMvcAutoConfiguration$EnableWebMvcConfiguration.resourceHandlerMapping()
10:22:18.494 [Test worker] TRACE org.springframework.context.annotation.ConfigurationClassBeanDefinitionReader - Registering bean definition for @Bean method org.springframework.boot.autoconfigure.web.servlet.WebMvcAutoConfiguration$EnableWebMvcConfiguration.mvcResourceUrlProvider()
10:22:18.494 [Test worker] TRACE org.springframework.context.annotation.ConfigurationClassBeanDefinitionReader - Registering bean definition for @Bean method org.springframework.boot.autoconfigure.web.servlet.WebMvcAutoConfiguration$EnableWebMvcConfiguration.defaultServletHandlerMapping()
10:22:18.494 [Test worker] TRACE org.springframework.context.annotation.ConfigurationClassBeanDefinitionReader - Registering bean definition for @Bean method org.springframework.boot.autoconfigure.web.servlet.WebMvcAutoConfiguration$EnableWebMvcConfiguration.handlerFunctionAdapter()
10:22:18.495 [Test worker] TRACE org.springframework.context.annotation.ConfigurationClassBeanDefinitionReader - Registering bean definition for @Bean method org.springframework.boot.autoconfigure.web.servlet.WebMvcAutoConfiguration$EnableWebMvcConfiguration.mvcUriComponentsContributor()
10:22:18.495 [Test worker] TRACE org.springframework.context.annotation.ConfigurationClassBeanDefinitionReader - Registering bean definition for @Bean method org.springframework.boot.autoconfigure.web.servlet.WebMvcAutoConfiguration$EnableWebMvcConfiguration.httpRequestHandlerAdapter()
10:22:18.495 [Test worker] TRACE org.springframework.context.annotation.ConfigurationClassBeanDefinitionReader - Registering bean definition for @Bean method org.springframework.boot.autoconfigure.web.servlet.WebMvcAutoConfiguration$EnableWebMvcConfiguration.simpleControllerHandlerAdapter()
10:22:18.496 [Test worker] TRACE org.springframework.context.annotation.ConfigurationClassBeanDefinitionReader - Registering bean definition for @Bean method org.springframework.boot.autoconfigure.web.servlet.WebMvcAutoConfiguration$EnableWebMvcConfiguration.handlerExceptionResolver()
10:22:18.496 [Test worker] TRACE org.springframework.context.annotation.ConfigurationClassBeanDefinitionReader - Registering bean definition for @Bean method org.springframework.boot.autoconfigure.web.servlet.WebMvcAutoConfiguration$EnableWebMvcConfiguration.mvcViewResolver()
10:22:18.496 [Test worker] TRACE org.springframework.context.annotation.ConfigurationClassBeanDefinitionReader - Registering bean definition for @Bean method org.springframework.boot.autoconfigure.web.servlet.WebMvcAutoConfiguration$EnableWebMvcConfiguration.mvcHandlerMappingIntrospector()
10:22:18.497 [Test worker] TRACE org.springframework.context.annotation.ConfigurationClassBeanDefinitionReader - Registering bean definition for @Bean method org.springframework.boot.autoconfigure.web.servlet.WebMvcAutoConfiguration$EnableWebMvcConfiguration.viewNameTranslator()
10:22:18.503 [Test worker] TRACE org.springframework.context.annotation.ConfigurationClassBeanDefinitionReader - Registered bean definition for imported class 'org.springframework.boot.autoconfigure.web.servlet.WebMvcAutoConfiguration$WebMvcAutoConfigurationAdapter'
10:22:18.526 [Test worker] TRACE org.springframework.boot.autoconfigure.condition.OnBeanCondition - Condition OnBeanCondition on org.springframework.boot.autoconfigure.web.servlet.WebMvcAutoConfiguration$WebMvcAutoConfigurationAdapter#defaultViewResolver matched due to @ConditionalOnMissingBean (types: org.springframework.web.servlet.view.InternalResourceViewResolver; SearchStrategy: all) did not find any beans
10:22:18.526 [Test worker] TRACE org.springframework.beans.factory.support.DefaultListableBeanFactory - Returning cached instance of singleton bean 'autoConfigurationReport'
10:22:18.526 [Test worker] TRACE org.springframework.context.annotation.ConfigurationClassBeanDefinitionReader - Registering bean definition for @Bean method org.springframework.boot.autoconfigure.web.servlet.WebMvcAutoConfiguration$WebMvcAutoConfigurationAdapter.defaultViewResolver()
10:22:18.530 [Test worker] TRACE org.springframework.boot.autoconfigure.condition.OnBeanCondition - Condition OnBeanCondition on org.springframework.boot.autoconfigure.web.servlet.WebMvcAutoConfiguration$WebMvcAutoConfigurationAdapter#beanNameViewResolver did not match due to @ConditionalOnMissingBean (types: org.springframework.web.servlet.view.BeanNameViewResolver; SearchStrategy: all) found beans of type 'org.springframework.web.servlet.view.BeanNameViewResolver' beanNameViewResolver
10:22:18.530 [Test worker] TRACE org.springframework.beans.factory.support.DefaultListableBeanFactory - Returning cached instance of singleton bean 'autoConfigurationReport'
10:22:18.531 [Test worker] TRACE org.springframework.boot.autoconfigure.condition.OnBeanCondition - Condition OnBeanCondition on org.springframework.boot.autoconfigure.web.servlet.WebMvcAutoConfiguration$WebMvcAutoConfigurationAdapter#viewResolver matched due to @ConditionalOnBean (types: org.springframework.web.servlet.ViewResolver; SearchStrategy: all) found beans 'defaultViewResolver', 'beanNameViewResolver', 'mvcViewResolver'; @ConditionalOnMissingBean (names: viewResolver types: org.springframework.web.servlet.view.ContentNegotiatingViewResolver; SearchStrategy: all) did not find any beans
10:22:18.532 [Test worker] TRACE org.springframework.beans.factory.support.DefaultListableBeanFactory - Returning cached instance of singleton bean 'autoConfigurationReport'
10:22:18.534 [Test worker] TRACE org.springframework.boot.autoconfigure.condition.OnBeanCondition - Condition OnBeanCondition on org.springframework.boot.autoconfigure.web.servlet.WebMvcAutoConfiguration$WebMvcAutoConfigurationAdapter#viewResolver matched due to @ConditionalOnBean (types: org.springframework.web.servlet.ViewResolver; SearchStrategy: all) found beans 'defaultViewResolver', 'beanNameViewResolver', 'mvcViewResolver'; @ConditionalOnMissingBean (names: viewResolver types: org.springframework.web.servlet.view.ContentNegotiatingViewResolver; SearchStrategy: all) did not find any beans
10:22:18.534 [Test worker] TRACE org.springframework.beans.factory.support.DefaultListableBeanFactory - Returning cached instance of singleton bean 'autoConfigurationReport'
10:22:18.534 [Test worker] TRACE org.springframework.context.annotation.ConfigurationClassBeanDefinitionReader - Registering bean definition for @Bean method org.springframework.boot.autoconfigure.web.servlet.WebMvcAutoConfiguration$WebMvcAutoConfigurationAdapter.viewResolver()
10:22:18.538 [Test worker] TRACE org.springframework.boot.autoconfigure.condition.OnBeanCondition - Condition OnBeanCondition on org.springframework.boot.autoconfigure.web.servlet.WebMvcAutoConfiguration$WebMvcAutoConfigurationAdapter#requestContextFilter matched due to @ConditionalOnMissingBean (types: org.springframework.web.context.request.RequestContextListener,org.springframework.web.filter.RequestContextFilter; SearchStrategy: all) did not find any beans
10:22:18.538 [Test worker] TRACE org.springframework.beans.factory.support.DefaultListableBeanFactory - Returning cached instance of singleton bean 'autoConfigurationReport'
10:22:18.541 [Test worker] TRACE org.springframework.boot.autoconfigure.condition.OnBeanCondition - Condition OnBeanCondition on org.springframework.boot.autoconfigure.web.servlet.WebMvcAutoConfiguration$WebMvcAutoConfigurationAdapter#requestContextFilter matched due to @ConditionalOnMissingBean (types: org.springframework.web.context.request.RequestContextListener,org.springframework.web.filter.RequestContextFilter; SearchStrategy: all) did not find any beans
10:22:18.541 [Test worker] TRACE org.springframework.beans.factory.support.DefaultListableBeanFactory - Returning cached instance of singleton bean 'autoConfigurationReport'
10:22:18.541 [Test worker] TRACE org.springframework.context.annotation.ConfigurationClassBeanDefinitionReader - Registering bean definition for @Bean method org.springframework.boot.autoconfigure.web.servlet.WebMvcAutoConfiguration$WebMvcAutoConfigurationAdapter.requestContextFilter()
10:22:18.543 [Test worker] TRACE org.springframework.context.annotation.ConfigurationClassBeanDefinitionReader - Registered bean definition for imported class 'org.springframework.boot.autoconfigure.web.servlet.WebMvcAutoConfiguration'
10:22:18.544 [Test worker] TRACE org.springframework.boot.autoconfigure.condition.OnPropertyCondition - Condition OnPropertyCondition on org.springframework.boot.autoconfigure.web.servlet.WebMvcAutoConfiguration#hiddenHttpMethodFilter did not match due to @ConditionalOnProperty (spring.mvc.hiddenmethod.filter.enabled) did not find property 'enabled'
10:22:18.545 [Test worker] TRACE org.springframework.beans.factory.support.DefaultListableBeanFactory - Returning cached instance of singleton bean 'autoConfigurationReport'
10:22:18.546 [Test worker] TRACE org.springframework.boot.autoconfigure.condition.OnPropertyCondition - Condition OnPropertyCondition on org.springframework.boot.autoconfigure.web.servlet.WebMvcAutoConfiguration#formContentFilter matched due to @ConditionalOnProperty (spring.mvc.formcontent.filter.enabled) matched
10:22:18.546 [Test worker] TRACE org.springframework.beans.factory.support.DefaultListableBeanFactory - Returning cached instance of singleton bean 'autoConfigurationReport'
10:22:18.549 [Test worker] TRACE org.springframework.boot.autoconfigure.condition.OnBeanCondition - Condition OnBeanCondition on org.springframework.boot.autoconfigure.web.servlet.WebMvcAutoConfiguration#formContentFilter matched due to @ConditionalOnMissingBean (types: org.springframework.web.filter.FormContentFilter; SearchStrategy: all) did not find any beans
10:22:18.549 [Test worker] TRACE org.springframework.beans.factory.support.DefaultListableBeanFactory - Returning cached instance of singleton bean 'autoConfigurationReport'
10:22:18.549 [Test worker] TRACE org.springframework.context.annotation.ConfigurationClassBeanDefinitionReader - Registering bean definition for @Bean method org.springframework.boot.autoconfigure.web.servlet.WebMvcAutoConfiguration.formContentFilter()
10:22:18.550 [Test worker] TRACE org.springframework.boot.autoconfigure.condition.OnWebApplicationCondition - Condition OnWebApplicationCondition on org.springdoc.core.configuration.SpringDocConfiguration matched due to @ConditionalOnWebApplication (required) found 'session' scope
10:22:18.550 [Test worker] TRACE org.springframework.beans.factory.support.DefaultListableBeanFactory - Returning cached instance of singleton bean 'autoConfigurationReport'
10:22:18.550 [Test worker] TRACE org.springframework.boot.autoconfigure.condition.OnPropertyCondition - Condition OnPropertyCondition on org.springdoc.core.configuration.SpringDocConfiguration matched due to @ConditionalOnProperty (springdoc.api-docs.enabled) matched
10:22:18.550 [Test worker] TRACE org.springframework.beans.factory.support.DefaultListableBeanFactory - Returning cached instance of singleton bean 'autoConfigurationReport'
10:22:18.550 [Test worker] TRACE org.springframework.boot.autoconfigure.condition.OnClassCondition - Condition OnClassCondition on org.springdoc.core.configuration.SpringDocConfiguration$QuerydslProvider matched due to @ConditionalOnClass found required class 'org.springframework.data.querydsl.binding.QuerydslBindingsFactory'
10:22:18.551 [Test worker] TRACE org.springframework.beans.factory.support.DefaultListableBeanFactory - Returning cached instance of singleton bean 'autoConfigurationReport'
10:22:18.552 [Test worker] TRACE org.springframework.context.annotation.ConfigurationClassBeanDefinitionReader - Registered bean definition for imported class 'org.springdoc.core.configuration.SpringDocConfiguration$QuerydslProvider'
10:22:18.559 [Test worker] TRACE org.springframework.boot.autoconfigure.condition.OnBeanCondition - Condition OnBeanCondition on org.springdoc.core.configuration.SpringDocConfiguration$QuerydslProvider#queryDslQuerydslPredicateOperationCustomizer matched due to @ConditionalOnMissingBean (types: org.springdoc.core.customizers.QuerydslPredicateOperationCustomizer; SearchStrategy: all) did not find any beans
10:22:18.560 [Test worker] TRACE org.springframework.beans.factory.support.DefaultListableBeanFactory - Returning cached instance of singleton bean 'autoConfigurationReport'
10:22:18.560 [Test worker] TRACE org.springframework.context.annotation.ConfigurationClassBeanDefinitionReader - Registering bean definition for @Bean method org.springdoc.core.configuration.SpringDocConfiguration$QuerydslProvider.queryDslQuerydslPredicateOperationCustomizer()
10:22:18.562 [Test worker] TRACE org.springframework.context.annotation.ConfigurationClassBeanDefinitionReader - Registered bean definition for imported class 'org.springdoc.core.configuration.SpringDocConfiguration$OpenApiResourceAdvice'
10:22:18.562 [Test worker] TRACE org.springframework.boot.autoconfigure.condition.OnClassCondition - Condition OnClassCondition on org.springdoc.core.configuration.SpringDocConfiguration$SpringDocSpringDataWebPropertiesProvider matched due to @ConditionalOnClass found required class 'org.springframework.boot.autoconfigure.data.web.SpringDataWebProperties'
10:22:18.562 [Test worker] TRACE org.springframework.beans.factory.support.DefaultListableBeanFactory - Returning cached instance of singleton bean 'autoConfigurationReport'
10:22:18.563 [Test worker] TRACE org.springframework.context.annotation.ConfigurationClassBeanDefinitionReader - Registered bean definition for imported class 'org.springdoc.core.configuration.SpringDocConfiguration$SpringDocSpringDataWebPropertiesProvider'
10:22:18.566 [Test worker] TRACE org.springframework.boot.autoconfigure.condition.OnBeanCondition - Condition OnBeanCondition on org.springdoc.core.configuration.SpringDocConfiguration$SpringDocSpringDataWebPropertiesProvider#springDataWebPropertiesProvider matched due to @ConditionalOnMissingBean (types: org.springdoc.core.providers.SpringDataWebPropertiesProvider; SearchStrategy: all) did not find any beans
10:22:18.567 [Test worker] TRACE org.springframework.beans.factory.support.DefaultListableBeanFactory - Returning cached instance of singleton bean 'autoConfigurationReport'
10:22:18.567 [Test worker] TRACE org.springframework.context.annotation.ConfigurationClassBeanDefinitionReader - Registering bean definition for @Bean method org.springdoc.core.configuration.SpringDocConfiguration$SpringDocSpringDataWebPropertiesProvider.springDataWebPropertiesProvider()
10:22:18.567 [Test worker] TRACE org.springframework.boot.autoconfigure.condition.OnClassCondition - Condition OnClassCondition on org.springdoc.core.configuration.SpringDocConfiguration$WebConversionServiceConfiguration matched due to @ConditionalOnClass found required class 'org.springframework.boot.autoconfigure.web.format.WebConversionService'
10:22:18.567 [Test worker] TRACE org.springframework.beans.factory.support.DefaultListableBeanFactory - Returning cached instance of singleton bean 'autoConfigurationReport'
10:22:18.568 [Test worker] TRACE org.springframework.context.annotation.ConfigurationClassBeanDefinitionReader - Registered bean definition for imported class 'org.springdoc.core.configuration.SpringDocConfiguration$WebConversionServiceConfiguration'
10:22:18.569 [Test worker] TRACE org.springframework.context.annotation.ConfigurationClassBeanDefinitionReader - Registering bean definition for @Bean method org.springdoc.core.configuration.SpringDocConfiguration$WebConversionServiceConfiguration.webConversionServiceProvider()
10:22:18.570 [Test worker] TRACE org.springframework.context.annotation.ConfigurationClassBeanDefinitionReader - Registered bean definition for imported class 'org.springdoc.core.configuration.SpringDocConfiguration'
10:22:18.571 [Test worker] TRACE org.springframework.boot.autoconfigure.condition.OnClassCondition - Condition OnClassCondition on org.springdoc.core.configuration.SpringDocConfiguration#springdocBeanFactoryPostProcessor matched due to @ConditionalOnClass found required class 'org.springframework.boot.context.properties.bind.BindResult'
10:22:18.572 [Test worker] TRACE org.springframework.beans.factory.support.DefaultListableBeanFactory - Returning cached instance of singleton bean 'autoConfigurationReport'
10:22:18.580 [Test worker] TRACE org.springdoc.core.conditions.CacheOrGroupedOpenApiCondition - Condition CacheOrGroupedOpenApiCondition on org.springdoc.core.configuration.SpringDocConfiguration#springdocBeanFactoryPostProcessor did not match due to AnyNestedCondition 0 matched 2 did not; NestedCondition on CacheOrGroupedOpenApiCondition.OnCacheDisabled found non-matching nested conditions @ConditionalOnProperty (springdoc.cache.disabled) did not find property 'springdoc.cache.disabled'; NestedCondition on CacheOrGroupedOpenApiCondition.OnMultipleOpenApiSupportCondition AnyNestedCondition 0 matched 2 did not; NestedCondition on MultipleOpenApiSupportCondition.OnActuatorDifferentPort @ConditionalOnProperty (springdoc.show-actuator) did not find property 'springdoc.show-actuator'; NestedCondition on MultipleOpenApiSupportCondition.OnMultipleOpenApiSupportCondition AnyNestedCondition 0 matched 2 did not; NestedCondition on MultipleOpenApiGroupsCondition.OnGroupConfigProperty @ConditionalOnProperty (springdoc.group-configs[0].group) did not find property 'springdoc.group-configs[0].group'; NestedCondition on MultipleOpenApiGroupsCondition.OnGroupedOpenApiBean @ConditionalOnBean (types: org.springdoc.core.models.GroupedOpenApi; SearchStrategy: all) did not find any beans of type org.springdoc.core.models.GroupedOpenApi
10:22:18.580 [Test worker] TRACE org.springframework.beans.factory.support.DefaultListableBeanFactory - Returning cached instance of singleton bean 'autoConfigurationReport'
10:22:18.580 [Test worker] TRACE org.springframework.boot.autoconfigure.condition.OnClassCondition - Condition OnClassCondition on org.springdoc.core.configuration.SpringDocConfiguration#springdocBeanFactoryPostProcessor2 did not match due to @ConditionalOnMissingClass found unwanted class 'org.springframework.boot.context.properties.bind.BindResult'
10:22:18.581 [Test worker] TRACE org.springframework.beans.factory.support.DefaultListableBeanFactory - Returning cached instance of singleton bean 'autoConfigurationReport'
10:22:18.582 [Test worker] TRACE org.springframework.context.annotation.ConfigurationClassBeanDefinitionReader - Registering bean definition for @Bean method org.springdoc.core.configuration.SpringDocConfiguration.localSpringDocParameterNameDiscoverer()
10:22:18.582 [Test worker] TRACE org.springframework.context.annotation.ConfigurationClassBeanDefinitionReader - Registering bean definition for @Bean method org.springdoc.core.configuration.SpringDocConfiguration.additionalModelsConverter()
10:22:18.614 [Test worker] TRACE org.springframework.boot.autoconfigure.condition.OnBeanCondition - Condition OnBeanCondition on org.springdoc.core.configuration.SpringDocConfiguration#propertyCustomizingConverter did not match due to @ConditionalOnBean (types: org.springdoc.core.customizers.PropertyCustomizer; SearchStrategy: all) did not find any beans of type org.springdoc.core.customizers.PropertyCustomizer
10:22:18.614 [Test worker] TRACE org.springframework.beans.factory.support.DefaultListableBeanFactory - Returning cached instance of singleton bean 'autoConfigurationReport'
10:22:18.620 [Test worker] TRACE org.springframework.boot.autoconfigure.condition.OnBeanCondition - Condition OnBeanCondition on org.springdoc.core.configuration.SpringDocConfiguration#fileSupportConverter matched due to @ConditionalOnMissingBean (types: org.springdoc.core.converters.FileSupportConverter; SearchStrategy: all) did not find any beans
10:22:18.621 [Test worker] TRACE org.springframework.beans.factory.support.DefaultListableBeanFactory - Returning cached instance of singleton bean 'autoConfigurationReport'
10:22:18.622 [Test worker] TRACE org.springframework.context.annotation.ConfigurationClassBeanDefinitionReader - Registering bean definition for @Bean method org.springdoc.core.configuration.SpringDocConfiguration.fileSupportConverter()
10:22:18.626 [Test worker] TRACE org.springframework.boot.autoconfigure.condition.OnBeanCondition - Condition OnBeanCondition on org.springdoc.core.configuration.SpringDocConfiguration#responseSupportConverter matched due to @ConditionalOnMissingBean (types: org.springdoc.core.converters.ResponseSupportConverter; SearchStrategy: all) did not find any beans
10:22:18.627 [Test worker] TRACE org.springframework.beans.factory.support.DefaultListableBeanFactory - Returning cached instance of singleton bean 'autoConfigurationReport'
10:22:18.627 [Test worker] TRACE org.springframework.context.annotation.ConfigurationClassBeanDefinitionReader - Registering bean definition for @Bean method org.springdoc.core.configuration.SpringDocConfiguration.responseSupportConverter()
10:22:18.628 [Test worker] TRACE org.springframework.boot.autoconfigure.condition.OnPropertyCondition - Condition OnPropertyCondition on org.springdoc.core.configuration.SpringDocConfiguration#schemaPropertyDeprecatingConverter matched due to @ConditionalOnProperty (springdoc.model-converters.deprecating-converter.enabled) matched
10:22:18.629 [Test worker] TRACE org.springframework.beans.factory.support.DefaultListableBeanFactory - Returning cached instance of singleton bean 'autoConfigurationReport'
10:22:18.632 [Test worker] TRACE org.springframework.boot.autoconfigure.condition.OnBeanCondition - Condition OnBeanCondition on org.springdoc.core.configuration.SpringDocConfiguration#schemaPropertyDeprecatingConverter matched due to @ConditionalOnMissingBean (types: org.springdoc.core.converters.SchemaPropertyDeprecatingConverter; SearchStrategy: all) did not find any beans
10:22:18.632 [Test worker] TRACE org.springframework.beans.factory.support.DefaultListableBeanFactory - Returning cached instance of singleton bean 'autoConfigurationReport'
10:22:18.633 [Test worker] TRACE org.springframework.context.annotation.ConfigurationClassBeanDefinitionReader - Registering bean definition for @Bean method org.springdoc.core.configuration.SpringDocConfiguration.schemaPropertyDeprecatingConverter()
10:22:18.633 [Test worker] TRACE org.springframework.boot.autoconfigure.condition.OnPropertyCondition - Condition OnPropertyCondition on org.springdoc.core.configuration.SpringDocConfiguration#polymorphicModelConverter matched due to @ConditionalOnProperty (springdoc.model-converters.polymorphic-converter.enabled) matched
10:22:18.633 [Test worker] TRACE org.springframework.beans.factory.support.DefaultListableBeanFactory - Returning cached instance of singleton bean 'autoConfigurationReport'
10:22:18.635 [Test worker] TRACE org.springframework.boot.autoconfigure.condition.OnBeanCondition - Condition OnBeanCondition on org.springdoc.core.configuration.SpringDocConfiguration#polymorphicModelConverter matched due to @ConditionalOnMissingBean (types: org.springdoc.core.converters.PolymorphicModelConverter; SearchStrategy: all) did not find any beans
10:22:18.635 [Test worker] TRACE org.springframework.beans.factory.support.DefaultListableBeanFactory - Returning cached instance of singleton bean 'autoConfigurationReport'
10:22:18.636 [Test worker] TRACE org.springframework.context.annotation.ConfigurationClassBeanDefinitionReader - Registering bean definition for @Bean method org.springdoc.core.configuration.SpringDocConfiguration.polymorphicModelConverter()
10:22:18.637 [Test worker] TRACE org.springframework.boot.autoconfigure.condition.OnBeanCondition - Condition OnBeanCondition on org.springdoc.core.configuration.SpringDocConfiguration#openAPIBuilder matched due to @ConditionalOnMissingBean (types: org.springdoc.core.service.OpenAPIService; SearchStrategy: all) did not find any beans
10:22:18.638 [Test worker] TRACE org.springframework.beans.factory.support.DefaultListableBeanFactory - Returning cached instance of singleton bean 'autoConfigurationReport'
10:22:18.638 [Test worker] TRACE org.springframework.context.annotation.ConfigurationClassBeanDefinitionReader - Registering bean definition for @Bean method org.springdoc.core.configuration.SpringDocConfiguration.openAPIBuilder()
10:22:18.639 [Test worker] TRACE org.springframework.context.annotation.ConfigurationClassBeanDefinitionReader - Registering bean definition for @Bean method org.springdoc.core.configuration.SpringDocConfiguration.modelConverterRegistrar()
10:22:18.641 [Test worker] TRACE org.springframework.boot.autoconfigure.condition.OnBeanCondition - Condition OnBeanCondition on org.springdoc.core.configuration.SpringDocConfiguration#operationBuilder matched due to @ConditionalOnMissingBean (types: org.springdoc.core.service.OperationService; SearchStrategy: all) did not find any beans
10:22:18.641 [Test worker] TRACE org.springframework.beans.factory.support.DefaultListableBeanFactory - Returning cached instance of singleton bean 'autoConfigurationReport'
10:22:18.642 [Test worker] TRACE org.springframework.context.annotation.ConfigurationClassBeanDefinitionReader - Registering bean definition for @Bean method org.springdoc.core.configuration.SpringDocConfiguration.operationBuilder()
10:22:18.643 [Test worker] TRACE org.springframework.context.annotation.ConfigurationClassBeanDefinitionReader - Registering bean definition for @Bean method org.springdoc.core.configuration.SpringDocConfiguration.propertyResolverUtils()
10:22:18.644 [Test worker] TRACE org.springframework.boot.autoconfigure.condition.OnBeanCondition - Condition OnBeanCondition on org.springdoc.core.configuration.SpringDocConfiguration#requestBodyBuilder matched due to @ConditionalOnMissingBean (types: org.springdoc.core.service.RequestBodyService; SearchStrategy: all) did not find any beans
10:22:18.644 [Test worker] TRACE org.springframework.beans.factory.support.DefaultListableBeanFactory - Returning cached instance of singleton bean 'autoConfigurationReport'
10:22:18.645 [Test worker] TRACE org.springframework.context.annotation.ConfigurationClassBeanDefinitionReader - Registering bean definition for @Bean method org.springdoc.core.configuration.SpringDocConfiguration.requestBodyBuilder()
10:22:18.648 [Test worker] TRACE org.springframework.boot.autoconfigure.condition.OnBeanCondition - Condition OnBeanCondition on org.springdoc.core.configuration.SpringDocConfiguration#securityParser matched due to @ConditionalOnMissingBean (types: org.springdoc.core.service.SecurityService; SearchStrategy: all) did not find any beans
10:22:18.648 [Test worker] TRACE org.springframework.beans.factory.support.DefaultListableBeanFactory - Returning cached instance of singleton bean 'autoConfigurationReport'
10:22:18.649 [Test worker] TRACE org.springframework.context.annotation.ConfigurationClassBeanDefinitionReader - Registering bean definition for @Bean method org.springdoc.core.configuration.SpringDocConfiguration.securityParser()
10:22:18.649 [Test worker] TRACE org.springframework.context.annotation.ConfigurationClassBeanDefinitionReader - Registering bean definition for @Bean method org.springdoc.core.configuration.SpringDocConfiguration.genericReturnTypeParser()
10:22:18.650 [Test worker] TRACE org.springframework.boot.autoconfigure.condition.OnBeanCondition - Condition OnBeanCondition on org.springdoc.core.configuration.SpringDocConfiguration#parameterBuilder matched due to @ConditionalOnMissingBean (types: org.springdoc.core.service.GenericParameterService; SearchStrategy: all) did not find any beans
10:22:18.650 [Test worker] TRACE org.springframework.beans.factory.support.DefaultListableBeanFactory - Returning cached instance of singleton bean 'autoConfigurationReport'
10:22:18.651 [Test worker] TRACE org.springframework.context.annotation.ConfigurationClassBeanDefinitionReader - Registering bean definition for @Bean method org.springdoc.core.configuration.SpringDocConfiguration.parameterBuilder()
10:22:18.651 [Test worker] TRACE org.springframework.boot.autoconfigure.condition.OnPropertyCondition - Condition OnPropertyCondition on org.springdoc.core.configuration.SpringDocConfiguration#propertiesResolverForSchema did not match due to @ConditionalOnProperty (springdoc.api-docs.resolve-schema-properties) did not find property 'springdoc.api-docs.resolve-schema-properties'
10:22:18.651 [Test worker] TRACE org.springframework.beans.factory.support.DefaultListableBeanFactory - Returning cached instance of singleton bean 'autoConfigurationReport'
10:22:18.653 [Test worker] TRACE org.springframework.boot.autoconfigure.condition.OnBeanCondition - Condition OnBeanCondition on org.springdoc.core.configuration.SpringDocConfiguration#springDocProviders matched due to @ConditionalOnMissingBean (types: org.springdoc.core.providers.SpringDocProviders; SearchStrategy: all) did not find any beans
10:22:18.653 [Test worker] TRACE org.springframework.beans.factory.support.DefaultListableBeanFactory - Returning cached instance of singleton bean 'autoConfigurationReport'
10:22:18.654 [Test worker] TRACE org.springframework.context.annotation.ConfigurationClassBeanDefinitionReader - Registering bean definition for @Bean method org.springdoc.core.configuration.SpringDocConfiguration.springDocProviders()
10:22:18.655 [Test worker] TRACE org.springframework.boot.autoconfigure.condition.OnBeanCondition - Condition OnBeanCondition on org.springdoc.core.configuration.SpringDocConfiguration#springdocObjectMapperProvider matched due to @ConditionalOnMissingBean (types: org.springdoc.core.providers.ObjectMapperProvider; SearchStrategy: all) did not find any beans
10:22:18.655 [Test worker] TRACE org.springframework.beans.factory.support.DefaultListableBeanFactory - Returning cached instance of singleton bean 'autoConfigurationReport'
10:22:18.656 [Test worker] TRACE org.springframework.context.annotation.ConfigurationClassBeanDefinitionReader - Registering bean definition for @Bean method org.springdoc.core.configuration.SpringDocConfiguration.springdocObjectMapperProvider()
10:22:18.657 [Test worker] TRACE org.springframework.boot.autoconfigure.condition.OnBeanCondition - Condition OnBeanCondition on org.springdoc.core.configuration.SpringDocConfiguration#springDocCustomizers matched due to @ConditionalOnMissingBean (types: org.springdoc.core.customizers.SpringDocCustomizers; SearchStrategy: all) did not find any beans
10:22:18.658 [Test worker] TRACE org.springframework.beans.factory.support.DefaultListableBeanFactory - Returning cached instance of singleton bean 'autoConfigurationReport'
10:22:18.658 [Test worker] TRACE org.springframework.context.annotation.ConfigurationClassBeanDefinitionReader - Registering bean definition for @Bean method org.springdoc.core.configuration.SpringDocConfiguration.springDocCustomizers()
10:22:18.658 [Test worker] TRACE org.springframework.boot.autoconfigure.condition.OnClassCondition - Condition OnClassCondition on org.springdoc.core.configuration.SpringDocPageableConfiguration matched due to @ConditionalOnClass found required class 'org.springframework.data.domain.Pageable'
10:22:18.659 [Test worker] TRACE org.springframework.beans.factory.support.DefaultListableBeanFactory - Returning cached instance of singleton bean 'autoConfigurationReport'
10:22:18.659 [Test worker] TRACE org.springframework.boot.autoconfigure.condition.OnWebApplicationCondition - Condition OnWebApplicationCondition on org.springdoc.core.configuration.SpringDocPageableConfiguration matched due to @ConditionalOnWebApplication (required) found 'session' scope
10:22:18.659 [Test worker] TRACE org.springframework.beans.factory.support.DefaultListableBeanFactory - Returning cached instance of singleton bean 'autoConfigurationReport'
10:22:18.660 [Test worker] TRACE org.springframework.boot.autoconfigure.condition.OnPropertyCondition - Condition OnPropertyCondition on org.springdoc.core.configuration.SpringDocPageableConfiguration matched due to @ConditionalOnProperty (springdoc.api-docs.enabled) matched
10:22:18.661 [Test worker] TRACE org.springframework.beans.factory.support.DefaultListableBeanFactory - Returning cached instance of singleton bean 'autoConfigurationReport'
10:22:18.662 [Test worker] TRACE org.springframework.boot.autoconfigure.condition.OnBeanCondition - Condition OnBeanCondition on org.springdoc.core.configuration.SpringDocPageableConfiguration matched due to @ConditionalOnBean (types: org.springdoc.core.configuration.SpringDocConfiguration; SearchStrategy: all) found bean 'org.springdoc.core.configuration.SpringDocConfiguration'
10:22:18.662 [Test worker] TRACE org.springframework.beans.factory.support.DefaultListableBeanFactory - Returning cached instance of singleton bean 'autoConfigurationReport'
10:22:18.664 [Test worker] TRACE org.springframework.context.annotation.ConfigurationClassBeanDefinitionReader - Registered bean definition for imported class 'org.springdoc.core.configuration.SpringDocPageableConfiguration'
10:22:18.666 [Test worker] TRACE org.springframework.boot.autoconfigure.condition.OnPropertyCondition - Condition OnPropertyCondition on org.springdoc.core.configuration.SpringDocPageableConfiguration#pageableOpenAPIConverter matched due to @ConditionalOnProperty (springdoc.model-converters.pageable-converter.enabled) matched
10:22:18.666 [Test worker] TRACE org.springframework.beans.factory.support.DefaultListableBeanFactory - Returning cached instance of singleton bean 'autoConfigurationReport'
10:22:18.668 [Test worker] TRACE org.springframework.boot.autoconfigure.condition.OnBeanCondition - Condition OnBeanCondition on org.springdoc.core.configuration.SpringDocPageableConfiguration#pageableOpenAPIConverter matched due to @ConditionalOnMissingBean (types: org.springdoc.core.converters.PageableOpenAPIConverter; SearchStrategy: all) did not find any beans
10:22:18.669 [Test worker] TRACE org.springframework.beans.factory.support.DefaultListableBeanFactory - Returning cached instance of singleton bean 'autoConfigurationReport'
10:22:18.669 [Test worker] TRACE org.springframework.context.annotation.ConfigurationClassBeanDefinitionReader - Registering bean definition for @Bean method org.springdoc.core.configuration.SpringDocPageableConfiguration.pageableOpenAPIConverter()
10:22:18.671 [Test worker] TRACE org.springframework.boot.autoconfigure.condition.OnBeanCondition - Condition OnBeanCondition on org.springdoc.core.configuration.SpringDocPageableConfiguration#delegatingMethodParameterCustomizer matched due to @ConditionalOnMissingBean (types: org.springdoc.core.customizers.DelegatingMethodParameterCustomizer; SearchStrategy: all) did not find any beans
10:22:18.672 [Test worker] TRACE org.springframework.beans.factory.support.DefaultListableBeanFactory - Returning cached instance of singleton bean 'autoConfigurationReport'
10:22:18.672 [Test worker] TRACE org.springframework.context.annotation.ConfigurationClassBeanDefinitionReader - Registering bean definition for @Bean method org.springdoc.core.configuration.SpringDocPageableConfiguration.delegatingMethodParameterCustomizer()
10:22:18.673 [Test worker] TRACE org.springframework.boot.autoconfigure.condition.OnClassCondition - Condition OnClassCondition on org.springdoc.core.configuration.SpringDocSecurityConfiguration matched due to @ConditionalOnClass found required class 'org.springframework.security.web.SecurityFilterChain'
10:22:18.674 [Test worker] TRACE org.springframework.beans.factory.support.DefaultListableBeanFactory - Returning cached instance of singleton bean 'autoConfigurationReport'
10:22:18.674 [Test worker] TRACE org.springframework.boot.autoconfigure.condition.OnWebApplicationCondition - Condition OnWebApplicationCondition on org.springdoc.core.configuration.SpringDocSecurityConfiguration matched due to @ConditionalOnWebApplication (required) found 'session' scope
10:22:18.674 [Test worker] TRACE org.springframework.beans.factory.support.DefaultListableBeanFactory - Returning cached instance of singleton bean 'autoConfigurationReport'
10:22:18.674 [Test worker] TRACE org.springframework.boot.context.properties.source.ConfigurationPropertySourcesPropertyResolver$DefaultResolver - Searching for key 'springdoc.api-docs.enabled:true' in PropertySource 'configurationProperties'
10:22:18.674 [Test worker] TRACE org.springframework.boot.context.properties.source.ConfigurationPropertySourcesPropertyResolver$DefaultResolver - Searching for key 'springdoc.api-docs.enabled:true' in PropertySource 'test'
10:22:18.674 [Test worker] TRACE org.springframework.boot.context.properties.source.ConfigurationPropertySourcesPropertyResolver$DefaultResolver - Searching for key 'springdoc.api-docs.enabled:true' in PropertySource 'Inlined Test Properties'
10:22:18.674 [Test worker] TRACE org.springframework.boot.context.properties.source.ConfigurationPropertySourcesPropertyResolver$DefaultResolver - Searching for key 'springdoc.api-docs.enabled:true' in PropertySource 'servletConfigInitParams'
10:22:18.674 [Test worker] TRACE org.springframework.boot.context.properties.source.ConfigurationPropertySourcesPropertyResolver$DefaultResolver - Searching for key 'springdoc.api-docs.enabled:true' in PropertySource 'servletContextInitParams'
10:22:18.674 [Test worker] TRACE org.springframework.boot.context.properties.source.ConfigurationPropertySourcesPropertyResolver$DefaultResolver - Searching for key 'springdoc.api-docs.enabled:true' in PropertySource 'systemProperties'
10:22:18.674 [Test worker] TRACE org.springframework.boot.context.properties.source.ConfigurationPropertySourcesPropertyResolver$DefaultResolver - Searching for key 'springdoc.api-docs.enabled:true' in PropertySource 'systemEnvironment'
10:22:18.674 [Test worker] TRACE org.springframework.boot.context.properties.source.ConfigurationPropertySourcesPropertyResolver$DefaultResolver - Searching for key 'springdoc.api-docs.enabled:true' in PropertySource 'random'
10:22:18.674 [Test worker] TRACE org.springframework.boot.context.properties.source.ConfigurationPropertySourcesPropertyResolver$DefaultResolver - Searching for key 'springdoc.api-docs.enabled:true' in PropertySource 'Config resource 'class path resource [application.properties]' via location 'optional:classpath:/''
10:22:18.674 [Test worker] TRACE org.springframework.boot.context.properties.source.ConfigurationPropertySourcesPropertyResolver$DefaultResolver - Could not find key 'springdoc.api-docs.enabled:true' in any property source
10:22:18.674 [Test worker] TRACE org.springframework.util.PropertyPlaceholderHelper - Resolved placeholder 'springdoc.api-docs.enabled:true'
10:22:18.674 [Test worker] TRACE org.springframework.boot.context.properties.source.ConfigurationPropertySourcesPropertyResolver$DefaultResolver - Searching for key 'springdoc.enable-spring-security:true' in PropertySource 'configurationProperties'
10:22:18.679 [Test worker] TRACE org.springframework.boot.context.properties.source.ConfigurationPropertySourcesPropertyResolver$DefaultResolver - Searching for key 'springdoc.enable-spring-security:true' in PropertySource 'test'
10:22:18.679 [Test worker] TRACE org.springframework.boot.context.properties.source.ConfigurationPropertySourcesPropertyResolver$DefaultResolver - Searching for key 'springdoc.enable-spring-security:true' in PropertySource 'Inlined Test Properties'
10:22:18.679 [Test worker] TRACE org.springframework.boot.context.properties.source.ConfigurationPropertySourcesPropertyResolver$DefaultResolver - Searching for key 'springdoc.enable-spring-security:true' in PropertySource 'servletConfigInitParams'
10:22:18.679 [Test worker] TRACE org.springframework.boot.context.properties.source.ConfigurationPropertySourcesPropertyResolver$DefaultResolver - Searching for key 'springdoc.enable-spring-security:true' in PropertySource 'servletContextInitParams'
10:22:18.679 [Test worker] TRACE org.springframework.boot.context.properties.source.ConfigurationPropertySourcesPropertyResolver$DefaultResolver - Searching for key 'springdoc.enable-spring-security:true' in PropertySource 'systemProperties'
10:22:18.679 [Test worker] TRACE org.springframework.boot.context.properties.source.ConfigurationPropertySourcesPropertyResolver$DefaultResolver - Searching for key 'springdoc.enable-spring-security:true' in PropertySource 'systemEnvironment'
10:22:18.681 [Test worker] TRACE org.springframework.boot.context.properties.source.ConfigurationPropertySourcesPropertyResolver$DefaultResolver - Searching for key 'springdoc.enable-spring-security:true' in PropertySource 'random'
10:22:18.681 [Test worker] TRACE org.springframework.boot.context.properties.source.ConfigurationPropertySourcesPropertyResolver$DefaultResolver - Searching for key 'springdoc.enable-spring-security:true' in PropertySource 'Config resource 'class path resource [application.properties]' via location 'optional:classpath:/''
10:22:18.682 [Test worker] TRACE org.springframework.boot.context.properties.source.ConfigurationPropertySourcesPropertyResolver$DefaultResolver - Could not find key 'springdoc.enable-spring-security:true' in any property source
10:22:18.683 [Test worker] TRACE org.springframework.util.PropertyPlaceholderHelper - Resolved placeholder 'springdoc.enable-spring-security:true'
10:22:18.683 [Test worker] TRACE org.springframework.boot.autoconfigure.condition.OnExpressionCondition - Condition OnExpressionCondition on org.springdoc.core.configuration.SpringDocSecurityConfiguration matched due to @ConditionalOnExpression (#{${springdoc.api-docs.enabled:true} and ${springdoc.enable-spring-security:true}}) resulted in true
10:22:18.683 [Test worker] TRACE org.springframework.beans.factory.support.DefaultListableBeanFactory - Returning cached instance of singleton bean 'autoConfigurationReport'
10:22:18.691 [Test worker] TRACE org.springframework.boot.autoconfigure.condition.OnBeanCondition - Condition OnBeanCondition on org.springdoc.core.configuration.SpringDocSecurityConfiguration matched due to @ConditionalOnBean (types: org.springdoc.core.configuration.SpringDocConfiguration; SearchStrategy: all) found bean 'org.springdoc.core.configuration.SpringDocConfiguration'
10:22:18.692 [Test worker] TRACE org.springframework.beans.factory.support.DefaultListableBeanFactory - Returning cached instance of singleton bean 'autoConfigurationReport'
10:22:18.693 [Test worker] TRACE org.springframework.boot.autoconfigure.condition.OnClassCondition - Condition OnClassCondition on org.springdoc.core.configuration.SpringDocSecurityConfiguration$SpringSecurityLoginEndpointConfiguration matched due to @ConditionalOnClass found required class 'jakarta.servlet.Filter'
10:22:18.693 [Test worker] TRACE org.springframework.beans.factory.support.DefaultListableBeanFactory - Returning cached instance of singleton bean 'autoConfigurationReport'
10:22:18.694 [Test worker] TRACE org.springframework.context.annotation.ConfigurationClassBeanDefinitionReader - Registered bean definition for imported class 'org.springdoc.core.configuration.SpringDocSecurityConfiguration$SpringSecurityLoginEndpointConfiguration'
10:22:18.694 [Test worker] TRACE org.springframework.boot.autoconfigure.condition.OnPropertyCondition - Condition OnPropertyCondition on org.springdoc.core.configuration.SpringDocSecurityConfiguration$SpringSecurityLoginEndpointConfiguration#springSecurityLoginEndpointCustomiser did not match due to @ConditionalOnProperty (springdoc.show-login-endpoint) did not find property 'springdoc.show-login-endpoint'
10:22:18.695 [Test worker] TRACE org.springframework.beans.factory.support.DefaultListableBeanFactory - Returning cached instance of singleton bean 'autoConfigurationReport'
10:22:18.695 [Test worker] TRACE org.springframework.context.annotation.ConfigurationClassBeanDefinitionReader - Registered bean definition for imported class 'org.springdoc.core.configuration.SpringDocSecurityConfiguration'
10:22:18.697 [Test worker] TRACE org.springframework.boot.autoconfigure.condition.OnClassCondition - Condition OnClassCondition on org.springdoc.core.configuration.SpringDocSortConfiguration matched due to @ConditionalOnClass found required class 'org.springframework.data.domain.Sort'
10:22:18.697 [Test worker] TRACE org.springframework.beans.factory.support.DefaultListableBeanFactory - Returning cached instance of singleton bean 'autoConfigurationReport'
10:22:18.697 [Test worker] TRACE org.springframework.boot.autoconfigure.condition.OnWebApplicationCondition - Condition OnWebApplicationCondition on org.springdoc.core.configuration.SpringDocSortConfiguration matched due to @ConditionalOnWebApplication (required) found 'session' scope
10:22:18.697 [Test worker] TRACE org.springframework.beans.factory.support.DefaultListableBeanFactory - Returning cached instance of singleton bean 'autoConfigurationReport'
10:22:18.698 [Test worker] TRACE org.springframework.boot.autoconfigure.condition.OnPropertyCondition - Condition OnPropertyCondition on org.springdoc.core.configuration.SpringDocSortConfiguration matched due to @ConditionalOnProperty (springdoc.api-docs.enabled) matched
10:22:18.698 [Test worker] TRACE org.springframework.beans.factory.support.DefaultListableBeanFactory - Returning cached instance of singleton bean 'autoConfigurationReport'
10:22:18.701 [Test worker] TRACE org.springframework.boot.autoconfigure.condition.OnBeanCondition - Condition OnBeanCondition on org.springdoc.core.configuration.SpringDocSortConfiguration matched due to @ConditionalOnBean (types: org.springdoc.core.configuration.SpringDocConfiguration; SearchStrategy: all) found bean 'org.springdoc.core.configuration.SpringDocConfiguration'
10:22:18.702 [Test worker] TRACE org.springframework.beans.factory.support.DefaultListableBeanFactory - Returning cached instance of singleton bean 'autoConfigurationReport'
10:22:18.702 [Test worker] TRACE org.springframework.context.annotation.ConfigurationClassBeanDefinitionReader - Registered bean definition for imported class 'org.springdoc.core.configuration.SpringDocSortConfiguration'
10:22:18.709 [Test worker] TRACE org.springframework.boot.autoconfigure.condition.OnPropertyCondition - Condition OnPropertyCondition on org.springdoc.core.configuration.SpringDocSortConfiguration#sortOpenAPIConverter matched due to @ConditionalOnProperty (springdoc.model-converters.sort-converter.enabled) matched
10:22:18.709 [Test worker] TRACE org.springframework.beans.factory.support.DefaultListableBeanFactory - Returning cached instance of singleton bean 'autoConfigurationReport'
10:22:18.711 [Test worker] TRACE org.springframework.boot.autoconfigure.condition.OnBeanCondition - Condition OnBeanCondition on org.springdoc.core.configuration.SpringDocSortConfiguration#sortOpenAPIConverter matched due to @ConditionalOnMissingBean (types: org.springdoc.core.converters.SortOpenAPIConverter; SearchStrategy: all) did not find any beans
10:22:18.711 [Test worker] TRACE org.springframework.beans.factory.support.DefaultListableBeanFactory - Returning cached instance of singleton bean 'autoConfigurationReport'
10:22:18.711 [Test worker] TRACE org.springframework.context.annotation.ConfigurationClassBeanDefinitionReader - Registering bean definition for @Bean method org.springdoc.core.configuration.SpringDocSortConfiguration.sortOpenAPIConverter()
10:22:18.712 [Test worker] TRACE org.springframework.boot.autoconfigure.condition.OnBeanCondition - Condition OnBeanCondition on org.springdoc.core.configuration.SpringDocSortConfiguration#delegatingMethodParameterCustomizer did not match due to @ConditionalOnMissingBean (types: org.springdoc.core.customizers.DelegatingMethodParameterCustomizer; SearchStrategy: all) found beans of type 'org.springdoc.core.customizers.DelegatingMethodParameterCustomizer' delegatingMethodParameterCustomizer
10:22:18.712 [Test worker] TRACE org.springframework.beans.factory.support.DefaultListableBeanFactory - Returning cached instance of singleton bean 'autoConfigurationReport'
10:22:18.712 [Test worker] TRACE org.springframework.boot.autoconfigure.condition.OnWebApplicationCondition - Condition OnWebApplicationCondition on org.springdoc.core.configuration.SpringDocUIConfiguration matched due to @ConditionalOnWebApplication (required) found 'session' scope
10:22:18.712 [Test worker] TRACE org.springframework.beans.factory.support.DefaultListableBeanFactory - Returning cached instance of singleton bean 'autoConfigurationReport'
10:22:18.713 [Test worker] TRACE org.springframework.boot.autoconfigure.condition.OnBeanCondition - Condition OnBeanCondition on org.springdoc.core.configuration.SpringDocUIConfiguration matched due to @ConditionalOnBean (types: org.springdoc.core.configuration.SpringDocConfiguration; SearchStrategy: all) found bean 'org.springdoc.core.configuration.SpringDocConfiguration'
10:22:18.713 [Test worker] TRACE org.springframework.beans.factory.support.DefaultListableBeanFactory - Returning cached instance of singleton bean 'autoConfigurationReport'
10:22:18.713 [Test worker] TRACE org.springframework.context.annotation.ConfigurationClassBeanDefinitionReader - Registered bean definition for imported class 'org.springdoc.core.configuration.SpringDocUIConfiguration'
10:22:18.713 [Test worker] TRACE org.springframework.boot.autoconfigure.condition.OnPropertyCondition - Condition OnPropertyCondition on org.springdoc.core.properties.SpringDocConfigProperties matched due to @ConditionalOnProperty (springdoc.api-docs.enabled) matched
10:22:18.713 [Test worker] TRACE org.springframework.beans.factory.support.DefaultListableBeanFactory - Returning cached instance of singleton bean 'autoConfigurationReport'
10:22:18.714 [Test worker] TRACE org.springframework.boot.autoconfigure.condition.OnBeanCondition - Condition OnBeanCondition on org.springdoc.core.properties.SpringDocConfigProperties matched due to @ConditionalOnBean (types: org.springdoc.core.configuration.SpringDocConfiguration; SearchStrategy: all) found bean 'org.springdoc.core.configuration.SpringDocConfiguration'
10:22:18.714 [Test worker] TRACE org.springframework.beans.factory.support.DefaultListableBeanFactory - Returning cached instance of singleton bean 'autoConfigurationReport'
10:22:18.714 [Test worker] TRACE org.springframework.context.annotation.ConfigurationClassBeanDefinitionReader - Registered bean definition for imported class 'org.springdoc.core.properties.SpringDocConfigProperties'
10:22:18.715 [Test worker] TRACE org.springframework.boot.autoconfigure.condition.OnPropertyCondition - Condition OnPropertyCondition on org.springdoc.core.properties.SwaggerUiConfigParameters matched due to @ConditionalOnProperty (springdoc.swagger-ui.enabled) matched
10:22:18.715 [Test worker] TRACE org.springframework.beans.factory.support.DefaultListableBeanFactory - Returning cached instance of singleton bean 'autoConfigurationReport'
10:22:18.715 [Test worker] TRACE org.springframework.boot.autoconfigure.condition.OnBeanCondition - Condition OnBeanCondition on org.springdoc.core.properties.SwaggerUiConfigParameters matched due to @ConditionalOnBean (types: org.springdoc.core.configuration.SpringDocConfiguration; SearchStrategy: all) found bean 'org.springdoc.core.configuration.SpringDocConfiguration'
10:22:18.715 [Test worker] TRACE org.springframework.beans.factory.support.DefaultListableBeanFactory - Returning cached instance of singleton bean 'autoConfigurationReport'
10:22:18.715 [Test worker] TRACE org.springframework.context.annotation.ConfigurationClassBeanDefinitionReader - Registered bean definition for imported class 'org.springdoc.core.properties.SwaggerUiConfigParameters'
10:22:18.715 [Test worker] TRACE org.springframework.boot.autoconfigure.condition.OnPropertyCondition - Condition OnPropertyCondition on org.springdoc.core.properties.SwaggerUiConfigProperties matched due to @ConditionalOnProperty (springdoc.swagger-ui.enabled) matched
10:22:18.715 [Test worker] TRACE org.springframework.beans.factory.support.DefaultListableBeanFactory - Returning cached instance of singleton bean 'autoConfigurationReport'
10:22:18.717 [Test worker] TRACE org.springframework.boot.autoconfigure.condition.OnBeanCondition - Condition OnBeanCondition on org.springdoc.core.properties.SwaggerUiConfigProperties matched due to @ConditionalOnBean (types: org.springdoc.core.configuration.SpringDocConfiguration; SearchStrategy: all) found bean 'org.springdoc.core.configuration.SpringDocConfiguration'
10:22:18.717 [Test worker] TRACE org.springframework.beans.factory.support.DefaultListableBeanFactory - Returning cached instance of singleton bean 'autoConfigurationReport'
10:22:18.717 [Test worker] TRACE org.springframework.context.annotation.ConfigurationClassBeanDefinitionReader - Registered bean definition for imported class 'org.springdoc.core.properties.SwaggerUiConfigProperties'
10:22:18.717 [Test worker] TRACE org.springframework.boot.autoconfigure.condition.OnPropertyCondition - Condition OnPropertyCondition on org.springdoc.core.properties.SwaggerUiOAuthProperties matched due to @ConditionalOnProperty (springdoc.swagger-ui.enabled) matched
10:22:18.717 [Test worker] TRACE org.springframework.beans.factory.support.DefaultListableBeanFactory - Returning cached instance of singleton bean 'autoConfigurationReport'
10:22:18.718 [Test worker] TRACE org.springframework.boot.autoconfigure.condition.OnBeanCondition - Condition OnBeanCondition on org.springdoc.core.properties.SwaggerUiOAuthProperties matched due to @ConditionalOnBean (types: org.springdoc.core.configuration.SpringDocConfiguration; SearchStrategy: all) found bean 'org.springdoc.core.configuration.SpringDocConfiguration'
10:22:18.718 [Test worker] TRACE org.springframework.beans.factory.support.DefaultListableBeanFactory - Returning cached instance of singleton bean 'autoConfigurationReport'
10:22:18.718 [Test worker] TRACE org.springframework.context.annotation.ConfigurationClassBeanDefinitionReader - Registered bean definition for imported class 'org.springdoc.core.properties.SwaggerUiOAuthProperties'
10:22:18.719 [Test worker] TRACE org.springframework.boot.autoconfigure.condition.OnWebApplicationCondition - Condition OnWebApplicationCondition on org.springdoc.webmvc.core.configuration.MultipleOpenApiSupportConfiguration matched due to found 'session' scope
10:22:18.719 [Test worker] TRACE org.springframework.beans.factory.support.DefaultListableBeanFactory - Returning cached instance of singleton bean 'autoConfigurationReport'
10:22:18.719 [Test worker] TRACE org.springframework.boot.autoconfigure.condition.OnPropertyCondition - Condition OnPropertyCondition on org.springdoc.webmvc.core.configuration.MultipleOpenApiSupportConfiguration matched due to @ConditionalOnProperty (springdoc.api-docs.enabled) matched
10:22:18.719 [Test worker] TRACE org.springframework.beans.factory.support.DefaultListableBeanFactory - Returning cached instance of singleton bean 'autoConfigurationReport'
10:22:18.724 [Test worker] TRACE org.springdoc.core.conditions.MultipleOpenApiSupportCondition - Condition MultipleOpenApiSupportCondition on org.springdoc.webmvc.core.configuration.MultipleOpenApiSupportConfiguration did not match due to AnyNestedCondition 0 matched 2 did not; NestedCondition on MultipleOpenApiSupportCondition.OnActuatorDifferentPort @ConditionalOnProperty (springdoc.show-actuator) did not find property 'springdoc.show-actuator'; NestedCondition on MultipleOpenApiSupportCondition.OnMultipleOpenApiSupportCondition AnyNestedCondition 0 matched 2 did not; NestedCondition on MultipleOpenApiGroupsCondition.OnGroupConfigProperty @ConditionalOnProperty (springdoc.group-configs[0].group) did not find property 'springdoc.group-configs[0].group'; NestedCondition on MultipleOpenApiGroupsCondition.OnGroupedOpenApiBean @ConditionalOnBean (types: org.springdoc.core.models.GroupedOpenApi; SearchStrategy: all) did not find any beans of type org.springdoc.core.models.GroupedOpenApi
10:22:18.724 [Test worker] TRACE org.springframework.beans.factory.support.DefaultListableBeanFactory - Returning cached instance of singleton bean 'autoConfigurationReport'
10:22:18.725 [Test worker] TRACE org.springframework.boot.autoconfigure.condition.OnWebApplicationCondition - Condition OnWebApplicationCondition on org.springdoc.webmvc.core.configuration.SpringDocWebMvcConfiguration matched due to found 'session' scope
10:22:18.725 [Test worker] TRACE org.springframework.beans.factory.support.DefaultListableBeanFactory - Returning cached instance of singleton bean 'autoConfigurationReport'
10:22:18.745 [Test worker] TRACE org.springframework.boot.autoconfigure.condition.OnPropertyCondition - Condition OnPropertyCondition on org.springdoc.webmvc.core.configuration.SpringDocWebMvcConfiguration matched due to @ConditionalOnProperty (springdoc.api-docs.enabled) matched
10:22:18.745 [Test worker] TRACE org.springframework.beans.factory.support.DefaultListableBeanFactory - Returning cached instance of singleton bean 'autoConfigurationReport'
10:22:18.746 [Test worker] TRACE org.springframework.boot.autoconfigure.condition.OnBeanCondition - Condition OnBeanCondition on org.springdoc.webmvc.core.configuration.SpringDocWebMvcConfiguration matched due to @ConditionalOnBean (types: org.springdoc.core.configuration.SpringDocConfiguration; SearchStrategy: all) found bean 'org.springdoc.core.configuration.SpringDocConfiguration'
10:22:18.747 [Test worker] TRACE org.springframework.beans.factory.support.DefaultListableBeanFactory - Returning cached instance of singleton bean 'autoConfigurationReport'
10:22:18.747 [Test worker] TRACE org.springframework.boot.autoconfigure.condition.OnClassCondition - Condition OnClassCondition on org.springdoc.webmvc.core.configuration.SpringDocWebMvcConfiguration$SpringDocWebMvcRouterConfiguration matched due to @ConditionalOnClass found required class 'org.springframework.web.servlet.function.RouterFunction'
10:22:18.747 [Test worker] TRACE org.springframework.beans.factory.support.DefaultListableBeanFactory - Returning cached instance of singleton bean 'autoConfigurationReport'
10:22:18.747 [Test worker] TRACE org.springframework.context.annotation.ConfigurationClassBeanDefinitionReader - Registered bean definition for imported class 'org.springdoc.webmvc.core.configuration.SpringDocWebMvcConfiguration$SpringDocWebMvcRouterConfiguration'
10:22:18.749 [Test worker] TRACE org.springframework.boot.autoconfigure.condition.OnBeanCondition - Condition OnBeanCondition on org.springdoc.webmvc.core.configuration.SpringDocWebMvcConfiguration$SpringDocWebMvcRouterConfiguration#routerFunctionProvider matched due to @ConditionalOnMissingBean (types: org.springdoc.webmvc.core.providers.RouterFunctionWebMvcProvider; SearchStrategy: all) did not find any beans
10:22:18.749 [Test worker] TRACE org.springframework.beans.factory.support.DefaultListableBeanFactory - Returning cached instance of singleton bean 'autoConfigurationReport'
10:22:18.749 [Test worker] TRACE org.springframework.context.annotation.ConfigurationClassBeanDefinitionReader - Registering bean definition for @Bean method org.springdoc.webmvc.core.configuration.SpringDocWebMvcConfiguration$SpringDocWebMvcRouterConfiguration.routerFunctionProvider()
10:22:18.750 [Test worker] TRACE org.springframework.context.annotation.ConfigurationClassBeanDefinitionReader - Registered bean definition for imported class 'org.springdoc.webmvc.core.configuration.SpringDocWebMvcConfiguration'
10:22:18.751 [Test worker] TRACE org.springframework.boot.autoconfigure.condition.OnPropertyCondition - Condition OnPropertyCondition on org.springdoc.webmvc.core.configuration.SpringDocWebMvcConfiguration#openApiResource matched due to @ConditionalOnProperty (springdoc.use-management-port=false) matched
10:22:18.751 [Test worker] TRACE org.springframework.beans.factory.support.DefaultListableBeanFactory - Returning cached instance of singleton bean 'autoConfigurationReport'
10:22:18.755 [Test worker] TRACE org.springframework.boot.autoconfigure.condition.OnBeanCondition - Condition OnBeanCondition on org.springdoc.webmvc.core.configuration.SpringDocWebMvcConfiguration#openApiResource matched due to @ConditionalOnMissingBean (types: org.springdoc.webmvc.api.OpenApiWebMvcResource; SearchStrategy: all) did not find any beans
10:22:18.755 [Test worker] TRACE org.springframework.beans.factory.support.DefaultListableBeanFactory - Returning cached instance of singleton bean 'autoConfigurationReport'
10:22:18.755 [Test worker] TRACE org.springframework.context.annotation.ConfigurationClassBeanDefinitionReader - Registering bean definition for @Bean method org.springdoc.webmvc.core.configuration.SpringDocWebMvcConfiguration.openApiResource()
10:22:18.770 [Test worker] TRACE org.springframework.boot.autoconfigure.condition.OnBeanCondition - Condition OnBeanCondition on org.springdoc.webmvc.core.configuration.SpringDocWebMvcConfiguration#requestBuilder matched due to @ConditionalOnMissingBean (types: org.springdoc.webmvc.core.service.RequestService; SearchStrategy: all) did not find any beans
10:22:18.770 [Test worker] TRACE org.springframework.beans.factory.support.DefaultListableBeanFactory - Returning cached instance of singleton bean 'autoConfigurationReport'
10:22:18.770 [Test worker] TRACE org.springframework.context.annotation.ConfigurationClassBeanDefinitionReader - Registering bean definition for @Bean method org.springdoc.webmvc.core.configuration.SpringDocWebMvcConfiguration.requestBuilder()
10:22:18.772 [Test worker] TRACE org.springframework.boot.autoconfigure.condition.OnBeanCondition - Condition OnBeanCondition on org.springdoc.webmvc.core.configuration.SpringDocWebMvcConfiguration#springWebProvider matched due to @ConditionalOnMissingBean (types: org.springdoc.core.providers.SpringWebProvider; SearchStrategy: all) did not find any beans
10:22:18.773 [Test worker] TRACE org.springframework.beans.factory.support.DefaultListableBeanFactory - Returning cached instance of singleton bean 'autoConfigurationReport'
10:22:18.773 [Test worker] TRACE org.springframework.context.annotation.ConfigurationClassBeanDefinitionReader - Registering bean definition for @Bean method org.springdoc.webmvc.core.configuration.SpringDocWebMvcConfiguration.springWebProvider()
10:22:18.775 [Test worker] TRACE org.springframework.boot.autoconfigure.condition.OnBeanCondition - Condition OnBeanCondition on org.springdoc.webmvc.core.configuration.SpringDocWebMvcConfiguration#responseBuilder matched due to @ConditionalOnMissingBean (types: org.springdoc.core.service.GenericResponseService; SearchStrategy: all) did not find any beans
10:22:18.775 [Test worker] TRACE org.springframework.beans.factory.support.DefaultListableBeanFactory - Returning cached instance of singleton bean 'autoConfigurationReport'
10:22:18.776 [Test worker] TRACE org.springframework.context.annotation.ConfigurationClassBeanDefinitionReader - Registering bean definition for @Bean method org.springdoc.webmvc.core.configuration.SpringDocWebMvcConfiguration.responseBuilder()
10:22:18.776 [Test worker] TRACE org.springframework.boot.autoconfigure.condition.OnWebApplicationCondition - Condition OnWebApplicationCondition on org.springdoc.webmvc.ui.SwaggerConfig matched due to found 'session' scope
10:22:18.776 [Test worker] TRACE org.springframework.beans.factory.support.DefaultListableBeanFactory - Returning cached instance of singleton bean 'autoConfigurationReport'
10:22:18.776 [Test worker] TRACE org.springframework.boot.autoconfigure.condition.OnPropertyCondition - Condition OnPropertyCondition on org.springdoc.webmvc.ui.SwaggerConfig matched due to @ConditionalOnProperty (springdoc.swagger-ui.enabled) matched
10:22:18.776 [Test worker] TRACE org.springframework.beans.factory.support.DefaultListableBeanFactory - Returning cached instance of singleton bean 'autoConfigurationReport'
10:22:18.777 [Test worker] TRACE org.springframework.boot.autoconfigure.condition.OnBeanCondition - Condition OnBeanCondition on org.springdoc.webmvc.ui.SwaggerConfig matched due to @ConditionalOnBean (types: org.springdoc.core.configuration.SpringDocConfiguration; SearchStrategy: all) found bean 'org.springdoc.core.configuration.SpringDocConfiguration'
10:22:18.777 [Test worker] TRACE org.springframework.beans.factory.support.DefaultListableBeanFactory - Returning cached instance of singleton bean 'autoConfigurationReport'
10:22:18.778 [Test worker] TRACE org.springframework.context.annotation.ConfigurationClassBeanDefinitionReader - Registered bean definition for imported class 'org.springdoc.webmvc.ui.SwaggerConfig'
10:22:18.778 [Test worker] TRACE org.springframework.boot.autoconfigure.condition.OnPropertyCondition - Condition OnPropertyCondition on org.springdoc.webmvc.ui.SwaggerConfig#swaggerWelcome matched due to @ConditionalOnProperty (springdoc.use-management-port=false) matched
10:22:18.778 [Test worker] TRACE org.springframework.beans.factory.support.DefaultListableBeanFactory - Returning cached instance of singleton bean 'autoConfigurationReport'
10:22:18.781 [Test worker] TRACE org.springframework.boot.autoconfigure.condition.OnBeanCondition - Condition OnBeanCondition on org.springdoc.webmvc.ui.SwaggerConfig#swaggerWelcome matched due to @ConditionalOnMissingBean (types: org.springdoc.webmvc.ui.SwaggerWelcomeWebMvc; SearchStrategy: all) did not find any beans
10:22:18.781 [Test worker] TRACE org.springframework.beans.factory.support.DefaultListableBeanFactory - Returning cached instance of singleton bean 'autoConfigurationReport'
10:22:18.781 [Test worker] TRACE org.springframework.context.annotation.ConfigurationClassBeanDefinitionReader - Registering bean definition for @Bean method org.springdoc.webmvc.ui.SwaggerConfig.swaggerWelcome()
10:22:18.784 [Test worker] TRACE org.springframework.boot.autoconfigure.condition.OnBeanCondition - Condition OnBeanCondition on org.springdoc.webmvc.ui.SwaggerConfig#springWebProvider did not match due to @ConditionalOnMissingBean (types: org.springdoc.core.providers.SpringWebProvider; SearchStrategy: all) found beans of type 'org.springdoc.core.providers.SpringWebProvider' springWebProvider
10:22:18.784 [Test worker] TRACE org.springframework.beans.factory.support.DefaultListableBeanFactory - Returning cached instance of singleton bean 'autoConfigurationReport'
10:22:18.784 [Test worker] TRACE org.springframework.boot.autoconfigure.condition.OnPropertyCondition - Condition OnPropertyCondition on org.springdoc.webmvc.ui.SwaggerConfig#swaggerConfigResource matched due to @ConditionalOnProperty (springdoc.use-management-port=false) matched
10:22:18.785 [Test worker] TRACE org.springframework.beans.factory.support.DefaultListableBeanFactory - Returning cached instance of singleton bean 'autoConfigurationReport'
10:22:18.786 [Test worker] TRACE org.springframework.boot.autoconfigure.condition.OnBeanCondition - Condition OnBeanCondition on org.springdoc.webmvc.ui.SwaggerConfig#swaggerConfigResource matched due to @ConditionalOnMissingBean (types: org.springdoc.webmvc.ui.SwaggerConfigResource; SearchStrategy: all) did not find any beans
10:22:18.786 [Test worker] TRACE org.springframework.beans.factory.support.DefaultListableBeanFactory - Returning cached instance of singleton bean 'autoConfigurationReport'
10:22:18.786 [Test worker] TRACE org.springframework.context.annotation.ConfigurationClassBeanDefinitionReader - Registering bean definition for @Bean method org.springdoc.webmvc.ui.SwaggerConfig.swaggerConfigResource()
10:22:18.787 [Test worker] TRACE org.springframework.boot.autoconfigure.condition.OnPropertyCondition - Condition OnPropertyCondition on org.springdoc.webmvc.ui.SwaggerConfig#swaggerUiHome did not match due to @ConditionalOnProperty (springdoc.swagger-ui.use-root-path=true) did not find property 'springdoc.swagger-ui.use-root-path'
10:22:18.787 [Test worker] TRACE org.springframework.beans.factory.support.DefaultListableBeanFactory - Returning cached instance of singleton bean 'autoConfigurationReport'
10:22:18.788 [Test worker] TRACE org.springframework.boot.autoconfigure.condition.OnBeanCondition - Condition OnBeanCondition on org.springdoc.webmvc.ui.SwaggerConfig#indexPageTransformer matched due to @ConditionalOnMissingBean (types: org.springdoc.webmvc.ui.SwaggerIndexTransformer; SearchStrategy: all) did not find any beans
10:22:18.789 [Test worker] TRACE org.springframework.beans.factory.support.DefaultListableBeanFactory - Returning cached instance of singleton bean 'autoConfigurationReport'
10:22:18.789 [Test worker] TRACE org.springframework.context.annotation.ConfigurationClassBeanDefinitionReader - Registering bean definition for @Bean method org.springdoc.webmvc.ui.SwaggerConfig.indexPageTransformer()
10:22:18.790 [Test worker] TRACE org.springframework.boot.autoconfigure.condition.OnBeanCondition - Condition OnBeanCondition on org.springdoc.webmvc.ui.SwaggerConfig#swaggerWebMvcConfigurer matched due to @ConditionalOnMissingBean (types: org.springdoc.webmvc.ui.SwaggerWebMvcConfigurer; SearchStrategy: all) did not find any beans
10:22:18.790 [Test worker] TRACE org.springframework.beans.factory.support.DefaultListableBeanFactory - Returning cached instance of singleton bean 'autoConfigurationReport'
10:22:18.790 [Test worker] TRACE org.springframework.context.annotation.ConfigurationClassBeanDefinitionReader - Registering bean definition for @Bean method org.springdoc.webmvc.ui.SwaggerConfig.swaggerWebMvcConfigurer()
10:22:18.792 [Test worker] TRACE org.springframework.boot.autoconfigure.condition.OnBeanCondition - Condition OnBeanCondition on org.springdoc.webmvc.ui.SwaggerConfig#swaggerUiConfigParameters did not match due to @ConditionalOnMissingBean (types: org.springdoc.core.properties.SwaggerUiConfigParameters; SearchStrategy: all) found beans of type 'org.springdoc.core.properties.SwaggerUiConfigParameters' org.springdoc.core.properties.SwaggerUiConfigParameters
10:22:18.792 [Test worker] TRACE org.springframework.beans.factory.support.DefaultListableBeanFactory - Returning cached instance of singleton bean 'autoConfigurationReport'
10:22:18.793 [Test worker] TRACE org.springframework.boot.autoconfigure.condition.OnBeanCondition - Condition OnBeanCondition on org.springdoc.webmvc.ui.SwaggerConfig#swaggerResourceResolver matched due to @ConditionalOnMissingBean (types: org.springdoc.webmvc.ui.SwaggerResourceResolver; SearchStrategy: all) did not find any beans
10:22:18.793 [Test worker] TRACE org.springframework.beans.factory.support.DefaultListableBeanFactory - Returning cached instance of singleton bean 'autoConfigurationReport'
10:22:18.793 [Test worker] TRACE org.springframework.context.annotation.ConfigurationClassBeanDefinitionReader - Registering bean definition for @Bean method org.springdoc.webmvc.ui.SwaggerConfig.swaggerResourceResolver()
10:22:18.794 [Test worker] TRACE org.springframework.boot.autoconfigure.condition.OnPropertyCondition - Condition OnPropertyCondition on org.springframework.boot.autoconfigure.aop.AopAutoConfiguration matched due to @ConditionalOnProperty (spring.aop.auto=true) matched
10:22:18.794 [Test worker] TRACE org.springframework.beans.factory.support.DefaultListableBeanFactory - Returning cached instance of singleton bean 'autoConfigurationReport'
10:22:18.794 [Test worker] TRACE org.springframework.boot.autoconfigure.condition.OnClassCondition - Condition OnClassCondition on org.springframework.boot.autoconfigure.aop.AopAutoConfiguration$AspectJAutoProxyingConfiguration matched due to @ConditionalOnClass found required class 'org.aspectj.weaver.Advice'
10:22:18.794 [Test worker] TRACE org.springframework.beans.factory.support.DefaultListableBeanFactory - Returning cached instance of singleton bean 'autoConfigurationReport'
10:22:18.794 [Test worker] TRACE org.springframework.boot.autoconfigure.condition.OnPropertyCondition - Condition OnPropertyCondition on org.springframework.boot.autoconfigure.aop.AopAutoConfiguration$AspectJAutoProxyingConfiguration$CglibAutoProxyConfiguration matched due to @ConditionalOnProperty (spring.aop.proxy-target-class=true) matched
10:22:18.794 [Test worker] TRACE org.springframework.beans.factory.support.DefaultListableBeanFactory - Returning cached instance of singleton bean 'autoConfigurationReport'
10:22:18.794 [Test worker] TRACE org.springframework.context.annotation.ConfigurationClassBeanDefinitionReader - Registered bean definition for imported class 'org.springframework.boot.autoconfigure.aop.AopAutoConfiguration$AspectJAutoProxyingConfiguration$CglibAutoProxyConfiguration'
10:22:18.798 [Test worker] TRACE org.springframework.context.annotation.ConfigurationClassBeanDefinitionReader - Registered bean definition for imported class 'org.springframework.boot.autoconfigure.aop.AopAutoConfiguration$AspectJAutoProxyingConfiguration'
10:22:18.799 [Test worker] TRACE org.springframework.context.annotation.ConfigurationClassBeanDefinitionReader - Registered bean definition for imported class 'org.springframework.boot.autoconfigure.aop.AopAutoConfiguration'
10:22:18.799 [Test worker] TRACE org.springframework.context.annotation.ConfigurationClassBeanDefinitionReader - Registered bean definition for imported class 'org.springframework.boot.autoconfigure.availability.ApplicationAvailabilityAutoConfiguration'
10:22:18.801 [Test worker] TRACE org.springframework.boot.autoconfigure.condition.OnBeanCondition - Condition OnBeanCondition on org.springframework.boot.autoconfigure.availability.ApplicationAvailabilityAutoConfiguration#applicationAvailability matched due to @ConditionalOnMissingBean (types: org.springframework.boot.availability.ApplicationAvailability; SearchStrategy: all) did not find any beans
10:22:18.801 [Test worker] TRACE org.springframework.beans.factory.support.DefaultListableBeanFactory - Returning cached instance of singleton bean 'autoConfigurationReport'
10:22:18.801 [Test worker] TRACE org.springframework.context.annotation.ConfigurationClassBeanDefinitionReader - Registering bean definition for @Bean method org.springframework.boot.autoconfigure.availability.ApplicationAvailabilityAutoConfiguration.applicationAvailability()
10:22:18.803 [Test worker] TRACE org.springframework.boot.autoconfigure.condition.OnClassCondition - Condition OnClassCondition on org.springframework.boot.autoconfigure.jackson.JacksonAutoConfiguration matched due to @ConditionalOnClass found required class 'com.fasterxml.jackson.databind.ObjectMapper'
10:22:18.803 [Test worker] TRACE org.springframework.beans.factory.support.DefaultListableBeanFactory - Returning cached instance of singleton bean 'autoConfigurationReport'
10:22:18.803 [Test worker] TRACE org.springframework.boot.autoconfigure.condition.OnClassCondition - Condition OnClassCondition on org.springframework.boot.autoconfigure.jackson.JacksonAutoConfiguration$Jackson2ObjectMapperBuilderCustomizerConfiguration matched due to @ConditionalOnClass found required class 'org.springframework.http.converter.json.Jackson2ObjectMapperBuilder'
10:22:18.803 [Test worker] TRACE org.springframework.beans.factory.support.DefaultListableBeanFactory - Returning cached instance of singleton bean 'autoConfigurationReport'
10:22:18.804 [Test worker] TRACE org.springframework.context.annotation.ConfigurationClassBeanDefinitionReader - Registered bean definition for imported class 'org.springframework.boot.autoconfigure.jackson.JacksonAutoConfiguration$Jackson2ObjectMapperBuilderCustomizerConfiguration'
10:22:18.804 [Test worker] TRACE org.springframework.context.annotation.ConfigurationClassBeanDefinitionReader - Registering bean definition for @Bean method org.springframework.boot.autoconfigure.jackson.JacksonAutoConfiguration$Jackson2ObjectMapperBuilderCustomizerConfiguration.standardJacksonObjectMapperBuilderCustomizer()
10:22:18.806 [Test worker] TRACE org.springframework.boot.autoconfigure.condition.OnClassCondition - Condition OnClassCondition on org.springframework.boot.autoconfigure.jackson.JacksonAutoConfiguration$JacksonObjectMapperBuilderConfiguration matched due to @ConditionalOnClass found required class 'org.springframework.http.converter.json.Jackson2ObjectMapperBuilder'
10:22:18.806 [Test worker] TRACE org.springframework.beans.factory.support.DefaultListableBeanFactory - Returning cached instance of singleton bean 'autoConfigurationReport'
10:22:18.806 [Test worker] TRACE org.springframework.context.annotation.ConfigurationClassBeanDefinitionReader - Registered bean definition for imported class 'org.springframework.boot.autoconfigure.jackson.JacksonAutoConfiguration$JacksonObjectMapperBuilderConfiguration'
10:22:18.809 [Test worker] TRACE org.springframework.boot.autoconfigure.condition.OnBeanCondition - Condition OnBeanCondition on org.springframework.boot.autoconfigure.jackson.JacksonAutoConfiguration$JacksonObjectMapperBuilderConfiguration#jacksonObjectMapperBuilder matched due to @ConditionalOnMissingBean (types: org.springframework.http.converter.json.Jackson2ObjectMapperBuilder; SearchStrategy: all) did not find any beans
10:22:18.809 [Test worker] TRACE org.springframework.beans.factory.support.DefaultListableBeanFactory - Returning cached instance of singleton bean 'autoConfigurationReport'
10:22:18.809 [Test worker] TRACE org.springframework.context.annotation.ConfigurationClassBeanDefinitionReader - Registering bean definition for @Bean method org.springframework.boot.autoconfigure.jackson.JacksonAutoConfiguration$JacksonObjectMapperBuilderConfiguration.jacksonObjectMapperBuilder()
10:22:18.809 [Test worker] TRACE org.springframework.boot.autoconfigure.condition.OnClassCondition - Condition OnClassCondition on org.springframework.boot.autoconfigure.jackson.JacksonAutoConfiguration$ParameterNamesModuleConfiguration matched due to @ConditionalOnClass found required class 'com.fasterxml.jackson.module.paramnames.ParameterNamesModule'
10:22:18.809 [Test worker] TRACE org.springframework.beans.factory.support.DefaultListableBeanFactory - Returning cached instance of singleton bean 'autoConfigurationReport'
10:22:18.810 [Test worker] TRACE org.springframework.context.annotation.ConfigurationClassBeanDefinitionReader - Registered bean definition for imported class 'org.springframework.boot.autoconfigure.jackson.JacksonAutoConfiguration$ParameterNamesModuleConfiguration'
10:22:18.814 [Test worker] TRACE org.springframework.boot.autoconfigure.condition.OnBeanCondition - Condition OnBeanCondition on org.springframework.boot.autoconfigure.jackson.JacksonAutoConfiguration$ParameterNamesModuleConfiguration#parameterNamesModule matched due to @ConditionalOnMissingBean (types: com.fasterxml.jackson.module.paramnames.ParameterNamesModule; SearchStrategy: all) did not find any beans
10:22:18.814 [Test worker] TRACE org.springframework.beans.factory.support.DefaultListableBeanFactory - Returning cached instance of singleton bean 'autoConfigurationReport'
10:22:18.814 [Test worker] TRACE org.springframework.context.annotation.ConfigurationClassBeanDefinitionReader - Registering bean definition for @Bean method org.springframework.boot.autoconfigure.jackson.JacksonAutoConfiguration$ParameterNamesModuleConfiguration.parameterNamesModule()
10:22:18.814 [Test worker] TRACE org.springframework.boot.autoconfigure.condition.OnClassCondition - Condition OnClassCondition on org.springframework.boot.autoconfigure.jackson.JacksonAutoConfiguration$JacksonObjectMapperConfiguration matched due to @ConditionalOnClass found required class 'org.springframework.http.converter.json.Jackson2ObjectMapperBuilder'
10:22:18.814 [Test worker] TRACE org.springframework.beans.factory.support.DefaultListableBeanFactory - Returning cached instance of singleton bean 'autoConfigurationReport'
10:22:18.815 [Test worker] TRACE org.springframework.context.annotation.ConfigurationClassBeanDefinitionReader - Registered bean definition for imported class 'org.springframework.boot.autoconfigure.jackson.JacksonAutoConfiguration$JacksonObjectMapperConfiguration'
10:22:18.816 [Test worker] TRACE org.springframework.boot.autoconfigure.condition.OnBeanCondition - Condition OnBeanCondition on org.springframework.boot.autoconfigure.jackson.JacksonAutoConfiguration$JacksonObjectMapperConfiguration#jacksonObjectMapper matched due to @ConditionalOnMissingBean (types: com.fasterxml.jackson.databind.ObjectMapper; SearchStrategy: all) did not find any beans
10:22:18.816 [Test worker] TRACE org.springframework.beans.factory.support.DefaultListableBeanFactory - Returning cached instance of singleton bean 'autoConfigurationReport'
10:22:18.817 [Test worker] TRACE org.springframework.context.annotation.ConfigurationClassBeanDefinitionReader - Registering bean definition for @Bean method org.springframework.boot.autoconfigure.jackson.JacksonAutoConfiguration$JacksonObjectMapperConfiguration.jacksonObjectMapper()
10:22:18.817 [Test worker] TRACE org.springframework.context.annotation.ConfigurationClassBeanDefinitionReader - Registered bean definition for imported class 'org.springframework.boot.autoconfigure.jackson.JacksonAutoConfiguration$JacksonMixinConfiguration'
10:22:18.817 [Test worker] TRACE org.springframework.context.annotation.ConfigurationClassBeanDefinitionReader - Registering bean definition for @Bean method org.springframework.boot.autoconfigure.jackson.JacksonAutoConfiguration$JacksonMixinConfiguration.jsonMixinModuleEntries()
10:22:18.817 [Test worker] TRACE org.springframework.context.annotation.ConfigurationClassBeanDefinitionReader - Registering bean definition for @Bean method org.springframework.boot.autoconfigure.jackson.JacksonAutoConfiguration$JacksonMixinConfiguration.jsonMixinModule()
10:22:18.818 [Test worker] TRACE org.springframework.context.annotation.ConfigurationClassBeanDefinitionReader - Registered bean definition for imported class 'org.springframework.boot.autoconfigure.jackson.JacksonAutoConfiguration'
10:22:18.818 [Test worker] TRACE org.springframework.context.annotation.ConfigurationClassBeanDefinitionReader - Registering bean definition for @Bean method org.springframework.boot.autoconfigure.jackson.JacksonAutoConfiguration.jsonComponentModule()
10:22:18.820 [Test worker] TRACE org.springframework.boot.autoconfigure.condition.OnClassCondition - Condition OnClassCondition on org.springframework.boot.autoconfigure.transaction.jta.JtaAutoConfiguration matched due to @ConditionalOnClass found required class 'jakarta.transaction.Transaction'
10:22:18.820 [Test worker] TRACE org.springframework.beans.factory.support.DefaultListableBeanFactory - Returning cached instance of singleton bean 'autoConfigurationReport'
10:22:18.820 [Test worker] TRACE org.springframework.boot.autoconfigure.condition.OnPropertyCondition - Condition OnPropertyCondition on org.springframework.boot.autoconfigure.transaction.jta.JtaAutoConfiguration matched due to @ConditionalOnProperty (spring.jta.enabled) matched
10:22:18.821 [Test worker] TRACE org.springframework.beans.factory.support.DefaultListableBeanFactory - Returning cached instance of singleton bean 'autoConfigurationReport'
10:22:18.823 [Test worker] TRACE org.springframework.context.annotation.ConfigurationClassBeanDefinitionReader - Registered bean definition for imported class 'org.springframework.boot.autoconfigure.transaction.jta.JtaAutoConfiguration'
10:22:18.823 [Test worker] TRACE org.springframework.boot.autoconfigure.condition.OnClassCondition - Condition OnClassCondition on org.springframework.boot.autoconfigure.jdbc.XADataSourceAutoConfiguration matched due to @ConditionalOnClass found required classes 'javax.sql.DataSource', 'jakarta.transaction.TransactionManager', 'org.springframework.jdbc.datasource.embedded.EmbeddedDatabaseType'
10:22:18.823 [Test worker] TRACE org.springframework.beans.factory.support.DefaultListableBeanFactory - Returning cached instance of singleton bean 'autoConfigurationReport'
10:22:18.827 [Test worker] TRACE org.springframework.boot.autoconfigure.condition.OnBeanCondition - Condition OnBeanCondition on org.springframework.boot.autoconfigure.jdbc.XADataSourceAutoConfiguration did not match due to @ConditionalOnBean (types: org.springframework.boot.jdbc.XADataSourceWrapper; SearchStrategy: all) did not find any beans of type org.springframework.boot.jdbc.XADataSourceWrapper
10:22:18.827 [Test worker] TRACE org.springframework.beans.factory.support.DefaultListableBeanFactory - Returning cached instance of singleton bean 'autoConfigurationReport'
10:22:18.828 [Test worker] TRACE org.springframework.boot.autoconfigure.condition.OnClassCondition - Condition OnClassCondition on org.springframework.boot.autoconfigure.jdbc.DataSourceAutoConfiguration matched due to @ConditionalOnClass found required classes 'javax.sql.DataSource', 'org.springframework.jdbc.datasource.embedded.EmbeddedDatabaseType'
10:22:18.828 [Test worker] TRACE org.springframework.beans.factory.support.DefaultListableBeanFactory - Returning cached instance of singleton bean 'autoConfigurationReport'
10:22:18.828 [Test worker] TRACE org.springframework.boot.autoconfigure.condition.OnBeanCondition - Condition OnBeanCondition on org.springframework.boot.autoconfigure.jdbc.DataSourceAutoConfiguration matched due to @ConditionalOnMissingBean (types: io.r2dbc.spi.ConnectionFactory; SearchStrategy: all) did not find any beans
10:22:18.828 [Test worker] TRACE org.springframework.beans.factory.support.DefaultListableBeanFactory - Returning cached instance of singleton bean 'autoConfigurationReport'
10:22:18.830 [Test worker] TRACE org.springframework.boot.autoconfigure.condition.OnBeanCondition - Condition OnBeanCondition on org.springframework.boot.autoconfigure.jdbc.DataSourceAutoConfiguration$PooledDataSourceConfiguration matched due to @ConditionalOnMissingBean (types: javax.sql.DataSource,javax.sql.XADataSource; SearchStrategy: all) did not find any beans
10:22:18.831 [Test worker] TRACE org.springframework.beans.factory.support.DefaultListableBeanFactory - Returning cached instance of singleton bean 'autoConfigurationReport'
10:22:18.832 [Test worker] TRACE org.springframework.boot.autoconfigure.condition.OnClassCondition - Condition OnClassCondition on org.springframework.boot.autoconfigure.jdbc.DataSourceConfiguration$Hikari matched due to @ConditionalOnClass found required class 'com.zaxxer.hikari.HikariDataSource'
10:22:18.832 [Test worker] TRACE org.springframework.beans.factory.support.DefaultListableBeanFactory - Returning cached instance of singleton bean 'autoConfigurationReport'
10:22:18.832 [Test worker] TRACE org.springframework.boot.autoconfigure.condition.OnPropertyCondition - Condition OnPropertyCondition on org.springframework.boot.autoconfigure.jdbc.DataSourceConfiguration$Hikari matched due to @ConditionalOnProperty (spring.datasource.type=com.zaxxer.hikari.HikariDataSource) matched
10:22:18.832 [Test worker] TRACE org.springframework.beans.factory.support.DefaultListableBeanFactory - Returning cached instance of singleton bean 'autoConfigurationReport'
10:22:18.833 [Test worker] TRACE org.springframework.boot.autoconfigure.condition.OnBeanCondition - Condition OnBeanCondition on org.springframework.boot.autoconfigure.jdbc.DataSourceConfiguration$Hikari matched due to @ConditionalOnMissingBean (types: javax.sql.DataSource; SearchStrategy: all) did not find any beans
10:22:18.833 [Test worker] TRACE org.springframework.beans.factory.support.DefaultListableBeanFactory - Returning cached instance of singleton bean 'autoConfigurationReport'
10:22:18.834 [Test worker] TRACE org.springframework.context.annotation.ConfigurationClassBeanDefinitionReader - Registered bean definition for imported class 'org.springframework.boot.autoconfigure.jdbc.DataSourceConfiguration$Hikari'
10:22:18.834 [Test worker] TRACE org.springframework.context.annotation.ConfigurationClassBeanDefinitionReader - Registering bean definition for @Bean method org.springframework.boot.autoconfigure.jdbc.DataSourceConfiguration$Hikari.jdbcConnectionDetailsHikariBeanPostProcessor()
10:22:18.834 [Test worker] TRACE org.springframework.context.annotation.ConfigurationClassBeanDefinitionReader - Registering bean definition for @Bean method org.springframework.boot.autoconfigure.jdbc.DataSourceConfiguration$Hikari.dataSource()
10:22:18.837 [Test worker] TRACE org.springframework.context.annotation.ConfigurationClassBeanDefinitionReader - Registered bean definition for imported class 'org.springframework.boot.autoconfigure.jdbc.DataSourceAutoConfiguration$PooledDataSourceConfiguration'
10:22:18.840 [Test worker] TRACE org.springframework.boot.autoconfigure.condition.OnBeanCondition - Condition OnBeanCondition on org.springframework.boot.autoconfigure.jdbc.DataSourceAutoConfiguration$PooledDataSourceConfiguration#jdbcConnectionDetails matched due to @ConditionalOnMissingBean (types: org.springframework.boot.autoconfigure.jdbc.JdbcConnectionDetails; SearchStrategy: all) did not find any beans
10:22:18.840 [Test worker] TRACE org.springframework.beans.factory.support.DefaultListableBeanFactory - Returning cached instance of singleton bean 'autoConfigurationReport'
10:22:18.840 [Test worker] TRACE org.springframework.context.annotation.ConfigurationClassBeanDefinitionReader - Registering bean definition for @Bean method org.springframework.boot.autoconfigure.jdbc.DataSourceAutoConfiguration$PooledDataSourceConfiguration.jdbcConnectionDetails()
10:22:18.841 [Test worker] TRACE org.springframework.boot.autoconfigure.condition.OnClassCondition - Condition OnClassCondition on org.springframework.boot.autoconfigure.jdbc.metadata.DataSourcePoolMetadataProvidersConfiguration$HikariPoolDataSourceMetadataProviderConfiguration matched due to @ConditionalOnClass found required class 'com.zaxxer.hikari.HikariDataSource'
10:22:18.841 [Test worker] TRACE org.springframework.beans.factory.support.DefaultListableBeanFactory - Returning cached instance of singleton bean 'autoConfigurationReport'
10:22:18.841 [Test worker] TRACE org.springframework.context.annotation.ConfigurationClassBeanDefinitionReader - Registered bean definition for imported class 'org.springframework.boot.autoconfigure.jdbc.metadata.DataSourcePoolMetadataProvidersConfiguration$HikariPoolDataSourceMetadataProviderConfiguration'
10:22:18.841 [Test worker] TRACE org.springframework.context.annotation.ConfigurationClassBeanDefinitionReader - Registering bean definition for @Bean method org.springframework.boot.autoconfigure.jdbc.metadata.DataSourcePoolMetadataProvidersConfiguration$HikariPoolDataSourceMetadataProviderConfiguration.hikariPoolDataSourceMetadataProvider()
10:22:18.841 [Test worker] TRACE org.springframework.context.annotation.ConfigurationClassBeanDefinitionReader - Registered bean definition for imported class 'org.springframework.boot.autoconfigure.jdbc.metadata.DataSourcePoolMetadataProvidersConfiguration'
10:22:18.842 [Test worker] TRACE org.springframework.context.annotation.ConfigurationClassBeanDefinitionReader - Registered bean definition for imported class 'org.springframework.boot.autoconfigure.jdbc.DataSourceAutoConfiguration'
10:22:18.844 [Test worker] TRACE org.springframework.boot.autoconfigure.condition.OnClassCondition - Condition OnClassCondition on org.springframework.boot.autoconfigure.orm.jpa.HibernateJpaAutoConfiguration matched due to @ConditionalOnClass found required classes 'org.springframework.orm.jpa.LocalContainerEntityManagerFactoryBean', 'jakarta.persistence.EntityManager', 'org.hibernate.engine.spi.SessionImplementor'
10:22:18.845 [Test worker] TRACE org.springframework.beans.factory.support.DefaultListableBeanFactory - Returning cached instance of singleton bean 'autoConfigurationReport'
10:22:18.848 [Test worker] TRACE org.springframework.boot.autoconfigure.condition.OnBeanCondition - Condition OnBeanCondition on org.springframework.boot.autoconfigure.orm.jpa.HibernateJpaConfiguration matched due to @ConditionalOnSingleCandidate (types: javax.sql.DataSource; SearchStrategy: all) found a single bean 'dataSource'
10:22:18.848 [Test worker] TRACE org.springframework.beans.factory.support.DefaultListableBeanFactory - Returning cached instance of singleton bean 'autoConfigurationReport'
10:22:18.849 [Test worker] TRACE org.springframework.boot.autoconfigure.condition.OnClassCondition - Condition OnClassCondition on org.springframework.boot.autoconfigure.orm.jpa.JpaBaseConfiguration$JpaWebConfiguration matched due to @ConditionalOnClass found required class 'org.springframework.web.servlet.config.annotation.WebMvcConfigurer'
10:22:18.849 [Test worker] TRACE org.springframework.beans.factory.support.DefaultListableBeanFactory - Returning cached instance of singleton bean 'autoConfigurationReport'
10:22:18.849 [Test worker] TRACE org.springframework.boot.autoconfigure.condition.OnWebApplicationCondition - Condition OnWebApplicationCondition on org.springframework.boot.autoconfigure.orm.jpa.JpaBaseConfiguration$JpaWebConfiguration matched due to found 'session' scope
10:22:18.849 [Test worker] TRACE org.springframework.beans.factory.support.DefaultListableBeanFactory - Returning cached instance of singleton bean 'autoConfigurationReport'
10:22:18.850 [Test worker] TRACE org.springframework.boot.autoconfigure.condition.OnPropertyCondition - Condition OnPropertyCondition on org.springframework.boot.autoconfigure.orm.jpa.JpaBaseConfiguration$JpaWebConfiguration matched due to @ConditionalOnProperty (spring.jpa.open-in-view=true) matched
10:22:18.850 [Test worker] TRACE org.springframework.beans.factory.support.DefaultListableBeanFactory - Returning cached instance of singleton bean 'autoConfigurationReport'
10:22:18.854 [Test worker] TRACE org.springframework.boot.autoconfigure.condition.OnBeanCondition - Condition OnBeanCondition on org.springframework.boot.autoconfigure.orm.jpa.JpaBaseConfiguration$JpaWebConfiguration matched due to @ConditionalOnMissingBean (types: org.springframework.orm.jpa.support.OpenEntityManagerInViewInterceptor,org.springframework.orm.jpa.support.OpenEntityManagerInViewFilter; SearchStrategy: all) did not find any beans
10:22:18.855 [Test worker] TRACE org.springframework.beans.factory.support.DefaultListableBeanFactory - Returning cached instance of singleton bean 'autoConfigurationReport'
10:22:18.857 [Test worker] TRACE org.springframework.boot.autoconfigure.condition.OnBeanCondition - Condition OnBeanCondition on org.springframework.boot.autoconfigure.orm.jpa.JpaBaseConfiguration$JpaWebConfiguration matched due to @ConditionalOnMissingBean (types: org.springframework.orm.jpa.support.OpenEntityManagerInViewInterceptor,org.springframework.orm.jpa.support.OpenEntityManagerInViewFilter; SearchStrategy: all) did not find any beans
10:22:18.857 [Test worker] TRACE org.springframework.beans.factory.support.DefaultListableBeanFactory - Returning cached instance of singleton bean 'autoConfigurationReport'
10:22:18.858 [Test worker] TRACE org.springframework.context.annotation.ConfigurationClassBeanDefinitionReader - Registered bean definition for imported class 'org.springframework.boot.autoconfigure.orm.jpa.JpaBaseConfiguration$JpaWebConfiguration'
10:22:18.858 [Test worker] TRACE org.springframework.context.annotation.ConfigurationClassBeanDefinitionReader - Registering bean definition for @Bean method org.springframework.boot.autoconfigure.orm.jpa.JpaBaseConfiguration$JpaWebConfiguration.openEntityManagerInViewInterceptor()
10:22:18.859 [Test worker] TRACE org.springframework.context.annotation.ConfigurationClassBeanDefinitionReader - Registering bean definition for @Bean method org.springframework.boot.autoconfigure.orm.jpa.JpaBaseConfiguration$JpaWebConfiguration.openEntityManagerInViewInterceptorConfigurer()
10:22:18.862 [Test worker] TRACE org.springframework.boot.autoconfigure.condition.OnBeanCondition - Condition OnBeanCondition on org.springframework.boot.autoconfigure.orm.jpa.JpaBaseConfiguration$PersistenceManagedTypesConfiguration matched due to @ConditionalOnMissingBean (types: org.springframework.orm.jpa.LocalContainerEntityManagerFactoryBean,jakarta.persistence.EntityManagerFactory; SearchStrategy: all) did not find any beans
10:22:18.862 [Test worker] TRACE org.springframework.beans.factory.support.DefaultListableBeanFactory - Returning cached instance of singleton bean 'autoConfigurationReport'
10:22:18.863 [Test worker] TRACE org.springframework.context.annotation.ConfigurationClassBeanDefinitionReader - Registered bean definition for imported class 'org.springframework.boot.autoconfigure.orm.jpa.JpaBaseConfiguration$PersistenceManagedTypesConfiguration'
10:22:18.866 [Test worker] TRACE org.springframework.boot.autoconfigure.condition.OnBeanCondition - Condition OnBeanCondition on org.springframework.boot.autoconfigure.orm.jpa.JpaBaseConfiguration$PersistenceManagedTypesConfiguration#persistenceManagedTypes matched due to @ConditionalOnMissingBean (types: org.springframework.orm.jpa.persistenceunit.PersistenceManagedTypes; SearchStrategy: all) did not find any beans
10:22:18.866 [Test worker] TRACE org.springframework.beans.factory.support.DefaultListableBeanFactory - Returning cached instance of singleton bean 'autoConfigurationReport'
10:22:18.866 [Test worker] TRACE org.springframework.context.annotation.ConfigurationClassBeanDefinitionReader - Registering bean definition for @Bean method org.springframework.boot.autoconfigure.orm.jpa.JpaBaseConfiguration$PersistenceManagedTypesConfiguration.persistenceManagedTypes()
10:22:18.870 [Test worker] TRACE org.springframework.context.annotation.ConfigurationClassBeanDefinitionReader - Registered bean definition for imported class 'org.springframework.boot.autoconfigure.orm.jpa.HibernateJpaConfiguration'
10:22:18.874 [Test worker] TRACE org.springframework.boot.autoconfigure.condition.OnBeanCondition - Condition OnBeanCondition on org.springframework.boot.autoconfigure.orm.jpa.JpaBaseConfiguration#transactionManager matched due to @ConditionalOnMissingBean (types: org.springframework.transaction.TransactionManager; SearchStrategy: all) did not find any beans
10:22:18.875 [Test worker] TRACE org.springframework.beans.factory.support.DefaultListableBeanFactory - Returning cached instance of singleton bean 'autoConfigurationReport'
10:22:18.875 [Test worker] TRACE org.springframework.context.annotation.ConfigurationClassBeanDefinitionReader - Registering bean definition for @Bean method org.springframework.boot.autoconfigure.orm.jpa.HibernateJpaConfiguration.transactionManager()
10:22:18.881 [Test worker] TRACE org.springframework.boot.autoconfigure.condition.OnBeanCondition - Condition OnBeanCondition on org.springframework.boot.autoconfigure.orm.jpa.JpaBaseConfiguration#jpaVendorAdapter matched due to @ConditionalOnMissingBean (types: org.springframework.orm.jpa.JpaVendorAdapter; SearchStrategy: all) did not find any beans
10:22:18.881 [Test worker] TRACE org.springframework.beans.factory.support.DefaultListableBeanFactory - Returning cached instance of singleton bean 'autoConfigurationReport'
10:22:18.881 [Test worker] TRACE org.springframework.context.annotation.ConfigurationClassBeanDefinitionReader - Registering bean definition for @Bean method org.springframework.boot.autoconfigure.orm.jpa.HibernateJpaConfiguration.jpaVendorAdapter()
10:22:18.883 [Test worker] TRACE org.springframework.boot.autoconfigure.condition.OnBeanCondition - Condition OnBeanCondition on org.springframework.boot.autoconfigure.orm.jpa.JpaBaseConfiguration#entityManagerFactoryBuilder matched due to @ConditionalOnMissingBean (types: org.springframework.boot.orm.jpa.EntityManagerFactoryBuilder; SearchStrategy: all) did not find any beans
10:22:18.884 [Test worker] TRACE org.springframework.beans.factory.support.DefaultListableBeanFactory - Returning cached instance of singleton bean 'autoConfigurationReport'
10:22:18.884 [Test worker] TRACE org.springframework.context.annotation.ConfigurationClassBeanDefinitionReader - Registering bean definition for @Bean method org.springframework.boot.autoconfigure.orm.jpa.HibernateJpaConfiguration.entityManagerFactoryBuilder()
10:22:18.886 [Test worker] TRACE org.springframework.boot.autoconfigure.condition.OnBeanCondition - Condition OnBeanCondition on org.springframework.boot.autoconfigure.orm.jpa.JpaBaseConfiguration#entityManagerFactory matched due to @ConditionalOnMissingBean (types: org.springframework.orm.jpa.LocalContainerEntityManagerFactoryBean,jakarta.persistence.EntityManagerFactory; SearchStrategy: all) did not find any beans
10:22:18.887 [Test worker] TRACE org.springframework.beans.factory.support.DefaultListableBeanFactory - Returning cached instance of singleton bean 'autoConfigurationReport'
10:22:18.887 [Test worker] TRACE org.springframework.context.annotation.ConfigurationClassBeanDefinitionReader - Registering bean definition for @Bean method org.springframework.boot.autoconfigure.orm.jpa.HibernateJpaConfiguration.entityManagerFactory()
10:22:18.889 [Test worker] TRACE org.springframework.context.annotation.ConfigurationClassBeanDefinitionReader - Registered bean definition for imported class 'org.springframework.boot.autoconfigure.orm.jpa.HibernateJpaAutoConfiguration'
10:22:18.891 [Test worker] TRACE org.springframework.boot.autoconfigure.condition.OnClassCondition - Condition OnClassCondition on org.springframework.boot.autoconfigure.cache.CacheAutoConfiguration matched due to @ConditionalOnClass found required class 'org.springframework.cache.CacheManager'
10:22:18.891 [Test worker] TRACE org.springframework.beans.factory.support.DefaultListableBeanFactory - Returning cached instance of singleton bean 'autoConfigurationReport'
10:22:18.892 [Test worker] TRACE org.springframework.boot.autoconfigure.condition.OnBeanCondition - Condition OnBeanCondition on org.springframework.boot.autoconfigure.cache.CacheAutoConfiguration did not match due to @ConditionalOnBean (types: org.springframework.cache.interceptor.CacheAspectSupport; SearchStrategy: all) did not find any beans of type org.springframework.cache.interceptor.CacheAspectSupport
10:22:18.893 [Test worker] TRACE org.springframework.beans.factory.support.DefaultListableBeanFactory - Returning cached instance of singleton bean 'autoConfigurationReport'
10:22:18.894 [Test worker] TRACE org.springframework.context.annotation.ConfigurationClassBeanDefinitionReader - Registered bean definition for imported class 'org.springframework.boot.autoconfigure.context.ConfigurationPropertiesAutoConfiguration'
10:22:18.895 [Test worker] TRACE org.springframework.context.annotation.ConfigurationClassBeanDefinitionReader - Registered bean definition for imported class 'org.springframework.boot.autoconfigure.context.LifecycleAutoConfiguration'
10:22:18.896 [Test worker] TRACE org.springframework.boot.autoconfigure.condition.OnBeanCondition - Condition OnBeanCondition on org.springframework.boot.autoconfigure.context.LifecycleAutoConfiguration#defaultLifecycleProcessor matched due to @ConditionalOnMissingBean (names: lifecycleProcessor; SearchStrategy: current) did not find any beans
10:22:18.896 [Test worker] TRACE org.springframework.beans.factory.support.DefaultListableBeanFactory - Returning cached instance of singleton bean 'autoConfigurationReport'
10:22:18.897 [Test worker] TRACE org.springframework.context.annotation.ConfigurationClassBeanDefinitionReader - Registering bean definition for @Bean method org.springframework.boot.autoconfigure.context.LifecycleAutoConfiguration.lifecycleProcessor()
10:22:18.899 [Test worker] TRACE org.springframework.boot.autoconfigure.condition.OnClassCondition - Condition OnClassCondition on org.springframework.boot.autoconfigure.dao.PersistenceExceptionTranslationAutoConfiguration matched due to @ConditionalOnClass found required class 'org.springframework.dao.annotation.PersistenceExceptionTranslationPostProcessor'
10:22:18.899 [Test worker] TRACE org.springframework.beans.factory.support.DefaultListableBeanFactory - Returning cached instance of singleton bean 'autoConfigurationReport'
10:22:18.899 [Test worker] TRACE org.springframework.context.annotation.ConfigurationClassBeanDefinitionReader - Registered bean definition for imported class 'org.springframework.boot.autoconfigure.dao.PersistenceExceptionTranslationAutoConfiguration'
10:22:18.900 [Test worker] TRACE org.springframework.boot.autoconfigure.condition.OnPropertyCondition - Condition OnPropertyCondition on org.springframework.boot.autoconfigure.dao.PersistenceExceptionTranslationAutoConfiguration#persistenceExceptionTranslationPostProcessor matched due to @ConditionalOnProperty (spring.dao.exceptiontranslation.enabled) matched
10:22:18.900 [Test worker] TRACE org.springframework.beans.factory.support.DefaultListableBeanFactory - Returning cached instance of singleton bean 'autoConfigurationReport'
10:22:18.903 [Test worker] TRACE org.springframework.boot.autoconfigure.condition.OnBeanCondition - Condition OnBeanCondition on org.springframework.boot.autoconfigure.dao.PersistenceExceptionTranslationAutoConfiguration#persistenceExceptionTranslationPostProcessor matched due to @ConditionalOnMissingBean (types: org.springframework.dao.annotation.PersistenceExceptionTranslationPostProcessor; SearchStrategy: all) did not find any beans
10:22:18.904 [Test worker] TRACE org.springframework.beans.factory.support.DefaultListableBeanFactory - Returning cached instance of singleton bean 'autoConfigurationReport'
10:22:18.904 [Test worker] TRACE org.springframework.context.annotation.ConfigurationClassBeanDefinitionReader - Registering bean definition for @Bean method org.springframework.boot.autoconfigure.dao.PersistenceExceptionTranslationAutoConfiguration.persistenceExceptionTranslationPostProcessor()
10:22:18.904 [Test worker] TRACE org.springframework.boot.autoconfigure.condition.OnClassCondition - Condition OnClassCondition on org.springframework.boot.autoconfigure.data.jpa.JpaRepositoriesAutoConfiguration matched due to @ConditionalOnClass found required class 'org.springframework.data.jpa.repository.JpaRepository'
10:22:18.904 [Test worker] TRACE org.springframework.beans.factory.support.DefaultListableBeanFactory - Returning cached instance of singleton bean 'autoConfigurationReport'
10:22:18.906 [Test worker] TRACE org.springframework.boot.autoconfigure.condition.OnPropertyCondition - Condition OnPropertyCondition on org.springframework.boot.autoconfigure.data.jpa.JpaRepositoriesAutoConfiguration matched due to @ConditionalOnProperty (spring.data.jpa.repositories.enabled=true) matched
10:22:18.906 [Test worker] TRACE org.springframework.beans.factory.support.DefaultListableBeanFactory - Returning cached instance of singleton bean 'autoConfigurationReport'
10:22:18.910 [Test worker] TRACE org.springframework.boot.autoconfigure.condition.OnBeanCondition - Condition OnBeanCondition on org.springframework.boot.autoconfigure.data.jpa.JpaRepositoriesAutoConfiguration matched due to @ConditionalOnBean (types: javax.sql.DataSource; SearchStrategy: all) found bean 'dataSource'; @ConditionalOnMissingBean (types: org.springframework.data.jpa.repository.support.JpaRepositoryFactoryBean,org.springframework.data.jpa.repository.config.JpaRepositoryConfigExtension; SearchStrategy: all) did not find any beans
10:22:18.910 [Test worker] TRACE org.springframework.beans.factory.support.DefaultListableBeanFactory - Returning cached instance of singleton bean 'autoConfigurationReport'
10:22:18.913 [Test worker] TRACE org.springframework.boot.autoconfigure.condition.OnBeanCondition - Condition OnBeanCondition on org.springframework.boot.autoconfigure.data.jpa.JpaRepositoriesAutoConfiguration matched due to @ConditionalOnBean (types: javax.sql.DataSource; SearchStrategy: all) found bean 'dataSource'; @ConditionalOnMissingBean (types: org.springframework.data.jpa.repository.support.JpaRepositoryFactoryBean,org.springframework.data.jpa.repository.config.JpaRepositoryConfigExtension; SearchStrategy: all) did not find any beans
10:22:18.913 [Test worker] TRACE org.springframework.beans.factory.support.DefaultListableBeanFactory - Returning cached instance of singleton bean 'autoConfigurationReport'
10:22:18.913 [Test worker] TRACE org.springframework.context.annotation.ConfigurationClassBeanDefinitionReader - Registered bean definition for imported class 'org.springframework.boot.autoconfigure.data.jpa.JpaRepositoriesAutoConfiguration'
10:22:18.915 [Test worker] TRACE org.springframework.boot.autoconfigure.data.jpa.JpaRepositoriesAutoConfiguration$BootstrapExecutorCondition - Condition JpaRepositoriesAutoConfiguration.BootstrapExecutorCondition on org.springframework.boot.autoconfigure.data.jpa.JpaRepositoriesAutoConfiguration#entityManagerFactoryBootstrapExecutorCustomizer did not match due to AnyNestedCondition 0 matched 2 did not; NestedCondition on JpaRepositoriesAutoConfiguration.BootstrapExecutorCondition.LazyBootstrapMode @ConditionalOnProperty (spring.data.jpa.repositories.bootstrap-mode=lazy) did not find property 'bootstrap-mode'; NestedCondition on JpaRepositoriesAutoConfiguration.BootstrapExecutorCondition.DeferredBootstrapMode @ConditionalOnProperty (spring.data.jpa.repositories.bootstrap-mode=deferred) did not find property 'bootstrap-mode'
10:22:18.915 [Test worker] TRACE org.springframework.beans.factory.support.DefaultListableBeanFactory - Returning cached instance of singleton bean 'autoConfigurationReport'
10:22:18.922 [Test worker] INFO  org.springframework.data.repository.config.RepositoryConfigurationDelegate - Bootstrapping Spring Data JPA repositories in DEFAULT mode.
10:22:18.928 [Test worker] DEBUG org.springframework.beans.factory.support.DefaultListableBeanFactory - Creating shared instance of singleton bean 'org.springframework.boot.autoconfigure.AutoConfigurationPackages'
10:22:18.928 [Test worker] TRACE org.springframework.beans.factory.support.DefaultListableBeanFactory - Creating instance of bean 'org.springframework.boot.autoconfigure.AutoConfigurationPackages'
10:22:18.939 [Test worker] TRACE org.springframework.beans.factory.support.DefaultListableBeanFactory - Finished creating instance of bean 'org.springframework.boot.autoconfigure.AutoConfigurationPackages'
10:22:18.939 [Test worker] DEBUG org.springframework.boot.autoconfigure.AutoConfigurationPackages - @EnableAutoConfiguration was declared on a class in the package 'com.laundry.laundryMgmt'. Automatic @Repository and @Entity scanning is enabled.
10:22:18.940 [Test worker] DEBUG org.springframework.data.repository.config.RepositoryConfigurationDelegate - Scanning for JPA repositories in packages com.laundry.laundryMgmt.
10:22:18.946 [Test worker] TRACE org.springframework.beans.factory.support.DefaultListableBeanFactory - Returning cached instance of singleton bean 'org.springframework.boot.autoconfigure.AutoConfigurationPackages'
10:22:18.946 [Test worker] TRACE org.springframework.core.io.support.PathMatchingResourcePatternResolver - Resolved module-path location pattern [com/laundry/laundryMgmt/**/*.class] to resources []
10:22:18.947 [Test worker] TRACE org.springframework.core.io.support.PathMatchingResourcePatternResolver - Resolved module-path location pattern [com/laundry/laundryMgmt/] to resources []
10:22:18.947 [Test worker] TRACE org.springframework.core.io.support.PathMatchingResourcePatternResolver - Resolved classpath location [com/laundry/laundryMgmt/] to resources [file [/home/kali/Toolbox3/Projet/TestBackend/build/classes/java/test/com/laundry/laundryMgmt], file [/home/kali/Toolbox3/Projet/TestBackend/build/classes/java/main/com/laundry/laundryMgmt]]
10:22:18.947 [Test worker] TRACE org.springframework.core.io.support.PathMatchingResourcePatternResolver - Searching directory [/home/kali/Toolbox3/Projet/TestBackend/build/classes/java/test/com/laundry/laundryMgmt] for files matching pattern [**/*.class]
10:22:18.949 [Test worker] TRACE org.springframework.core.io.support.PathMatchingResourcePatternResolver - Searching directory [/home/kali/Toolbox3/Projet/TestBackend/build/classes/java/main/com/laundry/laundryMgmt] for files matching pattern [**/*.class]
10:22:18.954 [Test worker] TRACE org.springframework.core.io.support.PathMatchingResourcePatternResolver - Resolved location pattern [classpath*:com/laundry/laundryMgmt/**/*.class] to resources [file [/home/kali/Toolbox3/Projet/TestBackend/build/classes/java/test/com/laundry/laundryMgmt/LaundryMgmtApplicationTests.class], file [/home/kali/Toolbox3/Projet/TestBackend/build/classes/java/test/com/laundry/laundryMgmt/MachineTest/MachineDaoTest.class], file [/home/kali/Toolbox3/Projet/TestBackend/build/classes/java/test/com/laundry/laundryMgmt/MachineTest/MachineIntegrationTests.class], file [/home/kali/Toolbox3/Projet/TestBackend/build/classes/java/test/com/laundry/laundryMgmt/ReservationTest/ReservationDaoTest.class], file [/home/kali/Toolbox3/Projet/TestBackend/build/classes/java/test/com/laundry/laundryMgmt/ReservationTest/ReservationIntegration.class], file [/home/kali/Toolbox3/Projet/TestBackend/build/classes/java/test/com/laundry/laundryMgmt/SensorTest/SensorDaoTest.class], file [/home/kali/Toolbox3/Projet/TestBackend/build/classes/java/test/com/laundry/laundryMgmt/SensorTest/SensorIntegration.class], file [/home/kali/Toolbox3/Projet/TestBackend/build/classes/java/test/com/laundry/laundryMgmt/businessLogic/MachineImplentationServiceTest.class], file [/home/kali/Toolbox3/Projet/TestBackend/build/classes/java/test/com/laundry/laundryMgmt/businessLogic/MachinesImplementationServicesTest$MachinesImplementationServicesTestConfig.class], file [/home/kali/Toolbox3/Projet/TestBackend/build/classes/java/test/com/laundry/laundryMgmt/businessLogic/MachinesImplementationServicesTest.class], file [/home/kali/Toolbox3/Projet/TestBackend/build/classes/java/main/com/laundry/laundryMgmt/LaundryMgmtApplication.class], file [/home/kali/Toolbox3/Projet/TestBackend/build/classes/java/main/com/laundry/laundryMgmt/LaundryMgmtApplicationConfig.class], file [/home/kali/Toolbox3/Projet/TestBackend/build/classes/java/main/com/laundry/laundryMgmt/businessLogic/MachineImplementationService.class], file [/home/kali/Toolbox3/Projet/TestBackend/build/classes/java/main/com/laundry/laundryMgmt/businessLogic/MachineService.class], file [/home/kali/Toolbox3/Projet/TestBackend/build/classes/java/main/com/laundry/laundryMgmt/businessLogic/MachinesServices.class], file [/home/kali/Toolbox3/Projet/TestBackend/build/classes/java/main/com/laundry/laundryMgmt/businessLogic/MachinesServicesImplementation.class], file [/home/kali/Toolbox3/Projet/TestBackend/build/classes/java/main/com/laundry/laundryMgmt/config/SpringSecurityConfig.class], file [/home/kali/Toolbox3/Projet/TestBackend/build/classes/java/main/com/laundry/laundryMgmt/controllers/MachineController.class], file [/home/kali/Toolbox3/Projet/TestBackend/build/classes/java/main/com/laundry/laundryMgmt/controllers/ReservationController.class], file [/home/kali/Toolbox3/Projet/TestBackend/build/classes/java/main/com/laundry/laundryMgmt/controllers/SecurityController$User.class], file [/home/kali/Toolbox3/Projet/TestBackend/build/classes/java/main/com/laundry/laundryMgmt/controllers/SecurityController.class], file [/home/kali/Toolbox3/Projet/TestBackend/build/classes/java/main/com/laundry/laundryMgmt/controllers/SensorController.class], file [/home/kali/Toolbox3/Projet/TestBackend/build/classes/java/main/com/laundry/laundryMgmt/dao/MachineDao.class], file [/home/kali/Toolbox3/Projet/TestBackend/build/classes/java/main/com/laundry/laundryMgmt/dao/ReservationDao.class], file [/home/kali/Toolbox3/Projet/TestBackend/build/classes/java/main/com/laundry/laundryMgmt/dao/SensorDao.class], file [/home/kali/Toolbox3/Projet/TestBackend/build/classes/java/main/com/laundry/laundryMgmt/mappers/MachineMapper.class], file [/home/kali/Toolbox3/Projet/TestBackend/build/classes/java/main/com/laundry/laundryMgmt/mappers/ReservationMapper.class], file [/home/kali/Toolbox3/Projet/TestBackend/build/classes/java/main/com/laundry/laundryMgmt/mappers/SensorMapper.class], file [/home/kali/Toolbox3/Projet/TestBackend/build/classes/java/main/com/laundry/laundryMgmt/models/CycleType.class], file [/home/kali/Toolbox3/Projet/TestBackend/build/classes/java/main/com/laundry/laundryMgmt/models/MachineEntity.class], file [/home/kali/Toolbox3/Projet/TestBackend/build/classes/java/main/com/laundry/laundryMgmt/models/ReservationEntity.class], file [/home/kali/Toolbox3/Projet/TestBackend/build/classes/java/main/com/laundry/laundryMgmt/models/SensorEntity.class], file [/home/kali/Toolbox3/Projet/TestBackend/build/classes/java/main/com/laundry/laundryMgmt/models/SensorType.class], file [/home/kali/Toolbox3/Projet/TestBackend/build/classes/java/main/com/laundry/laundryMgmt/records/MachineCommand.class], file [/home/kali/Toolbox3/Projet/TestBackend/build/classes/java/main/com/laundry/laundryMgmt/records/MachineRecord.class], file [/home/kali/Toolbox3/Projet/TestBackend/build/classes/java/main/com/laundry/laundryMgmt/records/ReservationCommand.class], file [/home/kali/Toolbox3/Projet/TestBackend/build/classes/java/main/com/laundry/laundryMgmt/records/ReservationRecord.class], file [/home/kali/Toolbox3/Projet/TestBackend/build/classes/java/main/com/laundry/laundryMgmt/records/SensorRecord.class]]
10:22:18.955 [Test worker] TRACE org.springframework.data.repository.config.RepositoryComponentProvider - Scanning file [/home/kali/Toolbox3/Projet/TestBackend/build/classes/java/test/com/laundry/laundryMgmt/LaundryMgmtApplicationTests.class]
10:22:18.955 [Test worker] TRACE org.springframework.data.repository.config.RepositoryComponentProvider - Ignored because not matching any filter: file [/home/kali/Toolbox3/Projet/TestBackend/build/classes/java/test/com/laundry/laundryMgmt/LaundryMgmtApplicationTests.class]
10:22:18.955 [Test worker] TRACE org.springframework.data.repository.config.RepositoryComponentProvider - Scanning file [/home/kali/Toolbox3/Projet/TestBackend/build/classes/java/test/com/laundry/laundryMgmt/MachineTest/MachineDaoTest.class]
10:22:18.955 [Test worker] TRACE org.springframework.data.repository.config.RepositoryComponentProvider - Ignored because not matching any filter: file [/home/kali/Toolbox3/Projet/TestBackend/build/classes/java/test/com/laundry/laundryMgmt/MachineTest/MachineDaoTest.class]
10:22:18.955 [Test worker] TRACE org.springframework.data.repository.config.RepositoryComponentProvider - Scanning file [/home/kali/Toolbox3/Projet/TestBackend/build/classes/java/test/com/laundry/laundryMgmt/MachineTest/MachineIntegrationTests.class]
10:22:18.955 [Test worker] TRACE org.springframework.data.repository.config.RepositoryComponentProvider - Ignored because not matching any filter: file [/home/kali/Toolbox3/Projet/TestBackend/build/classes/java/test/com/laundry/laundryMgmt/MachineTest/MachineIntegrationTests.class]
10:22:18.955 [Test worker] TRACE org.springframework.data.repository.config.RepositoryComponentProvider - Scanning file [/home/kali/Toolbox3/Projet/TestBackend/build/classes/java/test/com/laundry/laundryMgmt/ReservationTest/ReservationDaoTest.class]
10:22:18.955 [Test worker] TRACE org.springframework.data.repository.config.RepositoryComponentProvider - Ignored because not matching any filter: file [/home/kali/Toolbox3/Projet/TestBackend/build/classes/java/test/com/laundry/laundryMgmt/ReservationTest/ReservationDaoTest.class]
10:22:18.955 [Test worker] TRACE org.springframework.data.repository.config.RepositoryComponentProvider - Scanning file [/home/kali/Toolbox3/Projet/TestBackend/build/classes/java/test/com/laundry/laundryMgmt/ReservationTest/ReservationIntegration.class]
10:22:18.955 [Test worker] TRACE org.springframework.data.repository.config.RepositoryComponentProvider - Ignored because not matching any filter: file [/home/kali/Toolbox3/Projet/TestBackend/build/classes/java/test/com/laundry/laundryMgmt/ReservationTest/ReservationIntegration.class]
10:22:18.955 [Test worker] TRACE org.springframework.data.repository.config.RepositoryComponentProvider - Scanning file [/home/kali/Toolbox3/Projet/TestBackend/build/classes/java/test/com/laundry/laundryMgmt/SensorTest/SensorDaoTest.class]
10:22:18.955 [Test worker] TRACE org.springframework.data.repository.config.RepositoryComponentProvider - Ignored because not matching any filter: file [/home/kali/Toolbox3/Projet/TestBackend/build/classes/java/test/com/laundry/laundryMgmt/SensorTest/SensorDaoTest.class]
10:22:18.955 [Test worker] TRACE org.springframework.data.repository.config.RepositoryComponentProvider - Scanning file [/home/kali/Toolbox3/Projet/TestBackend/build/classes/java/test/com/laundry/laundryMgmt/SensorTest/SensorIntegration.class]
10:22:18.955 [Test worker] TRACE org.springframework.data.repository.config.RepositoryComponentProvider - Ignored because not matching any filter: file [/home/kali/Toolbox3/Projet/TestBackend/build/classes/java/test/com/laundry/laundryMgmt/SensorTest/SensorIntegration.class]
10:22:18.955 [Test worker] TRACE org.springframework.data.repository.config.RepositoryComponentProvider - Scanning file [/home/kali/Toolbox3/Projet/TestBackend/build/classes/java/test/com/laundry/laundryMgmt/businessLogic/MachineImplentationServiceTest.class]
10:22:18.955 [Test worker] TRACE org.springframework.data.repository.config.RepositoryComponentProvider - Ignored because not matching any filter: file [/home/kali/Toolbox3/Projet/TestBackend/build/classes/java/test/com/laundry/laundryMgmt/businessLogic/MachineImplentationServiceTest.class]
10:22:18.955 [Test worker] TRACE org.springframework.data.repository.config.RepositoryComponentProvider - Scanning file [/home/kali/Toolbox3/Projet/TestBackend/build/classes/java/test/com/laundry/laundryMgmt/businessLogic/MachinesImplementationServicesTest$MachinesImplementationServicesTestConfig.class]
10:22:18.955 [Test worker] TRACE org.springframework.data.repository.config.RepositoryComponentProvider - Ignored because not matching any filter: file [/home/kali/Toolbox3/Projet/TestBackend/build/classes/java/test/com/laundry/laundryMgmt/businessLogic/MachinesImplementationServicesTest$MachinesImplementationServicesTestConfig.class]
10:22:18.955 [Test worker] TRACE org.springframework.data.repository.config.RepositoryComponentProvider - Scanning file [/home/kali/Toolbox3/Projet/TestBackend/build/classes/java/test/com/laundry/laundryMgmt/businessLogic/MachinesImplementationServicesTest.class]
10:22:18.955 [Test worker] TRACE org.springframework.data.repository.config.RepositoryComponentProvider - Ignored because not matching any filter: file [/home/kali/Toolbox3/Projet/TestBackend/build/classes/java/test/com/laundry/laundryMgmt/businessLogic/MachinesImplementationServicesTest.class]
10:22:18.955 [Test worker] TRACE org.springframework.data.repository.config.RepositoryComponentProvider - Scanning file [/home/kali/Toolbox3/Projet/TestBackend/build/classes/java/main/com/laundry/laundryMgmt/LaundryMgmtApplication.class]
10:22:18.955 [Test worker] TRACE org.springframework.data.repository.config.RepositoryComponentProvider - Ignored because not matching any filter: file [/home/kali/Toolbox3/Projet/TestBackend/build/classes/java/main/com/laundry/laundryMgmt/LaundryMgmtApplication.class]
10:22:18.956 [Test worker] TRACE org.springframework.data.repository.config.RepositoryComponentProvider - Scanning file [/home/kali/Toolbox3/Projet/TestBackend/build/classes/java/main/com/laundry/laundryMgmt/LaundryMgmtApplicationConfig.class]
10:22:18.956 [Test worker] TRACE org.springframework.data.repository.config.RepositoryComponentProvider - Ignored because not matching any filter: file [/home/kali/Toolbox3/Projet/TestBackend/build/classes/java/main/com/laundry/laundryMgmt/LaundryMgmtApplicationConfig.class]
10:22:18.956 [Test worker] TRACE org.springframework.data.repository.config.RepositoryComponentProvider - Scanning file [/home/kali/Toolbox3/Projet/TestBackend/build/classes/java/main/com/laundry/laundryMgmt/businessLogic/MachineImplementationService.class]
10:22:18.956 [Test worker] TRACE org.springframework.data.repository.config.RepositoryComponentProvider - Ignored because not matching any filter: file [/home/kali/Toolbox3/Projet/TestBackend/build/classes/java/main/com/laundry/laundryMgmt/businessLogic/MachineImplementationService.class]
10:22:18.956 [Test worker] TRACE org.springframework.data.repository.config.RepositoryComponentProvider - Scanning file [/home/kali/Toolbox3/Projet/TestBackend/build/classes/java/main/com/laundry/laundryMgmt/businessLogic/MachineService.class]
10:22:18.956 [Test worker] TRACE org.springframework.data.repository.config.RepositoryComponentProvider - Ignored because not matching any filter: file [/home/kali/Toolbox3/Projet/TestBackend/build/classes/java/main/com/laundry/laundryMgmt/businessLogic/MachineService.class]
10:22:18.956 [Test worker] TRACE org.springframework.data.repository.config.RepositoryComponentProvider - Scanning file [/home/kali/Toolbox3/Projet/TestBackend/build/classes/java/main/com/laundry/laundryMgmt/businessLogic/MachinesServices.class]
10:22:18.956 [Test worker] TRACE org.springframework.data.repository.config.RepositoryComponentProvider - Ignored because not matching any filter: file [/home/kali/Toolbox3/Projet/TestBackend/build/classes/java/main/com/laundry/laundryMgmt/businessLogic/MachinesServices.class]
10:22:18.956 [Test worker] TRACE org.springframework.data.repository.config.RepositoryComponentProvider - Scanning file [/home/kali/Toolbox3/Projet/TestBackend/build/classes/java/main/com/laundry/laundryMgmt/businessLogic/MachinesServicesImplementation.class]
10:22:18.957 [Test worker] TRACE org.springframework.data.repository.config.RepositoryComponentProvider - Ignored because not matching any filter: file [/home/kali/Toolbox3/Projet/TestBackend/build/classes/java/main/com/laundry/laundryMgmt/businessLogic/MachinesServicesImplementation.class]
10:22:18.957 [Test worker] TRACE org.springframework.data.repository.config.RepositoryComponentProvider - Scanning file [/home/kali/Toolbox3/Projet/TestBackend/build/classes/java/main/com/laundry/laundryMgmt/config/SpringSecurityConfig.class]
10:22:18.957 [Test worker] TRACE org.springframework.data.repository.config.RepositoryComponentProvider - Ignored because not matching any filter: file [/home/kali/Toolbox3/Projet/TestBackend/build/classes/java/main/com/laundry/laundryMgmt/config/SpringSecurityConfig.class]
10:22:18.957 [Test worker] TRACE org.springframework.data.repository.config.RepositoryComponentProvider - Scanning file [/home/kali/Toolbox3/Projet/TestBackend/build/classes/java/main/com/laundry/laundryMgmt/controllers/MachineController.class]
10:22:18.957 [Test worker] TRACE org.springframework.data.repository.config.RepositoryComponentProvider - Ignored because not matching any filter: file [/home/kali/Toolbox3/Projet/TestBackend/build/classes/java/main/com/laundry/laundryMgmt/controllers/MachineController.class]
10:22:18.957 [Test worker] TRACE org.springframework.data.repository.config.RepositoryComponentProvider - Scanning file [/home/kali/Toolbox3/Projet/TestBackend/build/classes/java/main/com/laundry/laundryMgmt/controllers/ReservationController.class]
10:22:18.957 [Test worker] TRACE org.springframework.data.repository.config.RepositoryComponentProvider - Ignored because not matching any filter: file [/home/kali/Toolbox3/Projet/TestBackend/build/classes/java/main/com/laundry/laundryMgmt/controllers/ReservationController.class]
10:22:18.957 [Test worker] TRACE org.springframework.data.repository.config.RepositoryComponentProvider - Scanning file [/home/kali/Toolbox3/Projet/TestBackend/build/classes/java/main/com/laundry/laundryMgmt/controllers/SecurityController$User.class]
10:22:18.957 [Test worker] TRACE org.springframework.data.repository.config.RepositoryComponentProvider - Ignored because not matching any filter: file [/home/kali/Toolbox3/Projet/TestBackend/build/classes/java/main/com/laundry/laundryMgmt/controllers/SecurityController$User.class]
10:22:18.957 [Test worker] TRACE org.springframework.data.repository.config.RepositoryComponentProvider - Scanning file [/home/kali/Toolbox3/Projet/TestBackend/build/classes/java/main/com/laundry/laundryMgmt/controllers/SecurityController.class]
10:22:18.957 [Test worker] TRACE org.springframework.data.repository.config.RepositoryComponentProvider - Ignored because not matching any filter: file [/home/kali/Toolbox3/Projet/TestBackend/build/classes/java/main/com/laundry/laundryMgmt/controllers/SecurityController.class]
10:22:18.957 [Test worker] TRACE org.springframework.data.repository.config.RepositoryComponentProvider - Scanning file [/home/kali/Toolbox3/Projet/TestBackend/build/classes/java/main/com/laundry/laundryMgmt/controllers/SensorController.class]
10:22:18.957 [Test worker] TRACE org.springframework.data.repository.config.RepositoryComponentProvider - Ignored because not matching any filter: file [/home/kali/Toolbox3/Projet/TestBackend/build/classes/java/main/com/laundry/laundryMgmt/controllers/SensorController.class]
10:22:18.957 [Test worker] TRACE org.springframework.data.repository.config.RepositoryComponentProvider - Scanning file [/home/kali/Toolbox3/Projet/TestBackend/build/classes/java/main/com/laundry/laundryMgmt/dao/MachineDao.class]
10:22:18.960 [Test worker] DEBUG org.springframework.data.repository.config.RepositoryComponentProvider - Identified candidate component class: file [/home/kali/Toolbox3/Projet/TestBackend/build/classes/java/main/com/laundry/laundryMgmt/dao/MachineDao.class]
10:22:18.960 [Test worker] TRACE org.springframework.data.repository.config.RepositoryComponentProvider - Scanning file [/home/kali/Toolbox3/Projet/TestBackend/build/classes/java/main/com/laundry/laundryMgmt/dao/ReservationDao.class]
10:22:18.960 [Test worker] DEBUG org.springframework.data.repository.config.RepositoryComponentProvider - Identified candidate component class: file [/home/kali/Toolbox3/Projet/TestBackend/build/classes/java/main/com/laundry/laundryMgmt/dao/ReservationDao.class]
10:22:18.960 [Test worker] TRACE org.springframework.data.repository.config.RepositoryComponentProvider - Scanning file [/home/kali/Toolbox3/Projet/TestBackend/build/classes/java/main/com/laundry/laundryMgmt/dao/SensorDao.class]
10:22:18.960 [Test worker] DEBUG org.springframework.data.repository.config.RepositoryComponentProvider - Identified candidate component class: file [/home/kali/Toolbox3/Projet/TestBackend/build/classes/java/main/com/laundry/laundryMgmt/dao/SensorDao.class]
10:22:18.960 [Test worker] TRACE org.springframework.data.repository.config.RepositoryComponentProvider - Scanning file [/home/kali/Toolbox3/Projet/TestBackend/build/classes/java/main/com/laundry/laundryMgmt/mappers/MachineMapper.class]
10:22:18.960 [Test worker] TRACE org.springframework.data.repository.config.RepositoryComponentProvider - Ignored because not matching any filter: file [/home/kali/Toolbox3/Projet/TestBackend/build/classes/java/main/com/laundry/laundryMgmt/mappers/MachineMapper.class]
10:22:18.960 [Test worker] TRACE org.springframework.data.repository.config.RepositoryComponentProvider - Scanning file [/home/kali/Toolbox3/Projet/TestBackend/build/classes/java/main/com/laundry/laundryMgmt/mappers/ReservationMapper.class]
10:22:18.960 [Test worker] TRACE org.springframework.data.repository.config.RepositoryComponentProvider - Ignored because not matching any filter: file [/home/kali/Toolbox3/Projet/TestBackend/build/classes/java/main/com/laundry/laundryMgmt/mappers/ReservationMapper.class]
10:22:18.960 [Test worker] TRACE org.springframework.data.repository.config.RepositoryComponentProvider - Scanning file [/home/kali/Toolbox3/Projet/TestBackend/build/classes/java/main/com/laundry/laundryMgmt/mappers/SensorMapper.class]
10:22:18.960 [Test worker] TRACE org.springframework.data.repository.config.RepositoryComponentProvider - Ignored because not matching any filter: file [/home/kali/Toolbox3/Projet/TestBackend/build/classes/java/main/com/laundry/laundryMgmt/mappers/SensorMapper.class]
10:22:18.960 [Test worker] TRACE org.springframework.data.repository.config.RepositoryComponentProvider - Scanning file [/home/kali/Toolbox3/Projet/TestBackend/build/classes/java/main/com/laundry/laundryMgmt/models/CycleType.class]
10:22:18.960 [Test worker] TRACE org.springframework.data.repository.config.RepositoryComponentProvider - Ignored because not matching any filter: file [/home/kali/Toolbox3/Projet/TestBackend/build/classes/java/main/com/laundry/laundryMgmt/models/CycleType.class]
10:22:18.960 [Test worker] TRACE org.springframework.data.repository.config.RepositoryComponentProvider - Scanning file [/home/kali/Toolbox3/Projet/TestBackend/build/classes/java/main/com/laundry/laundryMgmt/models/MachineEntity.class]
10:22:18.960 [Test worker] TRACE org.springframework.data.repository.config.RepositoryComponentProvider - Ignored because not matching any filter: file [/home/kali/Toolbox3/Projet/TestBackend/build/classes/java/main/com/laundry/laundryMgmt/models/MachineEntity.class]
10:22:18.960 [Test worker] TRACE org.springframework.data.repository.config.RepositoryComponentProvider - Scanning file [/home/kali/Toolbox3/Projet/TestBackend/build/classes/java/main/com/laundry/laundryMgmt/models/ReservationEntity.class]
10:22:18.960 [Test worker] TRACE org.springframework.data.repository.config.RepositoryComponentProvider - Ignored because not matching any filter: file [/home/kali/Toolbox3/Projet/TestBackend/build/classes/java/main/com/laundry/laundryMgmt/models/ReservationEntity.class]
10:22:18.960 [Test worker] TRACE org.springframework.data.repository.config.RepositoryComponentProvider - Scanning file [/home/kali/Toolbox3/Projet/TestBackend/build/classes/java/main/com/laundry/laundryMgmt/models/SensorEntity.class]
10:22:18.960 [Test worker] TRACE org.springframework.data.repository.config.RepositoryComponentProvider - Ignored because not matching any filter: file [/home/kali/Toolbox3/Projet/TestBackend/build/classes/java/main/com/laundry/laundryMgmt/models/SensorEntity.class]
10:22:18.960 [Test worker] TRACE org.springframework.data.repository.config.RepositoryComponentProvider - Scanning file [/home/kali/Toolbox3/Projet/TestBackend/build/classes/java/main/com/laundry/laundryMgmt/models/SensorType.class]
10:22:18.960 [Test worker] TRACE org.springframework.data.repository.config.RepositoryComponentProvider - Ignored because not matching any filter: file [/home/kali/Toolbox3/Projet/TestBackend/build/classes/java/main/com/laundry/laundryMgmt/models/SensorType.class]
10:22:18.961 [Test worker] TRACE org.springframework.data.repository.config.RepositoryComponentProvider - Scanning file [/home/kali/Toolbox3/Projet/TestBackend/build/classes/java/main/com/laundry/laundryMgmt/records/MachineCommand.class]
10:22:18.961 [Test worker] TRACE org.springframework.data.repository.config.RepositoryComponentProvider - Ignored because not matching any filter: file [/home/kali/Toolbox3/Projet/TestBackend/build/classes/java/main/com/laundry/laundryMgmt/records/MachineCommand.class]
10:22:18.961 [Test worker] TRACE org.springframework.data.repository.config.RepositoryComponentProvider - Scanning file [/home/kali/Toolbox3/Projet/TestBackend/build/classes/java/main/com/laundry/laundryMgmt/records/MachineRecord.class]
10:22:18.961 [Test worker] TRACE org.springframework.data.repository.config.RepositoryComponentProvider - Ignored because not matching any filter: file [/home/kali/Toolbox3/Projet/TestBackend/build/classes/java/main/com/laundry/laundryMgmt/records/MachineRecord.class]
10:22:18.961 [Test worker] TRACE org.springframework.data.repository.config.RepositoryComponentProvider - Scanning file [/home/kali/Toolbox3/Projet/TestBackend/build/classes/java/main/com/laundry/laundryMgmt/records/ReservationCommand.class]
10:22:18.961 [Test worker] TRACE org.springframework.data.repository.config.RepositoryComponentProvider - Ignored because not matching any filter: file [/home/kali/Toolbox3/Projet/TestBackend/build/classes/java/main/com/laundry/laundryMgmt/records/ReservationCommand.class]
10:22:18.961 [Test worker] TRACE org.springframework.data.repository.config.RepositoryComponentProvider - Scanning file [/home/kali/Toolbox3/Projet/TestBackend/build/classes/java/main/com/laundry/laundryMgmt/records/ReservationRecord.class]
10:22:18.961 [Test worker] TRACE org.springframework.data.repository.config.RepositoryComponentProvider - Ignored because not matching any filter: file [/home/kali/Toolbox3/Projet/TestBackend/build/classes/java/main/com/laundry/laundryMgmt/records/ReservationRecord.class]
10:22:18.961 [Test worker] TRACE org.springframework.data.repository.config.RepositoryComponentProvider - Scanning file [/home/kali/Toolbox3/Projet/TestBackend/build/classes/java/main/com/laundry/laundryMgmt/records/SensorRecord.class]
10:22:18.961 [Test worker] TRACE org.springframework.data.repository.config.RepositoryComponentProvider - Ignored because not matching any filter: file [/home/kali/Toolbox3/Projet/TestBackend/build/classes/java/main/com/laundry/laundryMgmt/records/SensorRecord.class]
10:22:18.979 [Test worker] TRACE org.springframework.beans.factory.support.DefaultListableBeanFactory - Returning cached instance of singleton bean 'org.springframework.boot.autoconfigure.AutoConfigurationPackages'
10:22:18.979 [Test worker] TRACE org.springframework.core.io.support.PathMatchingResourcePatternResolver - Resolved module-path location pattern [com/laundry/laundryMgmt/**/*Impl.class] to resources []
10:22:18.979 [Test worker] TRACE org.springframework.core.io.support.PathMatchingResourcePatternResolver - Resolved module-path location pattern [com/laundry/laundryMgmt/] to resources []
10:22:18.980 [Test worker] TRACE org.springframework.core.io.support.PathMatchingResourcePatternResolver - Resolved classpath location [com/laundry/laundryMgmt/] to resources [file [/home/kali/Toolbox3/Projet/TestBackend/build/classes/java/test/com/laundry/laundryMgmt], file [/home/kali/Toolbox3/Projet/TestBackend/build/classes/java/main/com/laundry/laundryMgmt]]
10:22:18.980 [Test worker] TRACE org.springframework.core.io.support.PathMatchingResourcePatternResolver - Searching directory [/home/kali/Toolbox3/Projet/TestBackend/build/classes/java/test/com/laundry/laundryMgmt] for files matching pattern [**/*Impl.class]
10:22:18.981 [Test worker] TRACE org.springframework.core.io.support.PathMatchingResourcePatternResolver - Searching directory [/home/kali/Toolbox3/Projet/TestBackend/build/classes/java/main/com/laundry/laundryMgmt] for files matching pattern [**/*Impl.class]
10:22:18.983 [Test worker] TRACE org.springframework.core.io.support.PathMatchingResourcePatternResolver - Resolved location pattern [classpath*:com/laundry/laundryMgmt/**/*Impl.class] to resources []
10:22:18.988 [Test worker] TRACE org.springframework.data.repository.config.RepositoryConfigurationDelegate - Spring Data JPA - Registering repository: sensorDao - Interface: com.laundry.laundryMgmt.dao.SensorDao - Factory: org.springframework.data.jpa.repository.support.JpaRepositoryFactoryBean
10:22:18.991 [Test worker] TRACE org.springframework.data.repository.config.RepositoryConfigurationDelegate - Spring Data JPA - Registering repository: reservationDao - Interface: com.laundry.laundryMgmt.dao.ReservationDao - Factory: org.springframework.data.jpa.repository.support.JpaRepositoryFactoryBean
10:22:18.992 [Test worker] TRACE org.springframework.data.repository.config.RepositoryConfigurationDelegate - Spring Data JPA - Registering repository: machineDao - Interface: com.laundry.laundryMgmt.dao.MachineDao - Factory: org.springframework.data.jpa.repository.support.JpaRepositoryFactoryBean
10:22:18.992 [Test worker] INFO  org.springframework.data.repository.config.RepositoryConfigurationDelegate - Finished Spring Data repository scanning in 50 ms. Found 3 JPA repository interfaces.
10:22:18.994 [Test worker] TRACE org.springframework.boot.autoconfigure.condition.OnClassCondition - Condition OnClassCondition on org.springframework.boot.autoconfigure.http.HttpMessageConvertersAutoConfiguration matched due to @ConditionalOnClass found required class 'org.springframework.http.converter.HttpMessageConverter'
10:22:18.994 [Test worker] TRACE org.springframework.beans.factory.support.DefaultListableBeanFactory - Returning cached instance of singleton bean 'autoConfigurationReport'
10:22:18.994 [Test worker] TRACE org.springframework.boot.autoconfigure.condition.OnClassCondition - Condition OnClassCondition on org.springframework.boot.autoconfigure.http.HttpMessageConvertersAutoConfiguration$StringHttpMessageConverterConfiguration matched due to @ConditionalOnClass found required class 'org.springframework.http.converter.StringHttpMessageConverter'
10:22:18.994 [Test worker] TRACE org.springframework.beans.factory.support.DefaultListableBeanFactory - Returning cached instance of singleton bean 'autoConfigurationReport'
10:22:18.995 [Test worker] TRACE org.springframework.context.annotation.ConfigurationClassBeanDefinitionReader - Registered bean definition for imported class 'org.springframework.boot.autoconfigure.http.HttpMessageConvertersAutoConfiguration$StringHttpMessageConverterConfiguration'
10:22:19.000 [Test worker] TRACE org.springframework.boot.autoconfigure.condition.OnBeanCondition - Condition OnBeanCondition on org.springframework.boot.autoconfigure.http.HttpMessageConvertersAutoConfiguration$StringHttpMessageConverterConfiguration#stringHttpMessageConverter matched due to @ConditionalOnMissingBean (types: org.springframework.http.converter.StringHttpMessageConverter; SearchStrategy: all) did not find any beans
10:22:19.000 [Test worker] TRACE org.springframework.beans.factory.support.DefaultListableBeanFactory - Returning cached instance of singleton bean 'autoConfigurationReport'
10:22:19.000 [Test worker] TRACE org.springframework.context.annotation.ConfigurationClassBeanDefinitionReader - Registering bean definition for @Bean method org.springframework.boot.autoconfigure.http.HttpMessageConvertersAutoConfiguration$StringHttpMessageConverterConfiguration.stringHttpMessageConverter()
10:22:19.001 [Test worker] TRACE org.springframework.boot.autoconfigure.condition.OnClassCondition - Condition OnClassCondition on org.springframework.boot.autoconfigure.http.JacksonHttpMessageConvertersConfiguration$MappingJackson2HttpMessageConverterConfiguration matched due to @ConditionalOnClass found required class 'com.fasterxml.jackson.databind.ObjectMapper'
10:22:19.001 [Test worker] TRACE org.springframework.beans.factory.support.DefaultListableBeanFactory - Returning cached instance of singleton bean 'autoConfigurationReport'
10:22:19.001 [Test worker] TRACE org.springframework.boot.autoconfigure.condition.OnPropertyCondition - Condition OnPropertyCondition on org.springframework.boot.autoconfigure.http.JacksonHttpMessageConvertersConfiguration$MappingJackson2HttpMessageConverterConfiguration matched due to @ConditionalOnProperty (spring.mvc.converters.preferred-json-mapper=jackson) matched
10:22:19.001 [Test worker] TRACE org.springframework.beans.factory.support.DefaultListableBeanFactory - Returning cached instance of singleton bean 'autoConfigurationReport'
10:22:19.002 [Test worker] TRACE org.springframework.boot.autoconfigure.condition.OnBeanCondition - Condition OnBeanCondition on org.springframework.boot.autoconfigure.http.JacksonHttpMessageConvertersConfiguration$MappingJackson2HttpMessageConverterConfiguration matched due to @ConditionalOnBean (types: com.fasterxml.jackson.databind.ObjectMapper; SearchStrategy: all) found bean 'jacksonObjectMapper'
10:22:19.002 [Test worker] TRACE org.springframework.beans.factory.support.DefaultListableBeanFactory - Returning cached instance of singleton bean 'autoConfigurationReport'
10:22:19.003 [Test worker] TRACE org.springframework.context.annotation.ConfigurationClassBeanDefinitionReader - Registered bean definition for imported class 'org.springframework.boot.autoconfigure.http.JacksonHttpMessageConvertersConfiguration$MappingJackson2HttpMessageConverterConfiguration'
10:22:19.005 [Test worker] TRACE org.springframework.boot.autoconfigure.condition.OnBeanCondition - Condition OnBeanCondition on org.springframework.boot.autoconfigure.http.JacksonHttpMessageConvertersConfiguration$MappingJackson2HttpMessageConverterConfiguration#mappingJackson2HttpMessageConverter matched due to @ConditionalOnMissingBean (types: org.springframework.http.converter.json.MappingJackson2HttpMessageConverter ignored: org.springframework.hateoas.server.mvc.TypeConstrainedMappingJackson2HttpMessageConverter,org.springframework.data.rest.webmvc.alps.AlpsJsonHttpMessageConverter; SearchStrategy: all) did not find any beans
10:22:19.005 [Test worker] TRACE org.springframework.beans.factory.support.DefaultListableBeanFactory - Returning cached instance of singleton bean 'autoConfigurationReport'
10:22:19.005 [Test worker] TRACE org.springframework.context.annotation.ConfigurationClassBeanDefinitionReader - Registering bean definition for @Bean method org.springframework.boot.autoconfigure.http.JacksonHttpMessageConvertersConfiguration$MappingJackson2HttpMessageConverterConfiguration.mappingJackson2HttpMessageConverter()
10:22:19.005 [Test worker] TRACE org.springframework.context.annotation.ConfigurationClassBeanDefinitionReader - Registered bean definition for imported class 'org.springframework.boot.autoconfigure.http.JacksonHttpMessageConvertersConfiguration'
10:22:19.014 [Test worker] TRACE org.springframework.context.annotation.ConfigurationClassBeanDefinitionReader - Registered bean definition for imported class 'org.springframework.boot.autoconfigure.http.HttpMessageConvertersAutoConfiguration'
10:22:19.022 [Test worker] TRACE org.springframework.boot.autoconfigure.condition.OnBeanCondition - Condition OnBeanCondition on org.springframework.boot.autoconfigure.http.HttpMessageConvertersAutoConfiguration#messageConverters matched due to @ConditionalOnMissingBean (types: org.springframework.boot.autoconfigure.http.HttpMessageConverters; SearchStrategy: all) did not find any beans
10:22:19.022 [Test worker] TRACE org.springframework.beans.factory.support.DefaultListableBeanFactory - Returning cached instance of singleton bean 'autoConfigurationReport'
10:22:19.022 [Test worker] TRACE org.springframework.context.annotation.ConfigurationClassBeanDefinitionReader - Registering bean definition for @Bean method org.springframework.boot.autoconfigure.http.HttpMessageConvertersAutoConfiguration.messageConverters()
10:22:19.023 [Test worker] TRACE org.springframework.boot.autoconfigure.condition.OnClassCondition - Condition OnClassCondition on org.springframework.boot.autoconfigure.data.web.SpringDataWebAutoConfiguration matched due to @ConditionalOnClass found required classes 'org.springframework.data.web.PageableHandlerMethodArgumentResolver', 'org.springframework.web.servlet.config.annotation.WebMvcConfigurer'
10:22:19.023 [Test worker] TRACE org.springframework.beans.factory.support.DefaultListableBeanFactory - Returning cached instance of singleton bean 'autoConfigurationReport'
10:22:19.023 [Test worker] TRACE org.springframework.boot.autoconfigure.condition.OnWebApplicationCondition - Condition OnWebApplicationCondition on org.springframework.boot.autoconfigure.data.web.SpringDataWebAutoConfiguration matched due to found 'session' scope
10:22:19.023 [Test worker] TRACE org.springframework.beans.factory.support.DefaultListableBeanFactory - Returning cached instance of singleton bean 'autoConfigurationReport'
10:22:19.024 [Test worker] TRACE org.springframework.boot.autoconfigure.condition.OnBeanCondition - Condition OnBeanCondition on org.springframework.boot.autoconfigure.data.web.SpringDataWebAutoConfiguration matched due to @ConditionalOnMissingBean (types: org.springframework.data.web.PageableHandlerMethodArgumentResolver; SearchStrategy: all) did not find any beans
10:22:19.025 [Test worker] TRACE org.springframework.beans.factory.support.DefaultListableBeanFactory - Returning cached instance of singleton bean 'autoConfigurationReport'
10:22:19.025 [Test worker] TRACE org.springframework.context.annotation.ConfigurationClassBeanDefinitionReader - Registered bean definition for imported class 'org.springframework.data.web.config.ProjectingArgumentResolverRegistrar'
10:22:19.025 [Test worker] TRACE org.springframework.context.annotation.ConfigurationClassBeanDefinitionReader - Registering bean definition for @Bean method org.springframework.data.web.config.ProjectingArgumentResolverRegistrar.projectingArgumentResolverBeanPostProcessor()
10:22:19.025 [Test worker] TRACE org.springframework.context.annotation.ConfigurationClassBeanDefinitionReader - Registered bean definition for imported class 'org.springframework.data.web.config.SpringDataWebConfiguration'
10:22:19.025 [Test worker] TRACE org.springframework.context.annotation.ConfigurationClassBeanDefinitionReader - Registering bean definition for @Bean method org.springframework.data.web.config.SpringDataWebConfiguration.pageableResolver()
10:22:19.025 [Test worker] TRACE org.springframework.context.annotation.ConfigurationClassBeanDefinitionReader - Registering bean definition for @Bean method org.springframework.data.web.config.SpringDataWebConfiguration.sortResolver()
10:22:19.025 [Test worker] TRACE org.springframework.context.annotation.ConfigurationClassBeanDefinitionReader - Registered bean definition for imported class 'org.springframework.data.web.config.SpringDataJacksonConfiguration'
10:22:19.025 [Test worker] TRACE org.springframework.context.annotation.ConfigurationClassBeanDefinitionReader - Registering bean definition for @Bean method org.springframework.data.web.config.SpringDataJacksonConfiguration.jacksonGeoModule()
10:22:19.026 [Test worker] TRACE org.springframework.context.annotation.ConfigurationClassBeanDefinitionReader - Registered bean definition for imported class 'org.springframework.boot.autoconfigure.data.web.SpringDataWebAutoConfiguration'
10:22:19.031 [Test worker] TRACE org.springframework.boot.autoconfigure.condition.OnBeanCondition - Condition OnBeanCondition on org.springframework.boot.autoconfigure.data.web.SpringDataWebAutoConfiguration#pageableCustomizer matched due to @ConditionalOnMissingBean (types: org.springframework.data.web.config.PageableHandlerMethodArgumentResolverCustomizer; SearchStrategy: all) did not find any beans
10:22:19.032 [Test worker] TRACE org.springframework.beans.factory.support.DefaultListableBeanFactory - Returning cached instance of singleton bean 'autoConfigurationReport'
10:22:19.032 [Test worker] TRACE org.springframework.context.annotation.ConfigurationClassBeanDefinitionReader - Registering bean definition for @Bean method org.springframework.boot.autoconfigure.data.web.SpringDataWebAutoConfiguration.pageableCustomizer()
10:22:19.033 [Test worker] TRACE org.springframework.boot.autoconfigure.condition.OnBeanCondition - Condition OnBeanCondition on org.springframework.boot.autoconfigure.data.web.SpringDataWebAutoConfiguration#sortCustomizer matched due to @ConditionalOnMissingBean (types: org.springframework.data.web.config.SortHandlerMethodArgumentResolverCustomizer; SearchStrategy: all) did not find any beans
10:22:19.033 [Test worker] TRACE org.springframework.beans.factory.support.DefaultListableBeanFactory - Returning cached instance of singleton bean 'autoConfigurationReport'
10:22:19.033 [Test worker] TRACE org.springframework.context.annotation.ConfigurationClassBeanDefinitionReader - Registering bean definition for @Bean method org.springframework.boot.autoconfigure.data.web.SpringDataWebAutoConfiguration.sortCustomizer()
10:22:19.034 [Test worker] TRACE org.springframework.boot.autoconfigure.condition.OnClassCondition - Condition OnClassCondition on org.springframework.boot.autoconfigure.h2.H2ConsoleAutoConfiguration matched due to @ConditionalOnClass found required class 'org.h2.server.web.JakartaWebServlet'
10:22:19.034 [Test worker] TRACE org.springframework.beans.factory.support.DefaultListableBeanFactory - Returning cached instance of singleton bean 'autoConfigurationReport'
10:22:19.035 [Test worker] TRACE org.springframework.boot.autoconfigure.condition.OnWebApplicationCondition - Condition OnWebApplicationCondition on org.springframework.boot.autoconfigure.h2.H2ConsoleAutoConfiguration matched due to found 'session' scope
10:22:19.035 [Test worker] TRACE org.springframework.beans.factory.support.DefaultListableBeanFactory - Returning cached instance of singleton bean 'autoConfigurationReport'
10:22:19.036 [Test worker] TRACE org.springframework.boot.autoconfigure.condition.OnPropertyCondition - Condition OnPropertyCondition on org.springframework.boot.autoconfigure.h2.H2ConsoleAutoConfiguration matched due to @ConditionalOnProperty (spring.h2.console.enabled=true) matched
10:22:19.036 [Test worker] TRACE org.springframework.beans.factory.support.DefaultListableBeanFactory - Returning cached instance of singleton bean 'autoConfigurationReport'
10:22:19.037 [Test worker] TRACE org.springframework.context.annotation.ConfigurationClassBeanDefinitionReader - Registered bean definition for imported class 'org.springframework.boot.autoconfigure.h2.H2ConsoleAutoConfiguration'
10:22:19.038 [Test worker] TRACE org.springframework.context.annotation.ConfigurationClassBeanDefinitionReader - Registering bean definition for @Bean method org.springframework.boot.autoconfigure.h2.H2ConsoleAutoConfiguration.h2Console()
10:22:19.039 [Test worker] TRACE org.springframework.context.annotation.ConfigurationClassBeanDefinitionReader - Registered bean definition for imported class 'org.springframework.boot.autoconfigure.info.ProjectInfoAutoConfiguration'
10:22:19.040 [Test worker] TRACE org.springframework.boot.autoconfigure.info.ProjectInfoAutoConfiguration$GitResourceAvailableCondition - Condition ProjectInfoAutoConfiguration.GitResourceAvailableCondition on org.springframework.boot.autoconfigure.info.ProjectInfoAutoConfiguration#gitProperties did not match due to GitResource did not find git info at classpath:git.properties
10:22:19.040 [Test worker] TRACE org.springframework.beans.factory.support.DefaultListableBeanFactory - Returning cached instance of singleton bean 'autoConfigurationReport'
10:22:19.040 [Test worker] TRACE org.springframework.boot.context.properties.source.ConfigurationPropertySourcesPropertyResolver$DefaultResolver - Searching for key 'spring.info.build.location:classpath:META-INF/build-info.properties' in PropertySource 'configurationProperties'
10:22:19.040 [Test worker] TRACE org.springframework.boot.context.properties.source.ConfigurationPropertySourcesPropertyResolver$DefaultResolver - Searching for key 'spring.info.build.location:classpath:META-INF/build-info.properties' in PropertySource 'test'
10:22:19.040 [Test worker] TRACE org.springframework.boot.context.properties.source.ConfigurationPropertySourcesPropertyResolver$DefaultResolver - Searching for key 'spring.info.build.location:classpath:META-INF/build-info.properties' in PropertySource 'Inlined Test Properties'
10:22:19.040 [Test worker] TRACE org.springframework.boot.context.properties.source.ConfigurationPropertySourcesPropertyResolver$DefaultResolver - Searching for key 'spring.info.build.location:classpath:META-INF/build-info.properties' in PropertySource 'servletConfigInitParams'
10:22:19.040 [Test worker] TRACE org.springframework.boot.context.properties.source.ConfigurationPropertySourcesPropertyResolver$DefaultResolver - Searching for key 'spring.info.build.location:classpath:META-INF/build-info.properties' in PropertySource 'servletContextInitParams'
10:22:19.040 [Test worker] TRACE org.springframework.boot.context.properties.source.ConfigurationPropertySourcesPropertyResolver$DefaultResolver - Searching for key 'spring.info.build.location:classpath:META-INF/build-info.properties' in PropertySource 'systemProperties'
10:22:19.040 [Test worker] TRACE org.springframework.boot.context.properties.source.ConfigurationPropertySourcesPropertyResolver$DefaultResolver - Searching for key 'spring.info.build.location:classpath:META-INF/build-info.properties' in PropertySource 'systemEnvironment'
10:22:19.040 [Test worker] TRACE org.springframework.boot.context.properties.source.ConfigurationPropertySourcesPropertyResolver$DefaultResolver - Searching for key 'spring.info.build.location:classpath:META-INF/build-info.properties' in PropertySource 'random'
10:22:19.040 [Test worker] TRACE org.springframework.boot.context.properties.source.ConfigurationPropertySourcesPropertyResolver$DefaultResolver - Searching for key 'spring.info.build.location:classpath:META-INF/build-info.properties' in PropertySource 'Config resource 'class path resource [application.properties]' via location 'optional:classpath:/''
10:22:19.040 [Test worker] TRACE org.springframework.boot.context.properties.source.ConfigurationPropertySourcesPropertyResolver$DefaultResolver - Could not find key 'spring.info.build.location:classpath:META-INF/build-info.properties' in any property source
10:22:19.041 [Test worker] TRACE org.springframework.util.PropertyPlaceholderHelper - Resolved placeholder 'spring.info.build.location:classpath:META-INF/build-info.properties'
10:22:19.041 [Test worker] TRACE org.springframework.boot.autoconfigure.condition.OnResourceCondition - Condition OnResourceCondition on org.springframework.boot.autoconfigure.info.ProjectInfoAutoConfiguration#buildProperties did not match due to @ConditionalOnResource did not find resource '${spring.info.build.location:classpath:META-INF/build-info.properties}'
10:22:19.041 [Test worker] TRACE org.springframework.beans.factory.support.DefaultListableBeanFactory - Returning cached instance of singleton bean 'autoConfigurationReport'
10:22:19.043 [Test worker] TRACE org.springframework.boot.autoconfigure.condition.OnClassCondition - Condition OnClassCondition on org.springframework.boot.autoconfigure.jdbc.JdbcTemplateAutoConfiguration matched due to @ConditionalOnClass found required classes 'javax.sql.DataSource', 'org.springframework.jdbc.core.JdbcTemplate'
10:22:19.043 [Test worker] TRACE org.springframework.beans.factory.support.DefaultListableBeanFactory - Returning cached instance of singleton bean 'autoConfigurationReport'
10:22:19.046 [Test worker] TRACE org.springframework.boot.autoconfigure.condition.OnBeanCondition - Condition OnBeanCondition on org.springframework.boot.autoconfigure.jdbc.JdbcTemplateAutoConfiguration matched due to @ConditionalOnSingleCandidate (types: javax.sql.DataSource; SearchStrategy: all) found a single bean 'dataSource'
10:22:19.046 [Test worker] TRACE org.springframework.beans.factory.support.DefaultListableBeanFactory - Returning cached instance of singleton bean 'autoConfigurationReport'
10:22:19.047 [Test worker] TRACE org.springframework.boot.autoconfigure.condition.OnBeanCondition - Condition OnBeanCondition on org.springframework.boot.autoconfigure.jdbc.JdbcTemplateConfiguration matched due to @ConditionalOnMissingBean (types: org.springframework.jdbc.core.JdbcOperations; SearchStrategy: all) did not find any beans
10:22:19.047 [Test worker] TRACE org.springframework.beans.factory.support.DefaultListableBeanFactory - Returning cached instance of singleton bean 'autoConfigurationReport'
10:22:19.047 [Test worker] TRACE org.springframework.context.annotation.ConfigurationClassBeanDefinitionReader - Registered bean definition for imported class 'org.springframework.boot.autoconfigure.jdbc.JdbcTemplateConfiguration'
10:22:19.047 [Test worker] TRACE org.springframework.context.annotation.ConfigurationClassBeanDefinitionReader - Registering bean definition for @Bean method org.springframework.boot.autoconfigure.jdbc.JdbcTemplateConfiguration.jdbcTemplate()
10:22:19.050 [Test worker] TRACE org.springframework.boot.autoconfigure.condition.OnBeanCondition - Condition OnBeanCondition on org.springframework.boot.autoconfigure.jdbc.NamedParameterJdbcTemplateConfiguration matched due to @ConditionalOnSingleCandidate (types: org.springframework.jdbc.core.JdbcTemplate; SearchStrategy: all) found a single bean 'jdbcTemplate'; @ConditionalOnMissingBean (types: org.springframework.jdbc.core.namedparam.NamedParameterJdbcOperations; SearchStrategy: all) did not find any beans
10:22:19.050 [Test worker] TRACE org.springframework.beans.factory.support.DefaultListableBeanFactory - Returning cached instance of singleton bean 'autoConfigurationReport'
10:22:19.051 [Test worker] TRACE org.springframework.boot.autoconfigure.condition.OnBeanCondition - Condition OnBeanCondition on org.springframework.boot.autoconfigure.jdbc.NamedParameterJdbcTemplateConfiguration matched due to @ConditionalOnSingleCandidate (types: org.springframework.jdbc.core.JdbcTemplate; SearchStrategy: all) found a single bean 'jdbcTemplate'; @ConditionalOnMissingBean (types: org.springframework.jdbc.core.namedparam.NamedParameterJdbcOperations; SearchStrategy: all) did not find any beans
10:22:19.052 [Test worker] TRACE org.springframework.beans.factory.support.DefaultListableBeanFactory - Returning cached instance of singleton bean 'autoConfigurationReport'
10:22:19.052 [Test worker] TRACE org.springframework.context.annotation.ConfigurationClassBeanDefinitionReader - Registered bean definition for imported class 'org.springframework.boot.autoconfigure.jdbc.NamedParameterJdbcTemplateConfiguration'
10:22:19.052 [Test worker] TRACE org.springframework.context.annotation.ConfigurationClassBeanDefinitionReader - Registering bean definition for @Bean method org.springframework.boot.autoconfigure.jdbc.NamedParameterJdbcTemplateConfiguration.namedParameterJdbcTemplate()
10:22:19.053 [Test worker] TRACE org.springframework.context.annotation.ConfigurationClassBeanDefinitionReader - Registered bean definition for imported class 'org.springframework.boot.autoconfigure.jdbc.JdbcTemplateAutoConfiguration'
10:22:19.055 [Test worker] TRACE org.springframework.boot.autoconfigure.condition.OnClassCondition - Condition OnClassCondition on org.springframework.boot.autoconfigure.security.reactive.ReactiveUserDetailsServiceAutoConfiguration matched due to @ConditionalOnClass found required class 'org.springframework.security.authentication.ReactiveAuthenticationManager'
10:22:19.055 [Test worker] TRACE org.springframework.beans.factory.support.DefaultListableBeanFactory - Returning cached instance of singleton bean 'autoConfigurationReport'
10:22:19.057 [Test worker] TRACE org.springframework.boot.autoconfigure.security.reactive.ReactiveUserDetailsServiceAutoConfiguration$ReactiveUserDetailsServiceCondition - Condition ReactiveUserDetailsServiceAutoConfiguration.ReactiveUserDetailsServiceCondition on org.springframework.boot.autoconfigure.security.reactive.ReactiveUserDetailsServiceAutoConfiguration did not match due to AnyNestedCondition 0 matched 2 did not; NestedCondition on ReactiveUserDetailsServiceAutoConfiguration.ReactiveUserDetailsServiceCondition.ReactiveWebApplicationCondition did not find reactive web application classes; NestedCondition on ReactiveUserDetailsServiceAutoConfiguration.ReactiveUserDetailsServiceCondition.RSocketSecurityEnabledCondition @ConditionalOnBean (types: org.springframework.messaging.rsocket.annotation.support.RSocketMessageHandler; SearchStrategy: all) did not find any beans of type org.springframework.messaging.rsocket.annotation.support.RSocketMessageHandler
10:22:19.057 [Test worker] TRACE org.springframework.beans.factory.support.DefaultListableBeanFactory - Returning cached instance of singleton bean 'autoConfigurationReport'
10:22:19.057 [Test worker] TRACE org.springframework.boot.autoconfigure.condition.OnClassCondition - Condition OnClassCondition on org.springframework.boot.autoconfigure.security.servlet.SecurityAutoConfiguration matched due to @ConditionalOnClass found required class 'org.springframework.security.authentication.DefaultAuthenticationEventPublisher'
10:22:19.057 [Test worker] TRACE org.springframework.beans.factory.support.DefaultListableBeanFactory - Returning cached instance of singleton bean 'autoConfigurationReport'
10:22:19.057 [Test worker] TRACE org.springframework.boot.autoconfigure.condition.OnWebApplicationCondition - Condition OnWebApplicationCondition on org.springframework.boot.autoconfigure.security.servlet.SpringBootWebSecurityConfiguration matched due to found 'session' scope
10:22:19.057 [Test worker] TRACE org.springframework.beans.factory.support.DefaultListableBeanFactory - Returning cached instance of singleton bean 'autoConfigurationReport'
10:22:19.057 [Test worker] TRACE org.springframework.boot.autoconfigure.condition.OnClassCondition - Condition OnClassCondition on org.springframework.boot.autoconfigure.security.servlet.SpringBootWebSecurityConfiguration$WebSecurityEnablerConfiguration matched due to @ConditionalOnClass found required class 'org.springframework.security.config.annotation.web.configuration.EnableWebSecurity'
10:22:19.058 [Test worker] TRACE org.springframework.beans.factory.support.DefaultListableBeanFactory - Returning cached instance of singleton bean 'autoConfigurationReport'
10:22:19.058 [Test worker] TRACE org.springframework.boot.autoconfigure.condition.OnBeanCondition - Condition OnBeanCondition on org.springframework.boot.autoconfigure.security.servlet.SpringBootWebSecurityConfiguration$WebSecurityEnablerConfiguration matched due to @ConditionalOnMissingBean (names: springSecurityFilterChain; SearchStrategy: all) did not find any beans
10:22:19.058 [Test worker] TRACE org.springframework.beans.factory.support.DefaultListableBeanFactory - Returning cached instance of singleton bean 'autoConfigurationReport'
10:22:19.058 [Test worker] TRACE org.springframework.context.annotation.ConfigurationClassBeanDefinitionReader - Registered bean definition for imported class 'org.springframework.security.config.annotation.configuration.ObjectPostProcessorConfiguration'
10:22:19.058 [Test worker] TRACE org.springframework.context.annotation.ConfigurationClassBeanDefinitionReader - Registering bean definition for @Bean method org.springframework.security.config.annotation.configuration.ObjectPostProcessorConfiguration.objectPostProcessor()
10:22:19.059 [Test worker] TRACE org.springframework.context.annotation.ConfigurationClassBeanDefinitionReader - Registered bean definition for imported class 'org.springframework.security.config.annotation.authentication.configuration.AuthenticationConfiguration'
10:22:19.059 [Test worker] TRACE org.springframework.context.annotation.ConfigurationClassBeanDefinitionReader - Registering bean definition for @Bean method org.springframework.security.config.annotation.authentication.configuration.AuthenticationConfiguration.authenticationManagerBuilder()
10:22:19.059 [Test worker] TRACE org.springframework.context.annotation.ConfigurationClassBeanDefinitionReader - Registering bean definition for @Bean method org.springframework.security.config.annotation.authentication.configuration.AuthenticationConfiguration.enableGlobalAuthenticationAutowiredConfigurer()
10:22:19.059 [Test worker] TRACE org.springframework.context.annotation.ConfigurationClassBeanDefinitionReader - Registering bean definition for @Bean method org.springframework.security.config.annotation.authentication.configuration.AuthenticationConfiguration.initializeUserDetailsBeanManagerConfigurer()
10:22:19.059 [Test worker] TRACE org.springframework.context.annotation.ConfigurationClassBeanDefinitionReader - Registering bean definition for @Bean method org.springframework.security.config.annotation.authentication.configuration.AuthenticationConfiguration.initializeAuthenticationProviderBeanManagerConfigurer()
10:22:19.060 [Test worker] TRACE org.springframework.context.annotation.ConfigurationClassBeanDefinitionReader - Registered bean definition for imported class 'org.springframework.security.config.annotation.web.configuration.WebSecurityConfiguration'
10:22:19.060 [Test worker] TRACE org.springframework.context.annotation.ConfigurationClassBeanDefinitionReader - Registering bean definition for @Bean method org.springframework.security.config.annotation.web.configuration.WebSecurityConfiguration.delegatingApplicationListener()
10:22:19.060 [Test worker] TRACE org.springframework.context.annotation.ConfigurationClassBeanDefinitionReader - Registering bean definition for @Bean method org.springframework.security.config.annotation.web.configuration.WebSecurityConfiguration.webSecurityExpressionHandler()
10:22:19.060 [Test worker] TRACE org.springframework.context.annotation.ConfigurationClassBeanDefinitionReader - Registering bean definition for @Bean method org.springframework.security.config.annotation.web.configuration.WebSecurityConfiguration.springSecurityFilterChain()
10:22:19.060 [Test worker] TRACE org.springframework.context.annotation.ConfigurationClassBeanDefinitionReader - Registering bean definition for @Bean method org.springframework.security.config.annotation.web.configuration.WebSecurityConfiguration.privilegeEvaluator()
10:22:19.060 [Test worker] TRACE org.springframework.context.annotation.ConfigurationClassBeanDefinitionReader - Registering bean definition for @Bean method org.springframework.security.config.annotation.web.configuration.WebSecurityConfiguration.conversionServicePostProcessor()
10:22:19.060 [Test worker] TRACE org.springframework.context.annotation.ConfigurationClassBeanDefinitionReader - Registered bean definition for imported class 'org.springframework.security.config.annotation.web.configuration.WebMvcSecurityConfiguration'
10:22:19.060 [Test worker] TRACE org.springframework.context.annotation.ConfigurationClassBeanDefinitionReader - Registering bean definition for @Bean method org.springframework.security.config.annotation.web.configuration.WebMvcSecurityConfiguration.requestDataValueProcessor()
10:22:19.060 [Test worker] TRACE org.springframework.context.annotation.ConfigurationClassBeanDefinitionReader - Registered bean definition for imported class 'org.springframework.security.config.annotation.web.configuration.HttpSecurityConfiguration'
10:22:19.060 [Test worker] TRACE org.springframework.context.annotation.ConfigurationClassBeanDefinitionReader - Registering bean definition for @Bean method org.springframework.security.config.annotation.web.configuration.HttpSecurityConfiguration.org.springframework.security.config.annotation.web.configuration.HttpSecurityConfiguration.httpSecurity()
10:22:19.060 [Test worker] TRACE org.springframework.context.annotation.ConfigurationClassBeanDefinitionReader - Registered bean definition for imported class 'org.springframework.boot.autoconfigure.security.servlet.SpringBootWebSecurityConfiguration$WebSecurityEnablerConfiguration'
10:22:19.085 [Test worker] TRACE org.springframework.boot.autoconfigure.security.DefaultWebSecurityCondition - Condition DefaultWebSecurityCondition on org.springframework.boot.autoconfigure.security.servlet.SpringBootWebSecurityConfiguration$SecurityFilterChainConfiguration did not match due to AllNestedConditions 1 matched 1 did not; NestedCondition on DefaultWebSecurityCondition.Beans @ConditionalOnMissingBean (types: org.springframework.security.web.SecurityFilterChain; SearchStrategy: all) found beans of type 'org.springframework.security.web.SecurityFilterChain' defaultSecurityFilterChain; NestedCondition on DefaultWebSecurityCondition.Classes @ConditionalOnClass found required classes 'org.springframework.security.web.SecurityFilterChain', 'org.springframework.security.config.annotation.web.builders.HttpSecurity'
10:22:19.085 [Test worker] TRACE org.springframework.beans.factory.support.DefaultListableBeanFactory - Returning cached instance of singleton bean 'autoConfigurationReport'
10:22:19.085 [Test worker] TRACE org.springframework.context.annotation.ConfigurationClassBeanDefinitionReader - Registered bean definition for imported class 'org.springframework.boot.autoconfigure.security.servlet.SpringBootWebSecurityConfiguration'
10:22:19.088 [Test worker] TRACE org.springframework.context.annotation.ConfigurationClassBeanDefinitionReader - Registered bean definition for imported class 'org.springframework.boot.autoconfigure.security.servlet.SecurityAutoConfiguration'
10:22:19.089 [Test worker] TRACE org.springframework.boot.autoconfigure.condition.OnBeanCondition - Condition OnBeanCondition on org.springframework.boot.autoconfigure.security.servlet.SecurityAutoConfiguration#authenticationEventPublisher matched due to @ConditionalOnMissingBean (types: org.springframework.security.authentication.AuthenticationEventPublisher; SearchStrategy: all) did not find any beans
10:22:19.089 [Test worker] TRACE org.springframework.beans.factory.support.DefaultListableBeanFactory - Returning cached instance of singleton bean 'autoConfigurationReport'
10:22:19.089 [Test worker] TRACE org.springframework.context.annotation.ConfigurationClassBeanDefinitionReader - Registering bean definition for @Bean method org.springframework.boot.autoconfigure.security.servlet.SecurityAutoConfiguration.authenticationEventPublisher()
10:22:19.092 [Test worker] TRACE org.springframework.boot.autoconfigure.condition.OnClassCondition - Condition OnClassCondition on org.springframework.boot.autoconfigure.security.servlet.SecurityFilterAutoConfiguration matched due to @ConditionalOnClass found required classes 'org.springframework.security.web.context.AbstractSecurityWebApplicationInitializer', 'org.springframework.security.config.http.SessionCreationPolicy'
10:22:19.092 [Test worker] TRACE org.springframework.beans.factory.support.DefaultListableBeanFactory - Returning cached instance of singleton bean 'autoConfigurationReport'
10:22:19.092 [Test worker] TRACE org.springframework.boot.autoconfigure.condition.OnWebApplicationCondition - Condition OnWebApplicationCondition on org.springframework.boot.autoconfigure.security.servlet.SecurityFilterAutoConfiguration matched due to found 'session' scope
10:22:19.092 [Test worker] TRACE org.springframework.beans.factory.support.DefaultListableBeanFactory - Returning cached instance of singleton bean 'autoConfigurationReport'
10:22:19.092 [Test worker] TRACE org.springframework.context.annotation.ConfigurationClassBeanDefinitionReader - Registered bean definition for imported class 'org.springframework.boot.autoconfigure.security.servlet.SecurityFilterAutoConfiguration'
10:22:19.093 [Test worker] TRACE org.springframework.boot.autoconfigure.condition.OnBeanCondition - Condition OnBeanCondition on org.springframework.boot.autoconfigure.security.servlet.SecurityFilterAutoConfiguration#securityFilterChainRegistration matched due to @ConditionalOnBean (names: springSecurityFilterChain; SearchStrategy: all) found bean 'springSecurityFilterChain'
10:22:19.093 [Test worker] TRACE org.springframework.beans.factory.support.DefaultListableBeanFactory - Returning cached instance of singleton bean 'autoConfigurationReport'
10:22:19.093 [Test worker] TRACE org.springframework.context.annotation.ConfigurationClassBeanDefinitionReader - Registering bean definition for @Bean method org.springframework.boot.autoconfigure.security.servlet.SecurityFilterAutoConfiguration.securityFilterChainRegistration()
10:22:19.093 [Test worker] TRACE org.springframework.boot.autoconfigure.condition.OnClassCondition - Condition OnClassCondition on org.springframework.boot.autoconfigure.security.servlet.UserDetailsServiceAutoConfiguration matched due to @ConditionalOnClass found required class 'org.springframework.security.authentication.AuthenticationManager'
10:22:19.093 [Test worker] TRACE org.springframework.beans.factory.support.DefaultListableBeanFactory - Returning cached instance of singleton bean 'autoConfigurationReport'
10:22:19.097 [Test worker] TRACE org.springframework.boot.autoconfigure.condition.OnBeanCondition - Condition OnBeanCondition on org.springframework.boot.autoconfigure.security.servlet.UserDetailsServiceAutoConfiguration did not match due to @ConditionalOnMissingBean (types: org.springframework.security.authentication.AuthenticationManager,org.springframework.security.authentication.AuthenticationProvider,org.springframework.security.core.userdetails.UserDetailsService,org.springframework.security.authentication.AuthenticationManagerResolver,org.springframework.security.oauth2.jwt.JwtDecoder,org.springframework.security.oauth2.server.resource.introspection.OpaqueTokenIntrospector,org.springframework.security.oauth2.client.registration.ClientRegistrationRepository,org.springframework.security.saml2.provider.service.registration.RelyingPartyRegistrationRepository; SearchStrategy: all) found beans of type 'org.springframework.security.core.userdetails.UserDetailsService' userDetailsService
10:22:19.098 [Test worker] TRACE org.springframework.beans.factory.support.DefaultListableBeanFactory - Returning cached instance of singleton bean 'autoConfigurationReport'
10:22:19.098 [Test worker] TRACE org.springframework.boot.autoconfigure.condition.OnPropertyCondition - Condition OnPropertyCondition on org.springframework.boot.autoconfigure.sql.init.SqlInitializationAutoConfiguration matched due to @ConditionalOnProperty (spring.sql.init.enabled) matched
10:22:19.098 [Test worker] TRACE org.springframework.beans.factory.support.DefaultListableBeanFactory - Returning cached instance of singleton bean 'autoConfigurationReport'
10:22:19.099 [Test worker] TRACE org.springframework.boot.autoconfigure.condition.OnClassCondition - Condition OnClassCondition on org.springframework.boot.autoconfigure.sql.init.DataSourceInitializationConfiguration matched due to @ConditionalOnClass found required class 'org.springframework.jdbc.datasource.init.DatabasePopulator'
10:22:19.099 [Test worker] TRACE org.springframework.beans.factory.support.DefaultListableBeanFactory - Returning cached instance of singleton bean 'autoConfigurationReport'
10:22:19.102 [Test worker] TRACE org.springframework.boot.autoconfigure.condition.OnBeanCondition - Condition OnBeanCondition on org.springframework.boot.autoconfigure.sql.init.DataSourceInitializationConfiguration matched due to @ConditionalOnSingleCandidate (types: javax.sql.DataSource; SearchStrategy: all) found a single bean 'dataSource'; @ConditionalOnMissingBean (types: org.springframework.boot.autoconfigure.sql.init.SqlDataSourceScriptDatabaseInitializer,org.springframework.boot.autoconfigure.sql.init.SqlR2dbcScriptDatabaseInitializer; SearchStrategy: all) did not find any beans
10:22:19.102 [Test worker] TRACE org.springframework.beans.factory.support.DefaultListableBeanFactory - Returning cached instance of singleton bean 'autoConfigurationReport'
10:22:19.103 [Test worker] TRACE org.springframework.boot.autoconfigure.condition.OnBeanCondition - Condition OnBeanCondition on org.springframework.boot.autoconfigure.sql.init.DataSourceInitializationConfiguration matched due to @ConditionalOnSingleCandidate (types: javax.sql.DataSource; SearchStrategy: all) found a single bean 'dataSource'; @ConditionalOnMissingBean (types: org.springframework.boot.autoconfigure.sql.init.SqlDataSourceScriptDatabaseInitializer,org.springframework.boot.autoconfigure.sql.init.SqlR2dbcScriptDatabaseInitializer; SearchStrategy: all) did not find any beans
10:22:19.104 [Test worker] TRACE org.springframework.beans.factory.support.DefaultListableBeanFactory - Returning cached instance of singleton bean 'autoConfigurationReport'
10:22:19.104 [Test worker] TRACE org.springframework.context.annotation.ConfigurationClassBeanDefinitionReader - Registered bean definition for imported class 'org.springframework.boot.autoconfigure.sql.init.DataSourceInitializationConfiguration'
10:22:19.105 [Test worker] TRACE org.springframework.context.annotation.ConfigurationClassBeanDefinitionReader - Registering bean definition for @Bean method org.springframework.boot.autoconfigure.sql.init.DataSourceInitializationConfiguration.dataSourceScriptDatabaseInitializer()
10:22:19.106 [Test worker] TRACE org.springframework.context.annotation.ConfigurationClassBeanDefinitionReader - Registered bean definition for imported class 'org.springframework.boot.autoconfigure.sql.init.SqlInitializationAutoConfiguration'
10:22:19.107 [Test worker] TRACE org.springframework.boot.autoconfigure.condition.OnClassCondition - Condition OnClassCondition on org.springframework.boot.autoconfigure.task.TaskSchedulingAutoConfiguration matched due to @ConditionalOnClass found required class 'org.springframework.scheduling.concurrent.ThreadPoolTaskScheduler'
10:22:19.107 [Test worker] TRACE org.springframework.beans.factory.support.DefaultListableBeanFactory - Returning cached instance of singleton bean 'autoConfigurationReport'
10:22:19.108 [Test worker] TRACE org.springframework.context.annotation.ConfigurationClassBeanDefinitionReader - Registered bean definition for imported class 'org.springframework.boot.autoconfigure.task.TaskSchedulingAutoConfiguration'
10:22:19.109 [Test worker] TRACE org.springframework.boot.autoconfigure.condition.OnBeanCondition - Condition OnBeanCondition on org.springframework.boot.autoconfigure.task.TaskSchedulingAutoConfiguration#taskScheduler did not match due to @ConditionalOnBean (names: org.springframework.context.annotation.internalScheduledAnnotationProcessor; SearchStrategy: all) did not find any beans named org.springframework.context.annotation.internalScheduledAnnotationProcessor
10:22:19.109 [Test worker] TRACE org.springframework.beans.factory.support.DefaultListableBeanFactory - Returning cached instance of singleton bean 'autoConfigurationReport'
10:22:19.109 [Test worker] TRACE org.springframework.boot.autoconfigure.condition.OnBeanCondition - Condition OnBeanCondition on org.springframework.boot.autoconfigure.task.TaskSchedulingAutoConfiguration#scheduledBeanLazyInitializationExcludeFilter did not match due to @ConditionalOnBean (names: org.springframework.context.annotation.internalScheduledAnnotationProcessor; SearchStrategy: all) did not find any beans named org.springframework.context.annotation.internalScheduledAnnotationProcessor
10:22:19.109 [Test worker] TRACE org.springframework.beans.factory.support.DefaultListableBeanFactory - Returning cached instance of singleton bean 'autoConfigurationReport'
10:22:19.112 [Test worker] TRACE org.springframework.boot.autoconfigure.condition.OnBeanCondition - Condition OnBeanCondition on org.springframework.boot.autoconfigure.task.TaskSchedulingAutoConfiguration#taskSchedulerBuilder matched due to @ConditionalOnMissingBean (types: org.springframework.boot.task.TaskSchedulerBuilder; SearchStrategy: all) did not find any beans
10:22:19.112 [Test worker] TRACE org.springframework.beans.factory.support.DefaultListableBeanFactory - Returning cached instance of singleton bean 'autoConfigurationReport'
10:22:19.112 [Test worker] TRACE org.springframework.context.annotation.ConfigurationClassBeanDefinitionReader - Registering bean definition for @Bean method org.springframework.boot.autoconfigure.task.TaskSchedulingAutoConfiguration.taskSchedulerBuilder()
10:22:19.113 [Test worker] TRACE org.springframework.boot.autoconfigure.condition.OnClassCondition - Condition OnClassCondition on org.springframework.boot.autoconfigure.jdbc.DataSourceTransactionManagerAutoConfiguration matched due to @ConditionalOnClass found required classes 'org.springframework.jdbc.core.JdbcTemplate', 'org.springframework.transaction.TransactionManager'
10:22:19.113 [Test worker] TRACE org.springframework.beans.factory.support.DefaultListableBeanFactory - Returning cached instance of singleton bean 'autoConfigurationReport'
10:22:19.116 [Test worker] TRACE org.springframework.boot.autoconfigure.condition.OnBeanCondition - Condition OnBeanCondition on org.springframework.boot.autoconfigure.jdbc.DataSourceTransactionManagerAutoConfiguration$JdbcTransactionManagerConfiguration matched due to @ConditionalOnSingleCandidate (types: javax.sql.DataSource; SearchStrategy: all) found a single bean 'dataSource'
10:22:19.116 [Test worker] TRACE org.springframework.beans.factory.support.DefaultListableBeanFactory - Returning cached instance of singleton bean 'autoConfigurationReport'
10:22:19.116 [Test worker] TRACE org.springframework.context.annotation.ConfigurationClassBeanDefinitionReader - Registered bean definition for imported class 'org.springframework.boot.autoconfigure.jdbc.DataSourceTransactionManagerAutoConfiguration$JdbcTransactionManagerConfiguration'
10:22:19.128 [Test worker] TRACE org.springframework.boot.autoconfigure.condition.OnBeanCondition - Condition OnBeanCondition on org.springframework.boot.autoconfigure.jdbc.DataSourceTransactionManagerAutoConfiguration$JdbcTransactionManagerConfiguration#transactionManager did not match due to @ConditionalOnMissingBean (types: org.springframework.transaction.TransactionManager; SearchStrategy: all) found beans of type 'org.springframework.transaction.TransactionManager' transactionManager
10:22:19.129 [Test worker] TRACE org.springframework.beans.factory.support.DefaultListableBeanFactory - Returning cached instance of singleton bean 'autoConfigurationReport'
10:22:19.129 [Test worker] TRACE org.springframework.context.annotation.ConfigurationClassBeanDefinitionReader - Registered bean definition for imported class 'org.springframework.boot.autoconfigure.jdbc.DataSourceTransactionManagerAutoConfiguration'
10:22:19.129 [Test worker] TRACE org.springframework.boot.autoconfigure.condition.OnClassCondition - Condition OnClassCondition on org.springframework.boot.autoconfigure.transaction.TransactionAutoConfiguration matched due to @ConditionalOnClass found required class 'org.springframework.transaction.PlatformTransactionManager'
10:22:19.129 [Test worker] TRACE org.springframework.beans.factory.support.DefaultListableBeanFactory - Returning cached instance of singleton bean 'autoConfigurationReport'
10:22:19.130 [Test worker] TRACE org.springframework.boot.autoconfigure.condition.OnBeanCondition - Condition OnBeanCondition on org.springframework.boot.autoconfigure.transaction.TransactionAutoConfiguration$AspectJTransactionManagementConfiguration did not match due to @ConditionalOnBean (types: org.springframework.transaction.aspectj.AbstractTransactionAspect; SearchStrategy: all) did not find any beans of type org.springframework.transaction.aspectj.AbstractTransactionAspect
10:22:19.130 [Test worker] TRACE org.springframework.beans.factory.support.DefaultListableBeanFactory - Returning cached instance of singleton bean 'autoConfigurationReport'
10:22:19.131 [Test worker] TRACE org.springframework.boot.autoconfigure.condition.OnBeanCondition - Condition OnBeanCondition on org.springframework.boot.autoconfigure.transaction.TransactionAutoConfiguration$EnableTransactionManagementConfiguration matched due to @ConditionalOnBean (types: org.springframework.transaction.TransactionManager; SearchStrategy: all) found bean 'transactionManager'; @ConditionalOnMissingBean (types: org.springframework.transaction.annotation.AbstractTransactionManagementConfiguration; SearchStrategy: all) did not find any beans
10:22:19.131 [Test worker] TRACE org.springframework.beans.factory.support.DefaultListableBeanFactory - Returning cached instance of singleton bean 'autoConfigurationReport'
10:22:19.132 [Test worker] TRACE org.springframework.boot.autoconfigure.condition.OnBeanCondition - Condition OnBeanCondition on org.springframework.boot.autoconfigure.transaction.TransactionAutoConfiguration$EnableTransactionManagementConfiguration matched due to @ConditionalOnBean (types: org.springframework.transaction.TransactionManager; SearchStrategy: all) found bean 'transactionManager'; @ConditionalOnMissingBean (types: org.springframework.transaction.annotation.AbstractTransactionManagementConfiguration; SearchStrategy: all) did not find any beans
10:22:19.132 [Test worker] TRACE org.springframework.beans.factory.support.DefaultListableBeanFactory - Returning cached instance of singleton bean 'autoConfigurationReport'
10:22:19.132 [Test worker] TRACE org.springframework.boot.autoconfigure.condition.OnPropertyCondition - Condition OnPropertyCondition on org.springframework.boot.autoconfigure.transaction.TransactionAutoConfiguration$EnableTransactionManagementConfiguration$CglibAutoProxyConfiguration matched due to @ConditionalOnProperty (spring.aop.proxy-target-class=true) matched
10:22:19.132 [Test worker] TRACE org.springframework.beans.factory.support.DefaultListableBeanFactory - Returning cached instance of singleton bean 'autoConfigurationReport'
10:22:19.133 [Test worker] TRACE org.springframework.context.annotation.ConfigurationClassBeanDefinitionReader - Registered bean definition for imported class 'org.springframework.transaction.annotation.ProxyTransactionManagementConfiguration'
10:22:19.133 [Test worker] TRACE org.springframework.context.annotation.ConfigurationClassBeanDefinitionReader - Registering bean definition for @Bean method org.springframework.transaction.annotation.ProxyTransactionManagementConfiguration.org.springframework.transaction.config.internalTransactionAdvisor()
10:22:19.133 [Test worker] TRACE org.springframework.context.annotation.ConfigurationClassBeanDefinitionReader - Registering bean definition for @Bean method org.springframework.transaction.annotation.ProxyTransactionManagementConfiguration.transactionAttributeSource()
10:22:19.133 [Test worker] TRACE org.springframework.context.annotation.ConfigurationClassBeanDefinitionReader - Registering bean definition for @Bean method org.springframework.transaction.annotation.ProxyTransactionManagementConfiguration.transactionInterceptor()
10:22:19.133 [Test worker] TRACE org.springframework.context.annotation.ConfigurationClassBeanDefinitionReader - Registering bean definition for @Bean method org.springframework.transaction.annotation.ProxyTransactionManagementConfiguration.org.springframework.transaction.config.internalTransactionalEventListenerFactory()
10:22:19.133 [Test worker] TRACE org.springframework.context.annotation.ConfigurationClassBeanDefinitionReader - Registered bean definition for imported class 'org.springframework.boot.autoconfigure.transaction.TransactionAutoConfiguration$EnableTransactionManagementConfiguration$CglibAutoProxyConfiguration'
10:22:19.133 [Test worker] TRACE org.springframework.context.annotation.ConfigurationClassBeanDefinitionReader - Registered bean definition for imported class 'org.springframework.boot.autoconfigure.transaction.TransactionAutoConfiguration$EnableTransactionManagementConfiguration'
10:22:19.140 [Test worker] TRACE org.springframework.boot.autoconfigure.condition.OnBeanCondition - Condition OnBeanCondition on org.springframework.boot.autoconfigure.transaction.TransactionAutoConfiguration$TransactionTemplateConfiguration matched due to @ConditionalOnSingleCandidate (types: org.springframework.transaction.PlatformTransactionManager; SearchStrategy: all) found a single bean 'transactionManager'
10:22:19.141 [Test worker] TRACE org.springframework.beans.factory.support.DefaultListableBeanFactory - Returning cached instance of singleton bean 'autoConfigurationReport'
10:22:19.141 [Test worker] TRACE org.springframework.context.annotation.ConfigurationClassBeanDefinitionReader - Registered bean definition for imported class 'org.springframework.boot.autoconfigure.transaction.TransactionAutoConfiguration$TransactionTemplateConfiguration'
10:22:19.142 [Test worker] TRACE org.springframework.boot.autoconfigure.condition.OnBeanCondition - Condition OnBeanCondition on org.springframework.boot.autoconfigure.transaction.TransactionAutoConfiguration$TransactionTemplateConfiguration#transactionTemplate matched due to @ConditionalOnMissingBean (types: org.springframework.transaction.support.TransactionOperations; SearchStrategy: all) did not find any beans
10:22:19.143 [Test worker] TRACE org.springframework.beans.factory.support.DefaultListableBeanFactory - Returning cached instance of singleton bean 'autoConfigurationReport'
10:22:19.143 [Test worker] TRACE org.springframework.context.annotation.ConfigurationClassBeanDefinitionReader - Registering bean definition for @Bean method org.springframework.boot.autoconfigure.transaction.TransactionAutoConfiguration$TransactionTemplateConfiguration.transactionTemplate()
10:22:19.144 [Test worker] TRACE org.springframework.context.annotation.ConfigurationClassBeanDefinitionReader - Registered bean definition for imported class 'org.springframework.boot.autoconfigure.transaction.TransactionAutoConfiguration'
10:22:19.145 [Test worker] TRACE org.springframework.boot.autoconfigure.condition.OnBeanCondition - Condition OnBeanCondition on org.springframework.boot.autoconfigure.transaction.TransactionAutoConfiguration#platformTransactionManagerCustomizers matched due to @ConditionalOnMissingBean (types: org.springframework.boot.autoconfigure.transaction.TransactionManagerCustomizers; SearchStrategy: all) did not find any beans
10:22:19.146 [Test worker] TRACE org.springframework.beans.factory.support.DefaultListableBeanFactory - Returning cached instance of singleton bean 'autoConfigurationReport'
10:22:19.146 [Test worker] TRACE org.springframework.context.annotation.ConfigurationClassBeanDefinitionReader - Registering bean definition for @Bean method org.springframework.boot.autoconfigure.transaction.TransactionAutoConfiguration.platformTransactionManagerCustomizers()
10:22:19.147 [Test worker] TRACE org.springframework.boot.autoconfigure.condition.OnBeanCondition - Condition OnBeanCondition on org.springframework.boot.autoconfigure.transaction.TransactionAutoConfiguration#transactionalOperator did not match due to @ConditionalOnSingleCandidate (types: org.springframework.transaction.ReactiveTransactionManager; SearchStrategy: all) did not find any beans
10:22:19.147 [Test worker] TRACE org.springframework.beans.factory.support.DefaultListableBeanFactory - Returning cached instance of singleton bean 'autoConfigurationReport'
10:22:19.148 [Test worker] TRACE org.springframework.boot.autoconfigure.condition.OnClassCondition - Condition OnClassCondition on org.springframework.boot.autoconfigure.web.client.RestTemplateAutoConfiguration matched due to @ConditionalOnClass found required class 'org.springframework.web.client.RestTemplate'
10:22:19.148 [Test worker] TRACE org.springframework.beans.factory.support.DefaultListableBeanFactory - Returning cached instance of singleton bean 'autoConfigurationReport'
10:22:19.148 [Test worker] TRACE org.springframework.context.annotation.ConfigurationClassBeanDefinitionReader - Registered bean definition for imported class 'org.springframework.boot.autoconfigure.web.client.RestTemplateAutoConfiguration'
10:22:19.150 [Test worker] TRACE org.springframework.boot.autoconfigure.condition.OnBeanCondition - Condition OnBeanCondition on org.springframework.boot.autoconfigure.web.client.RestTemplateAutoConfiguration#restTemplateBuilderConfigurer matched due to @ConditionalOnMissingBean (types: org.springframework.boot.autoconfigure.web.client.RestTemplateBuilderConfigurer; SearchStrategy: all) did not find any beans
10:22:19.150 [Test worker] TRACE org.springframework.beans.factory.support.DefaultListableBeanFactory - Returning cached instance of singleton bean 'autoConfigurationReport'
10:22:19.150 [Test worker] TRACE org.springframework.context.annotation.ConfigurationClassBeanDefinitionReader - Registering bean definition for @Bean method org.springframework.boot.autoconfigure.web.client.RestTemplateAutoConfiguration.restTemplateBuilderConfigurer()
10:22:19.152 [Test worker] TRACE org.springframework.boot.autoconfigure.condition.OnBeanCondition - Condition OnBeanCondition on org.springframework.boot.autoconfigure.web.client.RestTemplateAutoConfiguration#restTemplateBuilder matched due to @ConditionalOnMissingBean (types: org.springframework.boot.web.client.RestTemplateBuilder; SearchStrategy: all) did not find any beans
10:22:19.152 [Test worker] TRACE org.springframework.beans.factory.support.DefaultListableBeanFactory - Returning cached instance of singleton bean 'autoConfigurationReport'
10:22:19.152 [Test worker] TRACE org.springframework.context.annotation.ConfigurationClassBeanDefinitionReader - Registering bean definition for @Bean method org.springframework.boot.autoconfigure.web.client.RestTemplateAutoConfiguration.restTemplateBuilder()
10:22:19.153 [Test worker] TRACE org.springframework.boot.autoconfigure.condition.OnClassCondition - Condition OnClassCondition on org.springframework.boot.autoconfigure.web.servlet.HttpEncodingAutoConfiguration matched due to @ConditionalOnClass found required class 'org.springframework.web.filter.CharacterEncodingFilter'
10:22:19.153 [Test worker] TRACE org.springframework.beans.factory.support.DefaultListableBeanFactory - Returning cached instance of singleton bean 'autoConfigurationReport'
10:22:19.153 [Test worker] TRACE org.springframework.boot.autoconfigure.condition.OnWebApplicationCondition - Condition OnWebApplicationCondition on org.springframework.boot.autoconfigure.web.servlet.HttpEncodingAutoConfiguration matched due to found 'session' scope
10:22:19.153 [Test worker] TRACE org.springframework.beans.factory.support.DefaultListableBeanFactory - Returning cached instance of singleton bean 'autoConfigurationReport'
10:22:19.153 [Test worker] TRACE org.springframework.boot.autoconfigure.condition.OnPropertyCondition - Condition OnPropertyCondition on org.springframework.boot.autoconfigure.web.servlet.HttpEncodingAutoConfiguration matched due to @ConditionalOnProperty (server.servlet.encoding.enabled) matched
10:22:19.153 [Test worker] TRACE org.springframework.beans.factory.support.DefaultListableBeanFactory - Returning cached instance of singleton bean 'autoConfigurationReport'
10:22:19.154 [Test worker] TRACE org.springframework.context.annotation.ConfigurationClassBeanDefinitionReader - Registered bean definition for imported class 'org.springframework.boot.autoconfigure.web.servlet.HttpEncodingAutoConfiguration'
10:22:19.155 [Test worker] TRACE org.springframework.boot.autoconfigure.condition.OnBeanCondition - Condition OnBeanCondition on org.springframework.boot.autoconfigure.web.servlet.HttpEncodingAutoConfiguration#characterEncodingFilter matched due to @ConditionalOnMissingBean (types: org.springframework.web.filter.CharacterEncodingFilter; SearchStrategy: all) did not find any beans
10:22:19.156 [Test worker] TRACE org.springframework.beans.factory.support.DefaultListableBeanFactory - Returning cached instance of singleton bean 'autoConfigurationReport'
10:22:19.156 [Test worker] TRACE org.springframework.context.annotation.ConfigurationClassBeanDefinitionReader - Registering bean definition for @Bean method org.springframework.boot.autoconfigure.web.servlet.HttpEncodingAutoConfiguration.characterEncodingFilter()
10:22:19.156 [Test worker] TRACE org.springframework.context.annotation.ConfigurationClassBeanDefinitionReader - Registering bean definition for @Bean method org.springframework.boot.autoconfigure.web.servlet.HttpEncodingAutoConfiguration.localeCharsetMappingsCustomizer()
10:22:19.156 [Test worker] TRACE org.springframework.boot.autoconfigure.condition.OnClassCondition - Condition OnClassCondition on org.springframework.boot.autoconfigure.web.servlet.MultipartAutoConfiguration matched due to @ConditionalOnClass found required classes 'jakarta.servlet.Servlet', 'org.springframework.web.multipart.support.StandardServletMultipartResolver', 'jakarta.servlet.MultipartConfigElement'
10:22:19.156 [Test worker] TRACE org.springframework.beans.factory.support.DefaultListableBeanFactory - Returning cached instance of singleton bean 'autoConfigurationReport'
10:22:19.156 [Test worker] TRACE org.springframework.boot.autoconfigure.condition.OnWebApplicationCondition - Condition OnWebApplicationCondition on org.springframework.boot.autoconfigure.web.servlet.MultipartAutoConfiguration matched due to found 'session' scope
10:22:19.156 [Test worker] TRACE org.springframework.beans.factory.support.DefaultListableBeanFactory - Returning cached instance of singleton bean 'autoConfigurationReport'
10:22:19.156 [Test worker] TRACE org.springframework.boot.autoconfigure.condition.OnPropertyCondition - Condition OnPropertyCondition on org.springframework.boot.autoconfigure.web.servlet.MultipartAutoConfiguration matched due to @ConditionalOnProperty (spring.servlet.multipart.enabled) matched
10:22:19.156 [Test worker] TRACE org.springframework.beans.factory.support.DefaultListableBeanFactory - Returning cached instance of singleton bean 'autoConfigurationReport'
10:22:19.157 [Test worker] TRACE org.springframework.context.annotation.ConfigurationClassBeanDefinitionReader - Registered bean definition for imported class 'org.springframework.boot.autoconfigure.web.servlet.MultipartAutoConfiguration'
10:22:19.159 [Test worker] TRACE org.springframework.boot.autoconfigure.condition.OnBeanCondition - Condition OnBeanCondition on org.springframework.boot.autoconfigure.web.servlet.MultipartAutoConfiguration#multipartConfigElement matched due to @ConditionalOnMissingBean (types: jakarta.servlet.MultipartConfigElement; SearchStrategy: all) did not find any beans
10:22:19.159 [Test worker] TRACE org.springframework.beans.factory.support.DefaultListableBeanFactory - Returning cached instance of singleton bean 'autoConfigurationReport'
10:22:19.159 [Test worker] TRACE org.springframework.context.annotation.ConfigurationClassBeanDefinitionReader - Registering bean definition for @Bean method org.springframework.boot.autoconfigure.web.servlet.MultipartAutoConfiguration.multipartConfigElement()
10:22:19.160 [Test worker] TRACE org.springframework.boot.autoconfigure.condition.OnBeanCondition - Condition OnBeanCondition on org.springframework.boot.autoconfigure.web.servlet.MultipartAutoConfiguration#multipartResolver matched due to @ConditionalOnMissingBean (types: org.springframework.web.multipart.MultipartResolver; SearchStrategy: all) did not find any beans
10:22:19.160 [Test worker] TRACE org.springframework.beans.factory.support.DefaultListableBeanFactory - Returning cached instance of singleton bean 'autoConfigurationReport'
10:22:19.160 [Test worker] TRACE org.springframework.context.annotation.ConfigurationClassBeanDefinitionReader - Registering bean definition for @Bean method org.springframework.boot.autoconfigure.web.servlet.MultipartAutoConfiguration.multipartResolver()
10:22:19.230 [Test worker] TRACE org.springframework.context.annotation.ConfigurationClassEnhancer - Successfully enhanced com.laundry.laundryMgmt.LaundryMgmtApplication; enhanced class name is: com.laundry.laundryMgmt.LaundryMgmtApplication$$SpringCGLIB$$0
10:22:19.230 [Test worker] TRACE org.springframework.context.annotation.ConfigurationClassPostProcessor - Replacing bean definition 'laundryMgmtApplication' existing class 'com.laundry.laundryMgmt.LaundryMgmtApplication' with enhanced class 'com.laundry.laundryMgmt.LaundryMgmtApplication$$SpringCGLIB$$0'
10:22:19.245 [Test worker] TRACE org.springframework.context.annotation.ConfigurationClassEnhancer - Successfully enhanced com.laundry.laundryMgmt.LaundryMgmtApplicationConfig; enhanced class name is: com.laundry.laundryMgmt.LaundryMgmtApplicationConfig$$SpringCGLIB$$0
10:22:19.245 [Test worker] TRACE org.springframework.context.annotation.ConfigurationClassPostProcessor - Replacing bean definition 'laundryMgmtApplicationConfig' existing class 'com.laundry.laundryMgmt.LaundryMgmtApplicationConfig' with enhanced class 'com.laundry.laundryMgmt.LaundryMgmtApplicationConfig$$SpringCGLIB$$0'
10:22:19.255 [Test worker] TRACE org.springframework.context.annotation.ConfigurationClassEnhancer - Successfully enhanced com.laundry.laundryMgmt.config.SpringSecurityConfig; enhanced class name is: com.laundry.laundryMgmt.config.SpringSecurityConfig$$SpringCGLIB$$0
10:22:19.255 [Test worker] TRACE org.springframework.context.annotation.ConfigurationClassPostProcessor - Replacing bean definition 'springSecurityConfig' existing class 'com.laundry.laundryMgmt.config.SpringSecurityConfig' with enhanced class 'com.laundry.laundryMgmt.config.SpringSecurityConfig$$SpringCGLIB$$0'
10:22:19.257 [Test worker] DEBUG org.springframework.beans.factory.support.DefaultListableBeanFactory - Creating shared instance of singleton bean 'propertySourcesPlaceholderConfigurer'
10:22:19.258 [Test worker] TRACE org.springframework.beans.factory.support.DefaultListableBeanFactory - Creating instance of bean 'propertySourcesPlaceholderConfigurer'
10:22:19.259 [Test worker] TRACE org.springframework.beans.factory.support.DefaultListableBeanFactory - Finished creating instance of bean 'propertySourcesPlaceholderConfigurer'
10:22:19.262 [Test worker] DEBUG org.springframework.beans.factory.support.DefaultListableBeanFactory - Creating shared instance of singleton bean 'org.springframework.boot.test.mock.mockito.MockitoPostProcessor'
10:22:19.262 [Test worker] TRACE org.springframework.beans.factory.support.DefaultListableBeanFactory - Creating instance of bean 'org.springframework.boot.test.mock.mockito.MockitoPostProcessor'
10:22:19.263 [Test worker] TRACE org.springframework.beans.factory.support.DefaultListableBeanFactory - Finished creating instance of bean 'org.springframework.boot.test.mock.mockito.MockitoPostProcessor'
10:22:19.263 [Test worker] DEBUG org.springframework.beans.factory.support.DefaultListableBeanFactory - Creating shared instance of singleton bean 'emBeanDefinitionRegistrarPostProcessor'
10:22:19.264 [Test worker] TRACE org.springframework.beans.factory.support.DefaultListableBeanFactory - Creating instance of bean 'emBeanDefinitionRegistrarPostProcessor'
10:22:19.264 [Test worker] TRACE org.springframework.beans.factory.support.DefaultListableBeanFactory - Finished creating instance of bean 'emBeanDefinitionRegistrarPostProcessor'
10:22:19.264 [Test worker] DEBUG org.springframework.beans.factory.support.DefaultListableBeanFactory - Creating shared instance of singleton bean 'org.springframework.boot.sql.init.dependency.DatabaseInitializationDependencyConfigurer$DependsOnDatabaseInitializationPostProcessor'
10:22:19.264 [Test worker] TRACE org.springframework.beans.factory.support.DefaultListableBeanFactory - Creating instance of bean 'org.springframework.boot.sql.init.dependency.DatabaseInitializationDependencyConfigurer$DependsOnDatabaseInitializationPostProcessor'
10:22:19.265 [Test worker] TRACE org.springframework.beans.factory.support.DefaultListableBeanFactory - Finished creating instance of bean 'org.springframework.boot.sql.init.dependency.DatabaseInitializationDependencyConfigurer$DependsOnDatabaseInitializationPostProcessor'
10:22:19.269 [Test worker] TRACE org.springframework.core.io.support.SpringFactoriesLoader - Loaded [org.springframework.boot.sql.init.dependency.DatabaseInitializerDetector] names: [org.springframework.boot.autoconfigure.flyway.FlywayMigrationInitializerDatabaseInitializerDetector, org.springframework.boot.flyway.FlywayDatabaseInitializerDetector, org.springframework.boot.jdbc.init.DataSourceScriptDatabaseInitializerDetector, org.springframework.boot.liquibase.LiquibaseDatabaseInitializerDetector, org.springframework.boot.orm.jpa.JpaDatabaseInitializerDetector, org.springframework.boot.r2dbc.init.R2dbcScriptDatabaseInitializerDetector]
10:22:19.274 [Test worker] TRACE org.springframework.core.io.support.SpringFactoriesLoader - Loaded [org.springframework.boot.sql.init.dependency.DependsOnDatabaseInitializationDetector] names: [org.springframework.boot.autoconfigure.batch.JobRepositoryDependsOnDatabaseInitializationDetector, org.springframework.boot.autoconfigure.quartz.SchedulerDependsOnDatabaseInitializationDetector, org.springframework.boot.autoconfigure.session.JdbcIndexedSessionRepositoryDependsOnDatabaseInitializationDetector, org.springframework.boot.sql.init.dependency.AnnotationDependsOnDatabaseInitializationDetector, org.springframework.boot.jdbc.SpringJdbcDependsOnDatabaseInitializationDetector, org.springframework.boot.jooq.JooqDependsOnDatabaseInitializationDetector, org.springframework.boot.orm.jpa.JpaDependsOnDatabaseInitializationDetector]
10:22:19.309 [Test worker] DEBUG org.springframework.beans.factory.support.DefaultListableBeanFactory - Creating shared instance of singleton bean 'org.springframework.context.event.internalEventListenerProcessor'
10:22:19.310 [Test worker] TRACE org.springframework.beans.factory.support.DefaultListableBeanFactory - Creating instance of bean 'org.springframework.context.event.internalEventListenerProcessor'
10:22:19.310 [Test worker] TRACE org.springframework.beans.factory.support.DefaultListableBeanFactory - Finished creating instance of bean 'org.springframework.context.event.internalEventListenerProcessor'
10:22:19.310 [Test worker] DEBUG org.springframework.beans.factory.support.DefaultListableBeanFactory - Creating shared instance of singleton bean 'preserveErrorControllerTargetClassPostProcessor'
10:22:19.310 [Test worker] TRACE org.springframework.beans.factory.support.DefaultListableBeanFactory - Creating instance of bean 'preserveErrorControllerTargetClassPostProcessor'
10:22:19.311 [Test worker] TRACE org.springframework.beans.factory.support.DefaultListableBeanFactory - Finished creating instance of bean 'preserveErrorControllerTargetClassPostProcessor'
10:22:19.311 [Test worker] DEBUG org.springframework.beans.factory.support.DefaultListableBeanFactory - Creating shared instance of singleton bean 'conversionServicePostProcessor'
10:22:19.311 [Test worker] TRACE org.springframework.beans.factory.support.DefaultListableBeanFactory - Creating instance of bean 'conversionServicePostProcessor'
10:22:19.314 [Test worker] TRACE org.springframework.beans.factory.support.DefaultListableBeanFactory - Finished creating instance of bean 'conversionServicePostProcessor'
10:22:19.315 [Test worker] DEBUG org.springframework.beans.factory.support.DefaultListableBeanFactory - Creating shared instance of singleton bean 'org.springframework.context.event.internalEventListenerFactory'
10:22:19.315 [Test worker] TRACE org.springframework.beans.factory.support.DefaultListableBeanFactory - Creating instance of bean 'org.springframework.context.event.internalEventListenerFactory'
10:22:19.315 [Test worker] TRACE org.springframework.beans.factory.support.DefaultListableBeanFactory - Finished creating instance of bean 'org.springframework.context.event.internalEventListenerFactory'
10:22:19.315 [Test worker] DEBUG org.springframework.beans.factory.support.DefaultListableBeanFactory - Creating shared instance of singleton bean 'org.springframework.transaction.config.internalTransactionalEventListenerFactory'
10:22:19.315 [Test worker] TRACE org.springframework.beans.factory.support.DefaultListableBeanFactory - Creating instance of bean 'org.springframework.transaction.config.internalTransactionalEventListenerFactory'
10:22:19.315 [Test worker] TRACE org.springframework.beans.factory.support.DefaultListableBeanFactory - Finished creating instance of bean 'org.springframework.transaction.config.internalTransactionalEventListenerFactory'
10:22:19.318 [Test worker] DEBUG org.springframework.beans.factory.support.DefaultListableBeanFactory - Creating shared instance of singleton bean 'org.springframework.boot.test.mock.mockito.MockitoPostProcessor$SpyPostProcessor'
10:22:19.318 [Test worker] TRACE org.springframework.beans.factory.support.DefaultListableBeanFactory - Creating instance of bean 'org.springframework.boot.test.mock.mockito.MockitoPostProcessor$SpyPostProcessor'
10:22:19.318 [Test worker] TRACE org.springframework.beans.factory.support.DefaultListableBeanFactory - Returning cached instance of singleton bean 'org.springframework.boot.test.mock.mockito.MockitoPostProcessor'
10:22:19.319 [Test worker] TRACE org.springframework.beans.factory.support.DefaultListableBeanFactory - Finished creating instance of bean 'org.springframework.boot.test.mock.mockito.MockitoPostProcessor$SpyPostProcessor'
10:22:19.320 [Test worker] DEBUG org.springframework.beans.factory.support.DefaultListableBeanFactory - Creating shared instance of singleton bean 'org.springframework.context.annotation.internalAutowiredAnnotationProcessor'
10:22:19.320 [Test worker] TRACE org.springframework.beans.factory.support.DefaultListableBeanFactory - Creating instance of bean 'org.springframework.context.annotation.internalAutowiredAnnotationProcessor'
10:22:19.321 [Test worker] TRACE org.springframework.beans.factory.annotation.AutowiredAnnotationBeanPostProcessor - 'jakarta.inject.Inject' annotation found and supported for autowiring
10:22:19.321 [Test worker] TRACE org.springframework.beans.factory.support.DefaultListableBeanFactory - Finished creating instance of bean 'org.springframework.context.annotation.internalAutowiredAnnotationProcessor'
10:22:19.321 [Test worker] DEBUG org.springframework.beans.factory.support.DefaultListableBeanFactory - Creating shared instance of singleton bean 'org.springframework.context.annotation.internalCommonAnnotationProcessor'
10:22:19.321 [Test worker] TRACE org.springframework.beans.factory.support.DefaultListableBeanFactory - Creating instance of bean 'org.springframework.context.annotation.internalCommonAnnotationProcessor'
10:22:19.324 [Test worker] TRACE org.springframework.beans.factory.support.DefaultListableBeanFactory - Finished creating instance of bean 'org.springframework.context.annotation.internalCommonAnnotationProcessor'
10:22:19.324 [Test worker] DEBUG org.springframework.beans.factory.support.DefaultListableBeanFactory - Creating shared instance of singleton bean 'org.springframework.context.annotation.internalPersistenceAnnotationProcessor'
10:22:19.324 [Test worker] TRACE org.springframework.beans.factory.support.DefaultListableBeanFactory - Creating instance of bean 'org.springframework.context.annotation.internalPersistenceAnnotationProcessor'
10:22:19.325 [Test worker] TRACE org.springframework.beans.factory.support.DefaultListableBeanFactory - Finished creating instance of bean 'org.springframework.context.annotation.internalPersistenceAnnotationProcessor'
10:22:19.325 [Test worker] DEBUG org.springframework.beans.factory.support.DefaultListableBeanFactory - Creating shared instance of singleton bean 'org.springframework.boot.context.properties.ConfigurationPropertiesBindingPostProcessor'
10:22:19.325 [Test worker] TRACE org.springframework.beans.factory.support.DefaultListableBeanFactory - Creating instance of bean 'org.springframework.boot.context.properties.ConfigurationPropertiesBindingPostProcessor'
10:22:19.325 [Test worker] TRACE org.springframework.beans.factory.support.DefaultListableBeanFactory - Invoking afterPropertiesSet() on bean with name 'org.springframework.boot.context.properties.ConfigurationPropertiesBindingPostProcessor'
10:22:19.326 [Test worker] DEBUG org.springframework.beans.factory.support.DefaultListableBeanFactory - Creating shared instance of singleton bean 'org.springframework.boot.context.internalConfigurationPropertiesBinder'
10:22:19.326 [Test worker] TRACE org.springframework.beans.factory.support.DefaultListableBeanFactory - Creating instance of bean 'org.springframework.boot.context.internalConfigurationPropertiesBinder'
10:22:19.329 [Test worker] TRACE org.springframework.beans.factory.support.DefaultListableBeanFactory - Returning cached instance of singleton bean 'propertySourcesPlaceholderConfigurer'
10:22:19.330 [Test worker] TRACE org.springframework.beans.factory.support.DefaultListableBeanFactory - Finished creating instance of bean 'org.springframework.boot.context.internalConfigurationPropertiesBinder'
10:22:19.330 [Test worker] TRACE org.springframework.beans.factory.support.DefaultListableBeanFactory - Finished creating instance of bean 'org.springframework.boot.context.properties.ConfigurationPropertiesBindingPostProcessor'
10:22:19.331 [Test worker] DEBUG org.springframework.beans.factory.support.DefaultListableBeanFactory - Creating shared instance of singleton bean 'jdbcConnectionDetailsHikariBeanPostProcessor'
10:22:19.331 [Test worker] TRACE org.springframework.beans.factory.support.DefaultListableBeanFactory - Creating instance of bean 'jdbcConnectionDetailsHikariBeanPostProcessor'
10:22:19.334 [Test worker] TRACE org.springframework.beans.factory.support.DefaultListableBeanFactory - Finished creating instance of bean 'jdbcConnectionDetailsHikariBeanPostProcessor'
10:22:19.334 [Test worker] TRACE org.springframework.beans.factory.support.DefaultListableBeanFactory - Returning cached instance of singleton bean 'org.springframework.boot.test.mock.mockito.MockitoPostProcessor'
10:22:19.335 [Test worker] DEBUG org.springframework.beans.factory.support.DefaultListableBeanFactory - Creating shared instance of singleton bean 'org.springframework.aop.config.internalAutoProxyCreator'
10:22:19.335 [Test worker] TRACE org.springframework.beans.factory.support.DefaultListableBeanFactory - Creating instance of bean 'org.springframework.aop.config.internalAutoProxyCreator'
10:22:19.344 [Test worker] TRACE org.springframework.beans.CachedIntrospectionResults - Getting BeanInfo for class [org.springframework.aop.aspectj.annotation.AnnotationAwareAspectJAutoProxyCreator]
10:22:19.345 [Test worker] TRACE org.springframework.beans.CachedIntrospectionResults - Caching PropertyDescriptors for class [org.springframework.aop.aspectj.annotation.AnnotationAwareAspectJAutoProxyCreator]
10:22:19.345 [Test worker] TRACE org.springframework.beans.CachedIntrospectionResults - Found bean property 'advisorAdapterRegistry' of type [org.springframework.aop.framework.adapter.AdvisorAdapterRegistry]
10:22:19.345 [Test worker] TRACE org.springframework.beans.CachedIntrospectionResults - Found bean property 'applyCommonInterceptorsFirst' of type [boolean]
10:22:19.345 [Test worker] TRACE org.springframework.beans.CachedIntrospectionResults - Found bean property 'aspectJAdvisorFactory' of type [org.springframework.aop.aspectj.annotation.AspectJAdvisorFactory]
10:22:19.345 [Test worker] TRACE org.springframework.beans.CachedIntrospectionResults - Found bean property 'beanClassLoader' of type [java.lang.ClassLoader]
10:22:19.345 [Test worker] TRACE org.springframework.beans.CachedIntrospectionResults - Found bean property 'beanFactory' of type [org.springframework.beans.factory.BeanFactory]
10:22:19.345 [Test worker] TRACE org.springframework.beans.CachedIntrospectionResults - Found bean property 'class' of type [java.lang.Class]
10:22:19.345 [Test worker] TRACE org.springframework.beans.CachedIntrospectionResults - Found bean property 'customTargetSourceCreators' of type [[Lorg.springframework.aop.framework.autoproxy.TargetSourceCreator;]
10:22:19.345 [Test worker] TRACE org.springframework.beans.CachedIntrospectionResults - Found bean property 'exposeProxy' of type [boolean]
10:22:19.345 [Test worker] TRACE org.springframework.beans.CachedIntrospectionResults - Found bean property 'frozen' of type [boolean]
10:22:19.345 [Test worker] TRACE org.springframework.beans.CachedIntrospectionResults - Found bean property 'includePatterns' of type [java.util.List]
10:22:19.345 [Test worker] TRACE org.springframework.beans.CachedIntrospectionResults - Found bean property 'interceptorNames' of type [[Ljava.lang.String;]
10:22:19.345 [Test worker] TRACE org.springframework.beans.CachedIntrospectionResults - Found bean property 'opaque' of type [boolean]
10:22:19.345 [Test worker] TRACE org.springframework.beans.CachedIntrospectionResults - Found bean property 'optimize' of type [boolean]
10:22:19.345 [Test worker] TRACE org.springframework.beans.CachedIntrospectionResults - Found bean property 'order' of type [int]
10:22:19.345 [Test worker] TRACE org.springframework.beans.CachedIntrospectionResults - Found bean property 'proxyClassLoader' of type [java.lang.ClassLoader]
10:22:19.345 [Test worker] TRACE org.springframework.beans.CachedIntrospectionResults - Found bean property 'proxyTargetClass' of type [boolean]
10:22:19.351 [Test worker] TRACE org.springframework.beans.factory.support.DefaultListableBeanFactory - Finished creating instance of bean 'org.springframework.aop.config.internalAutoProxyCreator'
10:22:19.352 [Test worker] DEBUG org.springframework.beans.factory.support.DefaultListableBeanFactory - Creating shared instance of singleton bean 'persistenceExceptionTranslationPostProcessor'
10:22:19.352 [Test worker] TRACE org.springframework.beans.factory.support.DefaultListableBeanFactory - Creating instance of bean 'persistenceExceptionTranslationPostProcessor'
10:22:19.359 [Test worker] TRACE org.springframework.beans.TypeConverterDelegate - Converting String to [class java.lang.Class] using property editor [org.springframework.beans.propertyeditors.ClassEditor@10b87ff6]
10:22:19.360 [Test worker] TRACE org.springframework.beans.TypeConverterDelegate - Converting String to [class java.lang.Class] using property editor [org.springframework.beans.propertyeditors.ClassEditor@36238b12]
10:22:19.361 [Test worker] TRACE org.springframework.beans.TypeConverterDelegate - Converting String to [class java.lang.Class] using property editor [org.springframework.beans.propertyeditors.ClassEditor@733fae8]
10:22:19.362 [Test worker] TRACE org.springframework.beans.factory.support.DefaultListableBeanFactory - Returning cached instance of singleton bean 'environment'
10:22:19.363 [Test worker] DEBUG org.springframework.beans.factory.support.DefaultListableBeanFactory - Autowiring by type from bean name 'persistenceExceptionTranslationPostProcessor' via factory method to bean named 'environment'
10:22:19.365 [Test worker] TRACE org.springframework.beans.factory.support.DefaultListableBeanFactory - Finished creating instance of bean 'persistenceExceptionTranslationPostProcessor'
10:22:19.366 [Test worker] DEBUG org.springframework.beans.factory.support.DefaultListableBeanFactory - Creating shared instance of singleton bean 'webServerFactoryCustomizerBeanPostProcessor'
10:22:19.366 [Test worker] TRACE org.springframework.beans.factory.support.DefaultListableBeanFactory - Creating instance of bean 'webServerFactoryCustomizerBeanPostProcessor'
10:22:19.366 [Test worker] TRACE org.springframework.beans.factory.support.DefaultListableBeanFactory - Finished creating instance of bean 'webServerFactoryCustomizerBeanPostProcessor'
10:22:19.366 [Test worker] DEBUG org.springframework.beans.factory.support.DefaultListableBeanFactory - Creating shared instance of singleton bean 'errorPageRegistrarBeanPostProcessor'
10:22:19.366 [Test worker] TRACE org.springframework.beans.factory.support.DefaultListableBeanFactory - Creating instance of bean 'errorPageRegistrarBeanPostProcessor'
10:22:19.367 [Test worker] TRACE org.springframework.beans.factory.support.DefaultListableBeanFactory - Finished creating instance of bean 'errorPageRegistrarBeanPostProcessor'
10:22:19.367 [Test worker] DEBUG org.springframework.beans.factory.support.DefaultListableBeanFactory - Creating shared instance of singleton bean 'projectingArgumentResolverBeanPostProcessor'
10:22:19.367 [Test worker] TRACE org.springframework.beans.factory.support.DefaultListableBeanFactory - Creating instance of bean 'projectingArgumentResolverBeanPostProcessor'
10:22:19.368 [Test worker] DEBUG org.springframework.beans.factory.support.DefaultListableBeanFactory - Creating shared instance of singleton bean 'org.springframework.transaction.config.internalTransactionAdvisor'
10:22:19.369 [Test worker] TRACE org.springframework.beans.factory.support.DefaultListableBeanFactory - Creating instance of bean 'org.springframework.transaction.config.internalTransactionAdvisor'
10:22:19.369 [Test worker] TRACE org.springframework.aop.aspectj.annotation.AnnotationAwareAspectJAutoProxyCreator - Did not attempt to auto-proxy infrastructure class [org.springframework.transaction.interceptor.BeanFactoryTransactionAttributeSourceAdvisor]
10:22:19.369 [Test worker] DEBUG org.springframework.beans.factory.support.DefaultListableBeanFactory - Creating shared instance of singleton bean 'org.springframework.transaction.annotation.ProxyTransactionManagementConfiguration'
10:22:19.369 [Test worker] TRACE org.springframework.beans.factory.support.DefaultListableBeanFactory - Creating instance of bean 'org.springframework.transaction.annotation.ProxyTransactionManagementConfiguration'
10:22:19.369 [Test worker] TRACE org.springframework.aop.framework.autoproxy.BeanFactoryAdvisorRetrievalHelper - Skipping currently created advisor 'org.springframework.transaction.config.internalTransactionAdvisor'
10:22:19.373 [Test worker] TRACE org.springframework.beans.CachedIntrospectionResults - Getting BeanInfo for class [org.springframework.transaction.annotation.ProxyTransactionManagementConfiguration]
10:22:19.373 [Test worker] TRACE org.springframework.beans.CachedIntrospectionResults - Caching PropertyDescriptors for class [org.springframework.transaction.annotation.ProxyTransactionManagementConfiguration]
10:22:19.373 [Test worker] TRACE org.springframework.beans.CachedIntrospectionResults - Found bean property 'class' of type [java.lang.Class]
10:22:19.374 [Test worker] TRACE org.springframework.beans.CachedIntrospectionResults - Found bean property 'importMetadata' of type [org.springframework.core.type.AnnotationMetadata]
10:22:19.376 [Test worker] TRACE org.springframework.beans.factory.support.DefaultListableBeanFactory - Returning cached instance of singleton bean 'org.springframework.context.annotation.ConfigurationClassPostProcessor.importRegistry'
10:22:19.377 [Test worker] TRACE org.springframework.aop.framework.autoproxy.BeanFactoryAdvisorRetrievalHelper - Skipping currently created advisor 'org.springframework.transaction.config.internalTransactionAdvisor'
10:22:19.377 [Test worker] TRACE org.springframework.aop.framework.autoproxy.BeanFactoryAdvisorRetrievalHelper - Skipping currently created advisor 'org.springframework.transaction.config.internalTransactionAdvisor'
10:22:19.378 [Test worker] TRACE org.springframework.beans.factory.support.DefaultListableBeanFactory - Finished creating instance of bean 'org.springframework.transaction.annotation.ProxyTransactionManagementConfiguration'
10:22:19.378 [Test worker] DEBUG org.springframework.beans.factory.support.DefaultListableBeanFactory - Creating shared instance of singleton bean 'transactionAttributeSource'
10:22:19.378 [Test worker] TRACE org.springframework.beans.factory.support.DefaultListableBeanFactory - Creating instance of bean 'transactionAttributeSource'
10:22:19.378 [Test worker] TRACE org.springframework.aop.framework.autoproxy.BeanFactoryAdvisorRetrievalHelper - Skipping currently created advisor 'org.springframework.transaction.config.internalTransactionAdvisor'
10:22:19.379 [Test worker] TRACE org.springframework.beans.factory.support.DefaultListableBeanFactory - Returning cached instance of singleton bean 'org.springframework.transaction.annotation.ProxyTransactionManagementConfiguration'
10:22:19.379 [Test worker] TRACE org.springframework.aop.framework.autoproxy.BeanFactoryAdvisorRetrievalHelper - Skipping currently created advisor 'org.springframework.transaction.config.internalTransactionAdvisor'
10:22:19.379 [Test worker] TRACE org.springframework.aop.framework.autoproxy.BeanFactoryAdvisorRetrievalHelper - Skipping currently created advisor 'org.springframework.transaction.config.internalTransactionAdvisor'
10:22:19.379 [Test worker] TRACE org.springframework.beans.factory.support.DefaultListableBeanFactory - Finished creating instance of bean 'transactionAttributeSource'
10:22:19.380 [Test worker] DEBUG org.springframework.beans.factory.support.DefaultListableBeanFactory - Creating shared instance of singleton bean 'transactionInterceptor'
10:22:19.380 [Test worker] TRACE org.springframework.beans.factory.support.DefaultListableBeanFactory - Creating instance of bean 'transactionInterceptor'
10:22:19.380 [Test worker] TRACE org.springframework.aop.aspectj.annotation.AnnotationAwareAspectJAutoProxyCreator - Did not attempt to auto-proxy infrastructure class [org.springframework.transaction.interceptor.TransactionInterceptor]
10:22:19.380 [Test worker] TRACE org.springframework.beans.factory.support.DefaultListableBeanFactory - Returning cached instance of singleton bean 'org.springframework.transaction.annotation.ProxyTransactionManagementConfiguration'
10:22:19.380 [Test worker] TRACE org.springframework.beans.factory.support.DefaultListableBeanFactory - Returning cached instance of singleton bean 'transactionAttributeSource'
10:22:19.380 [Test worker] DEBUG org.springframework.beans.factory.support.DefaultListableBeanFactory - Autowiring by type from bean name 'transactionInterceptor' via factory method to bean named 'transactionAttributeSource'
10:22:19.384 [Test worker] TRACE org.springframework.beans.factory.support.DefaultListableBeanFactory - Invoking afterPropertiesSet() on bean with name 'transactionInterceptor'
10:22:19.384 [Test worker] TRACE org.springframework.beans.factory.support.DefaultListableBeanFactory - Finished creating instance of bean 'transactionInterceptor'
10:22:19.384 [Test worker] DEBUG org.springframework.beans.factory.support.DefaultListableBeanFactory - Autowiring by type from bean name 'org.springframework.transaction.config.internalTransactionAdvisor' via factory method to bean named 'transactionAttributeSource'
10:22:19.384 [Test worker] DEBUG org.springframework.beans.factory.support.DefaultListableBeanFactory - Autowiring by type from bean name 'org.springframework.transaction.config.internalTransactionAdvisor' via factory method to bean named 'transactionInterceptor'
10:22:19.386 [Test worker] TRACE org.springframework.beans.factory.support.DefaultListableBeanFactory - Finished creating instance of bean 'org.springframework.transaction.config.internalTransactionAdvisor'
10:22:19.400 [Test worker] TRACE org.springframework.beans.factory.support.DefaultListableBeanFactory - Returning cached instance of singleton bean 'org.springframework.transaction.config.internalTransactionAdvisor'
10:22:19.401 [Test worker] TRACE org.springframework.beans.factory.support.DefaultListableBeanFactory - Returning cached instance of singleton bean 'org.springframework.transaction.config.internalTransactionAdvisor'
10:22:19.402 [Test worker] TRACE org.springframework.beans.factory.support.DefaultListableBeanFactory - Finished creating instance of bean 'projectingArgumentResolverBeanPostProcessor'
10:22:19.402 [Test worker] TRACE org.springframework.beans.factory.support.DefaultListableBeanFactory - Returning cached instance of singleton bean 'org.springframework.boot.test.autoconfigure.properties.PropertyMappingContextCustomizer$PropertyMappingCheckBeanPostProcessor'
10:22:19.403 [Test worker] TRACE org.springframework.web.context.support.GenericWebApplicationContext - No 'messageSource' bean, using [Empty MessageSource]
10:22:19.403 [Test worker] TRACE org.springframework.web.context.support.GenericWebApplicationContext - No 'applicationEventMulticaster' bean, using [SimpleApplicationEventMulticaster]
10:22:19.404 [Test worker] DEBUG org.springframework.ui.context.support.UiApplicationContextUtils - Unable to locate ThemeSource with name 'themeSource': using default [org.springframework.ui.context.support.ResourceBundleThemeSource@18d610e1]
10:22:19.405 [Test worker] DEBUG org.springframework.beans.factory.support.DefaultListableBeanFactory - Creating shared instance of singleton bean 'entityManagerFactory'
10:22:19.406 [Test worker] TRACE org.springframework.beans.factory.support.DefaultListableBeanFactory - Creating instance of bean 'entityManagerFactory'
10:22:19.406 [Test worker] TRACE org.springframework.beans.factory.support.DefaultListableBeanFactory - Returning cached instance of singleton bean 'org.springframework.transaction.config.internalTransactionAdvisor'
10:22:19.406 [Test worker] DEBUG org.springframework.beans.factory.support.DefaultListableBeanFactory - Creating shared instance of singleton bean 'org.springframework.boot.autoconfigure.orm.jpa.HibernateJpaConfiguration'
10:22:19.406 [Test worker] TRACE org.springframework.beans.factory.support.DefaultListableBeanFactory - Creating instance of bean 'org.springframework.boot.autoconfigure.orm.jpa.HibernateJpaConfiguration'
10:22:19.406 [Test worker] TRACE org.springframework.beans.factory.support.DefaultListableBeanFactory - Returning cached instance of singleton bean 'org.springframework.transaction.config.internalTransactionAdvisor'
10:22:19.407 [Test worker] DEBUG org.springframework.beans.factory.support.DefaultListableBeanFactory - Creating shared instance of singleton bean 'dataSource'
10:22:19.407 [Test worker] TRACE org.springframework.beans.factory.support.DefaultListableBeanFactory - Creating instance of bean 'dataSource'
10:22:19.407 [Test worker] TRACE org.springframework.beans.factory.support.DefaultListableBeanFactory - Returning cached instance of singleton bean 'org.springframework.transaction.config.internalTransactionAdvisor'
10:22:19.407 [Test worker] DEBUG org.springframework.beans.factory.support.DefaultListableBeanFactory - Creating shared instance of singleton bean 'org.springframework.boot.autoconfigure.jdbc.DataSourceConfiguration$Hikari'
10:22:19.407 [Test worker] TRACE org.springframework.beans.factory.support.DefaultListableBeanFactory - Creating instance of bean 'org.springframework.boot.autoconfigure.jdbc.DataSourceConfiguration$Hikari'
10:22:19.407 [Test worker] TRACE org.springframework.beans.factory.support.DefaultListableBeanFactory - Returning cached instance of singleton bean 'org.springframework.transaction.config.internalTransactionAdvisor'
10:22:19.408 [Test worker] TRACE org.springframework.beans.factory.support.DefaultListableBeanFactory - Returning cached instance of singleton bean 'org.springframework.transaction.config.internalTransactionAdvisor'
10:22:19.408 [Test worker] TRACE org.springframework.beans.factory.support.DefaultListableBeanFactory - Returning cached instance of singleton bean 'org.springframework.transaction.config.internalTransactionAdvisor'
10:22:19.408 [Test worker] TRACE org.springframework.beans.factory.support.DefaultListableBeanFactory - Finished creating instance of bean 'org.springframework.boot.autoconfigure.jdbc.DataSourceConfiguration$Hikari'
10:22:19.408 [Test worker] DEBUG org.springframework.beans.factory.support.DefaultListableBeanFactory - Creating shared instance of singleton bean 'spring.datasource-org.springframework.boot.autoconfigure.jdbc.DataSourceProperties'
10:22:19.408 [Test worker] TRACE org.springframework.beans.factory.support.DefaultListableBeanFactory - Creating instance of bean 'spring.datasource-org.springframework.boot.autoconfigure.jdbc.DataSourceProperties'
10:22:19.408 [Test worker] TRACE org.springframework.beans.factory.support.DefaultListableBeanFactory - Returning cached instance of singleton bean 'org.springframework.transaction.config.internalTransactionAdvisor'
10:22:19.409 [Test worker] DEBUG org.springframework.beans.factory.support.DefaultListableBeanFactory - Creating shared instance of singleton bean 'org.springframework.boot.context.properties.BoundConfigurationProperties'
10:22:19.409 [Test worker] TRACE org.springframework.beans.factory.support.DefaultListableBeanFactory - Creating instance of bean 'org.springframework.boot.context.properties.BoundConfigurationProperties'
10:22:19.409 [Test worker] TRACE org.springframework.beans.factory.support.DefaultListableBeanFactory - Returning cached instance of singleton bean 'org.springframework.transaction.config.internalTransactionAdvisor'
10:22:19.410 [Test worker] TRACE org.springframework.beans.factory.support.DefaultListableBeanFactory - Returning cached instance of singleton bean 'org.springframework.transaction.config.internalTransactionAdvisor'
10:22:19.410 [Test worker] TRACE org.springframework.beans.factory.support.DefaultListableBeanFactory - Returning cached instance of singleton bean 'org.springframework.transaction.config.internalTransactionAdvisor'
10:22:19.410 [Test worker] TRACE org.springframework.beans.factory.support.DefaultListableBeanFactory - Finished creating instance of bean 'org.springframework.boot.context.properties.BoundConfigurationProperties'
10:22:19.428 [Test worker] TRACE org.springframework.beans.factory.support.DefaultListableBeanFactory - Invoking afterPropertiesSet() on bean with name 'spring.datasource-org.springframework.boot.autoconfigure.jdbc.DataSourceProperties'
10:22:19.430 [Test worker] TRACE org.springframework.beans.factory.support.DefaultListableBeanFactory - Returning cached instance of singleton bean 'org.springframework.transaction.config.internalTransactionAdvisor'
10:22:19.430 [Test worker] TRACE org.springframework.beans.factory.support.DefaultListableBeanFactory - Returning cached instance of singleton bean 'org.springframework.transaction.config.internalTransactionAdvisor'
10:22:19.431 [Test worker] TRACE org.springframework.beans.factory.support.DefaultListableBeanFactory - Finished creating instance of bean 'spring.datasource-org.springframework.boot.autoconfigure.jdbc.DataSourceProperties'
10:22:19.432 [Test worker] DEBUG org.springframework.beans.factory.support.DefaultListableBeanFactory - Creating shared instance of singleton bean 'jdbcConnectionDetails'
10:22:19.432 [Test worker] TRACE org.springframework.beans.factory.support.DefaultListableBeanFactory - Creating instance of bean 'jdbcConnectionDetails'
10:22:19.432 [Test worker] TRACE org.springframework.beans.factory.support.DefaultListableBeanFactory - Returning cached instance of singleton bean 'org.springframework.transaction.config.internalTransactionAdvisor'
10:22:19.432 [Test worker] DEBUG org.springframework.beans.factory.support.DefaultListableBeanFactory - Creating shared instance of singleton bean 'org.springframework.boot.autoconfigure.jdbc.DataSourceAutoConfiguration$PooledDataSourceConfiguration'
10:22:19.432 [Test worker] TRACE org.springframework.beans.factory.support.DefaultListableBeanFactory - Creating instance of bean 'org.springframework.boot.autoconfigure.jdbc.DataSourceAutoConfiguration$PooledDataSourceConfiguration'
10:22:19.432 [Test worker] TRACE org.springframework.beans.factory.support.DefaultListableBeanFactory - Returning cached instance of singleton bean 'org.springframework.transaction.config.internalTransactionAdvisor'
10:22:19.433 [Test worker] TRACE org.springframework.beans.factory.support.DefaultListableBeanFactory - Returning cached instance of singleton bean 'org.springframework.transaction.config.internalTransactionAdvisor'
10:22:19.433 [Test worker] TRACE org.springframework.beans.factory.support.DefaultListableBeanFactory - Returning cached instance of singleton bean 'org.springframework.transaction.config.internalTransactionAdvisor'
10:22:19.433 [Test worker] TRACE org.springframework.beans.factory.support.DefaultListableBeanFactory - Finished creating instance of bean 'org.springframework.boot.autoconfigure.jdbc.DataSourceAutoConfiguration$PooledDataSourceConfiguration'
10:22:19.434 [Test worker] TRACE org.springframework.beans.factory.support.DefaultListableBeanFactory - Returning cached instance of singleton bean 'spring.datasource-org.springframework.boot.autoconfigure.jdbc.DataSourceProperties'
10:22:19.434 [Test worker] DEBUG org.springframework.beans.factory.support.DefaultListableBeanFactory - Autowiring by type from bean name 'jdbcConnectionDetails' via factory method to bean named 'spring.datasource-org.springframework.boot.autoconfigure.jdbc.DataSourceProperties'
10:22:19.435 [Test worker] TRACE org.springframework.beans.factory.support.DefaultListableBeanFactory - Returning cached instance of singleton bean 'org.springframework.transaction.config.internalTransactionAdvisor'
10:22:19.435 [Test worker] TRACE org.springframework.beans.factory.support.DefaultListableBeanFactory - Returning cached instance of singleton bean 'org.springframework.transaction.config.internalTransactionAdvisor'
10:22:19.436 [Test worker] TRACE org.springframework.beans.factory.support.DefaultListableBeanFactory - Finished creating instance of bean 'jdbcConnectionDetails'
10:22:19.436 [Test worker] DEBUG org.springframework.beans.factory.support.DefaultListableBeanFactory - Autowiring by type from bean name 'dataSource' via factory method to bean named 'spring.datasource-org.springframework.boot.autoconfigure.jdbc.DataSourceProperties'
10:22:19.436 [Test worker] DEBUG org.springframework.beans.factory.support.DefaultListableBeanFactory - Autowiring by type from bean name 'dataSource' via factory method to bean named 'jdbcConnectionDetails'
10:22:19.450 [Test worker] TRACE org.springframework.beans.factory.support.DefaultListableBeanFactory - Returning cached instance of singleton bean 'org.springframework.boot.context.properties.BoundConfigurationProperties'
10:22:19.464 [Test worker] TRACE org.springframework.beans.factory.support.DefaultListableBeanFactory - Returning cached instance of singleton bean 'jdbcConnectionDetails'
10:22:19.465 [Test worker] TRACE org.springframework.beans.factory.support.DefaultListableBeanFactory - Returning cached instance of singleton bean 'org.springframework.transaction.config.internalTransactionAdvisor'
10:22:19.465 [Test worker] TRACE org.springframework.beans.factory.support.DefaultListableBeanFactory - Returning cached instance of singleton bean 'org.springframework.transaction.config.internalTransactionAdvisor'
10:22:19.467 [Test worker] TRACE org.springframework.beans.factory.support.DefaultListableBeanFactory - Finished creating instance of bean 'dataSource'
10:22:19.468 [Test worker] DEBUG org.springframework.beans.factory.support.DefaultListableBeanFactory - Creating shared instance of singleton bean 'spring.jpa-org.springframework.boot.autoconfigure.orm.jpa.JpaProperties'
10:22:19.468 [Test worker] TRACE org.springframework.beans.factory.support.DefaultListableBeanFactory - Creating instance of bean 'spring.jpa-org.springframework.boot.autoconfigure.orm.jpa.JpaProperties'
10:22:19.468 [Test worker] TRACE org.springframework.beans.factory.support.DefaultListableBeanFactory - Returning cached instance of singleton bean 'org.springframework.transaction.config.internalTransactionAdvisor'
10:22:19.468 [Test worker] TRACE org.springframework.beans.factory.support.DefaultListableBeanFactory - Returning cached instance of singleton bean 'org.springframework.boot.context.properties.BoundConfigurationProperties'
10:22:19.474 [Test worker] TRACE org.springframework.beans.factory.support.DefaultListableBeanFactory - Returning cached instance of singleton bean 'org.springframework.transaction.config.internalTransactionAdvisor'
10:22:19.474 [Test worker] TRACE org.springframework.beans.factory.support.DefaultListableBeanFactory - Returning cached instance of singleton bean 'org.springframework.transaction.config.internalTransactionAdvisor'
10:22:19.474 [Test worker] TRACE org.springframework.beans.factory.support.DefaultListableBeanFactory - Finished creating instance of bean 'spring.jpa-org.springframework.boot.autoconfigure.orm.jpa.JpaProperties'
10:22:19.475 [Test worker] DEBUG org.springframework.beans.factory.support.DefaultListableBeanFactory - Creating shared instance of singleton bean 'spring.jpa.hibernate-org.springframework.boot.autoconfigure.orm.jpa.HibernateProperties'
10:22:19.476 [Test worker] TRACE org.springframework.beans.factory.support.DefaultListableBeanFactory - Creating instance of bean 'spring.jpa.hibernate-org.springframework.boot.autoconfigure.orm.jpa.HibernateProperties'
10:22:19.476 [Test worker] TRACE org.springframework.beans.factory.support.DefaultListableBeanFactory - Returning cached instance of singleton bean 'org.springframework.transaction.config.internalTransactionAdvisor'
10:22:19.476 [Test worker] TRACE org.springframework.beans.factory.support.DefaultListableBeanFactory - Returning cached instance of singleton bean 'org.springframework.boot.context.properties.BoundConfigurationProperties'
10:22:19.477 [Test worker] TRACE org.springframework.beans.factory.support.DefaultListableBeanFactory - Returning cached instance of singleton bean 'org.springframework.transaction.config.internalTransactionAdvisor'
10:22:19.477 [Test worker] TRACE org.springframework.beans.factory.support.DefaultListableBeanFactory - Returning cached instance of singleton bean 'org.springframework.transaction.config.internalTransactionAdvisor'
10:22:19.478 [Test worker] TRACE org.springframework.beans.factory.support.DefaultListableBeanFactory - Finished creating instance of bean 'spring.jpa.hibernate-org.springframework.boot.autoconfigure.orm.jpa.HibernateProperties'
10:22:19.478 [Test worker] DEBUG org.springframework.beans.factory.support.DefaultListableBeanFactory - Autowiring by type from bean name 'org.springframework.boot.autoconfigure.orm.jpa.HibernateJpaConfiguration' via constructor to bean named 'dataSource'
10:22:19.478 [Test worker] DEBUG org.springframework.beans.factory.support.DefaultListableBeanFactory - Autowiring by type from bean name 'org.springframework.boot.autoconfigure.orm.jpa.HibernateJpaConfiguration' via constructor to bean named 'spring.jpa-org.springframework.boot.autoconfigure.orm.jpa.JpaProperties'
10:22:19.478 [Test worker] DEBUG org.springframework.beans.factory.support.DefaultListableBeanFactory - Autowiring by type from bean name 'org.springframework.boot.autoconfigure.orm.jpa.HibernateJpaConfiguration' via constructor to bean named 'org.springframework.beans.factory.support.DefaultListableBeanFactory@49f3ff41'
10:22:19.478 [Test worker] DEBUG org.springframework.beans.factory.support.DefaultListableBeanFactory - Autowiring by type from bean name 'org.springframework.boot.autoconfigure.orm.jpa.HibernateJpaConfiguration' via constructor to bean named 'spring.jpa.hibernate-org.springframework.boot.autoconfigure.orm.jpa.HibernateProperties'
10:22:19.480 [Test worker] DEBUG org.springframework.beans.factory.support.DefaultListableBeanFactory - Creating shared instance of singleton bean 'hikariPoolDataSourceMetadataProvider'
10:22:19.480 [Test worker] TRACE org.springframework.beans.factory.support.DefaultListableBeanFactory - Creating instance of bean 'hikariPoolDataSourceMetadataProvider'
10:22:19.480 [Test worker] TRACE org.springframework.beans.factory.support.DefaultListableBeanFactory - Returning cached instance of singleton bean 'org.springframework.transaction.config.internalTransactionAdvisor'
10:22:19.480 [Test worker] DEBUG org.springframework.beans.factory.support.DefaultListableBeanFactory - Creating shared instance of singleton bean 'org.springframework.boot.autoconfigure.jdbc.metadata.DataSourcePoolMetadataProvidersConfiguration$HikariPoolDataSourceMetadataProviderConfiguration'
10:22:19.480 [Test worker] TRACE org.springframework.beans.factory.support.DefaultListableBeanFactory - Creating instance of bean 'org.springframework.boot.autoconfigure.jdbc.metadata.DataSourcePoolMetadataProvidersConfiguration$HikariPoolDataSourceMetadataProviderConfiguration'
10:22:19.480 [Test worker] TRACE org.springframework.beans.factory.support.DefaultListableBeanFactory - Returning cached instance of singleton bean 'org.springframework.transaction.config.internalTransactionAdvisor'
10:22:19.481 [Test worker] TRACE org.springframework.beans.factory.support.DefaultListableBeanFactory - Returning cached instance of singleton bean 'org.springframework.transaction.config.internalTransactionAdvisor'
10:22:19.481 [Test worker] TRACE org.springframework.beans.factory.support.DefaultListableBeanFactory - Returning cached instance of singleton bean 'org.springframework.transaction.config.internalTransactionAdvisor'
10:22:19.481 [Test worker] TRACE org.springframework.beans.factory.support.DefaultListableBeanFactory - Finished creating instance of bean 'org.springframework.boot.autoconfigure.jdbc.metadata.DataSourcePoolMetadataProvidersConfiguration$HikariPoolDataSourceMetadataProviderConfiguration'
10:22:19.483 [Test worker] TRACE org.springframework.beans.factory.support.DefaultListableBeanFactory - Returning cached instance of singleton bean 'org.springframework.transaction.config.internalTransactionAdvisor'
10:22:19.483 [Test worker] TRACE org.springframework.beans.factory.support.DefaultListableBeanFactory - Returning cached instance of singleton bean 'org.springframework.transaction.config.internalTransactionAdvisor'
10:22:19.483 [Test worker] TRACE org.springframework.beans.factory.support.DefaultListableBeanFactory - Finished creating instance of bean 'hikariPoolDataSourceMetadataProvider'
10:22:19.487 [Test worker] TRACE org.springframework.beans.factory.support.DefaultListableBeanFactory - Returning cached instance of singleton bean 'org.springframework.transaction.config.internalTransactionAdvisor'
10:22:19.488 [Test worker] TRACE org.springframework.beans.factory.support.DefaultListableBeanFactory - Returning cached instance of singleton bean 'org.springframework.transaction.config.internalTransactionAdvisor'
10:22:19.488 [Test worker] TRACE org.springframework.beans.factory.support.DefaultListableBeanFactory - Finished creating instance of bean 'org.springframework.boot.autoconfigure.orm.jpa.HibernateJpaConfiguration'
10:22:19.489 [Test worker] DEBUG org.springframework.beans.factory.support.DefaultListableBeanFactory - Creating shared instance of singleton bean 'entityManagerFactoryBuilder'
10:22:19.489 [Test worker] TRACE org.springframework.beans.factory.support.DefaultListableBeanFactory - Creating instance of bean 'entityManagerFactoryBuilder'
10:22:19.489 [Test worker] TRACE org.springframework.beans.factory.support.DefaultListableBeanFactory - Returning cached instance of singleton bean 'org.springframework.transaction.config.internalTransactionAdvisor'
10:22:19.489 [Test worker] TRACE org.springframework.beans.factory.support.DefaultListableBeanFactory - Returning cached instance of singleton bean 'org.springframework.boot.autoconfigure.orm.jpa.HibernateJpaConfiguration'
10:22:19.490 [Test worker] DEBUG org.springframework.beans.factory.support.DefaultListableBeanFactory - Creating shared instance of singleton bean 'jpaVendorAdapter'
10:22:19.490 [Test worker] TRACE org.springframework.beans.factory.support.DefaultListableBeanFactory - Creating instance of bean 'jpaVendorAdapter'
10:22:19.490 [Test worker] TRACE org.springframework.beans.factory.support.DefaultListableBeanFactory - Returning cached instance of singleton bean 'org.springframework.transaction.config.internalTransactionAdvisor'
10:22:19.490 [Test worker] TRACE org.springframework.beans.factory.support.DefaultListableBeanFactory - Returning cached instance of singleton bean 'org.springframework.boot.autoconfigure.orm.jpa.HibernateJpaConfiguration'
10:22:19.497 [Test worker] DEBUG org.jboss.logging - Logging Provider: org.jboss.logging.Log4j2LoggerProvider
10:22:19.500 [Test worker] TRACE org.springframework.beans.factory.support.DefaultListableBeanFactory - Returning cached instance of singleton bean 'org.springframework.transaction.config.internalTransactionAdvisor'
10:22:19.500 [Test worker] TRACE org.springframework.beans.factory.support.DefaultListableBeanFactory - Returning cached instance of singleton bean 'org.springframework.transaction.config.internalTransactionAdvisor'
10:22:19.501 [Test worker] TRACE org.springframework.beans.factory.support.DefaultListableBeanFactory - Finished creating instance of bean 'jpaVendorAdapter'
10:22:19.501 [Test worker] DEBUG org.springframework.beans.factory.support.DefaultListableBeanFactory - Autowiring by type from bean name 'entityManagerFactoryBuilder' via factory method to bean named 'jpaVendorAdapter'
10:22:19.504 [Test worker] TRACE org.springframework.beans.factory.support.DefaultListableBeanFactory - Returning cached instance of singleton bean 'org.springframework.transaction.config.internalTransactionAdvisor'
10:22:19.504 [Test worker] TRACE org.springframework.beans.factory.support.DefaultListableBeanFactory - Returning cached instance of singleton bean 'org.springframework.transaction.config.internalTransactionAdvisor'
10:22:19.504 [Test worker] TRACE org.springframework.beans.factory.support.DefaultListableBeanFactory - Finished creating instance of bean 'entityManagerFactoryBuilder'
10:22:19.505 [Test worker] DEBUG org.springframework.beans.factory.support.DefaultListableBeanFactory - Creating shared instance of singleton bean 'persistenceManagedTypes'
10:22:19.505 [Test worker] TRACE org.springframework.beans.factory.support.DefaultListableBeanFactory - Creating instance of bean 'persistenceManagedTypes'
10:22:19.505 [Test worker] TRACE org.springframework.beans.factory.support.DefaultListableBeanFactory - Returning cached instance of singleton bean 'org.springframework.transaction.config.internalTransactionAdvisor'
10:22:19.506 [Test worker] DEBUG org.springframework.beans.factory.support.DefaultListableBeanFactory - Autowiring by type from bean name 'persistenceManagedTypes' via factory method to bean named 'org.springframework.beans.factory.support.DefaultListableBeanFactory@49f3ff41'
10:22:19.506 [Test worker] DEBUG org.springframework.beans.factory.support.DefaultListableBeanFactory - Autowiring by type from bean name 'persistenceManagedTypes' via factory method to bean named 'org.springframework.web.context.support.GenericWebApplicationContext@5a936e64'
10:22:19.507 [Test worker] TRACE org.springframework.beans.factory.support.DefaultListableBeanFactory - No bean named 'org.springframework.boot.autoconfigure.domain.EntityScanPackages' found in org.springframework.beans.factory.support.DefaultListableBeanFactory@49f3ff41: defining beans [org.springframework.boot.test.mock.mockito.MockitoPostProcessor$SpyPostProcessor,org.springframework.boot.test.mock.mockito.MockitoPostProcessor,org.springframework.context.annotation.internalConfigurationAnnotationProcessor,org.springframework.context.annotation.internalAutowiredAnnotationProcessor,org.springframework.context.annotation.internalCommonAnnotationProcessor,org.springframework.context.annotation.internalPersistenceAnnotationProcessor,org.springframework.context.event.internalEventListenerProcessor,org.springframework.context.event.internalEventListenerFactory,laundryMgmtApplication,org.springframework.boot.autoconfigure.internalCachingMetadataReaderFactory,laundryMgmtApplicationConfig,machineImplementationService,machinesServicesImplementation,springSecurityConfig,machineController,reservationController,securityController,sensorController,washingTimeCommandLine,userDetailsService,defaultSecurityFilterChain,org.springframework.boot.autoconfigure.AutoConfigurationPackages,org.springframework.boot.autoconfigure.context.PropertyPlaceholderAutoConfiguration,propertySourcesPlaceholderConfigurer,org.springframework.boot.autoconfigure.ssl.SslAutoConfiguration,sslPropertiesSslBundleRegistrar,sslBundleRegistry,org.springframework.boot.context.properties.ConfigurationPropertiesBindingPostProcessor,org.springframework.boot.context.internalConfigurationPropertiesBinder,org.springframework.boot.context.properties.BoundConfigurationProperties,org.springframework.boot.context.properties.EnableConfigurationPropertiesRegistrar.methodValidationExcludeFilter,spring.ssl-org.springframework.boot.autoconfigure.ssl.SslProperties,org.springframework.boot.autoconfigure.websocket.servlet.WebSocketServletAutoConfiguration$TomcatWebSocketConfiguration,websocketServletWebServerCustomizer,org.springframework.boot.autoconfigure.websocket.servlet.WebSocketServletAutoConfiguration,org.springframework.boot.autoconfigure.web.servlet.ServletWebServerFactoryConfiguration$EmbeddedTomcat,tomcatServletWebServerFactory,org.springframework.boot.autoconfigure.web.servlet.ServletWebServerFactoryAutoConfiguration,servletWebServerFactoryCustomizer,tomcatServletWebServerFactoryCustomizer,server-org.springframework.boot.autoconfigure.web.ServerProperties,webServerFactoryCustomizerBeanPostProcessor,errorPageRegistrarBeanPostProcessor,org.springframework.boot.autoconfigure.web.servlet.DispatcherServletAutoConfiguration$DispatcherServletConfiguration,dispatcherServlet,spring.mvc-org.springframework.boot.autoconfigure.web.servlet.WebMvcProperties,org.springframework.boot.autoconfigure.web.servlet.DispatcherServletAutoConfiguration$DispatcherServletRegistrationConfiguration,dispatcherServletRegistration,org.springframework.boot.autoconfigure.web.servlet.DispatcherServletAutoConfiguration,org.springframework.boot.autoconfigure.task.TaskExecutionAutoConfiguration,taskExecutorBuilder,applicationTaskExecutor,spring.task.execution-org.springframework.boot.autoconfigure.task.TaskExecutionProperties,org.springframework.boot.autoconfigure.web.servlet.error.ErrorMvcAutoConfiguration$WhitelabelErrorViewConfiguration,error,beanNameViewResolver,org.springframework.boot.autoconfigure.web.servlet.error.ErrorMvcAutoConfiguration$DefaultErrorViewResolverConfiguration,conventionErrorViewResolver,spring.web-org.springframework.boot.autoconfigure.web.WebProperties,org.springframework.boot.autoconfigure.web.servlet.error.ErrorMvcAutoConfiguration,errorAttributes,basicErrorController,errorPageCustomizer,preserveErrorControllerTargetClassPostProcessor,org.springframework.boot.autoconfigure.web.servlet.WebMvcAutoConfiguration$EnableWebMvcConfiguration,requestMappingHandlerAdapter,welcomePageHandlerMapping,welcomePageNotAcceptableHandlerMapping,localeResolver,themeResolver,flashMapManager,mvcConversionService,mvcValidator,mvcContentNegotiationManager,requestMappingHandlerMapping,mvcPatternParser,mvcUrlPathHelper,mvcPathMatcher,viewControllerHandlerMapping,beanNameHandlerMapping,routerFunctionMapping,resourceHandlerMapping,mvcResourceUrlProvider,defaultServletHandlerMapping,handlerFunctionAdapter,mvcUriComponentsContributor,httpRequestHandlerAdapter,simpleControllerHandlerAdapter,handlerExceptionResolver,mvcViewResolver,mvcHandlerMappingIntrospector,viewNameTranslator,org.springframework.boot.autoconfigure.web.servlet.WebMvcAutoConfiguration$WebMvcAutoConfigurationAdapter,defaultViewResolver,viewResolver,requestContextFilter,org.springframework.boot.autoconfigure.web.servlet.WebMvcAutoConfiguration,formContentFilter,org.springdoc.core.configuration.SpringDocConfiguration$QuerydslProvider,queryDslQuerydslPredicateOperationCustomizer,org.springdoc.core.configuration.SpringDocConfiguration$OpenApiResourceAdvice,org.springdoc.core.configuration.SpringDocConfiguration$SpringDocSpringDataWebPropertiesProvider,springDataWebPropertiesProvider,org.springdoc.core.configuration.SpringDocConfiguration$WebConversionServiceConfiguration,webConversionServiceProvider,org.springdoc.core.configuration.SpringDocConfiguration,localSpringDocParameterNameDiscoverer,additionalModelsConverter,fileSupportConverter,responseSupportConverter,schemaPropertyDeprecatingConverter,polymorphicModelConverter,openAPIBuilder,modelConverterRegistrar,operationBuilder,propertyResolverUtils,requestBodyBuilder,securityParser,genericReturnTypeParser,parameterBuilder,springDocProviders,springdocObjectMapperProvider,springDocCustomizers,org.springdoc.core.configuration.SpringDocPageableConfiguration,pageableOpenAPIConverter,delegatingMethodParameterCustomizer,org.springdoc.core.configuration.SpringDocSecurityConfiguration$SpringSecurityLoginEndpointConfiguration,org.springdoc.core.configuration.SpringDocSecurityConfiguration,org.springdoc.core.configuration.SpringDocSortConfiguration,sortOpenAPIConverter,org.springdoc.core.configuration.SpringDocUIConfiguration,org.springdoc.core.properties.SpringDocConfigProperties,org.springdoc.core.properties.SwaggerUiConfigParameters,org.springdoc.core.properties.SwaggerUiConfigProperties,org.springdoc.core.properties.SwaggerUiOAuthProperties,org.springdoc.webmvc.core.configuration.SpringDocWebMvcConfiguration$SpringDocWebMvcRouterConfiguration,routerFunctionProvider,org.springdoc.webmvc.core.configuration.SpringDocWebMvcConfiguration,openApiResource,requestBuilder,springWebProvider,responseBuilder,org.springdoc.webmvc.ui.SwaggerConfig,swaggerWelcome,swaggerConfigResource,indexPageTransformer,swaggerWebMvcConfigurer,swaggerResourceResolver,org.springframework.boot.autoconfigure.aop.AopAutoConfiguration$AspectJAutoProxyingConfiguration$CglibAutoProxyConfiguration,org.springframework.aop.config.internalAutoProxyCreator,org.springframework.boot.autoconfigure.aop.AopAutoConfiguration$AspectJAutoProxyingConfiguration,org.springframework.boot.autoconfigure.aop.AopAutoConfiguration,org.springframework.boot.autoconfigure.availability.ApplicationAvailabilityAutoConfiguration,applicationAvailability,org.springframework.boot.autoconfigure.jackson.JacksonAutoConfiguration$Jackson2ObjectMapperBuilderCustomizerConfiguration,standardJacksonObjectMapperBuilderCustomizer,spring.jackson-org.springframework.boot.autoconfigure.jackson.JacksonProperties,org.springframework.boot.autoconfigure.jackson.JacksonAutoConfiguration$JacksonObjectMapperBuilderConfiguration,jacksonObjectMapperBuilder,org.springframework.boot.autoconfigure.jackson.JacksonAutoConfiguration$ParameterNamesModuleConfiguration,parameterNamesModule,org.springframework.boot.autoconfigure.jackson.JacksonAutoConfiguration$JacksonObjectMapperConfiguration,jacksonObjectMapper,org.springframework.boot.autoconfigure.jackson.JacksonAutoConfiguration$JacksonMixinConfiguration,jsonMixinModuleEntries,jsonMixinModule,org.springframework.boot.autoconfigure.jackson.JacksonAutoConfiguration,jsonComponentModule,org.springframework.boot.autoconfigure.transaction.jta.JtaAutoConfiguration,org.springframework.boot.autoconfigure.jdbc.DataSourceConfiguration$Hikari,jdbcConnectionDetailsHikariBeanPostProcessor,dataSource,org.springframework.boot.autoconfigure.jdbc.DataSourceAutoConfiguration$PooledDataSourceConfiguration,jdbcConnectionDetails,org.springframework.boot.autoconfigure.jdbc.metadata.DataSourcePoolMetadataProvidersConfiguration$HikariPoolDataSourceMetadataProviderConfiguration,hikariPoolDataSourceMetadataProvider,org.springframework.boot.autoconfigure.jdbc.metadata.DataSourcePoolMetadataProvidersConfiguration,org.springframework.boot.autoconfigure.jdbc.DataSourceAutoConfiguration,spring.datasource-org.springframework.boot.autoconfigure.jdbc.DataSourceProperties,org.springframework.boot.autoconfigure.orm.jpa.JpaBaseConfiguration$JpaWebConfiguration,openEntityManagerInViewInterceptor,openEntityManagerInViewInterceptorConfigurer,org.springframework.boot.autoconfigure.orm.jpa.JpaBaseConfiguration$PersistenceManagedTypesConfiguration,persistenceManagedTypes,org.springframework.boot.autoconfigure.orm.jpa.HibernateJpaConfiguration,transactionManager,jpaVendorAdapter,entityManagerFactoryBuilder,entityManagerFactory,spring.jpa.hibernate-org.springframework.boot.autoconfigure.orm.jpa.HibernateProperties,spring.jpa-org.springframework.boot.autoconfigure.orm.jpa.JpaProperties,org.springframework.boot.autoconfigure.orm.jpa.HibernateJpaAutoConfiguration,org.springframework.boot.autoconfigure.context.ConfigurationPropertiesAutoConfiguration,org.springframework.boot.autoconfigure.context.LifecycleAutoConfiguration,lifecycleProcessor,spring.lifecycle-org.springframework.boot.autoconfigure.context.LifecycleProperties,org.springframework.boot.autoconfigure.dao.PersistenceExceptionTranslationAutoConfiguration,persistenceExceptionTranslationPostProcessor,org.springframework.boot.autoconfigure.data.jpa.JpaRepositoriesAutoConfiguration,jpaSharedEM_entityManagerFactory,emBeanDefinitionRegistrarPostProcessor,jpaMappingContext,jpaContext,org.springframework.data.jpa.util.JpaMetamodelCacheCleanup,org.springframework.data.jpa.repository.support.JpaEvaluationContextExtension,jpa.named-queries#0,jpa.SensorDao.fragments#0,sensorDao,jpa.named-queries#1,jpa.ReservationDao.fragments#0,reservationDao,jpa.named-queries#2,jpa.MachineDao.fragments#0,machineDao,data-jpa.repository-aot-processor#0,org.springframework.boot.autoconfigure.http.HttpMessageConvertersAutoConfiguration$StringHttpMessageConverterConfiguration,stringHttpMessageConverter,org.springframework.boot.autoconfigure.http.JacksonHttpMessageConvertersConfiguration$MappingJackson2HttpMessageConverterConfiguration,mappingJackson2HttpMessageConverter,org.springframework.boot.autoconfigure.http.JacksonHttpMessageConvertersConfiguration,org.springframework.boot.autoconfigure.http.HttpMessageConvertersAutoConfiguration,messageConverters,org.springframework.data.web.config.ProjectingArgumentResolverRegistrar,projectingArgumentResolverBeanPostProcessor,org.springframework.data.web.config.SpringDataWebConfiguration,pageableResolver,sortResolver,org.springframework.data.web.config.SpringDataJacksonConfiguration,jacksonGeoModule,org.springframework.boot.autoconfigure.data.web.SpringDataWebAutoConfiguration,pageableCustomizer,sortCustomizer,spring.data.web-org.springframework.boot.autoconfigure.data.web.SpringDataWebProperties,org.springframework.boot.autoconfigure.h2.H2ConsoleAutoConfiguration,h2Console,spring.h2.console-org.springframework.boot.autoconfigure.h2.H2ConsoleProperties,org.springframework.boot.autoconfigure.info.ProjectInfoAutoConfiguration,spring.info-org.springframework.boot.autoconfigure.info.ProjectInfoProperties,org.springframework.boot.autoconfigure.jdbc.JdbcTemplateConfiguration,jdbcTemplate,org.springframework.boot.autoconfigure.jdbc.NamedParameterJdbcTemplateConfiguration,namedParameterJdbcTemplate,org.springframework.boot.autoconfigure.jdbc.JdbcTemplateAutoConfiguration,spring.jdbc-org.springframework.boot.autoconfigure.jdbc.JdbcProperties,org.springframework.boot.sql.init.dependency.DatabaseInitializationDependencyConfigurer$DependsOnDatabaseInitializationPostProcessor,org.springframework.security.config.annotation.configuration.ObjectPostProcessorConfiguration,objectPostProcessor,org.springframework.security.config.annotation.authentication.configuration.AuthenticationConfiguration,authenticationManagerBuilder,enableGlobalAuthenticationAutowiredConfigurer,initializeUserDetailsBeanManagerConfigurer,initializeAuthenticationProviderBeanManagerConfigurer,org.springframework.security.config.annotation.web.configuration.WebSecurityConfiguration,delegatingApplicationListener,webSecurityExpressionHandler,springSecurityFilterChain,privilegeEvaluator,conversionServicePostProcessor,org.springframework.security.config.annotation.web.configuration.WebMvcSecurityConfiguration,requestDataValueProcessor,org.springframework.security.config.annotation.web.configuration.HttpSecurityConfiguration,org.springframework.security.config.annotation.web.configuration.HttpSecurityConfiguration.httpSecurity,org.springframework.boot.autoconfigure.security.servlet.SpringBootWebSecurityConfiguration$WebSecurityEnablerConfiguration,org.springframework.boot.autoconfigure.security.servlet.SpringBootWebSecurityConfiguration,org.springframework.boot.autoconfigure.security.servlet.SecurityAutoConfiguration,authenticationEventPublisher,spring.security-org.springframework.boot.autoconfigure.security.SecurityProperties,org.springframework.boot.autoconfigure.security.servlet.SecurityFilterAutoConfiguration,securityFilterChainRegistration,org.springframework.boot.autoconfigure.sql.init.DataSourceInitializationConfiguration,dataSourceScriptDatabaseInitializer,org.springframework.boot.autoconfigure.sql.init.SqlInitializationAutoConfiguration,spring.sql.init-org.springframework.boot.autoconfigure.sql.init.SqlInitializationProperties,org.springframework.boot.autoconfigure.task.TaskSchedulingAutoConfiguration,taskSchedulerBuilder,spring.task.scheduling-org.springframework.boot.autoconfigure.task.TaskSchedulingProperties,org.springframework.boot.autoconfigure.jdbc.DataSourceTransactionManagerAutoConfiguration$JdbcTransactionManagerConfiguration,org.springframework.boot.autoconfigure.jdbc.DataSourceTransactionManagerAutoConfiguration,org.springframework.transaction.annotation.ProxyTransactionManagementConfiguration,org.springframework.transaction.config.internalTransactionAdvisor,transactionAttributeSource,transactionInterceptor,org.springframework.transaction.config.internalTransactionalEventListenerFactory,org.springframework.boot.autoconfigure.transaction.TransactionAutoConfiguration$EnableTransactionManagementConfiguration$CglibAutoProxyConfiguration,org.springframework.boot.autoconfigure.transaction.TransactionAutoConfiguration$EnableTransactionManagementConfiguration,org.springframework.boot.autoconfigure.transaction.TransactionAutoConfiguration$TransactionTemplateConfiguration,transactionTemplate,org.springframework.boot.autoconfigure.transaction.TransactionAutoConfiguration,platformTransactionManagerCustomizers,spring.transaction-org.springframework.boot.autoconfigure.transaction.TransactionProperties,org.springframework.boot.autoconfigure.web.client.RestTemplateAutoConfiguration,restTemplateBuilderConfigurer,restTemplateBuilder,org.springframework.boot.autoconfigure.web.servlet.HttpEncodingAutoConfiguration,characterEncodingFilter,localeCharsetMappingsCustomizer,org.springframework.boot.autoconfigure.web.servlet.MultipartAutoConfiguration,multipartConfigElement,multipartResolver,spring.servlet.multipart-org.springframework.boot.autoconfigure.web.servlet.MultipartProperties,jpaSharedEM_AWC_entityManagerFactory]; root of factory hierarchy
10:22:19.508 [Test worker] TRACE org.springframework.beans.factory.support.DefaultListableBeanFactory - Returning cached instance of singleton bean 'org.springframework.boot.autoconfigure.AutoConfigurationPackages'
10:22:19.508 [Test worker] TRACE org.springframework.beans.factory.support.DefaultListableBeanFactory - Returning cached instance of singleton bean 'org.springframework.boot.autoconfigure.AutoConfigurationPackages'
10:22:19.509 [Test worker] TRACE org.springframework.core.io.support.PathMatchingResourcePatternResolver - Resolved module-path location pattern [com/laundry/laundryMgmt/**/*.class] to resources []
10:22:19.510 [Test worker] TRACE org.springframework.core.io.support.PathMatchingResourcePatternResolver - Resolved module-path location pattern [com/laundry/laundryMgmt/] to resources []
10:22:19.510 [Test worker] TRACE org.springframework.core.io.support.PathMatchingResourcePatternResolver - Resolved classpath location [com/laundry/laundryMgmt/] to resources [file [/home/kali/Toolbox3/Projet/TestBackend/build/classes/java/test/com/laundry/laundryMgmt], file [/home/kali/Toolbox3/Projet/TestBackend/build/classes/java/main/com/laundry/laundryMgmt]]
10:22:19.510 [Test worker] TRACE org.springframework.core.io.support.PathMatchingResourcePatternResolver - Searching directory [/home/kali/Toolbox3/Projet/TestBackend/build/classes/java/test/com/laundry/laundryMgmt] for files matching pattern [**/*.class]
10:22:19.511 [Test worker] TRACE org.springframework.core.io.support.PathMatchingResourcePatternResolver - Searching directory [/home/kali/Toolbox3/Projet/TestBackend/build/classes/java/main/com/laundry/laundryMgmt] for files matching pattern [**/*.class]
10:22:19.512 [Test worker] TRACE org.springframework.core.io.support.PathMatchingResourcePatternResolver - Resolved location pattern [classpath*:com/laundry/laundryMgmt/**/*.class] to resources [file [/home/kali/Toolbox3/Projet/TestBackend/build/classes/java/test/com/laundry/laundryMgmt/LaundryMgmtApplicationTests.class], file [/home/kali/Toolbox3/Projet/TestBackend/build/classes/java/test/com/laundry/laundryMgmt/MachineTest/MachineDaoTest.class], file [/home/kali/Toolbox3/Projet/TestBackend/build/classes/java/test/com/laundry/laundryMgmt/MachineTest/MachineIntegrationTests.class], file [/home/kali/Toolbox3/Projet/TestBackend/build/classes/java/test/com/laundry/laundryMgmt/ReservationTest/ReservationDaoTest.class], file [/home/kali/Toolbox3/Projet/TestBackend/build/classes/java/test/com/laundry/laundryMgmt/ReservationTest/ReservationIntegration.class], file [/home/kali/Toolbox3/Projet/TestBackend/build/classes/java/test/com/laundry/laundryMgmt/SensorTest/SensorDaoTest.class], file [/home/kali/Toolbox3/Projet/TestBackend/build/classes/java/test/com/laundry/laundryMgmt/SensorTest/SensorIntegration.class], file [/home/kali/Toolbox3/Projet/TestBackend/build/classes/java/test/com/laundry/laundryMgmt/businessLogic/MachineImplentationServiceTest.class], file [/home/kali/Toolbox3/Projet/TestBackend/build/classes/java/test/com/laundry/laundryMgmt/businessLogic/MachinesImplementationServicesTest$MachinesImplementationServicesTestConfig.class], file [/home/kali/Toolbox3/Projet/TestBackend/build/classes/java/test/com/laundry/laundryMgmt/businessLogic/MachinesImplementationServicesTest.class], file [/home/kali/Toolbox3/Projet/TestBackend/build/classes/java/main/com/laundry/laundryMgmt/LaundryMgmtApplication.class], file [/home/kali/Toolbox3/Projet/TestBackend/build/classes/java/main/com/laundry/laundryMgmt/LaundryMgmtApplicationConfig.class], file [/home/kali/Toolbox3/Projet/TestBackend/build/classes/java/main/com/laundry/laundryMgmt/businessLogic/MachineImplementationService.class], file [/home/kali/Toolbox3/Projet/TestBackend/build/classes/java/main/com/laundry/laundryMgmt/businessLogic/MachineService.class], file [/home/kali/Toolbox3/Projet/TestBackend/build/classes/java/main/com/laundry/laundryMgmt/businessLogic/MachinesServices.class], file [/home/kali/Toolbox3/Projet/TestBackend/build/classes/java/main/com/laundry/laundryMgmt/businessLogic/MachinesServicesImplementation.class], file [/home/kali/Toolbox3/Projet/TestBackend/build/classes/java/main/com/laundry/laundryMgmt/config/SpringSecurityConfig.class], file [/home/kali/Toolbox3/Projet/TestBackend/build/classes/java/main/com/laundry/laundryMgmt/controllers/MachineController.class], file [/home/kali/Toolbox3/Projet/TestBackend/build/classes/java/main/com/laundry/laundryMgmt/controllers/ReservationController.class], file [/home/kali/Toolbox3/Projet/TestBackend/build/classes/java/main/com/laundry/laundryMgmt/controllers/SecurityController$User.class], file [/home/kali/Toolbox3/Projet/TestBackend/build/classes/java/main/com/laundry/laundryMgmt/controllers/SecurityController.class], file [/home/kali/Toolbox3/Projet/TestBackend/build/classes/java/main/com/laundry/laundryMgmt/controllers/SensorController.class], file [/home/kali/Toolbox3/Projet/TestBackend/build/classes/java/main/com/laundry/laundryMgmt/dao/MachineDao.class], file [/home/kali/Toolbox3/Projet/TestBackend/build/classes/java/main/com/laundry/laundryMgmt/dao/ReservationDao.class], file [/home/kali/Toolbox3/Projet/TestBackend/build/classes/java/main/com/laundry/laundryMgmt/dao/SensorDao.class], file [/home/kali/Toolbox3/Projet/TestBackend/build/classes/java/main/com/laundry/laundryMgmt/mappers/MachineMapper.class], file [/home/kali/Toolbox3/Projet/TestBackend/build/classes/java/main/com/laundry/laundryMgmt/mappers/ReservationMapper.class], file [/home/kali/Toolbox3/Projet/TestBackend/build/classes/java/main/com/laundry/laundryMgmt/mappers/SensorMapper.class], file [/home/kali/Toolbox3/Projet/TestBackend/build/classes/java/main/com/laundry/laundryMgmt/models/CycleType.class], file [/home/kali/Toolbox3/Projet/TestBackend/build/classes/java/main/com/laundry/laundryMgmt/models/MachineEntity.class], file [/home/kali/Toolbox3/Projet/TestBackend/build/classes/java/main/com/laundry/laundryMgmt/models/ReservationEntity.class], file [/home/kali/Toolbox3/Projet/TestBackend/build/classes/java/main/com/laundry/laundryMgmt/models/SensorEntity.class], file [/home/kali/Toolbox3/Projet/TestBackend/build/classes/java/main/com/laundry/laundryMgmt/models/SensorType.class], file [/home/kali/Toolbox3/Projet/TestBackend/build/classes/java/main/com/laundry/laundryMgmt/records/MachineCommand.class], file [/home/kali/Toolbox3/Projet/TestBackend/build/classes/java/main/com/laundry/laundryMgmt/records/MachineRecord.class], file [/home/kali/Toolbox3/Projet/TestBackend/build/classes/java/main/com/laundry/laundryMgmt/records/ReservationCommand.class], file [/home/kali/Toolbox3/Projet/TestBackend/build/classes/java/main/com/laundry/laundryMgmt/records/ReservationRecord.class], file [/home/kali/Toolbox3/Projet/TestBackend/build/classes/java/main/com/laundry/laundryMgmt/records/SensorRecord.class]]
10:22:19.514 [Test worker] TRACE org.springframework.beans.factory.support.DefaultListableBeanFactory - Returning cached instance of singleton bean 'org.springframework.transaction.config.internalTransactionAdvisor'
10:22:19.514 [Test worker] TRACE org.springframework.beans.factory.support.DefaultListableBeanFactory - Returning cached instance of singleton bean 'org.springframework.transaction.config.internalTransactionAdvisor'
10:22:19.514 [Test worker] TRACE org.springframework.beans.factory.support.DefaultListableBeanFactory - Finished creating instance of bean 'persistenceManagedTypes'
10:22:19.514 [Test worker] DEBUG org.springframework.beans.factory.support.DefaultListableBeanFactory - Autowiring by type from bean name 'entityManagerFactory' via factory method to bean named 'entityManagerFactoryBuilder'
10:22:19.514 [Test worker] DEBUG org.springframework.beans.factory.support.DefaultListableBeanFactory - Autowiring by type from bean name 'entityManagerFactory' via factory method to bean named 'persistenceManagedTypes'
10:22:19.524 [Test worker] DEBUG org.springframework.jdbc.datasource.DataSourceUtils - Fetching JDBC Connection from DataSource
10:22:19.745 [Test worker] TRACE org.springframework.beans.factory.support.DefaultListableBeanFactory - Invoking afterPropertiesSet() on bean with name 'entityManagerFactory'
10:22:19.758 [Test worker] TRACE org.springframework.core.io.support.PathMatchingResourcePatternResolver - Resolved module-path location pattern [META-INF/persistence.xml] to resources []
10:22:19.758 [Test worker] TRACE org.springframework.core.io.support.PathMatchingResourcePatternResolver - Resolved classpath location [META-INF/persistence.xml] to resources []
10:22:19.764 [Test worker] DEBUG org.springframework.orm.jpa.LocalContainerEntityManagerFactoryBean - Building JPA container EntityManagerFactory for persistence unit 'default'
10:22:19.799 [Test worker] DEBUG org.hibernate.jpa.internal.util.LogHelper - PersistenceUnitInfo [
	name: default
	persistence provider classname: null
	classloader: jdk.internal.loader.ClassLoaders$AppClassLoader@5cb0d902
	excludeUnlistedClasses: true
	JTA datasource: null
	Non JTA datasource: HikariDataSource (HikariPool-1)
	Transaction type: RESOURCE_LOCAL
	PU root URL: file:/home/kali/Toolbox3/Projet/TestBackend/build/classes/java/test/
	Shared Cache Mode: UNSPECIFIED
	Validation Mode: AUTO
	Jar files URLs []
	Managed classes names [
		com.laundry.laundryMgmt.models.MachineEntity
		com.laundry.laundryMgmt.models.ReservationEntity
		com.laundry.laundryMgmt.models.SensorEntity]
	Mapping files names []
	Properties []
10:22:19.814 [Test worker] DEBUG org.hibernate.integrator.internal.IntegratorServiceImpl - Adding Integrator [org.hibernate.boot.beanvalidation.BeanValidationIntegrator].
10:22:19.816 [Test worker] DEBUG org.hibernate.integrator.internal.IntegratorServiceImpl - Adding Integrator [org.hibernate.cache.internal.CollectionCacheInvalidator].
10:22:19.832 [Test worker] TRACE org.hibernate.boot.registry.selector.internal.StrategySelectorImpl - Registering named strategy selector [org.hibernate.resource.transaction.spi.TransactionCoordinatorBuilder] : [jdbc] -> [org.hibernate.resource.transaction.backend.jdbc.internal.JdbcResourceLocalTransactionCoordinatorBuilderImpl]
10:22:19.832 [Test worker] TRACE org.hibernate.boot.registry.selector.internal.StrategySelectorImpl - Registering named strategy selector [org.hibernate.resource.transaction.spi.TransactionCoordinatorBuilder] : [jta] -> [org.hibernate.resource.transaction.backend.jta.internal.JtaTransactionCoordinatorBuilderImpl]
10:22:19.832 [Test worker] TRACE org.hibernate.boot.registry.selector.internal.StrategySelectorImpl - Registering named strategy selector [org.hibernate.resource.transaction.spi.TransactionCoordinatorBuilder] : [org.hibernate.transaction.JDBCTransactionFactory] -> [org.hibernate.resource.transaction.backend.jdbc.internal.JdbcResourceLocalTransactionCoordinatorBuilderImpl]
10:22:19.832 [Test worker] TRACE org.hibernate.boot.registry.selector.internal.StrategySelectorImpl - Registering named strategy selector [org.hibernate.resource.transaction.spi.TransactionCoordinatorBuilder] : [org.hibernate.transaction.JTATransactionFactory] -> [org.hibernate.resource.transaction.backend.jta.internal.JtaTransactionCoordinatorBuilderImpl]
10:22:19.832 [Test worker] TRACE org.hibernate.boot.registry.selector.internal.StrategySelectorImpl - Registering named strategy selector [org.hibernate.resource.transaction.spi.TransactionCoordinatorBuilder] : [org.hibernate.transaction.CMTTransactionFactory] -> [org.hibernate.resource.transaction.backend.jta.internal.JtaTransactionCoordinatorBuilderImpl]
10:22:19.832 [Test worker] TRACE org.hibernate.boot.registry.selector.internal.StrategySelectorImpl - Registering named strategy selector [org.hibernate.query.sqm.mutation.spi.SqmMultiTableMutationStrategy] : [cte] -> [org.hibernate.query.sqm.mutation.internal.cte.CteMutationStrategy]
10:22:19.833 [Test worker] TRACE org.hibernate.boot.registry.selector.internal.StrategySelectorImpl - Registering named strategy selector [org.hibernate.query.sqm.mutation.spi.SqmMultiTableMutationStrategy] : [global_temporary] -> [org.hibernate.query.sqm.mutation.internal.temptable.GlobalTemporaryTableMutationStrategy]
10:22:19.834 [Test worker] TRACE org.hibernate.boot.registry.selector.internal.StrategySelectorImpl - Registering named strategy selector [org.hibernate.query.sqm.mutation.spi.SqmMultiTableMutationStrategy] : [local_temporary] -> [org.hibernate.query.sqm.mutation.internal.temptable.LocalTemporaryTableMutationStrategy]
10:22:19.834 [Test worker] TRACE org.hibernate.boot.registry.selector.internal.StrategySelectorImpl - Registering named strategy selector [org.hibernate.query.sqm.mutation.spi.SqmMultiTableMutationStrategy] : [persistent] -> [org.hibernate.query.sqm.mutation.internal.temptable.PersistentTableMutationStrategy]
10:22:19.834 [Test worker] TRACE org.hibernate.boot.registry.selector.internal.StrategySelectorImpl - Registering named strategy selector [org.hibernate.boot.model.naming.ImplicitNamingStrategy] : [default] -> [org.hibernate.boot.model.naming.ImplicitNamingStrategyJpaCompliantImpl]
10:22:19.834 [Test worker] TRACE org.hibernate.boot.registry.selector.internal.StrategySelectorImpl - Registering named strategy selector [org.hibernate.boot.model.naming.ImplicitNamingStrategy] : [jpa] -> [org.hibernate.boot.model.naming.ImplicitNamingStrategyJpaCompliantImpl]
10:22:19.835 [Test worker] TRACE org.hibernate.boot.registry.selector.internal.StrategySelectorImpl - Registering named strategy selector [org.hibernate.boot.model.naming.ImplicitNamingStrategy] : [legacy-jpa] -> [org.hibernate.boot.model.naming.ImplicitNamingStrategyLegacyJpaImpl]
10:22:19.835 [Test worker] TRACE org.hibernate.boot.registry.selector.internal.StrategySelectorImpl - Registering named strategy selector [org.hibernate.boot.model.naming.ImplicitNamingStrategy] : [legacy-hbm] -> [org.hibernate.boot.model.naming.ImplicitNamingStrategyLegacyHbmImpl]
10:22:19.836 [Test worker] TRACE org.hibernate.boot.registry.selector.internal.StrategySelectorImpl - Registering named strategy selector [org.hibernate.boot.model.naming.ImplicitNamingStrategy] : [component-path] -> [org.hibernate.boot.model.naming.ImplicitNamingStrategyComponentPathImpl]
10:22:19.836 [Test worker] TRACE org.hibernate.boot.registry.selector.internal.StrategySelectorImpl - Registering named strategy selector [org.hibernate.id.enhanced.ImplicitDatabaseObjectNamingStrategy] : [standard] -> [org.hibernate.id.enhanced.StandardNamingStrategy]
10:22:19.836 [Test worker] TRACE org.hibernate.boot.registry.selector.internal.StrategySelectorImpl - Registering named strategy selector [org.hibernate.id.enhanced.ImplicitDatabaseObjectNamingStrategy] : [single] -> [org.hibernate.id.enhanced.SingleNamingStrategy]
10:22:19.837 [Test worker] TRACE org.hibernate.boot.registry.selector.internal.StrategySelectorImpl - Registering named strategy selector [org.hibernate.id.enhanced.ImplicitDatabaseObjectNamingStrategy] : [legacy] -> [org.hibernate.id.enhanced.LegacyNamingStrategy]
10:22:19.839 [Test worker] TRACE org.hibernate.boot.registry.selector.internal.StrategySelectorImpl - Registering named strategy selector [org.hibernate.boot.model.relational.ColumnOrderingStrategy] : [default] -> [org.hibernate.boot.model.relational.ColumnOrderingStrategyStandard]
10:22:19.839 [Test worker] TRACE org.hibernate.boot.registry.selector.internal.StrategySelectorImpl - Registering named strategy selector [org.hibernate.boot.model.relational.ColumnOrderingStrategy] : [legacy] -> [org.hibernate.boot.model.relational.ColumnOrderingStrategyLegacy]
10:22:19.840 [Test worker] TRACE org.hibernate.boot.registry.selector.internal.StrategySelectorImpl - Registering named strategy selector [org.hibernate.cache.spi.CacheKeysFactory] : [default] -> [org.hibernate.cache.internal.DefaultCacheKeysFactory]
10:22:19.840 [Test worker] TRACE org.hibernate.boot.registry.selector.internal.StrategySelectorImpl - Registering named strategy selector [org.hibernate.cache.spi.CacheKeysFactory] : [simple] -> [org.hibernate.cache.internal.SimpleCacheKeysFactory]
10:22:19.841 [Test worker] TRACE org.hibernate.boot.registry.selector.internal.StrategySelectorImpl - Registering named strategy selector [org.hibernate.type.format.FormatMapper] : [jackson] -> [org.hibernate.type.format.jackson.JacksonJsonFormatMapper]
10:22:19.841 [Test worker] TRACE org.hibernate.boot.registry.selector.internal.StrategySelectorImpl - Registering named strategy selector [org.hibernate.type.format.FormatMapper] : [jsonb] -> [org.hibernate.type.format.jakartajson.JsonBJsonFormatMapper]
10:22:19.842 [Test worker] TRACE org.hibernate.boot.registry.selector.internal.StrategySelectorImpl - Registering named strategy selector [org.hibernate.type.format.FormatMapper] : [jackson-xml] -> [org.hibernate.type.format.jackson.JacksonXmlFormatMapper]
10:22:19.843 [Test worker] TRACE org.hibernate.boot.registry.selector.internal.StrategySelectorImpl - Registering named strategy selector [org.hibernate.type.format.FormatMapper] : [jaxb] -> [org.hibernate.type.format.jaxb.JaxbXmlFormatMapper]
10:22:19.862 [Test worker] INFO  org.hibernate.Version - HHH000412: Hibernate ORM core version 6.2.13.Final
10:22:19.865 [Test worker] DEBUG org.hibernate.cfg.Environment - HHH000206: 'hibernate.properties' not found
10:22:19.866 [Test worker] INFO  org.hibernate.cfg.Environment - HHH000406: Using bytecode reflection optimizer
10:22:19.884 [Test worker] TRACE org.hibernate.service.internal.AbstractServiceRegistryImpl - Initializing service [role=org.hibernate.id.factory.IdentifierGeneratorFactory]
10:22:19.887 [Test worker] TRACE org.hibernate.service.internal.AbstractServiceRegistryImpl - Initializing service [role=org.hibernate.engine.config.spi.ConfigurationService]
10:22:19.891 [Test worker] TRACE org.hibernate.service.internal.AbstractServiceRegistryImpl - Initializing service [role=org.hibernate.resource.beans.spi.ManagedBeanRegistry]
10:22:19.895 [Test worker] DEBUG org.hibernate.orm.idgen.factory - Registering IdentifierGenerator strategy [uuid2] -> [org.hibernate.id.UUIDGenerator]
10:22:19.896 [Test worker] DEBUG org.hibernate.orm.idgen.factory - Registering IdentifierGenerator strategy [guid] -> [org.hibernate.id.GUIDGenerator]
10:22:19.896 [Test worker] DEBUG org.hibernate.orm.idgen.factory - Registering IdentifierGenerator strategy [uuid] -> [org.hibernate.id.UUIDHexGenerator]
10:22:19.897 [Test worker] DEBUG org.hibernate.orm.idgen.factory - Registering IdentifierGenerator strategy [uuid.hex] -> [org.hibernate.id.UUIDHexGenerator]
10:22:19.897 [Test worker] DEBUG org.hibernate.orm.idgen.factory - Registering IdentifierGenerator strategy [assigned] -> [org.hibernate.id.Assigned]
10:22:19.897 [Test worker] DEBUG org.hibernate.orm.idgen.factory - Registering IdentifierGenerator strategy [identity] -> [org.hibernate.id.IdentityGenerator]
10:22:19.897 [Test worker] DEBUG org.hibernate.orm.idgen.factory - Registering IdentifierGenerator strategy [select] -> [org.hibernate.id.SelectGenerator]
10:22:19.898 [Test worker] DEBUG org.hibernate.orm.idgen.factory - Registering IdentifierGenerator strategy [sequence] -> [org.hibernate.id.enhanced.SequenceStyleGenerator]
10:22:19.899 [Test worker] DEBUG org.hibernate.orm.idgen.factory - Registering IdentifierGenerator strategy [increment] -> [org.hibernate.id.IncrementGenerator]
10:22:19.899 [Test worker] DEBUG org.hibernate.orm.idgen.factory - Registering IdentifierGenerator strategy [foreign] -> [org.hibernate.id.ForeignGenerator]
10:22:19.899 [Test worker] DEBUG org.hibernate.orm.idgen.factory - Registering IdentifierGenerator strategy [enhanced-sequence] -> [org.hibernate.id.enhanced.SequenceStyleGenerator]
10:22:19.900 [Test worker] DEBUG org.hibernate.orm.idgen.factory - Registering IdentifierGenerator strategy [enhanced-table] -> [org.hibernate.id.enhanced.TableGenerator]
10:22:19.904 [Test worker] TRACE org.hibernate.service.internal.AbstractServiceRegistryImpl - Initializing service [role=org.hibernate.engine.jdbc.connections.spi.MultiTenantConnectionProvider]
10:22:19.905 [Test worker] TRACE org.hibernate.service.internal.AbstractServiceRegistryImpl - Initializing service [role=org.hibernate.cache.spi.RegionFactory]
10:22:19.906 [Test worker] DEBUG org.hibernate.cache.internal.RegionFactoryInitiator - Cannot default RegionFactory based on registered strategies as `[]` RegionFactory strategies were registered
10:22:19.907 [Test worker] DEBUG org.hibernate.cache.internal.RegionFactoryInitiator - Cache region factory : org.hibernate.cache.internal.NoCachingRegionFactory
10:22:19.979 [Test worker] DEBUG org.hibernate.type.BasicTypeRegistry - Adding type registration boolean -> org.hibernate.type.BasicTypeReference@ec3944
10:22:19.979 [Test worker] DEBUG org.hibernate.type.BasicTypeRegistry - Adding type registration boolean -> org.hibernate.type.BasicTypeReference@ec3944
10:22:19.979 [Test worker] DEBUG org.hibernate.type.BasicTypeRegistry - Adding type registration java.lang.Boolean -> org.hibernate.type.BasicTypeReference@ec3944
10:22:19.979 [Test worker] DEBUG org.hibernate.type.BasicTypeRegistry - Adding type registration numeric_boolean -> org.hibernate.type.BasicTypeReference@2e4339c1
10:22:19.979 [Test worker] DEBUG org.hibernate.type.BasicTypeRegistry - Adding type registration org.hibernate.type.NumericBooleanConverter -> org.hibernate.type.BasicTypeReference@2e4339c1
10:22:19.979 [Test worker] DEBUG org.hibernate.type.BasicTypeRegistry - Adding type registration true_false -> org.hibernate.type.BasicTypeReference@62dc1203
10:22:19.979 [Test worker] DEBUG org.hibernate.type.BasicTypeRegistry - Adding type registration org.hibernate.type.TrueFalseConverter -> org.hibernate.type.BasicTypeReference@62dc1203
10:22:19.979 [Test worker] DEBUG org.hibernate.type.BasicTypeRegistry - Adding type registration yes_no -> org.hibernate.type.BasicTypeReference@35d0749
10:22:19.979 [Test worker] DEBUG org.hibernate.type.BasicTypeRegistry - Adding type registration org.hibernate.type.YesNoConverter -> org.hibernate.type.BasicTypeReference@35d0749
10:22:19.979 [Test worker] DEBUG org.hibernate.type.BasicTypeRegistry - Adding type registration byte -> org.hibernate.type.BasicTypeReference@621a387f
10:22:19.979 [Test worker] DEBUG org.hibernate.type.BasicTypeRegistry - Adding type registration byte -> org.hibernate.type.BasicTypeReference@621a387f
10:22:19.979 [Test worker] DEBUG org.hibernate.type.BasicTypeRegistry - Adding type registration java.lang.Byte -> org.hibernate.type.BasicTypeReference@621a387f
10:22:19.980 [Test worker] DEBUG org.hibernate.type.BasicTypeRegistry - Adding type registration binary -> org.hibernate.type.BasicTypeReference@552088cc
10:22:19.980 [Test worker] DEBUG org.hibernate.type.BasicTypeRegistry - Adding type registration byte[] -> org.hibernate.type.BasicTypeReference@552088cc
10:22:19.980 [Test worker] DEBUG org.hibernate.type.BasicTypeRegistry - Adding type registration [B -> org.hibernate.type.BasicTypeReference@552088cc
10:22:19.980 [Test worker] DEBUG org.hibernate.type.BasicTypeRegistry - Adding type registration binary_wrapper -> org.hibernate.type.BasicTypeReference@57eed461
10:22:19.980 [Test worker] DEBUG org.hibernate.type.BasicTypeRegistry - Adding type registration wrapper-binary -> org.hibernate.type.BasicTypeReference@57eed461
10:22:19.980 [Test worker] DEBUG org.hibernate.type.BasicTypeRegistry - Adding type registration image -> org.hibernate.type.BasicTypeReference@3c62f69a
10:22:19.980 [Test worker] DEBUG org.hibernate.type.BasicTypeRegistry - Adding type registration blob -> org.hibernate.type.BasicTypeReference@f08f8a9
10:22:19.980 [Test worker] DEBUG org.hibernate.type.BasicTypeRegistry - Adding type registration java.sql.Blob -> org.hibernate.type.BasicTypeReference@f08f8a9
10:22:19.980 [Test worker] DEBUG org.hibernate.type.BasicTypeRegistry - Adding type registration materialized_blob -> org.hibernate.type.BasicTypeReference@5ebf776c
10:22:19.980 [Test worker] DEBUG org.hibernate.type.BasicTypeRegistry - Adding type registration materialized_blob_wrapper -> org.hibernate.type.BasicTypeReference@7fd3fd06
10:22:19.980 [Test worker] DEBUG org.hibernate.type.BasicTypeRegistry - Adding type registration short -> org.hibernate.type.BasicTypeReference@54ae1240
10:22:19.980 [Test worker] DEBUG org.hibernate.type.BasicTypeRegistry - Adding type registration short -> org.hibernate.type.BasicTypeReference@54ae1240
10:22:19.980 [Test worker] DEBUG org.hibernate.type.BasicTypeRegistry - Adding type registration java.lang.Short -> org.hibernate.type.BasicTypeReference@54ae1240
10:22:19.980 [Test worker] DEBUG org.hibernate.type.BasicTypeRegistry - Adding type registration integer -> org.hibernate.type.BasicTypeReference@1c2b65cc
10:22:19.980 [Test worker] DEBUG org.hibernate.type.BasicTypeRegistry - Adding type registration int -> org.hibernate.type.BasicTypeReference@1c2b65cc
10:22:19.980 [Test worker] DEBUG org.hibernate.type.BasicTypeRegistry - Adding type registration java.lang.Integer -> org.hibernate.type.BasicTypeReference@1c2b65cc
10:22:19.980 [Test worker] DEBUG org.hibernate.type.BasicTypeRegistry - Adding type registration long -> org.hibernate.type.BasicTypeReference@390a7532
10:22:19.980 [Test worker] DEBUG org.hibernate.type.BasicTypeRegistry - Adding type registration long -> org.hibernate.type.BasicTypeReference@390a7532
10:22:19.980 [Test worker] DEBUG org.hibernate.type.BasicTypeRegistry - Adding type registration java.lang.Long -> org.hibernate.type.BasicTypeReference@390a7532
10:22:19.980 [Test worker] DEBUG org.hibernate.type.BasicTypeRegistry - Adding type registration float -> org.hibernate.type.BasicTypeReference@595184d8
10:22:19.980 [Test worker] DEBUG org.hibernate.type.BasicTypeRegistry - Adding type registration float -> org.hibernate.type.BasicTypeReference@595184d8
10:22:19.980 [Test worker] DEBUG org.hibernate.type.BasicTypeRegistry - Adding type registration java.lang.Float -> org.hibernate.type.BasicTypeReference@595184d8
10:22:19.980 [Test worker] DEBUG org.hibernate.type.BasicTypeRegistry - Adding type registration double -> org.hibernate.type.BasicTypeReference@7d49a1a0
10:22:19.980 [Test worker] DEBUG org.hibernate.type.BasicTypeRegistry - Adding type registration double -> org.hibernate.type.BasicTypeReference@7d49a1a0
10:22:19.980 [Test worker] DEBUG org.hibernate.type.BasicTypeRegistry - Adding type registration java.lang.Double -> org.hibernate.type.BasicTypeReference@7d49a1a0
10:22:19.980 [Test worker] DEBUG org.hibernate.type.BasicTypeRegistry - Adding type registration big_integer -> org.hibernate.type.BasicTypeReference@3a0baec0
10:22:19.980 [Test worker] DEBUG org.hibernate.type.BasicTypeRegistry - Adding type registration java.math.BigInteger -> org.hibernate.type.BasicTypeReference@3a0baec0
10:22:19.980 [Test worker] DEBUG org.hibernate.type.BasicTypeRegistry - Adding type registration big_decimal -> org.hibernate.type.BasicTypeReference@50c2ef56
10:22:19.981 [Test worker] DEBUG org.hibernate.type.BasicTypeRegistry - Adding type registration java.math.BigDecimal -> org.hibernate.type.BasicTypeReference@50c2ef56
10:22:19.981 [Test worker] DEBUG org.hibernate.type.BasicTypeRegistry - Adding type registration character -> org.hibernate.type.BasicTypeReference@560d6d2
10:22:19.981 [Test worker] DEBUG org.hibernate.type.BasicTypeRegistry - Adding type registration char -> org.hibernate.type.BasicTypeReference@560d6d2
10:22:19.981 [Test worker] DEBUG org.hibernate.type.BasicTypeRegistry - Adding type registration java.lang.Character -> org.hibernate.type.BasicTypeReference@560d6d2
10:22:19.981 [Test worker] DEBUG org.hibernate.type.BasicTypeRegistry - Adding type registration character_nchar -> org.hibernate.type.BasicTypeReference@3514237f
10:22:19.981 [Test worker] DEBUG org.hibernate.type.BasicTypeRegistry - Adding type registration string -> org.hibernate.type.BasicTypeReference@520ee6b3
10:22:19.981 [Test worker] DEBUG org.hibernate.type.BasicTypeRegistry - Adding type registration java.lang.String -> org.hibernate.type.BasicTypeReference@520ee6b3
10:22:19.981 [Test worker] DEBUG org.hibernate.type.BasicTypeRegistry - Adding type registration nstring -> org.hibernate.type.BasicTypeReference@15f11bfb
10:22:19.981 [Test worker] DEBUG org.hibernate.type.BasicTypeRegistry - Adding type registration characters -> org.hibernate.type.BasicTypeReference@16a499d1
10:22:19.981 [Test worker] DEBUG org.hibernate.type.BasicTypeRegistry - Adding type registration char[] -> org.hibernate.type.BasicTypeReference@16a499d1
10:22:19.981 [Test worker] DEBUG org.hibernate.type.BasicTypeRegistry - Adding type registration [C -> org.hibernate.type.BasicTypeReference@16a499d1
10:22:19.981 [Test worker] DEBUG org.hibernate.type.BasicTypeRegistry - Adding type registration wrapper-characters -> org.hibernate.type.BasicTypeReference@2bf4fa1
10:22:19.981 [Test worker] DEBUG org.hibernate.type.BasicTypeRegistry - Adding type registration text -> org.hibernate.type.BasicTypeReference@27210a3b
10:22:19.981 [Test worker] DEBUG org.hibernate.type.BasicTypeRegistry - Adding type registration ntext -> org.hibernate.type.BasicTypeReference@3a12f3e7
10:22:19.982 [Test worker] DEBUG org.hibernate.type.BasicTypeRegistry - Adding type registration clob -> org.hibernate.type.BasicTypeReference@84a9f65
10:22:19.982 [Test worker] DEBUG org.hibernate.type.BasicTypeRegistry - Adding type registration java.sql.Clob -> org.hibernate.type.BasicTypeReference@84a9f65
10:22:19.982 [Test worker] DEBUG org.hibernate.type.BasicTypeRegistry - Adding type registration nclob -> org.hibernate.type.BasicTypeReference@70700b8a
10:22:19.982 [Test worker] DEBUG org.hibernate.type.BasicTypeRegistry - Adding type registration java.sql.NClob -> org.hibernate.type.BasicTypeReference@70700b8a
10:22:19.982 [Test worker] DEBUG org.hibernate.type.BasicTypeRegistry - Adding type registration materialized_clob -> org.hibernate.type.BasicTypeReference@5fafa76d
10:22:19.982 [Test worker] DEBUG org.hibernate.type.BasicTypeRegistry - Adding type registration materialized_clob_char_array -> org.hibernate.type.BasicTypeReference@720ffab4
10:22:19.982 [Test worker] DEBUG org.hibernate.type.BasicTypeRegistry - Adding type registration materialized_clob_character_array -> org.hibernate.type.BasicTypeReference@2e62e227
10:22:19.982 [Test worker] DEBUG org.hibernate.type.BasicTypeRegistry - Adding type registration materialized_nclob -> org.hibernate.type.BasicTypeReference@5ebe903a
10:22:19.982 [Test worker] DEBUG org.hibernate.type.BasicTypeRegistry - Adding type registration materialized_nclob_character_array -> org.hibernate.type.BasicTypeReference@7c88d04f
10:22:19.982 [Test worker] DEBUG org.hibernate.type.BasicTypeRegistry - Adding type registration materialized_nclob_char_array -> org.hibernate.type.BasicTypeReference@71df5f30
10:22:19.982 [Test worker] DEBUG org.hibernate.type.BasicTypeRegistry - Adding type registration Duration -> org.hibernate.type.BasicTypeReference@4895e8f6
10:22:19.982 [Test worker] DEBUG org.hibernate.type.BasicTypeRegistry - Adding type registration java.time.Duration -> org.hibernate.type.BasicTypeReference@4895e8f6
10:22:19.982 [Test worker] DEBUG org.hibernate.type.BasicTypeRegistry - Adding type registration LocalDateTime -> org.hibernate.type.BasicTypeReference@62808e9e
10:22:19.983 [Test worker] DEBUG org.hibernate.type.BasicTypeRegistry - Adding type registration java.time.LocalDateTime -> org.hibernate.type.BasicTypeReference@62808e9e
10:22:19.983 [Test worker] DEBUG org.hibernate.type.BasicTypeRegistry - Adding type registration LocalDate -> org.hibernate.type.BasicTypeReference@58b03029
10:22:19.983 [Test worker] DEBUG org.hibernate.type.BasicTypeRegistry - Adding type registration java.time.LocalDate -> org.hibernate.type.BasicTypeReference@58b03029
10:22:19.983 [Test worker] DEBUG org.hibernate.type.BasicTypeRegistry - Adding type registration LocalTime -> org.hibernate.type.BasicTypeReference@539dd2d0
10:22:19.983 [Test worker] DEBUG org.hibernate.type.BasicTypeRegistry - Adding type registration java.time.LocalTime -> org.hibernate.type.BasicTypeReference@539dd2d0
10:22:19.983 [Test worker] DEBUG org.hibernate.type.BasicTypeRegistry - Adding type registration OffsetDateTime -> org.hibernate.type.BasicTypeReference@3428420d
10:22:19.983 [Test worker] DEBUG org.hibernate.type.BasicTypeRegistry - Adding type registration java.time.OffsetDateTime -> org.hibernate.type.BasicTypeReference@3428420d
10:22:19.983 [Test worker] DEBUG org.hibernate.type.BasicTypeRegistry - Adding type registration OffsetDateTimeWithTimezone -> org.hibernate.type.BasicTypeReference@523ade68
10:22:19.983 [Test worker] DEBUG org.hibernate.type.BasicTypeRegistry - Adding type registration OffsetDateTimeWithoutTimezone -> org.hibernate.type.BasicTypeReference@b529d7e
10:22:19.983 [Test worker] DEBUG org.hibernate.type.BasicTypeRegistry - Adding type registration OffsetTime -> org.hibernate.type.BasicTypeReference@3664c596
10:22:19.983 [Test worker] DEBUG org.hibernate.type.BasicTypeRegistry - Adding type registration java.time.OffsetTime -> org.hibernate.type.BasicTypeReference@3664c596
10:22:19.983 [Test worker] DEBUG org.hibernate.type.BasicTypeRegistry - Adding type registration OffsetTimeUtc -> org.hibernate.type.BasicTypeReference@40aad17d
10:22:19.983 [Test worker] DEBUG org.hibernate.type.BasicTypeRegistry - Adding type registration OffsetTimeWithTimezone -> org.hibernate.type.BasicTypeReference@44e79e9e
10:22:19.983 [Test worker] DEBUG org.hibernate.type.BasicTypeRegistry - Adding type registration OffsetTimeWithoutTimezone -> org.hibernate.type.BasicTypeReference@5bc14211
10:22:19.983 [Test worker] DEBUG org.hibernate.type.BasicTypeRegistry - Adding type registration ZonedDateTime -> org.hibernate.type.BasicTypeReference@4b99648a
10:22:19.983 [Test worker] DEBUG org.hibernate.type.BasicTypeRegistry - Adding type registration java.time.ZonedDateTime -> org.hibernate.type.BasicTypeReference@4b99648a
10:22:19.983 [Test worker] DEBUG org.hibernate.type.BasicTypeRegistry - Adding type registration ZonedDateTimeWithTimezone -> org.hibernate.type.BasicTypeReference@5d2e65bd
10:22:19.983 [Test worker] DEBUG org.hibernate.type.BasicTypeRegistry - Adding type registration ZonedDateTimeWithoutTimezone -> org.hibernate.type.BasicTypeReference@254513e8
10:22:19.983 [Test worker] DEBUG org.hibernate.type.BasicTypeRegistry - Adding type registration date -> org.hibernate.type.BasicTypeReference@74450c9b
10:22:19.983 [Test worker] DEBUG org.hibernate.type.BasicTypeRegistry - Adding type registration java.sql.Date -> org.hibernate.type.BasicTypeReference@74450c9b
10:22:19.983 [Test worker] DEBUG org.hibernate.type.BasicTypeRegistry - Adding type registration time -> org.hibernate.type.BasicTypeReference@74f89bad
10:22:19.983 [Test worker] DEBUG org.hibernate.type.BasicTypeRegistry - Adding type registration java.sql.Time -> org.hibernate.type.BasicTypeReference@74f89bad
10:22:19.983 [Test worker] DEBUG org.hibernate.type.BasicTypeRegistry - Adding type registration timestamp -> org.hibernate.type.BasicTypeReference@5ad50b02
10:22:19.983 [Test worker] DEBUG org.hibernate.type.BasicTypeRegistry - Adding type registration java.sql.Timestamp -> org.hibernate.type.BasicTypeReference@5ad50b02
10:22:19.983 [Test worker] DEBUG org.hibernate.type.BasicTypeRegistry - Adding type registration java.util.Date -> org.hibernate.type.BasicTypeReference@5ad50b02
10:22:19.983 [Test worker] DEBUG org.hibernate.type.BasicTypeRegistry - Adding type registration calendar -> org.hibernate.type.BasicTypeReference@570299e3
10:22:19.983 [Test worker] DEBUG org.hibernate.type.BasicTypeRegistry - Adding type registration java.util.Calendar -> org.hibernate.type.BasicTypeReference@570299e3
10:22:19.983 [Test worker] DEBUG org.hibernate.type.BasicTypeRegistry - Adding type registration java.util.GregorianCalendar -> org.hibernate.type.BasicTypeReference@570299e3
10:22:19.983 [Test worker] DEBUG org.hibernate.type.BasicTypeRegistry - Adding type registration calendar_date -> org.hibernate.type.BasicTypeReference@bff764c
10:22:19.983 [Test worker] DEBUG org.hibernate.type.BasicTypeRegistry - Adding type registration calendar_time -> org.hibernate.type.BasicTypeReference@3beaa16d
10:22:19.983 [Test worker] DEBUG org.hibernate.type.BasicTypeRegistry - Adding type registration instant -> org.hibernate.type.BasicTypeReference@49153009
10:22:19.983 [Test worker] DEBUG org.hibernate.type.BasicTypeRegistry - Adding type registration java.time.Instant -> org.hibernate.type.BasicTypeReference@49153009
10:22:19.983 [Test worker] DEBUG org.hibernate.type.BasicTypeRegistry - Adding type registration uuid -> org.hibernate.type.BasicTypeReference@a1b7549
10:22:19.983 [Test worker] DEBUG org.hibernate.type.BasicTypeRegistry - Adding type registration java.util.UUID -> org.hibernate.type.BasicTypeReference@a1b7549
10:22:19.983 [Test worker] DEBUG org.hibernate.type.BasicTypeRegistry - Adding type registration pg-uuid -> org.hibernate.type.BasicTypeReference@a1b7549
10:22:19.983 [Test worker] DEBUG org.hibernate.type.BasicTypeRegistry - Adding type registration uuid-binary -> org.hibernate.type.BasicTypeReference@7aa63f50
10:22:19.983 [Test worker] DEBUG org.hibernate.type.BasicTypeRegistry - Adding type registration uuid-char -> org.hibernate.type.BasicTypeReference@142918a0
10:22:19.983 [Test worker] DEBUG org.hibernate.type.BasicTypeRegistry - Adding type registration class -> org.hibernate.type.BasicTypeReference@745cf754
10:22:19.983 [Test worker] DEBUG org.hibernate.type.BasicTypeRegistry - Adding type registration java.lang.Class -> org.hibernate.type.BasicTypeReference@745cf754
10:22:19.983 [Test worker] DEBUG org.hibernate.type.BasicTypeRegistry - Adding type registration currency -> org.hibernate.type.BasicTypeReference@25bc65ab
10:22:19.983 [Test worker] DEBUG org.hibernate.type.BasicTypeRegistry - Adding type registration Currency -> org.hibernate.type.BasicTypeReference@25bc65ab
10:22:19.983 [Test worker] DEBUG org.hibernate.type.BasicTypeRegistry - Adding type registration java.util.Currency -> org.hibernate.type.BasicTypeReference@25bc65ab
10:22:19.983 [Test worker] DEBUG org.hibernate.type.BasicTypeRegistry - Adding type registration locale -> org.hibernate.type.BasicTypeReference@6eab92f3
10:22:19.983 [Test worker] DEBUG org.hibernate.type.BasicTypeRegistry - Adding type registration java.util.Locale -> org.hibernate.type.BasicTypeReference@6eab92f3
10:22:19.983 [Test worker] DEBUG org.hibernate.type.BasicTypeRegistry - Adding type registration serializable -> org.hibernate.type.BasicTypeReference@321b7b9e
10:22:19.983 [Test worker] DEBUG org.hibernate.type.BasicTypeRegistry - Adding type registration java.io.Serializable -> org.hibernate.type.BasicTypeReference@321b7b9e
10:22:19.984 [Test worker] DEBUG org.hibernate.type.BasicTypeRegistry - Adding type registration timezone -> org.hibernate.type.BasicTypeReference@21eedcde
10:22:19.984 [Test worker] DEBUG org.hibernate.type.BasicTypeRegistry - Adding type registration java.util.TimeZone -> org.hibernate.type.BasicTypeReference@21eedcde
10:22:19.984 [Test worker] DEBUG org.hibernate.type.BasicTypeRegistry - Adding type registration ZoneOffset -> org.hibernate.type.BasicTypeReference@67396475
10:22:19.984 [Test worker] DEBUG org.hibernate.type.BasicTypeRegistry - Adding type registration java.time.ZoneOffset -> org.hibernate.type.BasicTypeReference@67396475
10:22:19.984 [Test worker] DEBUG org.hibernate.type.BasicTypeRegistry - Adding type registration url -> org.hibernate.type.BasicTypeReference@55b74e6b
10:22:19.984 [Test worker] DEBUG org.hibernate.type.BasicTypeRegistry - Adding type registration java.net.URL -> org.hibernate.type.BasicTypeReference@55b74e6b
10:22:19.984 [Test worker] DEBUG org.hibernate.type.BasicTypeRegistry - Adding type registration row_version -> org.hibernate.type.BasicTypeReference@3c1908c8
10:22:19.998 [Test worker] DEBUG org.hibernate.type.BasicTypeRegistry - Adding type registration object -> org.hibernate.type.JavaObjectType@5972e3a
10:22:19.998 [Test worker] DEBUG org.hibernate.type.BasicTypeRegistry - Adding type registration java.lang.Object -> org.hibernate.type.JavaObjectType@5972e3a
10:22:20.002 [Test worker] DEBUG org.hibernate.type.BasicTypeRegistry - Adding type registration null -> org.hibernate.type.NullType@4e671ef
10:22:20.002 [Test worker] DEBUG org.hibernate.type.BasicTypeRegistry - Adding type registration imm_date -> org.hibernate.type.BasicTypeReference@42403dc6
10:22:20.003 [Test worker] DEBUG org.hibernate.type.BasicTypeRegistry - Adding type registration imm_time -> org.hibernate.type.BasicTypeReference@74a1d60e
10:22:20.003 [Test worker] DEBUG org.hibernate.type.BasicTypeRegistry - Adding type registration imm_timestamp -> org.hibernate.type.BasicTypeReference@16c0be3b
10:22:20.003 [Test worker] DEBUG org.hibernate.type.BasicTypeRegistry - Adding type registration imm_calendar -> org.hibernate.type.BasicTypeReference@219edc05
10:22:20.003 [Test worker] DEBUG org.hibernate.type.BasicTypeRegistry - Adding type registration imm_calendar_date -> org.hibernate.type.BasicTypeReference@62f37bfd
10:22:20.003 [Test worker] DEBUG org.hibernate.type.BasicTypeRegistry - Adding type registration imm_calendar_time -> org.hibernate.type.BasicTypeReference@1818d00b
10:22:20.003 [Test worker] DEBUG org.hibernate.type.BasicTypeRegistry - Adding type registration imm_binary -> org.hibernate.type.BasicTypeReference@b3a8455
10:22:20.003 [Test worker] DEBUG org.hibernate.type.BasicTypeRegistry - Adding type registration imm_serializable -> org.hibernate.type.BasicTypeReference@5c930fc3
10:22:20.008 [Test worker] TRACE org.hibernate.query.sqm.function.SqmFunctionRegistry - SqmFunctionRegistry created
10:22:20.010 [Test worker] TRACE org.hibernate.service.internal.AbstractServiceRegistryImpl - Initializing service [role=org.hibernate.boot.cfgxml.spi.CfgXmlAccessService]
10:22:20.015 [Test worker] DEBUG org.hibernate.boot.internal.BootstrapContextImpl - Injecting JPA temp ClassLoader [org.springframework.instrument.classloading.SimpleThrowawayClassLoader@4c5e4bfa] into BootstrapContext; was [null]
10:22:20.016 [Test worker] DEBUG org.hibernate.boot.internal.ClassLoaderAccessImpl - ClassLoaderAccessImpl#injectTempClassLoader(org.springframework.instrument.classloading.SimpleThrowawayClassLoader@4c5e4bfa) [was null]
10:22:20.017 [Test worker] DEBUG org.hibernate.boot.internal.BootstrapContextImpl - Injecting ScanEnvironment [org.hibernate.jpa.boot.internal.StandardJpaScanEnvironmentImpl@7a47f0be] into BootstrapContext; was [null]
10:22:20.017 [Test worker] DEBUG org.hibernate.boot.internal.BootstrapContextImpl - Injecting ScanOptions [org.hibernate.boot.archive.scan.internal.StandardScanOptions@2d8087da] into BootstrapContext; was [org.hibernate.boot.archive.scan.internal.StandardScanOptions@4f7ef948]
10:22:20.041 [Test worker] DEBUG org.hibernate.bytecode.internal.BytecodeProviderInitiator - HHH000021: Bytecode provider name : bytebuddy
10:22:20.135 [Test worker] INFO  org.springframework.orm.jpa.persistenceunit.SpringPersistenceUnitInfo - No LoadTimeWeaver setup: ignoring JPA class transformer
10:22:20.136 [Test worker] DEBUG org.hibernate.boot.internal.BootstrapContextImpl - Injecting JPA temp ClassLoader [null] into BootstrapContext; was [org.springframework.instrument.classloading.SimpleThrowawayClassLoader@4c5e4bfa]
10:22:20.136 [Test worker] DEBUG org.hibernate.boot.internal.ClassLoaderAccessImpl - ClassLoaderAccessImpl#injectTempClassLoader(null) [was org.springframework.instrument.classloading.SimpleThrowawayClassLoader@4c5e4bfa]
10:22:20.143 [Test worker] TRACE org.hibernate.service.internal.AbstractServiceRegistryImpl - Initializing service [role=org.hibernate.engine.jdbc.env.spi.JdbcEnvironment]
10:22:20.144 [Test worker] TRACE org.hibernate.service.internal.AbstractServiceRegistryImpl - Initializing service [role=org.hibernate.engine.jdbc.dialect.spi.DialectFactory]
10:22:20.144 [Test worker] TRACE org.hibernate.service.internal.AbstractServiceRegistryImpl - Initializing service [role=org.hibernate.engine.jdbc.dialect.spi.DialectResolver]
10:22:20.147 [Test worker] TRACE org.hibernate.service.internal.AbstractServiceRegistryImpl - Initializing service [role=org.hibernate.engine.jdbc.connections.spi.MultiTenantConnectionProvider]
10:22:20.147 [Test worker] TRACE org.hibernate.service.internal.AbstractServiceRegistryImpl - Initializing service [role=org.hibernate.engine.jdbc.connections.spi.ConnectionProvider]
10:22:20.147 [Test worker] TRACE org.hibernate.service.internal.AbstractServiceRegistryImpl - Initializing service [role=org.hibernate.engine.jdbc.connections.spi.MultiTenantConnectionProvider]
10:22:20.148 [Test worker] TRACE org.hibernate.service.internal.AbstractServiceRegistryImpl - Initializing service [role=org.hibernate.engine.jndi.spi.JndiService]
10:22:20.150 [Test worker] TRACE org.hibernate.service.internal.AbstractServiceRegistryImpl - Initializing service [role=org.hibernate.resource.transaction.spi.TransactionCoordinatorBuilder]
10:22:20.158 [Test worker] DEBUG org.hibernate.engine.jdbc.env.internal.JdbcEnvironmentInitiator - Database ->
       name : H2
    version : 2.1.214 (2022-06-13)
      major : 2
      minor : 1
10:22:20.159 [Test worker] DEBUG org.hibernate.engine.jdbc.env.internal.JdbcEnvironmentInitiator - Driver ->
       name : H2 JDBC Driver
    version : 2.1.214 (2022-06-13)
      major : 2
      minor : 1
10:22:20.159 [Test worker] DEBUG org.hibernate.engine.jdbc.env.internal.JdbcEnvironmentInitiator - JDBC version : 4.2
10:22:20.173 [Test worker] WARN  org.hibernate.orm.deprecation - HHH90000025: H2Dialect does not need to be specified explicitly using 'hibernate.dialect' (remove the property setting and it will be selected by default)
10:22:20.174 [Test worker] DEBUG org.hibernate.orm.dialect - HHH035001: Using dialect: org.hibernate.dialect.H2Dialect, version: 2.1.214
10:22:20.180 [Test worker] DEBUG org.hibernate.engine.jdbc.env.spi.IdentifierHelperBuilder - JDBC driver metadata reported database stores quoted identifiers in neither upper, lower nor mixed case
10:22:20.186 [Test worker] TRACE org.hibernate.engine.jdbc.env.internal.NormalizingIdentifierHelperImpl - Normalizing identifier quoting [LAUNDRYAPP]
10:22:20.186 [Test worker] TRACE org.hibernate.engine.jdbc.env.internal.NormalizingIdentifierHelperImpl - Normalizing identifier quoting [PUBLIC]
10:22:20.189 [Test worker] TRACE org.hibernate.service.internal.AbstractServiceRegistryImpl - Initializing service [role=org.hibernate.engine.jdbc.spi.JdbcServices]
10:22:20.189 [Test worker] TRACE org.hibernate.service.internal.AbstractServiceRegistryImpl - Initializing service [role=org.hibernate.engine.jdbc.spi.SqlStatementLogger]
10:22:20.190 [Test worker] TRACE org.hibernate.service.internal.AbstractServiceRegistryImpl - Initializing service [role=org.hibernate.sql.ast.spi.ParameterMarkerStrategy]
10:22:20.195 [Test worker] DEBUG org.hibernate.type.descriptor.jdbc.spi.JdbcTypeRegistry - addDescriptor(NCharTypeDescriptor) replaced previous registration(CharTypeDescriptor)
10:22:20.195 [Test worker] DEBUG org.hibernate.type.descriptor.jdbc.spi.JdbcTypeRegistry - addDescriptor(NVarcharTypeDescriptor) replaced previous registration(VarcharTypeDescriptor)
10:22:20.195 [Test worker] DEBUG org.hibernate.type.descriptor.jdbc.spi.JdbcTypeRegistry - addDescriptor(LongNVarcharTypeDescriptor) replaced previous registration(LongVarcharTypeDescriptor)
10:22:20.196 [Test worker] DEBUG org.hibernate.type.descriptor.jdbc.spi.JdbcTypeRegistry - addDescriptor(NClobTypeDescriptor(DEFAULT)) replaced previous registration(ClobTypeDescriptor(DEFAULT))
10:22:20.196 [Test worker] DEBUG org.hibernate.type.descriptor.jdbc.spi.JdbcTypeRegistry - addDescriptor(2005, ClobTypeDescriptor(STREAM_BINDING)) replaced previous registration(ClobTypeDescriptor(DEFAULT))
10:22:20.197 [Test worker] DEBUG org.hibernate.type.descriptor.jdbc.spi.JdbcTypeRegistry - addDescriptor(TimestampUtcDescriptor) replaced previous registration(TimestampUtcDescriptor)
10:22:20.200 [Test worker] DEBUG org.hibernate.type.BasicTypeRegistry - Adding type registration Duration -> basicType@1(java.time.Duration,2)
10:22:20.201 [Test worker] DEBUG org.hibernate.type.BasicTypeRegistry - Adding type registration java.time.Duration -> basicType@1(java.time.Duration,2)
10:22:20.204 [Test worker] DEBUG org.hibernate.type.spi.TypeConfiguration$Scope - Scoping TypeConfiguration [org.hibernate.type.spi.TypeConfiguration@1dd9a3ae] to MetadataBuildingContext [org.hibernate.boot.internal.MetadataBuildingContextRootImpl@79bf39e5]
10:22:20.226 [Test worker] DEBUG org.hibernate.boot.model.relational.Namespace - Created database namespace [logicalName=Name{catalog=null, schema=null}, physicalName=Name{catalog=null, schema=null}]
10:22:20.244 [Test worker] DEBUG org.hibernate.boot.model.internal.EntityBinder - Binding entity from annotated class: com.laundry.laundryMgmt.models.MachineEntity
10:22:20.249 [Test worker] DEBUG org.hibernate.boot.model.internal.EntityBinder - Import with entity name MachineEntity
10:22:20.249 [Test worker] TRACE org.hibernate.boot.internal.InFlightMetadataCollectorImpl - Import: MachineEntity -> com.laundry.laundryMgmt.models.MachineEntity
10:22:20.249 [Test worker] TRACE org.hibernate.boot.internal.InFlightMetadataCollectorImpl - Import: com.laundry.laundryMgmt.models.MachineEntity -> com.laundry.laundryMgmt.models.MachineEntity
10:22:20.251 [Test worker] TRACE org.hibernate.engine.jdbc.env.internal.NormalizingIdentifierHelperImpl - Normalizing identifier quoting [MACHINE_ENTITY]
10:22:20.252 [Test worker] TRACE org.hibernate.engine.jdbc.env.internal.NormalizingIdentifierHelperImpl - Normalizing identifier quoting [MACHINE_ENTITY]
10:22:20.254 [Test worker] DEBUG org.hibernate.boot.model.internal.EntityBinder - Bind entity com.laundry.laundryMgmt.models.MachineEntity on table machine_entity
10:22:20.260 [Test worker] TRACE org.hibernate.engine.jdbc.env.internal.NormalizingIdentifierHelperImpl - Normalizing identifier quoting [DTYPE]
10:22:20.261 [Test worker] DEBUG org.hibernate.boot.model.internal.AnnotatedColumn - Binding column: AnnotatedDiscriminatorColumn(column='DTYPE')
10:22:20.269 [Test worker] TRACE org.hibernate.boot.model.internal.PropertyBinder - Processing annotations of com.laundry.laundryMgmt.models.MachineEntity.machineId
10:22:20.272 [Test worker] TRACE org.hibernate.engine.jdbc.env.internal.NormalizingIdentifierHelperImpl - Normalizing identifier quoting [machineId]
10:22:20.273 [Test worker] TRACE org.hibernate.engine.jdbc.env.internal.NormalizingIdentifierHelperImpl - Normalizing identifier quoting [machineId]
10:22:20.273 [Test worker] DEBUG org.hibernate.boot.model.internal.AnnotatedColumn - Binding column: AnnotatedColumn()
10:22:20.273 [Test worker] DEBUG org.hibernate.boot.internal.ClassLoaderAccessImpl - Not known whether passed class name [com.laundry.laundryMgmt.models.MachineEntity] is safe
10:22:20.273 [Test worker] DEBUG org.hibernate.boot.internal.ClassLoaderAccessImpl - No temp ClassLoader provided; using live ClassLoader for loading potentially unsafe class : com.laundry.laundryMgmt.models.MachineEntity
10:22:20.276 [Test worker] DEBUG org.hibernate.boot.model.internal.PropertyBinder - MetadataSourceProcessor property machineId with lazy=false
10:22:20.279 [Test worker] DEBUG org.hibernate.boot.model.internal.AbstractPropertyHolder - Attempting to locate auto-apply AttributeConverter for property [com.laundry.laundryMgmt.models.MachineEntity:machineId]
10:22:20.282 [Test worker] DEBUG org.hibernate.boot.model.internal.BasicValueBinder - building BasicValue for machineId
10:22:20.285 [Test worker] DEBUG org.hibernate.mapping.BasicValue - Skipping column re-registration: machine_entity.machine_id
10:22:20.285 [Test worker] TRACE org.hibernate.engine.jdbc.env.internal.NormalizingIdentifierHelperImpl - Normalizing identifier quoting [machineId]
10:22:20.286 [Test worker] TRACE org.hibernate.engine.jdbc.env.internal.NormalizingIdentifierHelperImpl - Normalizing identifier quoting [machineId]
10:22:20.286 [Test worker] TRACE org.hibernate.engine.jdbc.env.internal.NormalizingIdentifierHelperImpl - Normalizing identifier quoting [machineId]
10:22:20.286 [Test worker] DEBUG org.hibernate.boot.model.internal.PropertyBinder - Building property machineId
10:22:20.287 [Test worker] TRACE org.hibernate.boot.model.internal.PropertyBinder - Cascading machineId with null
10:22:20.288 [Test worker] DEBUG org.hibernate.boot.model.internal.BinderHelper - #makeIdGenerator(BasicValue([Column(machine_id)]), machineId, org.hibernate.id.enhanced.SequenceStyleGenerator, , ...)
10:22:20.291 [Test worker] TRACE org.hibernate.boot.model.internal.PropertyBinder - Bind @Id on machineId
10:22:20.291 [Test worker] TRACE org.hibernate.boot.model.internal.PropertyBinder - Processing annotations of com.laundry.laundryMgmt.models.MachineEntity.Available
10:22:20.291 [Test worker] TRACE org.hibernate.engine.jdbc.env.internal.NormalizingIdentifierHelperImpl - Normalizing identifier quoting [Available]
10:22:20.291 [Test worker] TRACE org.hibernate.engine.jdbc.env.internal.NormalizingIdentifierHelperImpl - Normalizing identifier quoting [Available]
10:22:20.291 [Test worker] DEBUG org.hibernate.boot.model.internal.AnnotatedColumn - Binding column: AnnotatedColumn()
10:22:20.292 [Test worker] DEBUG org.hibernate.boot.model.internal.PropertyBinder - MetadataSourceProcessor property Available with lazy=false
10:22:20.292 [Test worker] DEBUG org.hibernate.boot.model.internal.AbstractPropertyHolder - Attempting to locate auto-apply AttributeConverter for property [com.laundry.laundryMgmt.models.MachineEntity:Available]
10:22:20.292 [Test worker] DEBUG org.hibernate.boot.model.internal.BasicValueBinder - building BasicValue for Available
10:22:20.292 [Test worker] DEBUG org.hibernate.mapping.BasicValue - Skipping column re-registration: machine_entity.available
10:22:20.292 [Test worker] TRACE org.hibernate.engine.jdbc.env.internal.NormalizingIdentifierHelperImpl - Normalizing identifier quoting [Available]
10:22:20.292 [Test worker] TRACE org.hibernate.engine.jdbc.env.internal.NormalizingIdentifierHelperImpl - Normalizing identifier quoting [Available]
10:22:20.292 [Test worker] TRACE org.hibernate.engine.jdbc.env.internal.NormalizingIdentifierHelperImpl - Normalizing identifier quoting [Available]
10:22:20.292 [Test worker] DEBUG org.hibernate.boot.model.internal.PropertyBinder - Building property Available
10:22:20.292 [Test worker] TRACE org.hibernate.boot.model.internal.PropertyBinder - Cascading Available with null
10:22:20.292 [Test worker] TRACE org.hibernate.boot.model.internal.PropertyBinder - Processing annotations of com.laundry.laundryMgmt.models.MachineEntity.MachineStatus
10:22:20.293 [Test worker] TRACE org.hibernate.engine.jdbc.env.internal.NormalizingIdentifierHelperImpl - Normalizing identifier quoting [MachineStatus]
10:22:20.293 [Test worker] TRACE org.hibernate.engine.jdbc.env.internal.NormalizingIdentifierHelperImpl - Normalizing identifier quoting [MachineStatus]
10:22:20.293 [Test worker] DEBUG org.hibernate.boot.model.internal.AnnotatedColumn - Binding column: AnnotatedColumn()
10:22:20.293 [Test worker] DEBUG org.hibernate.boot.model.internal.PropertyBinder - MetadataSourceProcessor property MachineStatus with lazy=false
10:22:20.293 [Test worker] DEBUG org.hibernate.boot.model.internal.AbstractPropertyHolder - Attempting to locate auto-apply AttributeConverter for property [com.laundry.laundryMgmt.models.MachineEntity:MachineStatus]
10:22:20.293 [Test worker] DEBUG org.hibernate.boot.model.internal.BasicValueBinder - building BasicValue for MachineStatus
10:22:20.293 [Test worker] DEBUG org.hibernate.mapping.BasicValue - Skipping column re-registration: machine_entity.machine_status
10:22:20.293 [Test worker] TRACE org.hibernate.engine.jdbc.env.internal.NormalizingIdentifierHelperImpl - Normalizing identifier quoting [MachineStatus]
10:22:20.293 [Test worker] TRACE org.hibernate.engine.jdbc.env.internal.NormalizingIdentifierHelperImpl - Normalizing identifier quoting [MachineStatus]
10:22:20.293 [Test worker] TRACE org.hibernate.engine.jdbc.env.internal.NormalizingIdentifierHelperImpl - Normalizing identifier quoting [MachineStatus]
10:22:20.293 [Test worker] DEBUG org.hibernate.boot.model.internal.PropertyBinder - Building property MachineStatus
10:22:20.293 [Test worker] TRACE org.hibernate.boot.model.internal.PropertyBinder - Cascading MachineStatus with null
10:22:20.293 [Test worker] TRACE org.hibernate.boot.model.internal.PropertyBinder - Processing annotations of com.laundry.laundryMgmt.models.MachineEntity.Progress
10:22:20.293 [Test worker] TRACE org.hibernate.engine.jdbc.env.internal.NormalizingIdentifierHelperImpl - Normalizing identifier quoting [Progress]
10:22:20.293 [Test worker] TRACE org.hibernate.engine.jdbc.env.internal.NormalizingIdentifierHelperImpl - Normalizing identifier quoting [Progress]
10:22:20.293 [Test worker] DEBUG org.hibernate.boot.model.internal.AnnotatedColumn - Binding column: AnnotatedColumn()
10:22:20.293 [Test worker] DEBUG org.hibernate.boot.model.internal.PropertyBinder - MetadataSourceProcessor property Progress with lazy=false
10:22:20.294 [Test worker] DEBUG org.hibernate.boot.model.internal.AbstractPropertyHolder - Attempting to locate auto-apply AttributeConverter for property [com.laundry.laundryMgmt.models.MachineEntity:Progress]
10:22:20.294 [Test worker] DEBUG org.hibernate.boot.model.internal.BasicValueBinder - building BasicValue for Progress
10:22:20.294 [Test worker] DEBUG org.hibernate.mapping.BasicValue - Skipping column re-registration: machine_entity.progress
10:22:20.294 [Test worker] TRACE org.hibernate.engine.jdbc.env.internal.NormalizingIdentifierHelperImpl - Normalizing identifier quoting [Progress]
10:22:20.294 [Test worker] TRACE org.hibernate.engine.jdbc.env.internal.NormalizingIdentifierHelperImpl - Normalizing identifier quoting [Progress]
10:22:20.294 [Test worker] TRACE org.hibernate.engine.jdbc.env.internal.NormalizingIdentifierHelperImpl - Normalizing identifier quoting [Progress]
10:22:20.294 [Test worker] DEBUG org.hibernate.boot.model.internal.PropertyBinder - Building property Progress
10:22:20.294 [Test worker] TRACE org.hibernate.boot.model.internal.PropertyBinder - Cascading Progress with null
10:22:20.294 [Test worker] TRACE org.hibernate.boot.model.internal.PropertyBinder - Processing annotations of com.laundry.laundryMgmt.models.MachineEntity.StartingTime
10:22:20.294 [Test worker] TRACE org.hibernate.engine.jdbc.env.internal.NormalizingIdentifierHelperImpl - Normalizing identifier quoting [StartingTime]
10:22:20.294 [Test worker] TRACE org.hibernate.engine.jdbc.env.internal.NormalizingIdentifierHelperImpl - Normalizing identifier quoting [StartingTime]
10:22:20.294 [Test worker] DEBUG org.hibernate.boot.model.internal.AnnotatedColumn - Binding column: AnnotatedColumn()
10:22:20.294 [Test worker] DEBUG org.hibernate.boot.model.internal.PropertyBinder - MetadataSourceProcessor property StartingTime with lazy=false
10:22:20.294 [Test worker] DEBUG org.hibernate.boot.model.internal.AbstractPropertyHolder - Attempting to locate auto-apply AttributeConverter for property [com.laundry.laundryMgmt.models.MachineEntity:StartingTime]
10:22:20.294 [Test worker] DEBUG org.hibernate.boot.model.internal.BasicValueBinder - building BasicValue for StartingTime
10:22:20.294 [Test worker] DEBUG org.hibernate.mapping.BasicValue - Skipping column re-registration: machine_entity.starting_time
10:22:20.294 [Test worker] TRACE org.hibernate.engine.jdbc.env.internal.NormalizingIdentifierHelperImpl - Normalizing identifier quoting [StartingTime]
10:22:20.294 [Test worker] TRACE org.hibernate.engine.jdbc.env.internal.NormalizingIdentifierHelperImpl - Normalizing identifier quoting [StartingTime]
10:22:20.294 [Test worker] TRACE org.hibernate.engine.jdbc.env.internal.NormalizingIdentifierHelperImpl - Normalizing identifier quoting [StartingTime]
10:22:20.294 [Test worker] DEBUG org.hibernate.boot.model.internal.PropertyBinder - Building property StartingTime
10:22:20.295 [Test worker] TRACE org.hibernate.boot.model.internal.PropertyBinder - Cascading StartingTime with null
10:22:20.295 [Test worker] TRACE org.hibernate.boot.model.internal.PropertyBinder - Processing annotations of com.laundry.laundryMgmt.models.MachineEntity.cycleType
10:22:20.295 [Test worker] TRACE org.hibernate.engine.jdbc.env.internal.NormalizingIdentifierHelperImpl - Normalizing identifier quoting [cycleType]
10:22:20.295 [Test worker] TRACE org.hibernate.engine.jdbc.env.internal.NormalizingIdentifierHelperImpl - Normalizing identifier quoting [cycleType]
10:22:20.295 [Test worker] DEBUG org.hibernate.boot.model.internal.AnnotatedColumn - Binding column: AnnotatedColumn()
10:22:20.295 [Test worker] DEBUG org.hibernate.boot.model.internal.PropertyBinder - MetadataSourceProcessor property cycleType with lazy=false
10:22:20.295 [Test worker] DEBUG org.hibernate.boot.model.internal.AbstractPropertyHolder - Attempting to locate auto-apply AttributeConverter for property [com.laundry.laundryMgmt.models.MachineEntity:cycleType]
10:22:20.295 [Test worker] DEBUG org.hibernate.boot.model.internal.BasicValueBinder - building BasicValue for cycleType
10:22:20.295 [Test worker] DEBUG org.hibernate.mapping.BasicValue - Skipping column re-registration: machine_entity.cycle_type
10:22:20.295 [Test worker] TRACE org.hibernate.engine.jdbc.env.internal.NormalizingIdentifierHelperImpl - Normalizing identifier quoting [cycleType]
10:22:20.295 [Test worker] TRACE org.hibernate.engine.jdbc.env.internal.NormalizingIdentifierHelperImpl - Normalizing identifier quoting [cycleType]
10:22:20.295 [Test worker] TRACE org.hibernate.engine.jdbc.env.internal.NormalizingIdentifierHelperImpl - Normalizing identifier quoting [cycleType]
10:22:20.295 [Test worker] DEBUG org.hibernate.boot.model.internal.PropertyBinder - Building property cycleType
10:22:20.295 [Test worker] TRACE org.hibernate.boot.model.internal.PropertyBinder - Cascading cycleType with null
10:22:20.295 [Test worker] TRACE org.hibernate.boot.model.internal.PropertyBinder - Processing annotations of com.laundry.laundryMgmt.models.MachineEntity.name
10:22:20.296 [Test worker] TRACE org.hibernate.engine.jdbc.env.internal.NormalizingIdentifierHelperImpl - Normalizing identifier quoting [name]
10:22:20.296 [Test worker] TRACE org.hibernate.engine.jdbc.env.internal.NormalizingIdentifierHelperImpl - Normalizing identifier quoting [name]
10:22:20.296 [Test worker] DEBUG org.hibernate.boot.model.internal.AnnotatedColumn - Binding column: AnnotatedColumn()
10:22:20.296 [Test worker] DEBUG org.hibernate.boot.model.internal.PropertyBinder - MetadataSourceProcessor property name with lazy=false
10:22:20.296 [Test worker] DEBUG org.hibernate.boot.model.internal.AbstractPropertyHolder - Attempting to locate auto-apply AttributeConverter for property [com.laundry.laundryMgmt.models.MachineEntity:name]
10:22:20.296 [Test worker] DEBUG org.hibernate.boot.model.internal.BasicValueBinder - building BasicValue for name
10:22:20.296 [Test worker] DEBUG org.hibernate.mapping.BasicValue - Skipping column re-registration: machine_entity.name
10:22:20.296 [Test worker] TRACE org.hibernate.engine.jdbc.env.internal.NormalizingIdentifierHelperImpl - Normalizing identifier quoting [name]
10:22:20.296 [Test worker] TRACE org.hibernate.engine.jdbc.env.internal.NormalizingIdentifierHelperImpl - Normalizing identifier quoting [name]
10:22:20.296 [Test worker] TRACE org.hibernate.engine.jdbc.env.internal.NormalizingIdentifierHelperImpl - Normalizing identifier quoting [name]
10:22:20.296 [Test worker] DEBUG org.hibernate.boot.model.internal.PropertyBinder - Building property name
10:22:20.296 [Test worker] TRACE org.hibernate.boot.model.internal.PropertyBinder - Cascading name with null
10:22:20.300 [Test worker] DEBUG org.hibernate.boot.model.internal.EntityBinder - Binding entity from annotated class: com.laundry.laundryMgmt.models.ReservationEntity
10:22:20.300 [Test worker] DEBUG org.hibernate.boot.model.internal.EntityBinder - Import with entity name ReservationEntity
10:22:20.300 [Test worker] TRACE org.hibernate.boot.internal.InFlightMetadataCollectorImpl - Import: ReservationEntity -> com.laundry.laundryMgmt.models.ReservationEntity
10:22:20.301 [Test worker] TRACE org.hibernate.boot.internal.InFlightMetadataCollectorImpl - Import: com.laundry.laundryMgmt.models.ReservationEntity -> com.laundry.laundryMgmt.models.ReservationEntity
10:22:20.301 [Test worker] TRACE org.hibernate.engine.jdbc.env.internal.NormalizingIdentifierHelperImpl - Normalizing identifier quoting [reservation]
10:22:20.301 [Test worker] TRACE org.hibernate.engine.jdbc.env.internal.NormalizingIdentifierHelperImpl - Normalizing identifier quoting [reservation]
10:22:20.301 [Test worker] DEBUG org.hibernate.boot.model.internal.EntityBinder - Bind entity com.laundry.laundryMgmt.models.ReservationEntity on table reservation
10:22:20.301 [Test worker] TRACE org.hibernate.engine.jdbc.env.internal.NormalizingIdentifierHelperImpl - Normalizing identifier quoting [DTYPE]
10:22:20.301 [Test worker] DEBUG org.hibernate.boot.model.internal.AnnotatedColumn - Binding column: AnnotatedDiscriminatorColumn(column='DTYPE')
10:22:20.301 [Test worker] TRACE org.hibernate.boot.model.internal.PropertyBinder - Processing annotations of com.laundry.laundryMgmt.models.ReservationEntity.reservationId
10:22:20.307 [Test worker] TRACE org.hibernate.engine.jdbc.env.internal.NormalizingIdentifierHelperImpl - Normalizing identifier quoting [reservationId]
10:22:20.308 [Test worker] TRACE org.hibernate.engine.jdbc.env.internal.NormalizingIdentifierHelperImpl - Normalizing identifier quoting [reservationId]
10:22:20.308 [Test worker] DEBUG org.hibernate.boot.model.internal.AnnotatedColumn - Binding column: AnnotatedColumn()
10:22:20.308 [Test worker] DEBUG org.hibernate.boot.internal.ClassLoaderAccessImpl - Not known whether passed class name [com.laundry.laundryMgmt.models.ReservationEntity] is safe
10:22:20.308 [Test worker] DEBUG org.hibernate.boot.internal.ClassLoaderAccessImpl - No temp ClassLoader provided; using live ClassLoader for loading potentially unsafe class : com.laundry.laundryMgmt.models.ReservationEntity
10:22:20.308 [Test worker] DEBUG org.hibernate.boot.model.internal.PropertyBinder - MetadataSourceProcessor property reservationId with lazy=false
10:22:20.308 [Test worker] DEBUG org.hibernate.boot.model.internal.AbstractPropertyHolder - Attempting to locate auto-apply AttributeConverter for property [com.laundry.laundryMgmt.models.ReservationEntity:reservationId]
10:22:20.308 [Test worker] DEBUG org.hibernate.boot.model.internal.BasicValueBinder - building BasicValue for reservationId
10:22:20.308 [Test worker] DEBUG org.hibernate.mapping.BasicValue - Skipping column re-registration: reservation.reservation_id
10:22:20.308 [Test worker] TRACE org.hibernate.engine.jdbc.env.internal.NormalizingIdentifierHelperImpl - Normalizing identifier quoting [reservationId]
10:22:20.308 [Test worker] TRACE org.hibernate.engine.jdbc.env.internal.NormalizingIdentifierHelperImpl - Normalizing identifier quoting [reservationId]
10:22:20.308 [Test worker] TRACE org.hibernate.engine.jdbc.env.internal.NormalizingIdentifierHelperImpl - Normalizing identifier quoting [reservationId]
10:22:20.308 [Test worker] DEBUG org.hibernate.boot.model.internal.PropertyBinder - Building property reservationId
10:22:20.308 [Test worker] TRACE org.hibernate.boot.model.internal.PropertyBinder - Cascading reservationId with null
10:22:20.308 [Test worker] DEBUG org.hibernate.boot.model.internal.BinderHelper - #makeIdGenerator(BasicValue([Column(reservation_id)]), reservationId, org.hibernate.id.enhanced.SequenceStyleGenerator, , ...)
10:22:20.308 [Test worker] TRACE org.hibernate.boot.model.internal.PropertyBinder - Bind @Id on reservationId
10:22:20.308 [Test worker] TRACE org.hibernate.boot.model.internal.PropertyBinder - Processing annotations of com.laundry.laundryMgmt.models.ReservationEntity.machine
10:22:20.310 [Test worker] DEBUG org.hibernate.boot.model.internal.AnnotatedColumn - Binding column: AnnotatedJoinColumn()
10:22:20.311 [Test worker] TRACE org.hibernate.engine.jdbc.env.internal.NormalizingIdentifierHelperImpl - Normalizing identifier quoting [machine]
10:22:20.311 [Test worker] TRACE org.hibernate.engine.jdbc.env.internal.NormalizingIdentifierHelperImpl - Normalizing identifier quoting [machine]
10:22:20.311 [Test worker] DEBUG org.hibernate.boot.model.internal.AnnotatedColumn - Binding column: AnnotatedColumn()
10:22:20.314 [Test worker] DEBUG org.hibernate.boot.model.internal.PropertyBinder - Building property machine
10:22:20.314 [Test worker] TRACE org.hibernate.boot.model.internal.PropertyBinder - Cascading machine with none
10:22:20.314 [Test worker] TRACE org.hibernate.boot.model.internal.PropertyBinder - Processing annotations of com.laundry.laundryMgmt.models.ReservationEntity.reservationAvailable
10:22:20.314 [Test worker] TRACE org.hibernate.engine.jdbc.env.internal.NormalizingIdentifierHelperImpl - Normalizing identifier quoting [reservation_available]
10:22:20.314 [Test worker] TRACE org.hibernate.engine.jdbc.env.internal.NormalizingIdentifierHelperImpl - Normalizing identifier quoting [reservation_available]
10:22:20.314 [Test worker] DEBUG org.hibernate.boot.model.internal.AnnotatedColumn - Binding column: AnnotatedColumn(column='reservation_available')
10:22:20.314 [Test worker] DEBUG org.hibernate.boot.model.internal.PropertyBinder - MetadataSourceProcessor property reservationAvailable with lazy=false
10:22:20.314 [Test worker] DEBUG org.hibernate.boot.model.internal.AbstractPropertyHolder - Attempting to locate auto-apply AttributeConverter for property [com.laundry.laundryMgmt.models.ReservationEntity:reservationAvailable]
10:22:20.314 [Test worker] DEBUG org.hibernate.boot.model.internal.BasicValueBinder - building BasicValue for reservationAvailable
10:22:20.314 [Test worker] DEBUG org.hibernate.mapping.BasicValue - Skipping column re-registration: reservation.reservation_available
10:22:20.315 [Test worker] TRACE org.hibernate.engine.jdbc.env.internal.NormalizingIdentifierHelperImpl - Normalizing identifier quoting [reservation_available]
10:22:20.315 [Test worker] DEBUG org.hibernate.boot.model.internal.PropertyBinder - Building property reservationAvailable
10:22:20.315 [Test worker] TRACE org.hibernate.boot.model.internal.PropertyBinder - Cascading reservationAvailable with null
10:22:20.315 [Test worker] TRACE org.hibernate.boot.model.internal.PropertyBinder - Processing annotations of com.laundry.laundryMgmt.models.ReservationEntity.reservationDate
10:22:20.315 [Test worker] TRACE org.hibernate.engine.jdbc.env.internal.NormalizingIdentifierHelperImpl - Normalizing identifier quoting [reservation_date]
10:22:20.315 [Test worker] TRACE org.hibernate.engine.jdbc.env.internal.NormalizingIdentifierHelperImpl - Normalizing identifier quoting [reservation_date]
10:22:20.315 [Test worker] DEBUG org.hibernate.boot.model.internal.AnnotatedColumn - Binding column: AnnotatedColumn(column='reservation_date')
10:22:20.315 [Test worker] DEBUG org.hibernate.boot.model.internal.PropertyBinder - MetadataSourceProcessor property reservationDate with lazy=false
10:22:20.315 [Test worker] DEBUG org.hibernate.boot.model.internal.AbstractPropertyHolder - Attempting to locate auto-apply AttributeConverter for property [com.laundry.laundryMgmt.models.ReservationEntity:reservationDate]
10:22:20.315 [Test worker] DEBUG org.hibernate.boot.model.internal.BasicValueBinder - building BasicValue for reservationDate
10:22:20.315 [Test worker] DEBUG org.hibernate.mapping.BasicValue - Skipping column re-registration: reservation.reservation_date
10:22:20.315 [Test worker] TRACE org.hibernate.engine.jdbc.env.internal.NormalizingIdentifierHelperImpl - Normalizing identifier quoting [reservation_date]
10:22:20.315 [Test worker] DEBUG org.hibernate.boot.model.internal.PropertyBinder - Building property reservationDate
10:22:20.315 [Test worker] TRACE org.hibernate.boot.model.internal.PropertyBinder - Cascading reservationDate with null
10:22:20.315 [Test worker] TRACE org.hibernate.boot.model.internal.PropertyBinder - Processing annotations of com.laundry.laundryMgmt.models.ReservationEntity.reservationEndTime
10:22:20.315 [Test worker] TRACE org.hibernate.engine.jdbc.env.internal.NormalizingIdentifierHelperImpl - Normalizing identifier quoting [reservationEnd]
10:22:20.316 [Test worker] TRACE org.hibernate.engine.jdbc.env.internal.NormalizingIdentifierHelperImpl - Normalizing identifier quoting [reservationEnd]
10:22:20.316 [Test worker] DEBUG org.hibernate.boot.model.internal.AnnotatedColumn - Binding column: AnnotatedColumn(column='reservationEnd')
10:22:20.316 [Test worker] DEBUG org.hibernate.boot.model.internal.PropertyBinder - MetadataSourceProcessor property reservationEndTime with lazy=false
10:22:20.316 [Test worker] DEBUG org.hibernate.boot.model.internal.AbstractPropertyHolder - Attempting to locate auto-apply AttributeConverter for property [com.laundry.laundryMgmt.models.ReservationEntity:reservationEndTime]
10:22:20.316 [Test worker] DEBUG org.hibernate.boot.model.internal.BasicValueBinder - building BasicValue for reservationEndTime
10:22:20.316 [Test worker] DEBUG org.hibernate.mapping.BasicValue - Skipping column re-registration: reservation.reservation_end
10:22:20.316 [Test worker] TRACE org.hibernate.engine.jdbc.env.internal.NormalizingIdentifierHelperImpl - Normalizing identifier quoting [reservationEnd]
10:22:20.316 [Test worker] DEBUG org.hibernate.boot.model.internal.PropertyBinder - Building property reservationEndTime
10:22:20.316 [Test worker] TRACE org.hibernate.boot.model.internal.PropertyBinder - Cascading reservationEndTime with null
10:22:20.316 [Test worker] TRACE org.hibernate.boot.model.internal.PropertyBinder - Processing annotations of com.laundry.laundryMgmt.models.ReservationEntity.reservationStartTime
10:22:20.316 [Test worker] TRACE org.hibernate.engine.jdbc.env.internal.NormalizingIdentifierHelperImpl - Normalizing identifier quoting [reservationStart]
10:22:20.316 [Test worker] TRACE org.hibernate.engine.jdbc.env.internal.NormalizingIdentifierHelperImpl - Normalizing identifier quoting [reservationStart]
10:22:20.316 [Test worker] DEBUG org.hibernate.boot.model.internal.AnnotatedColumn - Binding column: AnnotatedColumn(column='reservationStart')
10:22:20.317 [Test worker] DEBUG org.hibernate.boot.model.internal.PropertyBinder - MetadataSourceProcessor property reservationStartTime with lazy=false
10:22:20.317 [Test worker] DEBUG org.hibernate.boot.model.internal.AbstractPropertyHolder - Attempting to locate auto-apply AttributeConverter for property [com.laundry.laundryMgmt.models.ReservationEntity:reservationStartTime]
10:22:20.317 [Test worker] DEBUG org.hibernate.boot.model.internal.BasicValueBinder - building BasicValue for reservationStartTime
10:22:20.317 [Test worker] DEBUG org.hibernate.mapping.BasicValue - Skipping column re-registration: reservation.reservation_start
10:22:20.317 [Test worker] TRACE org.hibernate.engine.jdbc.env.internal.NormalizingIdentifierHelperImpl - Normalizing identifier quoting [reservationStart]
10:22:20.317 [Test worker] DEBUG org.hibernate.boot.model.internal.PropertyBinder - Building property reservationStartTime
10:22:20.317 [Test worker] TRACE org.hibernate.boot.model.internal.PropertyBinder - Cascading reservationStartTime with null
10:22:20.317 [Test worker] TRACE org.hibernate.boot.model.internal.PropertyBinder - Processing annotations of com.laundry.laundryMgmt.models.ReservationEntity.reservationUser
10:22:20.317 [Test worker] TRACE org.hibernate.engine.jdbc.env.internal.NormalizingIdentifierHelperImpl - Normalizing identifier quoting [reservation_user]
10:22:20.317 [Test worker] TRACE org.hibernate.engine.jdbc.env.internal.NormalizingIdentifierHelperImpl - Normalizing identifier quoting [reservation_user]
10:22:20.317 [Test worker] DEBUG org.hibernate.boot.model.internal.AnnotatedColumn - Binding column: AnnotatedColumn(column='reservation_user')
10:22:20.317 [Test worker] DEBUG org.hibernate.boot.model.internal.PropertyBinder - MetadataSourceProcessor property reservationUser with lazy=false
10:22:20.317 [Test worker] DEBUG org.hibernate.boot.model.internal.AbstractPropertyHolder - Attempting to locate auto-apply AttributeConverter for property [com.laundry.laundryMgmt.models.ReservationEntity:reservationUser]
10:22:20.317 [Test worker] DEBUG org.hibernate.boot.model.internal.BasicValueBinder - building BasicValue for reservationUser
10:22:20.317 [Test worker] DEBUG org.hibernate.mapping.BasicValue - Skipping column re-registration: reservation.reservation_user
10:22:20.317 [Test worker] TRACE org.hibernate.engine.jdbc.env.internal.NormalizingIdentifierHelperImpl - Normalizing identifier quoting [reservation_user]
10:22:20.317 [Test worker] DEBUG org.hibernate.boot.model.internal.PropertyBinder - Building property reservationUser
10:22:20.317 [Test worker] TRACE org.hibernate.boot.model.internal.PropertyBinder - Cascading reservationUser with null
10:22:20.318 [Test worker] DEBUG org.hibernate.boot.model.internal.EntityBinder - Binding entity from annotated class: com.laundry.laundryMgmt.models.SensorEntity
10:22:20.318 [Test worker] DEBUG org.hibernate.boot.model.internal.EntityBinder - Import with entity name SensorEntity
10:22:20.318 [Test worker] TRACE org.hibernate.boot.internal.InFlightMetadataCollectorImpl - Import: SensorEntity -> com.laundry.laundryMgmt.models.SensorEntity
10:22:20.318 [Test worker] TRACE org.hibernate.boot.internal.InFlightMetadataCollectorImpl - Import: com.laundry.laundryMgmt.models.SensorEntity -> com.laundry.laundryMgmt.models.SensorEntity
10:22:20.319 [Test worker] TRACE org.hibernate.engine.jdbc.env.internal.NormalizingIdentifierHelperImpl - Normalizing identifier quoting [SensorEntity]
10:22:20.319 [Test worker] TRACE org.hibernate.engine.jdbc.env.internal.NormalizingIdentifierHelperImpl - Normalizing identifier quoting [SensorEntity]
10:22:20.319 [Test worker] DEBUG org.hibernate.boot.model.internal.EntityBinder - Bind entity com.laundry.laundryMgmt.models.SensorEntity on table sensor_entity
10:22:20.319 [Test worker] TRACE org.hibernate.engine.jdbc.env.internal.NormalizingIdentifierHelperImpl - Normalizing identifier quoting [DTYPE]
10:22:20.319 [Test worker] DEBUG org.hibernate.boot.model.internal.AnnotatedColumn - Binding column: AnnotatedDiscriminatorColumn(column='DTYPE')
10:22:20.320 [Test worker] TRACE org.hibernate.boot.model.internal.PropertyBinder - Processing annotations of com.laundry.laundryMgmt.models.SensorEntity.sensorId
10:22:20.321 [Test worker] TRACE org.hibernate.engine.jdbc.env.internal.NormalizingIdentifierHelperImpl - Normalizing identifier quoting [sensorId]
10:22:20.321 [Test worker] TRACE org.hibernate.engine.jdbc.env.internal.NormalizingIdentifierHelperImpl - Normalizing identifier quoting [sensorId]
10:22:20.321 [Test worker] DEBUG org.hibernate.boot.model.internal.AnnotatedColumn - Binding column: AnnotatedColumn()
10:22:20.321 [Test worker] DEBUG org.hibernate.boot.internal.ClassLoaderAccessImpl - Not known whether passed class name [com.laundry.laundryMgmt.models.SensorEntity] is safe
10:22:20.321 [Test worker] DEBUG org.hibernate.boot.internal.ClassLoaderAccessImpl - No temp ClassLoader provided; using live ClassLoader for loading potentially unsafe class : com.laundry.laundryMgmt.models.SensorEntity
10:22:20.321 [Test worker] DEBUG org.hibernate.boot.model.internal.PropertyBinder - MetadataSourceProcessor property sensorId with lazy=false
10:22:20.321 [Test worker] DEBUG org.hibernate.boot.model.internal.AbstractPropertyHolder - Attempting to locate auto-apply AttributeConverter for property [com.laundry.laundryMgmt.models.SensorEntity:sensorId]
10:22:20.322 [Test worker] DEBUG org.hibernate.boot.model.internal.BasicValueBinder - building BasicValue for sensorId
10:22:20.322 [Test worker] DEBUG org.hibernate.mapping.BasicValue - Skipping column re-registration: sensor_entity.sensor_id
10:22:20.322 [Test worker] TRACE org.hibernate.engine.jdbc.env.internal.NormalizingIdentifierHelperImpl - Normalizing identifier quoting [sensorId]
10:22:20.322 [Test worker] TRACE org.hibernate.engine.jdbc.env.internal.NormalizingIdentifierHelperImpl - Normalizing identifier quoting [sensorId]
10:22:20.322 [Test worker] TRACE org.hibernate.engine.jdbc.env.internal.NormalizingIdentifierHelperImpl - Normalizing identifier quoting [sensorId]
10:22:20.322 [Test worker] DEBUG org.hibernate.boot.model.internal.PropertyBinder - Building property sensorId
10:22:20.322 [Test worker] TRACE org.hibernate.boot.model.internal.PropertyBinder - Cascading sensorId with null
10:22:20.322 [Test worker] DEBUG org.hibernate.boot.model.internal.BinderHelper - #makeIdGenerator(BasicValue([Column(sensor_id)]), sensorId, org.hibernate.id.enhanced.SequenceStyleGenerator, , ...)
10:22:20.323 [Test worker] TRACE org.hibernate.boot.model.internal.PropertyBinder - Bind @Id on sensorId
10:22:20.323 [Test worker] TRACE org.hibernate.boot.model.internal.PropertyBinder - Processing annotations of com.laundry.laundryMgmt.models.SensorEntity.Measure
10:22:20.323 [Test worker] TRACE org.hibernate.engine.jdbc.env.internal.NormalizingIdentifierHelperImpl - Normalizing identifier quoting [Measure]
10:22:20.323 [Test worker] TRACE org.hibernate.engine.jdbc.env.internal.NormalizingIdentifierHelperImpl - Normalizing identifier quoting [Measure]
10:22:20.323 [Test worker] DEBUG org.hibernate.boot.model.internal.AnnotatedColumn - Binding column: AnnotatedColumn()
10:22:20.323 [Test worker] DEBUG org.hibernate.boot.model.internal.PropertyBinder - MetadataSourceProcessor property Measure with lazy=false
10:22:20.323 [Test worker] DEBUG org.hibernate.boot.model.internal.AbstractPropertyHolder - Attempting to locate auto-apply AttributeConverter for property [com.laundry.laundryMgmt.models.SensorEntity:Measure]
10:22:20.323 [Test worker] DEBUG org.hibernate.boot.model.internal.BasicValueBinder - building BasicValue for Measure
10:22:20.323 [Test worker] DEBUG org.hibernate.mapping.BasicValue - Skipping column re-registration: sensor_entity.measure
10:22:20.324 [Test worker] TRACE org.hibernate.engine.jdbc.env.internal.NormalizingIdentifierHelperImpl - Normalizing identifier quoting [Measure]
10:22:20.324 [Test worker] TRACE org.hibernate.engine.jdbc.env.internal.NormalizingIdentifierHelperImpl - Normalizing identifier quoting [Measure]
10:22:20.324 [Test worker] TRACE org.hibernate.engine.jdbc.env.internal.NormalizingIdentifierHelperImpl - Normalizing identifier quoting [Measure]
10:22:20.324 [Test worker] DEBUG org.hibernate.boot.model.internal.PropertyBinder - Building property Measure
10:22:20.324 [Test worker] TRACE org.hibernate.boot.model.internal.PropertyBinder - Cascading Measure with null
10:22:20.324 [Test worker] TRACE org.hibernate.boot.model.internal.PropertyBinder - Processing annotations of com.laundry.laundryMgmt.models.SensorEntity.machine
10:22:20.324 [Test worker] DEBUG org.hibernate.boot.model.internal.AnnotatedColumn - Binding column: AnnotatedJoinColumn()
10:22:20.325 [Test worker] TRACE org.hibernate.engine.jdbc.env.internal.NormalizingIdentifierHelperImpl - Normalizing identifier quoting [machine]
10:22:20.325 [Test worker] TRACE org.hibernate.engine.jdbc.env.internal.NormalizingIdentifierHelperImpl - Normalizing identifier quoting [machine]
10:22:20.325 [Test worker] DEBUG org.hibernate.boot.model.internal.AnnotatedColumn - Binding column: AnnotatedColumn()
10:22:20.325 [Test worker] DEBUG org.hibernate.boot.model.internal.PropertyBinder - Building property machine
10:22:20.325 [Test worker] TRACE org.hibernate.boot.model.internal.PropertyBinder - Cascading machine with none
10:22:20.325 [Test worker] TRACE org.hibernate.boot.model.internal.PropertyBinder - Processing annotations of com.laundry.laundryMgmt.models.SensorEntity.sensorName
10:22:20.326 [Test worker] TRACE org.hibernate.engine.jdbc.env.internal.NormalizingIdentifierHelperImpl - Normalizing identifier quoting [sensorName]
10:22:20.326 [Test worker] TRACE org.hibernate.engine.jdbc.env.internal.NormalizingIdentifierHelperImpl - Normalizing identifier quoting [sensorName]
10:22:20.326 [Test worker] DEBUG org.hibernate.boot.model.internal.AnnotatedColumn - Binding column: AnnotatedColumn()
10:22:20.326 [Test worker] DEBUG org.hibernate.boot.model.internal.PropertyBinder - MetadataSourceProcessor property sensorName with lazy=false
10:22:20.326 [Test worker] DEBUG org.hibernate.boot.model.internal.AbstractPropertyHolder - Attempting to locate auto-apply AttributeConverter for property [com.laundry.laundryMgmt.models.SensorEntity:sensorName]
10:22:20.326 [Test worker] DEBUG org.hibernate.boot.model.internal.BasicValueBinder - building BasicValue for sensorName
10:22:20.326 [Test worker] DEBUG org.hibernate.mapping.BasicValue - Skipping column re-registration: sensor_entity.sensor_name
10:22:20.326 [Test worker] TRACE org.hibernate.engine.jdbc.env.internal.NormalizingIdentifierHelperImpl - Normalizing identifier quoting [sensorName]
10:22:20.326 [Test worker] TRACE org.hibernate.engine.jdbc.env.internal.NormalizingIdentifierHelperImpl - Normalizing identifier quoting [sensorName]
10:22:20.326 [Test worker] TRACE org.hibernate.engine.jdbc.env.internal.NormalizingIdentifierHelperImpl - Normalizing identifier quoting [sensorName]
10:22:20.326 [Test worker] DEBUG org.hibernate.boot.model.internal.PropertyBinder - Building property sensorName
10:22:20.326 [Test worker] TRACE org.hibernate.boot.model.internal.PropertyBinder - Cascading sensorName with null
10:22:20.327 [Test worker] TRACE org.hibernate.boot.model.internal.PropertyBinder - Processing annotations of com.laundry.laundryMgmt.models.SensorEntity.sensorType
10:22:20.327 [Test worker] TRACE org.hibernate.engine.jdbc.env.internal.NormalizingIdentifierHelperImpl - Normalizing identifier quoting [sensorType]
10:22:20.327 [Test worker] TRACE org.hibernate.engine.jdbc.env.internal.NormalizingIdentifierHelperImpl - Normalizing identifier quoting [sensorType]
10:22:20.327 [Test worker] DEBUG org.hibernate.boot.model.internal.AnnotatedColumn - Binding column: AnnotatedColumn()
10:22:20.327 [Test worker] DEBUG org.hibernate.boot.model.internal.PropertyBinder - MetadataSourceProcessor property sensorType with lazy=false
10:22:20.327 [Test worker] DEBUG org.hibernate.boot.model.internal.AbstractPropertyHolder - Attempting to locate auto-apply AttributeConverter for property [com.laundry.laundryMgmt.models.SensorEntity:sensorType]
10:22:20.327 [Test worker] DEBUG org.hibernate.boot.model.internal.BasicValueBinder - building BasicValue for sensorType
10:22:20.327 [Test worker] DEBUG org.hibernate.mapping.BasicValue - Skipping column re-registration: sensor_entity.sensor_type
10:22:20.327 [Test worker] TRACE org.hibernate.engine.jdbc.env.internal.NormalizingIdentifierHelperImpl - Normalizing identifier quoting [sensorType]
10:22:20.327 [Test worker] TRACE org.hibernate.engine.jdbc.env.internal.NormalizingIdentifierHelperImpl - Normalizing identifier quoting [sensorType]
10:22:20.327 [Test worker] TRACE org.hibernate.engine.jdbc.env.internal.NormalizingIdentifierHelperImpl - Normalizing identifier quoting [sensorType]
10:22:20.327 [Test worker] DEBUG org.hibernate.boot.model.internal.PropertyBinder - Building property sensorType
10:22:20.327 [Test worker] TRACE org.hibernate.boot.model.internal.PropertyBinder - Cascading sensorType with null
10:22:20.328 [Test worker] TRACE org.hibernate.boot.model.internal.PropertyBinder - Processing annotations of com.laundry.laundryMgmt.models.SensorEntity.status
10:22:20.328 [Test worker] TRACE org.hibernate.engine.jdbc.env.internal.NormalizingIdentifierHelperImpl - Normalizing identifier quoting [status]
10:22:20.328 [Test worker] TRACE org.hibernate.engine.jdbc.env.internal.NormalizingIdentifierHelperImpl - Normalizing identifier quoting [status]
10:22:20.328 [Test worker] DEBUG org.hibernate.boot.model.internal.AnnotatedColumn - Binding column: AnnotatedColumn()
10:22:20.329 [Test worker] DEBUG org.hibernate.boot.model.internal.PropertyBinder - MetadataSourceProcessor property status with lazy=false
10:22:20.329 [Test worker] DEBUG org.hibernate.boot.model.internal.AbstractPropertyHolder - Attempting to locate auto-apply AttributeConverter for property [com.laundry.laundryMgmt.models.SensorEntity:status]
10:22:20.329 [Test worker] DEBUG org.hibernate.boot.model.internal.BasicValueBinder - building BasicValue for status
10:22:20.329 [Test worker] DEBUG org.hibernate.mapping.BasicValue - Skipping column re-registration: sensor_entity.status
10:22:20.329 [Test worker] TRACE org.hibernate.engine.jdbc.env.internal.NormalizingIdentifierHelperImpl - Normalizing identifier quoting [status]
10:22:20.329 [Test worker] TRACE org.hibernate.engine.jdbc.env.internal.NormalizingIdentifierHelperImpl - Normalizing identifier quoting [status]
10:22:20.329 [Test worker] TRACE org.hibernate.engine.jdbc.env.internal.NormalizingIdentifierHelperImpl - Normalizing identifier quoting [status]
10:22:20.329 [Test worker] DEBUG org.hibernate.boot.model.internal.PropertyBinder - Building property status
10:22:20.329 [Test worker] TRACE org.hibernate.boot.model.internal.PropertyBinder - Cascading status with null
10:22:20.330 [Test worker] DEBUG org.hibernate.boot.model.internal.BasicValueBinder - Starting `BasicValueBinder#fillSimpleValue` for machineId
10:22:20.330 [Test worker] DEBUG org.hibernate.boot.model.internal.BasicValueBinder - Starting `BasicValueBinder#fillSimpleValue` for Available
10:22:20.330 [Test worker] DEBUG org.hibernate.boot.model.internal.BasicValueBinder - Starting `BasicValueBinder#fillSimpleValue` for MachineStatus
10:22:20.330 [Test worker] DEBUG org.hibernate.boot.model.internal.BasicValueBinder - Starting `BasicValueBinder#fillSimpleValue` for Progress
10:22:20.330 [Test worker] DEBUG org.hibernate.boot.model.internal.BasicValueBinder - Starting `BasicValueBinder#fillSimpleValue` for StartingTime
10:22:20.332 [Test worker] DEBUG org.hibernate.boot.model.internal.BasicValueBinder - Starting `BasicValueBinder#fillSimpleValue` for cycleType
10:22:20.335 [Test worker] DEBUG org.hibernate.boot.model.internal.BasicValueBinder - Starting `BasicValueBinder#fillSimpleValue` for name
10:22:20.336 [Test worker] DEBUG org.hibernate.boot.model.internal.BasicValueBinder - Starting `BasicValueBinder#fillSimpleValue` for reservationId
10:22:20.336 [Test worker] DEBUG org.hibernate.boot.model.internal.BasicValueBinder - Starting `BasicValueBinder#fillSimpleValue` for reservationAvailable
10:22:20.336 [Test worker] DEBUG org.hibernate.boot.model.internal.BasicValueBinder - Starting `BasicValueBinder#fillSimpleValue` for reservationDate
10:22:20.336 [Test worker] DEBUG org.hibernate.boot.model.internal.BasicValueBinder - Starting `BasicValueBinder#fillSimpleValue` for reservationEndTime
10:22:20.336 [Test worker] DEBUG org.hibernate.boot.model.internal.BasicValueBinder - Starting `BasicValueBinder#fillSimpleValue` for reservationStartTime
10:22:20.336 [Test worker] DEBUG org.hibernate.boot.model.internal.BasicValueBinder - Starting `BasicValueBinder#fillSimpleValue` for reservationUser
10:22:20.337 [Test worker] DEBUG org.hibernate.boot.model.internal.BasicValueBinder - Starting `BasicValueBinder#fillSimpleValue` for sensorId
10:22:20.353 [Test worker] DEBUG org.hibernate.boot.model.internal.BasicValueBinder - Starting `BasicValueBinder#fillSimpleValue` for Measure
10:22:20.353 [Test worker] DEBUG org.hibernate.boot.model.internal.BasicValueBinder - Starting `BasicValueBinder#fillSimpleValue` for sensorName
10:22:20.353 [Test worker] DEBUG org.hibernate.boot.model.internal.BasicValueBinder - Starting `BasicValueBinder#fillSimpleValue` for sensorType
10:22:20.353 [Test worker] DEBUG org.hibernate.boot.model.internal.BasicValueBinder - Starting `BasicValueBinder#fillSimpleValue` for status
10:22:20.356 [Test worker] TRACE org.hibernate.engine.jdbc.env.internal.NormalizingIdentifierHelperImpl - Normalizing identifier quoting [machine_id]
10:22:20.356 [Test worker] TRACE org.hibernate.engine.jdbc.env.internal.NormalizingIdentifierHelperImpl - Normalizing identifier quoting [MACHINE_ENTITY]
10:22:20.357 [Test worker] TRACE org.hibernate.engine.jdbc.env.internal.NormalizingIdentifierHelperImpl - Normalizing identifier quoting [machineId]
10:22:20.357 [Test worker] TRACE org.hibernate.engine.jdbc.env.internal.NormalizingIdentifierHelperImpl - Normalizing identifier quoting [machine_machineId]
10:22:20.357 [Test worker] TRACE org.hibernate.engine.jdbc.env.internal.NormalizingIdentifierHelperImpl - Normalizing identifier quoting [machine_machine_id]
10:22:20.358 [Test worker] TRACE org.hibernate.engine.jdbc.env.internal.NormalizingIdentifierHelperImpl - Normalizing identifier quoting [machine_machine_id]
10:22:20.359 [Test worker] TRACE org.hibernate.engine.jdbc.env.internal.NormalizingIdentifierHelperImpl - Normalizing identifier quoting [machineId]
10:22:20.359 [Test worker] TRACE org.hibernate.engine.jdbc.env.internal.NormalizingIdentifierHelperImpl - Normalizing identifier quoting [machine_machine_id]
10:22:20.359 [Test worker] TRACE org.hibernate.engine.jdbc.env.internal.NormalizingIdentifierHelperImpl - Normalizing identifier quoting [machine_machine_id]
10:22:20.361 [Test worker] TRACE org.hibernate.engine.jdbc.env.internal.NormalizingIdentifierHelperImpl - Normalizing identifier quoting [machine_id]
10:22:20.362 [Test worker] TRACE org.hibernate.engine.jdbc.env.internal.NormalizingIdentifierHelperImpl - Normalizing identifier quoting [MACHINE_ENTITY]
10:22:20.362 [Test worker] TRACE org.hibernate.engine.jdbc.env.internal.NormalizingIdentifierHelperImpl - Normalizing identifier quoting [machineId]
10:22:20.362 [Test worker] TRACE org.hibernate.engine.jdbc.env.internal.NormalizingIdentifierHelperImpl - Normalizing identifier quoting [machine_machineId]
10:22:20.362 [Test worker] TRACE org.hibernate.engine.jdbc.env.internal.NormalizingIdentifierHelperImpl - Normalizing identifier quoting [machine_machine_id]
10:22:20.362 [Test worker] TRACE org.hibernate.engine.jdbc.env.internal.NormalizingIdentifierHelperImpl - Normalizing identifier quoting [machine_machine_id]
10:22:20.363 [Test worker] TRACE org.hibernate.engine.jdbc.env.internal.NormalizingIdentifierHelperImpl - Normalizing identifier quoting [machineId]
10:22:20.363 [Test worker] TRACE org.hibernate.engine.jdbc.env.internal.NormalizingIdentifierHelperImpl - Normalizing identifier quoting [machine_machine_id]
10:22:20.363 [Test worker] TRACE org.hibernate.engine.jdbc.env.internal.NormalizingIdentifierHelperImpl - Normalizing identifier quoting [machine_machine_id]
10:22:20.364 [Test worker] DEBUG org.hibernate.mapping.PrimaryKey - Forcing column [machine_id] to be non-null as it is part of the primary key for table [machine_entity]
10:22:20.364 [Test worker] DEBUG org.hibernate.mapping.PrimaryKey - Forcing column [reservation_id] to be non-null as it is part of the primary key for table [reservation]
10:22:20.364 [Test worker] DEBUG org.hibernate.mapping.PrimaryKey - Forcing column [sensor_id] to be non-null as it is part of the primary key for table [sensor_entity]
10:22:20.374 [Test worker] DEBUG org.hibernate.boot.internal.InFlightMetadataCollectorImpl - Resolving reference to class: com.laundry.laundryMgmt.models.MachineEntity
10:22:20.374 [Test worker] TRACE org.hibernate.engine.jdbc.env.internal.NormalizingIdentifierHelperImpl - Normalizing identifier quoting [machine_machine_id]
10:22:20.376 [Test worker] TRACE org.hibernate.engine.jdbc.env.internal.NormalizingIdentifierHelperImpl - Normalizing identifier quoting [FKqrdfugi7krjacygnvou7rr6yp]
10:22:20.376 [Test worker] DEBUG org.hibernate.boot.internal.InFlightMetadataCollectorImpl - Resolving reference to class: com.laundry.laundryMgmt.models.MachineEntity
10:22:20.376 [Test worker] TRACE org.hibernate.engine.jdbc.env.internal.NormalizingIdentifierHelperImpl - Normalizing identifier quoting [machine_machine_id]
10:22:20.376 [Test worker] TRACE org.hibernate.engine.jdbc.env.internal.NormalizingIdentifierHelperImpl - Normalizing identifier quoting [FKfdysuxx2d36pba5lqr4amwmmy]
10:22:20.411 [Test worker] DEBUG org.hibernate.boot.internal.InFlightMetadataCollectorImpl - Resolving reference to class: com.laundry.laundryMgmt.models.MachineEntity
10:22:20.411 [Test worker] TRACE org.hibernate.engine.jdbc.env.internal.NormalizingIdentifierHelperImpl - Normalizing identifier quoting [machine_machine_id]
10:22:20.411 [Test worker] DEBUG org.hibernate.boot.internal.InFlightMetadataCollectorImpl - Resolving reference to class: com.laundry.laundryMgmt.models.MachineEntity
10:22:20.411 [Test worker] TRACE org.hibernate.engine.jdbc.env.internal.NormalizingIdentifierHelperImpl - Normalizing identifier quoting [machine_machine_id]
10:22:20.412 [Test worker] TRACE org.hibernate.engine.jdbc.env.internal.NormalizingIdentifierHelperImpl - Normalizing identifier quoting [null]
10:22:20.413 [Test worker] TRACE org.hibernate.engine.jdbc.env.internal.NormalizingIdentifierHelperImpl - Normalizing identifier quoting [null]
10:22:20.414 [Test worker] TRACE org.hibernate.engine.jdbc.env.internal.NormalizingIdentifierHelperImpl - Normalizing identifier quoting [reservation_SEQ]
10:22:20.442 [Test worker] TRACE org.hibernate.id.enhanced.PooledOptimizer - Creating pooled optimizer with [incrementSize=50; returnClass=java.lang.Long]
10:22:20.445 [Test worker] TRACE org.hibernate.engine.jdbc.env.internal.NormalizingIdentifierHelperImpl - Normalizing identifier quoting [null]
10:22:20.445 [Test worker] TRACE org.hibernate.engine.jdbc.env.internal.NormalizingIdentifierHelperImpl - Normalizing identifier quoting [null]
10:22:20.445 [Test worker] TRACE org.hibernate.engine.jdbc.env.internal.NormalizingIdentifierHelperImpl - Normalizing identifier quoting [machine_entity_SEQ]
10:22:20.445 [Test worker] TRACE org.hibernate.id.enhanced.PooledOptimizer - Creating pooled optimizer with [incrementSize=50; returnClass=java.lang.Long]
10:22:20.446 [Test worker] TRACE org.hibernate.engine.jdbc.env.internal.NormalizingIdentifierHelperImpl - Normalizing identifier quoting [null]
10:22:20.446 [Test worker] TRACE org.hibernate.engine.jdbc.env.internal.NormalizingIdentifierHelperImpl - Normalizing identifier quoting [null]
10:22:20.446 [Test worker] TRACE org.hibernate.engine.jdbc.env.internal.NormalizingIdentifierHelperImpl - Normalizing identifier quoting [sensor_entity_SEQ]
10:22:20.446 [Test worker] TRACE org.hibernate.id.enhanced.PooledOptimizer - Creating pooled optimizer with [incrementSize=50; returnClass=java.lang.Long]
10:22:20.448 [Test worker] TRACE org.hibernate.service.internal.AbstractServiceRegistryImpl - Initializing service [role=org.hibernate.boot.spi.SessionFactoryBuilderService]
10:22:20.455 [Test worker] TRACE org.hibernate.service.internal.AbstractServiceRegistryImpl - Initializing service [role=org.hibernate.engine.jdbc.connections.spi.MultiTenantConnectionProvider]
10:22:20.455 [Test worker] TRACE org.hibernate.loader.BatchFetchStyle - Interpreting BatchFetchStyle from setting : null
10:22:20.458 [Test worker] TRACE org.hibernate.service.internal.AbstractServiceRegistryImpl - Initializing service [role=org.hibernate.bytecode.spi.BytecodeProvider]
10:22:20.459 [Test worker] DEBUG org.hibernate.bytecode.internal.BytecodeProviderInitiator - HHH000021: Bytecode provider name : bytebuddy
10:22:20.471 [Test worker] DEBUG org.hibernate.internal.SessionFactoryImpl - Building session factory
10:22:20.471 [Test worker] TRACE org.hibernate.service.internal.AbstractServiceRegistryImpl - Initializing service [role=org.hibernate.service.spi.SessionFactoryServiceRegistryFactory]
10:22:20.504 [Test worker] DEBUG org.hibernate.service.internal.SessionFactoryServiceRegistryImpl - EventListenerRegistry access via ServiceRegistry is deprecated.  Use `sessionFactory.getEventEngine().getListenerRegistry()` instead
10:22:20.504 [Test worker] DEBUG org.hibernate.internal.SessionFactoryImpl - Instantiating SessionFactory with settings: {java.specification.version=17, hibernate.resource.beans.container=org.springframework.orm.hibernate5.SpringBeanContainer@22c4354d, hibernate.connection.handling_mode=DELAYED_ACQUISITION_AND_HOLD, sun.jnu.encoding=UTF-8, hibernate.dialect=org.hibernate.dialect.H2Dialect, org.gradle.test.worker=4, hibernate.implicit_naming_strategy=org.springframework.boot.orm.jpa.hibernate.SpringImplicitNamingStrategy, java.class.path=/home/kali/.gradle/caches/8.4/workerMain/gradle-worker.jar:/home/kali/Toolbox3/Projet/TestBackend/build/classes/java/test:/home/kali/Toolbox3/Projet/TestBackend/build/classes/java/main:/home/kali/Toolbox3/Projet/TestBackend/build/resources/main:/home/kali/.gradle/caches/modules-2/files-2.1/org.springframework.boot/spring-boot-starter-web/3.1.5/3674e5603cc25bc4dccf73b97d50234332fc3d72/spring-boot-starter-web-3.1.5.jar:/home/kali/.gradle/caches/modules-2/files-2.1/org.springframework.boot/spring-boot-starter-data-jpa/3.1.5/5fdcfab1fe9d6dddf4352d71f5ed879eb1aa92c2/spring-boot-starter-data-jpa-3.1.5.jar:/home/kali/.gradle/caches/modules-2/files-2.1/com.h2database/h2/2.1.214/d5c2005c9e3279201e12d4776c948578b16bf8b2/h2-2.1.214.jar:/home/kali/.gradle/caches/modules-2/files-2.1/org.springdoc/springdoc-openapi-starter-webmvc-ui/2.2.0/178d8ed6714d78b8b475c45bc60642a9232fcb70/springdoc-openapi-starter-webmvc-ui-2.2.0.jar:/home/kali/.gradle/caches/modules-2/files-2.1/org.springframework.boot/spring-boot-starter-security/3.1.5/5609ddc1b11034278ca1174bfef45d0bea96f060/spring-boot-starter-security-3.1.5.jar:/home/kali/.gradle/caches/modules-2/files-2.1/org.apache.logging.log4j/log4j-core/2.22.1/7183a25510a02ad00cc6a95d3b3d2a7d3c5a8dc4/log4j-core-2.22.1.jar:/home/kali/.gradle/caches/modules-2/files-2.1/org.apache.logging.log4j/log4j-api/2.22.1/bea6fede6328fabafd7e68363161a7ea6605abd1/log4j-api-2.22.1.jar:/home/kali/.gradle/caches/modules-2/files-2.1/org.apache.httpcomponents/httpclient/4.5/a1e6cbb3cc2c5f210dd1310ff9fcb2c09c0d1438/httpclient-4.5.jar:/home/kali/.gradle/caches/modules-2/files-2.1/org.springframework.boot/spring-boot-starter-test/3.1.5/a57c3ffc88edb99fcef4e9f43f3e67de4da8d13c/spring-boot-starter-test-3.1.5.jar:/home/kali/.gradle/caches/modules-2/files-2.1/org.springframework.security/spring-security-test/6.1.5/702cf0489d63d023ccd572f8bfd9d1eaa4f308ad/spring-security-test-6.1.5.jar:/home/kali/.gradle/caches/modules-2/files-2.1/org.junit.jupiter/junit-jupiter-engine/5.8.1/21b86e08aae2720bbf017703669948be96d1388c/junit-jupiter-engine-5.8.1.jar:/home/kali/.gradle/caches/modules-2/files-2.1/org.junit.jupiter/junit-jupiter-params/5.9.3/9e2a4bf6016a1975f408a73523392875cff7c26f/junit-jupiter-params-5.9.3.jar:/home/kali/.gradle/caches/modules-2/files-2.1/org.junit.platform/junit-platform-engine/1.9.3/8616734a190f8d307376aeb7353dba0a2c037a09/junit-platform-engine-1.9.3.jar:/home/kali/.gradle/caches/modules-2/files-2.1/org.junit.platform/junit-platform-commons/1.9.3/36b2e26a90c41603be7f0094bee80e3f8a2cd4d4/junit-platform-commons-1.9.3.jar:/home/kali/.gradle/caches/modules-2/files-2.1/org.junit.jupiter/junit-jupiter/5.9.3/72e840501e1550e9799c9a5cc9483d7d6b29e0ba/junit-jupiter-5.9.3.jar:/home/kali/.gradle/caches/modules-2/files-2.1/org.mockito/mockito-junit-jupiter/5.3.1/d6ac0f6d54addf02def4ba1213f73a15ae6c2308/mockito-junit-jupiter-5.3.1.jar:/home/kali/.gradle/caches/modules-2/files-2.1/org.junit.jupiter/junit-jupiter-api/5.8.1/6538b88eb8bf8811bc7b6efb5246f835c15e0bfe/junit-jupiter-api-5.8.1.jar:/home/kali/.gradle/caches/modules-2/files-2.1/org.springframework.boot/spring-boot-starter-json/3.1.5/36ce79c1a5c63ffd72b092eb312cb35ac6edb128/spring-boot-starter-json-3.1.5.jar:/home/kali/.gradle/caches/modules-2/files-2.1/org.springframework.boot/spring-boot-starter-aop/3.1.5/2ac1f8bf4c2bce13b46d04abafc69a4f1523a08/spring-boot-starter-aop-3.1.5.jar:/home/kali/.gradle/caches/modules-2/files-2.1/org.springframework.boot/spring-boot-starter-jdbc/3.1.5/138c0e0ab493d8a51bb51dfc3b7144d702ff4c26/spring-boot-starter-jdbc-3.1.5.jar:/home/kali/.gradle/caches/modules-2/files-2.1/org.springframework.boot/spring-boot-starter/3.1.5/a14cd17b86261933929566775d80c65b9f7440fc/spring-boot-starter-3.1.5.jar:/home/kali/.gradle/caches/modules-2/files-2.1/org.springframework.boot/spring-boot-starter-tomcat/3.1.5/4b362b923ec1ca080556c4e55fe4ae73cf5a84d7/spring-boot-starter-tomcat-3.1.5.jar:/home/kali/.gradle/caches/modules-2/files-2.1/org.springdoc/springdoc-openapi-starter-webmvc-api/2.2.0/3a7a3a7ecd2537203961d83cabc6d642f294ddb/springdoc-openapi-starter-webmvc-api-2.2.0.jar:/home/kali/.gradle/caches/modules-2/files-2.1/org.springframework/spring-webmvc/6.0.13/df1230a7dde55b9ce9d72670b42d621dc2e481df/spring-webmvc-6.0.13.jar:/home/kali/.gradle/caches/modules-2/files-2.1/org.springframework.security/spring-security-web/6.1.5/51ebfc2c683feca057a1d9696d906fc77bd79db6/spring-security-web-6.1.5.jar:/home/kali/.gradle/caches/modules-2/files-2.1/org.springframework/spring-web/6.0.13/c374fcaf34d82d735a1dcf2c496f064488aa2b20/spring-web-6.0.13.jar:/home/kali/.gradle/caches/modules-2/files-2.1/org.hibernate.orm/hibernate-core/6.2.13.Final/de458672b40154ab9ecfe7466987ad1772167af8/hibernate-core-6.2.13.Final.jar:/home/kali/.gradle/caches/modules-2/files-2.1/org.springframework.data/spring-data-jpa/3.1.5/6de79da064f0b97c6448e0bfa5d63da9fb6e1582/spring-data-jpa-3.1.5.jar:/home/kali/.gradle/caches/modules-2/files-2.1/org.springframework/spring-aspects/6.0.13/59b1d3f507f5ed2e4ef357541c464925831bea9b/spring-aspects-6.0.13.jar:/home/kali/.gradle/caches/modules-2/files-2.1/org.webjars/swagger-ui/5.2.0/c48d665a3f3a5d73afa34982953d3c31acc1d1dd/swagger-ui-5.2.0.jar:/home/kali/.gradle/caches/modules-2/files-2.1/org.springframework.security/spring-security-config/6.1.5/be13612112c6400267c14320562078e8b50e65f6/spring-security-config-6.1.5.jar:/home/kali/.gradle/caches/modules-2/files-2.1/org.springframework.security/spring-security-core/6.1.5/bc6fe788306b296c210db471a02d7d8f2ea4e7cd/spring-security-core-6.1.5.jar:/home/kali/.gradle/caches/modules-2/files-2.1/org.springframework.boot/spring-boot-test-autoconfigure/3.1.5/9e0b68b6510c3067535e60a61568cb569efb4997/spring-boot-test-autoconfigure-3.1.5.jar:/home/kali/.gradle/caches/modules-2/files-2.1/org.springframework.boot/spring-boot-test/3.1.5/31a70b2aa98605b09a0b12229f1b12c8ca02bb2d/spring-boot-test-3.1.5.jar:/home/kali/.gradle/caches/modules-2/files-2.1/org.springdoc/springdoc-openapi-starter-common/2.2.0/352343daae911b5d95c718c4a3c461cf94b4707b/springdoc-openapi-starter-common-2.2.0.jar:/home/kali/.gradle/caches/modules-2/files-2.1/org.springframework.boot/spring-boot-autoconfigure/3.1.5/42a5b2ee98f700fba8d8c88d4af7b23266f1de0f/spring-boot-autoconfigure-3.1.5.jar:/home/kali/.gradle/caches/modules-2/files-2.1/org.springframework.boot/spring-boot/3.1.5/c188015a5a79f5df65e876dcfdef16148c45fe2c/spring-boot-3.1.5.jar:/home/kali/.gradle/caches/modules-2/files-2.1/org.springframework/spring-context/6.0.13/4c49af6dde7fce9602049f952b45ca29f30e2a37/spring-context-6.0.13.jar:/home/kali/.gradle/caches/modules-2/files-2.1/org.springframework/spring-aop/6.0.13/aae1a18033787c9d324322f4470b12264e773e83/spring-aop-6.0.13.jar:/home/kali/.gradle/caches/modules-2/files-2.1/org.apache.httpcomponents/httpcore/4.4.16/51cf043c87253c9f58b539c9f7e44c8894223850/httpcore-4.4.16.jar:/home/kali/.gradle/caches/modules-2/files-2.1/commons-logging/commons-logging/1.2/4bfc12adfe4842bf07b657f0369c4cb522955686/commons-logging-1.2.jar:/home/kali/.gradle/caches/modules-2/files-2.1/commons-codec/commons-codec/1.15/49d94806b6e3dc933dacbd8acb0fdbab8ebd1e5d/commons-codec-1.15.jar:/home/kali/.gradle/caches/modules-2/files-2.1/com.jayway.jsonpath/json-path/2.8.0/b4ab3b7a9e425655a0ca65487bbbd6d7ddb75160/json-path-2.8.0.jar:/home/kali/.gradle/caches/modules-2/files-2.1/org.glassfish.jaxb/jaxb-runtime/4.0.3/93af25be25b2c92c83e0ce61cb8b3ed23568f316/jaxb-runtime-4.0.3.jar:/home/kali/.gradle/caches/modules-2/files-2.1/org.glassfish.jaxb/jaxb-core/4.0.3/e9093b4a82069a1d78ee9a3233ca387bca88861f/jaxb-core-4.0.3.jar:/home/kali/.gradle/caches/modules-2/files-2.1/io.swagger.core.v3/swagger-core-jakarta/2.2.15/6c85064b85f895b7f0c0819d950995274c0931a4/swagger-core-jakarta-2.2.15.jar:/home/kali/.gradle/caches/modules-2/files-2.1/jakarta.xml.bind/jakarta.xml.bind-api/4.0.1/ca2330866cbc624c7e5ce982e121db1125d23e15/jakarta.xml.bind-api-4.0.1.jar:/home/kali/.gradle/caches/modules-2/files-2.1/net.minidev/json-smart/2.4.11/cc5888f14a5768f254b97bafe8b9fd29b31e872e/json-smart-2.4.11.jar:/home/kali/.gradle/caches/modules-2/files-2.1/org.assertj/assertj-core/3.24.2/ebbf338e33f893139459ce5df023115971c2786f/assertj-core-3.24.2.jar:/home/kali/.gradle/caches/modules-2/files-2.1/org.hamcrest/hamcrest/2.2/1820c0968dba3a11a1b30669bb1f01978a91dedc/hamcrest-2.2.jar:/home/kali/.gradle/caches/modules-2/files-2.1/org.mockito/mockito-core/5.3.1/7cac313592a29ae5e29c52c22b15c3ae5ab561b2/mockito-core-5.3.1.jar:/home/kali/.gradle/caches/modules-2/files-2.1/org.skyscreamer/jsonassert/1.5.1/6d842d0faf4cf6725c509a5e5347d319ee0431c3/jsonassert-1.5.1.jar:/home/kali/.gradle/caches/modules-2/files-2.1/org.springframework/spring-test/6.0.13/144feb2ac323b51845cebcce92bc78ff396bbdbe/spring-test-6.0.13.jar:/home/kali/.gradle/caches/modules-2/files-2.1/org.springframework/spring-orm/6.0.13/604257dc4f28bf178c348a9e12068600838d61d2/spring-orm-6.0.13.jar:/home/kali/.gradle/caches/modules-2/files-2.1/org.springframework/spring-jdbc/6.0.13/67227f30eef525551983ad02071770ea685f2626/spring-jdbc-6.0.13.jar:/home/kali/.gradle/caches/modules-2/files-2.1/org.springframework.data/spring-data-commons/3.1.5/227d0b2dd185458c58e89b2a4696d1b752536a72/spring-data-commons-3.1.5.jar:/home/kali/.gradle/caches/modules-2/files-2.1/org.springframework/spring-tx/6.0.13/182219d97469f459e0c44033d5dc5260d042cfb/spring-tx-6.0.13.jar:/home/kali/.gradle/caches/modules-2/files-2.1/org.springframework/spring-beans/6.0.13/5b205c9f2fb07c1367db144ce7ab305f94300604/spring-beans-6.0.13.jar:/home/kali/.gradle/caches/modules-2/files-2.1/org.springframework/spring-expression/6.0.13/2bedffa4a3850bbbb652a31c47671824b17fbe01/spring-expression-6.0.13.jar:/home/kali/.gradle/caches/modules-2/files-2.1/org.springframework/spring-core/6.0.13/cd565c2408e37d2026822b871cd43e69da8ec40e/spring-core-6.0.13.jar:/home/kali/.gradle/caches/modules-2/files-2.1/org.xmlunit/xmlunit-core/2.9.1/e5833662d9a1279a37da3ef6f62a1da29fcd68c4/xmlunit-core-2.9.1.jar:/home/kali/.gradle/caches/modules-2/files-2.1/org.opentest4j/opentest4j/1.2.0/28c11eb91f9b6d8e200631d46e20a7f407f2a046/opentest4j-1.2.0.jar:/home/kali/.gradle/caches/modules-2/files-2.1/jakarta.annotation/jakarta.annotation-api/2.1.1/48b9bda22b091b1f48b13af03fe36db3be6e1ae3/jakarta.annotation-api-2.1.1.jar:/home/kali/.gradle/caches/modules-2/files-2.1/com.fasterxml.jackson.datatype/jackson-datatype-jdk8/2.15.3/80158cb020c7bd4e4ba94d8d752a65729dc943b2/jackson-datatype-jdk8-2.15.3.jar:/home/kali/.gradle/caches/modules-2/files-2.1/com.fasterxml.jackson.datatype/jackson-datatype-jsr310/2.15.3/4a20a0e104931bfa72f24ef358c2eb63f1ef2aaf/jackson-datatype-jsr310-2.15.3.jar:/home/kali/.gradle/caches/modules-2/files-2.1/com.fasterxml.jackson.module/jackson-module-parameter-names/2.15.3/8d251b90c5358677e7d8161e0c2488e6f84f49da/jackson-module-parameter-names-2.15.3.jar:/home/kali/.gradle/caches/modules-2/files-2.1/com.fasterxml.jackson.core/jackson-databind/2.15.3/a734bc2c47a9453c4efa772461a3aeb273c010d9/jackson-databind-2.15.3.jar:/home/kali/.gradle/caches/modules-2/files-2.1/io.swagger.core.v3/swagger-models-jakarta/2.2.15/664bc63998b703b3e695a00f502f6091b8c7815f/swagger-models-jakarta-2.2.15.jar:/home/kali/.gradle/caches/modules-2/files-2.1/com.fasterxml.jackson.core/jackson-annotations/2.15.3/79baf4e605eb3bbb60b1c475d44a7aecceea1d60/jackson-annotations-2.15.3.jar:/home/kali/.gradle/caches/modules-2/files-2.1/com.fasterxml.jackson.core/jackson-core/2.15.3/60d600567c1862840397bf9ff5a92398edc5797b/jackson-core-2.15.3.jar:/home/kali/.gradle/caches/modules-2/files-2.1/com.fasterxml.jackson.dataformat/jackson-dataformat-yaml/2.15.3/2c928259effc818986c7e46c58de5dbfee6ae4ac/jackson-dataformat-yaml-2.15.3.jar:/home/kali/.gradle/caches/modules-2/files-2.1/org.yaml/snakeyaml/1.33/2cd0a87ff7df953f810c344bdf2fe3340b954c69/snakeyaml-1.33.jar:/home/kali/.gradle/caches/modules-2/files-2.1/org.apache.tomcat.embed/tomcat-embed-websocket/10.1.15/14cc0999d4a5128dc9bb8862487aa8ed4cd7fcd8/tomcat-embed-websocket-10.1.15.jar:/home/kali/.gradle/caches/modules-2/files-2.1/org.apache.tomcat.embed/tomcat-embed-core/10.1.15/e3a725405f494abc0fd4f30263c2e6ad87052de1/tomcat-embed-core-10.1.15.jar:/home/kali/.gradle/caches/modules-2/files-2.1/org.apache.tomcat.embed/tomcat-embed-el/10.1.15/49e784ef48d5fc7bc48d7e2a7ceb57e88b4d58b7/tomcat-embed-el-10.1.15.jar:/home/kali/.gradle/caches/modules-2/files-2.1/io.micrometer/micrometer-observation/1.11.5/803f341121416365d1c438fe2a7290b146fadc92/micrometer-observation-1.11.5.jar:/home/kali/.gradle/caches/modules-2/files-2.1/org.aspectj/aspectjweaver/1.9.20/da562407e43f74c0f8f5f5df4065d85ec1736d01/aspectjweaver-1.9.20.jar:/home/kali/.gradle/caches/modules-2/files-2.1/com.zaxxer/HikariCP/5.0.1/a74c7f0a37046846e88d54f7cb6ea6d565c65f9c/HikariCP-5.0.1.jar:/home/kali/.gradle/caches/modules-2/files-2.1/jakarta.persistence/jakarta.persistence-api/3.1.0/66901fa1c373c6aff65c13791cc11da72060a8d6/jakarta.persistence-api-3.1.0.jar:/home/kali/.gradle/caches/modules-2/files-2.1/jakarta.transaction/jakarta.transaction-api/2.0.1/51a520e3fae406abb84e2e1148e6746ce3f80a1a/jakarta.transaction-api-2.0.1.jar:/home/kali/.gradle/caches/modules-2/files-2.1/org.jboss.logging/jboss-logging/3.5.3.Final/c88fc1d8a96d4c3491f55d4317458ccad53ca663/jboss-logging-3.5.3.Final.jar:/home/kali/.gradle/caches/modules-2/files-2.1/org.hibernate.common/hibernate-commons-annotations/6.0.6.Final/77a5f94b56d49508e0ee334751db5b78e5ccd50c/hibernate-commons-annotations-6.0.6.Final.jar:/home/kali/.gradle/caches/modules-2/files-2.1/io.smallrye/jandex/3.0.5/c548a4871b552292dbdd65409d3fda145c8925c1/jandex-3.0.5.jar:/home/kali/.gradle/caches/modules-2/files-2.1/com.fasterxml/classmate/1.5.1/3fe0bed568c62df5e89f4f174c101eab25345b6c/classmate-1.5.1.jar:/home/kali/.gradle/caches/modules-2/files-2.1/net.bytebuddy/byte-buddy/1.14.9/b69e7fff6c473d3ed2b489cdfd673a091fd94226/byte-buddy-1.14.9.jar:/home/kali/.gradle/caches/modules-2/files-2.1/jakarta.inject/jakarta.inject-api/2.0.1/4c28afe1991a941d7702fe1362c365f0a8641d1e/jakarta.inject-api-2.0.1.jar:/home/kali/.gradle/caches/modules-2/files-2.1/org.antlr/antlr4-runtime/4.10.1/10839f875928f59c622d675091d51a43ea0dc5f7/antlr4-runtime-4.10.1.jar:/home/kali/.gradle/caches/modules-2/files-2.1/org.slf4j/slf4j-api/2.0.9/7cf2726fdcfbc8610f9a71fb3ed639871f315340/slf4j-api-2.0.9.jar:/home/kali/.gradle/caches/modules-2/files-2.1/org.eclipse.angus/angus-activation/2.0.1/eaafaf4eb71b400e4136fc3a286f50e34a68ecb7/angus-activation-2.0.1.jar:/home/kali/.gradle/caches/modules-2/files-2.1/jakarta.activation/jakarta.activation-api/2.1.2/640c0d5aff45dbff1e1a1bc09673ff3a02b1ba12/jakarta.activation-api-2.1.2.jar:/home/kali/.gradle/caches/modules-2/files-2.1/net.minidev/accessors-smart/2.4.11/245ceca7bdf3190fbb977045c852d5f3c8efece1/accessors-smart-2.4.11.jar:/home/kali/.gradle/caches/modules-2/files-2.1/net.bytebuddy/byte-buddy-agent/1.14.9/dfb8707031008535048bad2b69735f46d0b6c5e5/byte-buddy-agent-1.14.9.jar:/home/kali/.gradle/caches/modules-2/files-2.1/org.objenesis/objenesis/3.3/1049c09f1de4331e8193e579448d0916d75b7631/objenesis-3.3.jar:/home/kali/.gradle/caches/modules-2/files-2.1/com.vaadin.external.google/android-json/0.0.20131108.vaadin1/fa26d351fe62a6a17f5cda1287c1c6110dec413f/android-json-0.0.20131108.vaadin1.jar:/home/kali/.gradle/caches/modules-2/files-2.1/org.springframework/spring-jcl/6.0.13/91ea90f2de4c71dac3cff04882156b00cdca3e0d/spring-jcl-6.0.13.jar:/home/kali/.gradle/caches/modules-2/files-2.1/org.springframework.security/spring-security-crypto/6.1.5/971a767ef1ef6bea94486ac944f0e17b143dc680/spring-security-crypto-6.1.5.jar:/home/kali/.gradle/caches/modules-2/files-2.1/io.micrometer/micrometer-commons/1.11.5/3e708f737ba2674823201a836b5858482b183902/micrometer-commons-1.11.5.jar:/home/kali/.gradle/caches/modules-2/files-2.1/org.ow2.asm/asm/9.3/8e6300ef51c1d801a7ed62d07cd221aca3a90640/asm-9.3.jar:/home/kali/.gradle/caches/modules-2/files-2.1/org.glassfish.jaxb/txw2/4.0.3/47b8fe31c6d1a3382203af919400527389e01e9c/txw2-4.0.3.jar:/home/kali/.gradle/caches/modules-2/files-2.1/com.sun.istack/istack-commons-runtime/4.1.2/18ec117c85f3ba0ac65409136afa8e42bc74e739/istack-commons-runtime-4.1.2.jar:/home/kali/.gradle/caches/modules-2/files-2.1/org.apache.commons/commons-lang3/3.12.0/c6842c86792ff03b9f1d1fe2aab8dc23aa6c6f0e/commons-lang3-3.12.0.jar:/home/kali/.gradle/caches/modules-2/files-2.1/io.swagger.core.v3/swagger-annotations-jakarta/2.2.15/951eda18dbce0397347056aceff38d02710ec866/swagger-annotations-jakarta-2.2.15.jar:/home/kali/.gradle/caches/modules-2/files-2.1/jakarta.validation/jakarta.validation-api/3.0.2/92b6631659ba35ca09e44874d3eb936edfeee532/jakarta.validation-api-3.0.2.jar:/home/kali/.gradle/wrapper/dists/gradle-8.4-bin/1w5dpkrfk8irigvoxmyhowfim/gradle-8.4/lib/plugins/junit-platform-engine-1.8.2.jar:/home/kali/.gradle/wrapper/dists/gradle-8.4-bin/1w5dpkrfk8irigvoxmyhowfim/gradle-8.4/lib/plugins/junit-platform-launcher-1.8.2.jar:/home/kali/.gradle/wrapper/dists/gradle-8.4-bin/1w5dpkrfk8irigvoxmyhowfim/gradle-8.4/lib/plugins/junit-platform-commons-1.8.2.jar, java.vm.vendor=Debian, sun.arch.data.model=64, user.variant=, swing.aatext=true, java.vendor.url=https://tracker.debian.org/openjdk-17, user.timezone=America/New_York, jakarta.persistence.sharedCache.mode=UNSPECIFIED, java.vm.specification.version=17, os.name=Linux, jakarta.persistence.nonJtaDataSource=HikariDataSource (HikariPool-1), user.country=US, sun.java.launcher=SUN_STANDARD, sun.boot.library.path=/usr/lib/jvm/java-17-openjdk-amd64/lib, sun.java.command=worker.org.gradle.process.internal.worker.GradleWorkerMain 'Gradle Test Executor 4', javax.persistence.nonJtaDataSource=HikariDataSource (HikariPool-1), hibernate.transaction.jta.platform=org.hibernate.engine.transaction.jta.platform.internal.NoJtaPlatform@2681185e, jdk.debug=release, sun.cpu.endian=little, hibernate.cdi.extensions=true, user.home=/home/kali, user.language=en, java.specification.vendor=Oracle Corporation, org.gradle.native=false, java.version.date=2023-10-17, java.home=/usr/lib/jvm/java-17-openjdk-amd64, file.separator=/, java.vm.compressedOopsMode=32-bit, line.separator=
, hibernate.persistenceUnitName=default, java.vm.specification.vendor=Oracle Corporation, java.specification.name=Java Platform API Specification, FILE_LOG_CHARSET=UTF-8, hibernate.transaction.coordinator_class=class org.hibernate.resource.transaction.backend.jdbc.internal.JdbcResourceLocalTransactionCoordinatorBuilderImpl, java.awt.headless=true, awt.useSystemAAFontSettings=on, jakarta.persistence.validation.mode=AUTO, hibernate.hbm2ddl.auto=create-drop, sun.management.compiler=HotSpot 64-Bit Tiered Compilers, java.runtime.version=17.0.9+9-Debian-1, user.name=kali, path.separator=:, os.version=6.5.0-kali2-amd64, java.runtime.name=OpenJDK Runtime Environment, file.encoding=UTF-8, java.vm.name=OpenJDK 64-Bit Server VM, hibernate.show_sql=true, java.vendor.url.bug=https://bugs.debian.org/openjdk-17, java.io.tmpdir=/tmp, com.zaxxer.hikari.pool_number=1, java.version=17.0.9, hibernate.physical_naming_strategy=org.hibernate.boot.model.naming.CamelCaseToUnderscoresNamingStrategy, user.dir=/home/kali/Toolbox3/Projet/TestBackend, os.arch=amd64, java.vm.specification.name=Java Virtual Machine Specification, PID=15992, org.gradle.internal.worker.tmpdir=/home/kali/Toolbox3/Projet/TestBackend/build/tmp/test/work, CONSOLE_LOG_CHARSET=UTF-8, hibernate.boot.CfgXmlAccessService.key=org.hibernate.boot.registry.StandardServiceRegistryBuilder$1@41f5389f, native.encoding=UTF-8, java.library.path=/usr/java/packages/lib:/usr/lib/x86_64-linux-gnu/jni:/lib/x86_64-linux-gnu:/usr/lib/x86_64-linux-gnu:/usr/lib/jni:/lib:/usr/lib, java.vendor=Debian, java.vm.info=mixed mode, sharing, java.vm.version=17.0.9+9-Debian-1, hibernate.bytecode.use_reflection_optimizer=true, sun.io.unicode.encoding=UnicodeLittle, hibernate.archive.scanner=org.hibernate.boot.archive.scan.internal.DisabledScanner, hibernate.connection.datasource=HikariDataSource (HikariPool-1), java.class.version=61.0}
10:22:20.507 [Test worker] TRACE org.hibernate.engine.jdbc.env.internal.NormalizingIdentifierHelperImpl - Normalizing identifier quoting [null]
10:22:20.507 [Test worker] TRACE org.hibernate.engine.jdbc.env.internal.NormalizingIdentifierHelperImpl - Normalizing identifier quoting [null]
10:22:20.507 [Test worker] TRACE org.hibernate.service.internal.AbstractServiceRegistryImpl - Initializing service [role=org.hibernate.cache.spi.CacheImplementor]
10:22:20.511 [Test worker] DEBUG org.hibernate.internal.SessionFactoryImpl - Session factory constructed with filter configurations : {}
10:22:20.517 [Test worker] DEBUG org.hibernate.boot.beanvalidation.TypeSafeActivator - Unable to acquire Bean Validation ValidatorFactory, skipping activation
10:22:20.542 [Test worker] DEBUG org.hibernate.query.sqm.function.SqmFunctionRegistry - Registered SqmFunctionTemplate [NamedSqmFunctionTemplate(max)] under max; prior registration was null
10:22:20.542 [Test worker] DEBUG org.hibernate.query.sqm.function.SqmFunctionRegistry - Registered SqmFunctionTemplate [NamedSqmFunctionTemplate(min)] under min; prior registration was null
10:22:20.542 [Test worker] DEBUG org.hibernate.query.sqm.function.SqmFunctionRegistry - Registered SqmFunctionTemplate [NamedSqmFunctionTemplate(sum)] under sum; prior registration was null
10:22:20.543 [Test worker] DEBUG org.hibernate.query.sqm.function.SqmFunctionRegistry - Registered SqmFunctionTemplate [NamedSqmFunctionTemplate(avg)] under avg; prior registration was null
10:22:20.543 [Test worker] DEBUG org.hibernate.query.sqm.function.SqmFunctionRegistry - Registered SqmFunctionTemplate [org.hibernate.dialect.function.CountFunction@600e2000] under count; prior registration was null
10:22:20.545 [Test worker] DEBUG org.hibernate.query.sqm.function.SqmFunctionRegistry - Registered SqmFunctionTemplate [org.hibernate.dialect.function.EveryAnyEmulation@38834000] under every; prior registration was null
10:22:20.545 [Test worker] DEBUG org.hibernate.query.sqm.function.SqmFunctionRegistry - Registered SqmFunctionTemplate [org.hibernate.dialect.function.EveryAnyEmulation@5b72b13a] under any; prior registration was null
10:22:20.546 [Test worker] DEBUG org.hibernate.query.sqm.function.SqmFunctionRegistry - Registered SqmFunctionTemplate [NamedSqmFunctionTemplate(floor)] under floor; prior registration was null
10:22:20.546 [Test worker] DEBUG org.hibernate.query.sqm.function.SqmFunctionRegistry - Registered SqmFunctionTemplate [NamedSqmFunctionTemplate(ceiling)] under ceiling; prior registration was null
10:22:20.546 [Test worker] DEBUG org.hibernate.query.sqm.function.SqmFunctionRegistry - Registered SqmFunctionTemplate [NamedSqmFunctionTemplate(mod)] under mod; prior registration was null
10:22:20.546 [Test worker] DEBUG org.hibernate.query.sqm.function.SqmFunctionRegistry - Registered SqmFunctionTemplate [NamedSqmFunctionTemplate(abs)] under abs; prior registration was null
10:22:20.546 [Test worker] DEBUG org.hibernate.query.sqm.function.SqmFunctionRegistry - Registered SqmFunctionTemplate [NamedSqmFunctionTemplate(sign)] under sign; prior registration was null
10:22:20.546 [Test worker] DEBUG org.hibernate.query.sqm.function.SqmFunctionRegistry - Registered SqmFunctionTemplate [NamedSqmFunctionTemplate(sqrt)] under sqrt; prior registration was null
10:22:20.546 [Test worker] DEBUG org.hibernate.query.sqm.function.SqmFunctionRegistry - Registered SqmFunctionTemplate [NamedSqmFunctionTemplate(ln)] under ln; prior registration was null
10:22:20.546 [Test worker] DEBUG org.hibernate.query.sqm.function.SqmFunctionRegistry - Registered SqmFunctionTemplate [NamedSqmFunctionTemplate(exp)] under exp; prior registration was null
10:22:20.547 [Test worker] DEBUG org.hibernate.query.sqm.function.SqmFunctionRegistry - Registered SqmFunctionTemplate [NamedSqmFunctionTemplate(power)] under power; prior registration was null
10:22:20.547 [Test worker] DEBUG org.hibernate.query.sqm.function.SqmFunctionRegistry - Registered SqmFunctionTemplate [NamedSqmFunctionTemplate(round)] under round; prior registration was null
10:22:20.548 [Test worker] DEBUG org.hibernate.query.sqm.function.SqmFunctionRegistry - Registered SqmFunctionTemplate [NamedSqmFunctionTemplate(sin)] under sin; prior registration was null
10:22:20.548 [Test worker] DEBUG org.hibernate.query.sqm.function.SqmFunctionRegistry - Registered SqmFunctionTemplate [NamedSqmFunctionTemplate(cos)] under cos; prior registration was null
10:22:20.548 [Test worker] DEBUG org.hibernate.query.sqm.function.SqmFunctionRegistry - Registered SqmFunctionTemplate [NamedSqmFunctionTemplate(tan)] under tan; prior registration was null
10:22:20.548 [Test worker] DEBUG org.hibernate.query.sqm.function.SqmFunctionRegistry - Registered SqmFunctionTemplate [NamedSqmFunctionTemplate(asin)] under asin; prior registration was null
10:22:20.548 [Test worker] DEBUG org.hibernate.query.sqm.function.SqmFunctionRegistry - Registered SqmFunctionTemplate [NamedSqmFunctionTemplate(acos)] under acos; prior registration was null
10:22:20.548 [Test worker] DEBUG org.hibernate.query.sqm.function.SqmFunctionRegistry - Registered SqmFunctionTemplate [NamedSqmFunctionTemplate(atan)] under atan; prior registration was null
10:22:20.548 [Test worker] DEBUG org.hibernate.query.sqm.function.SqmFunctionRegistry - Registered SqmFunctionTemplate [NamedSqmFunctionTemplate(atan2)] under atan2; prior registration was null
10:22:20.550 [Test worker] DEBUG org.hibernate.query.sqm.function.SqmFunctionRegistry - Registered SqmFunctionTemplate [org.hibernate.query.sqm.function.PatternBasedSqmFunctionDescriptor@73b10975] under sinh; prior registration was null
10:22:20.550 [Test worker] DEBUG org.hibernate.query.sqm.function.SqmFunctionRegistry - Registered SqmFunctionTemplate [org.hibernate.query.sqm.function.PatternBasedSqmFunctionDescriptor@6318ff9] under cosh; prior registration was null
10:22:20.550 [Test worker] DEBUG org.hibernate.query.sqm.function.SqmFunctionRegistry - Registered SqmFunctionTemplate [org.hibernate.query.sqm.function.PatternBasedSqmFunctionDescriptor@69b80603] under tanh; prior registration was null
10:22:20.550 [Test worker] DEBUG org.hibernate.query.sqm.function.SqmFunctionRegistry - Registered SqmFunctionTemplate [org.hibernate.query.sqm.function.PatternBasedSqmFunctionDescriptor@5655278d] under pi; prior registration was null
10:22:20.550 [Test worker] DEBUG org.hibernate.query.sqm.function.SqmFunctionRegistry - Registered SqmFunctionTemplate [org.hibernate.query.sqm.function.PatternBasedSqmFunctionDescriptor@2dd46693] under log; prior registration was null
10:22:20.550 [Test worker] DEBUG org.hibernate.query.sqm.function.SqmFunctionRegistry - Registered SqmFunctionTemplate [NamedSqmFunctionTemplate(coalesce)] under coalesce; prior registration was null
10:22:20.551 [Test worker] DEBUG org.hibernate.query.sqm.function.SqmFunctionRegistry - Registered SqmFunctionTemplate [NamedSqmFunctionTemplate(nullif)] under nullif; prior registration was null
10:22:20.551 [Test worker] DEBUG org.hibernate.query.sqm.function.SqmFunctionRegistry - Registered SqmFunctionTemplate [NamedSqmFunctionTemplate(left)] under left; prior registration was null
10:22:20.551 [Test worker] DEBUG org.hibernate.query.sqm.function.SqmFunctionRegistry - Registered SqmFunctionTemplate [NamedSqmFunctionTemplate(right)] under right; prior registration was null
10:22:20.551 [Test worker] DEBUG org.hibernate.query.sqm.function.SqmFunctionRegistry - Registered SqmFunctionTemplate [NamedSqmFunctionTemplate(replace)] under replace; prior registration was null
10:22:20.553 [Test worker] DEBUG org.hibernate.query.sqm.function.SqmFunctionRegistry - Registered SqmFunctionTemplate [NamedSqmFunctionTemplate(concat)] under concat; prior registration was null
10:22:20.553 [Test worker] DEBUG org.hibernate.query.sqm.function.SqmFunctionRegistry - Registered SqmFunctionTemplate [NamedSqmFunctionTemplate(lower)] under lower; prior registration was null
10:22:20.553 [Test worker] DEBUG org.hibernate.query.sqm.function.SqmFunctionRegistry - Registered SqmFunctionTemplate [NamedSqmFunctionTemplate(upper)] under upper; prior registration was null
10:22:20.553 [Test worker] DEBUG org.hibernate.query.sqm.function.SqmFunctionRegistry - Registered SqmFunctionTemplate [NamedSqmFunctionTemplate(substring)] under substring; prior registration was null
10:22:20.553 [Test worker] DEBUG org.hibernate.query.sqm.function.SqmFunctionRegistry - Registered SqmFunctionTemplate [NamedSqmFunctionTemplate(locate)] under locate; prior registration was null
10:22:20.553 [Test worker] DEBUG org.hibernate.query.sqm.function.SqmFunctionRegistry - Registered SqmFunctionTemplate [NamedSqmFunctionTemplate(character_length)] under character_length; prior registration was null
10:22:20.553 [Test worker] DEBUG org.hibernate.query.sqm.function.SqmFunctionRegistry - Registering alternate key : length -> character_length
10:22:20.555 [Test worker] DEBUG org.hibernate.query.sqm.function.SqmFunctionRegistry - Registered SqmFunctionTemplate [org.hibernate.dialect.function.LocatePositionEmulation@3f2d2f22] under position; prior registration was null
10:22:20.558 [Test worker] DEBUG org.hibernate.query.sqm.function.SqmFunctionRegistry - Registered SqmFunctionTemplate [org.hibernate.dialect.function.InsertSubstringOverlayEmulation@5b2ade46] under overlay; prior registration was null
10:22:20.559 [Test worker] DEBUG org.hibernate.query.sqm.function.SqmFunctionRegistry - Registered SqmFunctionTemplate [org.hibernate.dialect.function.TrimFunction@1f6ba47b] under trim; prior registration was null
10:22:20.560 [Test worker] DEBUG org.hibernate.query.sqm.function.SqmFunctionRegistry - Registered SqmFunctionTemplate [org.hibernate.dialect.function.CastFunction@42257df7] under cast; prior registration was null
10:22:20.561 [Test worker] DEBUG org.hibernate.query.sqm.function.SqmFunctionRegistry - Registered SqmFunctionTemplate [org.hibernate.query.sqm.function.PatternBasedSqmFunctionDescriptor@7b11ff9a] under collate; prior registration was null
10:22:20.562 [Test worker] DEBUG org.hibernate.query.sqm.function.SqmFunctionRegistry - Registered SqmFunctionTemplate [org.hibernate.dialect.function.ExtractFunction@4b4bc73d] under extract; prior registration was null
10:22:20.562 [Test worker] DEBUG org.hibernate.query.sqm.function.SqmFunctionRegistry - Registered SqmFunctionTemplate [NamedSqmFunctionTemplate(least)] under least; prior registration was null
10:22:20.562 [Test worker] DEBUG org.hibernate.query.sqm.function.SqmFunctionRegistry - Registered SqmFunctionTemplate [NamedSqmFunctionTemplate(greatest)] under greatest; prior registration was null
10:22:20.562 [Test worker] DEBUG org.hibernate.query.sqm.function.SqmFunctionRegistry - Registered SqmFunctionTemplate [org.hibernate.dialect.function.CoalesceIfnullEmulation@2823b7c5] under ifnull; prior registration was null
10:22:20.562 [Test worker] DEBUG org.hibernate.query.sqm.function.SqmFunctionRegistry - Registered SqmFunctionTemplate [NamedSqmFunctionTemplate(lpad)] under lpad; prior registration was null
10:22:20.562 [Test worker] DEBUG org.hibernate.query.sqm.function.SqmFunctionRegistry - Registered SqmFunctionTemplate [NamedSqmFunctionTemplate(rpad)] under rpad; prior registration was null
10:22:20.563 [Test worker] DEBUG org.hibernate.query.sqm.function.SqmFunctionRegistry - Registered SqmFunctionTemplate [org.hibernate.dialect.function.LpadRpadPadEmulation@40f15786] under pad; prior registration was null
10:22:20.563 [Test worker] DEBUG org.hibernate.query.sqm.function.SqmFunctionRegistry - Registered SqmFunctionTemplate [org.hibernate.dialect.function.CastStrEmulation@b53ce18] under str; prior registration was null
10:22:20.566 [Test worker] DEBUG org.hibernate.query.sqm.function.SqmFunctionRegistry - Registered SqmFunctionTemplate [org.hibernate.dialect.function.FormatFunction@49f9758] under format; prior registration was null
10:22:20.567 [Test worker] DEBUG org.hibernate.query.sqm.function.SqmFunctionRegistry - Registered SqmFunctionTemplate [org.hibernate.dialect.function.TimestampaddFunction@ff1a5a0] under timestampadd; prior registration was null
10:22:20.568 [Test worker] DEBUG org.hibernate.query.sqm.function.SqmFunctionRegistry - Registered SqmFunctionTemplate [org.hibernate.dialect.function.TimestampdiffFunction@5d10df04] under timestampdiff; prior registration was null
10:22:20.568 [Test worker] DEBUG org.hibernate.query.sqm.function.SqmFunctionRegistry - Registering alternate key : dateadd -> timestampadd
10:22:20.568 [Test worker] DEBUG org.hibernate.query.sqm.function.SqmFunctionRegistry - Registering alternate key : datediff -> timestampdiff
10:22:20.569 [Test worker] DEBUG org.hibernate.query.sqm.function.SqmFunctionRegistry - Registered SqmFunctionTemplate [org.hibernate.dialect.function.CurrentFunction@6c4e486e] under current_date; prior registration was null
10:22:20.569 [Test worker] DEBUG org.hibernate.query.sqm.function.SqmFunctionRegistry - Registered SqmFunctionTemplate [org.hibernate.dialect.function.CurrentFunction@27ac3b6d] under current_time; prior registration was null
10:22:20.569 [Test worker] DEBUG org.hibernate.query.sqm.function.SqmFunctionRegistry - Registered SqmFunctionTemplate [org.hibernate.dialect.function.CurrentFunction@598f1faf] under current_timestamp; prior registration was null
10:22:20.569 [Test worker] DEBUG org.hibernate.query.sqm.function.SqmFunctionRegistry - Registering alternate key : current date -> current_date
10:22:20.569 [Test worker] DEBUG org.hibernate.query.sqm.function.SqmFunctionRegistry - Registering alternate key : current time -> current_time
10:22:20.569 [Test worker] DEBUG org.hibernate.query.sqm.function.SqmFunctionRegistry - Registering alternate key : current timestamp -> current_timestamp
10:22:20.569 [Test worker] DEBUG org.hibernate.query.sqm.function.SqmFunctionRegistry - Registered SqmFunctionTemplate [org.hibernate.dialect.function.CurrentFunction@464abed] under local_date; prior registration was null
10:22:20.569 [Test worker] DEBUG org.hibernate.query.sqm.function.SqmFunctionRegistry - Registered SqmFunctionTemplate [org.hibernate.dialect.function.CurrentFunction@1af78e37] under local_time; prior registration was null
10:22:20.569 [Test worker] DEBUG org.hibernate.query.sqm.function.SqmFunctionRegistry - Registered SqmFunctionTemplate [org.hibernate.dialect.function.CurrentFunction@5c46a957] under local_datetime; prior registration was null
10:22:20.569 [Test worker] DEBUG org.hibernate.query.sqm.function.SqmFunctionRegistry - Registered SqmFunctionTemplate [org.hibernate.dialect.function.CurrentFunction@7d95a717] under offset_datetime; prior registration was null
10:22:20.569 [Test worker] DEBUG org.hibernate.query.sqm.function.SqmFunctionRegistry - Registering alternate key : local date -> local_date
10:22:20.570 [Test worker] DEBUG org.hibernate.query.sqm.function.SqmFunctionRegistry - Registering alternate key : local time -> local_time
10:22:20.572 [Test worker] DEBUG org.hibernate.query.sqm.function.SqmFunctionRegistry - Registering alternate key : local datetime -> local_datetime
10:22:20.572 [Test worker] DEBUG org.hibernate.query.sqm.function.SqmFunctionRegistry - Registering alternate key : offset datetime -> offset_datetime
10:22:20.572 [Test worker] DEBUG org.hibernate.query.sqm.function.SqmFunctionRegistry - Registered SqmFunctionTemplate [org.hibernate.dialect.function.CurrentFunction@5c0f508b] under instant; prior registration was null
10:22:20.572 [Test worker] DEBUG org.hibernate.query.sqm.function.SqmFunctionRegistry - Registering alternate key : current_instant -> instant
10:22:20.574 [Test worker] DEBUG org.hibernate.query.sqm.function.SqmFunctionRegistry - Registered SqmFunctionTemplate [org.hibernate.dialect.function.SqlFunction@659ac28c] under sql; prior registration was null
10:22:20.574 [Test worker] DEBUG org.hibernate.query.sqm.function.SqmFunctionRegistry - Registered SqmFunctionTemplate [NamedSqmFunctionTemplate(max)] under max; prior registration was NamedSqmFunctionTemplate(max)
10:22:20.574 [Test worker] DEBUG org.hibernate.query.sqm.function.SqmFunctionRegistry - Registered SqmFunctionTemplate [NamedSqmFunctionTemplate(min)] under min; prior registration was NamedSqmFunctionTemplate(min)
10:22:20.574 [Test worker] DEBUG org.hibernate.query.sqm.function.SqmFunctionRegistry - Registered SqmFunctionTemplate [NamedSqmFunctionTemplate(sum)] under sum; prior registration was NamedSqmFunctionTemplate(sum)
10:22:20.574 [Test worker] DEBUG org.hibernate.query.sqm.function.SqmFunctionRegistry - Registered SqmFunctionTemplate [NamedSqmFunctionTemplate(avg)] under avg; prior registration was NamedSqmFunctionTemplate(avg)
10:22:20.574 [Test worker] DEBUG org.hibernate.query.sqm.function.SqmFunctionRegistry - Registered SqmFunctionTemplate [org.hibernate.dialect.function.CountFunction@60688a97] under count; prior registration was org.hibernate.dialect.function.CountFunction@600e2000
10:22:20.575 [Test worker] DEBUG org.hibernate.query.sqm.function.SqmFunctionRegistry - Registered SqmFunctionTemplate [org.hibernate.dialect.function.AvgFunction@4a0ee0ba] under avg; prior registration was NamedSqmFunctionTemplate(avg)
10:22:20.575 [Test worker] DEBUG org.hibernate.query.sqm.function.SqmFunctionRegistry - Registered SqmFunctionTemplate [NamedSqmFunctionTemplate(pi)] under pi; prior registration was org.hibernate.query.sqm.function.PatternBasedSqmFunctionDescriptor@5655278d
10:22:20.575 [Test worker] DEBUG org.hibernate.query.sqm.function.SqmFunctionRegistry - Registered SqmFunctionTemplate [NamedSqmFunctionTemplate(cot)] under cot; prior registration was null
10:22:20.575 [Test worker] DEBUG org.hibernate.query.sqm.function.SqmFunctionRegistry - Registered SqmFunctionTemplate [NamedSqmFunctionTemplate(radians)] under radians; prior registration was null
10:22:20.575 [Test worker] DEBUG org.hibernate.query.sqm.function.SqmFunctionRegistry - Registered SqmFunctionTemplate [NamedSqmFunctionTemplate(degrees)] under degrees; prior registration was null
10:22:20.575 [Test worker] DEBUG org.hibernate.query.sqm.function.SqmFunctionRegistry - Registered SqmFunctionTemplate [NamedSqmFunctionTemplate(log10)] under log10; prior registration was null
10:22:20.575 [Test worker] DEBUG org.hibernate.query.sqm.function.SqmFunctionRegistry - Registered SqmFunctionTemplate [org.hibernate.query.sqm.function.PatternBasedSqmFunctionDescriptor@1b984ba5] under mod; prior registration was NamedSqmFunctionTemplate(mod)
10:22:20.575 [Test worker] DEBUG org.hibernate.query.sqm.function.SqmFunctionRegistry - Registered SqmFunctionTemplate [NamedSqmFunctionTemplate(rand)] under rand; prior registration was null
10:22:20.575 [Test worker] DEBUG org.hibernate.query.sqm.function.SqmFunctionRegistry - Registered SqmFunctionTemplate [NamedSqmFunctionTemplate(soundex)] under soundex; prior registration was null
10:22:20.575 [Test worker] DEBUG org.hibernate.query.sqm.function.SqmFunctionRegistry - Registered SqmFunctionTemplate [NamedSqmFunctionTemplate(translate)] under translate; prior registration was null
10:22:20.575 [Test worker] DEBUG org.hibernate.query.sqm.function.SqmFunctionRegistry - Registered SqmFunctionTemplate [NamedSqmFunctionTemplate(bitand)] under bitand; prior registration was null
10:22:20.575 [Test worker] DEBUG org.hibernate.query.sqm.function.SqmFunctionRegistry - Registered SqmFunctionTemplate [NamedSqmFunctionTemplate(bitor)] under bitor; prior registration was null
10:22:20.575 [Test worker] DEBUG org.hibernate.query.sqm.function.SqmFunctionRegistry - Registered SqmFunctionTemplate [NamedSqmFunctionTemplate(bitxor)] under bitxor; prior registration was null
10:22:20.575 [Test worker] DEBUG org.hibernate.query.sqm.function.SqmFunctionRegistry - Registered SqmFunctionTemplate [NamedSqmFunctionTemplate(bit_and)] under bit_and; prior registration was null
10:22:20.575 [Test worker] DEBUG org.hibernate.query.sqm.function.SqmFunctionRegistry - Registered SqmFunctionTemplate [NamedSqmFunctionTemplate(bit_or)] under bit_or; prior registration was null
10:22:20.575 [Test worker] DEBUG org.hibernate.query.sqm.function.SqmFunctionRegistry - Registered SqmFunctionTemplate [NamedSqmFunctionTemplate(day)] under day; prior registration was null
10:22:20.575 [Test worker] DEBUG org.hibernate.query.sqm.function.SqmFunctionRegistry - Registered SqmFunctionTemplate [NamedSqmFunctionTemplate(month)] under month; prior registration was null
10:22:20.575 [Test worker] DEBUG org.hibernate.query.sqm.function.SqmFunctionRegistry - Registered SqmFunctionTemplate [NamedSqmFunctionTemplate(year)] under year; prior registration was null
10:22:20.575 [Test worker] DEBUG org.hibernate.query.sqm.function.SqmFunctionRegistry - Registered SqmFunctionTemplate [NamedSqmFunctionTemplate(hour)] under hour; prior registration was null
10:22:20.575 [Test worker] DEBUG org.hibernate.query.sqm.function.SqmFunctionRegistry - Registered SqmFunctionTemplate [NamedSqmFunctionTemplate(minute)] under minute; prior registration was null
10:22:20.575 [Test worker] DEBUG org.hibernate.query.sqm.function.SqmFunctionRegistry - Registered SqmFunctionTemplate [NamedSqmFunctionTemplate(second)] under second; prior registration was null
10:22:20.575 [Test worker] DEBUG org.hibernate.query.sqm.function.SqmFunctionRegistry - Registered SqmFunctionTemplate [NamedSqmFunctionTemplate(microsecond)] under microsecond; prior registration was null
10:22:20.575 [Test worker] DEBUG org.hibernate.query.sqm.function.SqmFunctionRegistry - Registered SqmFunctionTemplate [NamedSqmFunctionTemplate(day_of_week)] under day_of_week; prior registration was null
10:22:20.575 [Test worker] DEBUG org.hibernate.query.sqm.function.SqmFunctionRegistry - Registered SqmFunctionTemplate [NamedSqmFunctionTemplate(day_of_month)] under day_of_month; prior registration was null
10:22:20.575 [Test worker] DEBUG org.hibernate.query.sqm.function.SqmFunctionRegistry - Registering alternate key : day -> day_of_month
10:22:20.575 [Test worker] DEBUG org.hibernate.query.sqm.function.SqmFunctionRegistry - Registered SqmFunctionTemplate [NamedSqmFunctionTemplate(day_of_year)] under day_of_year; prior registration was null
10:22:20.575 [Test worker] DEBUG org.hibernate.query.sqm.function.SqmFunctionRegistry - Registered SqmFunctionTemplate [NamedSqmFunctionTemplate(week)] under week; prior registration was null
10:22:20.575 [Test worker] DEBUG org.hibernate.query.sqm.function.SqmFunctionRegistry - Registered SqmFunctionTemplate [NamedSqmFunctionTemplate(quarter)] under quarter; prior registration was null
10:22:20.575 [Test worker] DEBUG org.hibernate.query.sqm.function.SqmFunctionRegistry - Registered SqmFunctionTemplate [NamedSqmFunctionTemplate(monthname)] under monthname; prior registration was null
10:22:20.575 [Test worker] DEBUG org.hibernate.query.sqm.function.SqmFunctionRegistry - Registered SqmFunctionTemplate [NamedSqmFunctionTemplate(dayname)] under dayname; prior registration was null
10:22:20.575 [Test worker] DEBUG org.hibernate.query.sqm.function.SqmFunctionRegistry - Registered SqmFunctionTemplate [NamedSqmFunctionTemplate(localtime)] under localtime; prior registration was null
10:22:20.575 [Test worker] DEBUG org.hibernate.query.sqm.function.SqmFunctionRegistry - Registered SqmFunctionTemplate [NamedSqmFunctionTemplate(localtimestamp)] under localtimestamp; prior registration was null
10:22:20.575 [Test worker] DEBUG org.hibernate.query.sqm.function.SqmFunctionRegistry - Registered SqmFunctionTemplate [NamedSqmFunctionTemplate(localtime)] under local_time; prior registration was org.hibernate.dialect.function.CurrentFunction@1af78e37
10:22:20.575 [Test worker] DEBUG org.hibernate.query.sqm.function.SqmFunctionRegistry - Registered SqmFunctionTemplate [NamedSqmFunctionTemplate(localtimestamp)] under local_datetime; prior registration was org.hibernate.dialect.function.CurrentFunction@5c46a957
10:22:20.577 [Test worker] DEBUG org.hibernate.query.sqm.function.SqmFunctionRegistry - Registered SqmFunctionTemplate [org.hibernate.dialect.function.TruncFunction@18356951] under trunc; prior registration was null
10:22:20.577 [Test worker] DEBUG org.hibernate.query.sqm.function.SqmFunctionRegistry - Registering alternate key : truncate -> trunc
10:22:20.577 [Test worker] DEBUG org.hibernate.query.sqm.function.SqmFunctionRegistry - Registered SqmFunctionTemplate [org.hibernate.query.sqm.function.PatternBasedSqmFunctionDescriptor@53335328] under date_trunc; prior registration was null
10:22:20.577 [Test worker] DEBUG org.hibernate.query.sqm.function.SqmFunctionRegistry - Registered SqmFunctionTemplate [NamedSqmFunctionTemplate(bit_length)] under bit_length; prior registration was null
10:22:20.577 [Test worker] DEBUG org.hibernate.query.sqm.function.SqmFunctionRegistry - Registered SqmFunctionTemplate [NamedSqmFunctionTemplate(octet_length)] under octet_length; prior registration was null
10:22:20.577 [Test worker] DEBUG org.hibernate.query.sqm.function.SqmFunctionRegistry - Registered SqmFunctionTemplate [NamedSqmFunctionTemplate(ascii)] under ascii; prior registration was null
10:22:20.577 [Test worker] DEBUG org.hibernate.query.sqm.function.SqmFunctionRegistry - Registered SqmFunctionTemplate [NamedSqmFunctionTemplate(octet_length)] under octet_length; prior registration was NamedSqmFunctionTemplate(octet_length)
10:22:20.577 [Test worker] DEBUG org.hibernate.query.sqm.function.SqmFunctionRegistry - Registered SqmFunctionTemplate [NamedSqmFunctionTemplate(space)] under space; prior registration was null
10:22:20.577 [Test worker] DEBUG org.hibernate.query.sqm.function.SqmFunctionRegistry - Registered SqmFunctionTemplate [NamedSqmFunctionTemplate(repeat)] under repeat; prior registration was null
10:22:20.577 [Test worker] DEBUG org.hibernate.query.sqm.function.SqmFunctionRegistry - Registered SqmFunctionTemplate [NamedSqmFunctionTemplate(char)] under char; prior registration was null
10:22:20.577 [Test worker] DEBUG org.hibernate.query.sqm.function.SqmFunctionRegistry - Registering alternate key : chr -> char
10:22:20.577 [Test worker] DEBUG org.hibernate.query.sqm.function.SqmFunctionRegistry - Registered SqmFunctionTemplate [NamedSqmFunctionTemplate(instr)] under instr; prior registration was null
10:22:20.577 [Test worker] DEBUG org.hibernate.query.sqm.function.SqmFunctionRegistry - Registered SqmFunctionTemplate [NamedSqmFunctionTemplate(substr)] under substr; prior registration was null
10:22:20.579 [Test worker] DEBUG org.hibernate.query.sqm.function.SqmFunctionRegistry - Registered SqmFunctionTemplate [org.hibernate.query.sqm.function.PatternBasedSqmFunctionDescriptor@3a0b6aff] under position; prior registration was org.hibernate.dialect.function.LocatePositionEmulation@3f2d2f22
10:22:20.579 [Test worker] DEBUG org.hibernate.query.sqm.function.SqmFunctionRegistry - Registered SqmFunctionTemplate [NamedSqmFunctionTemplate(ltrim)] under ltrim; prior registration was null
10:22:20.580 [Test worker] DEBUG org.hibernate.query.sqm.function.SqmFunctionRegistry - Registered SqmFunctionTemplate [NamedSqmFunctionTemplate(rtrim)] under rtrim; prior registration was null
10:22:20.580 [Test worker] DEBUG org.hibernate.query.sqm.function.SqmFunctionRegistry - Registered SqmFunctionTemplate [org.hibernate.query.sqm.function.PatternBasedSqmFunctionDescriptor@f1e1d66] under concat; prior registration was NamedSqmFunctionTemplate(concat)
10:22:20.580 [Test worker] DEBUG org.hibernate.query.sqm.function.SqmFunctionRegistry - Registered SqmFunctionTemplate [NamedSqmFunctionTemplate(curtime)] under curtime; prior registration was null
10:22:20.580 [Test worker] DEBUG org.hibernate.query.sqm.function.SqmFunctionRegistry - Registered SqmFunctionTemplate [NamedSqmFunctionTemplate(curdate)] under curdate; prior registration was null
10:22:20.580 [Test worker] DEBUG org.hibernate.query.sqm.function.SqmFunctionRegistry - Registered SqmFunctionTemplate [NamedSqmFunctionTemplate(now)] under now; prior registration was null
10:22:20.580 [Test worker] DEBUG org.hibernate.query.sqm.function.SqmFunctionRegistry - Registered SqmFunctionTemplate [NamedSqmFunctionTemplate(sysdate)] under sysdate; prior registration was null
10:22:20.580 [Test worker] DEBUG org.hibernate.query.sqm.function.SqmFunctionRegistry - Registered SqmFunctionTemplate [NamedSqmFunctionTemplate(insert)] under insert; prior registration was null
10:22:20.580 [Test worker] DEBUG org.hibernate.query.sqm.function.SqmFunctionRegistry - Registered SqmFunctionTemplate [NamedSqmFunctionTemplate(bool_and)] under bool_and; prior registration was null
10:22:20.580 [Test worker] DEBUG org.hibernate.query.sqm.function.SqmFunctionRegistry - Registering alternate key : every -> bool_and
10:22:20.580 [Test worker] DEBUG org.hibernate.query.sqm.function.SqmFunctionRegistry - Registered SqmFunctionTemplate [NamedSqmFunctionTemplate(bool_or)] under bool_or; prior registration was null
10:22:20.580 [Test worker] DEBUG org.hibernate.query.sqm.function.SqmFunctionRegistry - Registering alternate key : any -> bool_or
10:22:20.580 [Test worker] DEBUG org.hibernate.query.sqm.function.SqmFunctionRegistry - Registered SqmFunctionTemplate [NamedSqmFunctionTemplate(median)] under median; prior registration was null
10:22:20.580 [Test worker] DEBUG org.hibernate.query.sqm.function.SqmFunctionRegistry - Registered SqmFunctionTemplate [NamedSqmFunctionTemplate(stddev_pop)] under stddev_pop; prior registration was null
10:22:20.580 [Test worker] DEBUG org.hibernate.query.sqm.function.SqmFunctionRegistry - Registered SqmFunctionTemplate [NamedSqmFunctionTemplate(stddev_samp)] under stddev_samp; prior registration was null
10:22:20.580 [Test worker] DEBUG org.hibernate.query.sqm.function.SqmFunctionRegistry - Registered SqmFunctionTemplate [NamedSqmFunctionTemplate(var_pop)] under var_pop; prior registration was null
10:22:20.580 [Test worker] DEBUG org.hibernate.query.sqm.function.SqmFunctionRegistry - Registered SqmFunctionTemplate [NamedSqmFunctionTemplate(var_samp)] under var_samp; prior registration was null
10:22:20.580 [Test worker] DEBUG org.hibernate.query.sqm.function.SqmFunctionRegistry - Registered SqmFunctionTemplate [org.hibernate.dialect.function.FormatFunction@3cd28235] under format; prior registration was org.hibernate.dialect.function.FormatFunction@49f9758
10:22:20.580 [Test worker] DEBUG org.hibernate.query.sqm.function.SqmFunctionRegistry - Registered SqmFunctionTemplate [NamedSqmFunctionTemplate(rownum)] under rownum; prior registration was null
10:22:20.580 [Test worker] DEBUG org.hibernate.query.sqm.function.SqmFunctionRegistry - Registered SqmFunctionTemplate [NamedSqmFunctionTemplate(row_number)] under row_number; prior registration was null
10:22:20.582 [Test worker] DEBUG org.hibernate.query.sqm.function.SqmFunctionRegistry - Registered SqmFunctionTemplate [NamedSqmFunctionTemplate(lag)] under lag; prior registration was null
10:22:20.582 [Test worker] DEBUG org.hibernate.query.sqm.function.SqmFunctionRegistry - Registered SqmFunctionTemplate [NamedSqmFunctionTemplate(lead)] under lead; prior registration was null
10:22:20.582 [Test worker] DEBUG org.hibernate.query.sqm.function.SqmFunctionRegistry - Registered SqmFunctionTemplate [NamedSqmFunctionTemplate(first_value)] under first_value; prior registration was null
10:22:20.582 [Test worker] DEBUG org.hibernate.query.sqm.function.SqmFunctionRegistry - Registered SqmFunctionTemplate [NamedSqmFunctionTemplate(last_value)] under last_value; prior registration was null
10:22:20.582 [Test worker] DEBUG org.hibernate.query.sqm.function.SqmFunctionRegistry - Registered SqmFunctionTemplate [NamedSqmFunctionTemplate(nth_value)] under nth_value; prior registration was null
10:22:20.583 [Test worker] DEBUG org.hibernate.query.sqm.function.SqmFunctionRegistry - Registered SqmFunctionTemplate [org.hibernate.dialect.function.InverseDistributionFunction@24a1858a] under mode; prior registration was null
10:22:20.584 [Test worker] DEBUG org.hibernate.query.sqm.function.SqmFunctionRegistry - Registered SqmFunctionTemplate [org.hibernate.dialect.function.InverseDistributionFunction@270ab7bc] under percentile_cont; prior registration was null
10:22:20.584 [Test worker] DEBUG org.hibernate.query.sqm.function.SqmFunctionRegistry - Registered SqmFunctionTemplate [org.hibernate.dialect.function.InverseDistributionFunction@3ffe74da] under percentile_disc; prior registration was null
10:22:20.586 [Test worker] DEBUG org.hibernate.query.sqm.function.SqmFunctionRegistry - Registered SqmFunctionTemplate [org.hibernate.dialect.function.HypotheticalSetFunction@23ee70a7] under rank; prior registration was null
10:22:20.586 [Test worker] DEBUG org.hibernate.query.sqm.function.SqmFunctionRegistry - Registered SqmFunctionTemplate [org.hibernate.dialect.function.HypotheticalSetFunction@47f416d0] under dense_rank; prior registration was null
10:22:20.586 [Test worker] DEBUG org.hibernate.query.sqm.function.SqmFunctionRegistry - Registered SqmFunctionTemplate [org.hibernate.dialect.function.HypotheticalSetFunction@21be80f6] under percent_rank; prior registration was null
10:22:20.586 [Test worker] DEBUG org.hibernate.query.sqm.function.SqmFunctionRegistry - Registered SqmFunctionTemplate [org.hibernate.dialect.function.HypotheticalSetFunction@1af6d656] under cume_dist; prior registration was null
10:22:20.586 [Test worker] DEBUG org.hibernate.query.sqm.function.SqmFunctionRegistry - Registered SqmFunctionTemplate [org.hibernate.dialect.function.ListaggFunction@54ec8ab3] under listagg; prior registration was null
10:22:20.588 [Test worker] DEBUG org.hibernate.HQL_FUNCTIONS - abs(NUMERIC arg)
10:22:20.589 [Test worker] DEBUG org.hibernate.HQL_FUNCTIONS - Double acos(NUMERIC arg)
10:22:20.589 [Test worker] DEBUG org.hibernate.HQL_FUNCTIONS - Boolean any(BOOLEAN predicate)
10:22:20.589 [Test worker] DEBUG org.hibernate.HQL_FUNCTIONS - Integer ascii(STRING arg)
10:22:20.589 [Test worker] DEBUG org.hibernate.HQL_FUNCTIONS - Double asin(NUMERIC arg)
10:22:20.589 [Test worker] DEBUG org.hibernate.HQL_FUNCTIONS - Double atan(NUMERIC arg)
10:22:20.589 [Test worker] DEBUG org.hibernate.HQL_FUNCTIONS - Double atan2(NUMERIC arg0, NUMERIC arg1)
10:22:20.589 [Test worker] DEBUG org.hibernate.HQL_FUNCTIONS - Double avg(NUMERIC arg)
10:22:20.589 [Test worker] DEBUG org.hibernate.HQL_FUNCTIONS - bit_and(arg)
10:22:20.589 [Test worker] DEBUG org.hibernate.HQL_FUNCTIONS - Integer bit_length(STRING_OR_CLOB arg)
10:22:20.589 [Test worker] DEBUG org.hibernate.HQL_FUNCTIONS - bit_or(arg)
10:22:20.589 [Test worker] DEBUG org.hibernate.HQL_FUNCTIONS - bitand(arg0, arg1)
10:22:20.589 [Test worker] DEBUG org.hibernate.HQL_FUNCTIONS - bitor(arg0, arg1)
10:22:20.589 [Test worker] DEBUG org.hibernate.HQL_FUNCTIONS - bitxor(arg0, arg1)
10:22:20.589 [Test worker] DEBUG org.hibernate.HQL_FUNCTIONS - Boolean bool_and(BOOLEAN predicate)
10:22:20.589 [Test worker] DEBUG org.hibernate.HQL_FUNCTIONS - Boolean bool_or(BOOLEAN predicate)
10:22:20.589 [Test worker] DEBUG org.hibernate.HQL_FUNCTIONS - cast(arg as Type)
10:22:20.589 [Test worker] DEBUG org.hibernate.HQL_FUNCTIONS - ceiling(NUMERIC arg)
10:22:20.589 [Test worker] DEBUG org.hibernate.HQL_FUNCTIONS - Character char(INTEGER arg)
10:22:20.589 [Test worker] DEBUG org.hibernate.HQL_FUNCTIONS - Integer character_length(STRING_OR_CLOB arg)
10:22:20.589 [Test worker] DEBUG org.hibernate.HQL_FUNCTIONS - Character chr(INTEGER arg)
10:22:20.589 [Test worker] DEBUG org.hibernate.HQL_FUNCTIONS - coalesce(arg0[, arg1[, ...]])
10:22:20.589 [Test worker] DEBUG org.hibernate.HQL_FUNCTIONS - String collate(STRING string as COLLATION collation)
10:22:20.589 [Test worker] DEBUG org.hibernate.HQL_FUNCTIONS - String concat(STRING string0[, STRING string1[, ...]])
10:22:20.589 [Test worker] DEBUG org.hibernate.HQL_FUNCTIONS - Double cos(NUMERIC arg)
10:22:20.589 [Test worker] DEBUG org.hibernate.HQL_FUNCTIONS - Double cosh(NUMERIC arg)
10:22:20.589 [Test worker] DEBUG org.hibernate.HQL_FUNCTIONS - Double cot(NUMERIC arg)
10:22:20.589 [Test worker] DEBUG org.hibernate.HQL_FUNCTIONS - Long count([distinct ]{arg|*})
10:22:20.589 [Test worker] DEBUG org.hibernate.HQL_FUNCTIONS - Double cume_dist([arg0[, ...]])
10:22:20.589 [Test worker] DEBUG org.hibernate.HQL_FUNCTIONS - Date curdate()
10:22:20.589 [Test worker] DEBUG org.hibernate.HQL_FUNCTIONS - Date current date
10:22:20.589 [Test worker] DEBUG org.hibernate.HQL_FUNCTIONS - Time current time
10:22:20.589 [Test worker] DEBUG org.hibernate.HQL_FUNCTIONS - Timestamp current timestamp
10:22:20.590 [Test worker] DEBUG org.hibernate.HQL_FUNCTIONS - Date current_date
10:22:20.590 [Test worker] DEBUG org.hibernate.HQL_FUNCTIONS - Instant current_instant
10:22:20.590 [Test worker] DEBUG org.hibernate.HQL_FUNCTIONS - Time current_time
10:22:20.590 [Test worker] DEBUG org.hibernate.HQL_FUNCTIONS - Timestamp current_timestamp
10:22:20.590 [Test worker] DEBUG org.hibernate.HQL_FUNCTIONS - Time curtime()
10:22:20.590 [Test worker] DEBUG org.hibernate.HQL_FUNCTIONS - date_trunc(STRING field, TEMPORAL datetime)
10:22:20.590 [Test worker] DEBUG org.hibernate.HQL_FUNCTIONS - dateadd(TEMPORAL_UNIT field, INTEGER magnitude, TEMPORAL datetime)
10:22:20.590 [Test worker] DEBUG org.hibernate.HQL_FUNCTIONS - basicType@2(java.lang.Long,-5)|basicType@15(java.lang.Double,8) datediff(TEMPORAL_UNIT field, TEMPORAL start, TEMPORAL end)
10:22:20.590 [Test worker] DEBUG org.hibernate.HQL_FUNCTIONS - Integer day(DATE arg)
10:22:20.590 [Test worker] DEBUG org.hibernate.HQL_FUNCTIONS - Integer day_of_month(DATE arg)
10:22:20.590 [Test worker] DEBUG org.hibernate.HQL_FUNCTIONS - Integer day_of_week(DATE arg)
10:22:20.590 [Test worker] DEBUG org.hibernate.HQL_FUNCTIONS - Integer day_of_year(DATE arg)
10:22:20.590 [Test worker] DEBUG org.hibernate.HQL_FUNCTIONS - String dayname(DATE arg)
10:22:20.590 [Test worker] DEBUG org.hibernate.HQL_FUNCTIONS - Double degrees(NUMERIC arg)
10:22:20.590 [Test worker] DEBUG org.hibernate.HQL_FUNCTIONS - Long dense_rank([arg0[, ...]])
10:22:20.590 [Test worker] DEBUG org.hibernate.HQL_FUNCTIONS - Boolean every(BOOLEAN predicate)
10:22:20.590 [Test worker] DEBUG org.hibernate.HQL_FUNCTIONS - Double exp(NUMERIC arg)
10:22:20.590 [Test worker] DEBUG org.hibernate.HQL_FUNCTIONS - extract(TEMPORAL_UNIT field from TEMPORAL arg)
10:22:20.590 [Test worker] DEBUG org.hibernate.HQL_FUNCTIONS - first_valueANY value
10:22:20.590 [Test worker] DEBUG org.hibernate.HQL_FUNCTIONS - floor(NUMERIC arg)
10:22:20.590 [Test worker] DEBUG org.hibernate.HQL_FUNCTIONS - String format(TEMPORAL datetime as STRING pattern)
10:22:20.590 [Test worker] DEBUG org.hibernate.HQL_FUNCTIONS - greatest(COMPARABLE arg0, COMPARABLE arg1[, arg2[, ...]])
10:22:20.590 [Test worker] DEBUG org.hibernate.HQL_FUNCTIONS - Integer hour(TIME arg)
10:22:20.590 [Test worker] DEBUG org.hibernate.HQL_FUNCTIONS - ifnull(arg0, arg1)
10:22:20.590 [Test worker] DEBUG org.hibernate.HQL_FUNCTIONS - String insert(STRING string, INTEGER start, INTEGER length, STRING replacement)
10:22:20.590 [Test worker] DEBUG org.hibernate.HQL_FUNCTIONS - Instant instant
10:22:20.590 [Test worker] DEBUG org.hibernate.HQL_FUNCTIONS - Integer instr(STRING string, STRING pattern[, INTEGER start[, INTEGER occurrence]])
10:22:20.590 [Test worker] DEBUG org.hibernate.HQL_FUNCTIONS - lagANY value[, INTEGER offset[, ANY default]]
10:22:20.590 [Test worker] DEBUG org.hibernate.HQL_FUNCTIONS - last_valueANY value
10:22:20.590 [Test worker] DEBUG org.hibernate.HQL_FUNCTIONS - leadANY value[, INTEGER offset[, ANY default]]
10:22:20.590 [Test worker] DEBUG org.hibernate.HQL_FUNCTIONS - least(COMPARABLE arg0, COMPARABLE arg1[, arg2[, ...]])
10:22:20.590 [Test worker] DEBUG org.hibernate.HQL_FUNCTIONS - String left(STRING string, INTEGER length)
10:22:20.590 [Test worker] DEBUG org.hibernate.HQL_FUNCTIONS - Integer length(STRING_OR_CLOB arg)
10:22:20.590 [Test worker] DEBUG org.hibernate.HQL_FUNCTIONS - String listagg(STRING arg0, STRING arg1)
10:22:20.590 [Test worker] DEBUG org.hibernate.HQL_FUNCTIONS - Double ln(NUMERIC arg)
10:22:20.590 [Test worker] DEBUG org.hibernate.HQL_FUNCTIONS - LocalDate local date
10:22:20.590 [Test worker] DEBUG org.hibernate.HQL_FUNCTIONS - LocalDateTime local datetime
10:22:20.590 [Test worker] DEBUG org.hibernate.HQL_FUNCTIONS - LocalTime local time
10:22:20.590 [Test worker] DEBUG org.hibernate.HQL_FUNCTIONS - LocalDate local_date
10:22:20.590 [Test worker] DEBUG org.hibernate.HQL_FUNCTIONS - LocalDateTime local_datetime
10:22:20.590 [Test worker] DEBUG org.hibernate.HQL_FUNCTIONS - LocalTime local_time
10:22:20.590 [Test worker] DEBUG org.hibernate.HQL_FUNCTIONS - Time localtime
10:22:20.590 [Test worker] DEBUG org.hibernate.HQL_FUNCTIONS - Timestamp localtimestamp
10:22:20.590 [Test worker] DEBUG org.hibernate.HQL_FUNCTIONS - Integer locate(STRING pattern, STRING string[, INTEGER start])
10:22:20.590 [Test worker] DEBUG org.hibernate.HQL_FUNCTIONS - Double log(NUMERIC base, NUMERIC arg)
10:22:20.590 [Test worker] DEBUG org.hibernate.HQL_FUNCTIONS - Double log10(NUMERIC arg)
10:22:20.590 [Test worker] DEBUG org.hibernate.HQL_FUNCTIONS - String lower(STRING string)
10:22:20.590 [Test worker] DEBUG org.hibernate.HQL_FUNCTIONS - String lpad(STRING string, INTEGER length[, STRING padding])
10:22:20.590 [Test worker] DEBUG org.hibernate.HQL_FUNCTIONS - String ltrim(STRING string)
10:22:20.590 [Test worker] DEBUG org.hibernate.HQL_FUNCTIONS - max(COMPARABLE arg)
10:22:20.590 [Test worker] DEBUG org.hibernate.HQL_FUNCTIONS - Double median(NUMERIC arg)
10:22:20.590 [Test worker] DEBUG org.hibernate.HQL_FUNCTIONS - Integer microsecond(TIME arg)
10:22:20.591 [Test worker] DEBUG org.hibernate.HQL_FUNCTIONS - min(COMPARABLE arg)
10:22:20.591 [Test worker] DEBUG org.hibernate.HQL_FUNCTIONS - Integer minute(TIME arg)
10:22:20.591 [Test worker] DEBUG org.hibernate.HQL_FUNCTIONS - Integer mod(INTEGER arg0, INTEGER arg1)
10:22:20.591 [Test worker] DEBUG org.hibernate.HQL_FUNCTIONS - mode()
10:22:20.591 [Test worker] DEBUG org.hibernate.HQL_FUNCTIONS - Integer month(DATE arg)
10:22:20.591 [Test worker] DEBUG org.hibernate.HQL_FUNCTIONS - String monthname(DATE arg)
10:22:20.591 [Test worker] DEBUG org.hibernate.HQL_FUNCTIONS - Timestamp now()
10:22:20.591 [Test worker] DEBUG org.hibernate.HQL_FUNCTIONS - nth_valueANY value, INTEGER nth
10:22:20.591 [Test worker] DEBUG org.hibernate.HQL_FUNCTIONS - nullif(arg0, arg1)
10:22:20.591 [Test worker] DEBUG org.hibernate.HQL_FUNCTIONS - Integer octet_length(STRING_OR_CLOB arg)
10:22:20.591 [Test worker] DEBUG org.hibernate.HQL_FUNCTIONS - OffsetDateTime offset datetime
10:22:20.591 [Test worker] DEBUG org.hibernate.HQL_FUNCTIONS - OffsetDateTime offset_datetime
10:22:20.591 [Test worker] DEBUG org.hibernate.HQL_FUNCTIONS - String overlay(STRING string placing STRING replacement from INTEGER start[ for INTEGER length])
10:22:20.591 [Test worker] DEBUG org.hibernate.HQL_FUNCTIONS - String pad(STRING string with INTEGER length {leading|trailing}[ STRING character])
10:22:20.591 [Test worker] DEBUG org.hibernate.HQL_FUNCTIONS - Double percent_rank([arg0[, ...]])
10:22:20.591 [Test worker] DEBUG org.hibernate.HQL_FUNCTIONS - percentile_cont(NUMERIC arg)
10:22:20.591 [Test worker] DEBUG org.hibernate.HQL_FUNCTIONS - percentile_disc(NUMERIC arg)
10:22:20.591 [Test worker] DEBUG org.hibernate.HQL_FUNCTIONS - Double pi
10:22:20.591 [Test worker] DEBUG org.hibernate.HQL_FUNCTIONS - Integer position(STRING pattern in STRING string)
10:22:20.591 [Test worker] DEBUG org.hibernate.HQL_FUNCTIONS - Double power(NUMERIC arg0, NUMERIC arg1)
10:22:20.591 [Test worker] DEBUG org.hibernate.HQL_FUNCTIONS - Integer quarter(DATE arg)
10:22:20.591 [Test worker] DEBUG org.hibernate.HQL_FUNCTIONS - Double radians(NUMERIC arg)
10:22:20.591 [Test worker] DEBUG org.hibernate.HQL_FUNCTIONS - Double rand([INTEGER seed])
10:22:20.591 [Test worker] DEBUG org.hibernate.HQL_FUNCTIONS - Long rank([arg0[, ...]])
10:22:20.591 [Test worker] DEBUG org.hibernate.HQL_FUNCTIONS - String repeat(STRING string, INTEGER times)
10:22:20.591 [Test worker] DEBUG org.hibernate.HQL_FUNCTIONS - String replace(STRING string, STRING pattern, STRING replacement)
10:22:20.591 [Test worker] DEBUG org.hibernate.HQL_FUNCTIONS - String right(STRING string, INTEGER length)
10:22:20.591 [Test worker] DEBUG org.hibernate.HQL_FUNCTIONS - round(NUMERIC number[, INTEGER places])
10:22:20.591 [Test worker] DEBUG org.hibernate.HQL_FUNCTIONS - Long row_number()
10:22:20.591 [Test worker] DEBUG org.hibernate.HQL_FUNCTIONS - Long rownum()
10:22:20.591 [Test worker] DEBUG org.hibernate.HQL_FUNCTIONS - String rpad(STRING string, INTEGER length[, STRING padding])
10:22:20.591 [Test worker] DEBUG org.hibernate.HQL_FUNCTIONS - String rtrim(STRING string)
10:22:20.591 [Test worker] DEBUG org.hibernate.HQL_FUNCTIONS - Integer second(TIME arg)
10:22:20.591 [Test worker] DEBUG org.hibernate.HQL_FUNCTIONS - Integer sign(NUMERIC arg)
10:22:20.591 [Test worker] DEBUG org.hibernate.HQL_FUNCTIONS - Double sin(NUMERIC arg)
10:22:20.591 [Test worker] DEBUG org.hibernate.HQL_FUNCTIONS - Double sinh(NUMERIC arg)
10:22:20.591 [Test worker] DEBUG org.hibernate.HQL_FUNCTIONS - String soundex(arg)
10:22:20.591 [Test worker] DEBUG org.hibernate.HQL_FUNCTIONS - String space(INTEGER arg)
10:22:20.591 [Test worker] DEBUG org.hibernate.HQL_FUNCTIONS - Object sql
10:22:20.591 [Test worker] DEBUG org.hibernate.HQL_FUNCTIONS - Double sqrt(NUMERIC arg)
10:22:20.591 [Test worker] DEBUG org.hibernate.HQL_FUNCTIONS - Double stddev_pop(NUMERIC arg)
10:22:20.591 [Test worker] DEBUG org.hibernate.HQL_FUNCTIONS - Double stddev_samp(NUMERIC arg)
10:22:20.591 [Test worker] DEBUG org.hibernate.HQL_FUNCTIONS - String str(arg)
10:22:20.591 [Test worker] DEBUG org.hibernate.HQL_FUNCTIONS - String substr(STRING string, INTEGER start[, INTEGER length])
10:22:20.591 [Test worker] DEBUG org.hibernate.HQL_FUNCTIONS - String substring(STRING string{ from|,} INTEGER start[{ for|,} INTEGER length])
10:22:20.591 [Test worker] DEBUG org.hibernate.HQL_FUNCTIONS - sum(arg)
10:22:20.591 [Test worker] DEBUG org.hibernate.HQL_FUNCTIONS - Timestamp sysdate
10:22:20.591 [Test worker] DEBUG org.hibernate.HQL_FUNCTIONS - Double tan(NUMERIC arg)
10:22:20.591 [Test worker] DEBUG org.hibernate.HQL_FUNCTIONS - Double tanh(NUMERIC arg)
10:22:20.591 [Test worker] DEBUG org.hibernate.HQL_FUNCTIONS - timestampadd(TEMPORAL_UNIT field, INTEGER magnitude, TEMPORAL datetime)
10:22:20.591 [Test worker] DEBUG org.hibernate.HQL_FUNCTIONS - basicType@2(java.lang.Long,-5)|basicType@15(java.lang.Double,8) timestampdiff(TEMPORAL_UNIT field, TEMPORAL start, TEMPORAL end)
10:22:20.591 [Test worker] DEBUG org.hibernate.HQL_FUNCTIONS - String translate(STRING arg0, STRING arg1, STRING arg2)
10:22:20.591 [Test worker] DEBUG org.hibernate.HQL_FUNCTIONS - String trim([[{leading|trailing|both} ][STRING arg0 ]from] STRING arg1)
10:22:20.591 [Test worker] DEBUG org.hibernate.HQL_FUNCTIONS - trunc( ... )
10:22:20.591 [Test worker] DEBUG org.hibernate.HQL_FUNCTIONS - truncate( ... )
10:22:20.591 [Test worker] DEBUG org.hibernate.HQL_FUNCTIONS - String upper(STRING string)
10:22:20.591 [Test worker] DEBUG org.hibernate.HQL_FUNCTIONS - Double var_pop(NUMERIC arg)
10:22:20.591 [Test worker] DEBUG org.hibernate.HQL_FUNCTIONS - Double var_samp(NUMERIC arg)
10:22:20.591 [Test worker] DEBUG org.hibernate.HQL_FUNCTIONS - Integer week(DATE arg)
10:22:20.591 [Test worker] DEBUG org.hibernate.HQL_FUNCTIONS - Integer year(DATE arg)
10:22:20.597 [Test worker] DEBUG org.hibernate.orm.query.plan.cache - Starting QueryPlanCache(2048)
10:22:20.600 [Test worker] TRACE org.hibernate.service.internal.AbstractServiceRegistryImpl - Initializing service [role=org.hibernate.engine.query.spi.NativeQueryInterpreter]
10:22:20.658 [Test worker] DEBUG org.hibernate.service.internal.SessionFactoryServiceRegistryImpl - EventListenerRegistry access via ServiceRegistry is deprecated.  Use `sessionFactory.getEventEngine().getListenerRegistry()` instead
10:22:20.658 [Test worker] TRACE org.hibernate.service.internal.AbstractServiceRegistryImpl - Initializing service [role=org.hibernate.engine.jdbc.mutation.spi.MutationExecutorService]
10:22:20.659 [Test worker] TRACE org.hibernate.service.internal.AbstractServiceRegistryImpl - Initializing service [role=org.hibernate.event.spi.EntityCopyObserverFactory]
10:22:20.659 [Test worker] DEBUG org.hibernate.event.internal.EntityCopyObserverFactoryInitiator - Configured EntityCopyObserver strategy: disallow
10:22:20.660 [Test worker] TRACE org.hibernate.service.internal.AbstractServiceRegistryImpl - Initializing service [role=org.hibernate.sql.results.jdbc.spi.JdbcValuesMappingProducerProvider]
10:22:20.665 [Test worker] TRACE org.hibernate.service.internal.AbstractServiceRegistryImpl - Initializing service [role=org.hibernate.engine.jdbc.batch.spi.BatchBuilder]
10:22:20.669 [Test worker] TRACE org.hibernate.orm.jdbc.batch - Using standard BatchBuilder (1)
10:22:20.682 [Test worker] TRACE org.hibernate.service.internal.AbstractServiceRegistryImpl - Initializing service [role=org.hibernate.persister.spi.PersisterFactory]
10:22:20.684 [Test worker] TRACE org.hibernate.service.internal.AbstractServiceRegistryImpl - Initializing service [role=org.hibernate.persister.spi.PersisterClassResolver]
10:22:20.721 [Test worker] DEBUG org.hibernate.ormbytecode.interceptor - To-one property `com.laundry.laundryMgmt.models.ReservationEntity#machine` was mapped with LAZY + NO_PROXY but the class was not enhanced
10:22:20.727 [Test worker] DEBUG org.hibernate.ormbytecode.interceptor - To-one property `com.laundry.laundryMgmt.models.ReservationEntity#machine` was mapped with LAZY + NO_PROXY but the class was not enhanced
10:22:20.730 [Test worker] DEBUG org.hibernate.boot.internal.ClassLoaderAccessImpl - Not known whether passed class name [com.laundry.laundryMgmt.models.ReservationEntity] is safe
10:22:20.730 [Test worker] DEBUG org.hibernate.boot.internal.ClassLoaderAccessImpl - No temp ClassLoader provided; using live ClassLoader for loading potentially unsafe class : com.laundry.laundryMgmt.models.ReservationEntity
10:22:20.734 [Test worker] TRACE org.hibernate.service.internal.AbstractServiceRegistryImpl - Initializing service [role=org.hibernate.property.access.spi.PropertyAccessStrategyResolver]
10:22:20.902 [Test worker] DEBUG org.hibernate.bytecode.internal.bytebuddy.BytecodeProviderImpl - HHH000513: Unable to create the ReflectionOptimizer for [com.laundry.laundryMgmt.models.ReservationEntity]: private accessor [machine]
10:22:20.912 [Test worker] DEBUG org.hibernate.ormbytecode.interceptor - To-one property `com.laundry.laundryMgmt.models.ReservationEntity#machine` was mapped with LAZY + NO_PROXY but the class was not enhanced
10:22:20.936 [Test worker] TRACE org.hibernate.persister.entity.AbstractPropertyMapping - Skipping duplicate registration of path [machine.id], existing type = [basicType@2(java.lang.Long,-5)], incoming type = [basicType@2(java.lang.Long,-5)]
10:22:20.937 [Test worker] TRACE org.hibernate.persister.entity.AbstractPropertyMapping - Skipping duplicate registration of path [machine.machineId], existing type = [basicType@2(java.lang.Long,-5)], incoming type = [basicType@2(java.lang.Long,-5)]
10:22:20.937 [Test worker] TRACE org.hibernate.persister.entity.AbstractPropertyMapping - Skipping duplicate registration of path [machine], existing type = [org.hibernate.type.ManyToOneType(com.laundry.laundryMgmt.models.MachineEntity)], incoming type = [org.hibernate.type.ManyToOneType(com.laundry.laundryMgmt.models.MachineEntity)]
10:22:20.938 [Test worker] TRACE org.hibernate.persister.entity.AbstractPropertyMapping - Skipping duplicate registration of path [machine.id], existing type = [basicType@2(java.lang.Long,-5)], incoming type = [basicType@2(java.lang.Long,-5)]
10:22:20.938 [Test worker] TRACE org.hibernate.persister.entity.AbstractPropertyMapping - Skipping duplicate registration of path [machine.id], existing type = [basicType@2(java.lang.Long,-5)], incoming type = [basicType@2(java.lang.Long,-5)]
10:22:20.938 [Test worker] TRACE org.hibernate.persister.entity.AbstractPropertyMapping - Skipping duplicate registration of path [machine.machineId], existing type = [basicType@2(java.lang.Long,-5)], incoming type = [basicType@2(java.lang.Long,-5)]
10:22:20.938 [Test worker] TRACE org.hibernate.persister.entity.AbstractPropertyMapping - Skipping duplicate registration of path [machine.machineId], existing type = [basicType@2(java.lang.Long,-5)], incoming type = [basicType@2(java.lang.Long,-5)]
10:22:20.938 [Test worker] TRACE org.hibernate.persister.entity.AbstractPropertyMapping - Skipping duplicate registration of path [reservationAvailable], existing type = [basicType@3(java.lang.Boolean,16)], incoming type = [basicType@3(java.lang.Boolean,16)]
10:22:20.938 [Test worker] TRACE org.hibernate.persister.entity.AbstractPropertyMapping - Skipping duplicate registration of path [reservationDate], existing type = [basicType@7(java.time.LocalDate,91)], incoming type = [basicType@7(java.time.LocalDate,91)]
10:22:20.938 [Test worker] TRACE org.hibernate.persister.entity.AbstractPropertyMapping - Skipping duplicate registration of path [reservationEndTime], existing type = [basicType@5(java.time.LocalTime,92)], incoming type = [basicType@5(java.time.LocalTime,92)]
10:22:20.938 [Test worker] TRACE org.hibernate.persister.entity.AbstractPropertyMapping - Skipping duplicate registration of path [reservationStartTime], existing type = [basicType@5(java.time.LocalTime,92)], incoming type = [basicType@5(java.time.LocalTime,92)]
10:22:20.938 [Test worker] TRACE org.hibernate.persister.entity.AbstractPropertyMapping - Skipping duplicate registration of path [reservationUser], existing type = [basicType@6(java.lang.String,12)], incoming type = [basicType@6(java.lang.String,12)]
10:22:20.939 [Test worker] DEBUG org.hibernate.boot.internal.ClassLoaderAccessImpl - Not known whether passed class name [com.laundry.laundryMgmt.models.MachineEntity] is safe
10:22:20.939 [Test worker] DEBUG org.hibernate.boot.internal.ClassLoaderAccessImpl - No temp ClassLoader provided; using live ClassLoader for loading potentially unsafe class : com.laundry.laundryMgmt.models.MachineEntity
10:22:20.963 [Test worker] DEBUG org.hibernate.bytecode.internal.bytebuddy.BytecodeProviderImpl - HHH000513: Unable to create the ReflectionOptimizer for [com.laundry.laundryMgmt.models.MachineEntity]: private accessor [Available]
10:22:20.964 [Test worker] TRACE org.hibernate.persister.entity.AbstractPropertyMapping - Skipping duplicate registration of path [Available], existing type = [basicType@3(java.lang.Boolean,16)], incoming type = [basicType@3(java.lang.Boolean,16)]
10:22:20.965 [Test worker] TRACE org.hibernate.persister.entity.AbstractPropertyMapping - Skipping duplicate registration of path [MachineStatus], existing type = [basicType@3(java.lang.Boolean,16)], incoming type = [basicType@3(java.lang.Boolean,16)]
10:22:20.965 [Test worker] TRACE org.hibernate.persister.entity.AbstractPropertyMapping - Skipping duplicate registration of path [Progress], existing type = [basicType@4(java.lang.Integer,4)], incoming type = [basicType@4(java.lang.Integer,4)]
10:22:20.965 [Test worker] TRACE org.hibernate.persister.entity.AbstractPropertyMapping - Skipping duplicate registration of path [StartingTime], existing type = [basicType@5(java.time.LocalTime,92)], incoming type = [basicType@5(java.time.LocalTime,92)]
10:22:20.965 [Test worker] TRACE org.hibernate.persister.entity.AbstractPropertyMapping - Skipping duplicate registration of path [cycleType], existing type = [convertedBasicType@1(com.laundry.laundryMgmt.models.CycleType,12)], incoming type = [convertedBasicType@1(com.laundry.laundryMgmt.models.CycleType,12)]
10:22:20.965 [Test worker] TRACE org.hibernate.persister.entity.AbstractPropertyMapping - Skipping duplicate registration of path [name], existing type = [basicType@6(java.lang.String,12)], incoming type = [basicType@6(java.lang.String,12)]
10:22:20.965 [Test worker] DEBUG org.hibernate.ormbytecode.interceptor - To-one property `com.laundry.laundryMgmt.models.SensorEntity#machine` was mapped with LAZY + NO_PROXY but the class was not enhanced
10:22:20.965 [Test worker] DEBUG org.hibernate.ormbytecode.interceptor - To-one property `com.laundry.laundryMgmt.models.SensorEntity#machine` was mapped with LAZY + NO_PROXY but the class was not enhanced
10:22:20.965 [Test worker] DEBUG org.hibernate.boot.internal.ClassLoaderAccessImpl - Not known whether passed class name [com.laundry.laundryMgmt.models.SensorEntity] is safe
10:22:20.966 [Test worker] DEBUG org.hibernate.boot.internal.ClassLoaderAccessImpl - No temp ClassLoader provided; using live ClassLoader for loading potentially unsafe class : com.laundry.laundryMgmt.models.SensorEntity
10:22:20.987 [Test worker] DEBUG org.hibernate.bytecode.internal.bytebuddy.BytecodeProviderImpl - HHH000513: Unable to create the ReflectionOptimizer for [com.laundry.laundryMgmt.models.SensorEntity]: private accessor [Measure]
10:22:20.988 [Test worker] DEBUG org.hibernate.ormbytecode.interceptor - To-one property `com.laundry.laundryMgmt.models.SensorEntity#machine` was mapped with LAZY + NO_PROXY but the class was not enhanced
10:22:20.989 [Test worker] TRACE org.hibernate.persister.entity.AbstractPropertyMapping - Skipping duplicate registration of path [machine.id], existing type = [basicType@2(java.lang.Long,-5)], incoming type = [basicType@2(java.lang.Long,-5)]
10:22:20.989 [Test worker] TRACE org.hibernate.persister.entity.AbstractPropertyMapping - Skipping duplicate registration of path [machine.machineId], existing type = [basicType@2(java.lang.Long,-5)], incoming type = [basicType@2(java.lang.Long,-5)]
10:22:20.989 [Test worker] TRACE org.hibernate.persister.entity.AbstractPropertyMapping - Skipping duplicate registration of path [Measure], existing type = [basicType@4(java.lang.Integer,4)], incoming type = [basicType@4(java.lang.Integer,4)]
10:22:20.989 [Test worker] TRACE org.hibernate.persister.entity.AbstractPropertyMapping - Skipping duplicate registration of path [machine], existing type = [org.hibernate.type.ManyToOneType(com.laundry.laundryMgmt.models.MachineEntity)], incoming type = [org.hibernate.type.ManyToOneType(com.laundry.laundryMgmt.models.MachineEntity)]
10:22:20.989 [Test worker] TRACE org.hibernate.persister.entity.AbstractPropertyMapping - Skipping duplicate registration of path [machine.id], existing type = [basicType@2(java.lang.Long,-5)], incoming type = [basicType@2(java.lang.Long,-5)]
10:22:20.989 [Test worker] TRACE org.hibernate.persister.entity.AbstractPropertyMapping - Skipping duplicate registration of path [machine.id], existing type = [basicType@2(java.lang.Long,-5)], incoming type = [basicType@2(java.lang.Long,-5)]
10:22:20.989 [Test worker] TRACE org.hibernate.persister.entity.AbstractPropertyMapping - Skipping duplicate registration of path [machine.machineId], existing type = [basicType@2(java.lang.Long,-5)], incoming type = [basicType@2(java.lang.Long,-5)]
10:22:20.989 [Test worker] TRACE org.hibernate.persister.entity.AbstractPropertyMapping - Skipping duplicate registration of path [machine.machineId], existing type = [basicType@2(java.lang.Long,-5)], incoming type = [basicType@2(java.lang.Long,-5)]
10:22:20.990 [Test worker] TRACE org.hibernate.persister.entity.AbstractPropertyMapping - Skipping duplicate registration of path [sensorName], existing type = [basicType@6(java.lang.String,12)], incoming type = [basicType@6(java.lang.String,12)]
10:22:20.990 [Test worker] TRACE org.hibernate.persister.entity.AbstractPropertyMapping - Skipping duplicate registration of path [sensorType], existing type = [convertedBasicType@2(com.laundry.laundryMgmt.models.SensorType,12)], incoming type = [convertedBasicType@2(com.laundry.laundryMgmt.models.SensorType,12)]
10:22:20.990 [Test worker] TRACE org.hibernate.persister.entity.AbstractPropertyMapping - Skipping duplicate registration of path [status], existing type = [basicType@3(java.lang.Boolean,16)], incoming type = [basicType@3(java.lang.Boolean,16)]
10:22:21.008 [Test worker] DEBUG org.hibernate.orm.model.mapping.creation - Starting post-init callbacks
10:22:21.008 [Test worker] DEBUG org.hibernate.orm.model.mapping.creation - Starting PostInitCallbackEntry : To-one key - NavigableRole[com.laundry.laundryMgmt.models.ReservationEntity.machine]
10:22:21.011 [Test worker] DEBUG org.hibernate.orm.model.mapping.creation - Starting PostInitCallbackEntry : Entity(com.laundry.laundryMgmt.models.ReservationEntity) `staticFetchableList` generator
10:22:21.012 [Test worker] DEBUG org.hibernate.orm.model.mapping.creation - Starting PostInitCallbackEntry : Entity(com.laundry.laundryMgmt.models.ReservationEntity) `sqmMultiTableInsertStrategy` interpretation
10:22:21.012 [Test worker] TRACE org.hibernate.service.internal.AbstractServiceRegistryImpl - Initializing service [role=org.hibernate.query.sqm.mutation.spi.SqmMultiTableMutationStrategyProvider]
10:22:21.018 [Test worker] TRACE org.hibernate.service.internal.AbstractServiceRegistryImpl - Initializing service [role=org.hibernate.engine.jdbc.connections.spi.MultiTenantConnectionProvider]
10:22:21.019 [Test worker] DEBUG org.hibernate.orm.model.mapping.creation - Starting PostInitCallbackEntry : Entity(com.laundry.laundryMgmt.models.MachineEntity) `staticFetchableList` generator
10:22:21.019 [Test worker] DEBUG org.hibernate.orm.model.mapping.creation - Starting PostInitCallbackEntry : Entity(com.laundry.laundryMgmt.models.MachineEntity) `sqmMultiTableInsertStrategy` interpretation
10:22:21.019 [Test worker] TRACE org.hibernate.service.internal.AbstractServiceRegistryImpl - Initializing service [role=org.hibernate.engine.jdbc.connections.spi.MultiTenantConnectionProvider]
10:22:21.019 [Test worker] DEBUG org.hibernate.orm.model.mapping.creation - Starting PostInitCallbackEntry : To-one key - NavigableRole[com.laundry.laundryMgmt.models.SensorEntity.machine]
10:22:21.019 [Test worker] DEBUG org.hibernate.orm.model.mapping.creation - Starting PostInitCallbackEntry : Entity(com.laundry.laundryMgmt.models.SensorEntity) `staticFetchableList` generator
10:22:21.019 [Test worker] DEBUG org.hibernate.orm.model.mapping.creation - Starting PostInitCallbackEntry : Entity(com.laundry.laundryMgmt.models.SensorEntity) `sqmMultiTableInsertStrategy` interpretation
10:22:21.020 [Test worker] TRACE org.hibernate.service.internal.AbstractServiceRegistryImpl - Initializing service [role=org.hibernate.engine.jdbc.connections.spi.MultiTenantConnectionProvider]
10:22:21.082 [Test worker] DEBUG org.hibernate.persister.entity.AbstractEntityPersister - Static SQL for entity: com.laundry.laundryMgmt.models.ReservationEntity
10:22:21.082 [Test worker] DEBUG org.hibernate.persister.entity.AbstractEntityPersister -  Version select: select reservation_id from reservation where reservation_id=?
10:22:21.082 [Test worker] DEBUG org.hibernate.persister.entity.AbstractEntityPersister -  Insert (0): insert into reservation (machine_machine_id,reservation_available,reservation_date,reservation_end,reservation_start,reservation_user,reservation_id) values (?,?,?,?,?,?,?)
10:22:21.082 [Test worker] DEBUG org.hibernate.persister.entity.AbstractEntityPersister -  Update (0): update reservation set machine_machine_id=?,reservation_available=?,reservation_date=?,reservation_end=?,reservation_start=?,reservation_user=? where reservation_id=?
10:22:21.082 [Test worker] DEBUG org.hibernate.persister.entity.AbstractEntityPersister -  Delete (0): delete from reservation where reservation_id=?
10:22:21.100 [Test worker] DEBUG org.hibernate.orm.sql.ast.create - Created new SQL alias : r1_0
10:22:21.103 [Test worker] DEBUG org.hibernate.orm.sql.ast.create - Registration of TableGroup [StandardTableGroup(com.laundry.laundryMgmt.models.ReservationEntity)] with identifierForTableGroup [com.laundry.laundryMgmt.models.ReservationEntity] for NavigablePath [com.laundry.laundryMgmt.models.ReservationEntity] 
10:22:21.110 [Test worker] TRACE org.hibernate.loader.ast.internal.LoaderSelectBuilder - Starting visitation of FetchParent's Fetchables : com.laundry.laundryMgmt.models.ReservationEntity
10:22:21.115 [Test worker] DEBUG org.hibernate.orm.sql.ast.create - Registration of TableGroup [org.hibernate.sql.ast.tree.from.LazyTableGroup@4c231f62] with identifierForTableGroup [com.laundry.laundryMgmt.models.ReservationEntity.machine] for NavigablePath [com.laundry.laundryMgmt.models.ReservationEntity.machine] 
10:22:21.117 [Test worker] DEBUG org.hibernate.orm.sql.ast.create - Created new SQL alias : m1_0
10:22:21.120 [Test worker] TRACE org.hibernate.loader.ast.internal.LoaderSelectBuilder - Starting visitation of FetchParent's Fetchables : com.laundry.laundryMgmt.models.ReservationEntity.machine
10:22:21.138 [Test worker] DEBUG org.hibernate.orm.results.graph.AST - DomainResult Graph:
 \-EntityResultImpl [com.laundry.laundryMgmt.models.ReservationEntity]
 |  +-EntityFetchJoinedImpl [com.laundry.laundryMgmt.models.ReservationEntity.machine]
 |  +-BasicFetch [com.laundry.laundryMgmt.models.ReservationEntity.reservationAvailable]
 |  +-BasicFetch [com.laundry.laundryMgmt.models.ReservationEntity.reservationDate]
 |  +-BasicFetch [com.laundry.laundryMgmt.models.ReservationEntity.reservationEndTime]
 |  +-BasicFetch [com.laundry.laundryMgmt.models.ReservationEntity.reservationStartTime]
 |  \-BasicFetch [com.laundry.laundryMgmt.models.ReservationEntity.reservationUser]

10:22:21.138 [Test worker] TRACE org.hibernate.orm.results.graph.AST - Stack trace calling DomainResultGraphPrinter
java.lang.Exception: null
	at org.hibernate.sql.results.graph.DomainResultGraphPrinter.visitDomainResults(DomainResultGraphPrinter.java:70) ~[hibernate-core-6.2.13.Final.jar:6.2.13.Final]
	at org.hibernate.sql.results.graph.DomainResultGraphPrinter.logDomainResultGraph(DomainResultGraphPrinter.java:46) ~[hibernate-core-6.2.13.Final.jar:6.2.13.Final]
	at org.hibernate.sql.results.graph.DomainResultGraphPrinter.logDomainResultGraph(DomainResultGraphPrinter.java:37) ~[hibernate-core-6.2.13.Final.jar:6.2.13.Final]
	at org.hibernate.sql.ast.spi.AbstractSqlAstTranslator.translateSelect(AbstractSqlAstTranslator.java:848) ~[hibernate-core-6.2.13.Final.jar:6.2.13.Final]
	at org.hibernate.sql.ast.spi.AbstractSqlAstTranslator.translate(AbstractSqlAstTranslator.java:801) ~[hibernate-core-6.2.13.Final.jar:6.2.13.Final]
	at org.hibernate.loader.ast.internal.SingleIdLoadPlan.<init>(SingleIdLoadPlan.java:67) ~[hibernate-core-6.2.13.Final.jar:6.2.13.Final]
	at org.hibernate.loader.ast.internal.SingleIdEntityLoaderStandardImpl.createLoadPlan(SingleIdEntityLoaderStandardImpl.java:197) ~[hibernate-core-6.2.13.Final.jar:6.2.13.Final]
	at org.hibernate.loader.ast.internal.SingleIdEntityLoaderStandardImpl.prepare(SingleIdEntityLoaderStandardImpl.java:55) ~[hibernate-core-6.2.13.Final.jar:6.2.13.Final]
	at org.hibernate.persister.entity.AbstractEntityPersister.prepareLoader(AbstractEntityPersister.java:3486) ~[hibernate-core-6.2.13.Final.jar:6.2.13.Final]
	at org.hibernate.persister.entity.AbstractEntityPersister.postInstantiate(AbstractEntityPersister.java:3480) ~[hibernate-core-6.2.13.Final.jar:6.2.13.Final]
	at org.hibernate.metamodel.model.domain.internal.MappingMetamodelImpl.finishInitialization(MappingMetamodelImpl.java:204) ~[hibernate-core-6.2.13.Final.jar:6.2.13.Final]
	at org.hibernate.internal.SessionFactoryImpl.initializeMappingModel(SessionFactoryImpl.java:321) ~[hibernate-core-6.2.13.Final.jar:6.2.13.Final]
	at org.hibernate.internal.SessionFactoryImpl.<init>(SessionFactoryImpl.java:271) ~[hibernate-core-6.2.13.Final.jar:6.2.13.Final]
	at org.hibernate.boot.internal.SessionFactoryBuilderImpl.build(SessionFactoryBuilderImpl.java:444) ~[hibernate-core-6.2.13.Final.jar:6.2.13.Final]
	at org.hibernate.jpa.boot.internal.EntityManagerFactoryBuilderImpl.build(EntityManagerFactoryBuilderImpl.java:1458) ~[hibernate-core-6.2.13.Final.jar:6.2.13.Final]
	at org.springframework.orm.jpa.vendor.SpringHibernateJpaPersistenceProvider.createContainerEntityManagerFactory(SpringHibernateJpaPersistenceProvider.java:75) ~[spring-orm-6.0.13.jar:6.0.13]
	at org.springframework.orm.jpa.LocalContainerEntityManagerFactoryBean.createNativeEntityManagerFactory(LocalContainerEntityManagerFactoryBean.java:376) ~[spring-orm-6.0.13.jar:6.0.13]
	at org.springframework.orm.jpa.AbstractEntityManagerFactoryBean.buildNativeEntityManagerFactory(AbstractEntityManagerFactoryBean.java:409) ~[spring-orm-6.0.13.jar:6.0.13]
	at org.springframework.orm.jpa.AbstractEntityManagerFactoryBean.afterPropertiesSet(AbstractEntityManagerFactoryBean.java:396) ~[spring-orm-6.0.13.jar:6.0.13]
	at org.springframework.orm.jpa.LocalContainerEntityManagerFactoryBean.afterPropertiesSet(LocalContainerEntityManagerFactoryBean.java:352) ~[spring-orm-6.0.13.jar:6.0.13]
	at org.springframework.beans.factory.support.AbstractAutowireCapableBeanFactory.invokeInitMethods(AbstractAutowireCapableBeanFactory.java:1817) ~[spring-beans-6.0.13.jar:6.0.13]
	at org.springframework.beans.factory.support.AbstractAutowireCapableBeanFactory.initializeBean(AbstractAutowireCapableBeanFactory.java:1766) ~[spring-beans-6.0.13.jar:6.0.13]
	at org.springframework.beans.factory.support.AbstractAutowireCapableBeanFactory.doCreateBean(AbstractAutowireCapableBeanFactory.java:598) ~[spring-beans-6.0.13.jar:6.0.13]
	at org.springframework.beans.factory.support.AbstractAutowireCapableBeanFactory.createBean(AbstractAutowireCapableBeanFactory.java:520) ~[spring-beans-6.0.13.jar:6.0.13]
	at org.springframework.beans.factory.support.AbstractBeanFactory.lambda$doGetBean$0(AbstractBeanFactory.java:325) ~[spring-beans-6.0.13.jar:6.0.13]
	at org.springframework.beans.factory.support.DefaultSingletonBeanRegistry.getSingleton(DefaultSingletonBeanRegistry.java:234) ~[spring-beans-6.0.13.jar:6.0.13]
	at org.springframework.beans.factory.support.AbstractBeanFactory.doGetBean(AbstractBeanFactory.java:323) ~[spring-beans-6.0.13.jar:6.0.13]
	at org.springframework.beans.factory.support.AbstractBeanFactory.getBean(AbstractBeanFactory.java:199) ~[spring-beans-6.0.13.jar:6.0.13]
	at org.springframework.context.support.AbstractApplicationContext.getBean(AbstractApplicationContext.java:1166) ~[spring-context-6.0.13.jar:6.0.13]
	at org.springframework.context.support.AbstractApplicationContext.finishBeanFactoryInitialization(AbstractApplicationContext.java:940) ~[spring-context-6.0.13.jar:6.0.13]
	at org.springframework.context.support.AbstractApplicationContext.refresh(AbstractApplicationContext.java:616) ~[spring-context-6.0.13.jar:6.0.13]
	at org.springframework.boot.SpringApplication.refresh(SpringApplication.java:738) ~[spring-boot-3.1.5.jar:3.1.5]
	at org.springframework.boot.SpringApplication.refreshContext(SpringApplication.java:440) ~[spring-boot-3.1.5.jar:3.1.5]
	at org.springframework.boot.SpringApplication.run(SpringApplication.java:316) ~[spring-boot-3.1.5.jar:3.1.5]
	at org.springframework.boot.test.context.SpringBootContextLoader.lambda$loadContext$3(SpringBootContextLoader.java:137) ~[spring-boot-test-3.1.5.jar:3.1.5]
	at org.springframework.util.function.ThrowingSupplier.get(ThrowingSupplier.java:58) ~[spring-core-6.0.13.jar:6.0.13]
	at org.springframework.util.function.ThrowingSupplier.get(ThrowingSupplier.java:46) ~[spring-core-6.0.13.jar:6.0.13]
	at org.springframework.boot.SpringApplication.withHook(SpringApplication.java:1406) ~[spring-boot-3.1.5.jar:3.1.5]
	at org.springframework.boot.test.context.SpringBootContextLoader$ContextLoaderHook.run(SpringBootContextLoader.java:545) ~[spring-boot-test-3.1.5.jar:3.1.5]
	at org.springframework.boot.test.context.SpringBootContextLoader.loadContext(SpringBootContextLoader.java:137) ~[spring-boot-test-3.1.5.jar:3.1.5]
	at org.springframework.boot.test.context.SpringBootContextLoader.loadContext(SpringBootContextLoader.java:108) ~[spring-boot-test-3.1.5.jar:3.1.5]
	at org.springframework.test.context.cache.DefaultCacheAwareContextLoaderDelegate.loadContextInternal(DefaultCacheAwareContextLoaderDelegate.java:187) ~[spring-test-6.0.13.jar:6.0.13]
	at org.springframework.test.context.cache.DefaultCacheAwareContextLoaderDelegate.loadContext(DefaultCacheAwareContextLoaderDelegate.java:119) ~[spring-test-6.0.13.jar:6.0.13]
	at org.springframework.test.context.support.DefaultTestContext.getApplicationContext(DefaultTestContext.java:127) ~[spring-test-6.0.13.jar:6.0.13]
	at org.springframework.test.context.web.ServletTestExecutionListener.setUpRequestContextIfNecessary(ServletTestExecutionListener.java:191) ~[spring-test-6.0.13.jar:6.0.13]
	at org.springframework.test.context.web.ServletTestExecutionListener.prepareTestInstance(ServletTestExecutionListener.java:130) ~[spring-test-6.0.13.jar:6.0.13]
	at org.springframework.test.context.TestContextManager.prepareTestInstance(TestContextManager.java:241) ~[spring-test-6.0.13.jar:6.0.13]
	at org.springframework.test.context.junit.jupiter.SpringExtension.postProcessTestInstance(SpringExtension.java:138) ~[spring-test-6.0.13.jar:6.0.13]
	at org.junit.jupiter.engine.descriptor.ClassBasedTestDescriptor.lambda$invokeTestInstancePostProcessors$8(ClassBasedTestDescriptor.java:363) ~[junit-jupiter-engine-5.8.1.jar:5.8.1]
	at org.junit.jupiter.engine.descriptor.ClassBasedTestDescriptor.executeAndMaskThrowable(ClassBasedTestDescriptor.java:368) ~[junit-jupiter-engine-5.8.1.jar:5.8.1]
	at org.junit.jupiter.engine.descriptor.ClassBasedTestDescriptor.lambda$invokeTestInstancePostProcessors$9(ClassBasedTestDescriptor.java:363) ~[junit-jupiter-engine-5.8.1.jar:5.8.1]
	at java.base/java.util.stream.ReferencePipeline$3$1.accept(ReferencePipeline.java:197) ~[?:?]
	at java.base/java.util.stream.ReferencePipeline$2$1.accept(ReferencePipeline.java:179) ~[?:?]
	at java.base/java.util.ArrayList$ArrayListSpliterator.forEachRemaining(ArrayList.java:1625) ~[?:?]
	at java.base/java.util.stream.AbstractPipeline.copyInto(AbstractPipeline.java:509) ~[?:?]
	at java.base/java.util.stream.AbstractPipeline.wrapAndCopyInto(AbstractPipeline.java:499) ~[?:?]
	at java.base/java.util.stream.StreamSpliterators$WrappingSpliterator.forEachRemaining(StreamSpliterators.java:310) ~[?:?]
	at java.base/java.util.stream.Streams$ConcatSpliterator.forEachRemaining(Streams.java:735) ~[?:?]
	at java.base/java.util.stream.Streams$ConcatSpliterator.forEachRemaining(Streams.java:734) ~[?:?]
	at java.base/java.util.stream.ReferencePipeline$Head.forEach(ReferencePipeline.java:762) ~[?:?]
	at org.junit.jupiter.engine.descriptor.ClassBasedTestDescriptor.invokeTestInstancePostProcessors(ClassBasedTestDescriptor.java:362) ~[junit-jupiter-engine-5.8.1.jar:5.8.1]
	at org.junit.jupiter.engine.descriptor.ClassBasedTestDescriptor.lambda$instantiateAndPostProcessTestInstance$6(ClassBasedTestDescriptor.java:283) ~[junit-jupiter-engine-5.8.1.jar:5.8.1]
	at org.junit.platform.engine.support.hierarchical.ThrowableCollector.execute(ThrowableCollector.java:73) ~[junit-platform-engine-1.9.3.jar:1.9.3]
	at org.junit.jupiter.engine.descriptor.ClassBasedTestDescriptor.instantiateAndPostProcessTestInstance(ClassBasedTestDescriptor.java:282) ~[junit-jupiter-engine-5.8.1.jar:5.8.1]
	at org.junit.jupiter.engine.descriptor.ClassBasedTestDescriptor.lambda$testInstancesProvider$4(ClassBasedTestDescriptor.java:272) ~[junit-jupiter-engine-5.8.1.jar:5.8.1]
	at java.base/java.util.Optional.orElseGet(Optional.java:364) ~[?:?]
	at org.junit.jupiter.engine.descriptor.ClassBasedTestDescriptor.lambda$testInstancesProvider$5(ClassBasedTestDescriptor.java:271) ~[junit-jupiter-engine-5.8.1.jar:5.8.1]
	at org.junit.jupiter.engine.execution.TestInstancesProvider.getTestInstances(TestInstancesProvider.java:31) ~[junit-jupiter-engine-5.8.1.jar:5.8.1]
	at org.junit.jupiter.engine.descriptor.TestMethodTestDescriptor.lambda$prepare$0(TestMethodTestDescriptor.java:102) ~[junit-jupiter-engine-5.8.1.jar:5.8.1]
	at org.junit.platform.engine.support.hierarchical.ThrowableCollector.execute(ThrowableCollector.java:73) ~[junit-platform-engine-1.9.3.jar:1.9.3]
	at org.junit.jupiter.engine.descriptor.TestMethodTestDescriptor.prepare(TestMethodTestDescriptor.java:101) ~[junit-jupiter-engine-5.8.1.jar:5.8.1]
	at org.junit.jupiter.engine.descriptor.TestMethodTestDescriptor.prepare(TestMethodTestDescriptor.java:66) ~[junit-jupiter-engine-5.8.1.jar:5.8.1]
	at org.junit.platform.engine.support.hierarchical.NodeTestTask.lambda$prepare$2(NodeTestTask.java:123) ~[junit-platform-engine-1.9.3.jar:1.9.3]
	at org.junit.platform.engine.support.hierarchical.ThrowableCollector.execute(ThrowableCollector.java:73) ~[junit-platform-engine-1.9.3.jar:1.9.3]
	at org.junit.platform.engine.support.hierarchical.NodeTestTask.prepare(NodeTestTask.java:123) ~[junit-platform-engine-1.9.3.jar:1.9.3]
	at org.junit.platform.engine.support.hierarchical.NodeTestTask.execute(NodeTestTask.java:90) ~[junit-platform-engine-1.9.3.jar:1.9.3]
	at java.base/java.util.ArrayList.forEach(ArrayList.java:1511) ~[?:?]
	at org.junit.platform.engine.support.hierarchical.SameThreadHierarchicalTestExecutorService.invokeAll(SameThreadHierarchicalTestExecutorService.java:41) ~[junit-platform-engine-1.9.3.jar:1.9.3]
	at org.junit.platform.engine.support.hierarchical.NodeTestTask.lambda$executeRecursively$6(NodeTestTask.java:155) ~[junit-platform-engine-1.9.3.jar:1.9.3]
	at org.junit.platform.engine.support.hierarchical.ThrowableCollector.execute(ThrowableCollector.java:73) ~[junit-platform-engine-1.9.3.jar:1.9.3]
	at org.junit.platform.engine.support.hierarchical.NodeTestTask.lambda$executeRecursively$8(NodeTestTask.java:141) ~[junit-platform-engine-1.9.3.jar:1.9.3]
	at org.junit.platform.engine.support.hierarchical.Node.around(Node.java:137) ~[junit-platform-engine-1.9.3.jar:1.9.3]
	at org.junit.platform.engine.support.hierarchical.NodeTestTask.lambda$executeRecursively$9(NodeTestTask.java:139) ~[junit-platform-engine-1.9.3.jar:1.9.3]
	at org.junit.platform.engine.support.hierarchical.ThrowableCollector.execute(ThrowableCollector.java:73) ~[junit-platform-engine-1.9.3.jar:1.9.3]
	at org.junit.platform.engine.support.hierarchical.NodeTestTask.executeRecursively(NodeTestTask.java:138) ~[junit-platform-engine-1.9.3.jar:1.9.3]
	at org.junit.platform.engine.support.hierarchical.NodeTestTask.execute(NodeTestTask.java:95) ~[junit-platform-engine-1.9.3.jar:1.9.3]
	at java.base/java.util.ArrayList.forEach(ArrayList.java:1511) ~[?:?]
	at org.junit.platform.engine.support.hierarchical.SameThreadHierarchicalTestExecutorService.invokeAll(SameThreadHierarchicalTestExecutorService.java:41) ~[junit-platform-engine-1.9.3.jar:1.9.3]
	at org.junit.platform.engine.support.hierarchical.NodeTestTask.lambda$executeRecursively$6(NodeTestTask.java:155) ~[junit-platform-engine-1.9.3.jar:1.9.3]
	at org.junit.platform.engine.support.hierarchical.ThrowableCollector.execute(ThrowableCollector.java:73) ~[junit-platform-engine-1.9.3.jar:1.9.3]
	at org.junit.platform.engine.support.hierarchical.NodeTestTask.lambda$executeRecursively$8(NodeTestTask.java:141) ~[junit-platform-engine-1.9.3.jar:1.9.3]
	at org.junit.platform.engine.support.hierarchical.Node.around(Node.java:137) ~[junit-platform-engine-1.9.3.jar:1.9.3]
	at org.junit.platform.engine.support.hierarchical.NodeTestTask.lambda$executeRecursively$9(NodeTestTask.java:139) ~[junit-platform-engine-1.9.3.jar:1.9.3]
	at org.junit.platform.engine.support.hierarchical.ThrowableCollector.execute(ThrowableCollector.java:73) ~[junit-platform-engine-1.9.3.jar:1.9.3]
	at org.junit.platform.engine.support.hierarchical.NodeTestTask.executeRecursively(NodeTestTask.java:138) ~[junit-platform-engine-1.9.3.jar:1.9.3]
	at org.junit.platform.engine.support.hierarchical.NodeTestTask.execute(NodeTestTask.java:95) ~[junit-platform-engine-1.9.3.jar:1.9.3]
	at org.junit.platform.engine.support.hierarchical.SameThreadHierarchicalTestExecutorService.submit(SameThreadHierarchicalTestExecutorService.java:35) ~[junit-platform-engine-1.9.3.jar:1.9.3]
	at org.junit.platform.engine.support.hierarchical.HierarchicalTestExecutor.execute(HierarchicalTestExecutor.java:57) ~[junit-platform-engine-1.9.3.jar:1.9.3]
	at org.junit.platform.engine.support.hierarchical.HierarchicalTestEngine.execute(HierarchicalTestEngine.java:54) ~[junit-platform-engine-1.9.3.jar:1.9.3]
	at org.junit.platform.launcher.core.EngineExecutionOrchestrator.execute(EngineExecutionOrchestrator.java:107) ~[junit-platform-launcher-1.8.2.jar:1.8.2]
	at org.junit.platform.launcher.core.EngineExecutionOrchestrator.execute(EngineExecutionOrchestrator.java:88) ~[junit-platform-launcher-1.8.2.jar:1.8.2]
	at org.junit.platform.launcher.core.EngineExecutionOrchestrator.lambda$execute$0(EngineExecutionOrchestrator.java:54) ~[junit-platform-launcher-1.8.2.jar:1.8.2]
	at org.junit.platform.launcher.core.EngineExecutionOrchestrator.withInterceptedStreams(EngineExecutionOrchestrator.java:67) [junit-platform-launcher-1.8.2.jar:1.8.2]
	at org.junit.platform.launcher.core.EngineExecutionOrchestrator.execute(EngineExecutionOrchestrator.java:52) [junit-platform-launcher-1.8.2.jar:1.8.2]
	at org.junit.platform.launcher.core.DefaultLauncher.execute(DefaultLauncher.java:114) [junit-platform-launcher-1.8.2.jar:1.8.2]
	at org.junit.platform.launcher.core.DefaultLauncher.execute(DefaultLauncher.java:86) [junit-platform-launcher-1.8.2.jar:1.8.2]
	at org.junit.platform.launcher.core.DefaultLauncherSession$DelegatingLauncher.execute(DefaultLauncherSession.java:86) [junit-platform-launcher-1.8.2.jar:1.8.2]
	at org.gradle.api.internal.tasks.testing.junitplatform.JUnitPlatformTestClassProcessor$CollectAllTestClassesExecutor.processAllTestClasses(JUnitPlatformTestClassProcessor.java:119) [gradle-testing-junit-platform-8.4.jar:8.4]
	at org.gradle.api.internal.tasks.testing.junitplatform.JUnitPlatformTestClassProcessor$CollectAllTestClassesExecutor.access$000(JUnitPlatformTestClassProcessor.java:94) [gradle-testing-junit-platform-8.4.jar:8.4]
	at org.gradle.api.internal.tasks.testing.junitplatform.JUnitPlatformTestClassProcessor.stop(JUnitPlatformTestClassProcessor.java:89) [gradle-testing-junit-platform-8.4.jar:8.4]
	at org.gradle.api.internal.tasks.testing.SuiteTestClassProcessor.stop(SuiteTestClassProcessor.java:62) [gradle-testing-base-8.4.jar:8.4]
	at java.base/jdk.internal.reflect.NativeMethodAccessorImpl.invoke0(Native Method) ~[?:?]
	at java.base/jdk.internal.reflect.NativeMethodAccessorImpl.invoke(NativeMethodAccessorImpl.java:77) ~[?:?]
	at java.base/jdk.internal.reflect.DelegatingMethodAccessorImpl.invoke(DelegatingMethodAccessorImpl.java:43) ~[?:?]
	at java.base/java.lang.reflect.Method.invoke(Method.java:568) ~[?:?]
	at org.gradle.internal.dispatch.ReflectionDispatch.dispatch(ReflectionDispatch.java:36) [gradle-messaging-8.4.jar:8.4]
	at org.gradle.internal.dispatch.ReflectionDispatch.dispatch(ReflectionDispatch.java:24) [gradle-messaging-8.4.jar:8.4]
	at org.gradle.internal.dispatch.ContextClassLoaderDispatch.dispatch(ContextClassLoaderDispatch.java:33) [gradle-messaging-8.4.jar:8.4]
	at org.gradle.internal.dispatch.ProxyDispatchAdapter$DispatchingInvocationHandler.invoke(ProxyDispatchAdapter.java:94) [gradle-messaging-8.4.jar:8.4]
	at jdk.proxy1/jdk.proxy1.$Proxy2.stop(Unknown Source) [?:?]
	at org.gradle.api.internal.tasks.testing.worker.TestWorker$3.run(TestWorker.java:193) [gradle-testing-base-8.4.jar:8.4]
	at org.gradle.api.internal.tasks.testing.worker.TestWorker.executeAndMaintainThreadName(TestWorker.java:129) [gradle-testing-base-8.4.jar:8.4]
	at org.gradle.api.internal.tasks.testing.worker.TestWorker.execute(TestWorker.java:100) [gradle-testing-base-8.4.jar:8.4]
	at org.gradle.api.internal.tasks.testing.worker.TestWorker.execute(TestWorker.java:60) [gradle-testing-base-8.4.jar:8.4]
	at org.gradle.process.internal.worker.child.ActionExecutionWorker.execute(ActionExecutionWorker.java:56) [gradle-worker-processes-8.4.jar:8.4]
	at org.gradle.process.internal.worker.child.SystemApplicationClassLoaderWorker.call(SystemApplicationClassLoaderWorker.java:113) [gradle-worker-processes-8.4.jar:8.4]
	at org.gradle.process.internal.worker.child.SystemApplicationClassLoaderWorker.call(SystemApplicationClassLoaderWorker.java:65) [gradle-worker-processes-8.4.jar:8.4]
	at worker.org.gradle.process.internal.worker.GradleWorkerMain.run(GradleWorkerMain.java:69) [gradle-worker.jar:?]
	at worker.org.gradle.process.internal.worker.GradleWorkerMain.main(GradleWorkerMain.java:74) [gradle-worker.jar:?]
10:22:21.158 [Test worker] DEBUG org.hibernate.orm.sql.ast.tree - SQL AST Tree:
    SelectStatement {
      FromClause {
        StandardTableGroup (r1 : com.laundry.laundryMgmt.models.ReservationEntity) {
          primaryTableReference : reservation as r1_0
          TableGroupJoins {
            left  join LazyTableGroup (m1 : com.laundry.laundryMgmt.models.ReservationEntity.machine) {
              primaryTableReference : machine_entity as m1_0
            }
          }
        }
      }
    }

10:22:21.165 [Test worker] DEBUG org.hibernate.persister.entity.AbstractEntityPersister - Static SQL for entity: com.laundry.laundryMgmt.models.MachineEntity
10:22:21.165 [Test worker] DEBUG org.hibernate.persister.entity.AbstractEntityPersister -  Version select: select machine_id from machine_entity where machine_id=?
10:22:21.165 [Test worker] DEBUG org.hibernate.persister.entity.AbstractEntityPersister -  Insert (0): insert into machine_entity (available,machine_status,progress,starting_time,cycle_type,name,machine_id) values (?,?,?,?,?,?,?)
10:22:21.165 [Test worker] DEBUG org.hibernate.persister.entity.AbstractEntityPersister -  Update (0): update machine_entity set available=?,machine_status=?,progress=?,starting_time=?,cycle_type=?,name=? where machine_id=?
10:22:21.165 [Test worker] DEBUG org.hibernate.persister.entity.AbstractEntityPersister -  Delete (0): delete from machine_entity where machine_id=?
10:22:21.165 [Test worker] DEBUG org.hibernate.orm.sql.ast.create - Created new SQL alias : m1_0
10:22:21.165 [Test worker] DEBUG org.hibernate.orm.sql.ast.create - Registration of TableGroup [StandardTableGroup(com.laundry.laundryMgmt.models.MachineEntity)] with identifierForTableGroup [com.laundry.laundryMgmt.models.MachineEntity] for NavigablePath [com.laundry.laundryMgmt.models.MachineEntity] 
10:22:21.165 [Test worker] TRACE org.hibernate.loader.ast.internal.LoaderSelectBuilder - Starting visitation of FetchParent's Fetchables : com.laundry.laundryMgmt.models.MachineEntity
10:22:21.166 [Test worker] DEBUG org.hibernate.orm.results.graph.AST - DomainResult Graph:
 \-EntityResultImpl [com.laundry.laundryMgmt.models.MachineEntity]
 |  +-BasicFetch [com.laundry.laundryMgmt.models.MachineEntity.Available]
 |  +-BasicFetch [com.laundry.laundryMgmt.models.MachineEntity.MachineStatus]
 |  +-BasicFetch [com.laundry.laundryMgmt.models.MachineEntity.Progress]
 |  +-BasicFetch [com.laundry.laundryMgmt.models.MachineEntity.StartingTime]
 |  +-BasicFetch [com.laundry.laundryMgmt.models.MachineEntity.cycleType]
 |  \-BasicFetch [com.laundry.laundryMgmt.models.MachineEntity.name]

10:22:21.166 [Test worker] TRACE org.hibernate.orm.results.graph.AST - Stack trace calling DomainResultGraphPrinter
java.lang.Exception: null
	at org.hibernate.sql.results.graph.DomainResultGraphPrinter.visitDomainResults(DomainResultGraphPrinter.java:70) ~[hibernate-core-6.2.13.Final.jar:6.2.13.Final]
	at org.hibernate.sql.results.graph.DomainResultGraphPrinter.logDomainResultGraph(DomainResultGraphPrinter.java:46) ~[hibernate-core-6.2.13.Final.jar:6.2.13.Final]
	at org.hibernate.sql.results.graph.DomainResultGraphPrinter.logDomainResultGraph(DomainResultGraphPrinter.java:37) ~[hibernate-core-6.2.13.Final.jar:6.2.13.Final]
	at org.hibernate.sql.ast.spi.AbstractSqlAstTranslator.translateSelect(AbstractSqlAstTranslator.java:848) ~[hibernate-core-6.2.13.Final.jar:6.2.13.Final]
	at org.hibernate.sql.ast.spi.AbstractSqlAstTranslator.translate(AbstractSqlAstTranslator.java:801) ~[hibernate-core-6.2.13.Final.jar:6.2.13.Final]
	at org.hibernate.loader.ast.internal.SingleIdLoadPlan.<init>(SingleIdLoadPlan.java:67) ~[hibernate-core-6.2.13.Final.jar:6.2.13.Final]
	at org.hibernate.loader.ast.internal.SingleIdEntityLoaderStandardImpl.createLoadPlan(SingleIdEntityLoaderStandardImpl.java:197) ~[hibernate-core-6.2.13.Final.jar:6.2.13.Final]
	at org.hibernate.loader.ast.internal.SingleIdEntityLoaderStandardImpl.prepare(SingleIdEntityLoaderStandardImpl.java:55) ~[hibernate-core-6.2.13.Final.jar:6.2.13.Final]
	at org.hibernate.persister.entity.AbstractEntityPersister.prepareLoader(AbstractEntityPersister.java:3486) ~[hibernate-core-6.2.13.Final.jar:6.2.13.Final]
	at org.hibernate.persister.entity.AbstractEntityPersister.postInstantiate(AbstractEntityPersister.java:3480) ~[hibernate-core-6.2.13.Final.jar:6.2.13.Final]
	at org.hibernate.metamodel.model.domain.internal.MappingMetamodelImpl.finishInitialization(MappingMetamodelImpl.java:204) ~[hibernate-core-6.2.13.Final.jar:6.2.13.Final]
	at org.hibernate.internal.SessionFactoryImpl.initializeMappingModel(SessionFactoryImpl.java:321) ~[hibernate-core-6.2.13.Final.jar:6.2.13.Final]
	at org.hibernate.internal.SessionFactoryImpl.<init>(SessionFactoryImpl.java:271) ~[hibernate-core-6.2.13.Final.jar:6.2.13.Final]
	at org.hibernate.boot.internal.SessionFactoryBuilderImpl.build(SessionFactoryBuilderImpl.java:444) ~[hibernate-core-6.2.13.Final.jar:6.2.13.Final]
	at org.hibernate.jpa.boot.internal.EntityManagerFactoryBuilderImpl.build(EntityManagerFactoryBuilderImpl.java:1458) ~[hibernate-core-6.2.13.Final.jar:6.2.13.Final]
	at org.springframework.orm.jpa.vendor.SpringHibernateJpaPersistenceProvider.createContainerEntityManagerFactory(SpringHibernateJpaPersistenceProvider.java:75) ~[spring-orm-6.0.13.jar:6.0.13]
	at org.springframework.orm.jpa.LocalContainerEntityManagerFactoryBean.createNativeEntityManagerFactory(LocalContainerEntityManagerFactoryBean.java:376) ~[spring-orm-6.0.13.jar:6.0.13]
	at org.springframework.orm.jpa.AbstractEntityManagerFactoryBean.buildNativeEntityManagerFactory(AbstractEntityManagerFactoryBean.java:409) ~[spring-orm-6.0.13.jar:6.0.13]
	at org.springframework.orm.jpa.AbstractEntityManagerFactoryBean.afterPropertiesSet(AbstractEntityManagerFactoryBean.java:396) ~[spring-orm-6.0.13.jar:6.0.13]
	at org.springframework.orm.jpa.LocalContainerEntityManagerFactoryBean.afterPropertiesSet(LocalContainerEntityManagerFactoryBean.java:352) ~[spring-orm-6.0.13.jar:6.0.13]
	at org.springframework.beans.factory.support.AbstractAutowireCapableBeanFactory.invokeInitMethods(AbstractAutowireCapableBeanFactory.java:1817) ~[spring-beans-6.0.13.jar:6.0.13]
	at org.springframework.beans.factory.support.AbstractAutowireCapableBeanFactory.initializeBean(AbstractAutowireCapableBeanFactory.java:1766) ~[spring-beans-6.0.13.jar:6.0.13]
	at org.springframework.beans.factory.support.AbstractAutowireCapableBeanFactory.doCreateBean(AbstractAutowireCapableBeanFactory.java:598) ~[spring-beans-6.0.13.jar:6.0.13]
	at org.springframework.beans.factory.support.AbstractAutowireCapableBeanFactory.createBean(AbstractAutowireCapableBeanFactory.java:520) ~[spring-beans-6.0.13.jar:6.0.13]
	at org.springframework.beans.factory.support.AbstractBeanFactory.lambda$doGetBean$0(AbstractBeanFactory.java:325) ~[spring-beans-6.0.13.jar:6.0.13]
	at org.springframework.beans.factory.support.DefaultSingletonBeanRegistry.getSingleton(DefaultSingletonBeanRegistry.java:234) ~[spring-beans-6.0.13.jar:6.0.13]
	at org.springframework.beans.factory.support.AbstractBeanFactory.doGetBean(AbstractBeanFactory.java:323) ~[spring-beans-6.0.13.jar:6.0.13]
	at org.springframework.beans.factory.support.AbstractBeanFactory.getBean(AbstractBeanFactory.java:199) ~[spring-beans-6.0.13.jar:6.0.13]
	at org.springframework.context.support.AbstractApplicationContext.getBean(AbstractApplicationContext.java:1166) ~[spring-context-6.0.13.jar:6.0.13]
	at org.springframework.context.support.AbstractApplicationContext.finishBeanFactoryInitialization(AbstractApplicationContext.java:940) ~[spring-context-6.0.13.jar:6.0.13]
	at org.springframework.context.support.AbstractApplicationContext.refresh(AbstractApplicationContext.java:616) ~[spring-context-6.0.13.jar:6.0.13]
	at org.springframework.boot.SpringApplication.refresh(SpringApplication.java:738) ~[spring-boot-3.1.5.jar:3.1.5]
	at org.springframework.boot.SpringApplication.refreshContext(SpringApplication.java:440) ~[spring-boot-3.1.5.jar:3.1.5]
	at org.springframework.boot.SpringApplication.run(SpringApplication.java:316) ~[spring-boot-3.1.5.jar:3.1.5]
	at org.springframework.boot.test.context.SpringBootContextLoader.lambda$loadContext$3(SpringBootContextLoader.java:137) ~[spring-boot-test-3.1.5.jar:3.1.5]
	at org.springframework.util.function.ThrowingSupplier.get(ThrowingSupplier.java:58) ~[spring-core-6.0.13.jar:6.0.13]
	at org.springframework.util.function.ThrowingSupplier.get(ThrowingSupplier.java:46) ~[spring-core-6.0.13.jar:6.0.13]
	at org.springframework.boot.SpringApplication.withHook(SpringApplication.java:1406) ~[spring-boot-3.1.5.jar:3.1.5]
	at org.springframework.boot.test.context.SpringBootContextLoader$ContextLoaderHook.run(SpringBootContextLoader.java:545) ~[spring-boot-test-3.1.5.jar:3.1.5]
	at org.springframework.boot.test.context.SpringBootContextLoader.loadContext(SpringBootContextLoader.java:137) ~[spring-boot-test-3.1.5.jar:3.1.5]
	at org.springframework.boot.test.context.SpringBootContextLoader.loadContext(SpringBootContextLoader.java:108) ~[spring-boot-test-3.1.5.jar:3.1.5]
	at org.springframework.test.context.cache.DefaultCacheAwareContextLoaderDelegate.loadContextInternal(DefaultCacheAwareContextLoaderDelegate.java:187) ~[spring-test-6.0.13.jar:6.0.13]
	at org.springframework.test.context.cache.DefaultCacheAwareContextLoaderDelegate.loadContext(DefaultCacheAwareContextLoaderDelegate.java:119) ~[spring-test-6.0.13.jar:6.0.13]
	at org.springframework.test.context.support.DefaultTestContext.getApplicationContext(DefaultTestContext.java:127) ~[spring-test-6.0.13.jar:6.0.13]
	at org.springframework.test.context.web.ServletTestExecutionListener.setUpRequestContextIfNecessary(ServletTestExecutionListener.java:191) ~[spring-test-6.0.13.jar:6.0.13]
	at org.springframework.test.context.web.ServletTestExecutionListener.prepareTestInstance(ServletTestExecutionListener.java:130) ~[spring-test-6.0.13.jar:6.0.13]
	at org.springframework.test.context.TestContextManager.prepareTestInstance(TestContextManager.java:241) ~[spring-test-6.0.13.jar:6.0.13]
	at org.springframework.test.context.junit.jupiter.SpringExtension.postProcessTestInstance(SpringExtension.java:138) ~[spring-test-6.0.13.jar:6.0.13]
	at org.junit.jupiter.engine.descriptor.ClassBasedTestDescriptor.lambda$invokeTestInstancePostProcessors$8(ClassBasedTestDescriptor.java:363) ~[junit-jupiter-engine-5.8.1.jar:5.8.1]
	at org.junit.jupiter.engine.descriptor.ClassBasedTestDescriptor.executeAndMaskThrowable(ClassBasedTestDescriptor.java:368) ~[junit-jupiter-engine-5.8.1.jar:5.8.1]
	at org.junit.jupiter.engine.descriptor.ClassBasedTestDescriptor.lambda$invokeTestInstancePostProcessors$9(ClassBasedTestDescriptor.java:363) ~[junit-jupiter-engine-5.8.1.jar:5.8.1]
	at java.base/java.util.stream.ReferencePipeline$3$1.accept(ReferencePipeline.java:197) ~[?:?]
	at java.base/java.util.stream.ReferencePipeline$2$1.accept(ReferencePipeline.java:179) ~[?:?]
	at java.base/java.util.ArrayList$ArrayListSpliterator.forEachRemaining(ArrayList.java:1625) ~[?:?]
	at java.base/java.util.stream.AbstractPipeline.copyInto(AbstractPipeline.java:509) ~[?:?]
	at java.base/java.util.stream.AbstractPipeline.wrapAndCopyInto(AbstractPipeline.java:499) ~[?:?]
	at java.base/java.util.stream.StreamSpliterators$WrappingSpliterator.forEachRemaining(StreamSpliterators.java:310) ~[?:?]
	at java.base/java.util.stream.Streams$ConcatSpliterator.forEachRemaining(Streams.java:735) ~[?:?]
	at java.base/java.util.stream.Streams$ConcatSpliterator.forEachRemaining(Streams.java:734) ~[?:?]
	at java.base/java.util.stream.ReferencePipeline$Head.forEach(ReferencePipeline.java:762) ~[?:?]
	at org.junit.jupiter.engine.descriptor.ClassBasedTestDescriptor.invokeTestInstancePostProcessors(ClassBasedTestDescriptor.java:362) ~[junit-jupiter-engine-5.8.1.jar:5.8.1]
	at org.junit.jupiter.engine.descriptor.ClassBasedTestDescriptor.lambda$instantiateAndPostProcessTestInstance$6(ClassBasedTestDescriptor.java:283) ~[junit-jupiter-engine-5.8.1.jar:5.8.1]
	at org.junit.platform.engine.support.hierarchical.ThrowableCollector.execute(ThrowableCollector.java:73) ~[junit-platform-engine-1.9.3.jar:1.9.3]
	at org.junit.jupiter.engine.descriptor.ClassBasedTestDescriptor.instantiateAndPostProcessTestInstance(ClassBasedTestDescriptor.java:282) ~[junit-jupiter-engine-5.8.1.jar:5.8.1]
	at org.junit.jupiter.engine.descriptor.ClassBasedTestDescriptor.lambda$testInstancesProvider$4(ClassBasedTestDescriptor.java:272) ~[junit-jupiter-engine-5.8.1.jar:5.8.1]
	at java.base/java.util.Optional.orElseGet(Optional.java:364) ~[?:?]
	at org.junit.jupiter.engine.descriptor.ClassBasedTestDescriptor.lambda$testInstancesProvider$5(ClassBasedTestDescriptor.java:271) ~[junit-jupiter-engine-5.8.1.jar:5.8.1]
	at org.junit.jupiter.engine.execution.TestInstancesProvider.getTestInstances(TestInstancesProvider.java:31) ~[junit-jupiter-engine-5.8.1.jar:5.8.1]
	at org.junit.jupiter.engine.descriptor.TestMethodTestDescriptor.lambda$prepare$0(TestMethodTestDescriptor.java:102) ~[junit-jupiter-engine-5.8.1.jar:5.8.1]
	at org.junit.platform.engine.support.hierarchical.ThrowableCollector.execute(ThrowableCollector.java:73) ~[junit-platform-engine-1.9.3.jar:1.9.3]
	at org.junit.jupiter.engine.descriptor.TestMethodTestDescriptor.prepare(TestMethodTestDescriptor.java:101) ~[junit-jupiter-engine-5.8.1.jar:5.8.1]
	at org.junit.jupiter.engine.descriptor.TestMethodTestDescriptor.prepare(TestMethodTestDescriptor.java:66) ~[junit-jupiter-engine-5.8.1.jar:5.8.1]
	at org.junit.platform.engine.support.hierarchical.NodeTestTask.lambda$prepare$2(NodeTestTask.java:123) ~[junit-platform-engine-1.9.3.jar:1.9.3]
	at org.junit.platform.engine.support.hierarchical.ThrowableCollector.execute(ThrowableCollector.java:73) ~[junit-platform-engine-1.9.3.jar:1.9.3]
	at org.junit.platform.engine.support.hierarchical.NodeTestTask.prepare(NodeTestTask.java:123) ~[junit-platform-engine-1.9.3.jar:1.9.3]
	at org.junit.platform.engine.support.hierarchical.NodeTestTask.execute(NodeTestTask.java:90) ~[junit-platform-engine-1.9.3.jar:1.9.3]
	at java.base/java.util.ArrayList.forEach(ArrayList.java:1511) ~[?:?]
	at org.junit.platform.engine.support.hierarchical.SameThreadHierarchicalTestExecutorService.invokeAll(SameThreadHierarchicalTestExecutorService.java:41) ~[junit-platform-engine-1.9.3.jar:1.9.3]
	at org.junit.platform.engine.support.hierarchical.NodeTestTask.lambda$executeRecursively$6(NodeTestTask.java:155) ~[junit-platform-engine-1.9.3.jar:1.9.3]
	at org.junit.platform.engine.support.hierarchical.ThrowableCollector.execute(ThrowableCollector.java:73) ~[junit-platform-engine-1.9.3.jar:1.9.3]
	at org.junit.platform.engine.support.hierarchical.NodeTestTask.lambda$executeRecursively$8(NodeTestTask.java:141) ~[junit-platform-engine-1.9.3.jar:1.9.3]
	at org.junit.platform.engine.support.hierarchical.Node.around(Node.java:137) ~[junit-platform-engine-1.9.3.jar:1.9.3]
	at org.junit.platform.engine.support.hierarchical.NodeTestTask.lambda$executeRecursively$9(NodeTestTask.java:139) ~[junit-platform-engine-1.9.3.jar:1.9.3]
	at org.junit.platform.engine.support.hierarchical.ThrowableCollector.execute(ThrowableCollector.java:73) ~[junit-platform-engine-1.9.3.jar:1.9.3]
	at org.junit.platform.engine.support.hierarchical.NodeTestTask.executeRecursively(NodeTestTask.java:138) ~[junit-platform-engine-1.9.3.jar:1.9.3]
	at org.junit.platform.engine.support.hierarchical.NodeTestTask.execute(NodeTestTask.java:95) ~[junit-platform-engine-1.9.3.jar:1.9.3]
	at java.base/java.util.ArrayList.forEach(ArrayList.java:1511) ~[?:?]
	at org.junit.platform.engine.support.hierarchical.SameThreadHierarchicalTestExecutorService.invokeAll(SameThreadHierarchicalTestExecutorService.java:41) ~[junit-platform-engine-1.9.3.jar:1.9.3]
	at org.junit.platform.engine.support.hierarchical.NodeTestTask.lambda$executeRecursively$6(NodeTestTask.java:155) ~[junit-platform-engine-1.9.3.jar:1.9.3]
	at org.junit.platform.engine.support.hierarchical.ThrowableCollector.execute(ThrowableCollector.java:73) ~[junit-platform-engine-1.9.3.jar:1.9.3]
	at org.junit.platform.engine.support.hierarchical.NodeTestTask.lambda$executeRecursively$8(NodeTestTask.java:141) ~[junit-platform-engine-1.9.3.jar:1.9.3]
	at org.junit.platform.engine.support.hierarchical.Node.around(Node.java:137) ~[junit-platform-engine-1.9.3.jar:1.9.3]
	at org.junit.platform.engine.support.hierarchical.NodeTestTask.lambda$executeRecursively$9(NodeTestTask.java:139) ~[junit-platform-engine-1.9.3.jar:1.9.3]
	at org.junit.platform.engine.support.hierarchical.ThrowableCollector.execute(ThrowableCollector.java:73) ~[junit-platform-engine-1.9.3.jar:1.9.3]
	at org.junit.platform.engine.support.hierarchical.NodeTestTask.executeRecursively(NodeTestTask.java:138) ~[junit-platform-engine-1.9.3.jar:1.9.3]
	at org.junit.platform.engine.support.hierarchical.NodeTestTask.execute(NodeTestTask.java:95) ~[junit-platform-engine-1.9.3.jar:1.9.3]
	at org.junit.platform.engine.support.hierarchical.SameThreadHierarchicalTestExecutorService.submit(SameThreadHierarchicalTestExecutorService.java:35) ~[junit-platform-engine-1.9.3.jar:1.9.3]
	at org.junit.platform.engine.support.hierarchical.HierarchicalTestExecutor.execute(HierarchicalTestExecutor.java:57) ~[junit-platform-engine-1.9.3.jar:1.9.3]
	at org.junit.platform.engine.support.hierarchical.HierarchicalTestEngine.execute(HierarchicalTestEngine.java:54) ~[junit-platform-engine-1.9.3.jar:1.9.3]
	at org.junit.platform.launcher.core.EngineExecutionOrchestrator.execute(EngineExecutionOrchestrator.java:107) ~[junit-platform-launcher-1.8.2.jar:1.8.2]
	at org.junit.platform.launcher.core.EngineExecutionOrchestrator.execute(EngineExecutionOrchestrator.java:88) ~[junit-platform-launcher-1.8.2.jar:1.8.2]
	at org.junit.platform.launcher.core.EngineExecutionOrchestrator.lambda$execute$0(EngineExecutionOrchestrator.java:54) ~[junit-platform-launcher-1.8.2.jar:1.8.2]
	at org.junit.platform.launcher.core.EngineExecutionOrchestrator.withInterceptedStreams(EngineExecutionOrchestrator.java:67) [junit-platform-launcher-1.8.2.jar:1.8.2]
	at org.junit.platform.launcher.core.EngineExecutionOrchestrator.execute(EngineExecutionOrchestrator.java:52) [junit-platform-launcher-1.8.2.jar:1.8.2]
	at org.junit.platform.launcher.core.DefaultLauncher.execute(DefaultLauncher.java:114) [junit-platform-launcher-1.8.2.jar:1.8.2]
	at org.junit.platform.launcher.core.DefaultLauncher.execute(DefaultLauncher.java:86) [junit-platform-launcher-1.8.2.jar:1.8.2]
	at org.junit.platform.launcher.core.DefaultLauncherSession$DelegatingLauncher.execute(DefaultLauncherSession.java:86) [junit-platform-launcher-1.8.2.jar:1.8.2]
	at org.gradle.api.internal.tasks.testing.junitplatform.JUnitPlatformTestClassProcessor$CollectAllTestClassesExecutor.processAllTestClasses(JUnitPlatformTestClassProcessor.java:119) [gradle-testing-junit-platform-8.4.jar:8.4]
	at org.gradle.api.internal.tasks.testing.junitplatform.JUnitPlatformTestClassProcessor$CollectAllTestClassesExecutor.access$000(JUnitPlatformTestClassProcessor.java:94) [gradle-testing-junit-platform-8.4.jar:8.4]
	at org.gradle.api.internal.tasks.testing.junitplatform.JUnitPlatformTestClassProcessor.stop(JUnitPlatformTestClassProcessor.java:89) [gradle-testing-junit-platform-8.4.jar:8.4]
	at org.gradle.api.internal.tasks.testing.SuiteTestClassProcessor.stop(SuiteTestClassProcessor.java:62) [gradle-testing-base-8.4.jar:8.4]
	at java.base/jdk.internal.reflect.NativeMethodAccessorImpl.invoke0(Native Method) ~[?:?]
	at java.base/jdk.internal.reflect.NativeMethodAccessorImpl.invoke(NativeMethodAccessorImpl.java:77) ~[?:?]
	at java.base/jdk.internal.reflect.DelegatingMethodAccessorImpl.invoke(DelegatingMethodAccessorImpl.java:43) ~[?:?]
	at java.base/java.lang.reflect.Method.invoke(Method.java:568) ~[?:?]
	at org.gradle.internal.dispatch.ReflectionDispatch.dispatch(ReflectionDispatch.java:36) [gradle-messaging-8.4.jar:8.4]
	at org.gradle.internal.dispatch.ReflectionDispatch.dispatch(ReflectionDispatch.java:24) [gradle-messaging-8.4.jar:8.4]
	at org.gradle.internal.dispatch.ContextClassLoaderDispatch.dispatch(ContextClassLoaderDispatch.java:33) [gradle-messaging-8.4.jar:8.4]
	at org.gradle.internal.dispatch.ProxyDispatchAdapter$DispatchingInvocationHandler.invoke(ProxyDispatchAdapter.java:94) [gradle-messaging-8.4.jar:8.4]
	at jdk.proxy1/jdk.proxy1.$Proxy2.stop(Unknown Source) [?:?]
	at org.gradle.api.internal.tasks.testing.worker.TestWorker$3.run(TestWorker.java:193) [gradle-testing-base-8.4.jar:8.4]
	at org.gradle.api.internal.tasks.testing.worker.TestWorker.executeAndMaintainThreadName(TestWorker.java:129) [gradle-testing-base-8.4.jar:8.4]
	at org.gradle.api.internal.tasks.testing.worker.TestWorker.execute(TestWorker.java:100) [gradle-testing-base-8.4.jar:8.4]
	at org.gradle.api.internal.tasks.testing.worker.TestWorker.execute(TestWorker.java:60) [gradle-testing-base-8.4.jar:8.4]
	at org.gradle.process.internal.worker.child.ActionExecutionWorker.execute(ActionExecutionWorker.java:56) [gradle-worker-processes-8.4.jar:8.4]
	at org.gradle.process.internal.worker.child.SystemApplicationClassLoaderWorker.call(SystemApplicationClassLoaderWorker.java:113) [gradle-worker-processes-8.4.jar:8.4]
	at org.gradle.process.internal.worker.child.SystemApplicationClassLoaderWorker.call(SystemApplicationClassLoaderWorker.java:65) [gradle-worker-processes-8.4.jar:8.4]
	at worker.org.gradle.process.internal.worker.GradleWorkerMain.run(GradleWorkerMain.java:69) [gradle-worker.jar:?]
	at worker.org.gradle.process.internal.worker.GradleWorkerMain.main(GradleWorkerMain.java:74) [gradle-worker.jar:?]
10:22:21.172 [Test worker] DEBUG org.hibernate.orm.sql.ast.tree - SQL AST Tree:
    SelectStatement {
      FromClause {
        StandardTableGroup (m1 : com.laundry.laundryMgmt.models.MachineEntity) {
          primaryTableReference : machine_entity as m1_0
        }
      }
    }

10:22:21.173 [Test worker] DEBUG org.hibernate.persister.entity.AbstractEntityPersister - Static SQL for entity: com.laundry.laundryMgmt.models.SensorEntity
10:22:21.173 [Test worker] DEBUG org.hibernate.persister.entity.AbstractEntityPersister -  Version select: select sensor_id from sensor_entity where sensor_id=?
10:22:21.173 [Test worker] DEBUG org.hibernate.persister.entity.AbstractEntityPersister -  Insert (0): insert into sensor_entity (measure,machine_machine_id,sensor_name,sensor_type,status,sensor_id) values (?,?,?,?,?,?)
10:22:21.173 [Test worker] DEBUG org.hibernate.persister.entity.AbstractEntityPersister -  Update (0): update sensor_entity set measure=?,machine_machine_id=?,sensor_name=?,sensor_type=?,status=? where sensor_id=?
10:22:21.173 [Test worker] DEBUG org.hibernate.persister.entity.AbstractEntityPersister -  Delete (0): delete from sensor_entity where sensor_id=?
10:22:21.173 [Test worker] DEBUG org.hibernate.orm.sql.ast.create - Created new SQL alias : s1_0
10:22:21.173 [Test worker] DEBUG org.hibernate.orm.sql.ast.create - Registration of TableGroup [StandardTableGroup(com.laundry.laundryMgmt.models.SensorEntity)] with identifierForTableGroup [com.laundry.laundryMgmt.models.SensorEntity] for NavigablePath [com.laundry.laundryMgmt.models.SensorEntity] 
10:22:21.173 [Test worker] TRACE org.hibernate.loader.ast.internal.LoaderSelectBuilder - Starting visitation of FetchParent's Fetchables : com.laundry.laundryMgmt.models.SensorEntity
10:22:21.173 [Test worker] DEBUG org.hibernate.orm.sql.ast.create - Registration of TableGroup [org.hibernate.sql.ast.tree.from.LazyTableGroup@24ea71d] with identifierForTableGroup [com.laundry.laundryMgmt.models.SensorEntity.machine] for NavigablePath [com.laundry.laundryMgmt.models.SensorEntity.machine] 
10:22:21.173 [Test worker] DEBUG org.hibernate.orm.sql.ast.create - Created new SQL alias : m1_0
10:22:21.173 [Test worker] TRACE org.hibernate.loader.ast.internal.LoaderSelectBuilder - Starting visitation of FetchParent's Fetchables : com.laundry.laundryMgmt.models.SensorEntity.machine
10:22:21.174 [Test worker] DEBUG org.hibernate.orm.results.graph.AST - DomainResult Graph:
 \-EntityResultImpl [com.laundry.laundryMgmt.models.SensorEntity]
 |  +-BasicFetch [com.laundry.laundryMgmt.models.SensorEntity.Measure]
 |  +-EntityFetchJoinedImpl [com.laundry.laundryMgmt.models.SensorEntity.machine]
 |  +-BasicFetch [com.laundry.laundryMgmt.models.SensorEntity.sensorName]
 |  +-BasicFetch [com.laundry.laundryMgmt.models.SensorEntity.sensorType]
 |  \-BasicFetch [com.laundry.laundryMgmt.models.SensorEntity.status]

10:22:21.174 [Test worker] TRACE org.hibernate.orm.results.graph.AST - Stack trace calling DomainResultGraphPrinter
java.lang.Exception: null
	at org.hibernate.sql.results.graph.DomainResultGraphPrinter.visitDomainResults(DomainResultGraphPrinter.java:70) ~[hibernate-core-6.2.13.Final.jar:6.2.13.Final]
	at org.hibernate.sql.results.graph.DomainResultGraphPrinter.logDomainResultGraph(DomainResultGraphPrinter.java:46) ~[hibernate-core-6.2.13.Final.jar:6.2.13.Final]
	at org.hibernate.sql.results.graph.DomainResultGraphPrinter.logDomainResultGraph(DomainResultGraphPrinter.java:37) ~[hibernate-core-6.2.13.Final.jar:6.2.13.Final]
	at org.hibernate.sql.ast.spi.AbstractSqlAstTranslator.translateSelect(AbstractSqlAstTranslator.java:848) ~[hibernate-core-6.2.13.Final.jar:6.2.13.Final]
	at org.hibernate.sql.ast.spi.AbstractSqlAstTranslator.translate(AbstractSqlAstTranslator.java:801) ~[hibernate-core-6.2.13.Final.jar:6.2.13.Final]
	at org.hibernate.loader.ast.internal.SingleIdLoadPlan.<init>(SingleIdLoadPlan.java:67) ~[hibernate-core-6.2.13.Final.jar:6.2.13.Final]
	at org.hibernate.loader.ast.internal.SingleIdEntityLoaderStandardImpl.createLoadPlan(SingleIdEntityLoaderStandardImpl.java:197) ~[hibernate-core-6.2.13.Final.jar:6.2.13.Final]
	at org.hibernate.loader.ast.internal.SingleIdEntityLoaderStandardImpl.prepare(SingleIdEntityLoaderStandardImpl.java:55) ~[hibernate-core-6.2.13.Final.jar:6.2.13.Final]
	at org.hibernate.persister.entity.AbstractEntityPersister.prepareLoader(AbstractEntityPersister.java:3486) ~[hibernate-core-6.2.13.Final.jar:6.2.13.Final]
	at org.hibernate.persister.entity.AbstractEntityPersister.postInstantiate(AbstractEntityPersister.java:3480) ~[hibernate-core-6.2.13.Final.jar:6.2.13.Final]
	at org.hibernate.metamodel.model.domain.internal.MappingMetamodelImpl.finishInitialization(MappingMetamodelImpl.java:204) ~[hibernate-core-6.2.13.Final.jar:6.2.13.Final]
	at org.hibernate.internal.SessionFactoryImpl.initializeMappingModel(SessionFactoryImpl.java:321) ~[hibernate-core-6.2.13.Final.jar:6.2.13.Final]
	at org.hibernate.internal.SessionFactoryImpl.<init>(SessionFactoryImpl.java:271) ~[hibernate-core-6.2.13.Final.jar:6.2.13.Final]
	at org.hibernate.boot.internal.SessionFactoryBuilderImpl.build(SessionFactoryBuilderImpl.java:444) ~[hibernate-core-6.2.13.Final.jar:6.2.13.Final]
	at org.hibernate.jpa.boot.internal.EntityManagerFactoryBuilderImpl.build(EntityManagerFactoryBuilderImpl.java:1458) ~[hibernate-core-6.2.13.Final.jar:6.2.13.Final]
	at org.springframework.orm.jpa.vendor.SpringHibernateJpaPersistenceProvider.createContainerEntityManagerFactory(SpringHibernateJpaPersistenceProvider.java:75) ~[spring-orm-6.0.13.jar:6.0.13]
	at org.springframework.orm.jpa.LocalContainerEntityManagerFactoryBean.createNativeEntityManagerFactory(LocalContainerEntityManagerFactoryBean.java:376) ~[spring-orm-6.0.13.jar:6.0.13]
	at org.springframework.orm.jpa.AbstractEntityManagerFactoryBean.buildNativeEntityManagerFactory(AbstractEntityManagerFactoryBean.java:409) ~[spring-orm-6.0.13.jar:6.0.13]
	at org.springframework.orm.jpa.AbstractEntityManagerFactoryBean.afterPropertiesSet(AbstractEntityManagerFactoryBean.java:396) ~[spring-orm-6.0.13.jar:6.0.13]
	at org.springframework.orm.jpa.LocalContainerEntityManagerFactoryBean.afterPropertiesSet(LocalContainerEntityManagerFactoryBean.java:352) ~[spring-orm-6.0.13.jar:6.0.13]
	at org.springframework.beans.factory.support.AbstractAutowireCapableBeanFactory.invokeInitMethods(AbstractAutowireCapableBeanFactory.java:1817) ~[spring-beans-6.0.13.jar:6.0.13]
	at org.springframework.beans.factory.support.AbstractAutowireCapableBeanFactory.initializeBean(AbstractAutowireCapableBeanFactory.java:1766) ~[spring-beans-6.0.13.jar:6.0.13]
	at org.springframework.beans.factory.support.AbstractAutowireCapableBeanFactory.doCreateBean(AbstractAutowireCapableBeanFactory.java:598) ~[spring-beans-6.0.13.jar:6.0.13]
	at org.springframework.beans.factory.support.AbstractAutowireCapableBeanFactory.createBean(AbstractAutowireCapableBeanFactory.java:520) ~[spring-beans-6.0.13.jar:6.0.13]
	at org.springframework.beans.factory.support.AbstractBeanFactory.lambda$doGetBean$0(AbstractBeanFactory.java:325) ~[spring-beans-6.0.13.jar:6.0.13]
	at org.springframework.beans.factory.support.DefaultSingletonBeanRegistry.getSingleton(DefaultSingletonBeanRegistry.java:234) ~[spring-beans-6.0.13.jar:6.0.13]
	at org.springframework.beans.factory.support.AbstractBeanFactory.doGetBean(AbstractBeanFactory.java:323) ~[spring-beans-6.0.13.jar:6.0.13]
	at org.springframework.beans.factory.support.AbstractBeanFactory.getBean(AbstractBeanFactory.java:199) ~[spring-beans-6.0.13.jar:6.0.13]
	at org.springframework.context.support.AbstractApplicationContext.getBean(AbstractApplicationContext.java:1166) ~[spring-context-6.0.13.jar:6.0.13]
	at org.springframework.context.support.AbstractApplicationContext.finishBeanFactoryInitialization(AbstractApplicationContext.java:940) ~[spring-context-6.0.13.jar:6.0.13]
	at org.springframework.context.support.AbstractApplicationContext.refresh(AbstractApplicationContext.java:616) ~[spring-context-6.0.13.jar:6.0.13]
	at org.springframework.boot.SpringApplication.refresh(SpringApplication.java:738) ~[spring-boot-3.1.5.jar:3.1.5]
	at org.springframework.boot.SpringApplication.refreshContext(SpringApplication.java:440) ~[spring-boot-3.1.5.jar:3.1.5]
	at org.springframework.boot.SpringApplication.run(SpringApplication.java:316) ~[spring-boot-3.1.5.jar:3.1.5]
	at org.springframework.boot.test.context.SpringBootContextLoader.lambda$loadContext$3(SpringBootContextLoader.java:137) ~[spring-boot-test-3.1.5.jar:3.1.5]
	at org.springframework.util.function.ThrowingSupplier.get(ThrowingSupplier.java:58) ~[spring-core-6.0.13.jar:6.0.13]
	at org.springframework.util.function.ThrowingSupplier.get(ThrowingSupplier.java:46) ~[spring-core-6.0.13.jar:6.0.13]
	at org.springframework.boot.SpringApplication.withHook(SpringApplication.java:1406) ~[spring-boot-3.1.5.jar:3.1.5]
	at org.springframework.boot.test.context.SpringBootContextLoader$ContextLoaderHook.run(SpringBootContextLoader.java:545) ~[spring-boot-test-3.1.5.jar:3.1.5]
	at org.springframework.boot.test.context.SpringBootContextLoader.loadContext(SpringBootContextLoader.java:137) ~[spring-boot-test-3.1.5.jar:3.1.5]
	at org.springframework.boot.test.context.SpringBootContextLoader.loadContext(SpringBootContextLoader.java:108) ~[spring-boot-test-3.1.5.jar:3.1.5]
	at org.springframework.test.context.cache.DefaultCacheAwareContextLoaderDelegate.loadContextInternal(DefaultCacheAwareContextLoaderDelegate.java:187) ~[spring-test-6.0.13.jar:6.0.13]
	at org.springframework.test.context.cache.DefaultCacheAwareContextLoaderDelegate.loadContext(DefaultCacheAwareContextLoaderDelegate.java:119) ~[spring-test-6.0.13.jar:6.0.13]
	at org.springframework.test.context.support.DefaultTestContext.getApplicationContext(DefaultTestContext.java:127) ~[spring-test-6.0.13.jar:6.0.13]
	at org.springframework.test.context.web.ServletTestExecutionListener.setUpRequestContextIfNecessary(ServletTestExecutionListener.java:191) ~[spring-test-6.0.13.jar:6.0.13]
	at org.springframework.test.context.web.ServletTestExecutionListener.prepareTestInstance(ServletTestExecutionListener.java:130) ~[spring-test-6.0.13.jar:6.0.13]
	at org.springframework.test.context.TestContextManager.prepareTestInstance(TestContextManager.java:241) ~[spring-test-6.0.13.jar:6.0.13]
	at org.springframework.test.context.junit.jupiter.SpringExtension.postProcessTestInstance(SpringExtension.java:138) ~[spring-test-6.0.13.jar:6.0.13]
	at org.junit.jupiter.engine.descriptor.ClassBasedTestDescriptor.lambda$invokeTestInstancePostProcessors$8(ClassBasedTestDescriptor.java:363) ~[junit-jupiter-engine-5.8.1.jar:5.8.1]
	at org.junit.jupiter.engine.descriptor.ClassBasedTestDescriptor.executeAndMaskThrowable(ClassBasedTestDescriptor.java:368) ~[junit-jupiter-engine-5.8.1.jar:5.8.1]
	at org.junit.jupiter.engine.descriptor.ClassBasedTestDescriptor.lambda$invokeTestInstancePostProcessors$9(ClassBasedTestDescriptor.java:363) ~[junit-jupiter-engine-5.8.1.jar:5.8.1]
	at java.base/java.util.stream.ReferencePipeline$3$1.accept(ReferencePipeline.java:197) ~[?:?]
	at java.base/java.util.stream.ReferencePipeline$2$1.accept(ReferencePipeline.java:179) ~[?:?]
	at java.base/java.util.ArrayList$ArrayListSpliterator.forEachRemaining(ArrayList.java:1625) ~[?:?]
	at java.base/java.util.stream.AbstractPipeline.copyInto(AbstractPipeline.java:509) ~[?:?]
	at java.base/java.util.stream.AbstractPipeline.wrapAndCopyInto(AbstractPipeline.java:499) ~[?:?]
	at java.base/java.util.stream.StreamSpliterators$WrappingSpliterator.forEachRemaining(StreamSpliterators.java:310) ~[?:?]
	at java.base/java.util.stream.Streams$ConcatSpliterator.forEachRemaining(Streams.java:735) ~[?:?]
	at java.base/java.util.stream.Streams$ConcatSpliterator.forEachRemaining(Streams.java:734) ~[?:?]
	at java.base/java.util.stream.ReferencePipeline$Head.forEach(ReferencePipeline.java:762) ~[?:?]
	at org.junit.jupiter.engine.descriptor.ClassBasedTestDescriptor.invokeTestInstancePostProcessors(ClassBasedTestDescriptor.java:362) ~[junit-jupiter-engine-5.8.1.jar:5.8.1]
	at org.junit.jupiter.engine.descriptor.ClassBasedTestDescriptor.lambda$instantiateAndPostProcessTestInstance$6(ClassBasedTestDescriptor.java:283) ~[junit-jupiter-engine-5.8.1.jar:5.8.1]
	at org.junit.platform.engine.support.hierarchical.ThrowableCollector.execute(ThrowableCollector.java:73) ~[junit-platform-engine-1.9.3.jar:1.9.3]
	at org.junit.jupiter.engine.descriptor.ClassBasedTestDescriptor.instantiateAndPostProcessTestInstance(ClassBasedTestDescriptor.java:282) ~[junit-jupiter-engine-5.8.1.jar:5.8.1]
	at org.junit.jupiter.engine.descriptor.ClassBasedTestDescriptor.lambda$testInstancesProvider$4(ClassBasedTestDescriptor.java:272) ~[junit-jupiter-engine-5.8.1.jar:5.8.1]
	at java.base/java.util.Optional.orElseGet(Optional.java:364) ~[?:?]
	at org.junit.jupiter.engine.descriptor.ClassBasedTestDescriptor.lambda$testInstancesProvider$5(ClassBasedTestDescriptor.java:271) ~[junit-jupiter-engine-5.8.1.jar:5.8.1]
	at org.junit.jupiter.engine.execution.TestInstancesProvider.getTestInstances(TestInstancesProvider.java:31) ~[junit-jupiter-engine-5.8.1.jar:5.8.1]
	at org.junit.jupiter.engine.descriptor.TestMethodTestDescriptor.lambda$prepare$0(TestMethodTestDescriptor.java:102) ~[junit-jupiter-engine-5.8.1.jar:5.8.1]
	at org.junit.platform.engine.support.hierarchical.ThrowableCollector.execute(ThrowableCollector.java:73) ~[junit-platform-engine-1.9.3.jar:1.9.3]
	at org.junit.jupiter.engine.descriptor.TestMethodTestDescriptor.prepare(TestMethodTestDescriptor.java:101) ~[junit-jupiter-engine-5.8.1.jar:5.8.1]
	at org.junit.jupiter.engine.descriptor.TestMethodTestDescriptor.prepare(TestMethodTestDescriptor.java:66) ~[junit-jupiter-engine-5.8.1.jar:5.8.1]
	at org.junit.platform.engine.support.hierarchical.NodeTestTask.lambda$prepare$2(NodeTestTask.java:123) ~[junit-platform-engine-1.9.3.jar:1.9.3]
	at org.junit.platform.engine.support.hierarchical.ThrowableCollector.execute(ThrowableCollector.java:73) ~[junit-platform-engine-1.9.3.jar:1.9.3]
	at org.junit.platform.engine.support.hierarchical.NodeTestTask.prepare(NodeTestTask.java:123) ~[junit-platform-engine-1.9.3.jar:1.9.3]
	at org.junit.platform.engine.support.hierarchical.NodeTestTask.execute(NodeTestTask.java:90) ~[junit-platform-engine-1.9.3.jar:1.9.3]
	at java.base/java.util.ArrayList.forEach(ArrayList.java:1511) ~[?:?]
	at org.junit.platform.engine.support.hierarchical.SameThreadHierarchicalTestExecutorService.invokeAll(SameThreadHierarchicalTestExecutorService.java:41) ~[junit-platform-engine-1.9.3.jar:1.9.3]
	at org.junit.platform.engine.support.hierarchical.NodeTestTask.lambda$executeRecursively$6(NodeTestTask.java:155) ~[junit-platform-engine-1.9.3.jar:1.9.3]
	at org.junit.platform.engine.support.hierarchical.ThrowableCollector.execute(ThrowableCollector.java:73) ~[junit-platform-engine-1.9.3.jar:1.9.3]
	at org.junit.platform.engine.support.hierarchical.NodeTestTask.lambda$executeRecursively$8(NodeTestTask.java:141) ~[junit-platform-engine-1.9.3.jar:1.9.3]
	at org.junit.platform.engine.support.hierarchical.Node.around(Node.java:137) ~[junit-platform-engine-1.9.3.jar:1.9.3]
	at org.junit.platform.engine.support.hierarchical.NodeTestTask.lambda$executeRecursively$9(NodeTestTask.java:139) ~[junit-platform-engine-1.9.3.jar:1.9.3]
	at org.junit.platform.engine.support.hierarchical.ThrowableCollector.execute(ThrowableCollector.java:73) ~[junit-platform-engine-1.9.3.jar:1.9.3]
	at org.junit.platform.engine.support.hierarchical.NodeTestTask.executeRecursively(NodeTestTask.java:138) ~[junit-platform-engine-1.9.3.jar:1.9.3]
	at org.junit.platform.engine.support.hierarchical.NodeTestTask.execute(NodeTestTask.java:95) ~[junit-platform-engine-1.9.3.jar:1.9.3]
	at java.base/java.util.ArrayList.forEach(ArrayList.java:1511) ~[?:?]
	at org.junit.platform.engine.support.hierarchical.SameThreadHierarchicalTestExecutorService.invokeAll(SameThreadHierarchicalTestExecutorService.java:41) ~[junit-platform-engine-1.9.3.jar:1.9.3]
	at org.junit.platform.engine.support.hierarchical.NodeTestTask.lambda$executeRecursively$6(NodeTestTask.java:155) ~[junit-platform-engine-1.9.3.jar:1.9.3]
	at org.junit.platform.engine.support.hierarchical.ThrowableCollector.execute(ThrowableCollector.java:73) ~[junit-platform-engine-1.9.3.jar:1.9.3]
	at org.junit.platform.engine.support.hierarchical.NodeTestTask.lambda$executeRecursively$8(NodeTestTask.java:141) ~[junit-platform-engine-1.9.3.jar:1.9.3]
	at org.junit.platform.engine.support.hierarchical.Node.around(Node.java:137) ~[junit-platform-engine-1.9.3.jar:1.9.3]
	at org.junit.platform.engine.support.hierarchical.NodeTestTask.lambda$executeRecursively$9(NodeTestTask.java:139) ~[junit-platform-engine-1.9.3.jar:1.9.3]
	at org.junit.platform.engine.support.hierarchical.ThrowableCollector.execute(ThrowableCollector.java:73) ~[junit-platform-engine-1.9.3.jar:1.9.3]
	at org.junit.platform.engine.support.hierarchical.NodeTestTask.executeRecursively(NodeTestTask.java:138) ~[junit-platform-engine-1.9.3.jar:1.9.3]
	at org.junit.platform.engine.support.hierarchical.NodeTestTask.execute(NodeTestTask.java:95) ~[junit-platform-engine-1.9.3.jar:1.9.3]
	at org.junit.platform.engine.support.hierarchical.SameThreadHierarchicalTestExecutorService.submit(SameThreadHierarchicalTestExecutorService.java:35) ~[junit-platform-engine-1.9.3.jar:1.9.3]
	at org.junit.platform.engine.support.hierarchical.HierarchicalTestExecutor.execute(HierarchicalTestExecutor.java:57) ~[junit-platform-engine-1.9.3.jar:1.9.3]
	at org.junit.platform.engine.support.hierarchical.HierarchicalTestEngine.execute(HierarchicalTestEngine.java:54) ~[junit-platform-engine-1.9.3.jar:1.9.3]
	at org.junit.platform.launcher.core.EngineExecutionOrchestrator.execute(EngineExecutionOrchestrator.java:107) ~[junit-platform-launcher-1.8.2.jar:1.8.2]
	at org.junit.platform.launcher.core.EngineExecutionOrchestrator.execute(EngineExecutionOrchestrator.java:88) ~[junit-platform-launcher-1.8.2.jar:1.8.2]
	at org.junit.platform.launcher.core.EngineExecutionOrchestrator.lambda$execute$0(EngineExecutionOrchestrator.java:54) ~[junit-platform-launcher-1.8.2.jar:1.8.2]
	at org.junit.platform.launcher.core.EngineExecutionOrchestrator.withInterceptedStreams(EngineExecutionOrchestrator.java:67) [junit-platform-launcher-1.8.2.jar:1.8.2]
	at org.junit.platform.launcher.core.EngineExecutionOrchestrator.execute(EngineExecutionOrchestrator.java:52) [junit-platform-launcher-1.8.2.jar:1.8.2]
	at org.junit.platform.launcher.core.DefaultLauncher.execute(DefaultLauncher.java:114) [junit-platform-launcher-1.8.2.jar:1.8.2]
	at org.junit.platform.launcher.core.DefaultLauncher.execute(DefaultLauncher.java:86) [junit-platform-launcher-1.8.2.jar:1.8.2]
	at org.junit.platform.launcher.core.DefaultLauncherSession$DelegatingLauncher.execute(DefaultLauncherSession.java:86) [junit-platform-launcher-1.8.2.jar:1.8.2]
	at org.gradle.api.internal.tasks.testing.junitplatform.JUnitPlatformTestClassProcessor$CollectAllTestClassesExecutor.processAllTestClasses(JUnitPlatformTestClassProcessor.java:119) [gradle-testing-junit-platform-8.4.jar:8.4]
	at org.gradle.api.internal.tasks.testing.junitplatform.JUnitPlatformTestClassProcessor$CollectAllTestClassesExecutor.access$000(JUnitPlatformTestClassProcessor.java:94) [gradle-testing-junit-platform-8.4.jar:8.4]
	at org.gradle.api.internal.tasks.testing.junitplatform.JUnitPlatformTestClassProcessor.stop(JUnitPlatformTestClassProcessor.java:89) [gradle-testing-junit-platform-8.4.jar:8.4]
	at org.gradle.api.internal.tasks.testing.SuiteTestClassProcessor.stop(SuiteTestClassProcessor.java:62) [gradle-testing-base-8.4.jar:8.4]
	at java.base/jdk.internal.reflect.NativeMethodAccessorImpl.invoke0(Native Method) ~[?:?]
	at java.base/jdk.internal.reflect.NativeMethodAccessorImpl.invoke(NativeMethodAccessorImpl.java:77) ~[?:?]
	at java.base/jdk.internal.reflect.DelegatingMethodAccessorImpl.invoke(DelegatingMethodAccessorImpl.java:43) ~[?:?]
	at java.base/java.lang.reflect.Method.invoke(Method.java:568) ~[?:?]
	at org.gradle.internal.dispatch.ReflectionDispatch.dispatch(ReflectionDispatch.java:36) [gradle-messaging-8.4.jar:8.4]
	at org.gradle.internal.dispatch.ReflectionDispatch.dispatch(ReflectionDispatch.java:24) [gradle-messaging-8.4.jar:8.4]
	at org.gradle.internal.dispatch.ContextClassLoaderDispatch.dispatch(ContextClassLoaderDispatch.java:33) [gradle-messaging-8.4.jar:8.4]
	at org.gradle.internal.dispatch.ProxyDispatchAdapter$DispatchingInvocationHandler.invoke(ProxyDispatchAdapter.java:94) [gradle-messaging-8.4.jar:8.4]
	at jdk.proxy1/jdk.proxy1.$Proxy2.stop(Unknown Source) [?:?]
	at org.gradle.api.internal.tasks.testing.worker.TestWorker$3.run(TestWorker.java:193) [gradle-testing-base-8.4.jar:8.4]
	at org.gradle.api.internal.tasks.testing.worker.TestWorker.executeAndMaintainThreadName(TestWorker.java:129) [gradle-testing-base-8.4.jar:8.4]
	at org.gradle.api.internal.tasks.testing.worker.TestWorker.execute(TestWorker.java:100) [gradle-testing-base-8.4.jar:8.4]
	at org.gradle.api.internal.tasks.testing.worker.TestWorker.execute(TestWorker.java:60) [gradle-testing-base-8.4.jar:8.4]
	at org.gradle.process.internal.worker.child.ActionExecutionWorker.execute(ActionExecutionWorker.java:56) [gradle-worker-processes-8.4.jar:8.4]
	at org.gradle.process.internal.worker.child.SystemApplicationClassLoaderWorker.call(SystemApplicationClassLoaderWorker.java:113) [gradle-worker-processes-8.4.jar:8.4]
	at org.gradle.process.internal.worker.child.SystemApplicationClassLoaderWorker.call(SystemApplicationClassLoaderWorker.java:65) [gradle-worker-processes-8.4.jar:8.4]
	at worker.org.gradle.process.internal.worker.GradleWorkerMain.run(GradleWorkerMain.java:69) [gradle-worker.jar:?]
	at worker.org.gradle.process.internal.worker.GradleWorkerMain.main(GradleWorkerMain.java:74) [gradle-worker.jar:?]
10:22:21.177 [Test worker] DEBUG org.hibernate.orm.sql.ast.tree - SQL AST Tree:
    SelectStatement {
      FromClause {
        StandardTableGroup (s1 : com.laundry.laundryMgmt.models.SensorEntity) {
          primaryTableReference : sensor_entity as s1_0
          TableGroupJoins {
            left  join LazyTableGroup (m1 : com.laundry.laundryMgmt.models.SensorEntity.machine) {
              primaryTableReference : machine_entity as m1_0
            }
          }
        }
      }
    }

10:22:21.191 [Test worker] TRACE org.hibernate.metamodel.internal.MetadataContext - Wrapping up metadata context...
10:22:21.192 [Test worker] TRACE org.hibernate.metamodel.internal.MetadataContext - Starting entity [com.laundry.laundryMgmt.models.ReservationEntity]
10:22:21.192 [Test worker] TRACE org.hibernate.metamodel.internal.AttributeFactory - Building identifier attribute [com.laundry.laundryMgmt.models.ReservationEntity.reservationId]
10:22:21.193 [Test worker] TRACE org.hibernate.metamodel.internal.AttributeFactory - Starting attribute metadata determination [reservationId]
10:22:21.194 [Test worker] TRACE org.hibernate.metamodel.internal.AttributeFactory -     Determined member [public long com.laundry.laundryMgmt.models.ReservationEntity.reservationId]
10:22:21.194 [Test worker] TRACE org.hibernate.metamodel.internal.AttributeFactory -     Determined type [name=long, class=org.hibernate.type.internal.NamedBasicTypeImpl]
10:22:21.199 [Test worker] TRACE org.hibernate.metamodel.internal.AttributeFactory - Building attribute [com.laundry.laundryMgmt.models.ReservationEntity.machine]
10:22:21.199 [Test worker] TRACE org.hibernate.metamodel.internal.AttributeFactory - Starting attribute metadata determination [machine]
10:22:21.199 [Test worker] TRACE org.hibernate.metamodel.internal.AttributeFactory -     Determined member [private com.laundry.laundryMgmt.models.MachineEntity com.laundry.laundryMgmt.models.ReservationEntity.machine]
10:22:21.199 [Test worker] TRACE org.hibernate.metamodel.internal.AttributeFactory -     Determined type [name=com.laundry.laundryMgmt.models.MachineEntity, class=org.hibernate.type.ManyToOneType]
10:22:21.200 [Test worker] TRACE org.hibernate.metamodel.internal.AttributeFactory - Building attribute [com.laundry.laundryMgmt.models.ReservationEntity.reservationAvailable]
10:22:21.200 [Test worker] TRACE org.hibernate.metamodel.internal.AttributeFactory - Starting attribute metadata determination [reservationAvailable]
10:22:21.201 [Test worker] TRACE org.hibernate.metamodel.internal.AttributeFactory -     Determined member [private java.lang.Boolean com.laundry.laundryMgmt.models.ReservationEntity.reservationAvailable]
10:22:21.201 [Test worker] TRACE org.hibernate.metamodel.internal.AttributeFactory -     Determined type [name=boolean, class=org.hibernate.type.internal.NamedBasicTypeImpl]
10:22:21.201 [Test worker] TRACE org.hibernate.metamodel.internal.AttributeFactory - Building attribute [com.laundry.laundryMgmt.models.ReservationEntity.reservationDate]
10:22:21.201 [Test worker] TRACE org.hibernate.metamodel.internal.AttributeFactory - Starting attribute metadata determination [reservationDate]
10:22:21.201 [Test worker] TRACE org.hibernate.metamodel.internal.AttributeFactory -     Determined member [private java.time.LocalDate com.laundry.laundryMgmt.models.ReservationEntity.reservationDate]
10:22:21.201 [Test worker] TRACE org.hibernate.metamodel.internal.AttributeFactory -     Determined type [name=LocalDate, class=org.hibernate.type.internal.NamedBasicTypeImpl]
10:22:21.201 [Test worker] TRACE org.hibernate.metamodel.internal.AttributeFactory - Building attribute [com.laundry.laundryMgmt.models.ReservationEntity.reservationEndTime]
10:22:21.201 [Test worker] TRACE org.hibernate.metamodel.internal.AttributeFactory - Starting attribute metadata determination [reservationEndTime]
10:22:21.201 [Test worker] TRACE org.hibernate.metamodel.internal.AttributeFactory -     Determined member [private java.time.LocalTime com.laundry.laundryMgmt.models.ReservationEntity.reservationEndTime]
10:22:21.201 [Test worker] TRACE org.hibernate.metamodel.internal.AttributeFactory -     Determined type [name=LocalTime, class=org.hibernate.type.internal.NamedBasicTypeImpl]
10:22:21.201 [Test worker] TRACE org.hibernate.metamodel.internal.AttributeFactory - Building attribute [com.laundry.laundryMgmt.models.ReservationEntity.reservationStartTime]
10:22:21.201 [Test worker] TRACE org.hibernate.metamodel.internal.AttributeFactory - Starting attribute metadata determination [reservationStartTime]
10:22:21.201 [Test worker] TRACE org.hibernate.metamodel.internal.AttributeFactory -     Determined member [private java.time.LocalTime com.laundry.laundryMgmt.models.ReservationEntity.reservationStartTime]
10:22:21.201 [Test worker] TRACE org.hibernate.metamodel.internal.AttributeFactory -     Determined type [name=LocalTime, class=org.hibernate.type.internal.NamedBasicTypeImpl]
10:22:21.201 [Test worker] TRACE org.hibernate.metamodel.internal.AttributeFactory - Building attribute [com.laundry.laundryMgmt.models.ReservationEntity.reservationUser]
10:22:21.201 [Test worker] TRACE org.hibernate.metamodel.internal.AttributeFactory - Starting attribute metadata determination [reservationUser]
10:22:21.201 [Test worker] TRACE org.hibernate.metamodel.internal.AttributeFactory -     Determined member [private java.lang.String com.laundry.laundryMgmt.models.ReservationEntity.reservationUser]
10:22:21.201 [Test worker] TRACE org.hibernate.metamodel.internal.AttributeFactory -     Determined type [name=string, class=org.hibernate.type.internal.NamedBasicTypeImpl]
10:22:21.202 [Test worker] TRACE org.hibernate.metamodel.model.domain.AbstractIdentifiableType - Interpreting domain-model identifier descriptor
10:22:21.202 [Test worker] TRACE org.hibernate.metamodel.internal.MetadataContext - Completed entity [com.laundry.laundryMgmt.models.ReservationEntity]
10:22:21.203 [Test worker] TRACE org.hibernate.metamodel.internal.MetadataContext - Starting entity [com.laundry.laundryMgmt.models.MachineEntity]
10:22:21.203 [Test worker] TRACE org.hibernate.metamodel.internal.AttributeFactory - Building identifier attribute [com.laundry.laundryMgmt.models.MachineEntity.machineId]
10:22:21.203 [Test worker] TRACE org.hibernate.metamodel.internal.AttributeFactory - Starting attribute metadata determination [machineId]
10:22:21.203 [Test worker] TRACE org.hibernate.metamodel.internal.AttributeFactory -     Determined member [public long com.laundry.laundryMgmt.models.MachineEntity.machineId]
10:22:21.203 [Test worker] TRACE org.hibernate.metamodel.internal.AttributeFactory -     Determined type [name=long, class=org.hibernate.type.internal.NamedBasicTypeImpl]
10:22:21.203 [Test worker] TRACE org.hibernate.metamodel.internal.AttributeFactory - Building attribute [com.laundry.laundryMgmt.models.MachineEntity.Available]
10:22:21.203 [Test worker] TRACE org.hibernate.metamodel.internal.AttributeFactory - Starting attribute metadata determination [Available]
10:22:21.203 [Test worker] TRACE org.hibernate.metamodel.internal.AttributeFactory -     Determined member [private boolean com.laundry.laundryMgmt.models.MachineEntity.Available]
10:22:21.203 [Test worker] TRACE org.hibernate.metamodel.internal.AttributeFactory -     Determined type [name=boolean, class=org.hibernate.type.internal.NamedBasicTypeImpl]
10:22:21.203 [Test worker] TRACE org.hibernate.metamodel.internal.AttributeFactory - Building attribute [com.laundry.laundryMgmt.models.MachineEntity.MachineStatus]
10:22:21.203 [Test worker] TRACE org.hibernate.metamodel.internal.AttributeFactory - Starting attribute metadata determination [MachineStatus]
10:22:21.203 [Test worker] TRACE org.hibernate.metamodel.internal.AttributeFactory -     Determined member [private boolean com.laundry.laundryMgmt.models.MachineEntity.MachineStatus]
10:22:21.203 [Test worker] TRACE org.hibernate.metamodel.internal.AttributeFactory -     Determined type [name=boolean, class=org.hibernate.type.internal.NamedBasicTypeImpl]
10:22:21.203 [Test worker] TRACE org.hibernate.metamodel.internal.AttributeFactory - Building attribute [com.laundry.laundryMgmt.models.MachineEntity.Progress]
10:22:21.203 [Test worker] TRACE org.hibernate.metamodel.internal.AttributeFactory - Starting attribute metadata determination [Progress]
10:22:21.203 [Test worker] TRACE org.hibernate.metamodel.internal.AttributeFactory -     Determined member [private int com.laundry.laundryMgmt.models.MachineEntity.Progress]
10:22:21.203 [Test worker] TRACE org.hibernate.metamodel.internal.AttributeFactory -     Determined type [name=integer, class=org.hibernate.type.internal.NamedBasicTypeImpl]
10:22:21.203 [Test worker] TRACE org.hibernate.metamodel.internal.AttributeFactory - Building attribute [com.laundry.laundryMgmt.models.MachineEntity.StartingTime]
10:22:21.203 [Test worker] TRACE org.hibernate.metamodel.internal.AttributeFactory - Starting attribute metadata determination [StartingTime]
10:22:21.203 [Test worker] TRACE org.hibernate.metamodel.internal.AttributeFactory -     Determined member [private java.time.LocalTime com.laundry.laundryMgmt.models.MachineEntity.StartingTime]
10:22:21.203 [Test worker] TRACE org.hibernate.metamodel.internal.AttributeFactory -     Determined type [name=LocalTime, class=org.hibernate.type.internal.NamedBasicTypeImpl]
10:22:21.203 [Test worker] TRACE org.hibernate.metamodel.internal.AttributeFactory - Building attribute [com.laundry.laundryMgmt.models.MachineEntity.cycleType]
10:22:21.203 [Test worker] TRACE org.hibernate.metamodel.internal.AttributeFactory - Starting attribute metadata determination [cycleType]
10:22:21.203 [Test worker] TRACE org.hibernate.metamodel.internal.AttributeFactory -     Determined member [private com.laundry.laundryMgmt.models.CycleType com.laundry.laundryMgmt.models.MachineEntity.cycleType]
10:22:21.203 [Test worker] TRACE org.hibernate.metamodel.internal.AttributeFactory -     Determined type [name=enum::com.laundry.laundryMgmt.models.CycleType::STRING, class=org.hibernate.type.internal.ConvertedBasicTypeImpl]
10:22:21.203 [Test worker] TRACE org.hibernate.metamodel.internal.AttributeFactory - Building attribute [com.laundry.laundryMgmt.models.MachineEntity.name]
10:22:21.203 [Test worker] TRACE org.hibernate.metamodel.internal.AttributeFactory - Starting attribute metadata determination [name]
10:22:21.204 [Test worker] TRACE org.hibernate.metamodel.internal.AttributeFactory -     Determined member [private java.lang.String com.laundry.laundryMgmt.models.MachineEntity.name]
10:22:21.204 [Test worker] TRACE org.hibernate.metamodel.internal.AttributeFactory -     Determined type [name=string, class=org.hibernate.type.internal.NamedBasicTypeImpl]
10:22:21.204 [Test worker] TRACE org.hibernate.metamodel.model.domain.AbstractIdentifiableType - Interpreting domain-model identifier descriptor
10:22:21.204 [Test worker] TRACE org.hibernate.metamodel.internal.MetadataContext - Completed entity [com.laundry.laundryMgmt.models.MachineEntity]
10:22:21.204 [Test worker] TRACE org.hibernate.metamodel.internal.MetadataContext - Starting entity [com.laundry.laundryMgmt.models.SensorEntity]
10:22:21.204 [Test worker] TRACE org.hibernate.metamodel.internal.AttributeFactory - Building identifier attribute [com.laundry.laundryMgmt.models.SensorEntity.sensorId]
10:22:21.204 [Test worker] TRACE org.hibernate.metamodel.internal.AttributeFactory - Starting attribute metadata determination [sensorId]
10:22:21.204 [Test worker] TRACE org.hibernate.metamodel.internal.AttributeFactory -     Determined member [public long com.laundry.laundryMgmt.models.SensorEntity.sensorId]
10:22:21.204 [Test worker] TRACE org.hibernate.metamodel.internal.AttributeFactory -     Determined type [name=long, class=org.hibernate.type.internal.NamedBasicTypeImpl]
10:22:21.204 [Test worker] TRACE org.hibernate.metamodel.internal.AttributeFactory - Building attribute [com.laundry.laundryMgmt.models.SensorEntity.Measure]
10:22:21.204 [Test worker] TRACE org.hibernate.metamodel.internal.AttributeFactory - Starting attribute metadata determination [Measure]
10:22:21.204 [Test worker] TRACE org.hibernate.metamodel.internal.AttributeFactory -     Determined member [private int com.laundry.laundryMgmt.models.SensorEntity.Measure]
10:22:21.204 [Test worker] TRACE org.hibernate.metamodel.internal.AttributeFactory -     Determined type [name=integer, class=org.hibernate.type.internal.NamedBasicTypeImpl]
10:22:21.204 [Test worker] TRACE org.hibernate.metamodel.internal.AttributeFactory - Building attribute [com.laundry.laundryMgmt.models.SensorEntity.machine]
10:22:21.204 [Test worker] TRACE org.hibernate.metamodel.internal.AttributeFactory - Starting attribute metadata determination [machine]
10:22:21.204 [Test worker] TRACE org.hibernate.metamodel.internal.AttributeFactory -     Determined member [private com.laundry.laundryMgmt.models.MachineEntity com.laundry.laundryMgmt.models.SensorEntity.machine]
10:22:21.204 [Test worker] TRACE org.hibernate.metamodel.internal.AttributeFactory -     Determined type [name=com.laundry.laundryMgmt.models.MachineEntity, class=org.hibernate.type.ManyToOneType]
10:22:21.204 [Test worker] TRACE org.hibernate.metamodel.internal.AttributeFactory - Building attribute [com.laundry.laundryMgmt.models.SensorEntity.sensorName]
10:22:21.205 [Test worker] TRACE org.hibernate.metamodel.internal.AttributeFactory - Starting attribute metadata determination [sensorName]
10:22:21.205 [Test worker] TRACE org.hibernate.metamodel.internal.AttributeFactory -     Determined member [public java.lang.String com.laundry.laundryMgmt.models.SensorEntity.sensorName]
10:22:21.205 [Test worker] TRACE org.hibernate.metamodel.internal.AttributeFactory -     Determined type [name=string, class=org.hibernate.type.internal.NamedBasicTypeImpl]
10:22:21.205 [Test worker] TRACE org.hibernate.metamodel.internal.AttributeFactory - Building attribute [com.laundry.laundryMgmt.models.SensorEntity.sensorType]
10:22:21.205 [Test worker] TRACE org.hibernate.metamodel.internal.AttributeFactory - Starting attribute metadata determination [sensorType]
10:22:21.205 [Test worker] TRACE org.hibernate.metamodel.internal.AttributeFactory -     Determined member [private com.laundry.laundryMgmt.models.SensorType com.laundry.laundryMgmt.models.SensorEntity.sensorType]
10:22:21.205 [Test worker] TRACE org.hibernate.metamodel.internal.AttributeFactory -     Determined type [name=enum::com.laundry.laundryMgmt.models.SensorType::STRING, class=org.hibernate.type.internal.ConvertedBasicTypeImpl]
10:22:21.205 [Test worker] TRACE org.hibernate.metamodel.internal.AttributeFactory - Building attribute [com.laundry.laundryMgmt.models.SensorEntity.status]
10:22:21.205 [Test worker] TRACE org.hibernate.metamodel.internal.AttributeFactory - Starting attribute metadata determination [status]
10:22:21.205 [Test worker] TRACE org.hibernate.metamodel.internal.AttributeFactory -     Determined member [private boolean com.laundry.laundryMgmt.models.SensorEntity.status]
10:22:21.205 [Test worker] TRACE org.hibernate.metamodel.internal.AttributeFactory -     Determined type [name=boolean, class=org.hibernate.type.internal.NamedBasicTypeImpl]
10:22:21.205 [Test worker] TRACE org.hibernate.metamodel.model.domain.AbstractIdentifiableType - Interpreting domain-model identifier descriptor
10:22:21.205 [Test worker] TRACE org.hibernate.metamodel.internal.MetadataContext - Completed entity [com.laundry.laundryMgmt.models.SensorEntity]
10:22:21.209 [Test worker] TRACE org.hibernate.service.internal.AbstractServiceRegistryImpl - Initializing service [role=org.hibernate.engine.transaction.jta.platform.spi.JtaPlatform]
10:22:21.209 [Test worker] INFO  org.hibernate.engine.transaction.jta.platform.internal.JtaPlatformInitiator - HHH000489: No JTA platform available (set 'hibernate.transaction.jta.platform' to enable JTA platform integration)
10:22:21.210 [Test worker] DEBUG org.hibernate.type.spi.TypeConfiguration$Scope - Scoping TypeConfiguration [org.hibernate.type.spi.TypeConfiguration@1dd9a3ae] to SessionFactoryImplementor [org.hibernate.internal.SessionFactoryImpl@2b826482]
10:22:21.213 [Test worker] DEBUG org.hibernate.query.named.NamedObjectRepository - Checking 0 named HQL queries
10:22:21.213 [Test worker] DEBUG org.hibernate.query.named.NamedObjectRepository - Checking 0 named SQL queries
10:22:21.215 [Test worker] TRACE org.hibernate.service.internal.AbstractServiceRegistryImpl - Initializing service [role=org.hibernate.tool.schema.spi.SchemaManagementTool]
10:22:21.220 [Test worker] TRACE org.hibernate.service.internal.AbstractServiceRegistryImpl - Initializing service [role=org.hibernate.engine.jdbc.connections.spi.MultiTenantConnectionProvider]
10:22:21.222 [Test worker] TRACE org.hibernate.service.internal.AbstractServiceRegistryImpl - Initializing service [role=org.hibernate.tool.schema.spi.SqlScriptCommandExtractor]
10:22:21.226 [Test worker] TRACE org.hibernate.engine.jdbc.env.internal.NormalizingIdentifierHelperImpl - Normalizing identifier quoting [null]
10:22:21.226 [Test worker] TRACE org.hibernate.engine.jdbc.env.internal.NormalizingIdentifierHelperImpl - Normalizing identifier quoting [null]
10:22:21.227 [Test worker] DEBUG org.hibernate.SQL - drop table if exists machine_entity cascade 
Hibernate: drop table if exists machine_entity cascade 
10:22:21.231 [Test worker] DEBUG org.hibernate.SQL - drop table if exists reservation cascade 
Hibernate: drop table if exists reservation cascade 
10:22:21.231 [Test worker] DEBUG org.hibernate.SQL - drop table if exists sensor_entity cascade 
Hibernate: drop table if exists sensor_entity cascade 
10:22:21.232 [Test worker] DEBUG org.hibernate.SQL - drop sequence if exists machine_entity_seq
Hibernate: drop sequence if exists machine_entity_seq
10:22:21.232 [Test worker] DEBUG org.hibernate.SQL - drop sequence if exists reservation_seq
Hibernate: drop sequence if exists reservation_seq
10:22:21.233 [Test worker] DEBUG org.hibernate.SQL - drop sequence if exists sensor_entity_seq
Hibernate: drop sequence if exists sensor_entity_seq
10:22:21.235 [Test worker] TRACE org.hibernate.service.internal.AbstractServiceRegistryImpl - Initializing service [role=org.hibernate.engine.jdbc.connections.spi.MultiTenantConnectionProvider]
10:22:21.236 [Test worker] TRACE org.hibernate.engine.jdbc.env.internal.NormalizingIdentifierHelperImpl - Normalizing identifier quoting [null]
10:22:21.236 [Test worker] TRACE org.hibernate.engine.jdbc.env.internal.NormalizingIdentifierHelperImpl - Normalizing identifier quoting [null]
10:22:21.242 [Test worker] DEBUG org.hibernate.SQL - create sequence machine_entity_seq start with 1 increment by 50
Hibernate: create sequence machine_entity_seq start with 1 increment by 50
10:22:21.245 [Test worker] DEBUG org.hibernate.SQL - create sequence reservation_seq start with 1 increment by 50
Hibernate: create sequence reservation_seq start with 1 increment by 50
10:22:21.246 [Test worker] DEBUG org.hibernate.SQL - create sequence sensor_entity_seq start with 1 increment by 50
Hibernate: create sequence sensor_entity_seq start with 1 increment by 50
10:22:21.250 [Test worker] DEBUG org.hibernate.SQL - create table machine_entity (available boolean, machine_status boolean, progress integer, starting_time time(6), machine_id bigint not null, cycle_type varchar(255) check (cycle_type in ('CYCLE_TYPE_A_1','CYCLE_TYPE_A_2','CYCLE_TYPE_A_3','CYCLE_TYPE_B_1','CYCLE_TYPE__2','CYCLE_TYPE_B_3','CYCLE_TYPE_C_1','CYCLE_TYPE_C_2','CYCLE_TYPE_C_3')), name varchar(255) not null, primary key (machine_id))
Hibernate: create table machine_entity (available boolean, machine_status boolean, progress integer, starting_time time(6), machine_id bigint not null, cycle_type varchar(255) check (cycle_type in ('CYCLE_TYPE_A_1','CYCLE_TYPE_A_2','CYCLE_TYPE_A_3','CYCLE_TYPE_B_1','CYCLE_TYPE__2','CYCLE_TYPE_B_3','CYCLE_TYPE_C_1','CYCLE_TYPE_C_2','CYCLE_TYPE_C_3')), name varchar(255) not null, primary key (machine_id))
10:22:21.258 [Test worker] DEBUG org.hibernate.SQL - create table reservation (reservation_available boolean, reservation_date date, reservation_end time(6), reservation_start time(6), machine_machine_id bigint, reservation_id bigint not null, reservation_user varchar(255) not null, primary key (reservation_id))
Hibernate: create table reservation (reservation_available boolean, reservation_date date, reservation_end time(6), reservation_start time(6), machine_machine_id bigint, reservation_id bigint not null, reservation_user varchar(255) not null, primary key (reservation_id))
10:22:21.259 [Test worker] DEBUG org.hibernate.SQL - create table sensor_entity (measure integer, status boolean, machine_machine_id bigint, sensor_id bigint not null, sensor_name varchar(255), sensor_type varchar(255) check (sensor_type in ('TEMPERATURE','HUMIDITY','LIGHT','LEVEL')), primary key (sensor_id))
Hibernate: create table sensor_entity (measure integer, status boolean, machine_machine_id bigint, sensor_id bigint not null, sensor_name varchar(255), sensor_type varchar(255) check (sensor_type in ('TEMPERATURE','HUMIDITY','LIGHT','LEVEL')), primary key (sensor_id))
10:22:21.261 [Test worker] DEBUG org.hibernate.SQL - alter table if exists reservation add constraint FKqrdfugi7krjacygnvou7rr6yp foreign key (machine_machine_id) references machine_entity
Hibernate: alter table if exists reservation add constraint FKqrdfugi7krjacygnvou7rr6yp foreign key (machine_machine_id) references machine_entity
10:22:21.267 [Test worker] DEBUG org.hibernate.SQL - alter table if exists sensor_entity add constraint FKfdysuxx2d36pba5lqr4amwmmy foreign key (machine_machine_id) references machine_entity
Hibernate: alter table if exists sensor_entity add constraint FKfdysuxx2d36pba5lqr4amwmmy foreign key (machine_machine_id) references machine_entity
10:22:21.269 [Test worker] TRACE org.hibernate.engine.jdbc.env.internal.NormalizingIdentifierHelperImpl - Normalizing identifier quoting [null]
10:22:21.269 [Test worker] TRACE org.hibernate.engine.jdbc.env.internal.NormalizingIdentifierHelperImpl - Normalizing identifier quoting [null]
10:22:21.271 [Test worker] DEBUG org.hibernate.internal.SessionFactoryRegistry - Initializing SessionFactoryRegistry : org.hibernate.internal.SessionFactoryRegistry@579cfcc4
10:22:21.271 [Test worker] DEBUG org.hibernate.internal.SessionFactoryRegistry - Registering SessionFactory: 72738052-4cca-4490-b8bd-845d588edbc8 (<unnamed>)
10:22:21.271 [Test worker] DEBUG org.hibernate.internal.SessionFactoryRegistry - Not binding SessionFactory to JNDI, no JNDI name configured
10:22:21.271 [Test worker] TRACE org.hibernate.type.spi.TypeConfiguration$Scope - Handling #sessionFactoryCreated from [org.hibernate.internal.SessionFactoryImpl@2b826482] for TypeConfiguration
10:22:21.271 [Test worker] DEBUG org.hibernate.internal.SessionFactoryImpl - Instantiated SessionFactory
10:22:21.272 [Test worker] INFO  org.springframework.orm.jpa.LocalContainerEntityManagerFactoryBean - Initialized JPA EntityManagerFactory for persistence unit 'default'
10:22:21.275 [Test worker] TRACE org.springframework.beans.factory.support.DefaultListableBeanFactory - Returning cached instance of singleton bean 'org.springframework.transaction.config.internalTransactionAdvisor'
10:22:21.275 [Test worker] TRACE org.springframework.beans.factory.support.DefaultListableBeanFactory - Returning cached instance of singleton bean 'org.springframework.transaction.config.internalTransactionAdvisor'
10:22:21.275 [Test worker] TRACE org.springframework.beans.factory.support.DefaultListableBeanFactory - Finished creating instance of bean 'entityManagerFactory'
10:22:21.276 [Test worker] TRACE org.springframework.beans.factory.support.DefaultListableBeanFactory - Pre-instantiating singletons in org.springframework.beans.factory.support.DefaultListableBeanFactory@49f3ff41: defining beans [org.springframework.boot.test.mock.mockito.MockitoPostProcessor$SpyPostProcessor,org.springframework.boot.test.mock.mockito.MockitoPostProcessor,org.springframework.context.annotation.internalConfigurationAnnotationProcessor,org.springframework.context.annotation.internalAutowiredAnnotationProcessor,org.springframework.context.annotation.internalCommonAnnotationProcessor,org.springframework.context.annotation.internalPersistenceAnnotationProcessor,org.springframework.context.event.internalEventListenerProcessor,org.springframework.context.event.internalEventListenerFactory,laundryMgmtApplication,org.springframework.boot.autoconfigure.internalCachingMetadataReaderFactory,laundryMgmtApplicationConfig,machineImplementationService,machinesServicesImplementation,springSecurityConfig,machineController,reservationController,securityController,sensorController,washingTimeCommandLine,userDetailsService,defaultSecurityFilterChain,org.springframework.boot.autoconfigure.AutoConfigurationPackages,org.springframework.boot.autoconfigure.context.PropertyPlaceholderAutoConfiguration,propertySourcesPlaceholderConfigurer,org.springframework.boot.autoconfigure.ssl.SslAutoConfiguration,sslPropertiesSslBundleRegistrar,sslBundleRegistry,org.springframework.boot.context.properties.ConfigurationPropertiesBindingPostProcessor,org.springframework.boot.context.internalConfigurationPropertiesBinder,org.springframework.boot.context.properties.BoundConfigurationProperties,org.springframework.boot.context.properties.EnableConfigurationPropertiesRegistrar.methodValidationExcludeFilter,spring.ssl-org.springframework.boot.autoconfigure.ssl.SslProperties,org.springframework.boot.autoconfigure.websocket.servlet.WebSocketServletAutoConfiguration$TomcatWebSocketConfiguration,websocketServletWebServerCustomizer,org.springframework.boot.autoconfigure.websocket.servlet.WebSocketServletAutoConfiguration,org.springframework.boot.autoconfigure.web.servlet.ServletWebServerFactoryConfiguration$EmbeddedTomcat,tomcatServletWebServerFactory,org.springframework.boot.autoconfigure.web.servlet.ServletWebServerFactoryAutoConfiguration,servletWebServerFactoryCustomizer,tomcatServletWebServerFactoryCustomizer,server-org.springframework.boot.autoconfigure.web.ServerProperties,webServerFactoryCustomizerBeanPostProcessor,errorPageRegistrarBeanPostProcessor,org.springframework.boot.autoconfigure.web.servlet.DispatcherServletAutoConfiguration$DispatcherServletConfiguration,dispatcherServlet,spring.mvc-org.springframework.boot.autoconfigure.web.servlet.WebMvcProperties,org.springframework.boot.autoconfigure.web.servlet.DispatcherServletAutoConfiguration$DispatcherServletRegistrationConfiguration,dispatcherServletRegistration,org.springframework.boot.autoconfigure.web.servlet.DispatcherServletAutoConfiguration,org.springframework.boot.autoconfigure.task.TaskExecutionAutoConfiguration,taskExecutorBuilder,applicationTaskExecutor,spring.task.execution-org.springframework.boot.autoconfigure.task.TaskExecutionProperties,org.springframework.boot.autoconfigure.web.servlet.error.ErrorMvcAutoConfiguration$WhitelabelErrorViewConfiguration,error,beanNameViewResolver,org.springframework.boot.autoconfigure.web.servlet.error.ErrorMvcAutoConfiguration$DefaultErrorViewResolverConfiguration,conventionErrorViewResolver,spring.web-org.springframework.boot.autoconfigure.web.WebProperties,org.springframework.boot.autoconfigure.web.servlet.error.ErrorMvcAutoConfiguration,errorAttributes,basicErrorController,errorPageCustomizer,preserveErrorControllerTargetClassPostProcessor,org.springframework.boot.autoconfigure.web.servlet.WebMvcAutoConfiguration$EnableWebMvcConfiguration,requestMappingHandlerAdapter,welcomePageHandlerMapping,welcomePageNotAcceptableHandlerMapping,localeResolver,themeResolver,flashMapManager,mvcConversionService,mvcValidator,mvcContentNegotiationManager,requestMappingHandlerMapping,mvcPatternParser,mvcUrlPathHelper,mvcPathMatcher,viewControllerHandlerMapping,beanNameHandlerMapping,routerFunctionMapping,resourceHandlerMapping,mvcResourceUrlProvider,defaultServletHandlerMapping,handlerFunctionAdapter,mvcUriComponentsContributor,httpRequestHandlerAdapter,simpleControllerHandlerAdapter,handlerExceptionResolver,mvcViewResolver,mvcHandlerMappingIntrospector,viewNameTranslator,org.springframework.boot.autoconfigure.web.servlet.WebMvcAutoConfiguration$WebMvcAutoConfigurationAdapter,defaultViewResolver,viewResolver,requestContextFilter,org.springframework.boot.autoconfigure.web.servlet.WebMvcAutoConfiguration,formContentFilter,org.springdoc.core.configuration.SpringDocConfiguration$QuerydslProvider,queryDslQuerydslPredicateOperationCustomizer,org.springdoc.core.configuration.SpringDocConfiguration$OpenApiResourceAdvice,org.springdoc.core.configuration.SpringDocConfiguration$SpringDocSpringDataWebPropertiesProvider,springDataWebPropertiesProvider,org.springdoc.core.configuration.SpringDocConfiguration$WebConversionServiceConfiguration,webConversionServiceProvider,org.springdoc.core.configuration.SpringDocConfiguration,localSpringDocParameterNameDiscoverer,additionalModelsConverter,fileSupportConverter,responseSupportConverter,schemaPropertyDeprecatingConverter,polymorphicModelConverter,openAPIBuilder,modelConverterRegistrar,operationBuilder,propertyResolverUtils,requestBodyBuilder,securityParser,genericReturnTypeParser,parameterBuilder,springDocProviders,springdocObjectMapperProvider,springDocCustomizers,org.springdoc.core.configuration.SpringDocPageableConfiguration,pageableOpenAPIConverter,delegatingMethodParameterCustomizer,org.springdoc.core.configuration.SpringDocSecurityConfiguration$SpringSecurityLoginEndpointConfiguration,org.springdoc.core.configuration.SpringDocSecurityConfiguration,org.springdoc.core.configuration.SpringDocSortConfiguration,sortOpenAPIConverter,org.springdoc.core.configuration.SpringDocUIConfiguration,org.springdoc.core.properties.SpringDocConfigProperties,org.springdoc.core.properties.SwaggerUiConfigParameters,org.springdoc.core.properties.SwaggerUiConfigProperties,org.springdoc.core.properties.SwaggerUiOAuthProperties,org.springdoc.webmvc.core.configuration.SpringDocWebMvcConfiguration$SpringDocWebMvcRouterConfiguration,routerFunctionProvider,org.springdoc.webmvc.core.configuration.SpringDocWebMvcConfiguration,openApiResource,requestBuilder,springWebProvider,responseBuilder,org.springdoc.webmvc.ui.SwaggerConfig,swaggerWelcome,swaggerConfigResource,indexPageTransformer,swaggerWebMvcConfigurer,swaggerResourceResolver,org.springframework.boot.autoconfigure.aop.AopAutoConfiguration$AspectJAutoProxyingConfiguration$CglibAutoProxyConfiguration,org.springframework.aop.config.internalAutoProxyCreator,org.springframework.boot.autoconfigure.aop.AopAutoConfiguration$AspectJAutoProxyingConfiguration,org.springframework.boot.autoconfigure.aop.AopAutoConfiguration,org.springframework.boot.autoconfigure.availability.ApplicationAvailabilityAutoConfiguration,applicationAvailability,org.springframework.boot.autoconfigure.jackson.JacksonAutoConfiguration$Jackson2ObjectMapperBuilderCustomizerConfiguration,standardJacksonObjectMapperBuilderCustomizer,spring.jackson-org.springframework.boot.autoconfigure.jackson.JacksonProperties,org.springframework.boot.autoconfigure.jackson.JacksonAutoConfiguration$JacksonObjectMapperBuilderConfiguration,jacksonObjectMapperBuilder,org.springframework.boot.autoconfigure.jackson.JacksonAutoConfiguration$ParameterNamesModuleConfiguration,parameterNamesModule,org.springframework.boot.autoconfigure.jackson.JacksonAutoConfiguration$JacksonObjectMapperConfiguration,jacksonObjectMapper,org.springframework.boot.autoconfigure.jackson.JacksonAutoConfiguration$JacksonMixinConfiguration,jsonMixinModuleEntries,jsonMixinModule,org.springframework.boot.autoconfigure.jackson.JacksonAutoConfiguration,jsonComponentModule,org.springframework.boot.autoconfigure.transaction.jta.JtaAutoConfiguration,org.springframework.boot.autoconfigure.jdbc.DataSourceConfiguration$Hikari,jdbcConnectionDetailsHikariBeanPostProcessor,dataSource,org.springframework.boot.autoconfigure.jdbc.DataSourceAutoConfiguration$PooledDataSourceConfiguration,jdbcConnectionDetails,org.springframework.boot.autoconfigure.jdbc.metadata.DataSourcePoolMetadataProvidersConfiguration$HikariPoolDataSourceMetadataProviderConfiguration,hikariPoolDataSourceMetadataProvider,org.springframework.boot.autoconfigure.jdbc.metadata.DataSourcePoolMetadataProvidersConfiguration,org.springframework.boot.autoconfigure.jdbc.DataSourceAutoConfiguration,spring.datasource-org.springframework.boot.autoconfigure.jdbc.DataSourceProperties,org.springframework.boot.autoconfigure.orm.jpa.JpaBaseConfiguration$JpaWebConfiguration,openEntityManagerInViewInterceptor,openEntityManagerInViewInterceptorConfigurer,org.springframework.boot.autoconfigure.orm.jpa.JpaBaseConfiguration$PersistenceManagedTypesConfiguration,persistenceManagedTypes,org.springframework.boot.autoconfigure.orm.jpa.HibernateJpaConfiguration,transactionManager,jpaVendorAdapter,entityManagerFactoryBuilder,entityManagerFactory,spring.jpa.hibernate-org.springframework.boot.autoconfigure.orm.jpa.HibernateProperties,spring.jpa-org.springframework.boot.autoconfigure.orm.jpa.JpaProperties,org.springframework.boot.autoconfigure.orm.jpa.HibernateJpaAutoConfiguration,org.springframework.boot.autoconfigure.context.ConfigurationPropertiesAutoConfiguration,org.springframework.boot.autoconfigure.context.LifecycleAutoConfiguration,lifecycleProcessor,spring.lifecycle-org.springframework.boot.autoconfigure.context.LifecycleProperties,org.springframework.boot.autoconfigure.dao.PersistenceExceptionTranslationAutoConfiguration,persistenceExceptionTranslationPostProcessor,org.springframework.boot.autoconfigure.data.jpa.JpaRepositoriesAutoConfiguration,jpaSharedEM_entityManagerFactory,emBeanDefinitionRegistrarPostProcessor,jpaMappingContext,jpaContext,org.springframework.data.jpa.util.JpaMetamodelCacheCleanup,org.springframework.data.jpa.repository.support.JpaEvaluationContextExtension,jpa.named-queries#0,jpa.SensorDao.fragments#0,sensorDao,jpa.named-queries#1,jpa.ReservationDao.fragments#0,reservationDao,jpa.named-queries#2,jpa.MachineDao.fragments#0,machineDao,data-jpa.repository-aot-processor#0,org.springframework.boot.autoconfigure.http.HttpMessageConvertersAutoConfiguration$StringHttpMessageConverterConfiguration,stringHttpMessageConverter,org.springframework.boot.autoconfigure.http.JacksonHttpMessageConvertersConfiguration$MappingJackson2HttpMessageConverterConfiguration,mappingJackson2HttpMessageConverter,org.springframework.boot.autoconfigure.http.JacksonHttpMessageConvertersConfiguration,org.springframework.boot.autoconfigure.http.HttpMessageConvertersAutoConfiguration,messageConverters,org.springframework.data.web.config.ProjectingArgumentResolverRegistrar,projectingArgumentResolverBeanPostProcessor,org.springframework.data.web.config.SpringDataWebConfiguration,pageableResolver,sortResolver,org.springframework.data.web.config.SpringDataJacksonConfiguration,jacksonGeoModule,org.springframework.boot.autoconfigure.data.web.SpringDataWebAutoConfiguration,pageableCustomizer,sortCustomizer,spring.data.web-org.springframework.boot.autoconfigure.data.web.SpringDataWebProperties,org.springframework.boot.autoconfigure.h2.H2ConsoleAutoConfiguration,h2Console,spring.h2.console-org.springframework.boot.autoconfigure.h2.H2ConsoleProperties,org.springframework.boot.autoconfigure.info.ProjectInfoAutoConfiguration,spring.info-org.springframework.boot.autoconfigure.info.ProjectInfoProperties,org.springframework.boot.autoconfigure.jdbc.JdbcTemplateConfiguration,jdbcTemplate,org.springframework.boot.autoconfigure.jdbc.NamedParameterJdbcTemplateConfiguration,namedParameterJdbcTemplate,org.springframework.boot.autoconfigure.jdbc.JdbcTemplateAutoConfiguration,spring.jdbc-org.springframework.boot.autoconfigure.jdbc.JdbcProperties,org.springframework.boot.sql.init.dependency.DatabaseInitializationDependencyConfigurer$DependsOnDatabaseInitializationPostProcessor,org.springframework.security.config.annotation.configuration.ObjectPostProcessorConfiguration,objectPostProcessor,org.springframework.security.config.annotation.authentication.configuration.AuthenticationConfiguration,authenticationManagerBuilder,enableGlobalAuthenticationAutowiredConfigurer,initializeUserDetailsBeanManagerConfigurer,initializeAuthenticationProviderBeanManagerConfigurer,org.springframework.security.config.annotation.web.configuration.WebSecurityConfiguration,delegatingApplicationListener,webSecurityExpressionHandler,springSecurityFilterChain,privilegeEvaluator,conversionServicePostProcessor,org.springframework.security.config.annotation.web.configuration.WebMvcSecurityConfiguration,requestDataValueProcessor,org.springframework.security.config.annotation.web.configuration.HttpSecurityConfiguration,org.springframework.security.config.annotation.web.configuration.HttpSecurityConfiguration.httpSecurity,org.springframework.boot.autoconfigure.security.servlet.SpringBootWebSecurityConfiguration$WebSecurityEnablerConfiguration,org.springframework.boot.autoconfigure.security.servlet.SpringBootWebSecurityConfiguration,org.springframework.boot.autoconfigure.security.servlet.SecurityAutoConfiguration,authenticationEventPublisher,spring.security-org.springframework.boot.autoconfigure.security.SecurityProperties,org.springframework.boot.autoconfigure.security.servlet.SecurityFilterAutoConfiguration,securityFilterChainRegistration,org.springframework.boot.autoconfigure.sql.init.DataSourceInitializationConfiguration,dataSourceScriptDatabaseInitializer,org.springframework.boot.autoconfigure.sql.init.SqlInitializationAutoConfiguration,spring.sql.init-org.springframework.boot.autoconfigure.sql.init.SqlInitializationProperties,org.springframework.boot.autoconfigure.task.TaskSchedulingAutoConfiguration,taskSchedulerBuilder,spring.task.scheduling-org.springframework.boot.autoconfigure.task.TaskSchedulingProperties,org.springframework.boot.autoconfigure.jdbc.DataSourceTransactionManagerAutoConfiguration$JdbcTransactionManagerConfiguration,org.springframework.boot.autoconfigure.jdbc.DataSourceTransactionManagerAutoConfiguration,org.springframework.transaction.annotation.ProxyTransactionManagementConfiguration,org.springframework.transaction.config.internalTransactionAdvisor,transactionAttributeSource,transactionInterceptor,org.springframework.transaction.config.internalTransactionalEventListenerFactory,org.springframework.boot.autoconfigure.transaction.TransactionAutoConfiguration$EnableTransactionManagementConfiguration$CglibAutoProxyConfiguration,org.springframework.boot.autoconfigure.transaction.TransactionAutoConfiguration$EnableTransactionManagementConfiguration,org.springframework.boot.autoconfigure.transaction.TransactionAutoConfiguration$TransactionTemplateConfiguration,transactionTemplate,org.springframework.boot.autoconfigure.transaction.TransactionAutoConfiguration,platformTransactionManagerCustomizers,spring.transaction-org.springframework.boot.autoconfigure.transaction.TransactionProperties,org.springframework.boot.autoconfigure.web.client.RestTemplateAutoConfiguration,restTemplateBuilderConfigurer,restTemplateBuilder,org.springframework.boot.autoconfigure.web.servlet.HttpEncodingAutoConfiguration,characterEncodingFilter,localeCharsetMappingsCustomizer,org.springframework.boot.autoconfigure.web.servlet.MultipartAutoConfiguration,multipartConfigElement,multipartResolver,spring.servlet.multipart-org.springframework.boot.autoconfigure.web.servlet.MultipartProperties,jpaSharedEM_AWC_entityManagerFactory]; root of factory hierarchy
10:22:21.276 [Test worker] TRACE org.springframework.beans.factory.support.DefaultListableBeanFactory - Returning cached instance of singleton bean 'org.springframework.boot.test.mock.mockito.MockitoPostProcessor$SpyPostProcessor'
10:22:21.276 [Test worker] TRACE org.springframework.beans.factory.support.DefaultListableBeanFactory - Returning cached instance of singleton bean 'org.springframework.boot.test.mock.mockito.MockitoPostProcessor'
10:22:21.276 [Test worker] TRACE org.springframework.beans.factory.support.DefaultListableBeanFactory - Returning cached instance of singleton bean 'org.springframework.context.annotation.internalConfigurationAnnotationProcessor'
10:22:21.276 [Test worker] TRACE org.springframework.beans.factory.support.DefaultListableBeanFactory - Returning cached instance of singleton bean 'org.springframework.context.annotation.internalAutowiredAnnotationProcessor'
10:22:21.276 [Test worker] TRACE org.springframework.beans.factory.support.DefaultListableBeanFactory - Returning cached instance of singleton bean 'org.springframework.context.annotation.internalCommonAnnotationProcessor'
10:22:21.276 [Test worker] TRACE org.springframework.beans.factory.support.DefaultListableBeanFactory - Returning cached instance of singleton bean 'org.springframework.context.annotation.internalPersistenceAnnotationProcessor'
10:22:21.276 [Test worker] TRACE org.springframework.beans.factory.support.DefaultListableBeanFactory - Returning cached instance of singleton bean 'org.springframework.context.event.internalEventListenerProcessor'
10:22:21.276 [Test worker] TRACE org.springframework.beans.factory.support.DefaultListableBeanFactory - Returning cached instance of singleton bean 'org.springframework.context.event.internalEventListenerFactory'
10:22:21.276 [Test worker] DEBUG org.springframework.beans.factory.support.DefaultListableBeanFactory - Creating shared instance of singleton bean 'laundryMgmtApplication'
10:22:21.276 [Test worker] TRACE org.springframework.beans.factory.support.DefaultListableBeanFactory - Creating instance of bean 'laundryMgmtApplication'
10:22:21.276 [Test worker] TRACE org.springframework.beans.factory.support.DefaultListableBeanFactory - Returning cached instance of singleton bean 'org.springframework.transaction.config.internalTransactionAdvisor'
10:22:21.277 [Test worker] TRACE org.springframework.beans.factory.support.DefaultListableBeanFactory - Returning cached instance of singleton bean 'org.springframework.transaction.config.internalTransactionAdvisor'
10:22:21.277 [Test worker] TRACE org.springframework.beans.factory.support.DefaultListableBeanFactory - Returning cached instance of singleton bean 'org.springframework.transaction.config.internalTransactionAdvisor'
10:22:21.277 [Test worker] TRACE org.springframework.beans.factory.support.DefaultListableBeanFactory - Finished creating instance of bean 'laundryMgmtApplication'
10:22:21.277 [Test worker] TRACE org.springframework.beans.factory.support.DefaultListableBeanFactory - Returning cached instance of singleton bean 'org.springframework.boot.autoconfigure.internalCachingMetadataReaderFactory'
10:22:21.278 [Test worker] DEBUG org.springframework.beans.factory.support.DefaultListableBeanFactory - Creating shared instance of singleton bean 'laundryMgmtApplicationConfig'
10:22:21.278 [Test worker] TRACE org.springframework.beans.factory.support.DefaultListableBeanFactory - Creating instance of bean 'laundryMgmtApplicationConfig'
10:22:21.278 [Test worker] TRACE org.springframework.beans.factory.support.DefaultListableBeanFactory - Returning cached instance of singleton bean 'org.springframework.transaction.config.internalTransactionAdvisor'
10:22:21.279 [Test worker] TRACE org.springframework.beans.factory.support.DefaultListableBeanFactory - Returning cached instance of singleton bean 'org.springframework.transaction.config.internalTransactionAdvisor'
10:22:21.279 [Test worker] TRACE org.springframework.beans.factory.support.DefaultListableBeanFactory - Returning cached instance of singleton bean 'org.springframework.transaction.config.internalTransactionAdvisor'
10:22:21.279 [Test worker] TRACE org.springframework.beans.factory.support.DefaultListableBeanFactory - Finished creating instance of bean 'laundryMgmtApplicationConfig'
10:22:21.279 [Test worker] DEBUG org.springframework.beans.factory.support.DefaultListableBeanFactory - Creating shared instance of singleton bean 'machineImplementationService'
10:22:21.279 [Test worker] TRACE org.springframework.beans.factory.support.DefaultListableBeanFactory - Creating instance of bean 'machineImplementationService'
10:22:21.279 [Test worker] TRACE org.springframework.beans.factory.support.DefaultListableBeanFactory - Returning cached instance of singleton bean 'org.springframework.transaction.config.internalTransactionAdvisor'
10:22:21.280 [Test worker] TRACE org.springframework.beans.factory.support.DefaultListableBeanFactory - Returning cached instance of singleton bean 'org.springframework.transaction.config.internalTransactionAdvisor'
10:22:21.280 [Test worker] TRACE org.springframework.beans.factory.support.DefaultListableBeanFactory - Returning cached instance of singleton bean 'org.springframework.transaction.config.internalTransactionAdvisor'
10:22:21.280 [Test worker] TRACE org.springframework.beans.factory.support.DefaultListableBeanFactory - Finished creating instance of bean 'machineImplementationService'
10:22:21.281 [Test worker] DEBUG org.springframework.beans.factory.support.DefaultListableBeanFactory - Creating shared instance of singleton bean 'machinesServicesImplementation'
10:22:21.281 [Test worker] TRACE org.springframework.beans.factory.support.DefaultListableBeanFactory - Creating instance of bean 'machinesServicesImplementation'
10:22:21.281 [Test worker] TRACE org.springframework.beans.factory.support.DefaultListableBeanFactory - Returning cached instance of singleton bean 'org.springframework.transaction.config.internalTransactionAdvisor'
10:22:21.281 [Test worker] TRACE org.springframework.beans.CachedIntrospectionResults - Getting BeanInfo for class [com.laundry.laundryMgmt.businessLogic.MachinesServicesImplementation]
10:22:21.282 [Test worker] TRACE org.springframework.beans.CachedIntrospectionResults - Caching PropertyDescriptors for class [com.laundry.laundryMgmt.businessLogic.MachinesServicesImplementation]
10:22:21.282 [Test worker] TRACE org.springframework.beans.CachedIntrospectionResults - Found bean property 'class' of type [java.lang.Class]
10:22:21.282 [Test worker] TRACE org.springframework.beans.CachedIntrospectionResults - Found bean property 'machineService' of type [com.laundry.laundryMgmt.businessLogic.MachineService]
10:22:21.284 [Test worker] TRACE org.springframework.beans.factory.support.DefaultListableBeanFactory - Returning cached instance of singleton bean 'machineImplementationService'
10:22:21.284 [Test worker] TRACE org.springframework.beans.factory.annotation.AutowiredAnnotationBeanPostProcessor - Autowiring by type from bean name 'machinesServicesImplementation' to bean named 'machineImplementationService'
10:22:21.285 [Test worker] TRACE org.springframework.beans.factory.support.DefaultListableBeanFactory - Returning cached instance of singleton bean 'org.springframework.transaction.config.internalTransactionAdvisor'
10:22:21.285 [Test worker] TRACE org.springframework.beans.factory.support.DefaultListableBeanFactory - Returning cached instance of singleton bean 'org.springframework.transaction.config.internalTransactionAdvisor'
10:22:21.285 [Test worker] TRACE org.springframework.beans.factory.support.DefaultListableBeanFactory - Finished creating instance of bean 'machinesServicesImplementation'
10:22:21.285 [Test worker] DEBUG org.springframework.beans.factory.support.DefaultListableBeanFactory - Creating shared instance of singleton bean 'springSecurityConfig'
10:22:21.285 [Test worker] TRACE org.springframework.beans.factory.support.DefaultListableBeanFactory - Creating instance of bean 'springSecurityConfig'
10:22:21.285 [Test worker] TRACE org.springframework.beans.factory.support.DefaultListableBeanFactory - Returning cached instance of singleton bean 'org.springframework.transaction.config.internalTransactionAdvisor'
10:22:21.286 [Test worker] TRACE org.springframework.beans.factory.support.DefaultListableBeanFactory - Returning cached instance of singleton bean 'org.springframework.transaction.config.internalTransactionAdvisor'
10:22:21.286 [Test worker] TRACE org.springframework.beans.factory.support.DefaultListableBeanFactory - Returning cached instance of singleton bean 'org.springframework.transaction.config.internalTransactionAdvisor'
10:22:21.286 [Test worker] TRACE org.springframework.beans.factory.support.DefaultListableBeanFactory - Finished creating instance of bean 'springSecurityConfig'
10:22:21.286 [Test worker] DEBUG org.springframework.beans.factory.support.DefaultListableBeanFactory - Creating shared instance of singleton bean 'machineController'
10:22:21.286 [Test worker] TRACE org.springframework.beans.factory.support.DefaultListableBeanFactory - Creating instance of bean 'machineController'
10:22:21.286 [Test worker] TRACE org.springframework.beans.factory.support.DefaultListableBeanFactory - Returning cached instance of singleton bean 'org.springframework.transaction.config.internalTransactionAdvisor'
10:22:21.290 [Test worker] DEBUG org.springframework.beans.factory.support.DefaultListableBeanFactory - Creating shared instance of singleton bean 'machineDao'
10:22:21.290 [Test worker] TRACE org.springframework.beans.factory.support.DefaultListableBeanFactory - Creating instance of bean 'machineDao'
10:22:21.290 [Test worker] TRACE org.springframework.beans.factory.support.DefaultListableBeanFactory - Returning cached instance of singleton bean 'org.springframework.transaction.config.internalTransactionAdvisor'
10:22:21.290 [Test worker] TRACE org.springframework.beans.CachedIntrospectionResults - Getting BeanInfo for class [org.springframework.data.jpa.repository.support.JpaRepositoryFactoryBean]
10:22:21.290 [Test worker] TRACE org.springframework.beans.CachedIntrospectionResults - Caching PropertyDescriptors for class [org.springframework.data.jpa.repository.support.JpaRepositoryFactoryBean]
10:22:21.290 [Test worker] TRACE org.springframework.beans.CachedIntrospectionResults - Found bean property 'applicationEventPublisher' of type [org.springframework.context.ApplicationEventPublisher]
10:22:21.290 [Test worker] TRACE org.springframework.beans.CachedIntrospectionResults - Found bean property 'beanClassLoader' of type [java.lang.ClassLoader]
10:22:21.290 [Test worker] TRACE org.springframework.beans.CachedIntrospectionResults - Found bean property 'beanFactory' of type [org.springframework.beans.factory.BeanFactory]
10:22:21.291 [Test worker] TRACE org.springframework.beans.CachedIntrospectionResults - Found bean property 'class' of type [java.lang.Class]
10:22:21.291 [Test worker] TRACE org.springframework.beans.CachedIntrospectionResults - Found bean property 'customImplementation' of type [java.lang.Object]
10:22:21.291 [Test worker] TRACE org.springframework.beans.CachedIntrospectionResults - Found bean property 'enableDefaultTransactions' of type [boolean]
10:22:21.291 [Test worker] TRACE org.springframework.beans.CachedIntrospectionResults - Found bean property 'entityInformation' of type [org.springframework.data.repository.core.EntityInformation]
10:22:21.291 [Test worker] TRACE org.springframework.beans.CachedIntrospectionResults - Found bean property 'entityManager' of type [jakarta.persistence.EntityManager]
10:22:21.291 [Test worker] TRACE org.springframework.beans.CachedIntrospectionResults - Found bean property 'entityPathResolver' of type [org.springframework.beans.factory.ObjectProvider]
10:22:21.291 [Test worker] TRACE org.springframework.beans.CachedIntrospectionResults - Found bean property 'escapeCharacter' of type [char]
10:22:21.292 [Test worker] TRACE org.springframework.beans.CachedIntrospectionResults - Found bean property 'evaluationContextProvider' of type [org.springframework.data.repository.query.QueryMethodEvaluationContextProvider]
10:22:21.292 [Test worker] TRACE org.springframework.beans.CachedIntrospectionResults - Found bean property 'lazyInit' of type [boolean]
10:22:21.292 [Test worker] TRACE org.springframework.beans.CachedIntrospectionResults - Found bean property 'mappingContext' of type [org.springframework.data.mapping.context.MappingContext]
10:22:21.292 [Test worker] TRACE org.springframework.beans.CachedIntrospectionResults - Found bean property 'namedQueries' of type [org.springframework.data.repository.core.NamedQueries]
10:22:21.292 [Test worker] TRACE org.springframework.beans.CachedIntrospectionResults - Found bean property 'object' of type [org.springframework.data.repository.Repository]
10:22:21.294 [Test worker] TRACE org.springframework.beans.CachedIntrospectionResults - Found bean property 'objectType' of type [java.lang.Class]
10:22:21.294 [Test worker] TRACE org.springframework.beans.CachedIntrospectionResults - Found bean property 'persistentEntity' of type [org.springframework.data.mapping.PersistentEntity]
10:22:21.295 [Test worker] TRACE org.springframework.beans.CachedIntrospectionResults - Found bean property 'queryLookupStrategyKey' of type [org.springframework.data.repository.query.QueryLookupStrategy$Key]
10:22:21.295 [Test worker] TRACE org.springframework.beans.CachedIntrospectionResults - Found bean property 'queryMethodFactory' of type [org.springframework.data.jpa.repository.query.JpaQueryMethodFactory]
10:22:21.295 [Test worker] TRACE org.springframework.beans.CachedIntrospectionResults - Found bean property 'queryMethods' of type [java.util.List]
10:22:21.296 [Test worker] TRACE org.springframework.beans.CachedIntrospectionResults - Found bean property 'repositoryBaseClass' of type [java.lang.Class]
10:22:21.296 [Test worker] TRACE org.springframework.beans.CachedIntrospectionResults - Found bean property 'repositoryFragments' of type [org.springframework.data.repository.core.support.RepositoryComposition$RepositoryFragments]
10:22:21.296 [Test worker] TRACE org.springframework.beans.CachedIntrospectionResults - Found bean property 'repositoryInformation' of type [org.springframework.data.repository.core.RepositoryInformation]
10:22:21.296 [Test worker] TRACE org.springframework.beans.CachedIntrospectionResults - Found bean property 'singleton' of type [boolean]
10:22:21.296 [Test worker] TRACE org.springframework.beans.CachedIntrospectionResults - Found bean property 'transactionManager' of type [java.lang.String]
10:22:21.302 [Test worker] DEBUG org.springframework.beans.factory.support.DefaultListableBeanFactory - Creating shared instance of singleton bean 'jpa.named-queries#2'
10:22:21.302 [Test worker] TRACE org.springframework.beans.factory.support.DefaultListableBeanFactory - Creating instance of bean 'jpa.named-queries#2'
10:22:21.302 [Test worker] TRACE org.springframework.beans.factory.support.DefaultListableBeanFactory - Returning cached instance of singleton bean 'org.springframework.transaction.config.internalTransactionAdvisor'
10:22:21.302 [Test worker] TRACE org.springframework.beans.CachedIntrospectionResults - Getting BeanInfo for class [org.springframework.data.repository.config.PropertiesBasedNamedQueriesFactoryBean]
10:22:21.303 [Test worker] TRACE org.springframework.beans.CachedIntrospectionResults - Caching PropertyDescriptors for class [org.springframework.data.repository.config.PropertiesBasedNamedQueriesFactoryBean]
10:22:21.303 [Test worker] TRACE org.springframework.beans.CachedIntrospectionResults - Found bean property 'class' of type [java.lang.Class]
10:22:21.303 [Test worker] TRACE org.springframework.beans.CachedIntrospectionResults - Found bean property 'fileEncoding' of type [java.lang.String]
10:22:21.303 [Test worker] TRACE org.springframework.beans.CachedIntrospectionResults - Found bean property 'ignoreResourceNotFound' of type [boolean]
10:22:21.303 [Test worker] TRACE org.springframework.beans.CachedIntrospectionResults - Found bean property 'localOverride' of type [boolean]
10:22:21.303 [Test worker] TRACE org.springframework.beans.CachedIntrospectionResults - Found bean property 'location' of type [org.springframework.core.io.Resource]
10:22:21.303 [Test worker] TRACE org.springframework.beans.CachedIntrospectionResults - Found bean property 'locations' of type [[Lorg.springframework.core.io.Resource;]
10:22:21.303 [Test worker] TRACE org.springframework.beans.CachedIntrospectionResults - Found bean property 'object' of type [java.lang.Object]
10:22:21.303 [Test worker] TRACE org.springframework.beans.CachedIntrospectionResults - Found bean property 'objectType' of type [java.lang.Class]
10:22:21.303 [Test worker] TRACE org.springframework.beans.CachedIntrospectionResults - Found bean property 'properties' of type [java.util.Properties]
10:22:21.303 [Test worker] TRACE org.springframework.beans.CachedIntrospectionResults - Found bean property 'propertiesArray' of type [[Ljava.util.Properties;]
10:22:21.303 [Test worker] TRACE org.springframework.beans.CachedIntrospectionResults - Found bean property 'propertiesPersister' of type [org.springframework.util.PropertiesPersister]
10:22:21.303 [Test worker] TRACE org.springframework.beans.CachedIntrospectionResults - Found bean property 'singleton' of type [boolean]
10:22:21.304 [Test worker] TRACE org.springframework.beans.TypeConverterDelegate - Converting String to [class [Lorg.springframework.core.io.Resource;] using property editor [org.springframework.core.io.support.ResourceArrayPropertyEditor@67e37d25]
10:22:21.304 [Test worker] TRACE org.springframework.core.io.support.PathMatchingResourcePatternResolver - Resolved module-path location pattern [META-INF/jpa-named-queries.properties] to resources []
10:22:21.305 [Test worker] TRACE org.springframework.core.io.support.PathMatchingResourcePatternResolver - Resolved classpath location [META-INF/jpa-named-queries.properties] to resources []
10:22:21.305 [Test worker] TRACE org.springframework.beans.factory.support.DefaultListableBeanFactory - Invoking afterPropertiesSet() on bean with name 'jpa.named-queries#2'
10:22:21.305 [Test worker] TRACE org.springframework.beans.factory.support.DefaultListableBeanFactory - Returning cached instance of singleton bean 'org.springframework.transaction.config.internalTransactionAdvisor'
10:22:21.305 [Test worker] TRACE org.springframework.beans.factory.support.DefaultListableBeanFactory - Returning cached instance of singleton bean 'org.springframework.transaction.config.internalTransactionAdvisor'
10:22:21.305 [Test worker] TRACE org.springframework.beans.factory.support.DefaultListableBeanFactory - Finished creating instance of bean 'jpa.named-queries#2'
10:22:21.305 [Test worker] TRACE org.springframework.beans.factory.support.DefaultListableBeanFactory - Returning cached instance of singleton bean 'org.springframework.transaction.config.internalTransactionAdvisor'
10:22:21.306 [Test worker] TRACE org.springframework.beans.factory.support.DefaultListableBeanFactory - Returning cached instance of singleton bean 'org.springframework.transaction.config.internalTransactionAdvisor'
10:22:21.306 [Test worker] DEBUG org.springframework.beans.factory.support.DefaultListableBeanFactory - Creating shared instance of singleton bean 'jpa.MachineDao.fragments#0'
10:22:21.306 [Test worker] TRACE org.springframework.beans.factory.support.DefaultListableBeanFactory - Creating instance of bean 'jpa.MachineDao.fragments#0'
10:22:21.306 [Test worker] TRACE org.springframework.beans.factory.support.DefaultListableBeanFactory - Returning cached instance of singleton bean 'org.springframework.transaction.config.internalTransactionAdvisor'
10:22:21.306 [Test worker] TRACE org.springframework.beans.factory.support.DefaultListableBeanFactory - Invoking afterPropertiesSet() on bean with name 'jpa.MachineDao.fragments#0'
10:22:21.307 [Test worker] TRACE org.springframework.beans.factory.support.DefaultListableBeanFactory - Returning cached instance of singleton bean 'org.springframework.transaction.config.internalTransactionAdvisor'
10:22:21.307 [Test worker] TRACE org.springframework.beans.factory.support.DefaultListableBeanFactory - Returning cached instance of singleton bean 'org.springframework.transaction.config.internalTransactionAdvisor'
10:22:21.307 [Test worker] TRACE org.springframework.beans.factory.support.DefaultListableBeanFactory - Finished creating instance of bean 'jpa.MachineDao.fragments#0'
10:22:21.307 [Test worker] TRACE org.springframework.beans.factory.support.DefaultListableBeanFactory - Returning cached instance of singleton bean 'org.springframework.transaction.config.internalTransactionAdvisor'
10:22:21.307 [Test worker] TRACE org.springframework.beans.factory.support.DefaultListableBeanFactory - Returning cached instance of singleton bean 'org.springframework.transaction.config.internalTransactionAdvisor'
10:22:21.309 [Test worker] DEBUG org.springframework.beans.factory.support.DefaultListableBeanFactory - Creating shared instance of singleton bean 'jpaSharedEM_entityManagerFactory'
10:22:21.309 [Test worker] TRACE org.springframework.beans.factory.support.DefaultListableBeanFactory - Creating instance of bean 'jpaSharedEM_entityManagerFactory'
10:22:21.309 [Test worker] TRACE org.springframework.beans.factory.support.DefaultListableBeanFactory - Returning cached instance of singleton bean 'org.springframework.transaction.config.internalTransactionAdvisor'
10:22:21.310 [Test worker] TRACE org.springframework.beans.factory.support.DefaultListableBeanFactory - Returning cached instance of singleton bean 'entityManagerFactory'
10:22:21.310 [Test worker] TRACE org.springframework.beans.factory.support.DefaultListableBeanFactory - Returning cached instance of singleton bean 'org.springframework.transaction.config.internalTransactionAdvisor'
10:22:21.310 [Test worker] TRACE org.springframework.beans.factory.support.DefaultListableBeanFactory - Returning cached instance of singleton bean 'org.springframework.transaction.config.internalTransactionAdvisor'
10:22:21.312 [Test worker] TRACE org.springframework.beans.factory.support.DefaultListableBeanFactory - Ignoring factory method [public static jakarta.persistence.EntityManager org.springframework.orm.jpa.SharedEntityManagerCreator.createSharedEntityManager(jakarta.persistence.EntityManagerFactory,java.util.Map,boolean,java.lang.Class[])] of bean 'jpaSharedEM_entityManagerFactory': org.springframework.beans.factory.UnsatisfiedDependencyException: Error creating bean with name 'jpaSharedEM_entityManagerFactory': Unsatisfied dependency expressed through method 'createSharedEntityManager' parameter 1: Ambiguous argument values for parameter of type [java.util.Map] - did you specify the correct bean references as arguments?
10:22:21.313 [Test worker] TRACE org.springframework.beans.factory.support.DefaultListableBeanFactory - Ignoring factory method [public static jakarta.persistence.EntityManager org.springframework.orm.jpa.SharedEntityManagerCreator.createSharedEntityManager(jakarta.persistence.EntityManagerFactory,java.util.Map,boolean)] of bean 'jpaSharedEM_entityManagerFactory': org.springframework.beans.factory.UnsatisfiedDependencyException: Error creating bean with name 'jpaSharedEM_entityManagerFactory': Unsatisfied dependency expressed through method 'createSharedEntityManager' parameter 1: Ambiguous argument values for parameter of type [java.util.Map] - did you specify the correct bean references as arguments?
10:22:21.313 [Test worker] TRACE org.springframework.beans.factory.support.DefaultListableBeanFactory - Ignoring factory method [public static jakarta.persistence.EntityManager org.springframework.orm.jpa.SharedEntityManagerCreator.createSharedEntityManager(jakarta.persistence.EntityManagerFactory,java.util.Map,java.lang.Class[])] of bean 'jpaSharedEM_entityManagerFactory': org.springframework.beans.factory.UnsatisfiedDependencyException: Error creating bean with name 'jpaSharedEM_entityManagerFactory': Unsatisfied dependency expressed through method 'createSharedEntityManager' parameter 1: Ambiguous argument values for parameter of type [java.util.Map] - did you specify the correct bean references as arguments?
10:22:21.313 [Test worker] TRACE org.springframework.beans.factory.support.DefaultListableBeanFactory - Ignoring factory method [public static jakarta.persistence.EntityManager org.springframework.orm.jpa.SharedEntityManagerCreator.createSharedEntityManager(jakarta.persistence.EntityManagerFactory,java.util.Map)] of bean 'jpaSharedEM_entityManagerFactory': org.springframework.beans.factory.UnsatisfiedDependencyException: Error creating bean with name 'jpaSharedEM_entityManagerFactory': Unsatisfied dependency expressed through method 'createSharedEntityManager' parameter 1: Ambiguous argument values for parameter of type [java.util.Map] - did you specify the correct bean references as arguments?
10:22:21.328 [Test worker] TRACE org.springframework.beans.factory.support.DefaultListableBeanFactory - Returning cached instance of singleton bean 'org.springframework.transaction.config.internalTransactionAdvisor'
10:22:21.329 [Test worker] TRACE org.springframework.beans.factory.support.DefaultListableBeanFactory - Returning cached instance of singleton bean 'org.springframework.transaction.config.internalTransactionAdvisor'
10:22:21.333 [Test worker] TRACE org.springframework.beans.factory.support.DefaultListableBeanFactory - Finished creating instance of bean 'jpaSharedEM_entityManagerFactory'
10:22:21.334 [Test worker] DEBUG org.springframework.beans.factory.support.DefaultListableBeanFactory - Creating shared instance of singleton bean 'jpaMappingContext'
10:22:21.334 [Test worker] TRACE org.springframework.beans.factory.support.DefaultListableBeanFactory - Creating instance of bean 'jpaMappingContext'
10:22:21.334 [Test worker] TRACE org.springframework.beans.factory.support.DefaultListableBeanFactory - Returning cached instance of singleton bean 'org.springframework.transaction.config.internalTransactionAdvisor'
10:22:21.335 [Test worker] TRACE org.springframework.beans.factory.support.DefaultListableBeanFactory - Invoking afterPropertiesSet() on bean with name 'jpaMappingContext'
10:22:21.335 [Test worker] DEBUG org.springframework.data.jpa.repository.config.JpaMetamodelMappingContextFactoryBean - Initializing JpaMetamodelMappingContext…
10:22:21.339 [Test worker] TRACE org.springframework.beans.factory.support.DefaultListableBeanFactory - Returning cached instance of singleton bean 'entityManagerFactory'
10:22:21.347 [Test worker] DEBUG org.springframework.data.jpa.repository.config.JpaMetamodelMappingContextFactoryBean - Finished initializing JpaMetamodelMappingContext
10:22:21.347 [Test worker] TRACE org.springframework.beans.factory.support.DefaultListableBeanFactory - Returning cached instance of singleton bean 'org.springframework.transaction.config.internalTransactionAdvisor'
10:22:21.347 [Test worker] TRACE org.springframework.beans.factory.support.DefaultListableBeanFactory - Returning cached instance of singleton bean 'org.springframework.transaction.config.internalTransactionAdvisor'
10:22:21.348 [Test worker] TRACE org.springframework.beans.factory.support.DefaultListableBeanFactory - Finished creating instance of bean 'jpaMappingContext'
10:22:21.348 [Test worker] TRACE org.springframework.beans.factory.support.DefaultListableBeanFactory - Returning cached instance of singleton bean 'org.springframework.transaction.config.internalTransactionAdvisor'
10:22:21.348 [Test worker] TRACE org.springframework.beans.factory.support.DefaultListableBeanFactory - Returning cached instance of singleton bean 'org.springframework.transaction.config.internalTransactionAdvisor'
10:22:21.354 [Test worker] TRACE org.springframework.beans.factory.support.DefaultListableBeanFactory - Invoking afterPropertiesSet() on bean with name 'machineDao'
10:22:21.358 [Test worker] TRACE org.springframework.core.io.support.SpringFactoriesLoader - Loaded [org.springframework.data.util.CustomCollectionRegistrar] names: [org.springframework.data.util.CustomCollections.VavrCollections, org.springframework.data.util.CustomCollections.EclipseCollections]
10:22:21.363 [Test worker] DEBUG org.springframework.orm.jpa.SharedEntityManagerCreator$SharedEntityManagerInvocationHandler - Creating new EntityManager for shared EntityManager invocation
10:22:21.364 [Test worker] TRACE org.hibernate.internal.SessionFactoryImpl$SessionBuilderImpl - Opening Hibernate Session.  tenant=null
10:22:21.384 [Test worker] TRACE org.hibernate.service.internal.AbstractServiceRegistryImpl - Initializing service [role=org.hibernate.stat.spi.StatisticsImplementor]
10:22:21.387 [Test worker] DEBUG org.hibernate.stat.internal.StatisticsInitiator - Statistics initialized [enabled=false]
10:22:21.389 [Test worker] TRACE org.hibernate.internal.SessionImpl - Opened Session [0ee4a2b5-ee22-4992-8ac4-d0996add8059] at timestamp: 1704813741389
10:22:21.391 [Test worker] TRACE org.hibernate.internal.SessionImpl - Closing session [0ee4a2b5-ee22-4992-8ac4-d0996add8059]
10:22:21.391 [Test worker] TRACE org.hibernate.engine.jdbc.internal.JdbcCoordinatorImpl - Closing JDBC container [org.hibernate.engine.jdbc.internal.JdbcCoordinatorImpl@73f6ffb1]
10:22:21.391 [Test worker] TRACE org.hibernate.resource.jdbc.internal.ResourceRegistryStandardImpl - Releasing JDBC resources
10:22:21.392 [Test worker] TRACE org.hibernate.resource.jdbc.internal.LogicalConnectionManagedImpl - Closing logical connection
10:22:21.392 [Test worker] TRACE org.hibernate.resource.jdbc.internal.LogicalConnectionManagedImpl - Logical connection closed
10:22:21.392 [Test worker] DEBUG org.springframework.orm.jpa.SharedEntityManagerCreator$SharedEntityManagerInvocationHandler - Creating new EntityManager for shared EntityManager invocation
10:22:21.392 [Test worker] TRACE org.hibernate.internal.SessionFactoryImpl$SessionBuilderImpl - Opening Hibernate Session.  tenant=null
10:22:21.392 [Test worker] TRACE org.hibernate.internal.SessionImpl - Opened Session [ad82a887-792c-4afe-a65f-5fb202ca4799] at timestamp: 1704813741392
10:22:21.392 [Test worker] TRACE org.hibernate.internal.SessionImpl - Closing session [ad82a887-792c-4afe-a65f-5fb202ca4799]
10:22:21.392 [Test worker] TRACE org.hibernate.engine.jdbc.internal.JdbcCoordinatorImpl - Closing JDBC container [org.hibernate.engine.jdbc.internal.JdbcCoordinatorImpl@41fe0d98]
10:22:21.392 [Test worker] TRACE org.hibernate.resource.jdbc.internal.ResourceRegistryStandardImpl - Releasing JDBC resources
10:22:21.392 [Test worker] TRACE org.hibernate.resource.jdbc.internal.LogicalConnectionManagedImpl - Closing logical connection
10:22:21.392 [Test worker] TRACE org.hibernate.resource.jdbc.internal.LogicalConnectionManagedImpl - Logical connection closed
10:22:21.397 [Test worker] TRACE org.springframework.core.io.support.SpringFactoriesLoader - Loaded [org.springframework.data.util.ProxyUtils$ProxyDetector] names: [org.springframework.data.jpa.util.HibernateProxyDetector]
10:22:21.403 [Test worker] TRACE org.springframework.beans.CachedIntrospectionResults - Getting BeanInfo for class [com.laundry.laundryMgmt.models.MachineEntity]
10:22:21.404 [Test worker] TRACE org.springframework.beans.CachedIntrospectionResults - Caching PropertyDescriptors for class [com.laundry.laundryMgmt.models.MachineEntity]
10:22:21.404 [Test worker] TRACE org.springframework.beans.CachedIntrospectionResults - Found bean property 'available' of type [boolean]
10:22:21.404 [Test worker] TRACE org.springframework.beans.CachedIntrospectionResults - Found bean property 'class' of type [java.lang.Class]
10:22:21.405 [Test worker] TRACE org.springframework.beans.CachedIntrospectionResults - Found bean property 'cycleType' of type [com.laundry.laundryMgmt.models.CycleType]
10:22:21.405 [Test worker] TRACE org.springframework.beans.CachedIntrospectionResults - Found bean property 'machineId' of type [long]
10:22:21.405 [Test worker] TRACE org.springframework.beans.CachedIntrospectionResults - Found bean property 'machineStatus' of type [boolean]
10:22:21.405 [Test worker] TRACE org.springframework.beans.CachedIntrospectionResults - Found bean property 'name' of type [java.lang.String]
10:22:21.405 [Test worker] TRACE org.springframework.beans.CachedIntrospectionResults - Found bean property 'progress' of type [int]
10:22:21.405 [Test worker] TRACE org.springframework.beans.CachedIntrospectionResults - Found bean property 'startingTime' of type [java.time.LocalTime]
10:22:21.443 [Test worker] DEBUG org.springframework.data.repository.core.support.RepositoryFactorySupport - Initializing repository instance for com.laundry.laundryMgmt.dao.MachineDao…
10:22:21.444 [Test worker] TRACE org.springframework.beans.factory.support.DefaultListableBeanFactory - Returning cached instance of singleton bean 'applicationStartup'
10:22:21.450 [Test worker] TRACE org.springframework.aop.framework.JdkDynamicAopProxy - Creating JDK dynamic proxy: org.springframework.data.jpa.repository.support.CrudMethodMetadataPostProcessor$ThreadBoundTargetSource@2e214d39
10:22:21.462 [Test worker] DEBUG org.springframework.orm.jpa.SharedEntityManagerCreator$SharedEntityManagerInvocationHandler - Creating new EntityManager for shared EntityManager invocation
10:22:21.462 [Test worker] TRACE org.hibernate.internal.SessionFactoryImpl$SessionBuilderImpl - Opening Hibernate Session.  tenant=null
10:22:21.462 [Test worker] TRACE org.hibernate.internal.SessionImpl - Opened Session [723e6246-f945-4f9a-b3bd-9f6ce07a12d0] at timestamp: 1704813741462
10:22:21.462 [Test worker] TRACE org.hibernate.internal.SessionImpl - Closing session [723e6246-f945-4f9a-b3bd-9f6ce07a12d0]
10:22:21.462 [Test worker] TRACE org.hibernate.engine.jdbc.internal.JdbcCoordinatorImpl - Closing JDBC container [org.hibernate.engine.jdbc.internal.JdbcCoordinatorImpl@5bbb351e]
10:22:21.462 [Test worker] TRACE org.hibernate.resource.jdbc.internal.ResourceRegistryStandardImpl - Releasing JDBC resources
10:22:21.462 [Test worker] TRACE org.hibernate.resource.jdbc.internal.LogicalConnectionManagedImpl - Closing logical connection
10:22:21.462 [Test worker] TRACE org.hibernate.resource.jdbc.internal.LogicalConnectionManagedImpl - Logical connection closed
10:22:21.463 [Test worker] TRACE org.springframework.aop.framework.JdkDynamicAopProxy - Creating JDK dynamic proxy: org.springframework.data.jpa.repository.support.CrudMethodMetadataPostProcessor$ThreadBoundTargetSource@5e2525fe
10:22:21.510 [Test worker] TRACE org.springframework.aop.framework.JdkDynamicAopProxy - Creating JDK dynamic proxy: SingletonTargetSource for target object [org.springframework.data.jpa.repository.support.SimpleJpaRepository@51bd10f0]
10:22:21.514 [Test worker] DEBUG org.springframework.data.repository.core.support.RepositoryFactorySupport - Finished creation of repository instance for com.laundry.laundryMgmt.dao.MachineDao.
10:22:21.514 [Test worker] TRACE org.springframework.beans.factory.support.DefaultListableBeanFactory - Returning cached instance of singleton bean 'org.springframework.transaction.config.internalTransactionAdvisor'
10:22:21.514 [Test worker] TRACE org.springframework.beans.factory.support.DefaultListableBeanFactory - Returning cached instance of singleton bean 'org.springframework.transaction.config.internalTransactionAdvisor'
10:22:21.515 [Test worker] TRACE org.springframework.beans.factory.support.DefaultListableBeanFactory - Finished creating instance of bean 'machineDao'
10:22:21.516 [Test worker] TRACE org.springframework.beans.factory.support.DefaultListableBeanFactory - Returning cached instance of singleton bean 'org.springframework.transaction.config.internalTransactionAdvisor'
10:22:21.516 [Test worker] TRACE org.springframework.beans.factory.support.DefaultListableBeanFactory - Returning cached instance of singleton bean 'org.springframework.transaction.config.internalTransactionAdvisor'
10:22:21.517 [Test worker] DEBUG org.springframework.beans.factory.support.DefaultListableBeanFactory - Autowiring by type from bean name 'machineController' via constructor to bean named 'machineDao'
10:22:21.518 [Test worker] TRACE org.springframework.beans.factory.support.DefaultListableBeanFactory - Returning cached instance of singleton bean 'org.springframework.transaction.config.internalTransactionAdvisor'
10:22:21.518 [Test worker] TRACE org.springframework.beans.factory.support.DefaultListableBeanFactory - Returning cached instance of singleton bean 'org.springframework.transaction.config.internalTransactionAdvisor'
10:22:21.520 [Test worker] TRACE org.springframework.transaction.annotation.AnnotationTransactionAttributeSource - Adding transactional method 'com.laundry.laundryMgmt.controllers.MachineController.findById' with attribute: PROPAGATION_REQUIRED,ISOLATION_DEFAULT
10:22:21.524 [Test worker] TRACE org.springframework.aop.aspectj.annotation.AnnotationAwareAspectJAutoProxyCreator - Creating implicit proxy for bean 'machineController' with 0 common interceptors and 1 specific interceptors
10:22:21.525 [Test worker] TRACE org.springframework.aop.framework.CglibAopProxy - Creating CGLIB proxy: SingletonTargetSource for target object [com.laundry.laundryMgmt.controllers.MachineController@2e674698]
10:22:21.530 [Test worker] TRACE org.springframework.aop.framework.CglibAopProxy - Unable to apply any optimizations to advised method: public com.laundry.laundryMgmt.records.MachineRecord com.laundry.laundryMgmt.controllers.MachineController.findById(java.lang.Long)
10:22:21.530 [Test worker] TRACE org.springframework.transaction.annotation.AnnotationTransactionAttributeSource - Adding transactional method 'com.laundry.laundryMgmt.controllers.MachineController.delete' with attribute: PROPAGATION_REQUIRED,ISOLATION_DEFAULT
10:22:21.531 [Test worker] TRACE org.springframework.aop.framework.CglibAopProxy - Unable to apply any optimizations to advised method: public void com.laundry.laundryMgmt.controllers.MachineController.delete(java.lang.Long)
10:22:21.531 [Test worker] TRACE org.springframework.transaction.annotation.AnnotationTransactionAttributeSource - Adding transactional method 'com.laundry.laundryMgmt.controllers.MachineController.create' with attribute: PROPAGATION_REQUIRED,ISOLATION_DEFAULT
10:22:21.531 [Test worker] TRACE org.springframework.aop.framework.CglibAopProxy - Unable to apply any optimizations to advised method: public org.springframework.http.ResponseEntity com.laundry.laundryMgmt.controllers.MachineController.create(com.laundry.laundryMgmt.records.MachineCommand)
10:22:21.531 [Test worker] TRACE org.springframework.transaction.annotation.AnnotationTransactionAttributeSource - Adding transactional method 'com.laundry.laundryMgmt.controllers.MachineController.findAll' with attribute: PROPAGATION_REQUIRED,ISOLATION_DEFAULT
10:22:21.531 [Test worker] TRACE org.springframework.aop.framework.CglibAopProxy - Unable to apply any optimizations to advised method: public java.util.List com.laundry.laundryMgmt.controllers.MachineController.findAll()
10:22:21.531 [Test worker] TRACE org.springframework.transaction.annotation.AnnotationTransactionAttributeSource - Adding transactional method 'com.laundry.laundryMgmt.controllers.MachineController.updateStatus' with attribute: PROPAGATION_REQUIRED,ISOLATION_DEFAULT
10:22:21.531 [Test worker] TRACE org.springframework.aop.framework.CglibAopProxy - Unable to apply any optimizations to advised method: public org.springframework.http.ResponseEntity com.laundry.laundryMgmt.controllers.MachineController.updateStatus(java.lang.Long)
10:22:21.531 [Test worker] TRACE org.springframework.aop.framework.CglibAopProxy - Found 'equals' method: public boolean java.lang.Object.equals(java.lang.Object)
10:22:21.531 [Test worker] TRACE org.springframework.aop.framework.CglibAopProxy - Unable to apply any optimizations to advised method: public java.lang.String java.lang.Object.toString()
10:22:21.532 [Test worker] TRACE org.springframework.aop.framework.CglibAopProxy - Found 'hashCode' method: public native int java.lang.Object.hashCode()
10:22:21.532 [Test worker] TRACE org.springframework.aop.framework.CglibAopProxy - Unable to apply any optimizations to advised method: protected native java.lang.Object java.lang.Object.clone() throws java.lang.CloneNotSupportedException
10:22:21.532 [Test worker] TRACE org.springframework.aop.framework.CglibAopProxy - Method is declared on Advised interface: public abstract int org.springframework.aop.framework.Advised.indexOf(org.springframework.aop.Advisor)
10:22:21.532 [Test worker] TRACE org.springframework.aop.framework.CglibAopProxy - Method is declared on Advised interface: public abstract int org.springframework.aop.framework.Advised.indexOf(org.aopalliance.aop.Advice)
10:22:21.532 [Test worker] TRACE org.springframework.aop.framework.CglibAopProxy - Method is declared on Advised interface: public abstract boolean org.springframework.aop.framework.Advised.isFrozen()
10:22:21.532 [Test worker] TRACE org.springframework.aop.framework.CglibAopProxy - Method is declared on Advised interface: public abstract org.springframework.aop.TargetSource org.springframework.aop.framework.Advised.getTargetSource()
10:22:21.532 [Test worker] TRACE org.springframework.aop.framework.CglibAopProxy - Method is declared on Advised interface: public abstract java.lang.Class[] org.springframework.aop.framework.Advised.getProxiedInterfaces()
10:22:21.532 [Test worker] TRACE org.springframework.aop.framework.CglibAopProxy - Method is declared on Advised interface: public abstract boolean org.springframework.aop.framework.Advised.isInterfaceProxied(java.lang.Class)
10:22:21.532 [Test worker] TRACE org.springframework.aop.framework.CglibAopProxy - Method is declared on Advised interface: public default int org.springframework.aop.framework.Advised.getAdvisorCount()
10:22:21.532 [Test worker] TRACE org.springframework.aop.framework.CglibAopProxy - Method is declared on Advised interface: public abstract org.springframework.aop.Advisor[] org.springframework.aop.framework.Advised.getAdvisors()
10:22:21.532 [Test worker] TRACE org.springframework.aop.framework.CglibAopProxy - Method is declared on Advised interface: public abstract boolean org.springframework.aop.framework.Advised.isProxyTargetClass()
10:22:21.532 [Test worker] TRACE org.springframework.aop.framework.CglibAopProxy - Method is declared on Advised interface: public abstract void org.springframework.aop.framework.Advised.setTargetSource(org.springframework.aop.TargetSource)
10:22:21.533 [Test worker] TRACE org.springframework.aop.framework.CglibAopProxy - Method is declared on Advised interface: public abstract void org.springframework.aop.framework.Advised.setExposeProxy(boolean)
10:22:21.533 [Test worker] TRACE org.springframework.aop.framework.CglibAopProxy - Method is declared on Advised interface: public abstract boolean org.springframework.aop.framework.Advised.isExposeProxy()
10:22:21.533 [Test worker] TRACE org.springframework.aop.framework.CglibAopProxy - Method is declared on Advised interface: public abstract void org.springframework.aop.framework.Advised.setPreFiltered(boolean)
10:22:21.533 [Test worker] TRACE org.springframework.aop.framework.CglibAopProxy - Method is declared on Advised interface: public abstract boolean org.springframework.aop.framework.Advised.isPreFiltered()
10:22:21.533 [Test worker] TRACE org.springframework.aop.framework.CglibAopProxy - Method is declared on Advised interface: public abstract void org.springframework.aop.framework.Advised.addAdvisor(org.springframework.aop.Advisor) throws org.springframework.aop.framework.AopConfigException
10:22:21.533 [Test worker] TRACE org.springframework.aop.framework.CglibAopProxy - Method is declared on Advised interface: public abstract void org.springframework.aop.framework.Advised.addAdvisor(int,org.springframework.aop.Advisor) throws org.springframework.aop.framework.AopConfigException
10:22:21.533 [Test worker] TRACE org.springframework.aop.framework.CglibAopProxy - Method is declared on Advised interface: public abstract boolean org.springframework.aop.framework.Advised.removeAdvisor(org.springframework.aop.Advisor)
10:22:21.533 [Test worker] TRACE org.springframework.aop.framework.CglibAopProxy - Method is declared on Advised interface: public abstract void org.springframework.aop.framework.Advised.removeAdvisor(int) throws org.springframework.aop.framework.AopConfigException
10:22:21.533 [Test worker] TRACE org.springframework.aop.framework.CglibAopProxy - Method is declared on Advised interface: public abstract boolean org.springframework.aop.framework.Advised.replaceAdvisor(org.springframework.aop.Advisor,org.springframework.aop.Advisor) throws org.springframework.aop.framework.AopConfigException
10:22:21.533 [Test worker] TRACE org.springframework.aop.framework.CglibAopProxy - Method is declared on Advised interface: public abstract void org.springframework.aop.framework.Advised.addAdvice(int,org.aopalliance.aop.Advice) throws org.springframework.aop.framework.AopConfigException
10:22:21.533 [Test worker] TRACE org.springframework.aop.framework.CglibAopProxy - Method is declared on Advised interface: public abstract void org.springframework.aop.framework.Advised.addAdvice(org.aopalliance.aop.Advice) throws org.springframework.aop.framework.AopConfigException
10:22:21.533 [Test worker] TRACE org.springframework.aop.framework.CglibAopProxy - Method is declared on Advised interface: public abstract boolean org.springframework.aop.framework.Advised.removeAdvice(org.aopalliance.aop.Advice)
10:22:21.533 [Test worker] TRACE org.springframework.aop.framework.CglibAopProxy - Method is declared on Advised interface: public abstract java.lang.String org.springframework.aop.framework.Advised.toProxyConfigString()
10:22:21.533 [Test worker] TRACE org.springframework.aop.framework.CglibAopProxy - Method is declared on Advised interface: public abstract java.lang.Class org.springframework.aop.TargetClassAware.getTargetClass()
10:22:21.541 [Test worker] TRACE org.springframework.beans.factory.support.DefaultListableBeanFactory - Finished creating instance of bean 'machineController'
10:22:21.542 [Test worker] DEBUG org.springframework.beans.factory.support.DefaultListableBeanFactory - Creating shared instance of singleton bean 'reservationController'
10:22:21.542 [Test worker] TRACE org.springframework.beans.factory.support.DefaultListableBeanFactory - Creating instance of bean 'reservationController'
10:22:21.542 [Test worker] TRACE org.springframework.beans.factory.support.DefaultListableBeanFactory - Returning cached instance of singleton bean 'org.springframework.transaction.config.internalTransactionAdvisor'
10:22:21.543 [Test worker] DEBUG org.springframework.beans.factory.support.DefaultListableBeanFactory - Creating shared instance of singleton bean 'reservationDao'
10:22:21.543 [Test worker] TRACE org.springframework.beans.factory.support.DefaultListableBeanFactory - Creating instance of bean 'reservationDao'
10:22:21.543 [Test worker] TRACE org.springframework.beans.factory.support.DefaultListableBeanFactory - Returning cached instance of singleton bean 'org.springframework.transaction.config.internalTransactionAdvisor'
10:22:21.544 [Test worker] DEBUG org.springframework.beans.factory.support.DefaultListableBeanFactory - Creating shared instance of singleton bean 'jpa.named-queries#1'
10:22:21.544 [Test worker] TRACE org.springframework.beans.factory.support.DefaultListableBeanFactory - Creating instance of bean 'jpa.named-queries#1'
10:22:21.545 [Test worker] TRACE org.springframework.beans.factory.support.DefaultListableBeanFactory - Returning cached instance of singleton bean 'org.springframework.transaction.config.internalTransactionAdvisor'
10:22:21.545 [Test worker] TRACE org.springframework.beans.TypeConverterDelegate - Converting String to [class [Lorg.springframework.core.io.Resource;] using property editor [org.springframework.core.io.support.ResourceArrayPropertyEditor@c9234a0]
10:22:21.545 [Test worker] TRACE org.springframework.core.io.support.PathMatchingResourcePatternResolver - Resolved module-path location pattern [META-INF/jpa-named-queries.properties] to resources []
10:22:21.545 [Test worker] TRACE org.springframework.core.io.support.PathMatchingResourcePatternResolver - Resolved classpath location [META-INF/jpa-named-queries.properties] to resources []
10:22:21.545 [Test worker] TRACE org.springframework.beans.factory.support.DefaultListableBeanFactory - Invoking afterPropertiesSet() on bean with name 'jpa.named-queries#1'
10:22:21.545 [Test worker] TRACE org.springframework.beans.factory.support.DefaultListableBeanFactory - Returning cached instance of singleton bean 'org.springframework.transaction.config.internalTransactionAdvisor'
10:22:21.545 [Test worker] TRACE org.springframework.beans.factory.support.DefaultListableBeanFactory - Returning cached instance of singleton bean 'org.springframework.transaction.config.internalTransactionAdvisor'
10:22:21.546 [Test worker] TRACE org.springframework.beans.factory.support.DefaultListableBeanFactory - Finished creating instance of bean 'jpa.named-queries#1'
10:22:21.546 [Test worker] TRACE org.springframework.beans.factory.support.DefaultListableBeanFactory - Returning cached instance of singleton bean 'org.springframework.transaction.config.internalTransactionAdvisor'
10:22:21.546 [Test worker] TRACE org.springframework.beans.factory.support.DefaultListableBeanFactory - Returning cached instance of singleton bean 'org.springframework.transaction.config.internalTransactionAdvisor'
10:22:21.546 [Test worker] DEBUG org.springframework.beans.factory.support.DefaultListableBeanFactory - Creating shared instance of singleton bean 'jpa.ReservationDao.fragments#0'
10:22:21.546 [Test worker] TRACE org.springframework.beans.factory.support.DefaultListableBeanFactory - Creating instance of bean 'jpa.ReservationDao.fragments#0'
10:22:21.546 [Test worker] TRACE org.springframework.beans.factory.support.DefaultListableBeanFactory - Returning cached instance of singleton bean 'org.springframework.transaction.config.internalTransactionAdvisor'
10:22:21.546 [Test worker] TRACE org.springframework.beans.factory.support.DefaultListableBeanFactory - Invoking afterPropertiesSet() on bean with name 'jpa.ReservationDao.fragments#0'
10:22:21.546 [Test worker] TRACE org.springframework.beans.factory.support.DefaultListableBeanFactory - Returning cached instance of singleton bean 'org.springframework.transaction.config.internalTransactionAdvisor'
10:22:21.546 [Test worker] TRACE org.springframework.beans.factory.support.DefaultListableBeanFactory - Returning cached instance of singleton bean 'org.springframework.transaction.config.internalTransactionAdvisor'
10:22:21.546 [Test worker] TRACE org.springframework.beans.factory.support.DefaultListableBeanFactory - Finished creating instance of bean 'jpa.ReservationDao.fragments#0'
10:22:21.546 [Test worker] TRACE org.springframework.beans.factory.support.DefaultListableBeanFactory - Returning cached instance of singleton bean 'org.springframework.transaction.config.internalTransactionAdvisor'
10:22:21.546 [Test worker] TRACE org.springframework.beans.factory.support.DefaultListableBeanFactory - Returning cached instance of singleton bean 'org.springframework.transaction.config.internalTransactionAdvisor'
10:22:21.546 [Test worker] TRACE org.springframework.beans.factory.support.DefaultListableBeanFactory - Returning cached instance of singleton bean 'jpaSharedEM_entityManagerFactory'
10:22:21.546 [Test worker] TRACE org.springframework.beans.factory.support.DefaultListableBeanFactory - Returning cached instance of singleton bean 'jpaMappingContext'
10:22:21.546 [Test worker] TRACE org.springframework.beans.factory.support.DefaultListableBeanFactory - Invoking afterPropertiesSet() on bean with name 'reservationDao'
10:22:21.546 [Test worker] DEBUG org.springframework.orm.jpa.SharedEntityManagerCreator$SharedEntityManagerInvocationHandler - Creating new EntityManager for shared EntityManager invocation
10:22:21.546 [Test worker] TRACE org.hibernate.internal.SessionFactoryImpl$SessionBuilderImpl - Opening Hibernate Session.  tenant=null
10:22:21.547 [Test worker] TRACE org.hibernate.internal.SessionImpl - Opened Session [af587568-7a8d-45e5-b457-0a84035514ab] at timestamp: 1704813741547
10:22:21.547 [Test worker] TRACE org.hibernate.internal.SessionImpl - Closing session [af587568-7a8d-45e5-b457-0a84035514ab]
10:22:21.547 [Test worker] TRACE org.hibernate.engine.jdbc.internal.JdbcCoordinatorImpl - Closing JDBC container [org.hibernate.engine.jdbc.internal.JdbcCoordinatorImpl@309ac89e]
10:22:21.547 [Test worker] TRACE org.hibernate.resource.jdbc.internal.ResourceRegistryStandardImpl - Releasing JDBC resources
10:22:21.547 [Test worker] TRACE org.hibernate.resource.jdbc.internal.LogicalConnectionManagedImpl - Closing logical connection
10:22:21.547 [Test worker] TRACE org.hibernate.resource.jdbc.internal.LogicalConnectionManagedImpl - Logical connection closed
10:22:21.547 [Test worker] TRACE org.springframework.beans.CachedIntrospectionResults - Getting BeanInfo for class [com.laundry.laundryMgmt.models.ReservationEntity]
10:22:21.547 [Test worker] TRACE org.springframework.beans.CachedIntrospectionResults - Caching PropertyDescriptors for class [com.laundry.laundryMgmt.models.ReservationEntity]
10:22:21.548 [Test worker] TRACE org.springframework.beans.CachedIntrospectionResults - Found bean property 'class' of type [java.lang.Class]
10:22:21.548 [Test worker] TRACE org.springframework.beans.CachedIntrospectionResults - Found bean property 'machine' of type [com.laundry.laundryMgmt.models.MachineEntity]
10:22:21.548 [Test worker] TRACE org.springframework.beans.CachedIntrospectionResults - Found bean property 'reservationAvailable' of type [java.lang.Boolean]
10:22:21.548 [Test worker] TRACE org.springframework.beans.CachedIntrospectionResults - Found bean property 'reservationDate' of type [java.time.LocalDate]
10:22:21.548 [Test worker] TRACE org.springframework.beans.CachedIntrospectionResults - Found bean property 'reservationEndTime' of type [java.time.LocalTime]
10:22:21.548 [Test worker] TRACE org.springframework.beans.CachedIntrospectionResults - Found bean property 'reservationId' of type [long]
10:22:21.548 [Test worker] TRACE org.springframework.beans.CachedIntrospectionResults - Found bean property 'reservationStartTime' of type [java.time.LocalTime]
10:22:21.548 [Test worker] TRACE org.springframework.beans.CachedIntrospectionResults - Found bean property 'reservationUser' of type [java.lang.String]
10:22:21.562 [Test worker] DEBUG org.springframework.data.repository.core.support.RepositoryFactorySupport - Initializing repository instance for com.laundry.laundryMgmt.dao.ReservationDao…
10:22:21.565 [Test worker] TRACE org.springframework.beans.factory.support.DefaultListableBeanFactory - Returning cached instance of singleton bean 'applicationStartup'
10:22:21.566 [Test worker] TRACE org.springframework.aop.framework.JdkDynamicAopProxy - Creating JDK dynamic proxy: org.springframework.data.jpa.repository.support.CrudMethodMetadataPostProcessor$ThreadBoundTargetSource@5e609b42
10:22:21.566 [Test worker] DEBUG org.springframework.orm.jpa.SharedEntityManagerCreator$SharedEntityManagerInvocationHandler - Creating new EntityManager for shared EntityManager invocation
10:22:21.566 [Test worker] TRACE org.hibernate.internal.SessionFactoryImpl$SessionBuilderImpl - Opening Hibernate Session.  tenant=null
10:22:21.566 [Test worker] TRACE org.hibernate.internal.SessionImpl - Opened Session [eae10c3c-c6af-4c81-bd65-f9f592d135c4] at timestamp: 1704813741566
10:22:21.567 [Test worker] TRACE org.hibernate.internal.SessionImpl - Closing session [eae10c3c-c6af-4c81-bd65-f9f592d135c4]
10:22:21.567 [Test worker] TRACE org.hibernate.engine.jdbc.internal.JdbcCoordinatorImpl - Closing JDBC container [org.hibernate.engine.jdbc.internal.JdbcCoordinatorImpl@5fe19d0e]
10:22:21.567 [Test worker] TRACE org.hibernate.resource.jdbc.internal.ResourceRegistryStandardImpl - Releasing JDBC resources
10:22:21.567 [Test worker] TRACE org.hibernate.resource.jdbc.internal.LogicalConnectionManagedImpl - Closing logical connection
10:22:21.567 [Test worker] TRACE org.hibernate.resource.jdbc.internal.LogicalConnectionManagedImpl - Logical connection closed
10:22:21.567 [Test worker] TRACE org.springframework.aop.framework.JdkDynamicAopProxy - Creating JDK dynamic proxy: org.springframework.data.jpa.repository.support.CrudMethodMetadataPostProcessor$ThreadBoundTargetSource@24673720
10:22:21.577 [Test worker] TRACE org.springframework.aop.framework.JdkDynamicAopProxy - Creating JDK dynamic proxy: SingletonTargetSource for target object [org.springframework.data.jpa.repository.support.SimpleJpaRepository@2aadeb31]
10:22:21.581 [Test worker] DEBUG org.springframework.data.repository.core.support.RepositoryFactorySupport - Finished creation of repository instance for com.laundry.laundryMgmt.dao.ReservationDao.
10:22:21.581 [Test worker] TRACE org.springframework.beans.factory.support.DefaultListableBeanFactory - Returning cached instance of singleton bean 'org.springframework.transaction.config.internalTransactionAdvisor'
10:22:21.581 [Test worker] TRACE org.springframework.beans.factory.support.DefaultListableBeanFactory - Returning cached instance of singleton bean 'org.springframework.transaction.config.internalTransactionAdvisor'
10:22:21.582 [Test worker] TRACE org.springframework.beans.factory.support.DefaultListableBeanFactory - Finished creating instance of bean 'reservationDao'
10:22:21.582 [Test worker] TRACE org.springframework.beans.factory.support.DefaultListableBeanFactory - Returning cached instance of singleton bean 'org.springframework.transaction.config.internalTransactionAdvisor'
10:22:21.582 [Test worker] TRACE org.springframework.beans.factory.support.DefaultListableBeanFactory - Returning cached instance of singleton bean 'org.springframework.transaction.config.internalTransactionAdvisor'
10:22:21.582 [Test worker] DEBUG org.springframework.beans.factory.support.DefaultListableBeanFactory - Autowiring by type from bean name 'reservationController' via constructor to bean named 'reservationDao'
10:22:21.582 [Test worker] TRACE org.springframework.beans.factory.support.DefaultListableBeanFactory - Returning cached instance of singleton bean 'org.springframework.transaction.config.internalTransactionAdvisor'
10:22:21.582 [Test worker] TRACE org.springframework.beans.factory.support.DefaultListableBeanFactory - Returning cached instance of singleton bean 'org.springframework.transaction.config.internalTransactionAdvisor'
10:22:21.582 [Test worker] TRACE org.springframework.transaction.annotation.AnnotationTransactionAttributeSource - Adding transactional method 'com.laundry.laundryMgmt.controllers.ReservationController.findById' with attribute: PROPAGATION_REQUIRED,ISOLATION_DEFAULT
10:22:21.583 [Test worker] TRACE org.springframework.aop.aspectj.annotation.AnnotationAwareAspectJAutoProxyCreator - Creating implicit proxy for bean 'reservationController' with 0 common interceptors and 1 specific interceptors
10:22:21.583 [Test worker] TRACE org.springframework.aop.framework.CglibAopProxy - Creating CGLIB proxy: SingletonTargetSource for target object [com.laundry.laundryMgmt.controllers.ReservationController@3ed4c822]
10:22:21.584 [Test worker] TRACE org.springframework.aop.framework.CglibAopProxy - Unable to apply any optimizations to advised method: public com.laundry.laundryMgmt.records.ReservationRecord com.laundry.laundryMgmt.controllers.ReservationController.findById(java.lang.Long)
10:22:21.585 [Test worker] TRACE org.springframework.transaction.annotation.AnnotationTransactionAttributeSource - Adding transactional method 'com.laundry.laundryMgmt.controllers.ReservationController.update' with attribute: PROPAGATION_REQUIRED,ISOLATION_DEFAULT
10:22:21.585 [Test worker] TRACE org.springframework.aop.framework.CglibAopProxy - Unable to apply any optimizations to advised method: public org.springframework.http.ResponseEntity com.laundry.laundryMgmt.controllers.ReservationController.update(java.lang.Long,com.laundry.laundryMgmt.records.ReservationCommand)
10:22:21.585 [Test worker] TRACE org.springframework.transaction.annotation.AnnotationTransactionAttributeSource - Adding transactional method 'com.laundry.laundryMgmt.controllers.ReservationController.delete' with attribute: PROPAGATION_REQUIRED,ISOLATION_DEFAULT
10:22:21.586 [Test worker] TRACE org.springframework.aop.framework.CglibAopProxy - Unable to apply any optimizations to advised method: public void com.laundry.laundryMgmt.controllers.ReservationController.delete(java.lang.Long)
10:22:21.586 [Test worker] TRACE org.springframework.transaction.annotation.AnnotationTransactionAttributeSource - Adding transactional method 'com.laundry.laundryMgmt.controllers.ReservationController.create' with attribute: PROPAGATION_REQUIRED,ISOLATION_DEFAULT
10:22:21.586 [Test worker] TRACE org.springframework.aop.framework.CglibAopProxy - Unable to apply any optimizations to advised method: public org.springframework.http.ResponseEntity com.laundry.laundryMgmt.controllers.ReservationController.create(com.laundry.laundryMgmt.records.ReservationCommand)
10:22:21.586 [Test worker] TRACE org.springframework.transaction.annotation.AnnotationTransactionAttributeSource - Adding transactional method 'com.laundry.laundryMgmt.controllers.ReservationController.findAll' with attribute: PROPAGATION_REQUIRED,ISOLATION_DEFAULT
10:22:21.586 [Test worker] TRACE org.springframework.aop.framework.CglibAopProxy - Unable to apply any optimizations to advised method: public java.util.List com.laundry.laundryMgmt.controllers.ReservationController.findAll()
10:22:21.586 [Test worker] TRACE org.springframework.aop.framework.CglibAopProxy - Found 'equals' method: public boolean java.lang.Object.equals(java.lang.Object)
10:22:21.586 [Test worker] TRACE org.springframework.aop.framework.CglibAopProxy - Unable to apply any optimizations to advised method: public java.lang.String java.lang.Object.toString()
10:22:21.586 [Test worker] TRACE org.springframework.aop.framework.CglibAopProxy - Found 'hashCode' method: public native int java.lang.Object.hashCode()
10:22:21.586 [Test worker] TRACE org.springframework.aop.framework.CglibAopProxy - Unable to apply any optimizations to advised method: protected native java.lang.Object java.lang.Object.clone() throws java.lang.CloneNotSupportedException
10:22:21.586 [Test worker] TRACE org.springframework.aop.framework.CglibAopProxy - Method is declared on Advised interface: public abstract int org.springframework.aop.framework.Advised.indexOf(org.springframework.aop.Advisor)
10:22:21.586 [Test worker] TRACE org.springframework.aop.framework.CglibAopProxy - Method is declared on Advised interface: public abstract int org.springframework.aop.framework.Advised.indexOf(org.aopalliance.aop.Advice)
10:22:21.586 [Test worker] TRACE org.springframework.aop.framework.CglibAopProxy - Method is declared on Advised interface: public abstract boolean org.springframework.aop.framework.Advised.isFrozen()
10:22:21.586 [Test worker] TRACE org.springframework.aop.framework.CglibAopProxy - Method is declared on Advised interface: public abstract org.springframework.aop.TargetSource org.springframework.aop.framework.Advised.getTargetSource()
10:22:21.586 [Test worker] TRACE org.springframework.aop.framework.CglibAopProxy - Method is declared on Advised interface: public abstract java.lang.Class[] org.springframework.aop.framework.Advised.getProxiedInterfaces()
10:22:21.587 [Test worker] TRACE org.springframework.aop.framework.CglibAopProxy - Method is declared on Advised interface: public abstract boolean org.springframework.aop.framework.Advised.isInterfaceProxied(java.lang.Class)
10:22:21.587 [Test worker] TRACE org.springframework.aop.framework.CglibAopProxy - Method is declared on Advised interface: public default int org.springframework.aop.framework.Advised.getAdvisorCount()
10:22:21.587 [Test worker] TRACE org.springframework.aop.framework.CglibAopProxy - Method is declared on Advised interface: public abstract org.springframework.aop.Advisor[] org.springframework.aop.framework.Advised.getAdvisors()
10:22:21.587 [Test worker] TRACE org.springframework.aop.framework.CglibAopProxy - Method is declared on Advised interface: public abstract boolean org.springframework.aop.framework.Advised.isProxyTargetClass()
10:22:21.587 [Test worker] TRACE org.springframework.aop.framework.CglibAopProxy - Method is declared on Advised interface: public abstract void org.springframework.aop.framework.Advised.setTargetSource(org.springframework.aop.TargetSource)
10:22:21.587 [Test worker] TRACE org.springframework.aop.framework.CglibAopProxy - Method is declared on Advised interface: public abstract void org.springframework.aop.framework.Advised.setExposeProxy(boolean)
10:22:21.587 [Test worker] TRACE org.springframework.aop.framework.CglibAopProxy - Method is declared on Advised interface: public abstract boolean org.springframework.aop.framework.Advised.isExposeProxy()
10:22:21.587 [Test worker] TRACE org.springframework.aop.framework.CglibAopProxy - Method is declared on Advised interface: public abstract void org.springframework.aop.framework.Advised.setPreFiltered(boolean)
10:22:21.587 [Test worker] TRACE org.springframework.aop.framework.CglibAopProxy - Method is declared on Advised interface: public abstract boolean org.springframework.aop.framework.Advised.isPreFiltered()
10:22:21.587 [Test worker] TRACE org.springframework.aop.framework.CglibAopProxy - Method is declared on Advised interface: public abstract void org.springframework.aop.framework.Advised.addAdvisor(org.springframework.aop.Advisor) throws org.springframework.aop.framework.AopConfigException
10:22:21.587 [Test worker] TRACE org.springframework.aop.framework.CglibAopProxy - Method is declared on Advised interface: public abstract void org.springframework.aop.framework.Advised.addAdvisor(int,org.springframework.aop.Advisor) throws org.springframework.aop.framework.AopConfigException
10:22:21.587 [Test worker] TRACE org.springframework.aop.framework.CglibAopProxy - Method is declared on Advised interface: public abstract boolean org.springframework.aop.framework.Advised.removeAdvisor(org.springframework.aop.Advisor)
10:22:21.587 [Test worker] TRACE org.springframework.aop.framework.CglibAopProxy - Method is declared on Advised interface: public abstract void org.springframework.aop.framework.Advised.removeAdvisor(int) throws org.springframework.aop.framework.AopConfigException
10:22:21.587 [Test worker] TRACE org.springframework.aop.framework.CglibAopProxy - Method is declared on Advised interface: public abstract boolean org.springframework.aop.framework.Advised.replaceAdvisor(org.springframework.aop.Advisor,org.springframework.aop.Advisor) throws org.springframework.aop.framework.AopConfigException
10:22:21.587 [Test worker] TRACE org.springframework.aop.framework.CglibAopProxy - Method is declared on Advised interface: public abstract void org.springframework.aop.framework.Advised.addAdvice(int,org.aopalliance.aop.Advice) throws org.springframework.aop.framework.AopConfigException
10:22:21.587 [Test worker] TRACE org.springframework.aop.framework.CglibAopProxy - Method is declared on Advised interface: public abstract void org.springframework.aop.framework.Advised.addAdvice(org.aopalliance.aop.Advice) throws org.springframework.aop.framework.AopConfigException
10:22:21.587 [Test worker] TRACE org.springframework.aop.framework.CglibAopProxy - Method is declared on Advised interface: public abstract boolean org.springframework.aop.framework.Advised.removeAdvice(org.aopalliance.aop.Advice)
10:22:21.587 [Test worker] TRACE org.springframework.aop.framework.CglibAopProxy - Method is declared on Advised interface: public abstract java.lang.String org.springframework.aop.framework.Advised.toProxyConfigString()
10:22:21.587 [Test worker] TRACE org.springframework.aop.framework.CglibAopProxy - Method is declared on Advised interface: public abstract java.lang.Class org.springframework.aop.TargetClassAware.getTargetClass()
10:22:21.591 [Test worker] TRACE org.springframework.beans.factory.support.DefaultListableBeanFactory - Finished creating instance of bean 'reservationController'
10:22:21.591 [Test worker] DEBUG org.springframework.beans.factory.support.DefaultListableBeanFactory - Creating shared instance of singleton bean 'securityController'
10:22:21.591 [Test worker] TRACE org.springframework.beans.factory.support.DefaultListableBeanFactory - Creating instance of bean 'securityController'
10:22:21.592 [Test worker] TRACE org.springframework.beans.factory.support.DefaultListableBeanFactory - Returning cached instance of singleton bean 'org.springframework.transaction.config.internalTransactionAdvisor'
10:22:21.593 [Test worker] TRACE org.springframework.beans.factory.support.DefaultListableBeanFactory - Returning cached instance of singleton bean 'org.springframework.transaction.config.internalTransactionAdvisor'
10:22:21.593 [Test worker] TRACE org.springframework.beans.factory.support.DefaultListableBeanFactory - Returning cached instance of singleton bean 'org.springframework.transaction.config.internalTransactionAdvisor'
10:22:21.593 [Test worker] TRACE org.springframework.beans.factory.support.DefaultListableBeanFactory - Finished creating instance of bean 'securityController'
10:22:21.593 [Test worker] DEBUG org.springframework.beans.factory.support.DefaultListableBeanFactory - Creating shared instance of singleton bean 'sensorController'
10:22:21.593 [Test worker] TRACE org.springframework.beans.factory.support.DefaultListableBeanFactory - Creating instance of bean 'sensorController'
10:22:21.593 [Test worker] TRACE org.springframework.beans.factory.support.DefaultListableBeanFactory - Returning cached instance of singleton bean 'org.springframework.transaction.config.internalTransactionAdvisor'
10:22:21.594 [Test worker] DEBUG org.springframework.beans.factory.support.DefaultListableBeanFactory - Creating shared instance of singleton bean 'sensorDao'
10:22:21.594 [Test worker] TRACE org.springframework.beans.factory.support.DefaultListableBeanFactory - Creating instance of bean 'sensorDao'
10:22:21.594 [Test worker] TRACE org.springframework.beans.factory.support.DefaultListableBeanFactory - Returning cached instance of singleton bean 'org.springframework.transaction.config.internalTransactionAdvisor'
10:22:21.595 [Test worker] DEBUG org.springframework.beans.factory.support.DefaultListableBeanFactory - Creating shared instance of singleton bean 'jpa.named-queries#0'
10:22:21.596 [Test worker] TRACE org.springframework.beans.factory.support.DefaultListableBeanFactory - Creating instance of bean 'jpa.named-queries#0'
10:22:21.596 [Test worker] TRACE org.springframework.beans.factory.support.DefaultListableBeanFactory - Returning cached instance of singleton bean 'org.springframework.transaction.config.internalTransactionAdvisor'
10:22:21.596 [Test worker] TRACE org.springframework.beans.TypeConverterDelegate - Converting String to [class [Lorg.springframework.core.io.Resource;] using property editor [org.springframework.core.io.support.ResourceArrayPropertyEditor@4a0a93ce]
10:22:21.596 [Test worker] TRACE org.springframework.core.io.support.PathMatchingResourcePatternResolver - Resolved module-path location pattern [META-INF/jpa-named-queries.properties] to resources []
10:22:21.596 [Test worker] TRACE org.springframework.core.io.support.PathMatchingResourcePatternResolver - Resolved classpath location [META-INF/jpa-named-queries.properties] to resources []
10:22:21.597 [Test worker] TRACE org.springframework.beans.factory.support.DefaultListableBeanFactory - Invoking afterPropertiesSet() on bean with name 'jpa.named-queries#0'
10:22:21.597 [Test worker] TRACE org.springframework.beans.factory.support.DefaultListableBeanFactory - Returning cached instance of singleton bean 'org.springframework.transaction.config.internalTransactionAdvisor'
10:22:21.597 [Test worker] TRACE org.springframework.beans.factory.support.DefaultListableBeanFactory - Returning cached instance of singleton bean 'org.springframework.transaction.config.internalTransactionAdvisor'
10:22:21.597 [Test worker] TRACE org.springframework.beans.factory.support.DefaultListableBeanFactory - Finished creating instance of bean 'jpa.named-queries#0'
10:22:21.597 [Test worker] TRACE org.springframework.beans.factory.support.DefaultListableBeanFactory - Returning cached instance of singleton bean 'org.springframework.transaction.config.internalTransactionAdvisor'
10:22:21.597 [Test worker] TRACE org.springframework.beans.factory.support.DefaultListableBeanFactory - Returning cached instance of singleton bean 'org.springframework.transaction.config.internalTransactionAdvisor'
10:22:21.597 [Test worker] DEBUG org.springframework.beans.factory.support.DefaultListableBeanFactory - Creating shared instance of singleton bean 'jpa.SensorDao.fragments#0'
10:22:21.597 [Test worker] TRACE org.springframework.beans.factory.support.DefaultListableBeanFactory - Creating instance of bean 'jpa.SensorDao.fragments#0'
10:22:21.597 [Test worker] TRACE org.springframework.beans.factory.support.DefaultListableBeanFactory - Returning cached instance of singleton bean 'org.springframework.transaction.config.internalTransactionAdvisor'
10:22:21.597 [Test worker] TRACE org.springframework.beans.factory.support.DefaultListableBeanFactory - Invoking afterPropertiesSet() on bean with name 'jpa.SensorDao.fragments#0'
10:22:21.597 [Test worker] TRACE org.springframework.beans.factory.support.DefaultListableBeanFactory - Returning cached instance of singleton bean 'org.springframework.transaction.config.internalTransactionAdvisor'
10:22:21.597 [Test worker] TRACE org.springframework.beans.factory.support.DefaultListableBeanFactory - Returning cached instance of singleton bean 'org.springframework.transaction.config.internalTransactionAdvisor'
10:22:21.597 [Test worker] TRACE org.springframework.beans.factory.support.DefaultListableBeanFactory - Finished creating instance of bean 'jpa.SensorDao.fragments#0'
10:22:21.597 [Test worker] TRACE org.springframework.beans.factory.support.DefaultListableBeanFactory - Returning cached instance of singleton bean 'org.springframework.transaction.config.internalTransactionAdvisor'
10:22:21.597 [Test worker] TRACE org.springframework.beans.factory.support.DefaultListableBeanFactory - Returning cached instance of singleton bean 'org.springframework.transaction.config.internalTransactionAdvisor'
10:22:21.597 [Test worker] TRACE org.springframework.beans.factory.support.DefaultListableBeanFactory - Returning cached instance of singleton bean 'jpaSharedEM_entityManagerFactory'
10:22:21.597 [Test worker] TRACE org.springframework.beans.factory.support.DefaultListableBeanFactory - Returning cached instance of singleton bean 'jpaMappingContext'
10:22:21.598 [Test worker] TRACE org.springframework.beans.factory.support.DefaultListableBeanFactory - Invoking afterPropertiesSet() on bean with name 'sensorDao'
10:22:21.598 [Test worker] DEBUG org.springframework.orm.jpa.SharedEntityManagerCreator$SharedEntityManagerInvocationHandler - Creating new EntityManager for shared EntityManager invocation
10:22:21.598 [Test worker] TRACE org.hibernate.internal.SessionFactoryImpl$SessionBuilderImpl - Opening Hibernate Session.  tenant=null
10:22:21.598 [Test worker] TRACE org.hibernate.internal.SessionImpl - Opened Session [4a2a9f2d-b938-4178-81a1-2dba030c6aaf] at timestamp: 1704813741598
10:22:21.598 [Test worker] TRACE org.hibernate.internal.SessionImpl - Closing session [4a2a9f2d-b938-4178-81a1-2dba030c6aaf]
10:22:21.598 [Test worker] TRACE org.hibernate.engine.jdbc.internal.JdbcCoordinatorImpl - Closing JDBC container [org.hibernate.engine.jdbc.internal.JdbcCoordinatorImpl@53f18591]
10:22:21.598 [Test worker] TRACE org.hibernate.resource.jdbc.internal.ResourceRegistryStandardImpl - Releasing JDBC resources
10:22:21.598 [Test worker] TRACE org.hibernate.resource.jdbc.internal.LogicalConnectionManagedImpl - Closing logical connection
10:22:21.598 [Test worker] TRACE org.hibernate.resource.jdbc.internal.LogicalConnectionManagedImpl - Logical connection closed
10:22:21.598 [Test worker] TRACE org.springframework.beans.CachedIntrospectionResults - Getting BeanInfo for class [com.laundry.laundryMgmt.models.SensorEntity]
10:22:21.599 [Test worker] TRACE org.springframework.beans.CachedIntrospectionResults - Caching PropertyDescriptors for class [com.laundry.laundryMgmt.models.SensorEntity]
10:22:21.599 [Test worker] TRACE org.springframework.beans.CachedIntrospectionResults - Found bean property 'class' of type [java.lang.Class]
10:22:21.599 [Test worker] TRACE org.springframework.beans.CachedIntrospectionResults - Found bean property 'machine' of type [com.laundry.laundryMgmt.models.MachineEntity]
10:22:21.599 [Test worker] TRACE org.springframework.beans.CachedIntrospectionResults - Found bean property 'measure' of type [int]
10:22:21.599 [Test worker] TRACE org.springframework.beans.CachedIntrospectionResults - Found bean property 'sensorId' of type [long]
10:22:21.599 [Test worker] TRACE org.springframework.beans.CachedIntrospectionResults - Found bean property 'sensorName' of type [java.lang.String]
10:22:21.599 [Test worker] TRACE org.springframework.beans.CachedIntrospectionResults - Found bean property 'sensorType' of type [com.laundry.laundryMgmt.models.SensorType]
10:22:21.599 [Test worker] TRACE org.springframework.beans.CachedIntrospectionResults - Found bean property 'status' of type [boolean]
10:22:21.602 [Test worker] DEBUG org.springframework.data.repository.core.support.RepositoryFactorySupport - Initializing repository instance for com.laundry.laundryMgmt.dao.SensorDao…
10:22:21.602 [Test worker] TRACE org.springframework.beans.factory.support.DefaultListableBeanFactory - Returning cached instance of singleton bean 'applicationStartup'
10:22:21.603 [Test worker] TRACE org.springframework.aop.framework.JdkDynamicAopProxy - Creating JDK dynamic proxy: org.springframework.data.jpa.repository.support.CrudMethodMetadataPostProcessor$ThreadBoundTargetSource@3a8cc099
10:22:21.603 [Test worker] DEBUG org.springframework.orm.jpa.SharedEntityManagerCreator$SharedEntityManagerInvocationHandler - Creating new EntityManager for shared EntityManager invocation
10:22:21.603 [Test worker] TRACE org.hibernate.internal.SessionFactoryImpl$SessionBuilderImpl - Opening Hibernate Session.  tenant=null
10:22:21.603 [Test worker] TRACE org.hibernate.internal.SessionImpl - Opened Session [3711a550-1f29-43cb-a6eb-665e74b93609] at timestamp: 1704813741603
10:22:21.603 [Test worker] TRACE org.hibernate.internal.SessionImpl - Closing session [3711a550-1f29-43cb-a6eb-665e74b93609]
10:22:21.603 [Test worker] TRACE org.hibernate.engine.jdbc.internal.JdbcCoordinatorImpl - Closing JDBC container [org.hibernate.engine.jdbc.internal.JdbcCoordinatorImpl@756b703d]
10:22:21.603 [Test worker] TRACE org.hibernate.resource.jdbc.internal.ResourceRegistryStandardImpl - Releasing JDBC resources
10:22:21.603 [Test worker] TRACE org.hibernate.resource.jdbc.internal.LogicalConnectionManagedImpl - Closing logical connection
10:22:21.603 [Test worker] TRACE org.hibernate.resource.jdbc.internal.LogicalConnectionManagedImpl - Logical connection closed
10:22:21.603 [Test worker] TRACE org.springframework.aop.framework.JdkDynamicAopProxy - Creating JDK dynamic proxy: org.springframework.data.jpa.repository.support.CrudMethodMetadataPostProcessor$ThreadBoundTargetSource@1c00a9f0
10:22:21.613 [Test worker] TRACE org.springframework.aop.framework.JdkDynamicAopProxy - Creating JDK dynamic proxy: SingletonTargetSource for target object [org.springframework.data.jpa.repository.support.SimpleJpaRepository@203ba07]
10:22:21.616 [Test worker] DEBUG org.springframework.data.repository.core.support.RepositoryFactorySupport - Finished creation of repository instance for com.laundry.laundryMgmt.dao.SensorDao.
10:22:21.616 [Test worker] TRACE org.springframework.beans.factory.support.DefaultListableBeanFactory - Returning cached instance of singleton bean 'org.springframework.transaction.config.internalTransactionAdvisor'
10:22:21.616 [Test worker] TRACE org.springframework.beans.factory.support.DefaultListableBeanFactory - Returning cached instance of singleton bean 'org.springframework.transaction.config.internalTransactionAdvisor'
10:22:21.616 [Test worker] TRACE org.springframework.beans.factory.support.DefaultListableBeanFactory - Finished creating instance of bean 'sensorDao'
10:22:21.616 [Test worker] TRACE org.springframework.beans.factory.support.DefaultListableBeanFactory - Returning cached instance of singleton bean 'org.springframework.transaction.config.internalTransactionAdvisor'
10:22:21.616 [Test worker] TRACE org.springframework.beans.factory.support.DefaultListableBeanFactory - Returning cached instance of singleton bean 'org.springframework.transaction.config.internalTransactionAdvisor'
10:22:21.616 [Test worker] DEBUG org.springframework.beans.factory.support.DefaultListableBeanFactory - Autowiring by type from bean name 'sensorController' via constructor to bean named 'sensorDao'
10:22:21.617 [Test worker] TRACE org.springframework.beans.factory.support.DefaultListableBeanFactory - Returning cached instance of singleton bean 'org.springframework.transaction.config.internalTransactionAdvisor'
10:22:21.617 [Test worker] TRACE org.springframework.beans.factory.support.DefaultListableBeanFactory - Returning cached instance of singleton bean 'org.springframework.transaction.config.internalTransactionAdvisor'
10:22:21.617 [Test worker] TRACE org.springframework.transaction.annotation.AnnotationTransactionAttributeSource - Adding transactional method 'com.laundry.laundryMgmt.controllers.SensorController.findById' with attribute: PROPAGATION_REQUIRED,ISOLATION_DEFAULT
10:22:21.617 [Test worker] TRACE org.springframework.aop.aspectj.annotation.AnnotationAwareAspectJAutoProxyCreator - Creating implicit proxy for bean 'sensorController' with 0 common interceptors and 1 specific interceptors
10:22:21.617 [Test worker] TRACE org.springframework.aop.framework.CglibAopProxy - Creating CGLIB proxy: SingletonTargetSource for target object [com.laundry.laundryMgmt.controllers.SensorController@69c53b72]
10:22:21.618 [Test worker] TRACE org.springframework.aop.framework.CglibAopProxy - Unable to apply any optimizations to advised method: public com.laundry.laundryMgmt.models.SensorEntity com.laundry.laundryMgmt.controllers.SensorController.findById(java.lang.Long)
10:22:21.618 [Test worker] TRACE org.springframework.transaction.annotation.AnnotationTransactionAttributeSource - Adding transactional method 'com.laundry.laundryMgmt.controllers.SensorController.update' with attribute: PROPAGATION_REQUIRED,ISOLATION_DEFAULT
10:22:21.618 [Test worker] TRACE org.springframework.aop.framework.CglibAopProxy - Unable to apply any optimizations to advised method: public org.springframework.http.ResponseEntity com.laundry.laundryMgmt.controllers.SensorController.update(java.lang.Long)
10:22:21.618 [Test worker] TRACE org.springframework.transaction.annotation.AnnotationTransactionAttributeSource - Adding transactional method 'com.laundry.laundryMgmt.controllers.SensorController.delete' with attribute: PROPAGATION_REQUIRED,ISOLATION_DEFAULT
10:22:21.618 [Test worker] TRACE org.springframework.aop.framework.CglibAopProxy - Unable to apply any optimizations to advised method: public void com.laundry.laundryMgmt.controllers.SensorController.delete(java.lang.Long)
10:22:21.619 [Test worker] TRACE org.springframework.transaction.annotation.AnnotationTransactionAttributeSource - Adding transactional method 'com.laundry.laundryMgmt.controllers.SensorController.create' with attribute: PROPAGATION_REQUIRED,ISOLATION_DEFAULT
10:22:21.619 [Test worker] TRACE org.springframework.aop.framework.CglibAopProxy - Unable to apply any optimizations to advised method: public org.springframework.http.ResponseEntity com.laundry.laundryMgmt.controllers.SensorController.create(com.laundry.laundryMgmt.records.SensorRecord)
10:22:21.619 [Test worker] TRACE org.springframework.transaction.annotation.AnnotationTransactionAttributeSource - Adding transactional method 'com.laundry.laundryMgmt.controllers.SensorController.findAll' with attribute: PROPAGATION_REQUIRED,ISOLATION_DEFAULT
10:22:21.619 [Test worker] TRACE org.springframework.aop.framework.CglibAopProxy - Unable to apply any optimizations to advised method: public java.util.List com.laundry.laundryMgmt.controllers.SensorController.findAll()
10:22:21.619 [Test worker] TRACE org.springframework.transaction.annotation.AnnotationTransactionAttributeSource - Adding transactional method 'com.laundry.laundryMgmt.controllers.SensorController.updateMeasure' with attribute: PROPAGATION_REQUIRED,ISOLATION_DEFAULT
10:22:21.619 [Test worker] TRACE org.springframework.aop.framework.CglibAopProxy - Unable to apply any optimizations to advised method: public org.springframework.http.ResponseEntity com.laundry.laundryMgmt.controllers.SensorController.updateMeasure(java.lang.Long,com.laundry.laundryMgmt.records.SensorRecord)
10:22:21.619 [Test worker] TRACE org.springframework.transaction.annotation.AnnotationTransactionAttributeSource - Adding transactional method 'com.laundry.laundryMgmt.controllers.SensorController.findAllSensorTypes' with attribute: PROPAGATION_REQUIRED,ISOLATION_DEFAULT
10:22:21.619 [Test worker] TRACE org.springframework.aop.framework.CglibAopProxy - Unable to apply any optimizations to advised method: public java.util.List com.laundry.laundryMgmt.controllers.SensorController.findAllSensorTypes()
10:22:21.619 [Test worker] TRACE org.springframework.aop.framework.CglibAopProxy - Found 'equals' method: public boolean java.lang.Object.equals(java.lang.Object)
10:22:21.619 [Test worker] TRACE org.springframework.aop.framework.CglibAopProxy - Unable to apply any optimizations to advised method: public java.lang.String java.lang.Object.toString()
10:22:21.619 [Test worker] TRACE org.springframework.aop.framework.CglibAopProxy - Found 'hashCode' method: public native int java.lang.Object.hashCode()
10:22:21.619 [Test worker] TRACE org.springframework.aop.framework.CglibAopProxy - Unable to apply any optimizations to advised method: protected native java.lang.Object java.lang.Object.clone() throws java.lang.CloneNotSupportedException
10:22:21.619 [Test worker] TRACE org.springframework.aop.framework.CglibAopProxy - Method is declared on Advised interface: public abstract int org.springframework.aop.framework.Advised.indexOf(org.springframework.aop.Advisor)
10:22:21.619 [Test worker] TRACE org.springframework.aop.framework.CglibAopProxy - Method is declared on Advised interface: public abstract int org.springframework.aop.framework.Advised.indexOf(org.aopalliance.aop.Advice)
10:22:21.619 [Test worker] TRACE org.springframework.aop.framework.CglibAopProxy - Method is declared on Advised interface: public abstract boolean org.springframework.aop.framework.Advised.isFrozen()
10:22:21.619 [Test worker] TRACE org.springframework.aop.framework.CglibAopProxy - Method is declared on Advised interface: public abstract org.springframework.aop.TargetSource org.springframework.aop.framework.Advised.getTargetSource()
10:22:21.619 [Test worker] TRACE org.springframework.aop.framework.CglibAopProxy - Method is declared on Advised interface: public abstract java.lang.Class[] org.springframework.aop.framework.Advised.getProxiedInterfaces()
10:22:21.619 [Test worker] TRACE org.springframework.aop.framework.CglibAopProxy - Method is declared on Advised interface: public abstract boolean org.springframework.aop.framework.Advised.isInterfaceProxied(java.lang.Class)
10:22:21.619 [Test worker] TRACE org.springframework.aop.framework.CglibAopProxy - Method is declared on Advised interface: public default int org.springframework.aop.framework.Advised.getAdvisorCount()
10:22:21.619 [Test worker] TRACE org.springframework.aop.framework.CglibAopProxy - Method is declared on Advised interface: public abstract org.springframework.aop.Advisor[] org.springframework.aop.framework.Advised.getAdvisors()
10:22:21.619 [Test worker] TRACE org.springframework.aop.framework.CglibAopProxy - Method is declared on Advised interface: public abstract boolean org.springframework.aop.framework.Advised.isProxyTargetClass()
10:22:21.619 [Test worker] TRACE org.springframework.aop.framework.CglibAopProxy - Method is declared on Advised interface: public abstract void org.springframework.aop.framework.Advised.setTargetSource(org.springframework.aop.TargetSource)
10:22:21.619 [Test worker] TRACE org.springframework.aop.framework.CglibAopProxy - Method is declared on Advised interface: public abstract void org.springframework.aop.framework.Advised.setExposeProxy(boolean)
10:22:21.619 [Test worker] TRACE org.springframework.aop.framework.CglibAopProxy - Method is declared on Advised interface: public abstract boolean org.springframework.aop.framework.Advised.isExposeProxy()
10:22:21.619 [Test worker] TRACE org.springframework.aop.framework.CglibAopProxy - Method is declared on Advised interface: public abstract void org.springframework.aop.framework.Advised.setPreFiltered(boolean)
10:22:21.619 [Test worker] TRACE org.springframework.aop.framework.CglibAopProxy - Method is declared on Advised interface: public abstract boolean org.springframework.aop.framework.Advised.isPreFiltered()
10:22:21.619 [Test worker] TRACE org.springframework.aop.framework.CglibAopProxy - Method is declared on Advised interface: public abstract void org.springframework.aop.framework.Advised.addAdvisor(org.springframework.aop.Advisor) throws org.springframework.aop.framework.AopConfigException
10:22:21.619 [Test worker] TRACE org.springframework.aop.framework.CglibAopProxy - Method is declared on Advised interface: public abstract void org.springframework.aop.framework.Advised.addAdvisor(int,org.springframework.aop.Advisor) throws org.springframework.aop.framework.AopConfigException
10:22:21.619 [Test worker] TRACE org.springframework.aop.framework.CglibAopProxy - Method is declared on Advised interface: public abstract boolean org.springframework.aop.framework.Advised.removeAdvisor(org.springframework.aop.Advisor)
10:22:21.619 [Test worker] TRACE org.springframework.aop.framework.CglibAopProxy - Method is declared on Advised interface: public abstract void org.springframework.aop.framework.Advised.removeAdvisor(int) throws org.springframework.aop.framework.AopConfigException
10:22:21.619 [Test worker] TRACE org.springframework.aop.framework.CglibAopProxy - Method is declared on Advised interface: public abstract boolean org.springframework.aop.framework.Advised.replaceAdvisor(org.springframework.aop.Advisor,org.springframework.aop.Advisor) throws org.springframework.aop.framework.AopConfigException
10:22:21.619 [Test worker] TRACE org.springframework.aop.framework.CglibAopProxy - Method is declared on Advised interface: public abstract void org.springframework.aop.framework.Advised.addAdvice(int,org.aopalliance.aop.Advice) throws org.springframework.aop.framework.AopConfigException
10:22:21.619 [Test worker] TRACE org.springframework.aop.framework.CglibAopProxy - Method is declared on Advised interface: public abstract void org.springframework.aop.framework.Advised.addAdvice(org.aopalliance.aop.Advice) throws org.springframework.aop.framework.AopConfigException
10:22:21.619 [Test worker] TRACE org.springframework.aop.framework.CglibAopProxy - Method is declared on Advised interface: public abstract boolean org.springframework.aop.framework.Advised.removeAdvice(org.aopalliance.aop.Advice)
10:22:21.619 [Test worker] TRACE org.springframework.aop.framework.CglibAopProxy - Method is declared on Advised interface: public abstract java.lang.String org.springframework.aop.framework.Advised.toProxyConfigString()
10:22:21.619 [Test worker] TRACE org.springframework.aop.framework.CglibAopProxy - Method is declared on Advised interface: public abstract java.lang.Class org.springframework.aop.TargetClassAware.getTargetClass()
10:22:21.623 [Test worker] TRACE org.springframework.beans.factory.support.DefaultListableBeanFactory - Finished creating instance of bean 'sensorController'
10:22:21.623 [Test worker] DEBUG org.springframework.beans.factory.support.DefaultListableBeanFactory - Creating shared instance of singleton bean 'washingTimeCommandLine'
10:22:21.623 [Test worker] TRACE org.springframework.beans.factory.support.DefaultListableBeanFactory - Creating instance of bean 'washingTimeCommandLine'
10:22:21.623 [Test worker] TRACE org.springframework.beans.factory.support.DefaultListableBeanFactory - Returning cached instance of singleton bean 'org.springframework.transaction.config.internalTransactionAdvisor'
10:22:21.623 [Test worker] TRACE org.springframework.beans.factory.support.DefaultListableBeanFactory - Returning cached instance of singleton bean 'laundryMgmtApplicationConfig'
10:22:21.624 [Test worker] TRACE org.springframework.beans.factory.support.DefaultListableBeanFactory - Returning cached instance of singleton bean 'machineImplementationService'
10:22:21.624 [Test worker] DEBUG org.springframework.beans.factory.support.DefaultListableBeanFactory - Autowiring by type from bean name 'washingTimeCommandLine' via factory method to bean named 'machineImplementationService'
10:22:21.625 [Test worker] TRACE org.springframework.beans.factory.support.DefaultListableBeanFactory - Returning cached instance of singleton bean 'org.springframework.transaction.config.internalTransactionAdvisor'
10:22:21.625 [Test worker] TRACE org.springframework.beans.factory.support.DefaultListableBeanFactory - Returning cached instance of singleton bean 'org.springframework.transaction.config.internalTransactionAdvisor'
10:22:21.626 [Test worker] TRACE org.springframework.beans.factory.support.DefaultListableBeanFactory - Finished creating instance of bean 'washingTimeCommandLine'
10:22:21.626 [Test worker] DEBUG org.springframework.beans.factory.support.DefaultListableBeanFactory - Creating shared instance of singleton bean 'userDetailsService'
10:22:21.626 [Test worker] TRACE org.springframework.beans.factory.support.DefaultListableBeanFactory - Creating instance of bean 'userDetailsService'
10:22:21.626 [Test worker] TRACE org.springframework.beans.factory.support.DefaultListableBeanFactory - Returning cached instance of singleton bean 'org.springframework.transaction.config.internalTransactionAdvisor'
10:22:21.626 [Test worker] TRACE org.springframework.beans.factory.support.DefaultListableBeanFactory - Returning cached instance of singleton bean 'springSecurityConfig'
10:22:21.746 [Test worker] TRACE org.springframework.beans.factory.support.DefaultListableBeanFactory - Returning cached instance of singleton bean 'org.springframework.transaction.config.internalTransactionAdvisor'
10:22:21.747 [Test worker] TRACE org.springframework.beans.factory.support.DefaultListableBeanFactory - Returning cached instance of singleton bean 'org.springframework.transaction.config.internalTransactionAdvisor'
10:22:21.747 [Test worker] TRACE org.springframework.beans.factory.support.DefaultListableBeanFactory - Finished creating instance of bean 'userDetailsService'
10:22:21.747 [Test worker] DEBUG org.springframework.beans.factory.support.DefaultListableBeanFactory - Creating shared instance of singleton bean 'defaultSecurityFilterChain'
10:22:21.747 [Test worker] TRACE org.springframework.beans.factory.support.DefaultListableBeanFactory - Creating instance of bean 'defaultSecurityFilterChain'
10:22:21.748 [Test worker] TRACE org.springframework.beans.factory.support.DefaultListableBeanFactory - Returning cached instance of singleton bean 'org.springframework.transaction.config.internalTransactionAdvisor'
10:22:21.748 [Test worker] TRACE org.springframework.beans.factory.support.DefaultListableBeanFactory - Returning cached instance of singleton bean 'springSecurityConfig'
10:22:21.748 [Test worker] TRACE org.springframework.beans.factory.support.DefaultListableBeanFactory - Creating instance of bean 'org.springframework.security.config.annotation.web.configuration.HttpSecurityConfiguration.httpSecurity'
10:22:21.749 [Test worker] TRACE org.springframework.beans.factory.support.DefaultListableBeanFactory - Returning cached instance of singleton bean 'org.springframework.transaction.config.internalTransactionAdvisor'
10:22:21.749 [Test worker] DEBUG org.springframework.beans.factory.support.DefaultListableBeanFactory - Creating shared instance of singleton bean 'org.springframework.security.config.annotation.web.configuration.HttpSecurityConfiguration'
10:22:21.749 [Test worker] TRACE org.springframework.beans.factory.support.DefaultListableBeanFactory - Creating instance of bean 'org.springframework.security.config.annotation.web.configuration.HttpSecurityConfiguration'
10:22:21.749 [Test worker] TRACE org.springframework.beans.factory.support.DefaultListableBeanFactory - Returning cached instance of singleton bean 'org.springframework.transaction.config.internalTransactionAdvisor'
10:22:21.751 [Test worker] TRACE org.springframework.beans.CachedIntrospectionResults - Getting BeanInfo for class [org.springframework.security.config.annotation.web.configuration.HttpSecurityConfiguration]
10:22:21.751 [Test worker] TRACE org.springframework.beans.CachedIntrospectionResults - Caching PropertyDescriptors for class [org.springframework.security.config.annotation.web.configuration.HttpSecurityConfiguration]
10:22:21.752 [Test worker] TRACE org.springframework.beans.CachedIntrospectionResults - Found bean property 'class' of type [java.lang.Class]
10:22:21.754 [Test worker] DEBUG org.springframework.beans.factory.support.DefaultListableBeanFactory - Creating shared instance of singleton bean 'objectPostProcessor'
10:22:21.754 [Test worker] TRACE org.springframework.beans.factory.support.DefaultListableBeanFactory - Creating instance of bean 'objectPostProcessor'
10:22:21.754 [Test worker] TRACE org.springframework.beans.factory.support.DefaultListableBeanFactory - Returning cached instance of singleton bean 'org.springframework.transaction.config.internalTransactionAdvisor'
10:22:21.754 [Test worker] DEBUG org.springframework.beans.factory.support.DefaultListableBeanFactory - Creating shared instance of singleton bean 'org.springframework.security.config.annotation.configuration.ObjectPostProcessorConfiguration'
10:22:21.754 [Test worker] TRACE org.springframework.beans.factory.support.DefaultListableBeanFactory - Creating instance of bean 'org.springframework.security.config.annotation.configuration.ObjectPostProcessorConfiguration'
10:22:21.754 [Test worker] TRACE org.springframework.beans.factory.support.DefaultListableBeanFactory - Returning cached instance of singleton bean 'org.springframework.transaction.config.internalTransactionAdvisor'
10:22:21.755 [Test worker] TRACE org.springframework.beans.factory.support.DefaultListableBeanFactory - Returning cached instance of singleton bean 'org.springframework.transaction.config.internalTransactionAdvisor'
10:22:21.755 [Test worker] TRACE org.springframework.beans.factory.support.DefaultListableBeanFactory - Returning cached instance of singleton bean 'org.springframework.transaction.config.internalTransactionAdvisor'
10:22:21.755 [Test worker] TRACE org.springframework.beans.factory.support.DefaultListableBeanFactory - Finished creating instance of bean 'org.springframework.security.config.annotation.configuration.ObjectPostProcessorConfiguration'
10:22:21.756 [Test worker] DEBUG org.springframework.beans.factory.support.DefaultListableBeanFactory - Autowiring by type from bean name 'objectPostProcessor' via factory method to bean named 'org.springframework.beans.factory.support.DefaultListableBeanFactory@49f3ff41'
10:22:21.757 [Test worker] TRACE org.springframework.beans.factory.support.DefaultListableBeanFactory - Returning cached instance of singleton bean 'org.springframework.transaction.config.internalTransactionAdvisor'
10:22:21.757 [Test worker] TRACE org.springframework.beans.factory.support.DefaultListableBeanFactory - Returning cached instance of singleton bean 'org.springframework.transaction.config.internalTransactionAdvisor'
10:22:21.757 [Test worker] TRACE org.springframework.beans.factory.support.DefaultListableBeanFactory - Finished creating instance of bean 'objectPostProcessor'
10:22:21.757 [Test worker] TRACE org.springframework.beans.factory.annotation.AutowiredAnnotationBeanPostProcessor - Autowiring by type from bean name 'org.springframework.security.config.annotation.web.configuration.HttpSecurityConfiguration' to bean named 'objectPostProcessor'
10:22:21.759 [Test worker] DEBUG org.springframework.beans.factory.support.DefaultListableBeanFactory - Creating shared instance of singleton bean 'org.springframework.security.config.annotation.authentication.configuration.AuthenticationConfiguration'
10:22:21.759 [Test worker] TRACE org.springframework.beans.factory.support.DefaultListableBeanFactory - Creating instance of bean 'org.springframework.security.config.annotation.authentication.configuration.AuthenticationConfiguration'
10:22:21.759 [Test worker] TRACE org.springframework.beans.factory.support.DefaultListableBeanFactory - Returning cached instance of singleton bean 'org.springframework.transaction.config.internalTransactionAdvisor'
10:22:21.759 [Test worker] TRACE org.springframework.beans.CachedIntrospectionResults - Getting BeanInfo for class [org.springframework.security.config.annotation.authentication.configuration.AuthenticationConfiguration]
10:22:21.759 [Test worker] TRACE org.springframework.beans.CachedIntrospectionResults - Caching PropertyDescriptors for class [org.springframework.security.config.annotation.authentication.configuration.AuthenticationConfiguration]
10:22:21.760 [Test worker] TRACE org.springframework.beans.CachedIntrospectionResults - Found bean property 'applicationContext' of type [org.springframework.context.ApplicationContext]
10:22:21.760 [Test worker] TRACE org.springframework.beans.CachedIntrospectionResults - Found bean property 'authenticationManager' of type [org.springframework.security.authentication.AuthenticationManager]
10:22:21.760 [Test worker] TRACE org.springframework.beans.CachedIntrospectionResults - Found bean property 'class' of type [java.lang.Class]
10:22:21.760 [Test worker] TRACE org.springframework.beans.CachedIntrospectionResults - Found bean property 'globalAuthenticationConfigurers' of type [java.util.List]
10:22:21.760 [Test worker] TRACE org.springframework.beans.CachedIntrospectionResults - Found bean property 'objectPostProcessor' of type [org.springframework.security.config.annotation.ObjectPostProcessor]
10:22:21.762 [Test worker] DEBUG org.springframework.beans.factory.support.DefaultListableBeanFactory - Creating shared instance of singleton bean 'enableGlobalAuthenticationAutowiredConfigurer'
10:22:21.762 [Test worker] TRACE org.springframework.beans.factory.support.DefaultListableBeanFactory - Creating instance of bean 'enableGlobalAuthenticationAutowiredConfigurer'
10:22:21.762 [Test worker] TRACE org.springframework.beans.factory.support.DefaultListableBeanFactory - Returning cached instance of singleton bean 'org.springframework.transaction.config.internalTransactionAdvisor'
10:22:21.763 [Test worker] DEBUG org.springframework.beans.factory.support.DefaultListableBeanFactory - Autowiring by type from bean name 'enableGlobalAuthenticationAutowiredConfigurer' via factory method to bean named 'org.springframework.web.context.support.GenericWebApplicationContext@5a936e64'
10:22:21.764 [Test worker] TRACE org.springframework.beans.factory.support.DefaultListableBeanFactory - Returning cached instance of singleton bean 'org.springframework.transaction.config.internalTransactionAdvisor'
10:22:21.764 [Test worker] TRACE org.springframework.beans.factory.support.DefaultListableBeanFactory - Returning cached instance of singleton bean 'org.springframework.transaction.config.internalTransactionAdvisor'
10:22:21.765 [Test worker] TRACE org.springframework.beans.factory.support.DefaultListableBeanFactory - Finished creating instance of bean 'enableGlobalAuthenticationAutowiredConfigurer'
10:22:21.765 [Test worker] DEBUG org.springframework.beans.factory.support.DefaultListableBeanFactory - Creating shared instance of singleton bean 'initializeUserDetailsBeanManagerConfigurer'
10:22:21.765 [Test worker] TRACE org.springframework.beans.factory.support.DefaultListableBeanFactory - Creating instance of bean 'initializeUserDetailsBeanManagerConfigurer'
10:22:21.765 [Test worker] TRACE org.springframework.beans.factory.support.DefaultListableBeanFactory - Returning cached instance of singleton bean 'org.springframework.transaction.config.internalTransactionAdvisor'
10:22:21.765 [Test worker] DEBUG org.springframework.beans.factory.support.DefaultListableBeanFactory - Autowiring by type from bean name 'initializeUserDetailsBeanManagerConfigurer' via factory method to bean named 'org.springframework.web.context.support.GenericWebApplicationContext@5a936e64'
10:22:21.765 [Test worker] TRACE org.springframework.beans.factory.support.DefaultListableBeanFactory - Returning cached instance of singleton bean 'org.springframework.transaction.config.internalTransactionAdvisor'
10:22:21.766 [Test worker] TRACE org.springframework.beans.factory.support.DefaultListableBeanFactory - Returning cached instance of singleton bean 'org.springframework.transaction.config.internalTransactionAdvisor'
10:22:21.766 [Test worker] TRACE org.springframework.beans.factory.support.DefaultListableBeanFactory - Finished creating instance of bean 'initializeUserDetailsBeanManagerConfigurer'
10:22:21.766 [Test worker] DEBUG org.springframework.beans.factory.support.DefaultListableBeanFactory - Creating shared instance of singleton bean 'initializeAuthenticationProviderBeanManagerConfigurer'
10:22:21.766 [Test worker] TRACE org.springframework.beans.factory.support.DefaultListableBeanFactory - Creating instance of bean 'initializeAuthenticationProviderBeanManagerConfigurer'
10:22:21.766 [Test worker] TRACE org.springframework.beans.factory.support.DefaultListableBeanFactory - Returning cached instance of singleton bean 'org.springframework.transaction.config.internalTransactionAdvisor'
10:22:21.767 [Test worker] DEBUG org.springframework.beans.factory.support.DefaultListableBeanFactory - Autowiring by type from bean name 'initializeAuthenticationProviderBeanManagerConfigurer' via factory method to bean named 'org.springframework.web.context.support.GenericWebApplicationContext@5a936e64'
10:22:21.768 [Test worker] TRACE org.springframework.beans.factory.support.DefaultListableBeanFactory - Returning cached instance of singleton bean 'org.springframework.transaction.config.internalTransactionAdvisor'
10:22:21.768 [Test worker] TRACE org.springframework.beans.factory.support.DefaultListableBeanFactory - Returning cached instance of singleton bean 'org.springframework.transaction.config.internalTransactionAdvisor'
10:22:21.768 [Test worker] TRACE org.springframework.beans.factory.support.DefaultListableBeanFactory - Finished creating instance of bean 'initializeAuthenticationProviderBeanManagerConfigurer'
10:22:21.769 [Test worker] TRACE org.springframework.beans.factory.annotation.AutowiredAnnotationBeanPostProcessor - Autowiring by type from bean name 'org.springframework.security.config.annotation.authentication.configuration.AuthenticationConfiguration' to bean named 'enableGlobalAuthenticationAutowiredConfigurer'
10:22:21.769 [Test worker] TRACE org.springframework.beans.factory.annotation.AutowiredAnnotationBeanPostProcessor - Autowiring by type from bean name 'org.springframework.security.config.annotation.authentication.configuration.AuthenticationConfiguration' to bean named 'initializeUserDetailsBeanManagerConfigurer'
10:22:21.769 [Test worker] TRACE org.springframework.beans.factory.annotation.AutowiredAnnotationBeanPostProcessor - Autowiring by type from bean name 'org.springframework.security.config.annotation.authentication.configuration.AuthenticationConfiguration' to bean named 'initializeAuthenticationProviderBeanManagerConfigurer'
10:22:21.769 [Test worker] TRACE org.springframework.beans.factory.annotation.AutowiredAnnotationBeanPostProcessor - Autowiring by type from bean name 'org.springframework.security.config.annotation.authentication.configuration.AuthenticationConfiguration' to bean named 'org.springframework.web.context.support.GenericWebApplicationContext@5a936e64'
10:22:21.769 [Test worker] TRACE org.springframework.beans.factory.support.DefaultListableBeanFactory - Returning cached instance of singleton bean 'objectPostProcessor'
10:22:21.770 [Test worker] TRACE org.springframework.beans.factory.annotation.AutowiredAnnotationBeanPostProcessor - Autowiring by type from bean name 'org.springframework.security.config.annotation.authentication.configuration.AuthenticationConfiguration' to bean named 'objectPostProcessor'
10:22:21.770 [Test worker] TRACE org.springframework.beans.factory.support.DefaultListableBeanFactory - Returning cached instance of singleton bean 'org.springframework.transaction.config.internalTransactionAdvisor'
10:22:21.770 [Test worker] TRACE org.springframework.beans.factory.support.DefaultListableBeanFactory - Returning cached instance of singleton bean 'org.springframework.transaction.config.internalTransactionAdvisor'
10:22:21.770 [Test worker] TRACE org.springframework.beans.factory.support.DefaultListableBeanFactory - Finished creating instance of bean 'org.springframework.security.config.annotation.authentication.configuration.AuthenticationConfiguration'
10:22:21.770 [Test worker] TRACE org.springframework.beans.factory.annotation.AutowiredAnnotationBeanPostProcessor - Autowiring by type from bean name 'org.springframework.security.config.annotation.web.configuration.HttpSecurityConfiguration' to bean named 'org.springframework.security.config.annotation.authentication.configuration.AuthenticationConfiguration'
10:22:21.770 [Test worker] TRACE org.springframework.beans.factory.annotation.AutowiredAnnotationBeanPostProcessor - Autowiring by type from bean name 'org.springframework.security.config.annotation.web.configuration.HttpSecurityConfiguration' to bean named 'org.springframework.web.context.support.GenericWebApplicationContext@5a936e64'
10:22:21.773 [Test worker] DEBUG org.springframework.beans.factory.support.DefaultListableBeanFactory - Creating shared instance of singleton bean 'mvcContentNegotiationManager'
10:22:21.773 [Test worker] TRACE org.springframework.beans.factory.support.DefaultListableBeanFactory - Creating instance of bean 'mvcContentNegotiationManager'
10:22:21.773 [Test worker] TRACE org.springframework.beans.factory.support.DefaultListableBeanFactory - Returning cached instance of singleton bean 'org.springframework.transaction.config.internalTransactionAdvisor'
10:22:21.773 [Test worker] DEBUG org.springframework.beans.factory.support.DefaultListableBeanFactory - Creating shared instance of singleton bean 'org.springframework.boot.autoconfigure.web.servlet.WebMvcAutoConfiguration$EnableWebMvcConfiguration'
10:22:21.773 [Test worker] TRACE org.springframework.beans.factory.support.DefaultListableBeanFactory - Creating instance of bean 'org.springframework.boot.autoconfigure.web.servlet.WebMvcAutoConfiguration$EnableWebMvcConfiguration'
10:22:21.773 [Test worker] TRACE org.springframework.beans.factory.support.DefaultListableBeanFactory - Returning cached instance of singleton bean 'org.springframework.transaction.config.internalTransactionAdvisor'
10:22:21.774 [Test worker] DEBUG org.springframework.beans.factory.support.DefaultListableBeanFactory - Creating shared instance of singleton bean 'spring.mvc-org.springframework.boot.autoconfigure.web.servlet.WebMvcProperties'
10:22:21.774 [Test worker] TRACE org.springframework.beans.factory.support.DefaultListableBeanFactory - Creating instance of bean 'spring.mvc-org.springframework.boot.autoconfigure.web.servlet.WebMvcProperties'
10:22:21.774 [Test worker] TRACE org.springframework.beans.factory.support.DefaultListableBeanFactory - Returning cached instance of singleton bean 'org.springframework.transaction.config.internalTransactionAdvisor'
10:22:21.775 [Test worker] TRACE org.springframework.beans.factory.support.DefaultListableBeanFactory - Returning cached instance of singleton bean 'org.springframework.boot.context.properties.BoundConfigurationProperties'
10:22:21.785 [Test worker] TRACE org.springframework.beans.factory.support.DefaultListableBeanFactory - Returning cached instance of singleton bean 'org.springframework.transaction.config.internalTransactionAdvisor'
10:22:21.785 [Test worker] TRACE org.springframework.beans.factory.support.DefaultListableBeanFactory - Returning cached instance of singleton bean 'org.springframework.transaction.config.internalTransactionAdvisor'
10:22:21.786 [Test worker] TRACE org.springframework.beans.factory.support.DefaultListableBeanFactory - Finished creating instance of bean 'spring.mvc-org.springframework.boot.autoconfigure.web.servlet.WebMvcProperties'
10:22:21.786 [Test worker] DEBUG org.springframework.beans.factory.support.DefaultListableBeanFactory - Creating shared instance of singleton bean 'spring.web-org.springframework.boot.autoconfigure.web.WebProperties'
10:22:21.786 [Test worker] TRACE org.springframework.beans.factory.support.DefaultListableBeanFactory - Creating instance of bean 'spring.web-org.springframework.boot.autoconfigure.web.WebProperties'
10:22:21.786 [Test worker] TRACE org.springframework.beans.factory.support.DefaultListableBeanFactory - Returning cached instance of singleton bean 'org.springframework.transaction.config.internalTransactionAdvisor'
10:22:21.788 [Test worker] TRACE org.springframework.beans.factory.support.DefaultListableBeanFactory - Returning cached instance of singleton bean 'org.springframework.boot.context.properties.BoundConfigurationProperties'
10:22:21.789 [Test worker] TRACE org.springframework.beans.factory.support.DefaultListableBeanFactory - Returning cached instance of singleton bean 'org.springframework.transaction.config.internalTransactionAdvisor'
10:22:21.789 [Test worker] TRACE org.springframework.beans.factory.support.DefaultListableBeanFactory - Returning cached instance of singleton bean 'org.springframework.transaction.config.internalTransactionAdvisor'
10:22:21.789 [Test worker] TRACE org.springframework.beans.factory.support.DefaultListableBeanFactory - Finished creating instance of bean 'spring.web-org.springframework.boot.autoconfigure.web.WebProperties'
10:22:21.790 [Test worker] DEBUG org.springframework.beans.factory.support.DefaultListableBeanFactory - Autowiring by type from bean name 'org.springframework.boot.autoconfigure.web.servlet.WebMvcAutoConfiguration$EnableWebMvcConfiguration' via constructor to bean named 'spring.mvc-org.springframework.boot.autoconfigure.web.servlet.WebMvcProperties'
10:22:21.790 [Test worker] DEBUG org.springframework.beans.factory.support.DefaultListableBeanFactory - Autowiring by type from bean name 'org.springframework.boot.autoconfigure.web.servlet.WebMvcAutoConfiguration$EnableWebMvcConfiguration' via constructor to bean named 'spring.web-org.springframework.boot.autoconfigure.web.WebProperties'
10:22:21.790 [Test worker] DEBUG org.springframework.beans.factory.support.DefaultListableBeanFactory - Autowiring by type from bean name 'org.springframework.boot.autoconfigure.web.servlet.WebMvcAutoConfiguration$EnableWebMvcConfiguration' via constructor to bean named 'org.springframework.beans.factory.support.DefaultListableBeanFactory@49f3ff41'
10:22:21.792 [Test worker] TRACE org.springframework.beans.CachedIntrospectionResults - Getting BeanInfo for class [org.springframework.boot.autoconfigure.web.servlet.WebMvcAutoConfiguration$EnableWebMvcConfiguration]
10:22:21.792 [Test worker] TRACE org.springframework.beans.CachedIntrospectionResults - Caching PropertyDescriptors for class [org.springframework.boot.autoconfigure.web.servlet.WebMvcAutoConfiguration$EnableWebMvcConfiguration]
10:22:21.792 [Test worker] TRACE org.springframework.beans.CachedIntrospectionResults - Found bean property 'applicationContext' of type [org.springframework.context.ApplicationContext]
10:22:21.793 [Test worker] TRACE org.springframework.beans.CachedIntrospectionResults - Found bean property 'class' of type [java.lang.Class]
10:22:21.793 [Test worker] TRACE org.springframework.beans.CachedIntrospectionResults - Found bean property 'configurers' of type [java.util.List]
10:22:21.793 [Test worker] TRACE org.springframework.beans.CachedIntrospectionResults - Found bean property 'resourceLoader' of type [org.springframework.core.io.ResourceLoader]
10:22:21.793 [Test worker] TRACE org.springframework.beans.CachedIntrospectionResults - Found bean property 'servletContext' of type [jakarta.servlet.ServletContext]
10:22:21.794 [Test worker] DEBUG org.springframework.beans.factory.support.DefaultListableBeanFactory - Creating shared instance of singleton bean 'org.springframework.boot.autoconfigure.web.servlet.WebMvcAutoConfiguration$WebMvcAutoConfigurationAdapter'
10:22:21.794 [Test worker] TRACE org.springframework.beans.factory.support.DefaultListableBeanFactory - Creating instance of bean 'org.springframework.boot.autoconfigure.web.servlet.WebMvcAutoConfiguration$WebMvcAutoConfigurationAdapter'
10:22:21.794 [Test worker] TRACE org.springframework.beans.factory.support.DefaultListableBeanFactory - Returning cached instance of singleton bean 'org.springframework.transaction.config.internalTransactionAdvisor'
10:22:21.795 [Test worker] TRACE org.springframework.beans.factory.support.DefaultListableBeanFactory - Returning cached instance of singleton bean 'spring.web-org.springframework.boot.autoconfigure.web.WebProperties'
10:22:21.795 [Test worker] TRACE org.springframework.beans.factory.support.DefaultListableBeanFactory - Returning cached instance of singleton bean 'spring.mvc-org.springframework.boot.autoconfigure.web.servlet.WebMvcProperties'
10:22:21.795 [Test worker] DEBUG org.springframework.beans.factory.support.DefaultListableBeanFactory - Autowiring by type from bean name 'org.springframework.boot.autoconfigure.web.servlet.WebMvcAutoConfiguration$WebMvcAutoConfigurationAdapter' via constructor to bean named 'spring.web-org.springframework.boot.autoconfigure.web.WebProperties'
10:22:21.795 [Test worker] DEBUG org.springframework.beans.factory.support.DefaultListableBeanFactory - Autowiring by type from bean name 'org.springframework.boot.autoconfigure.web.servlet.WebMvcAutoConfiguration$WebMvcAutoConfigurationAdapter' via constructor to bean named 'spring.mvc-org.springframework.boot.autoconfigure.web.servlet.WebMvcProperties'
10:22:21.795 [Test worker] DEBUG org.springframework.beans.factory.support.DefaultListableBeanFactory - Autowiring by type from bean name 'org.springframework.boot.autoconfigure.web.servlet.WebMvcAutoConfiguration$WebMvcAutoConfigurationAdapter' via constructor to bean named 'org.springframework.beans.factory.support.DefaultListableBeanFactory@49f3ff41'
10:22:21.796 [Test worker] TRACE org.springframework.beans.factory.support.DefaultListableBeanFactory - Returning cached instance of singleton bean 'org.springframework.transaction.config.internalTransactionAdvisor'
10:22:21.796 [Test worker] TRACE org.springframework.beans.factory.support.DefaultListableBeanFactory - Returning cached instance of singleton bean 'org.springframework.transaction.config.internalTransactionAdvisor'
10:22:21.797 [Test worker] TRACE org.springframework.beans.factory.support.DefaultListableBeanFactory - Finished creating instance of bean 'org.springframework.boot.autoconfigure.web.servlet.WebMvcAutoConfiguration$WebMvcAutoConfigurationAdapter'
10:22:21.797 [Test worker] DEBUG org.springframework.beans.factory.support.DefaultListableBeanFactory - Creating shared instance of singleton bean 'swaggerWebMvcConfigurer'
10:22:21.798 [Test worker] TRACE org.springframework.beans.factory.support.DefaultListableBeanFactory - Creating instance of bean 'swaggerWebMvcConfigurer'
10:22:21.798 [Test worker] TRACE org.springframework.beans.factory.support.DefaultListableBeanFactory - Returning cached instance of singleton bean 'org.springframework.transaction.config.internalTransactionAdvisor'
10:22:21.798 [Test worker] DEBUG org.springframework.beans.factory.support.DefaultListableBeanFactory - Creating shared instance of singleton bean 'org.springdoc.webmvc.ui.SwaggerConfig'
10:22:21.798 [Test worker] TRACE org.springframework.beans.factory.support.DefaultListableBeanFactory - Creating instance of bean 'org.springdoc.webmvc.ui.SwaggerConfig'
10:22:21.798 [Test worker] TRACE org.springframework.beans.factory.support.DefaultListableBeanFactory - Returning cached instance of singleton bean 'org.springframework.transaction.config.internalTransactionAdvisor'
10:22:21.798 [Test worker] TRACE org.springframework.beans.factory.support.DefaultListableBeanFactory - Returning cached instance of singleton bean 'org.springframework.transaction.config.internalTransactionAdvisor'
10:22:21.799 [Test worker] TRACE org.springframework.beans.factory.support.DefaultListableBeanFactory - Returning cached instance of singleton bean 'org.springframework.transaction.config.internalTransactionAdvisor'
10:22:21.799 [Test worker] TRACE org.springframework.beans.factory.support.DefaultListableBeanFactory - Finished creating instance of bean 'org.springdoc.webmvc.ui.SwaggerConfig'
10:22:21.800 [Test worker] DEBUG org.springframework.beans.factory.support.DefaultListableBeanFactory - Creating shared instance of singleton bean 'org.springdoc.core.properties.SwaggerUiConfigParameters'
10:22:21.800 [Test worker] TRACE org.springframework.beans.factory.support.DefaultListableBeanFactory - Creating instance of bean 'org.springdoc.core.properties.SwaggerUiConfigParameters'
10:22:21.800 [Test worker] TRACE org.springframework.beans.factory.support.DefaultListableBeanFactory - Returning cached instance of singleton bean 'org.springframework.transaction.config.internalTransactionAdvisor'
10:22:21.802 [Test worker] DEBUG org.springframework.beans.factory.support.DefaultListableBeanFactory - Creating shared instance of singleton bean 'org.springdoc.core.properties.SwaggerUiConfigProperties'
10:22:21.802 [Test worker] TRACE org.springframework.beans.factory.support.DefaultListableBeanFactory - Creating instance of bean 'org.springdoc.core.properties.SwaggerUiConfigProperties'
10:22:21.802 [Test worker] TRACE org.springframework.beans.factory.support.DefaultListableBeanFactory - Returning cached instance of singleton bean 'org.springframework.transaction.config.internalTransactionAdvisor'
10:22:21.803 [Test worker] TRACE org.springframework.beans.factory.support.DefaultListableBeanFactory - Returning cached instance of singleton bean 'org.springframework.boot.context.properties.BoundConfigurationProperties'
10:22:21.807 [Test worker] TRACE org.springframework.beans.factory.support.DefaultListableBeanFactory - Returning cached instance of singleton bean 'org.springframework.transaction.config.internalTransactionAdvisor'
10:22:21.807 [Test worker] TRACE org.springframework.beans.factory.support.DefaultListableBeanFactory - Returning cached instance of singleton bean 'org.springframework.transaction.config.internalTransactionAdvisor'
10:22:21.808 [Test worker] TRACE org.springframework.beans.factory.support.DefaultListableBeanFactory - Finished creating instance of bean 'org.springdoc.core.properties.SwaggerUiConfigProperties'
10:22:21.808 [Test worker] DEBUG org.springframework.beans.factory.support.DefaultListableBeanFactory - Autowiring by type from bean name 'org.springdoc.core.properties.SwaggerUiConfigParameters' via constructor to bean named 'org.springdoc.core.properties.SwaggerUiConfigProperties'
10:22:21.815 [Test worker] TRACE org.springframework.beans.factory.support.DefaultListableBeanFactory - Returning cached instance of singleton bean 'org.springframework.transaction.config.internalTransactionAdvisor'
10:22:21.816 [Test worker] TRACE org.springframework.beans.factory.support.DefaultListableBeanFactory - Returning cached instance of singleton bean 'org.springframework.transaction.config.internalTransactionAdvisor'
10:22:21.816 [Test worker] TRACE org.springframework.beans.factory.support.DefaultListableBeanFactory - Finished creating instance of bean 'org.springdoc.core.properties.SwaggerUiConfigParameters'
10:22:21.817 [Test worker] DEBUG org.springframework.beans.factory.support.DefaultListableBeanFactory - Creating shared instance of singleton bean 'indexPageTransformer'
10:22:21.817 [Test worker] TRACE org.springframework.beans.factory.support.DefaultListableBeanFactory - Creating instance of bean 'indexPageTransformer'
10:22:21.817 [Test worker] TRACE org.springframework.beans.factory.support.DefaultListableBeanFactory - Returning cached instance of singleton bean 'org.springframework.transaction.config.internalTransactionAdvisor'
10:22:21.817 [Test worker] TRACE org.springframework.beans.factory.support.DefaultListableBeanFactory - Returning cached instance of singleton bean 'org.springdoc.webmvc.ui.SwaggerConfig'
10:22:21.817 [Test worker] TRACE org.springframework.beans.factory.support.DefaultListableBeanFactory - Returning cached instance of singleton bean 'org.springdoc.core.properties.SwaggerUiConfigProperties'
10:22:21.818 [Test worker] DEBUG org.springframework.beans.factory.support.DefaultListableBeanFactory - Creating shared instance of singleton bean 'org.springdoc.core.properties.SwaggerUiOAuthProperties'
10:22:21.818 [Test worker] TRACE org.springframework.beans.factory.support.DefaultListableBeanFactory - Creating instance of bean 'org.springdoc.core.properties.SwaggerUiOAuthProperties'
10:22:21.818 [Test worker] TRACE org.springframework.beans.factory.support.DefaultListableBeanFactory - Returning cached instance of singleton bean 'org.springframework.transaction.config.internalTransactionAdvisor'
10:22:21.818 [Test worker] TRACE org.springframework.beans.factory.support.DefaultListableBeanFactory - Returning cached instance of singleton bean 'org.springframework.boot.context.properties.BoundConfigurationProperties'
10:22:21.820 [Test worker] TRACE org.springframework.beans.factory.support.DefaultListableBeanFactory - Returning cached instance of singleton bean 'org.springframework.transaction.config.internalTransactionAdvisor'
10:22:21.820 [Test worker] TRACE org.springframework.beans.factory.support.DefaultListableBeanFactory - Returning cached instance of singleton bean 'org.springframework.transaction.config.internalTransactionAdvisor'
10:22:21.821 [Test worker] TRACE org.springframework.beans.factory.support.DefaultListableBeanFactory - Finished creating instance of bean 'org.springdoc.core.properties.SwaggerUiOAuthProperties'
10:22:21.821 [Test worker] TRACE org.springframework.beans.factory.support.DefaultListableBeanFactory - Returning cached instance of singleton bean 'org.springdoc.core.properties.SwaggerUiConfigParameters'
10:22:21.821 [Test worker] DEBUG org.springframework.beans.factory.support.DefaultListableBeanFactory - Creating shared instance of singleton bean 'swaggerWelcome'
10:22:21.822 [Test worker] TRACE org.springframework.beans.factory.support.DefaultListableBeanFactory - Creating instance of bean 'swaggerWelcome'
10:22:21.822 [Test worker] TRACE org.springframework.beans.factory.support.DefaultListableBeanFactory - Returning cached instance of singleton bean 'org.springframework.transaction.config.internalTransactionAdvisor'
10:22:21.822 [Test worker] TRACE org.springframework.beans.factory.support.DefaultListableBeanFactory - Returning cached instance of singleton bean 'org.springdoc.webmvc.ui.SwaggerConfig'
10:22:21.822 [Test worker] TRACE org.springframework.beans.factory.support.DefaultListableBeanFactory - Returning cached instance of singleton bean 'org.springdoc.core.properties.SwaggerUiConfigProperties'
10:22:21.822 [Test worker] DEBUG org.springframework.beans.factory.support.DefaultListableBeanFactory - Creating shared instance of singleton bean 'org.springdoc.core.properties.SpringDocConfigProperties'
10:22:21.822 [Test worker] TRACE org.springframework.beans.factory.support.DefaultListableBeanFactory - Creating instance of bean 'org.springdoc.core.properties.SpringDocConfigProperties'
10:22:21.822 [Test worker] TRACE org.springframework.beans.factory.support.DefaultListableBeanFactory - Returning cached instance of singleton bean 'org.springframework.transaction.config.internalTransactionAdvisor'
10:22:21.824 [Test worker] TRACE org.springframework.beans.factory.support.DefaultListableBeanFactory - Returning cached instance of singleton bean 'org.springframework.boot.context.properties.BoundConfigurationProperties'
10:22:21.828 [Test worker] TRACE org.springframework.beans.factory.support.DefaultListableBeanFactory - Returning cached instance of singleton bean 'org.springframework.transaction.config.internalTransactionAdvisor'
10:22:21.828 [Test worker] TRACE org.springframework.beans.factory.support.DefaultListableBeanFactory - Returning cached instance of singleton bean 'org.springframework.transaction.config.internalTransactionAdvisor'
10:22:21.829 [Test worker] TRACE org.springframework.beans.factory.support.DefaultListableBeanFactory - Finished creating instance of bean 'org.springdoc.core.properties.SpringDocConfigProperties'
10:22:21.829 [Test worker] TRACE org.springframework.beans.factory.support.DefaultListableBeanFactory - Returning cached instance of singleton bean 'org.springdoc.core.properties.SwaggerUiConfigParameters'
10:22:21.830 [Test worker] DEBUG org.springframework.beans.factory.support.DefaultListableBeanFactory - Creating shared instance of singleton bean 'springWebProvider'
10:22:21.830 [Test worker] TRACE org.springframework.beans.factory.support.DefaultListableBeanFactory - Creating instance of bean 'springWebProvider'
10:22:21.830 [Test worker] TRACE org.springframework.beans.factory.support.DefaultListableBeanFactory - Returning cached instance of singleton bean 'org.springframework.transaction.config.internalTransactionAdvisor'
10:22:21.830 [Test worker] DEBUG org.springframework.beans.factory.support.DefaultListableBeanFactory - Creating shared instance of singleton bean 'org.springdoc.webmvc.core.configuration.SpringDocWebMvcConfiguration'
10:22:21.830 [Test worker] TRACE org.springframework.beans.factory.support.DefaultListableBeanFactory - Creating instance of bean 'org.springdoc.webmvc.core.configuration.SpringDocWebMvcConfiguration'
10:22:21.830 [Test worker] TRACE org.springframework.beans.factory.support.DefaultListableBeanFactory - Returning cached instance of singleton bean 'org.springframework.transaction.config.internalTransactionAdvisor'
10:22:21.835 [Test worker] TRACE org.springframework.beans.factory.support.DefaultListableBeanFactory - Returning cached instance of singleton bean 'org.springframework.transaction.config.internalTransactionAdvisor'
10:22:21.835 [Test worker] TRACE org.springframework.beans.factory.support.DefaultListableBeanFactory - Returning cached instance of singleton bean 'org.springframework.transaction.config.internalTransactionAdvisor'
10:22:21.835 [Test worker] TRACE org.springframework.beans.factory.support.DefaultListableBeanFactory - Finished creating instance of bean 'org.springdoc.webmvc.core.configuration.SpringDocWebMvcConfiguration'
10:22:21.836 [Test worker] TRACE org.springframework.beans.factory.support.DefaultListableBeanFactory - Returning cached instance of singleton bean 'org.springframework.transaction.config.internalTransactionAdvisor'
10:22:21.836 [Test worker] TRACE org.springframework.beans.factory.support.DefaultListableBeanFactory - Returning cached instance of singleton bean 'org.springframework.transaction.config.internalTransactionAdvisor'
10:22:21.837 [Test worker] TRACE org.springframework.beans.factory.support.DefaultListableBeanFactory - Finished creating instance of bean 'springWebProvider'
10:22:21.837 [Test worker] DEBUG org.springframework.beans.factory.support.DefaultListableBeanFactory - Autowiring by type from bean name 'swaggerWelcome' via factory method to bean named 'org.springdoc.core.properties.SwaggerUiConfigProperties'
10:22:21.837 [Test worker] DEBUG org.springframework.beans.factory.support.DefaultListableBeanFactory - Autowiring by type from bean name 'swaggerWelcome' via factory method to bean named 'org.springdoc.core.properties.SpringDocConfigProperties'
10:22:21.837 [Test worker] DEBUG org.springframework.beans.factory.support.DefaultListableBeanFactory - Autowiring by type from bean name 'swaggerWelcome' via factory method to bean named 'org.springdoc.core.properties.SwaggerUiConfigParameters'
10:22:21.837 [Test worker] DEBUG org.springframework.beans.factory.support.DefaultListableBeanFactory - Autowiring by type from bean name 'swaggerWelcome' via factory method to bean named 'springWebProvider'
10:22:21.862 [Test worker] TRACE org.springframework.core.env.PropertySourcesPropertyResolver - Searching for key 'spring.mvc.servlet.path:#{null}' in PropertySource 'environmentProperties'
10:22:21.863 [Test worker] TRACE org.springframework.boot.context.properties.source.ConfigurationPropertySourcesPropertyResolver$DefaultResolver - Searching for key 'spring.mvc.servlet.path:#{null}' in PropertySource 'configurationProperties'
10:22:21.863 [Test worker] TRACE org.springframework.boot.context.properties.source.ConfigurationPropertySourcesPropertyResolver$DefaultResolver - Searching for key 'spring.mvc.servlet.path:#{null}' in PropertySource 'test'
10:22:21.863 [Test worker] TRACE org.springframework.boot.context.properties.source.ConfigurationPropertySourcesPropertyResolver$DefaultResolver - Searching for key 'spring.mvc.servlet.path:#{null}' in PropertySource 'Inlined Test Properties'
10:22:21.863 [Test worker] TRACE org.springframework.boot.context.properties.source.ConfigurationPropertySourcesPropertyResolver$DefaultResolver - Searching for key 'spring.mvc.servlet.path:#{null}' in PropertySource 'servletConfigInitParams'
10:22:21.863 [Test worker] TRACE org.springframework.boot.context.properties.source.ConfigurationPropertySourcesPropertyResolver$DefaultResolver - Searching for key 'spring.mvc.servlet.path:#{null}' in PropertySource 'servletContextInitParams'
10:22:21.863 [Test worker] TRACE org.springframework.boot.context.properties.source.ConfigurationPropertySourcesPropertyResolver$DefaultResolver - Searching for key 'spring.mvc.servlet.path:#{null}' in PropertySource 'systemProperties'
10:22:21.863 [Test worker] TRACE org.springframework.boot.context.properties.source.ConfigurationPropertySourcesPropertyResolver$DefaultResolver - Searching for key 'spring.mvc.servlet.path:#{null}' in PropertySource 'systemEnvironment'
10:22:21.863 [Test worker] TRACE org.springframework.boot.context.properties.source.ConfigurationPropertySourcesPropertyResolver$DefaultResolver - Searching for key 'spring.mvc.servlet.path:#{null}' in PropertySource 'random'
10:22:21.863 [Test worker] TRACE org.springframework.boot.context.properties.source.ConfigurationPropertySourcesPropertyResolver$DefaultResolver - Searching for key 'spring.mvc.servlet.path:#{null}' in PropertySource 'Config resource 'class path resource [application.properties]' via location 'optional:classpath:/''
10:22:21.863 [Test worker] TRACE org.springframework.boot.context.properties.source.ConfigurationPropertySourcesPropertyResolver$DefaultResolver - Could not find key 'spring.mvc.servlet.path:#{null}' in any property source
10:22:21.863 [Test worker] TRACE org.springframework.core.env.PropertySourcesPropertyResolver - Searching for key 'spring.mvc.servlet.path:#{null}' in PropertySource 'localProperties'
10:22:21.863 [Test worker] TRACE org.springframework.core.env.PropertySourcesPropertyResolver - Could not find key 'spring.mvc.servlet.path:#{null}' in any property source
10:22:21.863 [Test worker] TRACE org.springframework.core.env.PropertySourcesPropertyResolver - Searching for key 'spring.mvc.servlet.path' in PropertySource 'environmentProperties'
10:22:21.863 [Test worker] TRACE org.springframework.core.env.PropertySourcesPropertyResolver - Searching for key 'spring.mvc.servlet.path' in PropertySource 'localProperties'
10:22:21.863 [Test worker] TRACE org.springframework.core.env.PropertySourcesPropertyResolver - Could not find key 'spring.mvc.servlet.path' in any property source
10:22:21.863 [Test worker] TRACE org.springframework.util.PropertyPlaceholderHelper - Resolved placeholder 'spring.mvc.servlet.path:#{null}'
10:22:21.864 [Test worker] TRACE org.springframework.beans.factory.support.DefaultListableBeanFactory - Returning cached instance of singleton bean 'org.springframework.transaction.config.internalTransactionAdvisor'
10:22:21.864 [Test worker] TRACE org.springframework.beans.factory.support.DefaultListableBeanFactory - Returning cached instance of singleton bean 'org.springframework.transaction.config.internalTransactionAdvisor'
10:22:21.864 [Test worker] TRACE org.springframework.beans.factory.support.DefaultListableBeanFactory - Finished creating instance of bean 'swaggerWelcome'
10:22:21.866 [Test worker] DEBUG org.springframework.beans.factory.support.DefaultListableBeanFactory - Creating shared instance of singleton bean 'springdocObjectMapperProvider'
10:22:21.866 [Test worker] TRACE org.springframework.beans.factory.support.DefaultListableBeanFactory - Creating instance of bean 'springdocObjectMapperProvider'
10:22:21.866 [Test worker] TRACE org.springframework.beans.factory.support.DefaultListableBeanFactory - Returning cached instance of singleton bean 'org.springframework.transaction.config.internalTransactionAdvisor'
10:22:21.866 [Test worker] DEBUG org.springframework.beans.factory.support.DefaultListableBeanFactory - Creating shared instance of singleton bean 'org.springdoc.core.configuration.SpringDocConfiguration'
10:22:21.866 [Test worker] TRACE org.springframework.beans.factory.support.DefaultListableBeanFactory - Creating instance of bean 'org.springdoc.core.configuration.SpringDocConfiguration'
10:22:21.866 [Test worker] TRACE org.springframework.beans.factory.support.DefaultListableBeanFactory - Returning cached instance of singleton bean 'org.springframework.transaction.config.internalTransactionAdvisor'
10:22:21.871 [Test worker] TRACE org.springframework.beans.factory.support.DefaultListableBeanFactory - Returning cached instance of singleton bean 'org.springframework.transaction.config.internalTransactionAdvisor'
10:22:21.872 [Test worker] TRACE org.springframework.beans.factory.support.DefaultListableBeanFactory - Returning cached instance of singleton bean 'org.springframework.transaction.config.internalTransactionAdvisor'
10:22:21.872 [Test worker] TRACE org.springframework.beans.factory.support.DefaultListableBeanFactory - Finished creating instance of bean 'org.springdoc.core.configuration.SpringDocConfiguration'
10:22:21.873 [Test worker] TRACE org.springframework.beans.factory.support.DefaultListableBeanFactory - Returning cached instance of singleton bean 'org.springdoc.core.properties.SpringDocConfigProperties'
10:22:21.873 [Test worker] DEBUG org.springframework.beans.factory.support.DefaultListableBeanFactory - Autowiring by type from bean name 'springdocObjectMapperProvider' via factory method to bean named 'org.springdoc.core.properties.SpringDocConfigProperties'
10:22:21.894 [Test worker] TRACE org.springframework.beans.factory.support.DefaultListableBeanFactory - Returning cached instance of singleton bean 'org.springframework.transaction.config.internalTransactionAdvisor'
10:22:21.894 [Test worker] TRACE org.springframework.beans.factory.support.DefaultListableBeanFactory - Returning cached instance of singleton bean 'org.springframework.transaction.config.internalTransactionAdvisor'
10:22:21.895 [Test worker] TRACE org.springframework.beans.factory.support.DefaultListableBeanFactory - Finished creating instance of bean 'springdocObjectMapperProvider'
10:22:21.895 [Test worker] DEBUG org.springframework.beans.factory.support.DefaultListableBeanFactory - Autowiring by type from bean name 'indexPageTransformer' via factory method to bean named 'org.springdoc.core.properties.SwaggerUiConfigProperties'
10:22:21.895 [Test worker] DEBUG org.springframework.beans.factory.support.DefaultListableBeanFactory - Autowiring by type from bean name 'indexPageTransformer' via factory method to bean named 'org.springdoc.core.properties.SwaggerUiOAuthProperties'
10:22:21.895 [Test worker] DEBUG org.springframework.beans.factory.support.DefaultListableBeanFactory - Autowiring by type from bean name 'indexPageTransformer' via factory method to bean named 'org.springdoc.core.properties.SwaggerUiConfigParameters'
10:22:21.895 [Test worker] DEBUG org.springframework.beans.factory.support.DefaultListableBeanFactory - Autowiring by type from bean name 'indexPageTransformer' via factory method to bean named 'swaggerWelcome'
10:22:21.895 [Test worker] DEBUG org.springframework.beans.factory.support.DefaultListableBeanFactory - Autowiring by type from bean name 'indexPageTransformer' via factory method to bean named 'springdocObjectMapperProvider'
10:22:21.898 [Test worker] TRACE org.springframework.beans.factory.support.DefaultListableBeanFactory - Returning cached instance of singleton bean 'org.springframework.transaction.config.internalTransactionAdvisor'
10:22:21.898 [Test worker] TRACE org.springframework.beans.factory.support.DefaultListableBeanFactory - Returning cached instance of singleton bean 'org.springframework.transaction.config.internalTransactionAdvisor'
10:22:21.899 [Test worker] TRACE org.springframework.beans.factory.support.DefaultListableBeanFactory - Finished creating instance of bean 'indexPageTransformer'
10:22:21.901 [Test worker] DEBUG org.springframework.beans.factory.support.DefaultListableBeanFactory - Creating shared instance of singleton bean 'swaggerResourceResolver'
10:22:21.901 [Test worker] TRACE org.springframework.beans.factory.support.DefaultListableBeanFactory - Creating instance of bean 'swaggerResourceResolver'
10:22:21.901 [Test worker] TRACE org.springframework.beans.factory.support.DefaultListableBeanFactory - Returning cached instance of singleton bean 'org.springframework.transaction.config.internalTransactionAdvisor'
10:22:21.901 [Test worker] TRACE org.springframework.beans.factory.support.DefaultListableBeanFactory - Returning cached instance of singleton bean 'org.springdoc.webmvc.ui.SwaggerConfig'
10:22:21.901 [Test worker] TRACE org.springframework.beans.factory.support.DefaultListableBeanFactory - Returning cached instance of singleton bean 'org.springdoc.core.properties.SwaggerUiConfigProperties'
10:22:21.901 [Test worker] DEBUG org.springframework.beans.factory.support.DefaultListableBeanFactory - Autowiring by type from bean name 'swaggerResourceResolver' via factory method to bean named 'org.springdoc.core.properties.SwaggerUiConfigProperties'
10:22:21.903 [Test worker] TRACE org.springframework.beans.factory.support.DefaultListableBeanFactory - Returning cached instance of singleton bean 'org.springframework.transaction.config.internalTransactionAdvisor'
10:22:21.903 [Test worker] TRACE org.springframework.beans.factory.support.DefaultListableBeanFactory - Returning cached instance of singleton bean 'org.springframework.transaction.config.internalTransactionAdvisor'
10:22:21.903 [Test worker] TRACE org.springframework.beans.factory.support.DefaultListableBeanFactory - Finished creating instance of bean 'swaggerResourceResolver'
10:22:21.903 [Test worker] DEBUG org.springframework.beans.factory.support.DefaultListableBeanFactory - Autowiring by type from bean name 'swaggerWebMvcConfigurer' via factory method to bean named 'org.springdoc.core.properties.SwaggerUiConfigParameters'
10:22:21.903 [Test worker] DEBUG org.springframework.beans.factory.support.DefaultListableBeanFactory - Autowiring by type from bean name 'swaggerWebMvcConfigurer' via factory method to bean named 'indexPageTransformer'
10:22:21.903 [Test worker] DEBUG org.springframework.beans.factory.support.DefaultListableBeanFactory - Autowiring by type from bean name 'swaggerWebMvcConfigurer' via factory method to bean named 'swaggerResourceResolver'
10:22:21.904 [Test worker] TRACE org.springframework.beans.factory.support.DefaultListableBeanFactory - Returning cached instance of singleton bean 'org.springframework.transaction.config.internalTransactionAdvisor'
10:22:21.905 [Test worker] TRACE org.springframework.beans.factory.support.DefaultListableBeanFactory - Returning cached instance of singleton bean 'org.springframework.transaction.config.internalTransactionAdvisor'
10:22:21.905 [Test worker] TRACE org.springframework.beans.factory.support.DefaultListableBeanFactory - Finished creating instance of bean 'swaggerWebMvcConfigurer'
10:22:21.906 [Test worker] DEBUG org.springframework.beans.factory.support.DefaultListableBeanFactory - Creating shared instance of singleton bean 'openEntityManagerInViewInterceptorConfigurer'
10:22:21.906 [Test worker] TRACE org.springframework.beans.factory.support.DefaultListableBeanFactory - Creating instance of bean 'openEntityManagerInViewInterceptorConfigurer'
10:22:21.906 [Test worker] TRACE org.springframework.beans.factory.support.DefaultListableBeanFactory - Returning cached instance of singleton bean 'org.springframework.transaction.config.internalTransactionAdvisor'
10:22:21.906 [Test worker] DEBUG org.springframework.beans.factory.support.DefaultListableBeanFactory - Creating shared instance of singleton bean 'org.springframework.boot.autoconfigure.orm.jpa.JpaBaseConfiguration$JpaWebConfiguration'
10:22:21.906 [Test worker] TRACE org.springframework.beans.factory.support.DefaultListableBeanFactory - Creating instance of bean 'org.springframework.boot.autoconfigure.orm.jpa.JpaBaseConfiguration$JpaWebConfiguration'
10:22:21.906 [Test worker] TRACE org.springframework.beans.factory.support.DefaultListableBeanFactory - Returning cached instance of singleton bean 'org.springframework.transaction.config.internalTransactionAdvisor'
10:22:21.907 [Test worker] TRACE org.springframework.beans.factory.support.DefaultListableBeanFactory - Returning cached instance of singleton bean 'spring.jpa-org.springframework.boot.autoconfigure.orm.jpa.JpaProperties'
10:22:21.907 [Test worker] DEBUG org.springframework.beans.factory.support.DefaultListableBeanFactory - Autowiring by type from bean name 'org.springframework.boot.autoconfigure.orm.jpa.JpaBaseConfiguration$JpaWebConfiguration' via constructor to bean named 'spring.jpa-org.springframework.boot.autoconfigure.orm.jpa.JpaProperties'
10:22:21.907 [Test worker] TRACE org.springframework.beans.factory.support.DefaultListableBeanFactory - Returning cached instance of singleton bean 'org.springframework.transaction.config.internalTransactionAdvisor'
10:22:21.907 [Test worker] TRACE org.springframework.beans.factory.support.DefaultListableBeanFactory - Returning cached instance of singleton bean 'org.springframework.transaction.config.internalTransactionAdvisor'
10:22:21.907 [Test worker] TRACE org.springframework.beans.factory.support.DefaultListableBeanFactory - Finished creating instance of bean 'org.springframework.boot.autoconfigure.orm.jpa.JpaBaseConfiguration$JpaWebConfiguration'
10:22:21.908 [Test worker] DEBUG org.springframework.beans.factory.support.DefaultListableBeanFactory - Creating shared instance of singleton bean 'openEntityManagerInViewInterceptor'
10:22:21.908 [Test worker] TRACE org.springframework.beans.factory.support.DefaultListableBeanFactory - Creating instance of bean 'openEntityManagerInViewInterceptor'
10:22:21.908 [Test worker] TRACE org.springframework.beans.factory.support.DefaultListableBeanFactory - Returning cached instance of singleton bean 'org.springframework.transaction.config.internalTransactionAdvisor'
10:22:21.908 [Test worker] TRACE org.springframework.beans.factory.support.DefaultListableBeanFactory - Returning cached instance of singleton bean 'org.springframework.boot.autoconfigure.orm.jpa.JpaBaseConfiguration$JpaWebConfiguration'
10:22:21.908 [Test worker] WARN  org.springframework.boot.autoconfigure.orm.jpa.JpaBaseConfiguration$JpaWebConfiguration - spring.jpa.open-in-view is enabled by default. Therefore, database queries may be performed during view rendering. Explicitly configure spring.jpa.open-in-view to disable this warning
10:22:21.910 [Test worker] TRACE org.springframework.beans.factory.support.DefaultListableBeanFactory - Returning cached instance of singleton bean 'entityManagerFactory'
10:22:21.910 [Test worker] TRACE org.springframework.beans.factory.support.DefaultListableBeanFactory - Returning cached instance of singleton bean 'org.springframework.transaction.config.internalTransactionAdvisor'
10:22:21.911 [Test worker] TRACE org.springframework.beans.factory.support.DefaultListableBeanFactory - Returning cached instance of singleton bean 'org.springframework.transaction.config.internalTransactionAdvisor'
10:22:21.911 [Test worker] TRACE org.springframework.beans.factory.support.DefaultListableBeanFactory - Finished creating instance of bean 'openEntityManagerInViewInterceptor'
10:22:21.911 [Test worker] DEBUG org.springframework.beans.factory.support.DefaultListableBeanFactory - Autowiring by type from bean name 'openEntityManagerInViewInterceptorConfigurer' via factory method to bean named 'openEntityManagerInViewInterceptor'
10:22:21.912 [Test worker] TRACE org.springframework.beans.factory.support.DefaultListableBeanFactory - Returning cached instance of singleton bean 'org.springframework.transaction.config.internalTransactionAdvisor'
10:22:21.912 [Test worker] TRACE org.springframework.beans.factory.support.DefaultListableBeanFactory - Returning cached instance of singleton bean 'org.springframework.transaction.config.internalTransactionAdvisor'
10:22:21.912 [Test worker] TRACE org.springframework.beans.factory.support.DefaultListableBeanFactory - Finished creating instance of bean 'openEntityManagerInViewInterceptorConfigurer'
10:22:21.912 [Test worker] DEBUG org.springframework.beans.factory.support.DefaultListableBeanFactory - Creating shared instance of singleton bean 'org.springframework.data.web.config.SpringDataWebConfiguration'
10:22:21.912 [Test worker] TRACE org.springframework.beans.factory.support.DefaultListableBeanFactory - Creating instance of bean 'org.springframework.data.web.config.SpringDataWebConfiguration'
10:22:21.912 [Test worker] TRACE org.springframework.beans.factory.support.DefaultListableBeanFactory - Returning cached instance of singleton bean 'org.springframework.transaction.config.internalTransactionAdvisor'
10:22:21.914 [Test worker] DEBUG org.springframework.beans.factory.support.DefaultListableBeanFactory - Autowiring by type from bean name 'org.springframework.data.web.config.SpringDataWebConfiguration' via constructor to bean named 'org.springframework.web.context.support.GenericWebApplicationContext@5a936e64'
10:22:21.915 [Test worker] TRACE org.springframework.beans.factory.support.DefaultListableBeanFactory - Returning cached instance of singleton bean 'org.springframework.transaction.config.internalTransactionAdvisor'
10:22:21.915 [Test worker] TRACE org.springframework.beans.factory.support.DefaultListableBeanFactory - Returning cached instance of singleton bean 'org.springframework.transaction.config.internalTransactionAdvisor'
10:22:21.916 [Test worker] TRACE org.springframework.beans.factory.support.DefaultListableBeanFactory - Finished creating instance of bean 'org.springframework.data.web.config.SpringDataWebConfiguration'
10:22:21.916 [Test worker] DEBUG org.springframework.beans.factory.support.DefaultListableBeanFactory - Creating shared instance of singleton bean 'org.springframework.security.config.annotation.web.configuration.WebMvcSecurityConfiguration'
10:22:21.916 [Test worker] TRACE org.springframework.beans.factory.support.DefaultListableBeanFactory - Creating instance of bean 'org.springframework.security.config.annotation.web.configuration.WebMvcSecurityConfiguration'
10:22:21.916 [Test worker] TRACE org.springframework.beans.factory.support.DefaultListableBeanFactory - Returning cached instance of singleton bean 'org.springframework.transaction.config.internalTransactionAdvisor'
10:22:21.916 [Test worker] TRACE org.springframework.beans.factory.support.DefaultListableBeanFactory - Returning cached instance of singleton bean 'org.springframework.transaction.config.internalTransactionAdvisor'
10:22:21.916 [Test worker] TRACE org.springframework.beans.factory.support.DefaultListableBeanFactory - Returning cached instance of singleton bean 'org.springframework.transaction.config.internalTransactionAdvisor'
10:22:21.918 [Test worker] TRACE org.springframework.beans.factory.support.DefaultListableBeanFactory - Finished creating instance of bean 'org.springframework.security.config.annotation.web.configuration.WebMvcSecurityConfiguration'
10:22:21.918 [Test worker] TRACE org.springframework.beans.factory.annotation.AutowiredAnnotationBeanPostProcessor - Autowiring by type from bean name 'org.springframework.boot.autoconfigure.web.servlet.WebMvcAutoConfiguration$EnableWebMvcConfiguration' to bean named 'org.springframework.boot.autoconfigure.web.servlet.WebMvcAutoConfiguration$WebMvcAutoConfigurationAdapter'
10:22:21.918 [Test worker] TRACE org.springframework.beans.factory.annotation.AutowiredAnnotationBeanPostProcessor - Autowiring by type from bean name 'org.springframework.boot.autoconfigure.web.servlet.WebMvcAutoConfiguration$EnableWebMvcConfiguration' to bean named 'swaggerWebMvcConfigurer'
10:22:21.918 [Test worker] TRACE org.springframework.beans.factory.annotation.AutowiredAnnotationBeanPostProcessor - Autowiring by type from bean name 'org.springframework.boot.autoconfigure.web.servlet.WebMvcAutoConfiguration$EnableWebMvcConfiguration' to bean named 'openEntityManagerInViewInterceptorConfigurer'
10:22:21.918 [Test worker] TRACE org.springframework.beans.factory.annotation.AutowiredAnnotationBeanPostProcessor - Autowiring by type from bean name 'org.springframework.boot.autoconfigure.web.servlet.WebMvcAutoConfiguration$EnableWebMvcConfiguration' to bean named 'org.springframework.data.web.config.SpringDataWebConfiguration'
10:22:21.918 [Test worker] TRACE org.springframework.beans.factory.annotation.AutowiredAnnotationBeanPostProcessor - Autowiring by type from bean name 'org.springframework.boot.autoconfigure.web.servlet.WebMvcAutoConfiguration$EnableWebMvcConfiguration' to bean named 'org.springframework.security.config.annotation.web.configuration.WebMvcSecurityConfiguration'
10:22:21.918 [Test worker] TRACE org.springframework.beans.factory.support.DefaultListableBeanFactory - Returning cached instance of singleton bean 'org.springframework.transaction.config.internalTransactionAdvisor'
10:22:21.918 [Test worker] TRACE org.springframework.beans.factory.support.DefaultListableBeanFactory - Returning cached instance of singleton bean 'org.springframework.transaction.config.internalTransactionAdvisor'
10:22:21.926 [Test worker] TRACE org.springframework.beans.factory.support.DefaultListableBeanFactory - Finished creating instance of bean 'org.springframework.boot.autoconfigure.web.servlet.WebMvcAutoConfiguration$EnableWebMvcConfiguration'
10:22:21.936 [Test worker] TRACE org.springframework.beans.factory.support.DefaultListableBeanFactory - Returning cached instance of singleton bean 'org.springframework.transaction.config.internalTransactionAdvisor'
10:22:21.936 [Test worker] TRACE org.springframework.beans.factory.support.DefaultListableBeanFactory - Returning cached instance of singleton bean 'org.springframework.transaction.config.internalTransactionAdvisor'
10:22:21.937 [Test worker] TRACE org.springframework.beans.factory.support.DefaultListableBeanFactory - Finished creating instance of bean 'mvcContentNegotiationManager'
10:22:21.937 [Test worker] TRACE org.springframework.beans.factory.annotation.AutowiredAnnotationBeanPostProcessor - Autowiring by type from bean name 'org.springframework.security.config.annotation.web.configuration.HttpSecurityConfiguration' to bean named 'mvcContentNegotiationManager'
10:22:21.937 [Test worker] TRACE org.springframework.beans.factory.support.DefaultListableBeanFactory - Returning cached instance of singleton bean 'org.springframework.transaction.config.internalTransactionAdvisor'
10:22:21.937 [Test worker] TRACE org.springframework.beans.factory.support.DefaultListableBeanFactory - Returning cached instance of singleton bean 'org.springframework.transaction.config.internalTransactionAdvisor'
10:22:21.940 [Test worker] TRACE org.springframework.beans.factory.support.DefaultListableBeanFactory - Finished creating instance of bean 'org.springframework.security.config.annotation.web.configuration.HttpSecurityConfiguration'
10:22:21.944 [Test worker] DEBUG org.springframework.beans.factory.support.DefaultListableBeanFactory - Creating shared instance of singleton bean 'authenticationManagerBuilder'
10:22:21.945 [Test worker] TRACE org.springframework.beans.factory.support.DefaultListableBeanFactory - Creating instance of bean 'authenticationManagerBuilder'
10:22:21.945 [Test worker] TRACE org.springframework.beans.factory.support.DefaultListableBeanFactory - Returning cached instance of singleton bean 'org.springframework.transaction.config.internalTransactionAdvisor'
10:22:21.945 [Test worker] TRACE org.springframework.beans.factory.support.DefaultListableBeanFactory - Returning cached instance of singleton bean 'org.springframework.security.config.annotation.authentication.configuration.AuthenticationConfiguration'
10:22:21.945 [Test worker] TRACE org.springframework.beans.factory.support.DefaultListableBeanFactory - Returning cached instance of singleton bean 'objectPostProcessor'
10:22:21.945 [Test worker] DEBUG org.springframework.beans.factory.support.DefaultListableBeanFactory - Autowiring by type from bean name 'authenticationManagerBuilder' via factory method to bean named 'objectPostProcessor'
10:22:21.945 [Test worker] DEBUG org.springframework.beans.factory.support.DefaultListableBeanFactory - Autowiring by type from bean name 'authenticationManagerBuilder' via factory method to bean named 'org.springframework.web.context.support.GenericWebApplicationContext@5a936e64'
10:22:21.946 [Test worker] DEBUG org.springframework.beans.factory.support.DefaultListableBeanFactory - Creating shared instance of singleton bean 'authenticationEventPublisher'
10:22:21.946 [Test worker] TRACE org.springframework.beans.factory.support.DefaultListableBeanFactory - Creating instance of bean 'authenticationEventPublisher'
10:22:21.946 [Test worker] TRACE org.springframework.beans.factory.support.DefaultListableBeanFactory - Returning cached instance of singleton bean 'org.springframework.transaction.config.internalTransactionAdvisor'
10:22:21.946 [Test worker] DEBUG org.springframework.beans.factory.support.DefaultListableBeanFactory - Creating shared instance of singleton bean 'org.springframework.boot.autoconfigure.security.servlet.SecurityAutoConfiguration'
10:22:21.946 [Test worker] TRACE org.springframework.beans.factory.support.DefaultListableBeanFactory - Creating instance of bean 'org.springframework.boot.autoconfigure.security.servlet.SecurityAutoConfiguration'
10:22:21.946 [Test worker] TRACE org.springframework.beans.factory.support.DefaultListableBeanFactory - Returning cached instance of singleton bean 'org.springframework.transaction.config.internalTransactionAdvisor'
10:22:21.947 [Test worker] TRACE org.springframework.beans.factory.support.DefaultListableBeanFactory - Returning cached instance of singleton bean 'org.springframework.transaction.config.internalTransactionAdvisor'
10:22:21.947 [Test worker] TRACE org.springframework.beans.factory.support.DefaultListableBeanFactory - Returning cached instance of singleton bean 'org.springframework.transaction.config.internalTransactionAdvisor'
10:22:21.947 [Test worker] TRACE org.springframework.beans.factory.support.DefaultListableBeanFactory - Finished creating instance of bean 'org.springframework.boot.autoconfigure.security.servlet.SecurityAutoConfiguration'
10:22:21.947 [Test worker] DEBUG org.springframework.beans.factory.support.DefaultListableBeanFactory - Autowiring by type from bean name 'authenticationEventPublisher' via factory method to bean named 'org.springframework.web.context.support.GenericWebApplicationContext@5a936e64'
10:22:21.951 [Test worker] TRACE org.springframework.beans.factory.support.DefaultListableBeanFactory - Returning cached instance of singleton bean 'org.springframework.transaction.config.internalTransactionAdvisor'
10:22:21.952 [Test worker] TRACE org.springframework.beans.factory.support.DefaultListableBeanFactory - Returning cached instance of singleton bean 'org.springframework.transaction.config.internalTransactionAdvisor'
10:22:21.952 [Test worker] TRACE org.springframework.beans.factory.support.DefaultListableBeanFactory - Finished creating instance of bean 'authenticationEventPublisher'
10:22:21.954 [Test worker] TRACE org.springframework.beans.factory.support.DefaultListableBeanFactory - Returning cached instance of singleton bean 'org.springframework.transaction.config.internalTransactionAdvisor'
10:22:21.954 [Test worker] TRACE org.springframework.beans.factory.support.DefaultListableBeanFactory - Returning cached instance of singleton bean 'org.springframework.transaction.config.internalTransactionAdvisor'
10:22:21.955 [Test worker] TRACE org.springframework.beans.factory.support.DefaultListableBeanFactory - Finished creating instance of bean 'authenticationManagerBuilder'
10:22:21.959 [Test worker] DEBUG org.springframework.beans.factory.support.DefaultListableBeanFactory - Creating shared instance of singleton bean 'org.springframework.boot.autoconfigure.security.servlet.SpringBootWebSecurityConfiguration$WebSecurityEnablerConfiguration'
10:22:21.959 [Test worker] TRACE org.springframework.beans.factory.support.DefaultListableBeanFactory - Creating instance of bean 'org.springframework.boot.autoconfigure.security.servlet.SpringBootWebSecurityConfiguration$WebSecurityEnablerConfiguration'
10:22:21.959 [Test worker] TRACE org.springframework.beans.factory.support.DefaultListableBeanFactory - Returning cached instance of singleton bean 'org.springframework.transaction.config.internalTransactionAdvisor'
10:22:21.960 [Test worker] TRACE org.springframework.beans.factory.support.DefaultListableBeanFactory - Returning cached instance of singleton bean 'org.springframework.transaction.config.internalTransactionAdvisor'
10:22:21.960 [Test worker] TRACE org.springframework.beans.factory.support.DefaultListableBeanFactory - Returning cached instance of singleton bean 'org.springframework.transaction.config.internalTransactionAdvisor'
10:22:21.960 [Test worker] TRACE org.springframework.beans.factory.support.DefaultListableBeanFactory - Finished creating instance of bean 'org.springframework.boot.autoconfigure.security.servlet.SpringBootWebSecurityConfiguration$WebSecurityEnablerConfiguration'
10:22:21.960 [Test worker] TRACE org.springframework.security.config.annotation.authentication.configuration.AuthenticationConfiguration$EnableGlobalAuthenticationAutowiredConfigurer - Eagerly initializing {org.springframework.boot.autoconfigure.security.servlet.SpringBootWebSecurityConfiguration$WebSecurityEnablerConfiguration=org.springframework.boot.autoconfigure.security.servlet.SpringBootWebSecurityConfiguration$WebSecurityEnablerConfiguration@272de8ab}
10:22:21.961 [Test worker] TRACE org.springframework.beans.factory.support.DefaultListableBeanFactory - Returning cached instance of singleton bean 'userDetailsService'
10:22:21.962 [Test worker] TRACE org.springframework.beans.factory.support.DefaultListableBeanFactory - Returning cached instance of singleton bean 'userDetailsService'
10:22:21.968 [Test worker] TRACE org.springframework.beans.factory.support.DefaultListableBeanFactory - Invoking afterPropertiesSet() on bean with name 'org.springframework.security.authentication.ProviderManager@50c462b8'
10:22:21.968 [Test worker] TRACE org.springframework.beans.factory.support.DefaultListableBeanFactory - Returning cached instance of singleton bean 'org.springframework.transaction.config.internalTransactionAdvisor'
10:22:21.968 [Test worker] TRACE org.springframework.beans.factory.support.DefaultListableBeanFactory - Returning cached instance of singleton bean 'org.springframework.transaction.config.internalTransactionAdvisor'
10:22:21.969 [Test worker] TRACE org.springframework.beans.factory.support.DefaultListableBeanFactory - Returning cached instance of singleton bean 'authenticationEventPublisher'
10:22:22.018 [Test worker] TRACE org.springframework.core.io.support.SpringFactoriesLoader - Loaded [org.springframework.security.config.annotation.web.configurers.AbstractHttpConfigurer] names: []
10:22:22.023 [Test worker] TRACE org.springframework.beans.factory.support.DefaultListableBeanFactory - Returning cached instance of singleton bean 'org.springframework.transaction.config.internalTransactionAdvisor'
10:22:22.023 [Test worker] TRACE org.springframework.beans.factory.support.DefaultListableBeanFactory - Returning cached instance of singleton bean 'org.springframework.transaction.config.internalTransactionAdvisor'
10:22:22.024 [Test worker] TRACE org.springframework.beans.factory.support.DefaultListableBeanFactory - Finished creating instance of bean 'org.springframework.security.config.annotation.web.configuration.HttpSecurityConfiguration.httpSecurity'
10:22:22.025 [Test worker] DEBUG org.springframework.beans.factory.support.DefaultListableBeanFactory - Autowiring by type from bean name 'defaultSecurityFilterChain' via factory method to bean named 'org.springframework.security.config.annotation.web.configuration.HttpSecurityConfiguration.httpSecurity'
10:22:22.039 [Test worker] TRACE org.springframework.beans.factory.support.DefaultListableBeanFactory - Returning cached instance of singleton bean 'org.springframework.transaction.config.internalTransactionAdvisor'
10:22:22.040 [Test worker] TRACE org.springframework.beans.factory.support.DefaultListableBeanFactory - Returning cached instance of singleton bean 'org.springframework.transaction.config.internalTransactionAdvisor'
10:22:22.042 [Test worker] TRACE org.springframework.beans.factory.support.DefaultListableBeanFactory - Returning cached instance of singleton bean 'org.springframework.transaction.config.internalTransactionAdvisor'
10:22:22.042 [Test worker] TRACE org.springframework.beans.factory.support.DefaultListableBeanFactory - Returning cached instance of singleton bean 'org.springframework.transaction.config.internalTransactionAdvisor'
10:22:22.045 [Test worker] TRACE org.springframework.beans.factory.support.DefaultListableBeanFactory - Returning cached instance of singleton bean 'org.springframework.transaction.config.internalTransactionAdvisor'
10:22:22.060 [Test worker] TRACE org.springframework.beans.factory.support.DefaultListableBeanFactory - Returning cached instance of singleton bean 'org.springframework.transaction.config.internalTransactionAdvisor'
10:22:22.062 [Test worker] TRACE org.springframework.beans.factory.support.DefaultListableBeanFactory - Invoking afterPropertiesSet() on bean with name 'org.springframework.security.web.authentication.LoginUrlAuthenticationEntryPoint@40032b7b'
10:22:22.063 [Test worker] TRACE org.springframework.beans.factory.support.DefaultListableBeanFactory - Returning cached instance of singleton bean 'org.springframework.transaction.config.internalTransactionAdvisor'
10:22:22.063 [Test worker] TRACE org.springframework.beans.factory.support.DefaultListableBeanFactory - Returning cached instance of singleton bean 'org.springframework.transaction.config.internalTransactionAdvisor'
10:22:22.066 [Test worker] TRACE org.springframework.beans.factory.support.DefaultListableBeanFactory - Invoking afterPropertiesSet() on bean with name 'org.springframework.security.web.authentication.DelegatingAuthenticationEntryPoint@769d0ef2'
10:22:22.066 [Test worker] TRACE org.springframework.beans.factory.support.DefaultListableBeanFactory - Returning cached instance of singleton bean 'org.springframework.transaction.config.internalTransactionAdvisor'
10:22:22.066 [Test worker] TRACE org.springframework.beans.factory.support.DefaultListableBeanFactory - Returning cached instance of singleton bean 'org.springframework.transaction.config.internalTransactionAdvisor'
10:22:22.068 [Test worker] TRACE org.springframework.beans.factory.support.DefaultListableBeanFactory - Returning cached instance of singleton bean 'org.springframework.transaction.config.internalTransactionAdvisor'
10:22:22.068 [Test worker] TRACE org.springframework.beans.factory.support.DefaultListableBeanFactory - Returning cached instance of singleton bean 'org.springframework.transaction.config.internalTransactionAdvisor'
10:22:22.071 [Test worker] TRACE org.springframework.beans.factory.support.DefaultListableBeanFactory - Invoking afterPropertiesSet() on bean with name 'org.springframework.security.authentication.ProviderManager@4a3e1b5d'
10:22:22.071 [Test worker] TRACE org.springframework.beans.factory.support.DefaultListableBeanFactory - Returning cached instance of singleton bean 'org.springframework.transaction.config.internalTransactionAdvisor'
10:22:22.071 [Test worker] TRACE org.springframework.beans.factory.support.DefaultListableBeanFactory - Returning cached instance of singleton bean 'org.springframework.transaction.config.internalTransactionAdvisor'
10:22:22.075 [Test worker] TRACE org.springframework.beans.factory.support.DefaultListableBeanFactory - Invoking afterPropertiesSet() on bean with name 'org.springframework.security.web.access.ExceptionTranslationFilter@1676e501'
10:22:22.075 [Test worker] TRACE org.springframework.beans.factory.support.DefaultListableBeanFactory - Returning cached instance of singleton bean 'org.springframework.transaction.config.internalTransactionAdvisor'
10:22:22.075 [Test worker] TRACE org.springframework.beans.factory.support.DefaultListableBeanFactory - Returning cached instance of singleton bean 'org.springframework.transaction.config.internalTransactionAdvisor'
10:22:22.077 [Test worker] TRACE org.springframework.beans.factory.support.DefaultListableBeanFactory - Invoking afterPropertiesSet() on bean with name 'org.springframework.security.web.header.HeaderWriterFilter@2acfd27b'
10:22:22.077 [Test worker] TRACE org.springframework.beans.factory.support.DefaultListableBeanFactory - Returning cached instance of singleton bean 'org.springframework.transaction.config.internalTransactionAdvisor'
10:22:22.077 [Test worker] TRACE org.springframework.beans.factory.support.DefaultListableBeanFactory - Returning cached instance of singleton bean 'org.springframework.transaction.config.internalTransactionAdvisor'
10:22:22.078 [Test worker] TRACE org.springframework.beans.factory.support.DefaultListableBeanFactory - Invoking afterPropertiesSet() on bean with name 'org.springframework.security.web.context.SecurityContextHolderFilter@7d2d5625'
10:22:22.079 [Test worker] TRACE org.springframework.beans.factory.support.DefaultListableBeanFactory - Returning cached instance of singleton bean 'org.springframework.transaction.config.internalTransactionAdvisor'
10:22:22.079 [Test worker] TRACE org.springframework.beans.factory.support.DefaultListableBeanFactory - Returning cached instance of singleton bean 'org.springframework.transaction.config.internalTransactionAdvisor'
10:22:22.079 [Test worker] TRACE org.springframework.beans.factory.support.DefaultListableBeanFactory - Invoking afterPropertiesSet() on bean with name 'org.springframework.security.web.savedrequest.RequestCacheAwareFilter@6dacde96'
10:22:22.079 [Test worker] TRACE org.springframework.beans.factory.support.DefaultListableBeanFactory - Returning cached instance of singleton bean 'org.springframework.transaction.config.internalTransactionAdvisor'
10:22:22.079 [Test worker] TRACE org.springframework.beans.factory.support.DefaultListableBeanFactory - Returning cached instance of singleton bean 'org.springframework.transaction.config.internalTransactionAdvisor'
10:22:22.081 [Test worker] TRACE org.springframework.beans.factory.support.DefaultListableBeanFactory - Invoking afterPropertiesSet() on bean with name 'org.springframework.security.web.servletapi.SecurityContextHolderAwareRequestFilter@729a98e9'
10:22:22.081 [Test worker] TRACE org.springframework.beans.factory.support.DefaultListableBeanFactory - Returning cached instance of singleton bean 'org.springframework.transaction.config.internalTransactionAdvisor'
10:22:22.082 [Test worker] TRACE org.springframework.beans.factory.support.DefaultListableBeanFactory - Returning cached instance of singleton bean 'org.springframework.transaction.config.internalTransactionAdvisor'
10:22:22.086 [Test worker] TRACE org.springframework.beans.factory.support.DefaultListableBeanFactory - Invoking afterPropertiesSet() on bean with name 'org.springframework.security.web.authentication.ui.DefaultLoginPageGeneratingFilter@47a05ad8'
10:22:22.086 [Test worker] TRACE org.springframework.beans.factory.support.DefaultListableBeanFactory - Returning cached instance of singleton bean 'org.springframework.transaction.config.internalTransactionAdvisor'
10:22:22.086 [Test worker] TRACE org.springframework.beans.factory.support.DefaultListableBeanFactory - Returning cached instance of singleton bean 'org.springframework.transaction.config.internalTransactionAdvisor'
10:22:22.088 [Test worker] TRACE org.springframework.beans.factory.support.DefaultListableBeanFactory - Returning cached instance of singleton bean 'org.springframework.transaction.config.internalTransactionAdvisor'
10:22:22.088 [Test worker] TRACE org.springframework.beans.factory.support.DefaultListableBeanFactory - Returning cached instance of singleton bean 'org.springframework.transaction.config.internalTransactionAdvisor'
10:22:22.090 [Test worker] TRACE org.springframework.beans.factory.support.DefaultListableBeanFactory - Invoking afterPropertiesSet() on bean with name 'org.springframework.security.web.authentication.logout.LogoutFilter@16a3d9a7'
10:22:22.091 [Test worker] TRACE org.springframework.beans.factory.support.DefaultListableBeanFactory - Returning cached instance of singleton bean 'org.springframework.transaction.config.internalTransactionAdvisor'
10:22:22.091 [Test worker] TRACE org.springframework.beans.factory.support.DefaultListableBeanFactory - Returning cached instance of singleton bean 'org.springframework.transaction.config.internalTransactionAdvisor'
10:22:22.092 [Test worker] TRACE org.springframework.beans.factory.support.DefaultListableBeanFactory - Returning cached instance of singleton bean 'org.springframework.transaction.config.internalTransactionAdvisor'
10:22:22.092 [Test worker] TRACE org.springframework.beans.factory.support.DefaultListableBeanFactory - Returning cached instance of singleton bean 'org.springframework.transaction.config.internalTransactionAdvisor'
10:22:22.093 [Test worker] TRACE org.springframework.beans.factory.support.DefaultListableBeanFactory - Invoking afterPropertiesSet() on bean with name 'org.springframework.security.web.access.intercept.AuthorizationFilter@42d4de20'
10:22:22.094 [Test worker] TRACE org.springframework.beans.factory.support.DefaultListableBeanFactory - Returning cached instance of singleton bean 'org.springframework.transaction.config.internalTransactionAdvisor'
10:22:22.094 [Test worker] TRACE org.springframework.beans.factory.support.DefaultListableBeanFactory - Returning cached instance of singleton bean 'org.springframework.transaction.config.internalTransactionAdvisor'
10:22:22.095 [Test worker] TRACE org.springframework.beans.factory.support.DefaultListableBeanFactory - Invoking afterPropertiesSet() on bean with name 'org.springframework.security.web.authentication.UsernamePasswordAuthenticationFilter@2cc9a5a2'
10:22:22.095 [Test worker] TRACE org.springframework.beans.factory.support.DefaultListableBeanFactory - Returning cached instance of singleton bean 'org.springframework.transaction.config.internalTransactionAdvisor'
10:22:22.095 [Test worker] TRACE org.springframework.beans.factory.support.DefaultListableBeanFactory - Returning cached instance of singleton bean 'org.springframework.transaction.config.internalTransactionAdvisor'
10:22:22.097 [Test worker] TRACE org.springframework.beans.factory.support.DefaultListableBeanFactory - Invoking afterPropertiesSet() on bean with name 'org.springframework.security.web.authentication.www.BasicAuthenticationFilter@1007954a'
10:22:22.097 [Test worker] TRACE org.springframework.beans.factory.support.DefaultListableBeanFactory - Returning cached instance of singleton bean 'org.springframework.transaction.config.internalTransactionAdvisor'
10:22:22.097 [Test worker] TRACE org.springframework.beans.factory.support.DefaultListableBeanFactory - Returning cached instance of singleton bean 'org.springframework.transaction.config.internalTransactionAdvisor'
10:22:22.098 [Test worker] INFO  org.springframework.security.web.DefaultSecurityFilterChain - Will secure any request with [org.springframework.security.web.session.DisableEncodeUrlFilter@dd26290, org.springframework.security.web.context.request.async.WebAsyncManagerIntegrationFilter@21d30ba5, org.springframework.security.web.context.SecurityContextHolderFilter@7d2d5625, org.springframework.security.web.header.HeaderWriterFilter@2acfd27b, org.springframework.security.web.authentication.logout.LogoutFilter@16a3d9a7, org.springframework.security.web.authentication.UsernamePasswordAuthenticationFilter@2cc9a5a2, org.springframework.security.web.authentication.ui.DefaultLoginPageGeneratingFilter@47a05ad8, org.springframework.security.web.authentication.ui.DefaultLogoutPageGeneratingFilter@1b68e626, org.springframework.security.web.authentication.www.BasicAuthenticationFilter@1007954a, org.springframework.security.web.savedrequest.RequestCacheAwareFilter@6dacde96, org.springframework.security.web.servletapi.SecurityContextHolderAwareRequestFilter@729a98e9, org.springframework.security.web.authentication.AnonymousAuthenticationFilter@7671922b, org.springframework.security.web.access.ExceptionTranslationFilter@1676e501, org.springframework.security.web.access.intercept.AuthorizationFilter@42d4de20]
10:22:22.099 [Test worker] TRACE org.springframework.beans.factory.support.DefaultListableBeanFactory - Returning cached instance of singleton bean 'org.springframework.transaction.config.internalTransactionAdvisor'
10:22:22.099 [Test worker] TRACE org.springframework.beans.factory.support.DefaultListableBeanFactory - Returning cached instance of singleton bean 'org.springframework.transaction.config.internalTransactionAdvisor'
10:22:22.100 [Test worker] TRACE org.springframework.beans.factory.support.DefaultListableBeanFactory - Finished creating instance of bean 'defaultSecurityFilterChain'
10:22:22.100 [Test worker] TRACE org.springframework.beans.factory.support.DefaultListableBeanFactory - Returning cached instance of singleton bean 'org.springframework.boot.autoconfigure.AutoConfigurationPackages'
10:22:22.100 [Test worker] DEBUG org.springframework.beans.factory.support.DefaultListableBeanFactory - Creating shared instance of singleton bean 'org.springframework.boot.autoconfigure.context.PropertyPlaceholderAutoConfiguration'
10:22:22.100 [Test worker] TRACE org.springframework.beans.factory.support.DefaultListableBeanFactory - Creating instance of bean 'org.springframework.boot.autoconfigure.context.PropertyPlaceholderAutoConfiguration'
10:22:22.100 [Test worker] TRACE org.springframework.beans.factory.support.DefaultListableBeanFactory - Returning cached instance of singleton bean 'org.springframework.transaction.config.internalTransactionAdvisor'
10:22:22.100 [Test worker] TRACE org.springframework.beans.factory.support.DefaultListableBeanFactory - Returning cached instance of singleton bean 'org.springframework.transaction.config.internalTransactionAdvisor'
10:22:22.100 [Test worker] TRACE org.springframework.beans.factory.support.DefaultListableBeanFactory - Returning cached instance of singleton bean 'org.springframework.transaction.config.internalTransactionAdvisor'
10:22:22.100 [Test worker] TRACE org.springframework.beans.factory.support.DefaultListableBeanFactory - Finished creating instance of bean 'org.springframework.boot.autoconfigure.context.PropertyPlaceholderAutoConfiguration'
10:22:22.100 [Test worker] TRACE org.springframework.beans.factory.support.DefaultListableBeanFactory - Returning cached instance of singleton bean 'propertySourcesPlaceholderConfigurer'
10:22:22.100 [Test worker] DEBUG org.springframework.beans.factory.support.DefaultListableBeanFactory - Creating shared instance of singleton bean 'org.springframework.boot.autoconfigure.ssl.SslAutoConfiguration'
10:22:22.101 [Test worker] TRACE org.springframework.beans.factory.support.DefaultListableBeanFactory - Creating instance of bean 'org.springframework.boot.autoconfigure.ssl.SslAutoConfiguration'
10:22:22.101 [Test worker] TRACE org.springframework.beans.factory.support.DefaultListableBeanFactory - Returning cached instance of singleton bean 'org.springframework.transaction.config.internalTransactionAdvisor'
10:22:22.101 [Test worker] TRACE org.springframework.beans.factory.support.DefaultListableBeanFactory - Returning cached instance of singleton bean 'org.springframework.transaction.config.internalTransactionAdvisor'
10:22:22.101 [Test worker] TRACE org.springframework.beans.factory.support.DefaultListableBeanFactory - Returning cached instance of singleton bean 'org.springframework.transaction.config.internalTransactionAdvisor'
10:22:22.102 [Test worker] TRACE org.springframework.beans.factory.support.DefaultListableBeanFactory - Finished creating instance of bean 'org.springframework.boot.autoconfigure.ssl.SslAutoConfiguration'
10:22:22.102 [Test worker] DEBUG org.springframework.beans.factory.support.DefaultListableBeanFactory - Creating shared instance of singleton bean 'sslPropertiesSslBundleRegistrar'
10:22:22.102 [Test worker] TRACE org.springframework.beans.factory.support.DefaultListableBeanFactory - Creating instance of bean 'sslPropertiesSslBundleRegistrar'
10:22:22.102 [Test worker] TRACE org.springframework.beans.factory.support.DefaultListableBeanFactory - Returning cached instance of singleton bean 'org.springframework.transaction.config.internalTransactionAdvisor'
10:22:22.102 [Test worker] TRACE org.springframework.beans.factory.support.DefaultListableBeanFactory - Returning cached instance of singleton bean 'org.springframework.boot.autoconfigure.ssl.SslAutoConfiguration'
10:22:22.103 [Test worker] DEBUG org.springframework.beans.factory.support.DefaultListableBeanFactory - Creating shared instance of singleton bean 'spring.ssl-org.springframework.boot.autoconfigure.ssl.SslProperties'
10:22:22.103 [Test worker] TRACE org.springframework.beans.factory.support.DefaultListableBeanFactory - Creating instance of bean 'spring.ssl-org.springframework.boot.autoconfigure.ssl.SslProperties'
10:22:22.103 [Test worker] TRACE org.springframework.beans.factory.support.DefaultListableBeanFactory - Returning cached instance of singleton bean 'org.springframework.transaction.config.internalTransactionAdvisor'
10:22:22.104 [Test worker] TRACE org.springframework.beans.factory.support.DefaultListableBeanFactory - Returning cached instance of singleton bean 'org.springframework.boot.context.properties.BoundConfigurationProperties'
10:22:22.104 [Test worker] TRACE org.springframework.beans.factory.support.DefaultListableBeanFactory - Returning cached instance of singleton bean 'org.springframework.transaction.config.internalTransactionAdvisor'
10:22:22.105 [Test worker] TRACE org.springframework.beans.factory.support.DefaultListableBeanFactory - Returning cached instance of singleton bean 'org.springframework.transaction.config.internalTransactionAdvisor'
10:22:22.105 [Test worker] TRACE org.springframework.beans.factory.support.DefaultListableBeanFactory - Finished creating instance of bean 'spring.ssl-org.springframework.boot.autoconfigure.ssl.SslProperties'
10:22:22.105 [Test worker] DEBUG org.springframework.beans.factory.support.DefaultListableBeanFactory - Autowiring by type from bean name 'sslPropertiesSslBundleRegistrar' via factory method to bean named 'spring.ssl-org.springframework.boot.autoconfigure.ssl.SslProperties'
10:22:22.106 [Test worker] TRACE org.springframework.beans.factory.support.DefaultListableBeanFactory - Returning cached instance of singleton bean 'org.springframework.transaction.config.internalTransactionAdvisor'
10:22:22.106 [Test worker] TRACE org.springframework.beans.factory.support.DefaultListableBeanFactory - Returning cached instance of singleton bean 'org.springframework.transaction.config.internalTransactionAdvisor'
10:22:22.106 [Test worker] TRACE org.springframework.beans.factory.support.DefaultListableBeanFactory - Finished creating instance of bean 'sslPropertiesSslBundleRegistrar'
10:22:22.106 [Test worker] DEBUG org.springframework.beans.factory.support.DefaultListableBeanFactory - Creating shared instance of singleton bean 'sslBundleRegistry'
10:22:22.106 [Test worker] TRACE org.springframework.beans.factory.support.DefaultListableBeanFactory - Creating instance of bean 'sslBundleRegistry'
10:22:22.106 [Test worker] TRACE org.springframework.beans.factory.support.DefaultListableBeanFactory - Returning cached instance of singleton bean 'org.springframework.transaction.config.internalTransactionAdvisor'
10:22:22.107 [Test worker] TRACE org.springframework.beans.factory.support.DefaultListableBeanFactory - Returning cached instance of singleton bean 'org.springframework.boot.autoconfigure.ssl.SslAutoConfiguration'
10:22:22.107 [Test worker] TRACE org.springframework.beans.factory.support.DefaultListableBeanFactory - Returning cached instance of singleton bean 'sslPropertiesSslBundleRegistrar'
10:22:22.108 [Test worker] DEBUG org.springframework.beans.factory.support.DefaultListableBeanFactory - Autowiring by type from bean name 'sslBundleRegistry' via factory method to bean named 'sslPropertiesSslBundleRegistrar'
10:22:22.112 [Test worker] TRACE org.springframework.beans.factory.support.DefaultListableBeanFactory - Returning cached instance of singleton bean 'org.springframework.transaction.config.internalTransactionAdvisor'
10:22:22.112 [Test worker] TRACE org.springframework.beans.factory.support.DefaultListableBeanFactory - Returning cached instance of singleton bean 'org.springframework.transaction.config.internalTransactionAdvisor'
10:22:22.113 [Test worker] TRACE org.springframework.beans.factory.support.DefaultListableBeanFactory - Finished creating instance of bean 'sslBundleRegistry'
10:22:22.113 [Test worker] TRACE org.springframework.beans.factory.support.DefaultListableBeanFactory - Returning cached instance of singleton bean 'org.springframework.boot.context.properties.ConfigurationPropertiesBindingPostProcessor'
10:22:22.113 [Test worker] TRACE org.springframework.beans.factory.support.DefaultListableBeanFactory - Returning cached instance of singleton bean 'org.springframework.boot.context.internalConfigurationPropertiesBinder'
10:22:22.113 [Test worker] TRACE org.springframework.beans.factory.support.DefaultListableBeanFactory - Returning cached instance of singleton bean 'org.springframework.boot.context.properties.BoundConfigurationProperties'
10:22:22.113 [Test worker] DEBUG org.springframework.beans.factory.support.DefaultListableBeanFactory - Creating shared instance of singleton bean 'org.springframework.boot.context.properties.EnableConfigurationPropertiesRegistrar.methodValidationExcludeFilter'
10:22:22.113 [Test worker] TRACE org.springframework.beans.factory.support.DefaultListableBeanFactory - Creating instance of bean 'org.springframework.boot.context.properties.EnableConfigurationPropertiesRegistrar.methodValidationExcludeFilter'
10:22:22.113 [Test worker] TRACE org.springframework.beans.factory.support.DefaultListableBeanFactory - Returning cached instance of singleton bean 'org.springframework.transaction.config.internalTransactionAdvisor'
10:22:22.113 [Test worker] TRACE org.springframework.beans.factory.support.DefaultListableBeanFactory - Ignoring factory method [public static org.springframework.boot.validation.beanvalidation.MethodValidationExcludeFilter org.springframework.boot.validation.beanvalidation.MethodValidationExcludeFilter.byAnnotation(java.lang.Class,org.springframework.core.annotation.MergedAnnotations$SearchStrategy)] of bean 'org.springframework.boot.context.properties.EnableConfigurationPropertiesRegistrar.methodValidationExcludeFilter': org.springframework.beans.factory.UnsatisfiedDependencyException: Error creating bean with name 'org.springframework.boot.context.properties.EnableConfigurationPropertiesRegistrar.methodValidationExcludeFilter': Unsatisfied dependency expressed through method 'byAnnotation' parameter 1: Ambiguous argument values for parameter of type [org.springframework.core.annotation.MergedAnnotations$SearchStrategy] - did you specify the correct bean references as arguments?
10:22:22.116 [Test worker] TRACE org.springframework.beans.factory.support.DefaultListableBeanFactory - Returning cached instance of singleton bean 'org.springframework.transaction.config.internalTransactionAdvisor'
10:22:22.117 [Test worker] TRACE org.springframework.beans.factory.support.DefaultListableBeanFactory - Returning cached instance of singleton bean 'org.springframework.transaction.config.internalTransactionAdvisor'
10:22:22.117 [Test worker] TRACE org.springframework.beans.factory.support.DefaultListableBeanFactory - Finished creating instance of bean 'org.springframework.boot.context.properties.EnableConfigurationPropertiesRegistrar.methodValidationExcludeFilter'
10:22:22.117 [Test worker] TRACE org.springframework.beans.factory.support.DefaultListableBeanFactory - Returning cached instance of singleton bean 'spring.ssl-org.springframework.boot.autoconfigure.ssl.SslProperties'
10:22:22.117 [Test worker] DEBUG org.springframework.beans.factory.support.DefaultListableBeanFactory - Creating shared instance of singleton bean 'org.springframework.boot.autoconfigure.websocket.servlet.WebSocketServletAutoConfiguration$TomcatWebSocketConfiguration'
10:22:22.117 [Test worker] TRACE org.springframework.beans.factory.support.DefaultListableBeanFactory - Creating instance of bean 'org.springframework.boot.autoconfigure.websocket.servlet.WebSocketServletAutoConfiguration$TomcatWebSocketConfiguration'
10:22:22.117 [Test worker] TRACE org.springframework.beans.factory.support.DefaultListableBeanFactory - Returning cached instance of singleton bean 'org.springframework.transaction.config.internalTransactionAdvisor'
10:22:22.118 [Test worker] TRACE org.springframework.beans.factory.support.DefaultListableBeanFactory - Returning cached instance of singleton bean 'org.springframework.transaction.config.internalTransactionAdvisor'
10:22:22.119 [Test worker] TRACE org.springframework.beans.factory.support.DefaultListableBeanFactory - Returning cached instance of singleton bean 'org.springframework.transaction.config.internalTransactionAdvisor'
10:22:22.119 [Test worker] TRACE org.springframework.beans.factory.support.DefaultListableBeanFactory - Finished creating instance of bean 'org.springframework.boot.autoconfigure.websocket.servlet.WebSocketServletAutoConfiguration$TomcatWebSocketConfiguration'
10:22:22.119 [Test worker] DEBUG org.springframework.beans.factory.support.DefaultListableBeanFactory - Creating shared instance of singleton bean 'websocketServletWebServerCustomizer'
10:22:22.119 [Test worker] TRACE org.springframework.beans.factory.support.DefaultListableBeanFactory - Creating instance of bean 'websocketServletWebServerCustomizer'
10:22:22.119 [Test worker] TRACE org.springframework.beans.factory.support.DefaultListableBeanFactory - Returning cached instance of singleton bean 'org.springframework.transaction.config.internalTransactionAdvisor'
10:22:22.119 [Test worker] TRACE org.springframework.beans.factory.support.DefaultListableBeanFactory - Returning cached instance of singleton bean 'org.springframework.boot.autoconfigure.websocket.servlet.WebSocketServletAutoConfiguration$TomcatWebSocketConfiguration'
10:22:22.122 [Test worker] TRACE org.springframework.beans.factory.support.DefaultListableBeanFactory - Returning cached instance of singleton bean 'org.springframework.transaction.config.internalTransactionAdvisor'
10:22:22.122 [Test worker] TRACE org.springframework.beans.factory.support.DefaultListableBeanFactory - Returning cached instance of singleton bean 'org.springframework.transaction.config.internalTransactionAdvisor'
10:22:22.122 [Test worker] TRACE org.springframework.beans.factory.support.DefaultListableBeanFactory - Finished creating instance of bean 'websocketServletWebServerCustomizer'
10:22:22.123 [Test worker] DEBUG org.springframework.beans.factory.support.DefaultListableBeanFactory - Creating shared instance of singleton bean 'org.springframework.boot.autoconfigure.websocket.servlet.WebSocketServletAutoConfiguration'
10:22:22.123 [Test worker] TRACE org.springframework.beans.factory.support.DefaultListableBeanFactory - Creating instance of bean 'org.springframework.boot.autoconfigure.websocket.servlet.WebSocketServletAutoConfiguration'
10:22:22.123 [Test worker] TRACE org.springframework.beans.factory.support.DefaultListableBeanFactory - Returning cached instance of singleton bean 'org.springframework.transaction.config.internalTransactionAdvisor'
10:22:22.123 [Test worker] TRACE org.springframework.beans.factory.support.DefaultListableBeanFactory - Returning cached instance of singleton bean 'org.springframework.transaction.config.internalTransactionAdvisor'
10:22:22.123 [Test worker] TRACE org.springframework.beans.factory.support.DefaultListableBeanFactory - Returning cached instance of singleton bean 'org.springframework.transaction.config.internalTransactionAdvisor'
10:22:22.124 [Test worker] TRACE org.springframework.beans.factory.support.DefaultListableBeanFactory - Finished creating instance of bean 'org.springframework.boot.autoconfigure.websocket.servlet.WebSocketServletAutoConfiguration'
10:22:22.124 [Test worker] DEBUG org.springframework.beans.factory.support.DefaultListableBeanFactory - Creating shared instance of singleton bean 'org.springframework.boot.autoconfigure.web.servlet.ServletWebServerFactoryConfiguration$EmbeddedTomcat'
10:22:22.124 [Test worker] TRACE org.springframework.beans.factory.support.DefaultListableBeanFactory - Creating instance of bean 'org.springframework.boot.autoconfigure.web.servlet.ServletWebServerFactoryConfiguration$EmbeddedTomcat'
10:22:22.124 [Test worker] TRACE org.springframework.beans.factory.support.DefaultListableBeanFactory - Returning cached instance of singleton bean 'org.springframework.transaction.config.internalTransactionAdvisor'
10:22:22.124 [Test worker] TRACE org.springframework.beans.factory.support.DefaultListableBeanFactory - Returning cached instance of singleton bean 'org.springframework.transaction.config.internalTransactionAdvisor'
10:22:22.124 [Test worker] TRACE org.springframework.beans.factory.support.DefaultListableBeanFactory - Returning cached instance of singleton bean 'org.springframework.transaction.config.internalTransactionAdvisor'
10:22:22.124 [Test worker] TRACE org.springframework.beans.factory.support.DefaultListableBeanFactory - Finished creating instance of bean 'org.springframework.boot.autoconfigure.web.servlet.ServletWebServerFactoryConfiguration$EmbeddedTomcat'
10:22:22.124 [Test worker] DEBUG org.springframework.beans.factory.support.DefaultListableBeanFactory - Creating shared instance of singleton bean 'tomcatServletWebServerFactory'
10:22:22.124 [Test worker] TRACE org.springframework.beans.factory.support.DefaultListableBeanFactory - Creating instance of bean 'tomcatServletWebServerFactory'
10:22:22.124 [Test worker] TRACE org.springframework.beans.factory.support.DefaultListableBeanFactory - Returning cached instance of singleton bean 'org.springframework.transaction.config.internalTransactionAdvisor'
10:22:22.124 [Test worker] TRACE org.springframework.beans.factory.support.DefaultListableBeanFactory - Returning cached instance of singleton bean 'org.springframework.boot.autoconfigure.web.servlet.ServletWebServerFactoryConfiguration$EmbeddedTomcat'
10:22:22.156 [Test worker] TRACE org.springframework.beans.factory.support.DefaultListableBeanFactory - Returning cached instance of singleton bean 'websocketServletWebServerCustomizer'
10:22:22.156 [Test worker] DEBUG org.springframework.beans.factory.support.DefaultListableBeanFactory - Creating shared instance of singleton bean 'servletWebServerFactoryCustomizer'
10:22:22.156 [Test worker] TRACE org.springframework.beans.factory.support.DefaultListableBeanFactory - Creating instance of bean 'servletWebServerFactoryCustomizer'
10:22:22.156 [Test worker] TRACE org.springframework.beans.factory.support.DefaultListableBeanFactory - Returning cached instance of singleton bean 'org.springframework.transaction.config.internalTransactionAdvisor'
10:22:22.156 [Test worker] DEBUG org.springframework.beans.factory.support.DefaultListableBeanFactory - Creating shared instance of singleton bean 'org.springframework.boot.autoconfigure.web.servlet.ServletWebServerFactoryAutoConfiguration'
10:22:22.156 [Test worker] TRACE org.springframework.beans.factory.support.DefaultListableBeanFactory - Creating instance of bean 'org.springframework.boot.autoconfigure.web.servlet.ServletWebServerFactoryAutoConfiguration'
10:22:22.156 [Test worker] TRACE org.springframework.beans.factory.support.DefaultListableBeanFactory - Returning cached instance of singleton bean 'org.springframework.transaction.config.internalTransactionAdvisor'
10:22:22.156 [Test worker] TRACE org.springframework.beans.factory.support.DefaultListableBeanFactory - Returning cached instance of singleton bean 'org.springframework.transaction.config.internalTransactionAdvisor'
10:22:22.157 [Test worker] TRACE org.springframework.beans.factory.support.DefaultListableBeanFactory - Returning cached instance of singleton bean 'org.springframework.transaction.config.internalTransactionAdvisor'
10:22:22.157 [Test worker] TRACE org.springframework.beans.factory.support.DefaultListableBeanFactory - Finished creating instance of bean 'org.springframework.boot.autoconfigure.web.servlet.ServletWebServerFactoryAutoConfiguration'
10:22:22.158 [Test worker] DEBUG org.springframework.beans.factory.support.DefaultListableBeanFactory - Creating shared instance of singleton bean 'server-org.springframework.boot.autoconfigure.web.ServerProperties'
10:22:22.158 [Test worker] TRACE org.springframework.beans.factory.support.DefaultListableBeanFactory - Creating instance of bean 'server-org.springframework.boot.autoconfigure.web.ServerProperties'
10:22:22.158 [Test worker] TRACE org.springframework.beans.factory.support.DefaultListableBeanFactory - Returning cached instance of singleton bean 'org.springframework.transaction.config.internalTransactionAdvisor'
10:22:22.166 [Test worker] TRACE org.springframework.beans.factory.support.DefaultListableBeanFactory - Returning cached instance of singleton bean 'org.springframework.boot.context.properties.BoundConfigurationProperties'
10:22:22.170 [Test worker] TRACE org.springframework.beans.factory.support.DefaultListableBeanFactory - Returning cached instance of singleton bean 'org.springframework.transaction.config.internalTransactionAdvisor'
10:22:22.171 [Test worker] TRACE org.springframework.beans.factory.support.DefaultListableBeanFactory - Returning cached instance of singleton bean 'org.springframework.transaction.config.internalTransactionAdvisor'
10:22:22.171 [Test worker] TRACE org.springframework.beans.factory.support.DefaultListableBeanFactory - Finished creating instance of bean 'server-org.springframework.boot.autoconfigure.web.ServerProperties'
10:22:22.171 [Test worker] DEBUG org.springframework.beans.factory.support.DefaultListableBeanFactory - Autowiring by type from bean name 'servletWebServerFactoryCustomizer' via factory method to bean named 'server-org.springframework.boot.autoconfigure.web.ServerProperties'
10:22:22.173 [Test worker] TRACE org.springframework.beans.factory.support.DefaultListableBeanFactory - Returning cached instance of singleton bean 'sslBundleRegistry'
10:22:22.174 [Test worker] TRACE org.springframework.beans.factory.support.DefaultListableBeanFactory - Returning cached instance of singleton bean 'org.springframework.transaction.config.internalTransactionAdvisor'
10:22:22.174 [Test worker] TRACE org.springframework.beans.factory.support.DefaultListableBeanFactory - Returning cached instance of singleton bean 'org.springframework.transaction.config.internalTransactionAdvisor'
10:22:22.174 [Test worker] TRACE org.springframework.beans.factory.support.DefaultListableBeanFactory - Finished creating instance of bean 'servletWebServerFactoryCustomizer'
10:22:22.174 [Test worker] DEBUG org.springframework.beans.factory.support.DefaultListableBeanFactory - Creating shared instance of singleton bean 'tomcatServletWebServerFactoryCustomizer'
10:22:22.174 [Test worker] TRACE org.springframework.beans.factory.support.DefaultListableBeanFactory - Creating instance of bean 'tomcatServletWebServerFactoryCustomizer'
10:22:22.174 [Test worker] TRACE org.springframework.beans.factory.support.DefaultListableBeanFactory - Returning cached instance of singleton bean 'org.springframework.transaction.config.internalTransactionAdvisor'
10:22:22.174 [Test worker] TRACE org.springframework.beans.factory.support.DefaultListableBeanFactory - Returning cached instance of singleton bean 'org.springframework.boot.autoconfigure.web.servlet.ServletWebServerFactoryAutoConfiguration'
10:22:22.174 [Test worker] TRACE org.springframework.beans.factory.support.DefaultListableBeanFactory - Returning cached instance of singleton bean 'server-org.springframework.boot.autoconfigure.web.ServerProperties'
10:22:22.175 [Test worker] DEBUG org.springframework.beans.factory.support.DefaultListableBeanFactory - Autowiring by type from bean name 'tomcatServletWebServerFactoryCustomizer' via factory method to bean named 'server-org.springframework.boot.autoconfigure.web.ServerProperties'
10:22:22.175 [Test worker] TRACE org.springframework.beans.factory.support.DefaultListableBeanFactory - Returning cached instance of singleton bean 'org.springframework.transaction.config.internalTransactionAdvisor'
10:22:22.176 [Test worker] TRACE org.springframework.beans.factory.support.DefaultListableBeanFactory - Returning cached instance of singleton bean 'org.springframework.transaction.config.internalTransactionAdvisor'
10:22:22.176 [Test worker] TRACE org.springframework.beans.factory.support.DefaultListableBeanFactory - Finished creating instance of bean 'tomcatServletWebServerFactoryCustomizer'
10:22:22.176 [Test worker] DEBUG org.springframework.beans.factory.support.DefaultListableBeanFactory - Creating shared instance of singleton bean 'localeCharsetMappingsCustomizer'
10:22:22.176 [Test worker] TRACE org.springframework.beans.factory.support.DefaultListableBeanFactory - Creating instance of bean 'localeCharsetMappingsCustomizer'
10:22:22.176 [Test worker] TRACE org.springframework.beans.factory.support.DefaultListableBeanFactory - Returning cached instance of singleton bean 'org.springframework.transaction.config.internalTransactionAdvisor'
10:22:22.176 [Test worker] DEBUG org.springframework.beans.factory.support.DefaultListableBeanFactory - Creating shared instance of singleton bean 'org.springframework.boot.autoconfigure.web.servlet.HttpEncodingAutoConfiguration'
10:22:22.176 [Test worker] TRACE org.springframework.beans.factory.support.DefaultListableBeanFactory - Creating instance of bean 'org.springframework.boot.autoconfigure.web.servlet.HttpEncodingAutoConfiguration'
10:22:22.176 [Test worker] TRACE org.springframework.beans.factory.support.DefaultListableBeanFactory - Returning cached instance of singleton bean 'org.springframework.transaction.config.internalTransactionAdvisor'
10:22:22.176 [Test worker] TRACE org.springframework.beans.factory.support.DefaultListableBeanFactory - Returning cached instance of singleton bean 'server-org.springframework.boot.autoconfigure.web.ServerProperties'
10:22:22.176 [Test worker] DEBUG org.springframework.beans.factory.support.DefaultListableBeanFactory - Autowiring by type from bean name 'org.springframework.boot.autoconfigure.web.servlet.HttpEncodingAutoConfiguration' via constructor to bean named 'server-org.springframework.boot.autoconfigure.web.ServerProperties'
10:22:22.177 [Test worker] TRACE org.springframework.beans.factory.support.DefaultListableBeanFactory - Returning cached instance of singleton bean 'org.springframework.transaction.config.internalTransactionAdvisor'
10:22:22.177 [Test worker] TRACE org.springframework.beans.factory.support.DefaultListableBeanFactory - Returning cached instance of singleton bean 'org.springframework.transaction.config.internalTransactionAdvisor'
10:22:22.177 [Test worker] TRACE org.springframework.beans.factory.support.DefaultListableBeanFactory - Finished creating instance of bean 'org.springframework.boot.autoconfigure.web.servlet.HttpEncodingAutoConfiguration'
10:22:22.177 [Test worker] TRACE org.springframework.beans.factory.support.DefaultListableBeanFactory - Returning cached instance of singleton bean 'org.springframework.transaction.config.internalTransactionAdvisor'
10:22:22.177 [Test worker] TRACE org.springframework.beans.factory.support.DefaultListableBeanFactory - Returning cached instance of singleton bean 'org.springframework.transaction.config.internalTransactionAdvisor'
10:22:22.178 [Test worker] TRACE org.springframework.beans.factory.support.DefaultListableBeanFactory - Finished creating instance of bean 'localeCharsetMappingsCustomizer'
10:22:22.190 [Test worker] DEBUG org.springframework.beans.factory.support.DefaultListableBeanFactory - Creating shared instance of singleton bean 'errorPageCustomizer'
10:22:22.191 [Test worker] TRACE org.springframework.beans.factory.support.DefaultListableBeanFactory - Creating instance of bean 'errorPageCustomizer'
10:22:22.191 [Test worker] TRACE org.springframework.beans.factory.support.DefaultListableBeanFactory - Returning cached instance of singleton bean 'org.springframework.transaction.config.internalTransactionAdvisor'
10:22:22.191 [Test worker] DEBUG org.springframework.beans.factory.support.DefaultListableBeanFactory - Creating shared instance of singleton bean 'org.springframework.boot.autoconfigure.web.servlet.error.ErrorMvcAutoConfiguration'
10:22:22.191 [Test worker] TRACE org.springframework.beans.factory.support.DefaultListableBeanFactory - Creating instance of bean 'org.springframework.boot.autoconfigure.web.servlet.error.ErrorMvcAutoConfiguration'
10:22:22.191 [Test worker] TRACE org.springframework.beans.factory.support.DefaultListableBeanFactory - Returning cached instance of singleton bean 'org.springframework.transaction.config.internalTransactionAdvisor'
10:22:22.192 [Test worker] TRACE org.springframework.beans.factory.support.DefaultListableBeanFactory - Returning cached instance of singleton bean 'server-org.springframework.boot.autoconfigure.web.ServerProperties'
10:22:22.192 [Test worker] DEBUG org.springframework.beans.factory.support.DefaultListableBeanFactory - Autowiring by type from bean name 'org.springframework.boot.autoconfigure.web.servlet.error.ErrorMvcAutoConfiguration' via constructor to bean named 'server-org.springframework.boot.autoconfigure.web.ServerProperties'
10:22:22.192 [Test worker] TRACE org.springframework.beans.factory.support.DefaultListableBeanFactory - Returning cached instance of singleton bean 'org.springframework.transaction.config.internalTransactionAdvisor'
10:22:22.192 [Test worker] TRACE org.springframework.beans.factory.support.DefaultListableBeanFactory - Returning cached instance of singleton bean 'org.springframework.transaction.config.internalTransactionAdvisor'
10:22:22.192 [Test worker] TRACE org.springframework.beans.factory.support.DefaultListableBeanFactory - Finished creating instance of bean 'org.springframework.boot.autoconfigure.web.servlet.error.ErrorMvcAutoConfiguration'
10:22:22.193 [Test worker] DEBUG org.springframework.beans.factory.support.DefaultListableBeanFactory - Creating shared instance of singleton bean 'dispatcherServletRegistration'
10:22:22.193 [Test worker] TRACE org.springframework.beans.factory.support.DefaultListableBeanFactory - Creating instance of bean 'dispatcherServletRegistration'
10:22:22.193 [Test worker] TRACE org.springframework.beans.factory.support.DefaultListableBeanFactory - Returning cached instance of singleton bean 'org.springframework.transaction.config.internalTransactionAdvisor'
10:22:22.193 [Test worker] DEBUG org.springframework.beans.factory.support.DefaultListableBeanFactory - Creating shared instance of singleton bean 'org.springframework.boot.autoconfigure.web.servlet.DispatcherServletAutoConfiguration$DispatcherServletRegistrationConfiguration'
10:22:22.193 [Test worker] TRACE org.springframework.beans.factory.support.DefaultListableBeanFactory - Creating instance of bean 'org.springframework.boot.autoconfigure.web.servlet.DispatcherServletAutoConfiguration$DispatcherServletRegistrationConfiguration'
10:22:22.193 [Test worker] TRACE org.springframework.beans.factory.support.DefaultListableBeanFactory - Returning cached instance of singleton bean 'org.springframework.transaction.config.internalTransactionAdvisor'
10:22:22.194 [Test worker] TRACE org.springframework.beans.factory.support.DefaultListableBeanFactory - Returning cached instance of singleton bean 'org.springframework.transaction.config.internalTransactionAdvisor'
10:22:22.194 [Test worker] TRACE org.springframework.beans.factory.support.DefaultListableBeanFactory - Returning cached instance of singleton bean 'org.springframework.transaction.config.internalTransactionAdvisor'
10:22:22.194 [Test worker] TRACE org.springframework.beans.factory.support.DefaultListableBeanFactory - Finished creating instance of bean 'org.springframework.boot.autoconfigure.web.servlet.DispatcherServletAutoConfiguration$DispatcherServletRegistrationConfiguration'
10:22:22.194 [Test worker] DEBUG org.springframework.beans.factory.support.DefaultListableBeanFactory - Creating shared instance of singleton bean 'dispatcherServlet'
10:22:22.194 [Test worker] TRACE org.springframework.beans.factory.support.DefaultListableBeanFactory - Creating instance of bean 'dispatcherServlet'
10:22:22.194 [Test worker] TRACE org.springframework.beans.factory.support.DefaultListableBeanFactory - Returning cached instance of singleton bean 'org.springframework.transaction.config.internalTransactionAdvisor'
10:22:22.194 [Test worker] DEBUG org.springframework.beans.factory.support.DefaultListableBeanFactory - Creating shared instance of singleton bean 'org.springframework.boot.autoconfigure.web.servlet.DispatcherServletAutoConfiguration$DispatcherServletConfiguration'
10:22:22.195 [Test worker] TRACE org.springframework.beans.factory.support.DefaultListableBeanFactory - Creating instance of bean 'org.springframework.boot.autoconfigure.web.servlet.DispatcherServletAutoConfiguration$DispatcherServletConfiguration'
10:22:22.195 [Test worker] TRACE org.springframework.beans.factory.support.DefaultListableBeanFactory - Returning cached instance of singleton bean 'org.springframework.transaction.config.internalTransactionAdvisor'
10:22:22.195 [Test worker] TRACE org.springframework.beans.factory.support.DefaultListableBeanFactory - Returning cached instance of singleton bean 'org.springframework.transaction.config.internalTransactionAdvisor'
10:22:22.195 [Test worker] TRACE org.springframework.beans.factory.support.DefaultListableBeanFactory - Returning cached instance of singleton bean 'org.springframework.transaction.config.internalTransactionAdvisor'
10:22:22.195 [Test worker] TRACE org.springframework.beans.factory.support.DefaultListableBeanFactory - Finished creating instance of bean 'org.springframework.boot.autoconfigure.web.servlet.DispatcherServletAutoConfiguration$DispatcherServletConfiguration'
10:22:22.195 [Test worker] TRACE org.springframework.beans.factory.support.DefaultListableBeanFactory - Returning cached instance of singleton bean 'spring.mvc-org.springframework.boot.autoconfigure.web.servlet.WebMvcProperties'
10:22:22.195 [Test worker] DEBUG org.springframework.beans.factory.support.DefaultListableBeanFactory - Autowiring by type from bean name 'dispatcherServlet' via factory method to bean named 'spring.mvc-org.springframework.boot.autoconfigure.web.servlet.WebMvcProperties'
10:22:22.202 [Test worker] TRACE org.springframework.beans.factory.support.DefaultListableBeanFactory - Returning cached instance of singleton bean 'org.springframework.transaction.config.internalTransactionAdvisor'
10:22:22.202 [Test worker] TRACE org.springframework.beans.factory.support.DefaultListableBeanFactory - Returning cached instance of singleton bean 'org.springframework.transaction.config.internalTransactionAdvisor'
10:22:22.204 [Test worker] TRACE org.springframework.beans.factory.support.DefaultListableBeanFactory - Finished creating instance of bean 'dispatcherServlet'
10:22:22.204 [Test worker] TRACE org.springframework.beans.factory.support.DefaultListableBeanFactory - Returning cached instance of singleton bean 'spring.mvc-org.springframework.boot.autoconfigure.web.servlet.WebMvcProperties'
10:22:22.205 [Test worker] DEBUG org.springframework.beans.factory.support.DefaultListableBeanFactory - Autowiring by type from bean name 'dispatcherServletRegistration' via factory method to bean named 'dispatcherServlet'
10:22:22.205 [Test worker] DEBUG org.springframework.beans.factory.support.DefaultListableBeanFactory - Autowiring by type from bean name 'dispatcherServletRegistration' via factory method to bean named 'spring.mvc-org.springframework.boot.autoconfigure.web.servlet.WebMvcProperties'
10:22:22.206 [Test worker] DEBUG org.springframework.beans.factory.support.DefaultListableBeanFactory - Creating shared instance of singleton bean 'multipartConfigElement'
10:22:22.206 [Test worker] TRACE org.springframework.beans.factory.support.DefaultListableBeanFactory - Creating instance of bean 'multipartConfigElement'
10:22:22.206 [Test worker] TRACE org.springframework.beans.factory.support.DefaultListableBeanFactory - Returning cached instance of singleton bean 'org.springframework.transaction.config.internalTransactionAdvisor'
10:22:22.206 [Test worker] DEBUG org.springframework.beans.factory.support.DefaultListableBeanFactory - Creating shared instance of singleton bean 'org.springframework.boot.autoconfigure.web.servlet.MultipartAutoConfiguration'
10:22:22.206 [Test worker] TRACE org.springframework.beans.factory.support.DefaultListableBeanFactory - Creating instance of bean 'org.springframework.boot.autoconfigure.web.servlet.MultipartAutoConfiguration'
10:22:22.206 [Test worker] TRACE org.springframework.beans.factory.support.DefaultListableBeanFactory - Returning cached instance of singleton bean 'org.springframework.transaction.config.internalTransactionAdvisor'
10:22:22.208 [Test worker] DEBUG org.springframework.beans.factory.support.DefaultListableBeanFactory - Creating shared instance of singleton bean 'spring.servlet.multipart-org.springframework.boot.autoconfigure.web.servlet.MultipartProperties'
10:22:22.208 [Test worker] TRACE org.springframework.beans.factory.support.DefaultListableBeanFactory - Creating instance of bean 'spring.servlet.multipart-org.springframework.boot.autoconfigure.web.servlet.MultipartProperties'
10:22:22.208 [Test worker] TRACE org.springframework.beans.factory.support.DefaultListableBeanFactory - Returning cached instance of singleton bean 'org.springframework.transaction.config.internalTransactionAdvisor'
10:22:22.208 [Test worker] TRACE org.springframework.beans.factory.support.DefaultListableBeanFactory - Returning cached instance of singleton bean 'org.springframework.boot.context.properties.BoundConfigurationProperties'
10:22:22.211 [Test worker] TRACE org.springframework.beans.factory.support.DefaultListableBeanFactory - Returning cached instance of singleton bean 'org.springframework.transaction.config.internalTransactionAdvisor'
10:22:22.211 [Test worker] TRACE org.springframework.beans.factory.support.DefaultListableBeanFactory - Returning cached instance of singleton bean 'org.springframework.transaction.config.internalTransactionAdvisor'
10:22:22.211 [Test worker] TRACE org.springframework.beans.factory.support.DefaultListableBeanFactory - Finished creating instance of bean 'spring.servlet.multipart-org.springframework.boot.autoconfigure.web.servlet.MultipartProperties'
10:22:22.212 [Test worker] DEBUG org.springframework.beans.factory.support.DefaultListableBeanFactory - Autowiring by type from bean name 'org.springframework.boot.autoconfigure.web.servlet.MultipartAutoConfiguration' via constructor to bean named 'spring.servlet.multipart-org.springframework.boot.autoconfigure.web.servlet.MultipartProperties'
10:22:22.213 [Test worker] TRACE org.springframework.beans.factory.support.DefaultListableBeanFactory - Returning cached instance of singleton bean 'org.springframework.transaction.config.internalTransactionAdvisor'
10:22:22.213 [Test worker] TRACE org.springframework.beans.factory.support.DefaultListableBeanFactory - Returning cached instance of singleton bean 'org.springframework.transaction.config.internalTransactionAdvisor'
10:22:22.213 [Test worker] TRACE org.springframework.beans.factory.support.DefaultListableBeanFactory - Finished creating instance of bean 'org.springframework.boot.autoconfigure.web.servlet.MultipartAutoConfiguration'
10:22:22.216 [Test worker] TRACE org.springframework.beans.factory.support.DefaultListableBeanFactory - Returning cached instance of singleton bean 'org.springframework.transaction.config.internalTransactionAdvisor'
10:22:22.216 [Test worker] TRACE org.springframework.beans.factory.support.DefaultListableBeanFactory - Returning cached instance of singleton bean 'org.springframework.transaction.config.internalTransactionAdvisor'
10:22:22.217 [Test worker] TRACE org.springframework.beans.factory.support.DefaultListableBeanFactory - Finished creating instance of bean 'multipartConfigElement'
10:22:22.219 [Test worker] TRACE org.springframework.beans.factory.support.DefaultListableBeanFactory - Returning cached instance of singleton bean 'org.springframework.transaction.config.internalTransactionAdvisor'
10:22:22.219 [Test worker] TRACE org.springframework.beans.factory.support.DefaultListableBeanFactory - Returning cached instance of singleton bean 'org.springframework.transaction.config.internalTransactionAdvisor'
10:22:22.220 [Test worker] TRACE org.springframework.beans.factory.support.DefaultListableBeanFactory - Finished creating instance of bean 'dispatcherServletRegistration'
10:22:22.220 [Test worker] DEBUG org.springframework.beans.factory.support.DefaultListableBeanFactory - Autowiring by type from bean name 'errorPageCustomizer' via factory method to bean named 'dispatcherServletRegistration'
10:22:22.223 [Test worker] TRACE org.springframework.beans.factory.support.DefaultListableBeanFactory - Returning cached instance of singleton bean 'org.springframework.transaction.config.internalTransactionAdvisor'
10:22:22.223 [Test worker] TRACE org.springframework.beans.factory.support.DefaultListableBeanFactory - Returning cached instance of singleton bean 'org.springframework.transaction.config.internalTransactionAdvisor'
10:22:22.223 [Test worker] TRACE org.springframework.beans.factory.support.DefaultListableBeanFactory - Finished creating instance of bean 'errorPageCustomizer'
10:22:22.223 [Test worker] TRACE org.springframework.beans.factory.support.DefaultListableBeanFactory - Returning cached instance of singleton bean 'org.springframework.transaction.config.internalTransactionAdvisor'
10:22:22.223 [Test worker] TRACE org.springframework.beans.factory.support.DefaultListableBeanFactory - Returning cached instance of singleton bean 'org.springframework.transaction.config.internalTransactionAdvisor'
10:22:22.225 [Test worker] TRACE org.springframework.beans.factory.support.DefaultListableBeanFactory - Finished creating instance of bean 'tomcatServletWebServerFactory'
10:22:22.227 [Test worker] TRACE org.springframework.beans.factory.support.DefaultListableBeanFactory - Returning cached instance of singleton bean 'org.springframework.boot.autoconfigure.web.servlet.ServletWebServerFactoryAutoConfiguration'
10:22:22.227 [Test worker] TRACE org.springframework.beans.factory.support.DefaultListableBeanFactory - Returning cached instance of singleton bean 'servletWebServerFactoryCustomizer'
10:22:22.227 [Test worker] TRACE org.springframework.beans.factory.support.DefaultListableBeanFactory - Returning cached instance of singleton bean 'tomcatServletWebServerFactoryCustomizer'
10:22:22.227 [Test worker] TRACE org.springframework.beans.factory.support.DefaultListableBeanFactory - Returning cached instance of singleton bean 'server-org.springframework.boot.autoconfigure.web.ServerProperties'
10:22:22.227 [Test worker] TRACE org.springframework.beans.factory.support.DefaultListableBeanFactory - Returning cached instance of singleton bean 'webServerFactoryCustomizerBeanPostProcessor'
10:22:22.227 [Test worker] TRACE org.springframework.beans.factory.support.DefaultListableBeanFactory - Returning cached instance of singleton bean 'errorPageRegistrarBeanPostProcessor'
10:22:22.227 [Test worker] TRACE org.springframework.beans.factory.support.DefaultListableBeanFactory - Returning cached instance of singleton bean 'org.springframework.boot.autoconfigure.web.servlet.DispatcherServletAutoConfiguration$DispatcherServletConfiguration'
10:22:22.227 [Test worker] TRACE org.springframework.beans.factory.support.DefaultListableBeanFactory - Returning cached instance of singleton bean 'dispatcherServlet'
10:22:22.227 [Test worker] TRACE org.springframework.beans.factory.support.DefaultListableBeanFactory - Returning cached instance of singleton bean 'spring.mvc-org.springframework.boot.autoconfigure.web.servlet.WebMvcProperties'
10:22:22.227 [Test worker] TRACE org.springframework.beans.factory.support.DefaultListableBeanFactory - Returning cached instance of singleton bean 'org.springframework.boot.autoconfigure.web.servlet.DispatcherServletAutoConfiguration$DispatcherServletRegistrationConfiguration'
10:22:22.227 [Test worker] TRACE org.springframework.beans.factory.support.DefaultListableBeanFactory - Returning cached instance of singleton bean 'dispatcherServletRegistration'
10:22:22.227 [Test worker] DEBUG org.springframework.beans.factory.support.DefaultListableBeanFactory - Creating shared instance of singleton bean 'org.springframework.boot.autoconfigure.web.servlet.DispatcherServletAutoConfiguration'
10:22:22.227 [Test worker] TRACE org.springframework.beans.factory.support.DefaultListableBeanFactory - Creating instance of bean 'org.springframework.boot.autoconfigure.web.servlet.DispatcherServletAutoConfiguration'
10:22:22.227 [Test worker] TRACE org.springframework.beans.factory.support.DefaultListableBeanFactory - Returning cached instance of singleton bean 'org.springframework.transaction.config.internalTransactionAdvisor'
10:22:22.228 [Test worker] TRACE org.springframework.beans.factory.support.DefaultListableBeanFactory - Returning cached instance of singleton bean 'org.springframework.transaction.config.internalTransactionAdvisor'
10:22:22.228 [Test worker] TRACE org.springframework.beans.factory.support.DefaultListableBeanFactory - Returning cached instance of singleton bean 'org.springframework.transaction.config.internalTransactionAdvisor'
10:22:22.228 [Test worker] TRACE org.springframework.beans.factory.support.DefaultListableBeanFactory - Finished creating instance of bean 'org.springframework.boot.autoconfigure.web.servlet.DispatcherServletAutoConfiguration'
10:22:22.228 [Test worker] DEBUG org.springframework.beans.factory.support.DefaultListableBeanFactory - Creating shared instance of singleton bean 'org.springframework.boot.autoconfigure.task.TaskExecutionAutoConfiguration'
10:22:22.228 [Test worker] TRACE org.springframework.beans.factory.support.DefaultListableBeanFactory - Creating instance of bean 'org.springframework.boot.autoconfigure.task.TaskExecutionAutoConfiguration'
10:22:22.229 [Test worker] TRACE org.springframework.beans.factory.support.DefaultListableBeanFactory - Returning cached instance of singleton bean 'org.springframework.transaction.config.internalTransactionAdvisor'
10:22:22.229 [Test worker] TRACE org.springframework.beans.factory.support.DefaultListableBeanFactory - Returning cached instance of singleton bean 'org.springframework.transaction.config.internalTransactionAdvisor'
10:22:22.229 [Test worker] TRACE org.springframework.beans.factory.support.DefaultListableBeanFactory - Returning cached instance of singleton bean 'org.springframework.transaction.config.internalTransactionAdvisor'
10:22:22.230 [Test worker] TRACE org.springframework.beans.factory.support.DefaultListableBeanFactory - Finished creating instance of bean 'org.springframework.boot.autoconfigure.task.TaskExecutionAutoConfiguration'
10:22:22.230 [Test worker] DEBUG org.springframework.beans.factory.support.DefaultListableBeanFactory - Creating shared instance of singleton bean 'taskExecutorBuilder'
10:22:22.230 [Test worker] TRACE org.springframework.beans.factory.support.DefaultListableBeanFactory - Creating instance of bean 'taskExecutorBuilder'
10:22:22.230 [Test worker] TRACE org.springframework.beans.factory.support.DefaultListableBeanFactory - Returning cached instance of singleton bean 'org.springframework.transaction.config.internalTransactionAdvisor'
10:22:22.230 [Test worker] TRACE org.springframework.beans.factory.support.DefaultListableBeanFactory - Returning cached instance of singleton bean 'org.springframework.boot.autoconfigure.task.TaskExecutionAutoConfiguration'
10:22:22.232 [Test worker] DEBUG org.springframework.beans.factory.support.DefaultListableBeanFactory - Creating shared instance of singleton bean 'spring.task.execution-org.springframework.boot.autoconfigure.task.TaskExecutionProperties'
10:22:22.232 [Test worker] TRACE org.springframework.beans.factory.support.DefaultListableBeanFactory - Creating instance of bean 'spring.task.execution-org.springframework.boot.autoconfigure.task.TaskExecutionProperties'
10:22:22.232 [Test worker] TRACE org.springframework.beans.factory.support.DefaultListableBeanFactory - Returning cached instance of singleton bean 'org.springframework.transaction.config.internalTransactionAdvisor'
10:22:22.233 [Test worker] TRACE org.springframework.beans.factory.support.DefaultListableBeanFactory - Returning cached instance of singleton bean 'org.springframework.boot.context.properties.BoundConfigurationProperties'
10:22:22.236 [Test worker] TRACE org.springframework.beans.factory.support.DefaultListableBeanFactory - Returning cached instance of singleton bean 'org.springframework.transaction.config.internalTransactionAdvisor'
10:22:22.237 [Test worker] TRACE org.springframework.beans.factory.support.DefaultListableBeanFactory - Returning cached instance of singleton bean 'org.springframework.transaction.config.internalTransactionAdvisor'
10:22:22.237 [Test worker] TRACE org.springframework.beans.factory.support.DefaultListableBeanFactory - Finished creating instance of bean 'spring.task.execution-org.springframework.boot.autoconfigure.task.TaskExecutionProperties'
10:22:22.237 [Test worker] DEBUG org.springframework.beans.factory.support.DefaultListableBeanFactory - Autowiring by type from bean name 'taskExecutorBuilder' via factory method to bean named 'spring.task.execution-org.springframework.boot.autoconfigure.task.TaskExecutionProperties'
10:22:22.241 [Test worker] TRACE org.springframework.beans.factory.support.DefaultListableBeanFactory - Returning cached instance of singleton bean 'org.springframework.transaction.config.internalTransactionAdvisor'
10:22:22.241 [Test worker] TRACE org.springframework.beans.factory.support.DefaultListableBeanFactory - Returning cached instance of singleton bean 'org.springframework.transaction.config.internalTransactionAdvisor'
10:22:22.242 [Test worker] TRACE org.springframework.beans.factory.support.DefaultListableBeanFactory - Finished creating instance of bean 'taskExecutorBuilder'
10:22:22.242 [Test worker] TRACE org.springframework.beans.factory.support.DefaultListableBeanFactory - Returning cached instance of singleton bean 'spring.task.execution-org.springframework.boot.autoconfigure.task.TaskExecutionProperties'
10:22:22.242 [Test worker] DEBUG org.springframework.beans.factory.support.DefaultListableBeanFactory - Creating shared instance of singleton bean 'org.springframework.boot.autoconfigure.web.servlet.error.ErrorMvcAutoConfiguration$WhitelabelErrorViewConfiguration'
10:22:22.242 [Test worker] TRACE org.springframework.beans.factory.support.DefaultListableBeanFactory - Creating instance of bean 'org.springframework.boot.autoconfigure.web.servlet.error.ErrorMvcAutoConfiguration$WhitelabelErrorViewConfiguration'
10:22:22.242 [Test worker] TRACE org.springframework.beans.factory.support.DefaultListableBeanFactory - Returning cached instance of singleton bean 'org.springframework.transaction.config.internalTransactionAdvisor'
10:22:22.243 [Test worker] TRACE org.springframework.beans.factory.support.DefaultListableBeanFactory - Returning cached instance of singleton bean 'org.springframework.transaction.config.internalTransactionAdvisor'
10:22:22.245 [Test worker] TRACE org.springframework.beans.factory.support.DefaultListableBeanFactory - Returning cached instance of singleton bean 'org.springframework.transaction.config.internalTransactionAdvisor'
10:22:22.246 [Test worker] TRACE org.springframework.beans.factory.support.DefaultListableBeanFactory - Finished creating instance of bean 'org.springframework.boot.autoconfigure.web.servlet.error.ErrorMvcAutoConfiguration$WhitelabelErrorViewConfiguration'
10:22:22.246 [Test worker] DEBUG org.springframework.beans.factory.support.DefaultListableBeanFactory - Creating shared instance of singleton bean 'error'
10:22:22.246 [Test worker] TRACE org.springframework.beans.factory.support.DefaultListableBeanFactory - Creating instance of bean 'error'
10:22:22.246 [Test worker] TRACE org.springframework.beans.factory.support.DefaultListableBeanFactory - Returning cached instance of singleton bean 'org.springframework.transaction.config.internalTransactionAdvisor'
10:22:22.246 [Test worker] TRACE org.springframework.beans.factory.support.DefaultListableBeanFactory - Returning cached instance of singleton bean 'org.springframework.boot.autoconfigure.web.servlet.error.ErrorMvcAutoConfiguration$WhitelabelErrorViewConfiguration'
10:22:22.247 [Test worker] TRACE org.springframework.beans.factory.support.DefaultListableBeanFactory - Returning cached instance of singleton bean 'org.springframework.transaction.config.internalTransactionAdvisor'
10:22:22.247 [Test worker] TRACE org.springframework.beans.factory.support.DefaultListableBeanFactory - Returning cached instance of singleton bean 'org.springframework.transaction.config.internalTransactionAdvisor'
10:22:22.247 [Test worker] TRACE org.springframework.beans.factory.support.DefaultListableBeanFactory - Finished creating instance of bean 'error'
10:22:22.247 [Test worker] DEBUG org.springframework.beans.factory.support.DefaultListableBeanFactory - Creating shared instance of singleton bean 'beanNameViewResolver'
10:22:22.247 [Test worker] TRACE org.springframework.beans.factory.support.DefaultListableBeanFactory - Creating instance of bean 'beanNameViewResolver'
10:22:22.247 [Test worker] TRACE org.springframework.beans.factory.support.DefaultListableBeanFactory - Returning cached instance of singleton bean 'org.springframework.transaction.config.internalTransactionAdvisor'
10:22:22.247 [Test worker] TRACE org.springframework.beans.factory.support.DefaultListableBeanFactory - Returning cached instance of singleton bean 'org.springframework.boot.autoconfigure.web.servlet.error.ErrorMvcAutoConfiguration$WhitelabelErrorViewConfiguration'
10:22:22.248 [Test worker] TRACE org.springframework.beans.factory.support.DefaultListableBeanFactory - Returning cached instance of singleton bean 'org.springframework.transaction.config.internalTransactionAdvisor'
10:22:22.249 [Test worker] TRACE org.springframework.beans.factory.support.DefaultListableBeanFactory - Returning cached instance of singleton bean 'org.springframework.transaction.config.internalTransactionAdvisor'
10:22:22.250 [Test worker] TRACE org.springframework.beans.factory.support.DefaultListableBeanFactory - Finished creating instance of bean 'beanNameViewResolver'
10:22:22.250 [Test worker] DEBUG org.springframework.beans.factory.support.DefaultListableBeanFactory - Creating shared instance of singleton bean 'org.springframework.boot.autoconfigure.web.servlet.error.ErrorMvcAutoConfiguration$DefaultErrorViewResolverConfiguration'
10:22:22.250 [Test worker] TRACE org.springframework.beans.factory.support.DefaultListableBeanFactory - Creating instance of bean 'org.springframework.boot.autoconfigure.web.servlet.error.ErrorMvcAutoConfiguration$DefaultErrorViewResolverConfiguration'
10:22:22.250 [Test worker] TRACE org.springframework.beans.factory.support.DefaultListableBeanFactory - Returning cached instance of singleton bean 'org.springframework.transaction.config.internalTransactionAdvisor'
10:22:22.250 [Test worker] TRACE org.springframework.beans.factory.support.DefaultListableBeanFactory - Returning cached instance of singleton bean 'spring.web-org.springframework.boot.autoconfigure.web.WebProperties'
10:22:22.252 [Test worker] DEBUG org.springframework.beans.factory.support.DefaultListableBeanFactory - Autowiring by type from bean name 'org.springframework.boot.autoconfigure.web.servlet.error.ErrorMvcAutoConfiguration$DefaultErrorViewResolverConfiguration' via constructor to bean named 'org.springframework.web.context.support.GenericWebApplicationContext@5a936e64'
10:22:22.253 [Test worker] DEBUG org.springframework.beans.factory.support.DefaultListableBeanFactory - Autowiring by type from bean name 'org.springframework.boot.autoconfigure.web.servlet.error.ErrorMvcAutoConfiguration$DefaultErrorViewResolverConfiguration' via constructor to bean named 'spring.web-org.springframework.boot.autoconfigure.web.WebProperties'
10:22:22.253 [Test worker] TRACE org.springframework.beans.factory.support.DefaultListableBeanFactory - Returning cached instance of singleton bean 'org.springframework.transaction.config.internalTransactionAdvisor'
10:22:22.253 [Test worker] TRACE org.springframework.beans.factory.support.DefaultListableBeanFactory - Returning cached instance of singleton bean 'org.springframework.transaction.config.internalTransactionAdvisor'
10:22:22.253 [Test worker] TRACE org.springframework.beans.factory.support.DefaultListableBeanFactory - Finished creating instance of bean 'org.springframework.boot.autoconfigure.web.servlet.error.ErrorMvcAutoConfiguration$DefaultErrorViewResolverConfiguration'
10:22:22.253 [Test worker] DEBUG org.springframework.beans.factory.support.DefaultListableBeanFactory - Creating shared instance of singleton bean 'conventionErrorViewResolver'
10:22:22.253 [Test worker] TRACE org.springframework.beans.factory.support.DefaultListableBeanFactory - Creating instance of bean 'conventionErrorViewResolver'
10:22:22.253 [Test worker] TRACE org.springframework.beans.factory.support.DefaultListableBeanFactory - Returning cached instance of singleton bean 'org.springframework.transaction.config.internalTransactionAdvisor'
10:22:22.253 [Test worker] TRACE org.springframework.beans.factory.support.DefaultListableBeanFactory - Returning cached instance of singleton bean 'org.springframework.boot.autoconfigure.web.servlet.error.ErrorMvcAutoConfiguration$DefaultErrorViewResolverConfiguration'
10:22:22.254 [Test worker] TRACE org.springframework.core.io.support.SpringFactoriesLoader - Loaded [org.springframework.boot.autoconfigure.template.TemplateAvailabilityProvider] names: [org.springframework.boot.autoconfigure.freemarker.FreeMarkerTemplateAvailabilityProvider, org.springframework.boot.autoconfigure.mustache.MustacheTemplateAvailabilityProvider, org.springframework.boot.autoconfigure.groovy.template.GroovyTemplateAvailabilityProvider, org.springframework.boot.autoconfigure.thymeleaf.ThymeleafTemplateAvailabilityProvider, org.springframework.boot.autoconfigure.web.servlet.JspTemplateAvailabilityProvider]
10:22:22.254 [Test worker] TRACE org.springframework.beans.factory.support.DefaultListableBeanFactory - Returning cached instance of singleton bean 'org.springframework.transaction.config.internalTransactionAdvisor'
10:22:22.254 [Test worker] TRACE org.springframework.beans.factory.support.DefaultListableBeanFactory - Returning cached instance of singleton bean 'org.springframework.transaction.config.internalTransactionAdvisor'
10:22:22.254 [Test worker] TRACE org.springframework.beans.factory.support.DefaultListableBeanFactory - Finished creating instance of bean 'conventionErrorViewResolver'
10:22:22.254 [Test worker] TRACE org.springframework.beans.factory.support.DefaultListableBeanFactory - Returning cached instance of singleton bean 'spring.web-org.springframework.boot.autoconfigure.web.WebProperties'
10:22:22.254 [Test worker] TRACE org.springframework.beans.factory.support.DefaultListableBeanFactory - Returning cached instance of singleton bean 'org.springframework.boot.autoconfigure.web.servlet.error.ErrorMvcAutoConfiguration'
10:22:22.254 [Test worker] DEBUG org.springframework.beans.factory.support.DefaultListableBeanFactory - Creating shared instance of singleton bean 'errorAttributes'
10:22:22.255 [Test worker] TRACE org.springframework.beans.factory.support.DefaultListableBeanFactory - Creating instance of bean 'errorAttributes'
10:22:22.255 [Test worker] TRACE org.springframework.beans.factory.support.DefaultListableBeanFactory - Returning cached instance of singleton bean 'org.springframework.transaction.config.internalTransactionAdvisor'
10:22:22.255 [Test worker] TRACE org.springframework.beans.factory.support.DefaultListableBeanFactory - Returning cached instance of singleton bean 'org.springframework.boot.autoconfigure.web.servlet.error.ErrorMvcAutoConfiguration'
10:22:22.258 [Test worker] TRACE org.springframework.beans.factory.support.DefaultListableBeanFactory - Returning cached instance of singleton bean 'org.springframework.transaction.config.internalTransactionAdvisor'
10:22:22.259 [Test worker] TRACE org.springframework.beans.factory.support.DefaultListableBeanFactory - Returning cached instance of singleton bean 'org.springframework.transaction.config.internalTransactionAdvisor'
10:22:22.259 [Test worker] TRACE org.springframework.beans.factory.support.DefaultListableBeanFactory - Finished creating instance of bean 'errorAttributes'
10:22:22.259 [Test worker] DEBUG org.springframework.beans.factory.support.DefaultListableBeanFactory - Creating shared instance of singleton bean 'basicErrorController'
10:22:22.259 [Test worker] TRACE org.springframework.beans.factory.support.DefaultListableBeanFactory - Creating instance of bean 'basicErrorController'
10:22:22.260 [Test worker] TRACE org.springframework.beans.factory.support.DefaultListableBeanFactory - Returning cached instance of singleton bean 'org.springframework.transaction.config.internalTransactionAdvisor'
10:22:22.260 [Test worker] TRACE org.springframework.beans.factory.support.DefaultListableBeanFactory - Returning cached instance of singleton bean 'org.springframework.boot.autoconfigure.web.servlet.error.ErrorMvcAutoConfiguration'
10:22:22.261 [Test worker] TRACE org.springframework.beans.factory.support.DefaultListableBeanFactory - Returning cached instance of singleton bean 'errorAttributes'
10:22:22.261 [Test worker] DEBUG org.springframework.beans.factory.support.DefaultListableBeanFactory - Autowiring by type from bean name 'basicErrorController' via factory method to bean named 'errorAttributes'
10:22:22.261 [Test worker] TRACE org.springframework.beans.factory.support.DefaultListableBeanFactory - Returning cached instance of singleton bean 'conventionErrorViewResolver'
10:22:22.262 [Test worker] TRACE org.springframework.beans.factory.support.DefaultListableBeanFactory - Returning cached instance of singleton bean 'conventionErrorViewResolver'
10:22:22.263 [Test worker] TRACE org.springframework.beans.factory.support.DefaultListableBeanFactory - Returning cached instance of singleton bean 'org.springframework.transaction.config.internalTransactionAdvisor'
10:22:22.263 [Test worker] TRACE org.springframework.beans.factory.support.DefaultListableBeanFactory - Returning cached instance of singleton bean 'org.springframework.transaction.config.internalTransactionAdvisor'
10:22:22.264 [Test worker] TRACE org.springframework.beans.factory.support.DefaultListableBeanFactory - Finished creating instance of bean 'basicErrorController'
10:22:22.264 [Test worker] TRACE org.springframework.beans.factory.support.DefaultListableBeanFactory - Returning cached instance of singleton bean 'errorPageCustomizer'
10:22:22.264 [Test worker] TRACE org.springframework.beans.factory.support.DefaultListableBeanFactory - Returning cached instance of singleton bean 'preserveErrorControllerTargetClassPostProcessor'
10:22:22.264 [Test worker] TRACE org.springframework.beans.factory.support.DefaultListableBeanFactory - Returning cached instance of singleton bean 'org.springframework.boot.autoconfigure.web.servlet.WebMvcAutoConfiguration$EnableWebMvcConfiguration'
10:22:22.264 [Test worker] DEBUG org.springframework.beans.factory.support.DefaultListableBeanFactory - Creating shared instance of singleton bean 'requestMappingHandlerAdapter'
10:22:22.264 [Test worker] TRACE org.springframework.beans.factory.support.DefaultListableBeanFactory - Creating instance of bean 'requestMappingHandlerAdapter'
10:22:22.264 [Test worker] TRACE org.springframework.beans.factory.support.DefaultListableBeanFactory - Returning cached instance of singleton bean 'org.springframework.transaction.config.internalTransactionAdvisor'
10:22:22.264 [Test worker] TRACE org.springframework.beans.factory.support.DefaultListableBeanFactory - Returning cached instance of singleton bean 'org.springframework.boot.autoconfigure.web.servlet.WebMvcAutoConfiguration$EnableWebMvcConfiguration'
10:22:22.265 [Test worker] TRACE org.springframework.beans.factory.support.DefaultListableBeanFactory - Returning cached instance of singleton bean 'mvcContentNegotiationManager'
10:22:22.266 [Test worker] DEBUG org.springframework.beans.factory.support.DefaultListableBeanFactory - Creating shared instance of singleton bean 'mvcConversionService'
10:22:22.266 [Test worker] TRACE org.springframework.beans.factory.support.DefaultListableBeanFactory - Creating instance of bean 'mvcConversionService'
10:22:22.266 [Test worker] TRACE org.springframework.beans.factory.support.DefaultListableBeanFactory - Returning cached instance of singleton bean 'org.springframework.transaction.config.internalTransactionAdvisor'
10:22:22.266 [Test worker] TRACE org.springframework.beans.factory.support.DefaultListableBeanFactory - Returning cached instance of singleton bean 'org.springframework.boot.autoconfigure.web.servlet.WebMvcAutoConfiguration$EnableWebMvcConfiguration'
10:22:22.274 [Test worker] TRACE org.springframework.beans.factory.support.DefaultListableBeanFactory - Returning cached instance of singleton bean 'org.springframework.transaction.config.internalTransactionAdvisor'
10:22:22.274 [Test worker] TRACE org.springframework.beans.factory.support.DefaultListableBeanFactory - Returning cached instance of singleton bean 'org.springframework.transaction.config.internalTransactionAdvisor'
10:22:22.275 [Test worker] TRACE org.springframework.beans.factory.support.DefaultListableBeanFactory - Finished creating instance of bean 'mvcConversionService'
10:22:22.275 [Test worker] DEBUG org.springframework.beans.factory.support.DefaultListableBeanFactory - Creating shared instance of singleton bean 'mvcValidator'
10:22:22.275 [Test worker] TRACE org.springframework.beans.factory.support.DefaultListableBeanFactory - Creating instance of bean 'mvcValidator'
10:22:22.275 [Test worker] TRACE org.springframework.beans.factory.support.DefaultListableBeanFactory - Returning cached instance of singleton bean 'org.springframework.transaction.config.internalTransactionAdvisor'
10:22:22.276 [Test worker] TRACE org.springframework.beans.factory.support.DefaultListableBeanFactory - Returning cached instance of singleton bean 'org.springframework.boot.autoconfigure.web.servlet.WebMvcAutoConfiguration$EnableWebMvcConfiguration'
10:22:22.286 [Test worker] TRACE org.springframework.beans.factory.support.DefaultListableBeanFactory - Invoking afterPropertiesSet() on bean with name 'mvcValidator'
10:22:22.286 [Test worker] DEBUG org.springframework.validation.beanvalidation.OptionalValidatorFactoryBean - Failed to set up a Bean Validation provider
jakarta.validation.NoProviderFoundException: Unable to create a Configuration, because no Jakarta Bean Validation provider could be found. Add a provider like Hibernate Validator (RI) to your classpath.
	at jakarta.validation.Validation$GenericBootstrapImpl.configure(Validation.java:291) ~[jakarta.validation-api-3.0.2.jar:?]
	at org.springframework.validation.beanvalidation.LocalValidatorFactoryBean.afterPropertiesSet(LocalValidatorFactoryBean.java:270) ~[spring-context-6.0.13.jar:6.0.13]
	at org.springframework.validation.beanvalidation.OptionalValidatorFactoryBean.afterPropertiesSet(OptionalValidatorFactoryBean.java:39) ~[spring-context-6.0.13.jar:6.0.13]
	at org.springframework.boot.autoconfigure.validation.ValidatorAdapter.afterPropertiesSet(ValidatorAdapter.java:84) ~[spring-boot-autoconfigure-3.1.5.jar:3.1.5]
	at org.springframework.beans.factory.support.AbstractAutowireCapableBeanFactory.invokeInitMethods(AbstractAutowireCapableBeanFactory.java:1817) ~[spring-beans-6.0.13.jar:6.0.13]
	at org.springframework.beans.factory.support.AbstractAutowireCapableBeanFactory.initializeBean(AbstractAutowireCapableBeanFactory.java:1766) ~[spring-beans-6.0.13.jar:6.0.13]
	at org.springframework.beans.factory.support.AbstractAutowireCapableBeanFactory.doCreateBean(AbstractAutowireCapableBeanFactory.java:598) ~[spring-beans-6.0.13.jar:6.0.13]
	at org.springframework.beans.factory.support.AbstractAutowireCapableBeanFactory.createBean(AbstractAutowireCapableBeanFactory.java:520) ~[spring-beans-6.0.13.jar:6.0.13]
	at org.springframework.beans.factory.support.AbstractBeanFactory.lambda$doGetBean$0(AbstractBeanFactory.java:325) ~[spring-beans-6.0.13.jar:6.0.13]
	at org.springframework.beans.factory.support.DefaultSingletonBeanRegistry.getSingleton(DefaultSingletonBeanRegistry.java:234) ~[spring-beans-6.0.13.jar:6.0.13]
	at org.springframework.beans.factory.support.AbstractBeanFactory.doGetBean(AbstractBeanFactory.java:323) ~[spring-beans-6.0.13.jar:6.0.13]
	at org.springframework.beans.factory.support.AbstractBeanFactory.getBean(AbstractBeanFactory.java:199) ~[spring-beans-6.0.13.jar:6.0.13]
	at org.springframework.beans.factory.config.DependencyDescriptor.resolveCandidate(DependencyDescriptor.java:254) ~[spring-beans-6.0.13.jar:6.0.13]
	at org.springframework.beans.factory.support.DefaultListableBeanFactory.doResolveDependency(DefaultListableBeanFactory.java:1417) ~[spring-beans-6.0.13.jar:6.0.13]
	at org.springframework.beans.factory.support.DefaultListableBeanFactory.resolveDependency(DefaultListableBeanFactory.java:1337) ~[spring-beans-6.0.13.jar:6.0.13]
	at org.springframework.beans.factory.support.ConstructorResolver.resolveAutowiredArgument(ConstructorResolver.java:910) ~[spring-beans-6.0.13.jar:6.0.13]
	at org.springframework.beans.factory.support.ConstructorResolver.createArgumentArray(ConstructorResolver.java:788) ~[spring-beans-6.0.13.jar:6.0.13]
	at org.springframework.beans.factory.support.ConstructorResolver.instantiateUsingFactoryMethod(ConstructorResolver.java:545) ~[spring-beans-6.0.13.jar:6.0.13]
	at org.springframework.beans.factory.support.AbstractAutowireCapableBeanFactory.instantiateUsingFactoryMethod(AbstractAutowireCapableBeanFactory.java:1332) ~[spring-beans-6.0.13.jar:6.0.13]
	at org.springframework.beans.factory.support.AbstractAutowireCapableBeanFactory.createBeanInstance(AbstractAutowireCapableBeanFactory.java:1162) ~[spring-beans-6.0.13.jar:6.0.13]
	at org.springframework.beans.factory.support.AbstractAutowireCapableBeanFactory.doCreateBean(AbstractAutowireCapableBeanFactory.java:560) ~[spring-beans-6.0.13.jar:6.0.13]
	at org.springframework.beans.factory.support.AbstractAutowireCapableBeanFactory.createBean(AbstractAutowireCapableBeanFactory.java:520) ~[spring-beans-6.0.13.jar:6.0.13]
	at org.springframework.beans.factory.support.AbstractBeanFactory.lambda$doGetBean$0(AbstractBeanFactory.java:325) ~[spring-beans-6.0.13.jar:6.0.13]
	at org.springframework.beans.factory.support.DefaultSingletonBeanRegistry.getSingleton(DefaultSingletonBeanRegistry.java:234) ~[spring-beans-6.0.13.jar:6.0.13]
	at org.springframework.beans.factory.support.AbstractBeanFactory.doGetBean(AbstractBeanFactory.java:323) ~[spring-beans-6.0.13.jar:6.0.13]
	at org.springframework.beans.factory.support.AbstractBeanFactory.getBean(AbstractBeanFactory.java:199) ~[spring-beans-6.0.13.jar:6.0.13]
	at org.springframework.beans.factory.support.DefaultListableBeanFactory.preInstantiateSingletons(DefaultListableBeanFactory.java:973) ~[spring-beans-6.0.13.jar:6.0.13]
	at org.springframework.context.support.AbstractApplicationContext.finishBeanFactoryInitialization(AbstractApplicationContext.java:950) ~[spring-context-6.0.13.jar:6.0.13]
	at org.springframework.context.support.AbstractApplicationContext.refresh(AbstractApplicationContext.java:616) ~[spring-context-6.0.13.jar:6.0.13]
	at org.springframework.boot.SpringApplication.refresh(SpringApplication.java:738) ~[spring-boot-3.1.5.jar:3.1.5]
	at org.springframework.boot.SpringApplication.refreshContext(SpringApplication.java:440) ~[spring-boot-3.1.5.jar:3.1.5]
	at org.springframework.boot.SpringApplication.run(SpringApplication.java:316) ~[spring-boot-3.1.5.jar:3.1.5]
	at org.springframework.boot.test.context.SpringBootContextLoader.lambda$loadContext$3(SpringBootContextLoader.java:137) ~[spring-boot-test-3.1.5.jar:3.1.5]
	at org.springframework.util.function.ThrowingSupplier.get(ThrowingSupplier.java:58) ~[spring-core-6.0.13.jar:6.0.13]
	at org.springframework.util.function.ThrowingSupplier.get(ThrowingSupplier.java:46) ~[spring-core-6.0.13.jar:6.0.13]
	at org.springframework.boot.SpringApplication.withHook(SpringApplication.java:1406) ~[spring-boot-3.1.5.jar:3.1.5]
	at org.springframework.boot.test.context.SpringBootContextLoader$ContextLoaderHook.run(SpringBootContextLoader.java:545) ~[spring-boot-test-3.1.5.jar:3.1.5]
	at org.springframework.boot.test.context.SpringBootContextLoader.loadContext(SpringBootContextLoader.java:137) ~[spring-boot-test-3.1.5.jar:3.1.5]
	at org.springframework.boot.test.context.SpringBootContextLoader.loadContext(SpringBootContextLoader.java:108) ~[spring-boot-test-3.1.5.jar:3.1.5]
	at org.springframework.test.context.cache.DefaultCacheAwareContextLoaderDelegate.loadContextInternal(DefaultCacheAwareContextLoaderDelegate.java:187) ~[spring-test-6.0.13.jar:6.0.13]
	at org.springframework.test.context.cache.DefaultCacheAwareContextLoaderDelegate.loadContext(DefaultCacheAwareContextLoaderDelegate.java:119) ~[spring-test-6.0.13.jar:6.0.13]
	at org.springframework.test.context.support.DefaultTestContext.getApplicationContext(DefaultTestContext.java:127) ~[spring-test-6.0.13.jar:6.0.13]
	at org.springframework.test.context.web.ServletTestExecutionListener.setUpRequestContextIfNecessary(ServletTestExecutionListener.java:191) ~[spring-test-6.0.13.jar:6.0.13]
	at org.springframework.test.context.web.ServletTestExecutionListener.prepareTestInstance(ServletTestExecutionListener.java:130) ~[spring-test-6.0.13.jar:6.0.13]
	at org.springframework.test.context.TestContextManager.prepareTestInstance(TestContextManager.java:241) ~[spring-test-6.0.13.jar:6.0.13]
	at org.springframework.test.context.junit.jupiter.SpringExtension.postProcessTestInstance(SpringExtension.java:138) ~[spring-test-6.0.13.jar:6.0.13]
	at org.junit.jupiter.engine.descriptor.ClassBasedTestDescriptor.lambda$invokeTestInstancePostProcessors$8(ClassBasedTestDescriptor.java:363) ~[junit-jupiter-engine-5.8.1.jar:5.8.1]
	at org.junit.jupiter.engine.descriptor.ClassBasedTestDescriptor.executeAndMaskThrowable(ClassBasedTestDescriptor.java:368) ~[junit-jupiter-engine-5.8.1.jar:5.8.1]
	at org.junit.jupiter.engine.descriptor.ClassBasedTestDescriptor.lambda$invokeTestInstancePostProcessors$9(ClassBasedTestDescriptor.java:363) ~[junit-jupiter-engine-5.8.1.jar:5.8.1]
	at java.base/java.util.stream.ReferencePipeline$3$1.accept(ReferencePipeline.java:197) ~[?:?]
	at java.base/java.util.stream.ReferencePipeline$2$1.accept(ReferencePipeline.java:179) ~[?:?]
	at java.base/java.util.ArrayList$ArrayListSpliterator.forEachRemaining(ArrayList.java:1625) ~[?:?]
	at java.base/java.util.stream.AbstractPipeline.copyInto(AbstractPipeline.java:509) ~[?:?]
	at java.base/java.util.stream.AbstractPipeline.wrapAndCopyInto(AbstractPipeline.java:499) ~[?:?]
	at java.base/java.util.stream.StreamSpliterators$WrappingSpliterator.forEachRemaining(StreamSpliterators.java:310) ~[?:?]
	at java.base/java.util.stream.Streams$ConcatSpliterator.forEachRemaining(Streams.java:735) ~[?:?]
	at java.base/java.util.stream.Streams$ConcatSpliterator.forEachRemaining(Streams.java:734) ~[?:?]
	at java.base/java.util.stream.ReferencePipeline$Head.forEach(ReferencePipeline.java:762) ~[?:?]
	at org.junit.jupiter.engine.descriptor.ClassBasedTestDescriptor.invokeTestInstancePostProcessors(ClassBasedTestDescriptor.java:362) ~[junit-jupiter-engine-5.8.1.jar:5.8.1]
	at org.junit.jupiter.engine.descriptor.ClassBasedTestDescriptor.lambda$instantiateAndPostProcessTestInstance$6(ClassBasedTestDescriptor.java:283) ~[junit-jupiter-engine-5.8.1.jar:5.8.1]
	at org.junit.platform.engine.support.hierarchical.ThrowableCollector.execute(ThrowableCollector.java:73) ~[junit-platform-engine-1.9.3.jar:1.9.3]
	at org.junit.jupiter.engine.descriptor.ClassBasedTestDescriptor.instantiateAndPostProcessTestInstance(ClassBasedTestDescriptor.java:282) ~[junit-jupiter-engine-5.8.1.jar:5.8.1]
	at org.junit.jupiter.engine.descriptor.ClassBasedTestDescriptor.lambda$testInstancesProvider$4(ClassBasedTestDescriptor.java:272) ~[junit-jupiter-engine-5.8.1.jar:5.8.1]
	at java.base/java.util.Optional.orElseGet(Optional.java:364) ~[?:?]
	at org.junit.jupiter.engine.descriptor.ClassBasedTestDescriptor.lambda$testInstancesProvider$5(ClassBasedTestDescriptor.java:271) ~[junit-jupiter-engine-5.8.1.jar:5.8.1]
	at org.junit.jupiter.engine.execution.TestInstancesProvider.getTestInstances(TestInstancesProvider.java:31) ~[junit-jupiter-engine-5.8.1.jar:5.8.1]
	at org.junit.jupiter.engine.descriptor.TestMethodTestDescriptor.lambda$prepare$0(TestMethodTestDescriptor.java:102) ~[junit-jupiter-engine-5.8.1.jar:5.8.1]
	at org.junit.platform.engine.support.hierarchical.ThrowableCollector.execute(ThrowableCollector.java:73) ~[junit-platform-engine-1.9.3.jar:1.9.3]
	at org.junit.jupiter.engine.descriptor.TestMethodTestDescriptor.prepare(TestMethodTestDescriptor.java:101) ~[junit-jupiter-engine-5.8.1.jar:5.8.1]
	at org.junit.jupiter.engine.descriptor.TestMethodTestDescriptor.prepare(TestMethodTestDescriptor.java:66) ~[junit-jupiter-engine-5.8.1.jar:5.8.1]
	at org.junit.platform.engine.support.hierarchical.NodeTestTask.lambda$prepare$2(NodeTestTask.java:123) ~[junit-platform-engine-1.9.3.jar:1.9.3]
	at org.junit.platform.engine.support.hierarchical.ThrowableCollector.execute(ThrowableCollector.java:73) ~[junit-platform-engine-1.9.3.jar:1.9.3]
	at org.junit.platform.engine.support.hierarchical.NodeTestTask.prepare(NodeTestTask.java:123) ~[junit-platform-engine-1.9.3.jar:1.9.3]
	at org.junit.platform.engine.support.hierarchical.NodeTestTask.execute(NodeTestTask.java:90) ~[junit-platform-engine-1.9.3.jar:1.9.3]
	at java.base/java.util.ArrayList.forEach(ArrayList.java:1511) ~[?:?]
	at org.junit.platform.engine.support.hierarchical.SameThreadHierarchicalTestExecutorService.invokeAll(SameThreadHierarchicalTestExecutorService.java:41) ~[junit-platform-engine-1.9.3.jar:1.9.3]
	at org.junit.platform.engine.support.hierarchical.NodeTestTask.lambda$executeRecursively$6(NodeTestTask.java:155) ~[junit-platform-engine-1.9.3.jar:1.9.3]
	at org.junit.platform.engine.support.hierarchical.ThrowableCollector.execute(ThrowableCollector.java:73) ~[junit-platform-engine-1.9.3.jar:1.9.3]
	at org.junit.platform.engine.support.hierarchical.NodeTestTask.lambda$executeRecursively$8(NodeTestTask.java:141) ~[junit-platform-engine-1.9.3.jar:1.9.3]
	at org.junit.platform.engine.support.hierarchical.Node.around(Node.java:137) ~[junit-platform-engine-1.9.3.jar:1.9.3]
	at org.junit.platform.engine.support.hierarchical.NodeTestTask.lambda$executeRecursively$9(NodeTestTask.java:139) ~[junit-platform-engine-1.9.3.jar:1.9.3]
	at org.junit.platform.engine.support.hierarchical.ThrowableCollector.execute(ThrowableCollector.java:73) ~[junit-platform-engine-1.9.3.jar:1.9.3]
	at org.junit.platform.engine.support.hierarchical.NodeTestTask.executeRecursively(NodeTestTask.java:138) ~[junit-platform-engine-1.9.3.jar:1.9.3]
	at org.junit.platform.engine.support.hierarchical.NodeTestTask.execute(NodeTestTask.java:95) ~[junit-platform-engine-1.9.3.jar:1.9.3]
	at java.base/java.util.ArrayList.forEach(ArrayList.java:1511) ~[?:?]
	at org.junit.platform.engine.support.hierarchical.SameThreadHierarchicalTestExecutorService.invokeAll(SameThreadHierarchicalTestExecutorService.java:41) ~[junit-platform-engine-1.9.3.jar:1.9.3]
	at org.junit.platform.engine.support.hierarchical.NodeTestTask.lambda$executeRecursively$6(NodeTestTask.java:155) ~[junit-platform-engine-1.9.3.jar:1.9.3]
	at org.junit.platform.engine.support.hierarchical.ThrowableCollector.execute(ThrowableCollector.java:73) ~[junit-platform-engine-1.9.3.jar:1.9.3]
	at org.junit.platform.engine.support.hierarchical.NodeTestTask.lambda$executeRecursively$8(NodeTestTask.java:141) ~[junit-platform-engine-1.9.3.jar:1.9.3]
	at org.junit.platform.engine.support.hierarchical.Node.around(Node.java:137) ~[junit-platform-engine-1.9.3.jar:1.9.3]
	at org.junit.platform.engine.support.hierarchical.NodeTestTask.lambda$executeRecursively$9(NodeTestTask.java:139) ~[junit-platform-engine-1.9.3.jar:1.9.3]
	at org.junit.platform.engine.support.hierarchical.ThrowableCollector.execute(ThrowableCollector.java:73) ~[junit-platform-engine-1.9.3.jar:1.9.3]
	at org.junit.platform.engine.support.hierarchical.NodeTestTask.executeRecursively(NodeTestTask.java:138) ~[junit-platform-engine-1.9.3.jar:1.9.3]
	at org.junit.platform.engine.support.hierarchical.NodeTestTask.execute(NodeTestTask.java:95) ~[junit-platform-engine-1.9.3.jar:1.9.3]
	at org.junit.platform.engine.support.hierarchical.SameThreadHierarchicalTestExecutorService.submit(SameThreadHierarchicalTestExecutorService.java:35) ~[junit-platform-engine-1.9.3.jar:1.9.3]
	at org.junit.platform.engine.support.hierarchical.HierarchicalTestExecutor.execute(HierarchicalTestExecutor.java:57) ~[junit-platform-engine-1.9.3.jar:1.9.3]
	at org.junit.platform.engine.support.hierarchical.HierarchicalTestEngine.execute(HierarchicalTestEngine.java:54) ~[junit-platform-engine-1.9.3.jar:1.9.3]
	at org.junit.platform.launcher.core.EngineExecutionOrchestrator.execute(EngineExecutionOrchestrator.java:107) ~[junit-platform-launcher-1.8.2.jar:1.8.2]
	at org.junit.platform.launcher.core.EngineExecutionOrchestrator.execute(EngineExecutionOrchestrator.java:88) ~[junit-platform-launcher-1.8.2.jar:1.8.2]
	at org.junit.platform.launcher.core.EngineExecutionOrchestrator.lambda$execute$0(EngineExecutionOrchestrator.java:54) ~[junit-platform-launcher-1.8.2.jar:1.8.2]
	at org.junit.platform.launcher.core.EngineExecutionOrchestrator.withInterceptedStreams(EngineExecutionOrchestrator.java:67) [junit-platform-launcher-1.8.2.jar:1.8.2]
	at org.junit.platform.launcher.core.EngineExecutionOrchestrator.execute(EngineExecutionOrchestrator.java:52) [junit-platform-launcher-1.8.2.jar:1.8.2]
	at org.junit.platform.launcher.core.DefaultLauncher.execute(DefaultLauncher.java:114) [junit-platform-launcher-1.8.2.jar:1.8.2]
	at org.junit.platform.launcher.core.DefaultLauncher.execute(DefaultLauncher.java:86) [junit-platform-launcher-1.8.2.jar:1.8.2]
	at org.junit.platform.launcher.core.DefaultLauncherSession$DelegatingLauncher.execute(DefaultLauncherSession.java:86) [junit-platform-launcher-1.8.2.jar:1.8.2]
	at org.gradle.api.internal.tasks.testing.junitplatform.JUnitPlatformTestClassProcessor$CollectAllTestClassesExecutor.processAllTestClasses(JUnitPlatformTestClassProcessor.java:119) [gradle-testing-junit-platform-8.4.jar:8.4]
	at org.gradle.api.internal.tasks.testing.junitplatform.JUnitPlatformTestClassProcessor$CollectAllTestClassesExecutor.access$000(JUnitPlatformTestClassProcessor.java:94) [gradle-testing-junit-platform-8.4.jar:8.4]
	at org.gradle.api.internal.tasks.testing.junitplatform.JUnitPlatformTestClassProcessor.stop(JUnitPlatformTestClassProcessor.java:89) [gradle-testing-junit-platform-8.4.jar:8.4]
	at org.gradle.api.internal.tasks.testing.SuiteTestClassProcessor.stop(SuiteTestClassProcessor.java:62) [gradle-testing-base-8.4.jar:8.4]
	at java.base/jdk.internal.reflect.NativeMethodAccessorImpl.invoke0(Native Method) ~[?:?]
	at java.base/jdk.internal.reflect.NativeMethodAccessorImpl.invoke(NativeMethodAccessorImpl.java:77) ~[?:?]
	at java.base/jdk.internal.reflect.DelegatingMethodAccessorImpl.invoke(DelegatingMethodAccessorImpl.java:43) ~[?:?]
	at java.base/java.lang.reflect.Method.invoke(Method.java:568) ~[?:?]
	at org.gradle.internal.dispatch.ReflectionDispatch.dispatch(ReflectionDispatch.java:36) [gradle-messaging-8.4.jar:8.4]
	at org.gradle.internal.dispatch.ReflectionDispatch.dispatch(ReflectionDispatch.java:24) [gradle-messaging-8.4.jar:8.4]
	at org.gradle.internal.dispatch.ContextClassLoaderDispatch.dispatch(ContextClassLoaderDispatch.java:33) [gradle-messaging-8.4.jar:8.4]
	at org.gradle.internal.dispatch.ProxyDispatchAdapter$DispatchingInvocationHandler.invoke(ProxyDispatchAdapter.java:94) [gradle-messaging-8.4.jar:8.4]
	at jdk.proxy1/jdk.proxy1.$Proxy2.stop(Unknown Source) [?:?]
	at org.gradle.api.internal.tasks.testing.worker.TestWorker$3.run(TestWorker.java:193) [gradle-testing-base-8.4.jar:8.4]
	at org.gradle.api.internal.tasks.testing.worker.TestWorker.executeAndMaintainThreadName(TestWorker.java:129) [gradle-testing-base-8.4.jar:8.4]
	at org.gradle.api.internal.tasks.testing.worker.TestWorker.execute(TestWorker.java:100) [gradle-testing-base-8.4.jar:8.4]
	at org.gradle.api.internal.tasks.testing.worker.TestWorker.execute(TestWorker.java:60) [gradle-testing-base-8.4.jar:8.4]
	at org.gradle.process.internal.worker.child.ActionExecutionWorker.execute(ActionExecutionWorker.java:56) [gradle-worker-processes-8.4.jar:8.4]
	at org.gradle.process.internal.worker.child.SystemApplicationClassLoaderWorker.call(SystemApplicationClassLoaderWorker.java:113) [gradle-worker-processes-8.4.jar:8.4]
	at org.gradle.process.internal.worker.child.SystemApplicationClassLoaderWorker.call(SystemApplicationClassLoaderWorker.java:65) [gradle-worker-processes-8.4.jar:8.4]
	at worker.org.gradle.process.internal.worker.GradleWorkerMain.run(GradleWorkerMain.java:69) [gradle-worker.jar:?]
	at worker.org.gradle.process.internal.worker.GradleWorkerMain.main(GradleWorkerMain.java:74) [gradle-worker.jar:?]
10:22:22.290 [Test worker] TRACE org.springframework.beans.factory.support.DefaultListableBeanFactory - Returning cached instance of singleton bean 'org.springframework.transaction.config.internalTransactionAdvisor'
10:22:22.290 [Test worker] TRACE org.springframework.beans.factory.support.DefaultListableBeanFactory - Returning cached instance of singleton bean 'org.springframework.transaction.config.internalTransactionAdvisor'
10:22:22.290 [Test worker] TRACE org.springframework.beans.factory.support.DefaultListableBeanFactory - Finished creating instance of bean 'mvcValidator'
10:22:22.291 [Test worker] DEBUG org.springframework.beans.factory.support.DefaultListableBeanFactory - Autowiring by type from bean name 'requestMappingHandlerAdapter' via factory method to bean named 'mvcContentNegotiationManager'
10:22:22.291 [Test worker] DEBUG org.springframework.beans.factory.support.DefaultListableBeanFactory - Autowiring by type from bean name 'requestMappingHandlerAdapter' via factory method to bean named 'mvcConversionService'
10:22:22.291 [Test worker] DEBUG org.springframework.beans.factory.support.DefaultListableBeanFactory - Autowiring by type from bean name 'requestMappingHandlerAdapter' via factory method to bean named 'mvcValidator'
10:22:22.297 [Test worker] DEBUG org.springframework.beans.factory.support.DefaultListableBeanFactory - Creating shared instance of singleton bean 'messageConverters'
10:22:22.297 [Test worker] TRACE org.springframework.beans.factory.support.DefaultListableBeanFactory - Creating instance of bean 'messageConverters'
10:22:22.297 [Test worker] TRACE org.springframework.beans.factory.support.DefaultListableBeanFactory - Returning cached instance of singleton bean 'org.springframework.transaction.config.internalTransactionAdvisor'
10:22:22.297 [Test worker] DEBUG org.springframework.beans.factory.support.DefaultListableBeanFactory - Creating shared instance of singleton bean 'org.springframework.boot.autoconfigure.http.HttpMessageConvertersAutoConfiguration'
10:22:22.297 [Test worker] TRACE org.springframework.beans.factory.support.DefaultListableBeanFactory - Creating instance of bean 'org.springframework.boot.autoconfigure.http.HttpMessageConvertersAutoConfiguration'
10:22:22.297 [Test worker] TRACE org.springframework.beans.factory.support.DefaultListableBeanFactory - Returning cached instance of singleton bean 'org.springframework.transaction.config.internalTransactionAdvisor'
10:22:22.298 [Test worker] TRACE org.springframework.beans.factory.support.DefaultListableBeanFactory - Returning cached instance of singleton bean 'org.springframework.transaction.config.internalTransactionAdvisor'
10:22:22.298 [Test worker] TRACE org.springframework.beans.factory.support.DefaultListableBeanFactory - Returning cached instance of singleton bean 'org.springframework.transaction.config.internalTransactionAdvisor'
10:22:22.298 [Test worker] TRACE org.springframework.beans.factory.support.DefaultListableBeanFactory - Finished creating instance of bean 'org.springframework.boot.autoconfigure.http.HttpMessageConvertersAutoConfiguration'
10:22:22.302 [Test worker] DEBUG org.springframework.beans.factory.support.DefaultListableBeanFactory - Creating shared instance of singleton bean 'stringHttpMessageConverter'
10:22:22.303 [Test worker] TRACE org.springframework.beans.factory.support.DefaultListableBeanFactory - Creating instance of bean 'stringHttpMessageConverter'
10:22:22.303 [Test worker] TRACE org.springframework.beans.factory.support.DefaultListableBeanFactory - Returning cached instance of singleton bean 'org.springframework.transaction.config.internalTransactionAdvisor'
10:22:22.303 [Test worker] DEBUG org.springframework.beans.factory.support.DefaultListableBeanFactory - Creating shared instance of singleton bean 'org.springframework.boot.autoconfigure.http.HttpMessageConvertersAutoConfiguration$StringHttpMessageConverterConfiguration'
10:22:22.303 [Test worker] TRACE org.springframework.beans.factory.support.DefaultListableBeanFactory - Creating instance of bean 'org.springframework.boot.autoconfigure.http.HttpMessageConvertersAutoConfiguration$StringHttpMessageConverterConfiguration'
10:22:22.303 [Test worker] TRACE org.springframework.beans.factory.support.DefaultListableBeanFactory - Returning cached instance of singleton bean 'org.springframework.transaction.config.internalTransactionAdvisor'
10:22:22.303 [Test worker] TRACE org.springframework.beans.factory.support.DefaultListableBeanFactory - Returning cached instance of singleton bean 'org.springframework.transaction.config.internalTransactionAdvisor'
10:22:22.303 [Test worker] TRACE org.springframework.beans.factory.support.DefaultListableBeanFactory - Returning cached instance of singleton bean 'org.springframework.transaction.config.internalTransactionAdvisor'
10:22:22.303 [Test worker] TRACE org.springframework.beans.factory.support.DefaultListableBeanFactory - Finished creating instance of bean 'org.springframework.boot.autoconfigure.http.HttpMessageConvertersAutoConfiguration$StringHttpMessageConverterConfiguration'
10:22:22.304 [Test worker] TRACE org.springframework.beans.factory.support.DefaultListableBeanFactory - Returning cached instance of singleton bean 'environment'
10:22:22.305 [Test worker] DEBUG org.springframework.beans.factory.support.DefaultListableBeanFactory - Autowiring by type from bean name 'stringHttpMessageConverter' via factory method to bean named 'environment'
10:22:22.314 [Test worker] TRACE org.springframework.beans.factory.support.DefaultListableBeanFactory - Returning cached instance of singleton bean 'org.springframework.transaction.config.internalTransactionAdvisor'
10:22:22.314 [Test worker] TRACE org.springframework.beans.factory.support.DefaultListableBeanFactory - Returning cached instance of singleton bean 'org.springframework.transaction.config.internalTransactionAdvisor'
10:22:22.315 [Test worker] TRACE org.springframework.beans.factory.support.DefaultListableBeanFactory - Finished creating instance of bean 'stringHttpMessageConverter'
10:22:22.316 [Test worker] DEBUG org.springframework.beans.factory.support.DefaultListableBeanFactory - Creating shared instance of singleton bean 'mappingJackson2HttpMessageConverter'
10:22:22.317 [Test worker] TRACE org.springframework.beans.factory.support.DefaultListableBeanFactory - Creating instance of bean 'mappingJackson2HttpMessageConverter'
10:22:22.317 [Test worker] TRACE org.springframework.beans.factory.support.DefaultListableBeanFactory - Returning cached instance of singleton bean 'org.springframework.transaction.config.internalTransactionAdvisor'
10:22:22.317 [Test worker] DEBUG org.springframework.beans.factory.support.DefaultListableBeanFactory - Creating shared instance of singleton bean 'org.springframework.boot.autoconfigure.http.JacksonHttpMessageConvertersConfiguration$MappingJackson2HttpMessageConverterConfiguration'
10:22:22.317 [Test worker] TRACE org.springframework.beans.factory.support.DefaultListableBeanFactory - Creating instance of bean 'org.springframework.boot.autoconfigure.http.JacksonHttpMessageConvertersConfiguration$MappingJackson2HttpMessageConverterConfiguration'
10:22:22.318 [Test worker] TRACE org.springframework.beans.factory.support.DefaultListableBeanFactory - Returning cached instance of singleton bean 'org.springframework.transaction.config.internalTransactionAdvisor'
10:22:22.318 [Test worker] TRACE org.springframework.beans.factory.support.DefaultListableBeanFactory - Returning cached instance of singleton bean 'org.springframework.transaction.config.internalTransactionAdvisor'
10:22:22.318 [Test worker] TRACE org.springframework.beans.factory.support.DefaultListableBeanFactory - Returning cached instance of singleton bean 'org.springframework.transaction.config.internalTransactionAdvisor'
10:22:22.318 [Test worker] TRACE org.springframework.beans.factory.support.DefaultListableBeanFactory - Finished creating instance of bean 'org.springframework.boot.autoconfigure.http.JacksonHttpMessageConvertersConfiguration$MappingJackson2HttpMessageConverterConfiguration'
10:22:22.318 [Test worker] DEBUG org.springframework.beans.factory.support.DefaultListableBeanFactory - Creating shared instance of singleton bean 'jacksonObjectMapper'
10:22:22.319 [Test worker] TRACE org.springframework.beans.factory.support.DefaultListableBeanFactory - Creating instance of bean 'jacksonObjectMapper'
10:22:22.319 [Test worker] TRACE org.springframework.beans.factory.support.DefaultListableBeanFactory - Returning cached instance of singleton bean 'org.springframework.transaction.config.internalTransactionAdvisor'
10:22:22.319 [Test worker] DEBUG org.springframework.beans.factory.support.DefaultListableBeanFactory - Creating shared instance of singleton bean 'org.springframework.boot.autoconfigure.jackson.JacksonAutoConfiguration$JacksonObjectMapperConfiguration'
10:22:22.319 [Test worker] TRACE org.springframework.beans.factory.support.DefaultListableBeanFactory - Creating instance of bean 'org.springframework.boot.autoconfigure.jackson.JacksonAutoConfiguration$JacksonObjectMapperConfiguration'
10:22:22.319 [Test worker] TRACE org.springframework.beans.factory.support.DefaultListableBeanFactory - Returning cached instance of singleton bean 'org.springframework.transaction.config.internalTransactionAdvisor'
10:22:22.319 [Test worker] TRACE org.springframework.beans.factory.support.DefaultListableBeanFactory - Returning cached instance of singleton bean 'org.springframework.transaction.config.internalTransactionAdvisor'
10:22:22.319 [Test worker] TRACE org.springframework.beans.factory.support.DefaultListableBeanFactory - Returning cached instance of singleton bean 'org.springframework.transaction.config.internalTransactionAdvisor'
10:22:22.319 [Test worker] TRACE org.springframework.beans.factory.support.DefaultListableBeanFactory - Finished creating instance of bean 'org.springframework.boot.autoconfigure.jackson.JacksonAutoConfiguration$JacksonObjectMapperConfiguration'
10:22:22.319 [Test worker] TRACE org.springframework.beans.factory.support.DefaultListableBeanFactory - Creating instance of bean 'jacksonObjectMapperBuilder'
10:22:22.320 [Test worker] TRACE org.springframework.beans.factory.support.DefaultListableBeanFactory - Returning cached instance of singleton bean 'org.springframework.transaction.config.internalTransactionAdvisor'
10:22:22.320 [Test worker] DEBUG org.springframework.beans.factory.support.DefaultListableBeanFactory - Creating shared instance of singleton bean 'org.springframework.boot.autoconfigure.jackson.JacksonAutoConfiguration$JacksonObjectMapperBuilderConfiguration'
10:22:22.320 [Test worker] TRACE org.springframework.beans.factory.support.DefaultListableBeanFactory - Creating instance of bean 'org.springframework.boot.autoconfigure.jackson.JacksonAutoConfiguration$JacksonObjectMapperBuilderConfiguration'
10:22:22.320 [Test worker] TRACE org.springframework.beans.factory.support.DefaultListableBeanFactory - Returning cached instance of singleton bean 'org.springframework.transaction.config.internalTransactionAdvisor'
10:22:22.320 [Test worker] TRACE org.springframework.beans.factory.support.DefaultListableBeanFactory - Returning cached instance of singleton bean 'org.springframework.transaction.config.internalTransactionAdvisor'
10:22:22.320 [Test worker] TRACE org.springframework.beans.factory.support.DefaultListableBeanFactory - Returning cached instance of singleton bean 'org.springframework.transaction.config.internalTransactionAdvisor'
10:22:22.320 [Test worker] TRACE org.springframework.beans.factory.support.DefaultListableBeanFactory - Finished creating instance of bean 'org.springframework.boot.autoconfigure.jackson.JacksonAutoConfiguration$JacksonObjectMapperBuilderConfiguration'
10:22:22.321 [Test worker] DEBUG org.springframework.beans.factory.support.DefaultListableBeanFactory - Creating shared instance of singleton bean 'standardJacksonObjectMapperBuilderCustomizer'
10:22:22.321 [Test worker] TRACE org.springframework.beans.factory.support.DefaultListableBeanFactory - Creating instance of bean 'standardJacksonObjectMapperBuilderCustomizer'
10:22:22.322 [Test worker] TRACE org.springframework.beans.factory.support.DefaultListableBeanFactory - Returning cached instance of singleton bean 'org.springframework.transaction.config.internalTransactionAdvisor'
10:22:22.322 [Test worker] DEBUG org.springframework.beans.factory.support.DefaultListableBeanFactory - Creating shared instance of singleton bean 'org.springframework.boot.autoconfigure.jackson.JacksonAutoConfiguration$Jackson2ObjectMapperBuilderCustomizerConfiguration'
10:22:22.322 [Test worker] TRACE org.springframework.beans.factory.support.DefaultListableBeanFactory - Creating instance of bean 'org.springframework.boot.autoconfigure.jackson.JacksonAutoConfiguration$Jackson2ObjectMapperBuilderCustomizerConfiguration'
10:22:22.323 [Test worker] TRACE org.springframework.beans.factory.support.DefaultListableBeanFactory - Returning cached instance of singleton bean 'org.springframework.transaction.config.internalTransactionAdvisor'
10:22:22.323 [Test worker] TRACE org.springframework.beans.factory.support.DefaultListableBeanFactory - Returning cached instance of singleton bean 'org.springframework.transaction.config.internalTransactionAdvisor'
10:22:22.323 [Test worker] TRACE org.springframework.beans.factory.support.DefaultListableBeanFactory - Returning cached instance of singleton bean 'org.springframework.transaction.config.internalTransactionAdvisor'
10:22:22.323 [Test worker] TRACE org.springframework.beans.factory.support.DefaultListableBeanFactory - Finished creating instance of bean 'org.springframework.boot.autoconfigure.jackson.JacksonAutoConfiguration$Jackson2ObjectMapperBuilderCustomizerConfiguration'
10:22:22.323 [Test worker] DEBUG org.springframework.beans.factory.support.DefaultListableBeanFactory - Creating shared instance of singleton bean 'spring.jackson-org.springframework.boot.autoconfigure.jackson.JacksonProperties'
10:22:22.324 [Test worker] TRACE org.springframework.beans.factory.support.DefaultListableBeanFactory - Creating instance of bean 'spring.jackson-org.springframework.boot.autoconfigure.jackson.JacksonProperties'
10:22:22.324 [Test worker] TRACE org.springframework.beans.factory.support.DefaultListableBeanFactory - Returning cached instance of singleton bean 'org.springframework.transaction.config.internalTransactionAdvisor'
10:22:22.325 [Test worker] TRACE org.springframework.beans.factory.support.DefaultListableBeanFactory - Returning cached instance of singleton bean 'org.springframework.boot.context.properties.BoundConfigurationProperties'
10:22:22.328 [Test worker] TRACE org.springframework.beans.factory.support.DefaultListableBeanFactory - Returning cached instance of singleton bean 'org.springframework.transaction.config.internalTransactionAdvisor'
10:22:22.328 [Test worker] TRACE org.springframework.beans.factory.support.DefaultListableBeanFactory - Returning cached instance of singleton bean 'org.springframework.transaction.config.internalTransactionAdvisor'
10:22:22.330 [Test worker] TRACE org.springframework.beans.factory.support.DefaultListableBeanFactory - Finished creating instance of bean 'spring.jackson-org.springframework.boot.autoconfigure.jackson.JacksonProperties'
10:22:22.330 [Test worker] DEBUG org.springframework.beans.factory.support.DefaultListableBeanFactory - Autowiring by type from bean name 'standardJacksonObjectMapperBuilderCustomizer' via factory method to bean named 'spring.jackson-org.springframework.boot.autoconfigure.jackson.JacksonProperties'
10:22:22.330 [Test worker] DEBUG org.springframework.beans.factory.support.DefaultListableBeanFactory - Creating shared instance of singleton bean 'parameterNamesModule'
10:22:22.331 [Test worker] TRACE org.springframework.beans.factory.support.DefaultListableBeanFactory - Creating instance of bean 'parameterNamesModule'
10:22:22.331 [Test worker] TRACE org.springframework.beans.factory.support.DefaultListableBeanFactory - Returning cached instance of singleton bean 'org.springframework.transaction.config.internalTransactionAdvisor'
10:22:22.331 [Test worker] DEBUG org.springframework.beans.factory.support.DefaultListableBeanFactory - Creating shared instance of singleton bean 'org.springframework.boot.autoconfigure.jackson.JacksonAutoConfiguration$ParameterNamesModuleConfiguration'
10:22:22.331 [Test worker] TRACE org.springframework.beans.factory.support.DefaultListableBeanFactory - Creating instance of bean 'org.springframework.boot.autoconfigure.jackson.JacksonAutoConfiguration$ParameterNamesModuleConfiguration'
10:22:22.331 [Test worker] TRACE org.springframework.beans.factory.support.DefaultListableBeanFactory - Returning cached instance of singleton bean 'org.springframework.transaction.config.internalTransactionAdvisor'
10:22:22.331 [Test worker] TRACE org.springframework.beans.factory.support.DefaultListableBeanFactory - Returning cached instance of singleton bean 'org.springframework.transaction.config.internalTransactionAdvisor'
10:22:22.331 [Test worker] TRACE org.springframework.beans.factory.support.DefaultListableBeanFactory - Returning cached instance of singleton bean 'org.springframework.transaction.config.internalTransactionAdvisor'
10:22:22.331 [Test worker] TRACE org.springframework.beans.factory.support.DefaultListableBeanFactory - Finished creating instance of bean 'org.springframework.boot.autoconfigure.jackson.JacksonAutoConfiguration$ParameterNamesModuleConfiguration'
10:22:22.334 [Test worker] TRACE org.springframework.beans.factory.support.DefaultListableBeanFactory - Returning cached instance of singleton bean 'org.springframework.transaction.config.internalTransactionAdvisor'
10:22:22.335 [Test worker] TRACE org.springframework.beans.factory.support.DefaultListableBeanFactory - Returning cached instance of singleton bean 'org.springframework.transaction.config.internalTransactionAdvisor'
10:22:22.336 [Test worker] TRACE org.springframework.beans.factory.support.DefaultListableBeanFactory - Finished creating instance of bean 'parameterNamesModule'
10:22:22.336 [Test worker] DEBUG org.springframework.beans.factory.support.DefaultListableBeanFactory - Creating shared instance of singleton bean 'jsonMixinModule'
10:22:22.336 [Test worker] TRACE org.springframework.beans.factory.support.DefaultListableBeanFactory - Creating instance of bean 'jsonMixinModule'
10:22:22.336 [Test worker] TRACE org.springframework.beans.factory.support.DefaultListableBeanFactory - Returning cached instance of singleton bean 'org.springframework.transaction.config.internalTransactionAdvisor'
10:22:22.336 [Test worker] DEBUG org.springframework.beans.factory.support.DefaultListableBeanFactory - Creating shared instance of singleton bean 'org.springframework.boot.autoconfigure.jackson.JacksonAutoConfiguration$JacksonMixinConfiguration'
10:22:22.336 [Test worker] TRACE org.springframework.beans.factory.support.DefaultListableBeanFactory - Creating instance of bean 'org.springframework.boot.autoconfigure.jackson.JacksonAutoConfiguration$JacksonMixinConfiguration'
10:22:22.336 [Test worker] TRACE org.springframework.beans.factory.support.DefaultListableBeanFactory - Returning cached instance of singleton bean 'org.springframework.transaction.config.internalTransactionAdvisor'
10:22:22.336 [Test worker] TRACE org.springframework.beans.factory.support.DefaultListableBeanFactory - Returning cached instance of singleton bean 'org.springframework.transaction.config.internalTransactionAdvisor'
10:22:22.336 [Test worker] TRACE org.springframework.beans.factory.support.DefaultListableBeanFactory - Returning cached instance of singleton bean 'org.springframework.transaction.config.internalTransactionAdvisor'
10:22:22.336 [Test worker] TRACE org.springframework.beans.factory.support.DefaultListableBeanFactory - Finished creating instance of bean 'org.springframework.boot.autoconfigure.jackson.JacksonAutoConfiguration$JacksonMixinConfiguration'
10:22:22.337 [Test worker] DEBUG org.springframework.beans.factory.support.DefaultListableBeanFactory - Creating shared instance of singleton bean 'jsonMixinModuleEntries'
10:22:22.337 [Test worker] TRACE org.springframework.beans.factory.support.DefaultListableBeanFactory - Creating instance of bean 'jsonMixinModuleEntries'
10:22:22.337 [Test worker] TRACE org.springframework.beans.factory.support.DefaultListableBeanFactory - Returning cached instance of singleton bean 'org.springframework.transaction.config.internalTransactionAdvisor'
10:22:22.338 [Test worker] DEBUG org.springframework.beans.factory.support.DefaultListableBeanFactory - Autowiring by type from bean name 'jsonMixinModuleEntries' via factory method to bean named 'org.springframework.web.context.support.GenericWebApplicationContext@5a936e64'
10:22:22.338 [Test worker] TRACE org.springframework.beans.factory.support.DefaultListableBeanFactory - Returning cached instance of singleton bean 'org.springframework.boot.autoconfigure.AutoConfigurationPackages'
10:22:22.338 [Test worker] TRACE org.springframework.beans.factory.support.DefaultListableBeanFactory - Returning cached instance of singleton bean 'org.springframework.boot.autoconfigure.AutoConfigurationPackages'
10:22:22.340 [Test worker] TRACE org.springframework.core.io.support.PathMatchingResourcePatternResolver - Resolved module-path location pattern [com/laundry/laundryMgmt/**/*.class] to resources []
10:22:22.340 [Test worker] TRACE org.springframework.core.io.support.PathMatchingResourcePatternResolver - Resolved module-path location pattern [com/laundry/laundryMgmt/] to resources []
10:22:22.340 [Test worker] TRACE org.springframework.core.io.support.PathMatchingResourcePatternResolver - Resolved classpath location [com/laundry/laundryMgmt/] to resources [file [/home/kali/Toolbox3/Projet/TestBackend/build/classes/java/test/com/laundry/laundryMgmt], file [/home/kali/Toolbox3/Projet/TestBackend/build/classes/java/main/com/laundry/laundryMgmt]]
10:22:22.340 [Test worker] TRACE org.springframework.core.io.support.PathMatchingResourcePatternResolver - Searching directory [/home/kali/Toolbox3/Projet/TestBackend/build/classes/java/test/com/laundry/laundryMgmt] for files matching pattern [**/*.class]
10:22:22.345 [Test worker] TRACE org.springframework.core.io.support.PathMatchingResourcePatternResolver - Searching directory [/home/kali/Toolbox3/Projet/TestBackend/build/classes/java/main/com/laundry/laundryMgmt] for files matching pattern [**/*.class]
10:22:22.350 [Test worker] TRACE org.springframework.core.io.support.PathMatchingResourcePatternResolver - Resolved location pattern [classpath*:com/laundry/laundryMgmt/**/*.class] to resources [file [/home/kali/Toolbox3/Projet/TestBackend/build/classes/java/test/com/laundry/laundryMgmt/LaundryMgmtApplicationTests.class], file [/home/kali/Toolbox3/Projet/TestBackend/build/classes/java/test/com/laundry/laundryMgmt/MachineTest/MachineDaoTest.class], file [/home/kali/Toolbox3/Projet/TestBackend/build/classes/java/test/com/laundry/laundryMgmt/MachineTest/MachineIntegrationTests.class], file [/home/kali/Toolbox3/Projet/TestBackend/build/classes/java/test/com/laundry/laundryMgmt/ReservationTest/ReservationDaoTest.class], file [/home/kali/Toolbox3/Projet/TestBackend/build/classes/java/test/com/laundry/laundryMgmt/ReservationTest/ReservationIntegration.class], file [/home/kali/Toolbox3/Projet/TestBackend/build/classes/java/test/com/laundry/laundryMgmt/SensorTest/SensorDaoTest.class], file [/home/kali/Toolbox3/Projet/TestBackend/build/classes/java/test/com/laundry/laundryMgmt/SensorTest/SensorIntegration.class], file [/home/kali/Toolbox3/Projet/TestBackend/build/classes/java/test/com/laundry/laundryMgmt/businessLogic/MachineImplentationServiceTest.class], file [/home/kali/Toolbox3/Projet/TestBackend/build/classes/java/test/com/laundry/laundryMgmt/businessLogic/MachinesImplementationServicesTest$MachinesImplementationServicesTestConfig.class], file [/home/kali/Toolbox3/Projet/TestBackend/build/classes/java/test/com/laundry/laundryMgmt/businessLogic/MachinesImplementationServicesTest.class], file [/home/kali/Toolbox3/Projet/TestBackend/build/classes/java/main/com/laundry/laundryMgmt/LaundryMgmtApplication.class], file [/home/kali/Toolbox3/Projet/TestBackend/build/classes/java/main/com/laundry/laundryMgmt/LaundryMgmtApplicationConfig.class], file [/home/kali/Toolbox3/Projet/TestBackend/build/classes/java/main/com/laundry/laundryMgmt/businessLogic/MachineImplementationService.class], file [/home/kali/Toolbox3/Projet/TestBackend/build/classes/java/main/com/laundry/laundryMgmt/businessLogic/MachineService.class], file [/home/kali/Toolbox3/Projet/TestBackend/build/classes/java/main/com/laundry/laundryMgmt/businessLogic/MachinesServices.class], file [/home/kali/Toolbox3/Projet/TestBackend/build/classes/java/main/com/laundry/laundryMgmt/businessLogic/MachinesServicesImplementation.class], file [/home/kali/Toolbox3/Projet/TestBackend/build/classes/java/main/com/laundry/laundryMgmt/config/SpringSecurityConfig.class], file [/home/kali/Toolbox3/Projet/TestBackend/build/classes/java/main/com/laundry/laundryMgmt/controllers/MachineController.class], file [/home/kali/Toolbox3/Projet/TestBackend/build/classes/java/main/com/laundry/laundryMgmt/controllers/ReservationController.class], file [/home/kali/Toolbox3/Projet/TestBackend/build/classes/java/main/com/laundry/laundryMgmt/controllers/SecurityController$User.class], file [/home/kali/Toolbox3/Projet/TestBackend/build/classes/java/main/com/laundry/laundryMgmt/controllers/SecurityController.class], file [/home/kali/Toolbox3/Projet/TestBackend/build/classes/java/main/com/laundry/laundryMgmt/controllers/SensorController.class], file [/home/kali/Toolbox3/Projet/TestBackend/build/classes/java/main/com/laundry/laundryMgmt/dao/MachineDao.class], file [/home/kali/Toolbox3/Projet/TestBackend/build/classes/java/main/com/laundry/laundryMgmt/dao/ReservationDao.class], file [/home/kali/Toolbox3/Projet/TestBackend/build/classes/java/main/com/laundry/laundryMgmt/dao/SensorDao.class], file [/home/kali/Toolbox3/Projet/TestBackend/build/classes/java/main/com/laundry/laundryMgmt/mappers/MachineMapper.class], file [/home/kali/Toolbox3/Projet/TestBackend/build/classes/java/main/com/laundry/laundryMgmt/mappers/ReservationMapper.class], file [/home/kali/Toolbox3/Projet/TestBackend/build/classes/java/main/com/laundry/laundryMgmt/mappers/SensorMapper.class], file [/home/kali/Toolbox3/Projet/TestBackend/build/classes/java/main/com/laundry/laundryMgmt/models/CycleType.class], file [/home/kali/Toolbox3/Projet/TestBackend/build/classes/java/main/com/laundry/laundryMgmt/models/MachineEntity.class], file [/home/kali/Toolbox3/Projet/TestBackend/build/classes/java/main/com/laundry/laundryMgmt/models/ReservationEntity.class], file [/home/kali/Toolbox3/Projet/TestBackend/build/classes/java/main/com/laundry/laundryMgmt/models/SensorEntity.class], file [/home/kali/Toolbox3/Projet/TestBackend/build/classes/java/main/com/laundry/laundryMgmt/models/SensorType.class], file [/home/kali/Toolbox3/Projet/TestBackend/build/classes/java/main/com/laundry/laundryMgmt/records/MachineCommand.class], file [/home/kali/Toolbox3/Projet/TestBackend/build/classes/java/main/com/laundry/laundryMgmt/records/MachineRecord.class], file [/home/kali/Toolbox3/Projet/TestBackend/build/classes/java/main/com/laundry/laundryMgmt/records/ReservationCommand.class], file [/home/kali/Toolbox3/Projet/TestBackend/build/classes/java/main/com/laundry/laundryMgmt/records/ReservationRecord.class], file [/home/kali/Toolbox3/Projet/TestBackend/build/classes/java/main/com/laundry/laundryMgmt/records/SensorRecord.class]]
10:22:22.351 [Test worker] TRACE org.springframework.boot.jackson.JsonMixinModuleEntries$JsonMixinComponentScanner - Scanning file [/home/kali/Toolbox3/Projet/TestBackend/build/classes/java/test/com/laundry/laundryMgmt/LaundryMgmtApplicationTests.class]
10:22:22.351 [Test worker] TRACE org.springframework.boot.jackson.JsonMixinModuleEntries$JsonMixinComponentScanner - Ignored because not matching any filter: file [/home/kali/Toolbox3/Projet/TestBackend/build/classes/java/test/com/laundry/laundryMgmt/LaundryMgmtApplicationTests.class]
10:22:22.351 [Test worker] TRACE org.springframework.boot.jackson.JsonMixinModuleEntries$JsonMixinComponentScanner - Scanning file [/home/kali/Toolbox3/Projet/TestBackend/build/classes/java/test/com/laundry/laundryMgmt/MachineTest/MachineDaoTest.class]
10:22:22.351 [Test worker] TRACE org.springframework.boot.jackson.JsonMixinModuleEntries$JsonMixinComponentScanner - Ignored because not matching any filter: file [/home/kali/Toolbox3/Projet/TestBackend/build/classes/java/test/com/laundry/laundryMgmt/MachineTest/MachineDaoTest.class]
10:22:22.351 [Test worker] TRACE org.springframework.boot.jackson.JsonMixinModuleEntries$JsonMixinComponentScanner - Scanning file [/home/kali/Toolbox3/Projet/TestBackend/build/classes/java/test/com/laundry/laundryMgmt/MachineTest/MachineIntegrationTests.class]
10:22:22.351 [Test worker] TRACE org.springframework.boot.jackson.JsonMixinModuleEntries$JsonMixinComponentScanner - Ignored because not matching any filter: file [/home/kali/Toolbox3/Projet/TestBackend/build/classes/java/test/com/laundry/laundryMgmt/MachineTest/MachineIntegrationTests.class]
10:22:22.352 [Test worker] TRACE org.springframework.boot.jackson.JsonMixinModuleEntries$JsonMixinComponentScanner - Scanning file [/home/kali/Toolbox3/Projet/TestBackend/build/classes/java/test/com/laundry/laundryMgmt/ReservationTest/ReservationDaoTest.class]
10:22:22.352 [Test worker] TRACE org.springframework.boot.jackson.JsonMixinModuleEntries$JsonMixinComponentScanner - Ignored because not matching any filter: file [/home/kali/Toolbox3/Projet/TestBackend/build/classes/java/test/com/laundry/laundryMgmt/ReservationTest/ReservationDaoTest.class]
10:22:22.352 [Test worker] TRACE org.springframework.boot.jackson.JsonMixinModuleEntries$JsonMixinComponentScanner - Scanning file [/home/kali/Toolbox3/Projet/TestBackend/build/classes/java/test/com/laundry/laundryMgmt/ReservationTest/ReservationIntegration.class]
10:22:22.352 [Test worker] TRACE org.springframework.boot.jackson.JsonMixinModuleEntries$JsonMixinComponentScanner - Ignored because not matching any filter: file [/home/kali/Toolbox3/Projet/TestBackend/build/classes/java/test/com/laundry/laundryMgmt/ReservationTest/ReservationIntegration.class]
10:22:22.352 [Test worker] TRACE org.springframework.boot.jackson.JsonMixinModuleEntries$JsonMixinComponentScanner - Scanning file [/home/kali/Toolbox3/Projet/TestBackend/build/classes/java/test/com/laundry/laundryMgmt/SensorTest/SensorDaoTest.class]
10:22:22.352 [Test worker] TRACE org.springframework.boot.jackson.JsonMixinModuleEntries$JsonMixinComponentScanner - Ignored because not matching any filter: file [/home/kali/Toolbox3/Projet/TestBackend/build/classes/java/test/com/laundry/laundryMgmt/SensorTest/SensorDaoTest.class]
10:22:22.352 [Test worker] TRACE org.springframework.boot.jackson.JsonMixinModuleEntries$JsonMixinComponentScanner - Scanning file [/home/kali/Toolbox3/Projet/TestBackend/build/classes/java/test/com/laundry/laundryMgmt/SensorTest/SensorIntegration.class]
10:22:22.353 [Test worker] TRACE org.springframework.boot.jackson.JsonMixinModuleEntries$JsonMixinComponentScanner - Ignored because not matching any filter: file [/home/kali/Toolbox3/Projet/TestBackend/build/classes/java/test/com/laundry/laundryMgmt/SensorTest/SensorIntegration.class]
10:22:22.354 [Test worker] TRACE org.springframework.boot.jackson.JsonMixinModuleEntries$JsonMixinComponentScanner - Scanning file [/home/kali/Toolbox3/Projet/TestBackend/build/classes/java/test/com/laundry/laundryMgmt/businessLogic/MachineImplentationServiceTest.class]
10:22:22.354 [Test worker] TRACE org.springframework.boot.jackson.JsonMixinModuleEntries$JsonMixinComponentScanner - Ignored because not matching any filter: file [/home/kali/Toolbox3/Projet/TestBackend/build/classes/java/test/com/laundry/laundryMgmt/businessLogic/MachineImplentationServiceTest.class]
10:22:22.354 [Test worker] TRACE org.springframework.boot.jackson.JsonMixinModuleEntries$JsonMixinComponentScanner - Scanning file [/home/kali/Toolbox3/Projet/TestBackend/build/classes/java/test/com/laundry/laundryMgmt/businessLogic/MachinesImplementationServicesTest$MachinesImplementationServicesTestConfig.class]
10:22:22.354 [Test worker] TRACE org.springframework.boot.jackson.JsonMixinModuleEntries$JsonMixinComponentScanner - Ignored because not matching any filter: file [/home/kali/Toolbox3/Projet/TestBackend/build/classes/java/test/com/laundry/laundryMgmt/businessLogic/MachinesImplementationServicesTest$MachinesImplementationServicesTestConfig.class]
10:22:22.354 [Test worker] TRACE org.springframework.boot.jackson.JsonMixinModuleEntries$JsonMixinComponentScanner - Scanning file [/home/kali/Toolbox3/Projet/TestBackend/build/classes/java/test/com/laundry/laundryMgmt/businessLogic/MachinesImplementationServicesTest.class]
10:22:22.354 [Test worker] TRACE org.springframework.boot.jackson.JsonMixinModuleEntries$JsonMixinComponentScanner - Ignored because not matching any filter: file [/home/kali/Toolbox3/Projet/TestBackend/build/classes/java/test/com/laundry/laundryMgmt/businessLogic/MachinesImplementationServicesTest.class]
10:22:22.354 [Test worker] TRACE org.springframework.boot.jackson.JsonMixinModuleEntries$JsonMixinComponentScanner - Scanning file [/home/kali/Toolbox3/Projet/TestBackend/build/classes/java/main/com/laundry/laundryMgmt/LaundryMgmtApplication.class]
10:22:22.354 [Test worker] TRACE org.springframework.boot.jackson.JsonMixinModuleEntries$JsonMixinComponentScanner - Ignored because not matching any filter: file [/home/kali/Toolbox3/Projet/TestBackend/build/classes/java/main/com/laundry/laundryMgmt/LaundryMgmtApplication.class]
10:22:22.354 [Test worker] TRACE org.springframework.boot.jackson.JsonMixinModuleEntries$JsonMixinComponentScanner - Scanning file [/home/kali/Toolbox3/Projet/TestBackend/build/classes/java/main/com/laundry/laundryMgmt/LaundryMgmtApplicationConfig.class]
10:22:22.354 [Test worker] TRACE org.springframework.boot.jackson.JsonMixinModuleEntries$JsonMixinComponentScanner - Ignored because not matching any filter: file [/home/kali/Toolbox3/Projet/TestBackend/build/classes/java/main/com/laundry/laundryMgmt/LaundryMgmtApplicationConfig.class]
10:22:22.355 [Test worker] TRACE org.springframework.boot.jackson.JsonMixinModuleEntries$JsonMixinComponentScanner - Scanning file [/home/kali/Toolbox3/Projet/TestBackend/build/classes/java/main/com/laundry/laundryMgmt/businessLogic/MachineImplementationService.class]
10:22:22.355 [Test worker] TRACE org.springframework.boot.jackson.JsonMixinModuleEntries$JsonMixinComponentScanner - Ignored because not matching any filter: file [/home/kali/Toolbox3/Projet/TestBackend/build/classes/java/main/com/laundry/laundryMgmt/businessLogic/MachineImplementationService.class]
10:22:22.355 [Test worker] TRACE org.springframework.boot.jackson.JsonMixinModuleEntries$JsonMixinComponentScanner - Scanning file [/home/kali/Toolbox3/Projet/TestBackend/build/classes/java/main/com/laundry/laundryMgmt/businessLogic/MachineService.class]
10:22:22.355 [Test worker] TRACE org.springframework.boot.jackson.JsonMixinModuleEntries$JsonMixinComponentScanner - Ignored because not matching any filter: file [/home/kali/Toolbox3/Projet/TestBackend/build/classes/java/main/com/laundry/laundryMgmt/businessLogic/MachineService.class]
10:22:22.355 [Test worker] TRACE org.springframework.boot.jackson.JsonMixinModuleEntries$JsonMixinComponentScanner - Scanning file [/home/kali/Toolbox3/Projet/TestBackend/build/classes/java/main/com/laundry/laundryMgmt/businessLogic/MachinesServices.class]
10:22:22.355 [Test worker] TRACE org.springframework.boot.jackson.JsonMixinModuleEntries$JsonMixinComponentScanner - Ignored because not matching any filter: file [/home/kali/Toolbox3/Projet/TestBackend/build/classes/java/main/com/laundry/laundryMgmt/businessLogic/MachinesServices.class]
10:22:22.355 [Test worker] TRACE org.springframework.boot.jackson.JsonMixinModuleEntries$JsonMixinComponentScanner - Scanning file [/home/kali/Toolbox3/Projet/TestBackend/build/classes/java/main/com/laundry/laundryMgmt/businessLogic/MachinesServicesImplementation.class]
10:22:22.355 [Test worker] TRACE org.springframework.boot.jackson.JsonMixinModuleEntries$JsonMixinComponentScanner - Ignored because not matching any filter: file [/home/kali/Toolbox3/Projet/TestBackend/build/classes/java/main/com/laundry/laundryMgmt/businessLogic/MachinesServicesImplementation.class]
10:22:22.355 [Test worker] TRACE org.springframework.boot.jackson.JsonMixinModuleEntries$JsonMixinComponentScanner - Scanning file [/home/kali/Toolbox3/Projet/TestBackend/build/classes/java/main/com/laundry/laundryMgmt/config/SpringSecurityConfig.class]
10:22:22.355 [Test worker] TRACE org.springframework.boot.jackson.JsonMixinModuleEntries$JsonMixinComponentScanner - Ignored because not matching any filter: file [/home/kali/Toolbox3/Projet/TestBackend/build/classes/java/main/com/laundry/laundryMgmt/config/SpringSecurityConfig.class]
10:22:22.355 [Test worker] TRACE org.springframework.boot.jackson.JsonMixinModuleEntries$JsonMixinComponentScanner - Scanning file [/home/kali/Toolbox3/Projet/TestBackend/build/classes/java/main/com/laundry/laundryMgmt/controllers/MachineController.class]
10:22:22.355 [Test worker] TRACE org.springframework.boot.jackson.JsonMixinModuleEntries$JsonMixinComponentScanner - Ignored because not matching any filter: file [/home/kali/Toolbox3/Projet/TestBackend/build/classes/java/main/com/laundry/laundryMgmt/controllers/MachineController.class]
10:22:22.355 [Test worker] TRACE org.springframework.boot.jackson.JsonMixinModuleEntries$JsonMixinComponentScanner - Scanning file [/home/kali/Toolbox3/Projet/TestBackend/build/classes/java/main/com/laundry/laundryMgmt/controllers/ReservationController.class]
10:22:22.355 [Test worker] TRACE org.springframework.boot.jackson.JsonMixinModuleEntries$JsonMixinComponentScanner - Ignored because not matching any filter: file [/home/kali/Toolbox3/Projet/TestBackend/build/classes/java/main/com/laundry/laundryMgmt/controllers/ReservationController.class]
10:22:22.355 [Test worker] TRACE org.springframework.boot.jackson.JsonMixinModuleEntries$JsonMixinComponentScanner - Scanning file [/home/kali/Toolbox3/Projet/TestBackend/build/classes/java/main/com/laundry/laundryMgmt/controllers/SecurityController$User.class]
10:22:22.355 [Test worker] TRACE org.springframework.boot.jackson.JsonMixinModuleEntries$JsonMixinComponentScanner - Ignored because not matching any filter: file [/home/kali/Toolbox3/Projet/TestBackend/build/classes/java/main/com/laundry/laundryMgmt/controllers/SecurityController$User.class]
10:22:22.355 [Test worker] TRACE org.springframework.boot.jackson.JsonMixinModuleEntries$JsonMixinComponentScanner - Scanning file [/home/kali/Toolbox3/Projet/TestBackend/build/classes/java/main/com/laundry/laundryMgmt/controllers/SecurityController.class]
10:22:22.355 [Test worker] TRACE org.springframework.boot.jackson.JsonMixinModuleEntries$JsonMixinComponentScanner - Ignored because not matching any filter: file [/home/kali/Toolbox3/Projet/TestBackend/build/classes/java/main/com/laundry/laundryMgmt/controllers/SecurityController.class]
10:22:22.355 [Test worker] TRACE org.springframework.boot.jackson.JsonMixinModuleEntries$JsonMixinComponentScanner - Scanning file [/home/kali/Toolbox3/Projet/TestBackend/build/classes/java/main/com/laundry/laundryMgmt/controllers/SensorController.class]
10:22:22.355 [Test worker] TRACE org.springframework.boot.jackson.JsonMixinModuleEntries$JsonMixinComponentScanner - Ignored because not matching any filter: file [/home/kali/Toolbox3/Projet/TestBackend/build/classes/java/main/com/laundry/laundryMgmt/controllers/SensorController.class]
10:22:22.356 [Test worker] TRACE org.springframework.boot.jackson.JsonMixinModuleEntries$JsonMixinComponentScanner - Scanning file [/home/kali/Toolbox3/Projet/TestBackend/build/classes/java/main/com/laundry/laundryMgmt/dao/MachineDao.class]
10:22:22.356 [Test worker] TRACE org.springframework.boot.jackson.JsonMixinModuleEntries$JsonMixinComponentScanner - Ignored because not matching any filter: file [/home/kali/Toolbox3/Projet/TestBackend/build/classes/java/main/com/laundry/laundryMgmt/dao/MachineDao.class]
10:22:22.356 [Test worker] TRACE org.springframework.boot.jackson.JsonMixinModuleEntries$JsonMixinComponentScanner - Scanning file [/home/kali/Toolbox3/Projet/TestBackend/build/classes/java/main/com/laundry/laundryMgmt/dao/ReservationDao.class]
10:22:22.356 [Test worker] TRACE org.springframework.boot.jackson.JsonMixinModuleEntries$JsonMixinComponentScanner - Ignored because not matching any filter: file [/home/kali/Toolbox3/Projet/TestBackend/build/classes/java/main/com/laundry/laundryMgmt/dao/ReservationDao.class]
10:22:22.356 [Test worker] TRACE org.springframework.boot.jackson.JsonMixinModuleEntries$JsonMixinComponentScanner - Scanning file [/home/kali/Toolbox3/Projet/TestBackend/build/classes/java/main/com/laundry/laundryMgmt/dao/SensorDao.class]
10:22:22.356 [Test worker] TRACE org.springframework.boot.jackson.JsonMixinModuleEntries$JsonMixinComponentScanner - Ignored because not matching any filter: file [/home/kali/Toolbox3/Projet/TestBackend/build/classes/java/main/com/laundry/laundryMgmt/dao/SensorDao.class]
10:22:22.356 [Test worker] TRACE org.springframework.boot.jackson.JsonMixinModuleEntries$JsonMixinComponentScanner - Scanning file [/home/kali/Toolbox3/Projet/TestBackend/build/classes/java/main/com/laundry/laundryMgmt/mappers/MachineMapper.class]
10:22:22.356 [Test worker] TRACE org.springframework.boot.jackson.JsonMixinModuleEntries$JsonMixinComponentScanner - Ignored because not matching any filter: file [/home/kali/Toolbox3/Projet/TestBackend/build/classes/java/main/com/laundry/laundryMgmt/mappers/MachineMapper.class]
10:22:22.356 [Test worker] TRACE org.springframework.boot.jackson.JsonMixinModuleEntries$JsonMixinComponentScanner - Scanning file [/home/kali/Toolbox3/Projet/TestBackend/build/classes/java/main/com/laundry/laundryMgmt/mappers/ReservationMapper.class]
10:22:22.356 [Test worker] TRACE org.springframework.boot.jackson.JsonMixinModuleEntries$JsonMixinComponentScanner - Ignored because not matching any filter: file [/home/kali/Toolbox3/Projet/TestBackend/build/classes/java/main/com/laundry/laundryMgmt/mappers/ReservationMapper.class]
10:22:22.356 [Test worker] TRACE org.springframework.boot.jackson.JsonMixinModuleEntries$JsonMixinComponentScanner - Scanning file [/home/kali/Toolbox3/Projet/TestBackend/build/classes/java/main/com/laundry/laundryMgmt/mappers/SensorMapper.class]
10:22:22.356 [Test worker] TRACE org.springframework.boot.jackson.JsonMixinModuleEntries$JsonMixinComponentScanner - Ignored because not matching any filter: file [/home/kali/Toolbox3/Projet/TestBackend/build/classes/java/main/com/laundry/laundryMgmt/mappers/SensorMapper.class]
10:22:22.356 [Test worker] TRACE org.springframework.boot.jackson.JsonMixinModuleEntries$JsonMixinComponentScanner - Scanning file [/home/kali/Toolbox3/Projet/TestBackend/build/classes/java/main/com/laundry/laundryMgmt/models/CycleType.class]
10:22:22.356 [Test worker] TRACE org.springframework.boot.jackson.JsonMixinModuleEntries$JsonMixinComponentScanner - Ignored because not matching any filter: file [/home/kali/Toolbox3/Projet/TestBackend/build/classes/java/main/com/laundry/laundryMgmt/models/CycleType.class]
10:22:22.357 [Test worker] TRACE org.springframework.boot.jackson.JsonMixinModuleEntries$JsonMixinComponentScanner - Scanning file [/home/kali/Toolbox3/Projet/TestBackend/build/classes/java/main/com/laundry/laundryMgmt/models/MachineEntity.class]
10:22:22.357 [Test worker] TRACE org.springframework.boot.jackson.JsonMixinModuleEntries$JsonMixinComponentScanner - Ignored because not matching any filter: file [/home/kali/Toolbox3/Projet/TestBackend/build/classes/java/main/com/laundry/laundryMgmt/models/MachineEntity.class]
10:22:22.357 [Test worker] TRACE org.springframework.boot.jackson.JsonMixinModuleEntries$JsonMixinComponentScanner - Scanning file [/home/kali/Toolbox3/Projet/TestBackend/build/classes/java/main/com/laundry/laundryMgmt/models/ReservationEntity.class]
10:22:22.357 [Test worker] TRACE org.springframework.boot.jackson.JsonMixinModuleEntries$JsonMixinComponentScanner - Ignored because not matching any filter: file [/home/kali/Toolbox3/Projet/TestBackend/build/classes/java/main/com/laundry/laundryMgmt/models/ReservationEntity.class]
10:22:22.357 [Test worker] TRACE org.springframework.boot.jackson.JsonMixinModuleEntries$JsonMixinComponentScanner - Scanning file [/home/kali/Toolbox3/Projet/TestBackend/build/classes/java/main/com/laundry/laundryMgmt/models/SensorEntity.class]
10:22:22.357 [Test worker] TRACE org.springframework.boot.jackson.JsonMixinModuleEntries$JsonMixinComponentScanner - Ignored because not matching any filter: file [/home/kali/Toolbox3/Projet/TestBackend/build/classes/java/main/com/laundry/laundryMgmt/models/SensorEntity.class]
10:22:22.357 [Test worker] TRACE org.springframework.boot.jackson.JsonMixinModuleEntries$JsonMixinComponentScanner - Scanning file [/home/kali/Toolbox3/Projet/TestBackend/build/classes/java/main/com/laundry/laundryMgmt/models/SensorType.class]
10:22:22.357 [Test worker] TRACE org.springframework.boot.jackson.JsonMixinModuleEntries$JsonMixinComponentScanner - Ignored because not matching any filter: file [/home/kali/Toolbox3/Projet/TestBackend/build/classes/java/main/com/laundry/laundryMgmt/models/SensorType.class]
10:22:22.357 [Test worker] TRACE org.springframework.boot.jackson.JsonMixinModuleEntries$JsonMixinComponentScanner - Scanning file [/home/kali/Toolbox3/Projet/TestBackend/build/classes/java/main/com/laundry/laundryMgmt/records/MachineCommand.class]
10:22:22.357 [Test worker] TRACE org.springframework.boot.jackson.JsonMixinModuleEntries$JsonMixinComponentScanner - Ignored because not matching any filter: file [/home/kali/Toolbox3/Projet/TestBackend/build/classes/java/main/com/laundry/laundryMgmt/records/MachineCommand.class]
10:22:22.357 [Test worker] TRACE org.springframework.boot.jackson.JsonMixinModuleEntries$JsonMixinComponentScanner - Scanning file [/home/kali/Toolbox3/Projet/TestBackend/build/classes/java/main/com/laundry/laundryMgmt/records/MachineRecord.class]
10:22:22.358 [Test worker] TRACE org.springframework.boot.jackson.JsonMixinModuleEntries$JsonMixinComponentScanner - Ignored because not matching any filter: file [/home/kali/Toolbox3/Projet/TestBackend/build/classes/java/main/com/laundry/laundryMgmt/records/MachineRecord.class]
10:22:22.358 [Test worker] TRACE org.springframework.boot.jackson.JsonMixinModuleEntries$JsonMixinComponentScanner - Scanning file [/home/kali/Toolbox3/Projet/TestBackend/build/classes/java/main/com/laundry/laundryMgmt/records/ReservationCommand.class]
10:22:22.358 [Test worker] TRACE org.springframework.boot.jackson.JsonMixinModuleEntries$JsonMixinComponentScanner - Ignored because not matching any filter: file [/home/kali/Toolbox3/Projet/TestBackend/build/classes/java/main/com/laundry/laundryMgmt/records/ReservationCommand.class]
10:22:22.358 [Test worker] TRACE org.springframework.boot.jackson.JsonMixinModuleEntries$JsonMixinComponentScanner - Scanning file [/home/kali/Toolbox3/Projet/TestBackend/build/classes/java/main/com/laundry/laundryMgmt/records/ReservationRecord.class]
10:22:22.358 [Test worker] TRACE org.springframework.boot.jackson.JsonMixinModuleEntries$JsonMixinComponentScanner - Ignored because not matching any filter: file [/home/kali/Toolbox3/Projet/TestBackend/build/classes/java/main/com/laundry/laundryMgmt/records/ReservationRecord.class]
10:22:22.358 [Test worker] TRACE org.springframework.boot.jackson.JsonMixinModuleEntries$JsonMixinComponentScanner - Scanning file [/home/kali/Toolbox3/Projet/TestBackend/build/classes/java/main/com/laundry/laundryMgmt/records/SensorRecord.class]
10:22:22.358 [Test worker] TRACE org.springframework.boot.jackson.JsonMixinModuleEntries$JsonMixinComponentScanner - Ignored because not matching any filter: file [/home/kali/Toolbox3/Projet/TestBackend/build/classes/java/main/com/laundry/laundryMgmt/records/SensorRecord.class]
10:22:22.359 [Test worker] TRACE org.springframework.beans.factory.support.DefaultListableBeanFactory - Returning cached instance of singleton bean 'org.springframework.transaction.config.internalTransactionAdvisor'
10:22:22.360 [Test worker] TRACE org.springframework.beans.factory.support.DefaultListableBeanFactory - Returning cached instance of singleton bean 'org.springframework.transaction.config.internalTransactionAdvisor'
10:22:22.360 [Test worker] TRACE org.springframework.beans.factory.support.DefaultListableBeanFactory - Finished creating instance of bean 'jsonMixinModuleEntries'
10:22:22.361 [Test worker] DEBUG org.springframework.beans.factory.support.DefaultListableBeanFactory - Autowiring by type from bean name 'jsonMixinModule' via factory method to bean named 'org.springframework.web.context.support.GenericWebApplicationContext@5a936e64'
10:22:22.361 [Test worker] DEBUG org.springframework.beans.factory.support.DefaultListableBeanFactory - Autowiring by type from bean name 'jsonMixinModule' via factory method to bean named 'jsonMixinModuleEntries'
10:22:22.362 [Test worker] TRACE org.springframework.beans.factory.support.DefaultListableBeanFactory - Returning cached instance of singleton bean 'org.springframework.transaction.config.internalTransactionAdvisor'
10:22:22.362 [Test worker] TRACE org.springframework.beans.factory.support.DefaultListableBeanFactory - Returning cached instance of singleton bean 'org.springframework.transaction.config.internalTransactionAdvisor'
10:22:22.363 [Test worker] TRACE org.springframework.beans.factory.support.DefaultListableBeanFactory - Finished creating instance of bean 'jsonMixinModule'
10:22:22.363 [Test worker] DEBUG org.springframework.beans.factory.support.DefaultListableBeanFactory - Creating shared instance of singleton bean 'jsonComponentModule'
10:22:22.363 [Test worker] TRACE org.springframework.beans.factory.support.DefaultListableBeanFactory - Creating instance of bean 'jsonComponentModule'
10:22:22.363 [Test worker] TRACE org.springframework.beans.factory.support.DefaultListableBeanFactory - Returning cached instance of singleton bean 'org.springframework.transaction.config.internalTransactionAdvisor'
10:22:22.363 [Test worker] DEBUG org.springframework.beans.factory.support.DefaultListableBeanFactory - Creating shared instance of singleton bean 'org.springframework.boot.autoconfigure.jackson.JacksonAutoConfiguration'
10:22:22.363 [Test worker] TRACE org.springframework.beans.factory.support.DefaultListableBeanFactory - Creating instance of bean 'org.springframework.boot.autoconfigure.jackson.JacksonAutoConfiguration'
10:22:22.363 [Test worker] TRACE org.springframework.beans.factory.support.DefaultListableBeanFactory - Returning cached instance of singleton bean 'org.springframework.transaction.config.internalTransactionAdvisor'
10:22:22.363 [Test worker] TRACE org.springframework.beans.factory.support.DefaultListableBeanFactory - Returning cached instance of singleton bean 'org.springframework.transaction.config.internalTransactionAdvisor'
10:22:22.364 [Test worker] TRACE org.springframework.beans.factory.support.DefaultListableBeanFactory - Returning cached instance of singleton bean 'org.springframework.transaction.config.internalTransactionAdvisor'
10:22:22.364 [Test worker] TRACE org.springframework.beans.factory.support.DefaultListableBeanFactory - Finished creating instance of bean 'org.springframework.boot.autoconfigure.jackson.JacksonAutoConfiguration'
10:22:22.365 [Test worker] TRACE org.springframework.beans.factory.support.DefaultListableBeanFactory - Invoking afterPropertiesSet() on bean with name 'jsonComponentModule'
10:22:22.369 [Test worker] TRACE org.springframework.beans.factory.support.DefaultListableBeanFactory - Returning cached instance of singleton bean 'org.springframework.transaction.config.internalTransactionAdvisor'
10:22:22.369 [Test worker] TRACE org.springframework.beans.factory.support.DefaultListableBeanFactory - Returning cached instance of singleton bean 'org.springframework.transaction.config.internalTransactionAdvisor'
10:22:22.370 [Test worker] TRACE org.springframework.beans.factory.support.DefaultListableBeanFactory - Finished creating instance of bean 'jsonComponentModule'
10:22:22.370 [Test worker] DEBUG org.springframework.beans.factory.support.DefaultListableBeanFactory - Creating shared instance of singleton bean 'jacksonGeoModule'
10:22:22.370 [Test worker] TRACE org.springframework.beans.factory.support.DefaultListableBeanFactory - Creating instance of bean 'jacksonGeoModule'
10:22:22.370 [Test worker] TRACE org.springframework.beans.factory.support.DefaultListableBeanFactory - Returning cached instance of singleton bean 'org.springframework.transaction.config.internalTransactionAdvisor'
10:22:22.370 [Test worker] DEBUG org.springframework.beans.factory.support.DefaultListableBeanFactory - Creating shared instance of singleton bean 'org.springframework.data.web.config.SpringDataJacksonConfiguration'
10:22:22.370 [Test worker] TRACE org.springframework.beans.factory.support.DefaultListableBeanFactory - Creating instance of bean 'org.springframework.data.web.config.SpringDataJacksonConfiguration'
10:22:22.370 [Test worker] TRACE org.springframework.beans.factory.support.DefaultListableBeanFactory - Returning cached instance of singleton bean 'org.springframework.transaction.config.internalTransactionAdvisor'
10:22:22.370 [Test worker] TRACE org.springframework.beans.factory.support.DefaultListableBeanFactory - Returning cached instance of singleton bean 'org.springframework.transaction.config.internalTransactionAdvisor'
10:22:22.371 [Test worker] TRACE org.springframework.beans.factory.support.DefaultListableBeanFactory - Returning cached instance of singleton bean 'org.springframework.transaction.config.internalTransactionAdvisor'
10:22:22.371 [Test worker] TRACE org.springframework.beans.factory.support.DefaultListableBeanFactory - Finished creating instance of bean 'org.springframework.data.web.config.SpringDataJacksonConfiguration'
10:22:22.373 [Test worker] TRACE org.springframework.beans.factory.support.DefaultListableBeanFactory - Returning cached instance of singleton bean 'org.springframework.transaction.config.internalTransactionAdvisor'
10:22:22.373 [Test worker] TRACE org.springframework.beans.factory.support.DefaultListableBeanFactory - Returning cached instance of singleton bean 'org.springframework.transaction.config.internalTransactionAdvisor'
10:22:22.373 [Test worker] TRACE org.springframework.beans.factory.support.DefaultListableBeanFactory - Finished creating instance of bean 'jacksonGeoModule'
10:22:22.374 [Test worker] TRACE org.springframework.beans.factory.support.DefaultListableBeanFactory - Returning cached instance of singleton bean 'org.springframework.transaction.config.internalTransactionAdvisor'
10:22:22.374 [Test worker] TRACE org.springframework.beans.factory.support.DefaultListableBeanFactory - Returning cached instance of singleton bean 'org.springframework.transaction.config.internalTransactionAdvisor'
10:22:22.374 [Test worker] TRACE org.springframework.beans.factory.support.DefaultListableBeanFactory - Finished creating instance of bean 'standardJacksonObjectMapperBuilderCustomizer'
10:22:22.374 [Test worker] DEBUG org.springframework.beans.factory.support.DefaultListableBeanFactory - Autowiring by type from bean name 'jacksonObjectMapperBuilder' via factory method to bean named 'org.springframework.web.context.support.GenericWebApplicationContext@5a936e64'
10:22:22.374 [Test worker] DEBUG org.springframework.beans.factory.support.DefaultListableBeanFactory - Autowiring by type from bean name 'jacksonObjectMapperBuilder' via factory method to bean named 'standardJacksonObjectMapperBuilderCustomizer'
10:22:22.377 [Test worker] TRACE org.springframework.beans.factory.support.DefaultListableBeanFactory - Returning cached instance of singleton bean 'org.springframework.transaction.config.internalTransactionAdvisor'
10:22:22.377 [Test worker] TRACE org.springframework.beans.factory.support.DefaultListableBeanFactory - Returning cached instance of singleton bean 'org.springframework.transaction.config.internalTransactionAdvisor'
10:22:22.378 [Test worker] TRACE org.springframework.beans.factory.support.DefaultListableBeanFactory - Finished creating instance of bean 'jacksonObjectMapperBuilder'
10:22:22.378 [Test worker] DEBUG org.springframework.beans.factory.support.DefaultListableBeanFactory - Autowiring by type from bean name 'jacksonObjectMapper' via factory method to bean named 'jacksonObjectMapperBuilder'
10:22:22.390 [Test worker] TRACE org.springframework.beans.factory.support.DefaultListableBeanFactory - Returning cached instance of singleton bean 'org.springframework.transaction.config.internalTransactionAdvisor'
10:22:22.390 [Test worker] TRACE org.springframework.beans.factory.support.DefaultListableBeanFactory - Returning cached instance of singleton bean 'org.springframework.transaction.config.internalTransactionAdvisor'
10:22:22.396 [Test worker] TRACE org.springframework.beans.factory.support.DefaultListableBeanFactory - Finished creating instance of bean 'jacksonObjectMapper'
10:22:22.397 [Test worker] DEBUG org.springframework.beans.factory.support.DefaultListableBeanFactory - Autowiring by type from bean name 'mappingJackson2HttpMessageConverter' via factory method to bean named 'jacksonObjectMapper'
10:22:22.398 [Test worker] TRACE org.springframework.beans.factory.support.DefaultListableBeanFactory - Returning cached instance of singleton bean 'org.springframework.transaction.config.internalTransactionAdvisor'
10:22:22.398 [Test worker] TRACE org.springframework.beans.factory.support.DefaultListableBeanFactory - Returning cached instance of singleton bean 'org.springframework.transaction.config.internalTransactionAdvisor'
10:22:22.399 [Test worker] TRACE org.springframework.beans.factory.support.DefaultListableBeanFactory - Finished creating instance of bean 'mappingJackson2HttpMessageConverter'
10:22:22.399 [Test worker] TRACE org.springframework.beans.factory.support.DefaultListableBeanFactory - Returning cached instance of singleton bean 'stringHttpMessageConverter'
10:22:22.399 [Test worker] TRACE org.springframework.beans.factory.support.DefaultListableBeanFactory - Returning cached instance of singleton bean 'mappingJackson2HttpMessageConverter'
10:22:22.404 [Test worker] TRACE org.springframework.beans.factory.support.DefaultListableBeanFactory - Returning cached instance of singleton bean 'org.springframework.transaction.config.internalTransactionAdvisor'
10:22:22.404 [Test worker] TRACE org.springframework.beans.factory.support.DefaultListableBeanFactory - Returning cached instance of singleton bean 'org.springframework.transaction.config.internalTransactionAdvisor'
10:22:22.404 [Test worker] TRACE org.springframework.beans.factory.support.DefaultListableBeanFactory - Finished creating instance of bean 'messageConverters'
10:22:22.405 [Test worker] TRACE org.springframework.beans.factory.support.DefaultListableBeanFactory - Returning cached instance of singleton bean 'jacksonObjectMapper'
10:22:22.421 [Test worker] DEBUG org.springframework.beans.factory.support.DefaultListableBeanFactory - Creating shared instance of singleton bean 'sortResolver'
10:22:22.422 [Test worker] TRACE org.springframework.beans.factory.support.DefaultListableBeanFactory - Creating instance of bean 'sortResolver'
10:22:22.422 [Test worker] TRACE org.springframework.beans.factory.support.DefaultListableBeanFactory - Returning cached instance of singleton bean 'org.springframework.transaction.config.internalTransactionAdvisor'
10:22:22.422 [Test worker] TRACE org.springframework.beans.factory.support.DefaultListableBeanFactory - Returning cached instance of singleton bean 'org.springframework.data.web.config.SpringDataWebConfiguration'
10:22:22.423 [Test worker] DEBUG org.springframework.beans.factory.support.DefaultListableBeanFactory - Creating shared instance of singleton bean 'sortCustomizer'
10:22:22.423 [Test worker] TRACE org.springframework.beans.factory.support.DefaultListableBeanFactory - Creating instance of bean 'sortCustomizer'
10:22:22.423 [Test worker] TRACE org.springframework.beans.factory.support.DefaultListableBeanFactory - Returning cached instance of singleton bean 'org.springframework.transaction.config.internalTransactionAdvisor'
10:22:22.423 [Test worker] DEBUG org.springframework.beans.factory.support.DefaultListableBeanFactory - Creating shared instance of singleton bean 'org.springframework.boot.autoconfigure.data.web.SpringDataWebAutoConfiguration'
10:22:22.423 [Test worker] TRACE org.springframework.beans.factory.support.DefaultListableBeanFactory - Creating instance of bean 'org.springframework.boot.autoconfigure.data.web.SpringDataWebAutoConfiguration'
10:22:22.423 [Test worker] TRACE org.springframework.beans.factory.support.DefaultListableBeanFactory - Returning cached instance of singleton bean 'org.springframework.transaction.config.internalTransactionAdvisor'
10:22:22.424 [Test worker] DEBUG org.springframework.beans.factory.support.DefaultListableBeanFactory - Creating shared instance of singleton bean 'spring.data.web-org.springframework.boot.autoconfigure.data.web.SpringDataWebProperties'
10:22:22.424 [Test worker] TRACE org.springframework.beans.factory.support.DefaultListableBeanFactory - Creating instance of bean 'spring.data.web-org.springframework.boot.autoconfigure.data.web.SpringDataWebProperties'
10:22:22.424 [Test worker] TRACE org.springframework.beans.factory.support.DefaultListableBeanFactory - Returning cached instance of singleton bean 'org.springframework.transaction.config.internalTransactionAdvisor'
10:22:22.425 [Test worker] TRACE org.springframework.beans.factory.support.DefaultListableBeanFactory - Returning cached instance of singleton bean 'org.springframework.boot.context.properties.BoundConfigurationProperties'
10:22:22.425 [Test worker] TRACE org.springframework.beans.factory.support.DefaultListableBeanFactory - Returning cached instance of singleton bean 'org.springframework.transaction.config.internalTransactionAdvisor'
10:22:22.425 [Test worker] TRACE org.springframework.beans.factory.support.DefaultListableBeanFactory - Returning cached instance of singleton bean 'org.springframework.transaction.config.internalTransactionAdvisor'
10:22:22.425 [Test worker] TRACE org.springframework.beans.factory.support.DefaultListableBeanFactory - Finished creating instance of bean 'spring.data.web-org.springframework.boot.autoconfigure.data.web.SpringDataWebProperties'
10:22:22.426 [Test worker] DEBUG org.springframework.beans.factory.support.DefaultListableBeanFactory - Autowiring by type from bean name 'org.springframework.boot.autoconfigure.data.web.SpringDataWebAutoConfiguration' via constructor to bean named 'spring.data.web-org.springframework.boot.autoconfigure.data.web.SpringDataWebProperties'
10:22:22.426 [Test worker] TRACE org.springframework.beans.factory.support.DefaultListableBeanFactory - Returning cached instance of singleton bean 'org.springframework.transaction.config.internalTransactionAdvisor'
10:22:22.426 [Test worker] TRACE org.springframework.beans.factory.support.DefaultListableBeanFactory - Returning cached instance of singleton bean 'org.springframework.transaction.config.internalTransactionAdvisor'
10:22:22.426 [Test worker] TRACE org.springframework.beans.factory.support.DefaultListableBeanFactory - Finished creating instance of bean 'org.springframework.boot.autoconfigure.data.web.SpringDataWebAutoConfiguration'
10:22:22.427 [Test worker] TRACE org.springframework.beans.factory.support.DefaultListableBeanFactory - Returning cached instance of singleton bean 'org.springframework.transaction.config.internalTransactionAdvisor'
10:22:22.427 [Test worker] TRACE org.springframework.beans.factory.support.DefaultListableBeanFactory - Returning cached instance of singleton bean 'org.springframework.transaction.config.internalTransactionAdvisor'
10:22:22.427 [Test worker] TRACE org.springframework.beans.factory.support.DefaultListableBeanFactory - Finished creating instance of bean 'sortCustomizer'
10:22:22.432 [Test worker] TRACE org.springframework.beans.factory.support.DefaultListableBeanFactory - Returning cached instance of singleton bean 'org.springframework.transaction.config.internalTransactionAdvisor'
10:22:22.432 [Test worker] TRACE org.springframework.beans.factory.support.DefaultListableBeanFactory - Returning cached instance of singleton bean 'org.springframework.transaction.config.internalTransactionAdvisor'
10:22:22.433 [Test worker] TRACE org.springframework.beans.factory.support.DefaultListableBeanFactory - Finished creating instance of bean 'sortResolver'
10:22:22.433 [Test worker] DEBUG org.springframework.beans.factory.support.DefaultListableBeanFactory - Creating shared instance of singleton bean 'pageableResolver'
10:22:22.433 [Test worker] TRACE org.springframework.beans.factory.support.DefaultListableBeanFactory - Creating instance of bean 'pageableResolver'
10:22:22.433 [Test worker] TRACE org.springframework.beans.factory.support.DefaultListableBeanFactory - Returning cached instance of singleton bean 'org.springframework.transaction.config.internalTransactionAdvisor'
10:22:22.433 [Test worker] TRACE org.springframework.beans.factory.support.DefaultListableBeanFactory - Returning cached instance of singleton bean 'org.springframework.data.web.config.SpringDataWebConfiguration'
10:22:22.436 [Test worker] DEBUG org.springframework.beans.factory.support.DefaultListableBeanFactory - Creating shared instance of singleton bean 'pageableCustomizer'
10:22:22.436 [Test worker] TRACE org.springframework.beans.factory.support.DefaultListableBeanFactory - Creating instance of bean 'pageableCustomizer'
10:22:22.436 [Test worker] TRACE org.springframework.beans.factory.support.DefaultListableBeanFactory - Returning cached instance of singleton bean 'org.springframework.transaction.config.internalTransactionAdvisor'
10:22:22.436 [Test worker] TRACE org.springframework.beans.factory.support.DefaultListableBeanFactory - Returning cached instance of singleton bean 'org.springframework.boot.autoconfigure.data.web.SpringDataWebAutoConfiguration'
10:22:22.437 [Test worker] TRACE org.springframework.beans.factory.support.DefaultListableBeanFactory - Returning cached instance of singleton bean 'org.springframework.transaction.config.internalTransactionAdvisor'
10:22:22.437 [Test worker] TRACE org.springframework.beans.factory.support.DefaultListableBeanFactory - Returning cached instance of singleton bean 'org.springframework.transaction.config.internalTransactionAdvisor'
10:22:22.437 [Test worker] TRACE org.springframework.beans.factory.support.DefaultListableBeanFactory - Finished creating instance of bean 'pageableCustomizer'
10:22:22.438 [Test worker] TRACE org.springframework.beans.factory.support.DefaultListableBeanFactory - Returning cached instance of singleton bean 'org.springframework.transaction.config.internalTransactionAdvisor'
10:22:22.438 [Test worker] TRACE org.springframework.beans.factory.support.DefaultListableBeanFactory - Returning cached instance of singleton bean 'org.springframework.transaction.config.internalTransactionAdvisor'
10:22:22.439 [Test worker] TRACE org.springframework.beans.factory.support.DefaultListableBeanFactory - Finished creating instance of bean 'pageableResolver'
10:22:22.441 [Test worker] DEBUG org.springframework.beans.factory.support.DefaultListableBeanFactory - Creating shared instance of singleton bean 'applicationTaskExecutor'
10:22:22.441 [Test worker] TRACE org.springframework.beans.factory.support.DefaultListableBeanFactory - Creating instance of bean 'applicationTaskExecutor'
10:22:22.441 [Test worker] TRACE org.springframework.beans.factory.support.DefaultListableBeanFactory - Returning cached instance of singleton bean 'org.springframework.transaction.config.internalTransactionAdvisor'
10:22:22.442 [Test worker] TRACE org.springframework.beans.factory.support.DefaultListableBeanFactory - Returning cached instance of singleton bean 'org.springframework.boot.autoconfigure.task.TaskExecutionAutoConfiguration'
10:22:22.443 [Test worker] TRACE org.springframework.beans.factory.support.DefaultListableBeanFactory - Returning cached instance of singleton bean 'taskExecutorBuilder'
10:22:22.443 [Test worker] DEBUG org.springframework.beans.factory.support.DefaultListableBeanFactory - Autowiring by type from bean name 'applicationTaskExecutor' via factory method to bean named 'taskExecutorBuilder'
10:22:22.454 [Test worker] TRACE org.springframework.beans.factory.support.DefaultListableBeanFactory - Invoking afterPropertiesSet() on bean with name 'applicationTaskExecutor'
10:22:22.454 [Test worker] DEBUG org.springframework.scheduling.concurrent.ThreadPoolTaskExecutor - Initializing ExecutorService 'applicationTaskExecutor'
10:22:22.455 [Test worker] TRACE org.springframework.beans.factory.support.DefaultListableBeanFactory - Returning cached instance of singleton bean 'org.springframework.transaction.config.internalTransactionAdvisor'
10:22:22.455 [Test worker] TRACE org.springframework.beans.factory.support.DefaultListableBeanFactory - Returning cached instance of singleton bean 'org.springframework.transaction.config.internalTransactionAdvisor'
10:22:22.455 [Test worker] TRACE org.springframework.beans.factory.support.DefaultListableBeanFactory - Finished creating instance of bean 'applicationTaskExecutor'
10:22:22.462 [Test worker] TRACE org.springframework.beans.factory.support.DefaultListableBeanFactory - Invoking afterPropertiesSet() on bean with name 'requestMappingHandlerAdapter'
10:22:22.470 [Test worker] DEBUG org.springframework.web.servlet.mvc.method.annotation.RequestMappingHandlerAdapter - ControllerAdvice beans: 0 @ModelAttribute, 0 @InitBinder, 1 RequestBodyAdvice, 1 ResponseBodyAdvice
10:22:22.512 [Test worker] TRACE org.springframework.beans.factory.support.DefaultListableBeanFactory - Returning cached instance of singleton bean 'org.springframework.transaction.config.internalTransactionAdvisor'
10:22:22.513 [Test worker] TRACE org.springframework.beans.factory.support.DefaultListableBeanFactory - Returning cached instance of singleton bean 'org.springframework.transaction.config.internalTransactionAdvisor'
10:22:22.514 [Test worker] TRACE org.springframework.beans.factory.support.DefaultListableBeanFactory - Finished creating instance of bean 'requestMappingHandlerAdapter'
10:22:22.515 [Test worker] DEBUG org.springframework.beans.factory.support.DefaultListableBeanFactory - Creating shared instance of singleton bean 'welcomePageHandlerMapping'
10:22:22.515 [Test worker] TRACE org.springframework.beans.factory.support.DefaultListableBeanFactory - Creating instance of bean 'welcomePageHandlerMapping'
10:22:22.515 [Test worker] TRACE org.springframework.beans.factory.support.DefaultListableBeanFactory - Returning cached instance of singleton bean 'org.springframework.transaction.config.internalTransactionAdvisor'
10:22:22.515 [Test worker] TRACE org.springframework.beans.factory.support.DefaultListableBeanFactory - Returning cached instance of singleton bean 'org.springframework.boot.autoconfigure.web.servlet.WebMvcAutoConfiguration$EnableWebMvcConfiguration'
10:22:22.515 [Test worker] TRACE org.springframework.beans.factory.support.DefaultListableBeanFactory - Returning cached instance of singleton bean 'mvcConversionService'
10:22:22.515 [Test worker] DEBUG org.springframework.beans.factory.support.DefaultListableBeanFactory - Creating shared instance of singleton bean 'mvcResourceUrlProvider'
10:22:22.515 [Test worker] TRACE org.springframework.beans.factory.support.DefaultListableBeanFactory - Creating instance of bean 'mvcResourceUrlProvider'
10:22:22.516 [Test worker] TRACE org.springframework.beans.factory.support.DefaultListableBeanFactory - Returning cached instance of singleton bean 'org.springframework.transaction.config.internalTransactionAdvisor'
10:22:22.516 [Test worker] TRACE org.springframework.beans.factory.support.DefaultListableBeanFactory - Returning cached instance of singleton bean 'org.springframework.boot.autoconfigure.web.servlet.WebMvcAutoConfiguration$EnableWebMvcConfiguration'
10:22:22.516 [Test worker] TRACE org.springframework.beans.factory.support.DefaultListableBeanFactory - Returning cached instance of singleton bean 'org.springframework.transaction.config.internalTransactionAdvisor'
10:22:22.516 [Test worker] TRACE org.springframework.beans.factory.support.DefaultListableBeanFactory - Returning cached instance of singleton bean 'org.springframework.transaction.config.internalTransactionAdvisor'
10:22:22.517 [Test worker] TRACE org.springframework.beans.factory.support.DefaultListableBeanFactory - Finished creating instance of bean 'mvcResourceUrlProvider'
10:22:22.517 [Test worker] DEBUG org.springframework.beans.factory.support.DefaultListableBeanFactory - Autowiring by type from bean name 'welcomePageHandlerMapping' via factory method to bean named 'org.springframework.web.context.support.GenericWebApplicationContext@5a936e64'
10:22:22.517 [Test worker] DEBUG org.springframework.beans.factory.support.DefaultListableBeanFactory - Autowiring by type from bean name 'welcomePageHandlerMapping' via factory method to bean named 'mvcConversionService'
10:22:22.517 [Test worker] DEBUG org.springframework.beans.factory.support.DefaultListableBeanFactory - Autowiring by type from bean name 'welcomePageHandlerMapping' via factory method to bean named 'mvcResourceUrlProvider'
10:22:22.518 [Test worker] TRACE org.springframework.core.io.support.SpringFactoriesLoader - Loaded [org.springframework.boot.autoconfigure.template.TemplateAvailabilityProvider] names: [org.springframework.boot.autoconfigure.freemarker.FreeMarkerTemplateAvailabilityProvider, org.springframework.boot.autoconfigure.mustache.MustacheTemplateAvailabilityProvider, org.springframework.boot.autoconfigure.groovy.template.GroovyTemplateAvailabilityProvider, org.springframework.boot.autoconfigure.thymeleaf.ThymeleafTemplateAvailabilityProvider, org.springframework.boot.autoconfigure.web.servlet.JspTemplateAvailabilityProvider]
10:22:22.520 [Test worker] INFO  org.springframework.boot.autoconfigure.web.servlet.WelcomePageHandlerMapping - Adding welcome page: class path resource [static/index.html]
10:22:22.525 [Test worker] TRACE org.springframework.beans.factory.support.DefaultListableBeanFactory - Returning cached instance of singleton bean 'org.springframework.transaction.config.internalTransactionAdvisor'
10:22:22.525 [Test worker] TRACE org.springframework.beans.factory.support.DefaultListableBeanFactory - Returning cached instance of singleton bean 'org.springframework.transaction.config.internalTransactionAdvisor'
10:22:22.541 [Test worker] TRACE org.springframework.beans.factory.support.DefaultListableBeanFactory - Finished creating instance of bean 'welcomePageHandlerMapping'
10:22:22.541 [Test worker] DEBUG org.springframework.beans.factory.support.DefaultListableBeanFactory - Creating shared instance of singleton bean 'welcomePageNotAcceptableHandlerMapping'
10:22:22.541 [Test worker] TRACE org.springframework.beans.factory.support.DefaultListableBeanFactory - Creating instance of bean 'welcomePageNotAcceptableHandlerMapping'
10:22:22.541 [Test worker] TRACE org.springframework.beans.factory.support.DefaultListableBeanFactory - Returning cached instance of singleton bean 'org.springframework.transaction.config.internalTransactionAdvisor'
10:22:22.541 [Test worker] TRACE org.springframework.beans.factory.support.DefaultListableBeanFactory - Returning cached instance of singleton bean 'org.springframework.boot.autoconfigure.web.servlet.WebMvcAutoConfiguration$EnableWebMvcConfiguration'
10:22:22.542 [Test worker] TRACE org.springframework.beans.factory.support.DefaultListableBeanFactory - Returning cached instance of singleton bean 'mvcConversionService'
10:22:22.542 [Test worker] TRACE org.springframework.beans.factory.support.DefaultListableBeanFactory - Returning cached instance of singleton bean 'mvcResourceUrlProvider'
10:22:22.542 [Test worker] DEBUG org.springframework.beans.factory.support.DefaultListableBeanFactory - Autowiring by type from bean name 'welcomePageNotAcceptableHandlerMapping' via factory method to bean named 'org.springframework.web.context.support.GenericWebApplicationContext@5a936e64'
10:22:22.542 [Test worker] DEBUG org.springframework.beans.factory.support.DefaultListableBeanFactory - Autowiring by type from bean name 'welcomePageNotAcceptableHandlerMapping' via factory method to bean named 'mvcConversionService'
10:22:22.542 [Test worker] DEBUG org.springframework.beans.factory.support.DefaultListableBeanFactory - Autowiring by type from bean name 'welcomePageNotAcceptableHandlerMapping' via factory method to bean named 'mvcResourceUrlProvider'
10:22:22.542 [Test worker] TRACE org.springframework.core.io.support.SpringFactoriesLoader - Loaded [org.springframework.boot.autoconfigure.template.TemplateAvailabilityProvider] names: [org.springframework.boot.autoconfigure.freemarker.FreeMarkerTemplateAvailabilityProvider, org.springframework.boot.autoconfigure.mustache.MustacheTemplateAvailabilityProvider, org.springframework.boot.autoconfigure.groovy.template.GroovyTemplateAvailabilityProvider, org.springframework.boot.autoconfigure.thymeleaf.ThymeleafTemplateAvailabilityProvider, org.springframework.boot.autoconfigure.web.servlet.JspTemplateAvailabilityProvider]
10:22:22.544 [Test worker] TRACE org.springframework.beans.factory.support.DefaultListableBeanFactory - Returning cached instance of singleton bean 'org.springframework.transaction.config.internalTransactionAdvisor'
10:22:22.544 [Test worker] TRACE org.springframework.beans.factory.support.DefaultListableBeanFactory - Returning cached instance of singleton bean 'org.springframework.transaction.config.internalTransactionAdvisor'
10:22:22.545 [Test worker] TRACE org.springframework.beans.factory.support.DefaultListableBeanFactory - Finished creating instance of bean 'welcomePageNotAcceptableHandlerMapping'
10:22:22.545 [Test worker] DEBUG org.springframework.beans.factory.support.DefaultListableBeanFactory - Creating shared instance of singleton bean 'localeResolver'
10:22:22.545 [Test worker] TRACE org.springframework.beans.factory.support.DefaultListableBeanFactory - Creating instance of bean 'localeResolver'
10:22:22.545 [Test worker] TRACE org.springframework.beans.factory.support.DefaultListableBeanFactory - Returning cached instance of singleton bean 'org.springframework.transaction.config.internalTransactionAdvisor'
10:22:22.546 [Test worker] TRACE org.springframework.beans.factory.support.DefaultListableBeanFactory - Returning cached instance of singleton bean 'org.springframework.boot.autoconfigure.web.servlet.WebMvcAutoConfiguration$EnableWebMvcConfiguration'
10:22:22.547 [Test worker] TRACE org.springframework.beans.factory.support.DefaultListableBeanFactory - Returning cached instance of singleton bean 'org.springframework.transaction.config.internalTransactionAdvisor'
10:22:22.547 [Test worker] TRACE org.springframework.beans.factory.support.DefaultListableBeanFactory - Returning cached instance of singleton bean 'org.springframework.transaction.config.internalTransactionAdvisor'
10:22:22.547 [Test worker] TRACE org.springframework.beans.factory.support.DefaultListableBeanFactory - Finished creating instance of bean 'localeResolver'
10:22:22.547 [Test worker] DEBUG org.springframework.beans.factory.support.DefaultListableBeanFactory - Creating shared instance of singleton bean 'themeResolver'
10:22:22.547 [Test worker] TRACE org.springframework.beans.factory.support.DefaultListableBeanFactory - Creating instance of bean 'themeResolver'
10:22:22.547 [Test worker] TRACE org.springframework.beans.factory.support.DefaultListableBeanFactory - Returning cached instance of singleton bean 'org.springframework.transaction.config.internalTransactionAdvisor'
10:22:22.547 [Test worker] TRACE org.springframework.beans.factory.support.DefaultListableBeanFactory - Returning cached instance of singleton bean 'org.springframework.boot.autoconfigure.web.servlet.WebMvcAutoConfiguration$EnableWebMvcConfiguration'
10:22:22.548 [Test worker] TRACE org.springframework.beans.factory.support.DefaultListableBeanFactory - Returning cached instance of singleton bean 'org.springframework.transaction.config.internalTransactionAdvisor'
10:22:22.548 [Test worker] TRACE org.springframework.beans.factory.support.DefaultListableBeanFactory - Returning cached instance of singleton bean 'org.springframework.transaction.config.internalTransactionAdvisor'
10:22:22.549 [Test worker] TRACE org.springframework.beans.factory.support.DefaultListableBeanFactory - Finished creating instance of bean 'themeResolver'
10:22:22.549 [Test worker] DEBUG org.springframework.beans.factory.support.DefaultListableBeanFactory - Creating shared instance of singleton bean 'flashMapManager'
10:22:22.549 [Test worker] TRACE org.springframework.beans.factory.support.DefaultListableBeanFactory - Creating instance of bean 'flashMapManager'
10:22:22.549 [Test worker] TRACE org.springframework.beans.factory.support.DefaultListableBeanFactory - Returning cached instance of singleton bean 'org.springframework.transaction.config.internalTransactionAdvisor'
10:22:22.549 [Test worker] TRACE org.springframework.beans.factory.support.DefaultListableBeanFactory - Returning cached instance of singleton bean 'org.springframework.boot.autoconfigure.web.servlet.WebMvcAutoConfiguration$EnableWebMvcConfiguration'
10:22:22.567 [Test worker] TRACE org.springframework.beans.factory.support.DefaultListableBeanFactory - Returning cached instance of singleton bean 'org.springframework.transaction.config.internalTransactionAdvisor'
10:22:22.567 [Test worker] TRACE org.springframework.beans.factory.support.DefaultListableBeanFactory - Returning cached instance of singleton bean 'org.springframework.transaction.config.internalTransactionAdvisor'
10:22:22.568 [Test worker] TRACE org.springframework.beans.factory.support.DefaultListableBeanFactory - Finished creating instance of bean 'flashMapManager'
10:22:22.569 [Test worker] TRACE org.springframework.beans.factory.support.DefaultListableBeanFactory - Returning cached instance of singleton bean 'mvcConversionService'
10:22:22.569 [Test worker] TRACE org.springframework.beans.factory.support.DefaultListableBeanFactory - Returning cached instance of singleton bean 'mvcValidator'
10:22:22.569 [Test worker] TRACE org.springframework.beans.factory.support.DefaultListableBeanFactory - Returning cached instance of singleton bean 'mvcContentNegotiationManager'
10:22:22.569 [Test worker] DEBUG org.springframework.beans.factory.support.DefaultListableBeanFactory - Creating shared instance of singleton bean 'requestMappingHandlerMapping'
10:22:22.569 [Test worker] TRACE org.springframework.beans.factory.support.DefaultListableBeanFactory - Creating instance of bean 'requestMappingHandlerMapping'
10:22:22.569 [Test worker] TRACE org.springframework.beans.factory.support.DefaultListableBeanFactory - Returning cached instance of singleton bean 'org.springframework.transaction.config.internalTransactionAdvisor'
10:22:22.569 [Test worker] TRACE org.springframework.beans.factory.support.DefaultListableBeanFactory - Returning cached instance of singleton bean 'org.springframework.boot.autoconfigure.web.servlet.WebMvcAutoConfiguration$EnableWebMvcConfiguration'
10:22:22.569 [Test worker] TRACE org.springframework.beans.factory.support.DefaultListableBeanFactory - Returning cached instance of singleton bean 'mvcContentNegotiationManager'
10:22:22.570 [Test worker] TRACE org.springframework.beans.factory.support.DefaultListableBeanFactory - Returning cached instance of singleton bean 'mvcConversionService'
10:22:22.570 [Test worker] TRACE org.springframework.beans.factory.support.DefaultListableBeanFactory - Returning cached instance of singleton bean 'mvcResourceUrlProvider'
10:22:22.570 [Test worker] DEBUG org.springframework.beans.factory.support.DefaultListableBeanFactory - Autowiring by type from bean name 'requestMappingHandlerMapping' via factory method to bean named 'mvcContentNegotiationManager'
10:22:22.571 [Test worker] DEBUG org.springframework.beans.factory.support.DefaultListableBeanFactory - Autowiring by type from bean name 'requestMappingHandlerMapping' via factory method to bean named 'mvcConversionService'
10:22:22.571 [Test worker] DEBUG org.springframework.beans.factory.support.DefaultListableBeanFactory - Autowiring by type from bean name 'requestMappingHandlerMapping' via factory method to bean named 'mvcResourceUrlProvider'
10:22:22.598 [Test worker] TRACE org.springframework.beans.factory.support.DefaultListableBeanFactory - Invoking afterPropertiesSet() on bean with name 'requestMappingHandlerMapping'
10:22:22.635 [Test worker] TRACE org.springframework.web.servlet.mvc.method.annotation.RequestMappingHandlerMapping - 
	c.l.l.c.MachineController:
	{GET [/api/machines/{id}]}: findById(Long)
	{DELETE [/api/machines/{id}]}: delete(Long)
	{POST [/api/machines]}: create(MachineCommand)
	{GET [/api/machines]}: findAll()
	{PUT [/api/machines/updateAvailable/{id}]}: updateStatus(Long)
10:22:22.653 [Test worker] TRACE org.springframework.web.servlet.mvc.method.annotation.RequestMappingHandlerMapping - 
	c.l.l.c.ReservationController:
	{GET [/api/reservation/{id}]}: findById(Long)
	{PUT [/api/reservation/{id}]}: update(Long,ReservationCommand)
	{DELETE [/api/reservation/{id}]}: delete(Long)
	{POST [/api/reservation]}: create(ReservationCommand)
	{GET [/api/reservation]}: findAll()
10:22:22.654 [Test worker] TRACE org.springframework.web.servlet.mvc.method.annotation.RequestMappingHandlerMapping - 
	c.l.l.c.SecurityController:
	{GET [/api/admin/users/me]}: findUserName(UserDetails)
10:22:22.656 [Test worker] TRACE org.springframework.web.servlet.mvc.method.annotation.RequestMappingHandlerMapping - 
	c.l.l.c.SensorController:
	{GET [/api/sensors/by-id/{id}]}: findById(Long)
	{PUT [/api/sensors/{id}/status]}: update(Long)
	{DELETE [/api/sensors/{id}]}: delete(Long)
	{POST [/api/sensors]}: create(SensorRecord)
	{GET [/api/sensors]}: findAll()
	{PUT [/api/sensors/update/{id}]}: updateMeasure(Long,SensorRecord)
	{GET [/api/sensors/types]}: findAllSensorTypes()
10:22:22.658 [Test worker] TRACE org.springframework.core.env.PropertySourcesPropertyResolver - Searching for key 'error.path:/error' in PropertySource 'environmentProperties'
10:22:22.658 [Test worker] TRACE org.springframework.boot.context.properties.source.ConfigurationPropertySourcesPropertyResolver$DefaultResolver - Searching for key 'error.path:/error' in PropertySource 'configurationProperties'
10:22:22.658 [Test worker] TRACE org.springframework.boot.context.properties.source.ConfigurationPropertySourcesPropertyResolver$DefaultResolver - Searching for key 'error.path:/error' in PropertySource 'test'
10:22:22.658 [Test worker] TRACE org.springframework.boot.context.properties.source.ConfigurationPropertySourcesPropertyResolver$DefaultResolver - Searching for key 'error.path:/error' in PropertySource 'Inlined Test Properties'
10:22:22.658 [Test worker] TRACE org.springframework.boot.context.properties.source.ConfigurationPropertySourcesPropertyResolver$DefaultResolver - Searching for key 'error.path:/error' in PropertySource 'servletConfigInitParams'
10:22:22.658 [Test worker] TRACE org.springframework.boot.context.properties.source.ConfigurationPropertySourcesPropertyResolver$DefaultResolver - Searching for key 'error.path:/error' in PropertySource 'servletContextInitParams'
10:22:22.658 [Test worker] TRACE org.springframework.boot.context.properties.source.ConfigurationPropertySourcesPropertyResolver$DefaultResolver - Searching for key 'error.path:/error' in PropertySource 'systemProperties'
10:22:22.658 [Test worker] TRACE org.springframework.boot.context.properties.source.ConfigurationPropertySourcesPropertyResolver$DefaultResolver - Searching for key 'error.path:/error' in PropertySource 'systemEnvironment'
10:22:22.658 [Test worker] TRACE org.springframework.boot.context.properties.source.ConfigurationPropertySourcesPropertyResolver$DefaultResolver - Searching for key 'error.path:/error' in PropertySource 'random'
10:22:22.658 [Test worker] TRACE org.springframework.boot.context.properties.source.ConfigurationPropertySourcesPropertyResolver$DefaultResolver - Searching for key 'error.path:/error' in PropertySource 'Config resource 'class path resource [application.properties]' via location 'optional:classpath:/''
10:22:22.658 [Test worker] TRACE org.springframework.boot.context.properties.source.ConfigurationPropertySourcesPropertyResolver$DefaultResolver - Could not find key 'error.path:/error' in any property source
10:22:22.658 [Test worker] TRACE org.springframework.core.env.PropertySourcesPropertyResolver - Searching for key 'error.path:/error' in PropertySource 'localProperties'
10:22:22.658 [Test worker] TRACE org.springframework.core.env.PropertySourcesPropertyResolver - Could not find key 'error.path:/error' in any property source
10:22:22.658 [Test worker] TRACE org.springframework.core.env.PropertySourcesPropertyResolver - Searching for key 'error.path' in PropertySource 'environmentProperties'
10:22:22.658 [Test worker] TRACE org.springframework.core.env.PropertySourcesPropertyResolver - Searching for key 'error.path' in PropertySource 'localProperties'
10:22:22.658 [Test worker] TRACE org.springframework.core.env.PropertySourcesPropertyResolver - Could not find key 'error.path' in any property source
10:22:22.658 [Test worker] TRACE org.springframework.util.PropertyPlaceholderHelper - Resolved placeholder 'error.path:/error'
10:22:22.658 [Test worker] TRACE org.springframework.core.env.PropertySourcesPropertyResolver - Searching for key 'server.error.path:/error' in PropertySource 'environmentProperties'
10:22:22.658 [Test worker] TRACE org.springframework.boot.context.properties.source.ConfigurationPropertySourcesPropertyResolver$DefaultResolver - Searching for key 'server.error.path:/error' in PropertySource 'configurationProperties'
10:22:22.658 [Test worker] TRACE org.springframework.boot.context.properties.source.ConfigurationPropertySourcesPropertyResolver$DefaultResolver - Searching for key 'server.error.path:/error' in PropertySource 'test'
10:22:22.658 [Test worker] TRACE org.springframework.boot.context.properties.source.ConfigurationPropertySourcesPropertyResolver$DefaultResolver - Searching for key 'server.error.path:/error' in PropertySource 'Inlined Test Properties'
10:22:22.658 [Test worker] TRACE org.springframework.boot.context.properties.source.ConfigurationPropertySourcesPropertyResolver$DefaultResolver - Searching for key 'server.error.path:/error' in PropertySource 'servletConfigInitParams'
10:22:22.658 [Test worker] TRACE org.springframework.boot.context.properties.source.ConfigurationPropertySourcesPropertyResolver$DefaultResolver - Searching for key 'server.error.path:/error' in PropertySource 'servletContextInitParams'
10:22:22.659 [Test worker] TRACE org.springframework.boot.context.properties.source.ConfigurationPropertySourcesPropertyResolver$DefaultResolver - Searching for key 'server.error.path:/error' in PropertySource 'systemProperties'
10:22:22.659 [Test worker] TRACE org.springframework.boot.context.properties.source.ConfigurationPropertySourcesPropertyResolver$DefaultResolver - Searching for key 'server.error.path:/error' in PropertySource 'systemEnvironment'
10:22:22.659 [Test worker] TRACE org.springframework.boot.context.properties.source.ConfigurationPropertySourcesPropertyResolver$DefaultResolver - Searching for key 'server.error.path:/error' in PropertySource 'random'
10:22:22.659 [Test worker] TRACE org.springframework.boot.context.properties.source.ConfigurationPropertySourcesPropertyResolver$DefaultResolver - Searching for key 'server.error.path:/error' in PropertySource 'Config resource 'class path resource [application.properties]' via location 'optional:classpath:/''
10:22:22.659 [Test worker] TRACE org.springframework.boot.context.properties.source.ConfigurationPropertySourcesPropertyResolver$DefaultResolver - Could not find key 'server.error.path:/error' in any property source
10:22:22.659 [Test worker] TRACE org.springframework.core.env.PropertySourcesPropertyResolver - Searching for key 'server.error.path:/error' in PropertySource 'localProperties'
10:22:22.659 [Test worker] TRACE org.springframework.core.env.PropertySourcesPropertyResolver - Could not find key 'server.error.path:/error' in any property source
10:22:22.659 [Test worker] TRACE org.springframework.core.env.PropertySourcesPropertyResolver - Searching for key 'server.error.path' in PropertySource 'environmentProperties'
10:22:22.659 [Test worker] TRACE org.springframework.core.env.PropertySourcesPropertyResolver - Searching for key 'server.error.path' in PropertySource 'localProperties'
10:22:22.659 [Test worker] TRACE org.springframework.core.env.PropertySourcesPropertyResolver - Could not find key 'server.error.path' in any property source
10:22:22.659 [Test worker] TRACE org.springframework.util.PropertyPlaceholderHelper - Resolved placeholder 'server.error.path:/error'
10:22:22.659 [Test worker] TRACE org.springframework.core.env.PropertySourcesPropertyResolver - Searching for key 'error.path:/error' in PropertySource 'environmentProperties'
10:22:22.659 [Test worker] TRACE org.springframework.boot.context.properties.source.ConfigurationPropertySourcesPropertyResolver$DefaultResolver - Searching for key 'error.path:/error' in PropertySource 'configurationProperties'
10:22:22.659 [Test worker] TRACE org.springframework.boot.context.properties.source.ConfigurationPropertySourcesPropertyResolver$DefaultResolver - Searching for key 'error.path:/error' in PropertySource 'test'
10:22:22.659 [Test worker] TRACE org.springframework.boot.context.properties.source.ConfigurationPropertySourcesPropertyResolver$DefaultResolver - Searching for key 'error.path:/error' in PropertySource 'Inlined Test Properties'
10:22:22.659 [Test worker] TRACE org.springframework.boot.context.properties.source.ConfigurationPropertySourcesPropertyResolver$DefaultResolver - Searching for key 'error.path:/error' in PropertySource 'servletConfigInitParams'
10:22:22.659 [Test worker] TRACE org.springframework.boot.context.properties.source.ConfigurationPropertySourcesPropertyResolver$DefaultResolver - Searching for key 'error.path:/error' in PropertySource 'servletContextInitParams'
10:22:22.659 [Test worker] TRACE org.springframework.boot.context.properties.source.ConfigurationPropertySourcesPropertyResolver$DefaultResolver - Searching for key 'error.path:/error' in PropertySource 'systemProperties'
10:22:22.659 [Test worker] TRACE org.springframework.boot.context.properties.source.ConfigurationPropertySourcesPropertyResolver$DefaultResolver - Searching for key 'error.path:/error' in PropertySource 'systemEnvironment'
10:22:22.659 [Test worker] TRACE org.springframework.boot.context.properties.source.ConfigurationPropertySourcesPropertyResolver$DefaultResolver - Searching for key 'error.path:/error' in PropertySource 'random'
10:22:22.659 [Test worker] TRACE org.springframework.boot.context.properties.source.ConfigurationPropertySourcesPropertyResolver$DefaultResolver - Searching for key 'error.path:/error' in PropertySource 'Config resource 'class path resource [application.properties]' via location 'optional:classpath:/''
10:22:22.659 [Test worker] TRACE org.springframework.boot.context.properties.source.ConfigurationPropertySourcesPropertyResolver$DefaultResolver - Could not find key 'error.path:/error' in any property source
10:22:22.659 [Test worker] TRACE org.springframework.core.env.PropertySourcesPropertyResolver - Searching for key 'error.path:/error' in PropertySource 'localProperties'
10:22:22.659 [Test worker] TRACE org.springframework.core.env.PropertySourcesPropertyResolver - Could not find key 'error.path:/error' in any property source
10:22:22.659 [Test worker] TRACE org.springframework.core.env.PropertySourcesPropertyResolver - Searching for key 'error.path' in PropertySource 'environmentProperties'
10:22:22.659 [Test worker] TRACE org.springframework.core.env.PropertySourcesPropertyResolver - Searching for key 'error.path' in PropertySource 'localProperties'
10:22:22.659 [Test worker] TRACE org.springframework.core.env.PropertySourcesPropertyResolver - Could not find key 'error.path' in any property source
10:22:22.659 [Test worker] TRACE org.springframework.util.PropertyPlaceholderHelper - Resolved placeholder 'error.path:/error'
10:22:22.659 [Test worker] TRACE org.springframework.core.env.PropertySourcesPropertyResolver - Searching for key 'server.error.path:/error' in PropertySource 'environmentProperties'
10:22:22.659 [Test worker] TRACE org.springframework.boot.context.properties.source.ConfigurationPropertySourcesPropertyResolver$DefaultResolver - Searching for key 'server.error.path:/error' in PropertySource 'configurationProperties'
10:22:22.659 [Test worker] TRACE org.springframework.boot.context.properties.source.ConfigurationPropertySourcesPropertyResolver$DefaultResolver - Searching for key 'server.error.path:/error' in PropertySource 'test'
10:22:22.659 [Test worker] TRACE org.springframework.boot.context.properties.source.ConfigurationPropertySourcesPropertyResolver$DefaultResolver - Searching for key 'server.error.path:/error' in PropertySource 'Inlined Test Properties'
10:22:22.660 [Test worker] TRACE org.springframework.boot.context.properties.source.ConfigurationPropertySourcesPropertyResolver$DefaultResolver - Searching for key 'server.error.path:/error' in PropertySource 'servletConfigInitParams'
10:22:22.660 [Test worker] TRACE org.springframework.boot.context.properties.source.ConfigurationPropertySourcesPropertyResolver$DefaultResolver - Searching for key 'server.error.path:/error' in PropertySource 'servletContextInitParams'
10:22:22.660 [Test worker] TRACE org.springframework.boot.context.properties.source.ConfigurationPropertySourcesPropertyResolver$DefaultResolver - Searching for key 'server.error.path:/error' in PropertySource 'systemProperties'
10:22:22.660 [Test worker] TRACE org.springframework.boot.context.properties.source.ConfigurationPropertySourcesPropertyResolver$DefaultResolver - Searching for key 'server.error.path:/error' in PropertySource 'systemEnvironment'
10:22:22.660 [Test worker] TRACE org.springframework.boot.context.properties.source.ConfigurationPropertySourcesPropertyResolver$DefaultResolver - Searching for key 'server.error.path:/error' in PropertySource 'random'
10:22:22.660 [Test worker] TRACE org.springframework.boot.context.properties.source.ConfigurationPropertySourcesPropertyResolver$DefaultResolver - Searching for key 'server.error.path:/error' in PropertySource 'Config resource 'class path resource [application.properties]' via location 'optional:classpath:/''
10:22:22.660 [Test worker] TRACE org.springframework.boot.context.properties.source.ConfigurationPropertySourcesPropertyResolver$DefaultResolver - Could not find key 'server.error.path:/error' in any property source
10:22:22.660 [Test worker] TRACE org.springframework.core.env.PropertySourcesPropertyResolver - Searching for key 'server.error.path:/error' in PropertySource 'localProperties'
10:22:22.660 [Test worker] TRACE org.springframework.core.env.PropertySourcesPropertyResolver - Could not find key 'server.error.path:/error' in any property source
10:22:22.660 [Test worker] TRACE org.springframework.core.env.PropertySourcesPropertyResolver - Searching for key 'server.error.path' in PropertySource 'environmentProperties'
10:22:22.660 [Test worker] TRACE org.springframework.core.env.PropertySourcesPropertyResolver - Searching for key 'server.error.path' in PropertySource 'localProperties'
10:22:22.660 [Test worker] TRACE org.springframework.core.env.PropertySourcesPropertyResolver - Could not find key 'server.error.path' in any property source
10:22:22.660 [Test worker] TRACE org.springframework.util.PropertyPlaceholderHelper - Resolved placeholder 'server.error.path:/error'
10:22:22.660 [Test worker] TRACE org.springframework.web.servlet.mvc.method.annotation.RequestMappingHandlerMapping - 
	o.s.b.a.w.s.e.BasicErrorController:
	{ [/error]}: error(HttpServletRequest)
	{ [/error], produces [text/html]}: errorHtml(HttpServletRequest,HttpServletResponse)
10:22:22.663 [Test worker] TRACE org.springframework.core.env.PropertySourcesPropertyResolver - Searching for key 'springdoc.api-docs.path:#{T(org.springdoc.core.utils.Constants).DEFAULT_API_DOCS_URL}' in PropertySource 'environmentProperties'
10:22:22.671 [Test worker] TRACE org.springframework.boot.context.properties.source.ConfigurationPropertySourcesPropertyResolver$DefaultResolver - Searching for key 'springdoc.api-docs.path:#{T(org.springdoc.core.utils.Constants).DEFAULT_API_DOCS_URL}' in PropertySource 'configurationProperties'
10:22:22.671 [Test worker] TRACE org.springframework.boot.context.properties.source.ConfigurationPropertySourcesPropertyResolver$DefaultResolver - Searching for key 'springdoc.api-docs.path:#{T(org.springdoc.core.utils.Constants).DEFAULT_API_DOCS_URL}' in PropertySource 'test'
10:22:22.671 [Test worker] TRACE org.springframework.boot.context.properties.source.ConfigurationPropertySourcesPropertyResolver$DefaultResolver - Searching for key 'springdoc.api-docs.path:#{T(org.springdoc.core.utils.Constants).DEFAULT_API_DOCS_URL}' in PropertySource 'Inlined Test Properties'
10:22:22.671 [Test worker] TRACE org.springframework.boot.context.properties.source.ConfigurationPropertySourcesPropertyResolver$DefaultResolver - Searching for key 'springdoc.api-docs.path:#{T(org.springdoc.core.utils.Constants).DEFAULT_API_DOCS_URL}' in PropertySource 'servletConfigInitParams'
10:22:22.673 [Test worker] TRACE org.springframework.boot.context.properties.source.ConfigurationPropertySourcesPropertyResolver$DefaultResolver - Searching for key 'springdoc.api-docs.path:#{T(org.springdoc.core.utils.Constants).DEFAULT_API_DOCS_URL}' in PropertySource 'servletContextInitParams'
10:22:22.673 [Test worker] TRACE org.springframework.boot.context.properties.source.ConfigurationPropertySourcesPropertyResolver$DefaultResolver - Searching for key 'springdoc.api-docs.path:#{T(org.springdoc.core.utils.Constants).DEFAULT_API_DOCS_URL}' in PropertySource 'systemProperties'
10:22:22.674 [Test worker] TRACE org.springframework.boot.context.properties.source.ConfigurationPropertySourcesPropertyResolver$DefaultResolver - Searching for key 'springdoc.api-docs.path:#{T(org.springdoc.core.utils.Constants).DEFAULT_API_DOCS_URL}' in PropertySource 'systemEnvironment'
10:22:22.674 [Test worker] TRACE org.springframework.boot.context.properties.source.ConfigurationPropertySourcesPropertyResolver$DefaultResolver - Searching for key 'springdoc.api-docs.path:#{T(org.springdoc.core.utils.Constants).DEFAULT_API_DOCS_URL}' in PropertySource 'random'
10:22:22.675 [Test worker] TRACE org.springframework.boot.context.properties.source.ConfigurationPropertySourcesPropertyResolver$DefaultResolver - Searching for key 'springdoc.api-docs.path:#{T(org.springdoc.core.utils.Constants).DEFAULT_API_DOCS_URL}' in PropertySource 'Config resource 'class path resource [application.properties]' via location 'optional:classpath:/''
10:22:22.675 [Test worker] TRACE org.springframework.boot.context.properties.source.ConfigurationPropertySourcesPropertyResolver$DefaultResolver - Could not find key 'springdoc.api-docs.path:#{T(org.springdoc.core.utils.Constants).DEFAULT_API_DOCS_URL}' in any property source
10:22:22.675 [Test worker] TRACE org.springframework.core.env.PropertySourcesPropertyResolver - Searching for key 'springdoc.api-docs.path:#{T(org.springdoc.core.utils.Constants).DEFAULT_API_DOCS_URL}' in PropertySource 'localProperties'
10:22:22.675 [Test worker] TRACE org.springframework.core.env.PropertySourcesPropertyResolver - Could not find key 'springdoc.api-docs.path:#{T(org.springdoc.core.utils.Constants).DEFAULT_API_DOCS_URL}' in any property source
10:22:22.675 [Test worker] TRACE org.springframework.core.env.PropertySourcesPropertyResolver - Searching for key 'springdoc.api-docs.path' in PropertySource 'environmentProperties'
10:22:22.675 [Test worker] TRACE org.springframework.core.env.PropertySourcesPropertyResolver - Searching for key 'springdoc.api-docs.path' in PropertySource 'localProperties'
10:22:22.675 [Test worker] TRACE org.springframework.core.env.PropertySourcesPropertyResolver - Could not find key 'springdoc.api-docs.path' in any property source
10:22:22.675 [Test worker] TRACE org.springframework.util.PropertyPlaceholderHelper - Resolved placeholder 'springdoc.api-docs.path:#{T(org.springdoc.core.utils.Constants).DEFAULT_API_DOCS_URL}'
10:22:22.684 [Test worker] TRACE org.springframework.core.env.PropertySourcesPropertyResolver - Searching for key 'springdoc.api-docs.path:#{T(org.springdoc.core.utils.Constants).DEFAULT_API_DOCS_URL}' in PropertySource 'environmentProperties'
10:22:22.685 [Test worker] TRACE org.springframework.boot.context.properties.source.ConfigurationPropertySourcesPropertyResolver$DefaultResolver - Searching for key 'springdoc.api-docs.path:#{T(org.springdoc.core.utils.Constants).DEFAULT_API_DOCS_URL}' in PropertySource 'configurationProperties'
10:22:22.686 [Test worker] TRACE org.springframework.boot.context.properties.source.ConfigurationPropertySourcesPropertyResolver$DefaultResolver - Searching for key 'springdoc.api-docs.path:#{T(org.springdoc.core.utils.Constants).DEFAULT_API_DOCS_URL}' in PropertySource 'test'
10:22:22.686 [Test worker] TRACE org.springframework.boot.context.properties.source.ConfigurationPropertySourcesPropertyResolver$DefaultResolver - Searching for key 'springdoc.api-docs.path:#{T(org.springdoc.core.utils.Constants).DEFAULT_API_DOCS_URL}' in PropertySource 'Inlined Test Properties'
10:22:22.686 [Test worker] TRACE org.springframework.boot.context.properties.source.ConfigurationPropertySourcesPropertyResolver$DefaultResolver - Searching for key 'springdoc.api-docs.path:#{T(org.springdoc.core.utils.Constants).DEFAULT_API_DOCS_URL}' in PropertySource 'servletConfigInitParams'
10:22:22.686 [Test worker] TRACE org.springframework.boot.context.properties.source.ConfigurationPropertySourcesPropertyResolver$DefaultResolver - Searching for key 'springdoc.api-docs.path:#{T(org.springdoc.core.utils.Constants).DEFAULT_API_DOCS_URL}' in PropertySource 'servletContextInitParams'
10:22:22.686 [Test worker] TRACE org.springframework.boot.context.properties.source.ConfigurationPropertySourcesPropertyResolver$DefaultResolver - Searching for key 'springdoc.api-docs.path:#{T(org.springdoc.core.utils.Constants).DEFAULT_API_DOCS_URL}' in PropertySource 'systemProperties'
10:22:22.686 [Test worker] TRACE org.springframework.boot.context.properties.source.ConfigurationPropertySourcesPropertyResolver$DefaultResolver - Searching for key 'springdoc.api-docs.path:#{T(org.springdoc.core.utils.Constants).DEFAULT_API_DOCS_URL}' in PropertySource 'systemEnvironment'
10:22:22.686 [Test worker] TRACE org.springframework.boot.context.properties.source.ConfigurationPropertySourcesPropertyResolver$DefaultResolver - Searching for key 'springdoc.api-docs.path:#{T(org.springdoc.core.utils.Constants).DEFAULT_API_DOCS_URL}' in PropertySource 'random'
10:22:22.687 [Test worker] TRACE org.springframework.boot.context.properties.source.ConfigurationPropertySourcesPropertyResolver$DefaultResolver - Searching for key 'springdoc.api-docs.path:#{T(org.springdoc.core.utils.Constants).DEFAULT_API_DOCS_URL}' in PropertySource 'Config resource 'class path resource [application.properties]' via location 'optional:classpath:/''
10:22:22.687 [Test worker] TRACE org.springframework.boot.context.properties.source.ConfigurationPropertySourcesPropertyResolver$DefaultResolver - Could not find key 'springdoc.api-docs.path:#{T(org.springdoc.core.utils.Constants).DEFAULT_API_DOCS_URL}' in any property source
10:22:22.687 [Test worker] TRACE org.springframework.core.env.PropertySourcesPropertyResolver - Searching for key 'springdoc.api-docs.path:#{T(org.springdoc.core.utils.Constants).DEFAULT_API_DOCS_URL}' in PropertySource 'localProperties'
10:22:22.687 [Test worker] TRACE org.springframework.core.env.PropertySourcesPropertyResolver - Could not find key 'springdoc.api-docs.path:#{T(org.springdoc.core.utils.Constants).DEFAULT_API_DOCS_URL}' in any property source
10:22:22.688 [Test worker] TRACE org.springframework.core.env.PropertySourcesPropertyResolver - Searching for key 'springdoc.api-docs.path' in PropertySource 'environmentProperties'
10:22:22.688 [Test worker] TRACE org.springframework.core.env.PropertySourcesPropertyResolver - Searching for key 'springdoc.api-docs.path' in PropertySource 'localProperties'
10:22:22.689 [Test worker] TRACE org.springframework.core.env.PropertySourcesPropertyResolver - Could not find key 'springdoc.api-docs.path' in any property source
10:22:22.689 [Test worker] TRACE org.springframework.util.PropertyPlaceholderHelper - Resolved placeholder 'springdoc.api-docs.path:#{T(org.springdoc.core.utils.Constants).DEFAULT_API_DOCS_URL}'
10:22:22.693 [Test worker] TRACE org.springframework.core.env.PropertySourcesPropertyResolver - Searching for key 'springdoc.api-docs.path:#{T(org.springdoc.core.utils.Constants).DEFAULT_API_DOCS_URL}' in PropertySource 'environmentProperties'
10:22:22.694 [Test worker] TRACE org.springframework.boot.context.properties.source.ConfigurationPropertySourcesPropertyResolver$DefaultResolver - Searching for key 'springdoc.api-docs.path:#{T(org.springdoc.core.utils.Constants).DEFAULT_API_DOCS_URL}' in PropertySource 'configurationProperties'
10:22:22.694 [Test worker] TRACE org.springframework.boot.context.properties.source.ConfigurationPropertySourcesPropertyResolver$DefaultResolver - Searching for key 'springdoc.api-docs.path:#{T(org.springdoc.core.utils.Constants).DEFAULT_API_DOCS_URL}' in PropertySource 'test'
10:22:22.694 [Test worker] TRACE org.springframework.boot.context.properties.source.ConfigurationPropertySourcesPropertyResolver$DefaultResolver - Searching for key 'springdoc.api-docs.path:#{T(org.springdoc.core.utils.Constants).DEFAULT_API_DOCS_URL}' in PropertySource 'Inlined Test Properties'
10:22:22.694 [Test worker] TRACE org.springframework.boot.context.properties.source.ConfigurationPropertySourcesPropertyResolver$DefaultResolver - Searching for key 'springdoc.api-docs.path:#{T(org.springdoc.core.utils.Constants).DEFAULT_API_DOCS_URL}' in PropertySource 'servletConfigInitParams'
10:22:22.694 [Test worker] TRACE org.springframework.boot.context.properties.source.ConfigurationPropertySourcesPropertyResolver$DefaultResolver - Searching for key 'springdoc.api-docs.path:#{T(org.springdoc.core.utils.Constants).DEFAULT_API_DOCS_URL}' in PropertySource 'servletContextInitParams'
10:22:22.694 [Test worker] TRACE org.springframework.boot.context.properties.source.ConfigurationPropertySourcesPropertyResolver$DefaultResolver - Searching for key 'springdoc.api-docs.path:#{T(org.springdoc.core.utils.Constants).DEFAULT_API_DOCS_URL}' in PropertySource 'systemProperties'
10:22:22.694 [Test worker] TRACE org.springframework.boot.context.properties.source.ConfigurationPropertySourcesPropertyResolver$DefaultResolver - Searching for key 'springdoc.api-docs.path:#{T(org.springdoc.core.utils.Constants).DEFAULT_API_DOCS_URL}' in PropertySource 'systemEnvironment'
10:22:22.694 [Test worker] TRACE org.springframework.boot.context.properties.source.ConfigurationPropertySourcesPropertyResolver$DefaultResolver - Searching for key 'springdoc.api-docs.path:#{T(org.springdoc.core.utils.Constants).DEFAULT_API_DOCS_URL}' in PropertySource 'random'
10:22:22.694 [Test worker] TRACE org.springframework.boot.context.properties.source.ConfigurationPropertySourcesPropertyResolver$DefaultResolver - Searching for key 'springdoc.api-docs.path:#{T(org.springdoc.core.utils.Constants).DEFAULT_API_DOCS_URL}' in PropertySource 'Config resource 'class path resource [application.properties]' via location 'optional:classpath:/''
10:22:22.694 [Test worker] TRACE org.springframework.boot.context.properties.source.ConfigurationPropertySourcesPropertyResolver$DefaultResolver - Could not find key 'springdoc.api-docs.path:#{T(org.springdoc.core.utils.Constants).DEFAULT_API_DOCS_URL}' in any property source
10:22:22.694 [Test worker] TRACE org.springframework.core.env.PropertySourcesPropertyResolver - Searching for key 'springdoc.api-docs.path:#{T(org.springdoc.core.utils.Constants).DEFAULT_API_DOCS_URL}' in PropertySource 'localProperties'
10:22:22.694 [Test worker] TRACE org.springframework.core.env.PropertySourcesPropertyResolver - Could not find key 'springdoc.api-docs.path:#{T(org.springdoc.core.utils.Constants).DEFAULT_API_DOCS_URL}' in any property source
10:22:22.695 [Test worker] TRACE org.springframework.core.env.PropertySourcesPropertyResolver - Searching for key 'springdoc.api-docs.path' in PropertySource 'environmentProperties'
10:22:22.695 [Test worker] TRACE org.springframework.core.env.PropertySourcesPropertyResolver - Searching for key 'springdoc.api-docs.path' in PropertySource 'localProperties'
10:22:22.695 [Test worker] TRACE org.springframework.core.env.PropertySourcesPropertyResolver - Could not find key 'springdoc.api-docs.path' in any property source
10:22:22.695 [Test worker] TRACE org.springframework.util.PropertyPlaceholderHelper - Resolved placeholder 'springdoc.api-docs.path:#{T(org.springdoc.core.utils.Constants).DEFAULT_API_DOCS_URL}'
10:22:22.696 [Test worker] TRACE org.springframework.core.env.PropertySourcesPropertyResolver - Searching for key 'springdoc.api-docs.path:#{T(org.springdoc.core.utils.Constants).DEFAULT_API_DOCS_URL}' in PropertySource 'environmentProperties'
10:22:22.697 [Test worker] TRACE org.springframework.boot.context.properties.source.ConfigurationPropertySourcesPropertyResolver$DefaultResolver - Searching for key 'springdoc.api-docs.path:#{T(org.springdoc.core.utils.Constants).DEFAULT_API_DOCS_URL}' in PropertySource 'configurationProperties'
10:22:22.698 [Test worker] TRACE org.springframework.boot.context.properties.source.ConfigurationPropertySourcesPropertyResolver$DefaultResolver - Searching for key 'springdoc.api-docs.path:#{T(org.springdoc.core.utils.Constants).DEFAULT_API_DOCS_URL}' in PropertySource 'test'
10:22:22.698 [Test worker] TRACE org.springframework.boot.context.properties.source.ConfigurationPropertySourcesPropertyResolver$DefaultResolver - Searching for key 'springdoc.api-docs.path:#{T(org.springdoc.core.utils.Constants).DEFAULT_API_DOCS_URL}' in PropertySource 'Inlined Test Properties'
10:22:22.698 [Test worker] TRACE org.springframework.boot.context.properties.source.ConfigurationPropertySourcesPropertyResolver$DefaultResolver - Searching for key 'springdoc.api-docs.path:#{T(org.springdoc.core.utils.Constants).DEFAULT_API_DOCS_URL}' in PropertySource 'servletConfigInitParams'
10:22:22.699 [Test worker] TRACE org.springframework.boot.context.properties.source.ConfigurationPropertySourcesPropertyResolver$DefaultResolver - Searching for key 'springdoc.api-docs.path:#{T(org.springdoc.core.utils.Constants).DEFAULT_API_DOCS_URL}' in PropertySource 'servletContextInitParams'
10:22:22.699 [Test worker] TRACE org.springframework.boot.context.properties.source.ConfigurationPropertySourcesPropertyResolver$DefaultResolver - Searching for key 'springdoc.api-docs.path:#{T(org.springdoc.core.utils.Constants).DEFAULT_API_DOCS_URL}' in PropertySource 'systemProperties'
10:22:22.699 [Test worker] TRACE org.springframework.boot.context.properties.source.ConfigurationPropertySourcesPropertyResolver$DefaultResolver - Searching for key 'springdoc.api-docs.path:#{T(org.springdoc.core.utils.Constants).DEFAULT_API_DOCS_URL}' in PropertySource 'systemEnvironment'
10:22:22.699 [Test worker] TRACE org.springframework.boot.context.properties.source.ConfigurationPropertySourcesPropertyResolver$DefaultResolver - Searching for key 'springdoc.api-docs.path:#{T(org.springdoc.core.utils.Constants).DEFAULT_API_DOCS_URL}' in PropertySource 'random'
10:22:22.699 [Test worker] TRACE org.springframework.boot.context.properties.source.ConfigurationPropertySourcesPropertyResolver$DefaultResolver - Searching for key 'springdoc.api-docs.path:#{T(org.springdoc.core.utils.Constants).DEFAULT_API_DOCS_URL}' in PropertySource 'Config resource 'class path resource [application.properties]' via location 'optional:classpath:/''
10:22:22.699 [Test worker] TRACE org.springframework.boot.context.properties.source.ConfigurationPropertySourcesPropertyResolver$DefaultResolver - Could not find key 'springdoc.api-docs.path:#{T(org.springdoc.core.utils.Constants).DEFAULT_API_DOCS_URL}' in any property source
10:22:22.699 [Test worker] TRACE org.springframework.core.env.PropertySourcesPropertyResolver - Searching for key 'springdoc.api-docs.path:#{T(org.springdoc.core.utils.Constants).DEFAULT_API_DOCS_URL}' in PropertySource 'localProperties'
10:22:22.699 [Test worker] TRACE org.springframework.core.env.PropertySourcesPropertyResolver - Could not find key 'springdoc.api-docs.path:#{T(org.springdoc.core.utils.Constants).DEFAULT_API_DOCS_URL}' in any property source
10:22:22.699 [Test worker] TRACE org.springframework.core.env.PropertySourcesPropertyResolver - Searching for key 'springdoc.api-docs.path' in PropertySource 'environmentProperties'
10:22:22.699 [Test worker] TRACE org.springframework.core.env.PropertySourcesPropertyResolver - Searching for key 'springdoc.api-docs.path' in PropertySource 'localProperties'
10:22:22.699 [Test worker] TRACE org.springframework.core.env.PropertySourcesPropertyResolver - Could not find key 'springdoc.api-docs.path' in any property source
10:22:22.699 [Test worker] TRACE org.springframework.util.PropertyPlaceholderHelper - Resolved placeholder 'springdoc.api-docs.path:#{T(org.springdoc.core.utils.Constants).DEFAULT_API_DOCS_URL}'
10:22:22.703 [Test worker] TRACE org.springframework.web.servlet.mvc.method.annotation.RequestMappingHandlerMapping - 
	o.s.w.a.OpenApiWebMvcResource:
	{GET [/v3/api-docs], produces [application/json]}: openapiJson(HttpServletRequest,String,Locale)
	{GET [/v3/api-docs.yaml], produces [application/vnd.oai.openapi]}: openapiYaml(HttpServletRequest,String,Locale)
10:22:22.704 [Test worker] TRACE org.springframework.core.env.PropertySourcesPropertyResolver - Searching for key 'springdoc.swagger-ui.path:#{T(org.springdoc.core.utils.Constants).DEFAULT_SWAGGER_UI_PATH}' in PropertySource 'environmentProperties'
10:22:22.705 [Test worker] TRACE org.springframework.boot.context.properties.source.ConfigurationPropertySourcesPropertyResolver$DefaultResolver - Searching for key 'springdoc.swagger-ui.path:#{T(org.springdoc.core.utils.Constants).DEFAULT_SWAGGER_UI_PATH}' in PropertySource 'configurationProperties'
10:22:22.705 [Test worker] TRACE org.springframework.boot.context.properties.source.ConfigurationPropertySourcesPropertyResolver$DefaultResolver - Searching for key 'springdoc.swagger-ui.path:#{T(org.springdoc.core.utils.Constants).DEFAULT_SWAGGER_UI_PATH}' in PropertySource 'test'
10:22:22.706 [Test worker] TRACE org.springframework.boot.context.properties.source.ConfigurationPropertySourcesPropertyResolver$DefaultResolver - Searching for key 'springdoc.swagger-ui.path:#{T(org.springdoc.core.utils.Constants).DEFAULT_SWAGGER_UI_PATH}' in PropertySource 'Inlined Test Properties'
10:22:22.706 [Test worker] TRACE org.springframework.boot.context.properties.source.ConfigurationPropertySourcesPropertyResolver$DefaultResolver - Searching for key 'springdoc.swagger-ui.path:#{T(org.springdoc.core.utils.Constants).DEFAULT_SWAGGER_UI_PATH}' in PropertySource 'servletConfigInitParams'
10:22:22.707 [Test worker] TRACE org.springframework.boot.context.properties.source.ConfigurationPropertySourcesPropertyResolver$DefaultResolver - Searching for key 'springdoc.swagger-ui.path:#{T(org.springdoc.core.utils.Constants).DEFAULT_SWAGGER_UI_PATH}' in PropertySource 'servletContextInitParams'
10:22:22.707 [Test worker] TRACE org.springframework.boot.context.properties.source.ConfigurationPropertySourcesPropertyResolver$DefaultResolver - Searching for key 'springdoc.swagger-ui.path:#{T(org.springdoc.core.utils.Constants).DEFAULT_SWAGGER_UI_PATH}' in PropertySource 'systemProperties'
10:22:22.707 [Test worker] TRACE org.springframework.boot.context.properties.source.ConfigurationPropertySourcesPropertyResolver$DefaultResolver - Searching for key 'springdoc.swagger-ui.path:#{T(org.springdoc.core.utils.Constants).DEFAULT_SWAGGER_UI_PATH}' in PropertySource 'systemEnvironment'
10:22:22.707 [Test worker] TRACE org.springframework.boot.context.properties.source.ConfigurationPropertySourcesPropertyResolver$DefaultResolver - Searching for key 'springdoc.swagger-ui.path:#{T(org.springdoc.core.utils.Constants).DEFAULT_SWAGGER_UI_PATH}' in PropertySource 'random'
10:22:22.707 [Test worker] TRACE org.springframework.boot.context.properties.source.ConfigurationPropertySourcesPropertyResolver$DefaultResolver - Searching for key 'springdoc.swagger-ui.path:#{T(org.springdoc.core.utils.Constants).DEFAULT_SWAGGER_UI_PATH}' in PropertySource 'Config resource 'class path resource [application.properties]' via location 'optional:classpath:/''
10:22:22.707 [Test worker] TRACE org.springframework.boot.context.properties.source.ConfigurationPropertySourcesPropertyResolver$DefaultResolver - Could not find key 'springdoc.swagger-ui.path:#{T(org.springdoc.core.utils.Constants).DEFAULT_SWAGGER_UI_PATH}' in any property source
10:22:22.707 [Test worker] TRACE org.springframework.core.env.PropertySourcesPropertyResolver - Searching for key 'springdoc.swagger-ui.path:#{T(org.springdoc.core.utils.Constants).DEFAULT_SWAGGER_UI_PATH}' in PropertySource 'localProperties'
10:22:22.707 [Test worker] TRACE org.springframework.core.env.PropertySourcesPropertyResolver - Could not find key 'springdoc.swagger-ui.path:#{T(org.springdoc.core.utils.Constants).DEFAULT_SWAGGER_UI_PATH}' in any property source
10:22:22.707 [Test worker] TRACE org.springframework.core.env.PropertySourcesPropertyResolver - Searching for key 'springdoc.swagger-ui.path' in PropertySource 'environmentProperties'
10:22:22.707 [Test worker] TRACE org.springframework.core.env.PropertySourcesPropertyResolver - Searching for key 'springdoc.swagger-ui.path' in PropertySource 'localProperties'
10:22:22.707 [Test worker] TRACE org.springframework.core.env.PropertySourcesPropertyResolver - Could not find key 'springdoc.swagger-ui.path' in any property source
10:22:22.707 [Test worker] TRACE org.springframework.util.PropertyPlaceholderHelper - Resolved placeholder 'springdoc.swagger-ui.path:#{T(org.springdoc.core.utils.Constants).DEFAULT_SWAGGER_UI_PATH}'
10:22:22.708 [Test worker] TRACE org.springframework.core.env.PropertySourcesPropertyResolver - Searching for key 'springdoc.swagger-ui.path:#{T(org.springdoc.core.utils.Constants).DEFAULT_SWAGGER_UI_PATH}' in PropertySource 'environmentProperties'
10:22:22.708 [Test worker] TRACE org.springframework.boot.context.properties.source.ConfigurationPropertySourcesPropertyResolver$DefaultResolver - Searching for key 'springdoc.swagger-ui.path:#{T(org.springdoc.core.utils.Constants).DEFAULT_SWAGGER_UI_PATH}' in PropertySource 'configurationProperties'
10:22:22.708 [Test worker] TRACE org.springframework.boot.context.properties.source.ConfigurationPropertySourcesPropertyResolver$DefaultResolver - Searching for key 'springdoc.swagger-ui.path:#{T(org.springdoc.core.utils.Constants).DEFAULT_SWAGGER_UI_PATH}' in PropertySource 'test'
10:22:22.708 [Test worker] TRACE org.springframework.boot.context.properties.source.ConfigurationPropertySourcesPropertyResolver$DefaultResolver - Searching for key 'springdoc.swagger-ui.path:#{T(org.springdoc.core.utils.Constants).DEFAULT_SWAGGER_UI_PATH}' in PropertySource 'Inlined Test Properties'
10:22:22.708 [Test worker] TRACE org.springframework.boot.context.properties.source.ConfigurationPropertySourcesPropertyResolver$DefaultResolver - Searching for key 'springdoc.swagger-ui.path:#{T(org.springdoc.core.utils.Constants).DEFAULT_SWAGGER_UI_PATH}' in PropertySource 'servletConfigInitParams'
10:22:22.708 [Test worker] TRACE org.springframework.boot.context.properties.source.ConfigurationPropertySourcesPropertyResolver$DefaultResolver - Searching for key 'springdoc.swagger-ui.path:#{T(org.springdoc.core.utils.Constants).DEFAULT_SWAGGER_UI_PATH}' in PropertySource 'servletContextInitParams'
10:22:22.708 [Test worker] TRACE org.springframework.boot.context.properties.source.ConfigurationPropertySourcesPropertyResolver$DefaultResolver - Searching for key 'springdoc.swagger-ui.path:#{T(org.springdoc.core.utils.Constants).DEFAULT_SWAGGER_UI_PATH}' in PropertySource 'systemProperties'
10:22:22.708 [Test worker] TRACE org.springframework.boot.context.properties.source.ConfigurationPropertySourcesPropertyResolver$DefaultResolver - Searching for key 'springdoc.swagger-ui.path:#{T(org.springdoc.core.utils.Constants).DEFAULT_SWAGGER_UI_PATH}' in PropertySource 'systemEnvironment'
10:22:22.708 [Test worker] TRACE org.springframework.boot.context.properties.source.ConfigurationPropertySourcesPropertyResolver$DefaultResolver - Searching for key 'springdoc.swagger-ui.path:#{T(org.springdoc.core.utils.Constants).DEFAULT_SWAGGER_UI_PATH}' in PropertySource 'random'
10:22:22.708 [Test worker] TRACE org.springframework.boot.context.properties.source.ConfigurationPropertySourcesPropertyResolver$DefaultResolver - Searching for key 'springdoc.swagger-ui.path:#{T(org.springdoc.core.utils.Constants).DEFAULT_SWAGGER_UI_PATH}' in PropertySource 'Config resource 'class path resource [application.properties]' via location 'optional:classpath:/''
10:22:22.708 [Test worker] TRACE org.springframework.boot.context.properties.source.ConfigurationPropertySourcesPropertyResolver$DefaultResolver - Could not find key 'springdoc.swagger-ui.path:#{T(org.springdoc.core.utils.Constants).DEFAULT_SWAGGER_UI_PATH}' in any property source
10:22:22.708 [Test worker] TRACE org.springframework.core.env.PropertySourcesPropertyResolver - Searching for key 'springdoc.swagger-ui.path:#{T(org.springdoc.core.utils.Constants).DEFAULT_SWAGGER_UI_PATH}' in PropertySource 'localProperties'
10:22:22.708 [Test worker] TRACE org.springframework.core.env.PropertySourcesPropertyResolver - Could not find key 'springdoc.swagger-ui.path:#{T(org.springdoc.core.utils.Constants).DEFAULT_SWAGGER_UI_PATH}' in any property source
10:22:22.708 [Test worker] TRACE org.springframework.core.env.PropertySourcesPropertyResolver - Searching for key 'springdoc.swagger-ui.path' in PropertySource 'environmentProperties'
10:22:22.709 [Test worker] TRACE org.springframework.core.env.PropertySourcesPropertyResolver - Searching for key 'springdoc.swagger-ui.path' in PropertySource 'localProperties'
10:22:22.710 [Test worker] TRACE org.springframework.core.env.PropertySourcesPropertyResolver - Could not find key 'springdoc.swagger-ui.path' in any property source
10:22:22.710 [Test worker] TRACE org.springframework.util.PropertyPlaceholderHelper - Resolved placeholder 'springdoc.swagger-ui.path:#{T(org.springdoc.core.utils.Constants).DEFAULT_SWAGGER_UI_PATH}'
10:22:22.711 [Test worker] TRACE org.springframework.web.servlet.mvc.method.annotation.RequestMappingHandlerMapping - 
	o.s.w.u.SwaggerWelcomeWebMvc:
	{GET [/swagger-ui.html]}: redirectToUi(HttpServletRequest)
10:22:22.713 [Test worker] TRACE org.springframework.core.env.PropertySourcesPropertyResolver - Searching for key 'springdoc.api-docs.path:#{T(org.springdoc.core.utils.Constants).DEFAULT_API_DOCS_URL}' in PropertySource 'environmentProperties'
10:22:22.713 [Test worker] TRACE org.springframework.boot.context.properties.source.ConfigurationPropertySourcesPropertyResolver$DefaultResolver - Searching for key 'springdoc.api-docs.path:#{T(org.springdoc.core.utils.Constants).DEFAULT_API_DOCS_URL}' in PropertySource 'configurationProperties'
10:22:22.714 [Test worker] TRACE org.springframework.boot.context.properties.source.ConfigurationPropertySourcesPropertyResolver$DefaultResolver - Searching for key 'springdoc.api-docs.path:#{T(org.springdoc.core.utils.Constants).DEFAULT_API_DOCS_URL}' in PropertySource 'test'
10:22:22.714 [Test worker] TRACE org.springframework.boot.context.properties.source.ConfigurationPropertySourcesPropertyResolver$DefaultResolver - Searching for key 'springdoc.api-docs.path:#{T(org.springdoc.core.utils.Constants).DEFAULT_API_DOCS_URL}' in PropertySource 'Inlined Test Properties'
10:22:22.714 [Test worker] TRACE org.springframework.boot.context.properties.source.ConfigurationPropertySourcesPropertyResolver$DefaultResolver - Searching for key 'springdoc.api-docs.path:#{T(org.springdoc.core.utils.Constants).DEFAULT_API_DOCS_URL}' in PropertySource 'servletConfigInitParams'
10:22:22.714 [Test worker] TRACE org.springframework.boot.context.properties.source.ConfigurationPropertySourcesPropertyResolver$DefaultResolver - Searching for key 'springdoc.api-docs.path:#{T(org.springdoc.core.utils.Constants).DEFAULT_API_DOCS_URL}' in PropertySource 'servletContextInitParams'
10:22:22.714 [Test worker] TRACE org.springframework.boot.context.properties.source.ConfigurationPropertySourcesPropertyResolver$DefaultResolver - Searching for key 'springdoc.api-docs.path:#{T(org.springdoc.core.utils.Constants).DEFAULT_API_DOCS_URL}' in PropertySource 'systemProperties'
10:22:22.714 [Test worker] TRACE org.springframework.boot.context.properties.source.ConfigurationPropertySourcesPropertyResolver$DefaultResolver - Searching for key 'springdoc.api-docs.path:#{T(org.springdoc.core.utils.Constants).DEFAULT_API_DOCS_URL}' in PropertySource 'systemEnvironment'
10:22:22.714 [Test worker] TRACE org.springframework.boot.context.properties.source.ConfigurationPropertySourcesPropertyResolver$DefaultResolver - Searching for key 'springdoc.api-docs.path:#{T(org.springdoc.core.utils.Constants).DEFAULT_API_DOCS_URL}' in PropertySource 'random'
10:22:22.714 [Test worker] TRACE org.springframework.boot.context.properties.source.ConfigurationPropertySourcesPropertyResolver$DefaultResolver - Searching for key 'springdoc.api-docs.path:#{T(org.springdoc.core.utils.Constants).DEFAULT_API_DOCS_URL}' in PropertySource 'Config resource 'class path resource [application.properties]' via location 'optional:classpath:/''
10:22:22.714 [Test worker] TRACE org.springframework.boot.context.properties.source.ConfigurationPropertySourcesPropertyResolver$DefaultResolver - Could not find key 'springdoc.api-docs.path:#{T(org.springdoc.core.utils.Constants).DEFAULT_API_DOCS_URL}' in any property source
10:22:22.715 [Test worker] TRACE org.springframework.core.env.PropertySourcesPropertyResolver - Searching for key 'springdoc.api-docs.path:#{T(org.springdoc.core.utils.Constants).DEFAULT_API_DOCS_URL}' in PropertySource 'localProperties'
10:22:22.715 [Test worker] TRACE org.springframework.core.env.PropertySourcesPropertyResolver - Could not find key 'springdoc.api-docs.path:#{T(org.springdoc.core.utils.Constants).DEFAULT_API_DOCS_URL}' in any property source
10:22:22.716 [Test worker] TRACE org.springframework.core.env.PropertySourcesPropertyResolver - Searching for key 'springdoc.api-docs.path' in PropertySource 'environmentProperties'
10:22:22.716 [Test worker] TRACE org.springframework.core.env.PropertySourcesPropertyResolver - Searching for key 'springdoc.api-docs.path' in PropertySource 'localProperties'
10:22:22.717 [Test worker] TRACE org.springframework.core.env.PropertySourcesPropertyResolver - Could not find key 'springdoc.api-docs.path' in any property source
10:22:22.717 [Test worker] TRACE org.springframework.util.PropertyPlaceholderHelper - Resolved placeholder 'springdoc.api-docs.path:#{T(org.springdoc.core.utils.Constants).DEFAULT_API_DOCS_URL}'
10:22:22.720 [Test worker] TRACE org.springframework.web.servlet.mvc.method.annotation.RequestMappingHandlerMapping - 
	o.s.w.u.SwaggerConfigResource:
	{GET [/v3/api-docs/swagger-config], produces [application/json]}: openapiJson(HttpServletRequest)
10:22:22.725 [Test worker] DEBUG org.springframework.web.servlet.mvc.method.annotation.RequestMappingHandlerMapping - 24 mappings in 'requestMappingHandlerMapping'
10:22:22.726 [Test worker] TRACE org.springframework.beans.factory.support.DefaultListableBeanFactory - Returning cached instance of singleton bean 'org.springframework.transaction.config.internalTransactionAdvisor'
10:22:22.726 [Test worker] TRACE org.springframework.beans.factory.support.DefaultListableBeanFactory - Returning cached instance of singleton bean 'org.springframework.transaction.config.internalTransactionAdvisor'
10:22:22.729 [Test worker] TRACE org.springframework.beans.factory.support.DefaultListableBeanFactory - Finished creating instance of bean 'requestMappingHandlerMapping'
10:22:22.729 [Test worker] DEBUG org.springframework.beans.factory.support.DefaultListableBeanFactory - Creating shared instance of singleton bean 'mvcPatternParser'
10:22:22.729 [Test worker] TRACE org.springframework.beans.factory.support.DefaultListableBeanFactory - Creating instance of bean 'mvcPatternParser'
10:22:22.729 [Test worker] TRACE org.springframework.beans.factory.support.DefaultListableBeanFactory - Returning cached instance of singleton bean 'org.springframework.transaction.config.internalTransactionAdvisor'
10:22:22.730 [Test worker] TRACE org.springframework.beans.factory.support.DefaultListableBeanFactory - Returning cached instance of singleton bean 'org.springframework.boot.autoconfigure.web.servlet.WebMvcAutoConfiguration$EnableWebMvcConfiguration'
10:22:22.730 [Test worker] TRACE org.springframework.beans.factory.support.DefaultListableBeanFactory - Returning cached instance of singleton bean 'org.springframework.transaction.config.internalTransactionAdvisor'
10:22:22.731 [Test worker] TRACE org.springframework.beans.factory.support.DefaultListableBeanFactory - Returning cached instance of singleton bean 'org.springframework.transaction.config.internalTransactionAdvisor'
10:22:22.731 [Test worker] TRACE org.springframework.beans.factory.support.DefaultListableBeanFactory - Finished creating instance of bean 'mvcPatternParser'
10:22:22.731 [Test worker] DEBUG org.springframework.beans.factory.support.DefaultListableBeanFactory - Creating shared instance of singleton bean 'mvcUrlPathHelper'
10:22:22.731 [Test worker] TRACE org.springframework.beans.factory.support.DefaultListableBeanFactory - Creating instance of bean 'mvcUrlPathHelper'
10:22:22.731 [Test worker] TRACE org.springframework.beans.factory.support.DefaultListableBeanFactory - Returning cached instance of singleton bean 'org.springframework.transaction.config.internalTransactionAdvisor'
10:22:22.731 [Test worker] TRACE org.springframework.beans.factory.support.DefaultListableBeanFactory - Returning cached instance of singleton bean 'org.springframework.boot.autoconfigure.web.servlet.WebMvcAutoConfiguration$EnableWebMvcConfiguration'
10:22:22.732 [Test worker] TRACE org.springframework.beans.factory.support.DefaultListableBeanFactory - Returning cached instance of singleton bean 'org.springframework.transaction.config.internalTransactionAdvisor'
10:22:22.732 [Test worker] TRACE org.springframework.beans.factory.support.DefaultListableBeanFactory - Returning cached instance of singleton bean 'org.springframework.transaction.config.internalTransactionAdvisor'
10:22:22.732 [Test worker] TRACE org.springframework.beans.factory.support.DefaultListableBeanFactory - Finished creating instance of bean 'mvcUrlPathHelper'
10:22:22.732 [Test worker] DEBUG org.springframework.beans.factory.support.DefaultListableBeanFactory - Creating shared instance of singleton bean 'mvcPathMatcher'
10:22:22.732 [Test worker] TRACE org.springframework.beans.factory.support.DefaultListableBeanFactory - Creating instance of bean 'mvcPathMatcher'
10:22:22.732 [Test worker] TRACE org.springframework.beans.factory.support.DefaultListableBeanFactory - Returning cached instance of singleton bean 'org.springframework.transaction.config.internalTransactionAdvisor'
10:22:22.732 [Test worker] TRACE org.springframework.beans.factory.support.DefaultListableBeanFactory - Returning cached instance of singleton bean 'org.springframework.boot.autoconfigure.web.servlet.WebMvcAutoConfiguration$EnableWebMvcConfiguration'
10:22:22.733 [Test worker] TRACE org.springframework.beans.factory.support.DefaultListableBeanFactory - Returning cached instance of singleton bean 'org.springframework.transaction.config.internalTransactionAdvisor'
10:22:22.733 [Test worker] TRACE org.springframework.beans.factory.support.DefaultListableBeanFactory - Returning cached instance of singleton bean 'org.springframework.transaction.config.internalTransactionAdvisor'
10:22:22.733 [Test worker] TRACE org.springframework.beans.factory.support.DefaultListableBeanFactory - Finished creating instance of bean 'mvcPathMatcher'
10:22:22.733 [Test worker] DEBUG org.springframework.beans.factory.support.DefaultListableBeanFactory - Creating shared instance of singleton bean 'viewControllerHandlerMapping'
10:22:22.734 [Test worker] TRACE org.springframework.beans.factory.support.DefaultListableBeanFactory - Creating instance of bean 'viewControllerHandlerMapping'
10:22:22.734 [Test worker] TRACE org.springframework.beans.factory.support.DefaultListableBeanFactory - Returning cached instance of singleton bean 'org.springframework.transaction.config.internalTransactionAdvisor'
10:22:22.734 [Test worker] TRACE org.springframework.beans.factory.support.DefaultListableBeanFactory - Returning cached instance of singleton bean 'org.springframework.boot.autoconfigure.web.servlet.WebMvcAutoConfiguration$EnableWebMvcConfiguration'
10:22:22.735 [Test worker] TRACE org.springframework.beans.factory.support.DefaultListableBeanFactory - Returning cached instance of singleton bean 'mvcConversionService'
10:22:22.736 [Test worker] TRACE org.springframework.beans.factory.support.DefaultListableBeanFactory - Returning cached instance of singleton bean 'mvcResourceUrlProvider'
10:22:22.736 [Test worker] DEBUG org.springframework.beans.factory.support.DefaultListableBeanFactory - Autowiring by type from bean name 'viewControllerHandlerMapping' via factory method to bean named 'mvcConversionService'
10:22:22.736 [Test worker] DEBUG org.springframework.beans.factory.support.DefaultListableBeanFactory - Autowiring by type from bean name 'viewControllerHandlerMapping' via factory method to bean named 'mvcResourceUrlProvider'
10:22:22.737 [Test worker] TRACE org.springframework.beans.factory.support.DefaultListableBeanFactory - Returning cached instance of singleton bean 'org.springframework.transaction.config.internalTransactionAdvisor'
10:22:22.737 [Test worker] TRACE org.springframework.beans.factory.support.DefaultListableBeanFactory - Returning cached instance of singleton bean 'org.springframework.transaction.config.internalTransactionAdvisor'
10:22:22.737 [Test worker] TRACE org.springframework.beans.factory.support.DefaultListableBeanFactory - Finished creating instance of bean 'viewControllerHandlerMapping'
10:22:22.738 [Test worker] DEBUG org.springframework.beans.factory.support.DefaultListableBeanFactory - Creating shared instance of singleton bean 'beanNameHandlerMapping'
10:22:22.738 [Test worker] TRACE org.springframework.beans.factory.support.DefaultListableBeanFactory - Creating instance of bean 'beanNameHandlerMapping'
10:22:22.738 [Test worker] TRACE org.springframework.beans.factory.support.DefaultListableBeanFactory - Returning cached instance of singleton bean 'org.springframework.transaction.config.internalTransactionAdvisor'
10:22:22.738 [Test worker] TRACE org.springframework.beans.factory.support.DefaultListableBeanFactory - Returning cached instance of singleton bean 'org.springframework.boot.autoconfigure.web.servlet.WebMvcAutoConfiguration$EnableWebMvcConfiguration'
10:22:22.738 [Test worker] TRACE org.springframework.beans.factory.support.DefaultListableBeanFactory - Returning cached instance of singleton bean 'mvcConversionService'
10:22:22.738 [Test worker] TRACE org.springframework.beans.factory.support.DefaultListableBeanFactory - Returning cached instance of singleton bean 'mvcResourceUrlProvider'
10:22:22.738 [Test worker] DEBUG org.springframework.beans.factory.support.DefaultListableBeanFactory - Autowiring by type from bean name 'beanNameHandlerMapping' via factory method to bean named 'mvcConversionService'
10:22:22.738 [Test worker] DEBUG org.springframework.beans.factory.support.DefaultListableBeanFactory - Autowiring by type from bean name 'beanNameHandlerMapping' via factory method to bean named 'mvcResourceUrlProvider'
10:22:22.741 [Test worker] DEBUG _org.springframework.web.servlet.HandlerMapping.Mappings - 'beanNameHandlerMapping' {}
10:22:22.741 [Test worker] TRACE org.springframework.beans.factory.support.DefaultListableBeanFactory - Returning cached instance of singleton bean 'org.springframework.transaction.config.internalTransactionAdvisor'
10:22:22.741 [Test worker] TRACE org.springframework.beans.factory.support.DefaultListableBeanFactory - Returning cached instance of singleton bean 'org.springframework.transaction.config.internalTransactionAdvisor'
10:22:22.742 [Test worker] TRACE org.springframework.beans.factory.support.DefaultListableBeanFactory - Finished creating instance of bean 'beanNameHandlerMapping'
10:22:22.743 [Test worker] DEBUG org.springframework.beans.factory.support.DefaultListableBeanFactory - Creating shared instance of singleton bean 'routerFunctionMapping'
10:22:22.743 [Test worker] TRACE org.springframework.beans.factory.support.DefaultListableBeanFactory - Creating instance of bean 'routerFunctionMapping'
10:22:22.743 [Test worker] TRACE org.springframework.beans.factory.support.DefaultListableBeanFactory - Returning cached instance of singleton bean 'org.springframework.transaction.config.internalTransactionAdvisor'
10:22:22.743 [Test worker] TRACE org.springframework.beans.factory.support.DefaultListableBeanFactory - Returning cached instance of singleton bean 'org.springframework.boot.autoconfigure.web.servlet.WebMvcAutoConfiguration$EnableWebMvcConfiguration'
10:22:22.744 [Test worker] TRACE org.springframework.beans.factory.support.DefaultListableBeanFactory - Returning cached instance of singleton bean 'mvcConversionService'
10:22:22.744 [Test worker] TRACE org.springframework.beans.factory.support.DefaultListableBeanFactory - Returning cached instance of singleton bean 'mvcResourceUrlProvider'
10:22:22.744 [Test worker] DEBUG org.springframework.beans.factory.support.DefaultListableBeanFactory - Autowiring by type from bean name 'routerFunctionMapping' via factory method to bean named 'mvcConversionService'
10:22:22.744 [Test worker] DEBUG org.springframework.beans.factory.support.DefaultListableBeanFactory - Autowiring by type from bean name 'routerFunctionMapping' via factory method to bean named 'mvcResourceUrlProvider'
10:22:22.746 [Test worker] TRACE org.springframework.beans.factory.support.DefaultListableBeanFactory - Invoking afterPropertiesSet() on bean with name 'routerFunctionMapping'
10:22:22.748 [Test worker] TRACE org.springframework.beans.factory.support.DefaultListableBeanFactory - Returning cached instance of singleton bean 'org.springframework.transaction.config.internalTransactionAdvisor'
10:22:22.748 [Test worker] TRACE org.springframework.beans.factory.support.DefaultListableBeanFactory - Returning cached instance of singleton bean 'org.springframework.transaction.config.internalTransactionAdvisor'
10:22:22.750 [Test worker] TRACE org.springframework.beans.factory.support.DefaultListableBeanFactory - Finished creating instance of bean 'routerFunctionMapping'
10:22:22.750 [Test worker] DEBUG org.springframework.beans.factory.support.DefaultListableBeanFactory - Creating shared instance of singleton bean 'resourceHandlerMapping'
10:22:22.750 [Test worker] TRACE org.springframework.beans.factory.support.DefaultListableBeanFactory - Creating instance of bean 'resourceHandlerMapping'
10:22:22.750 [Test worker] TRACE org.springframework.beans.factory.support.DefaultListableBeanFactory - Returning cached instance of singleton bean 'org.springframework.transaction.config.internalTransactionAdvisor'
10:22:22.751 [Test worker] TRACE org.springframework.beans.factory.support.DefaultListableBeanFactory - Returning cached instance of singleton bean 'org.springframework.boot.autoconfigure.web.servlet.WebMvcAutoConfiguration$EnableWebMvcConfiguration'
10:22:22.752 [Test worker] TRACE org.springframework.beans.factory.support.DefaultListableBeanFactory - Returning cached instance of singleton bean 'mvcContentNegotiationManager'
10:22:22.753 [Test worker] TRACE org.springframework.beans.factory.support.DefaultListableBeanFactory - Returning cached instance of singleton bean 'mvcConversionService'
10:22:22.753 [Test worker] TRACE org.springframework.beans.factory.support.DefaultListableBeanFactory - Returning cached instance of singleton bean 'mvcResourceUrlProvider'
10:22:22.753 [Test worker] DEBUG org.springframework.beans.factory.support.DefaultListableBeanFactory - Autowiring by type from bean name 'resourceHandlerMapping' via factory method to bean named 'mvcContentNegotiationManager'
10:22:22.753 [Test worker] DEBUG org.springframework.beans.factory.support.DefaultListableBeanFactory - Autowiring by type from bean name 'resourceHandlerMapping' via factory method to bean named 'mvcConversionService'
10:22:22.753 [Test worker] DEBUG org.springframework.beans.factory.support.DefaultListableBeanFactory - Autowiring by type from bean name 'resourceHandlerMapping' via factory method to bean named 'mvcResourceUrlProvider'
10:22:22.763 [Test worker] TRACE org.springframework.web.servlet.handler.SimpleUrlHandlerMapping - Mapped [/webjars/**] onto ResourceHttpRequestHandler [classpath [META-INF/resources/webjars/]]
10:22:22.764 [Test worker] TRACE org.springframework.web.servlet.handler.SimpleUrlHandlerMapping - Mapped [/**] onto ResourceHttpRequestHandler [classpath [META-INF/resources/], classpath [resources/], classpath [static/], classpath [public/], ServletContext [/]]
10:22:22.765 [Test worker] TRACE org.springframework.web.servlet.handler.SimpleUrlHandlerMapping - Mapped [/swagger-ui*/*swagger-initializer.js] onto ResourceHttpRequestHandler [classpath [META-INF/resources/webjars/]]
10:22:22.766 [Test worker] TRACE org.springframework.web.servlet.handler.SimpleUrlHandlerMapping - Mapped [/swagger-ui*/**] onto ResourceHttpRequestHandler [classpath [META-INF/resources/webjars/]]
10:22:22.767 [Test worker] DEBUG _org.springframework.web.servlet.HandlerMapping.Mappings - 'resourceHandlerMapping' {/webjars/**=ResourceHttpRequestHandler [classpath [META-INF/resources/webjars/]], /**=ResourceHttpRequestHandler [classpath [META-INF/resources/], classpath [resources/], classpath [static/], classpath [public/], ServletContext [/]], /swagger-ui*/*swagger-initializer.js=ResourceHttpRequestHandler [classpath [META-INF/resources/webjars/]], /swagger-ui*/**=ResourceHttpRequestHandler [classpath [META-INF/resources/webjars/]]}
10:22:22.768 [Test worker] TRACE org.springframework.beans.factory.support.DefaultListableBeanFactory - Returning cached instance of singleton bean 'org.springframework.transaction.config.internalTransactionAdvisor'
10:22:22.769 [Test worker] TRACE org.springframework.beans.factory.support.DefaultListableBeanFactory - Returning cached instance of singleton bean 'org.springframework.transaction.config.internalTransactionAdvisor'
10:22:22.770 [Test worker] TRACE org.springframework.beans.factory.support.DefaultListableBeanFactory - Finished creating instance of bean 'resourceHandlerMapping'
10:22:22.770 [Test worker] TRACE org.springframework.beans.factory.support.DefaultListableBeanFactory - Returning cached instance of singleton bean 'mvcResourceUrlProvider'
10:22:22.771 [Test worker] DEBUG org.springframework.beans.factory.support.DefaultListableBeanFactory - Creating shared instance of singleton bean 'defaultServletHandlerMapping'
10:22:22.771 [Test worker] TRACE org.springframework.beans.factory.support.DefaultListableBeanFactory - Creating instance of bean 'defaultServletHandlerMapping'
10:22:22.771 [Test worker] TRACE org.springframework.beans.factory.support.DefaultListableBeanFactory - Returning cached instance of singleton bean 'org.springframework.transaction.config.internalTransactionAdvisor'
10:22:22.771 [Test worker] TRACE org.springframework.beans.factory.support.DefaultListableBeanFactory - Returning cached instance of singleton bean 'org.springframework.boot.autoconfigure.web.servlet.WebMvcAutoConfiguration$EnableWebMvcConfiguration'
10:22:22.772 [Test worker] TRACE org.springframework.beans.factory.support.DefaultListableBeanFactory - Returning cached instance of singleton bean 'org.springframework.transaction.config.internalTransactionAdvisor'
10:22:22.772 [Test worker] TRACE org.springframework.beans.factory.support.DefaultListableBeanFactory - Returning cached instance of singleton bean 'org.springframework.transaction.config.internalTransactionAdvisor'
10:22:22.772 [Test worker] TRACE org.springframework.beans.factory.support.DefaultListableBeanFactory - Finished creating instance of bean 'defaultServletHandlerMapping'
10:22:22.772 [Test worker] DEBUG org.springframework.beans.factory.support.DefaultListableBeanFactory - Creating shared instance of singleton bean 'handlerFunctionAdapter'
10:22:22.772 [Test worker] TRACE org.springframework.beans.factory.support.DefaultListableBeanFactory - Creating instance of bean 'handlerFunctionAdapter'
10:22:22.772 [Test worker] TRACE org.springframework.beans.factory.support.DefaultListableBeanFactory - Returning cached instance of singleton bean 'org.springframework.transaction.config.internalTransactionAdvisor'
10:22:22.772 [Test worker] TRACE org.springframework.beans.factory.support.DefaultListableBeanFactory - Returning cached instance of singleton bean 'org.springframework.boot.autoconfigure.web.servlet.WebMvcAutoConfiguration$EnableWebMvcConfiguration'
10:22:22.774 [Test worker] TRACE org.springframework.beans.factory.support.DefaultListableBeanFactory - Returning cached instance of singleton bean 'org.springframework.transaction.config.internalTransactionAdvisor'
10:22:22.774 [Test worker] TRACE org.springframework.beans.factory.support.DefaultListableBeanFactory - Returning cached instance of singleton bean 'org.springframework.transaction.config.internalTransactionAdvisor'
10:22:22.774 [Test worker] TRACE org.springframework.beans.factory.support.DefaultListableBeanFactory - Finished creating instance of bean 'handlerFunctionAdapter'
10:22:22.774 [Test worker] DEBUG org.springframework.beans.factory.support.DefaultListableBeanFactory - Creating shared instance of singleton bean 'mvcUriComponentsContributor'
10:22:22.774 [Test worker] TRACE org.springframework.beans.factory.support.DefaultListableBeanFactory - Creating instance of bean 'mvcUriComponentsContributor'
10:22:22.774 [Test worker] TRACE org.springframework.beans.factory.support.DefaultListableBeanFactory - Returning cached instance of singleton bean 'org.springframework.transaction.config.internalTransactionAdvisor'
10:22:22.774 [Test worker] TRACE org.springframework.beans.factory.support.DefaultListableBeanFactory - Returning cached instance of singleton bean 'org.springframework.boot.autoconfigure.web.servlet.WebMvcAutoConfiguration$EnableWebMvcConfiguration'
10:22:22.775 [Test worker] TRACE org.springframework.beans.factory.support.DefaultListableBeanFactory - Returning cached instance of singleton bean 'mvcConversionService'
10:22:22.776 [Test worker] TRACE org.springframework.beans.factory.support.DefaultListableBeanFactory - Returning cached instance of singleton bean 'requestMappingHandlerAdapter'
10:22:22.776 [Test worker] DEBUG org.springframework.beans.factory.support.DefaultListableBeanFactory - Autowiring by type from bean name 'mvcUriComponentsContributor' via factory method to bean named 'mvcConversionService'
10:22:22.776 [Test worker] DEBUG org.springframework.beans.factory.support.DefaultListableBeanFactory - Autowiring by type from bean name 'mvcUriComponentsContributor' via factory method to bean named 'requestMappingHandlerAdapter'
10:22:22.776 [Test worker] TRACE org.springframework.beans.factory.support.DefaultListableBeanFactory - Returning cached instance of singleton bean 'org.springframework.transaction.config.internalTransactionAdvisor'
10:22:22.776 [Test worker] TRACE org.springframework.beans.factory.support.DefaultListableBeanFactory - Returning cached instance of singleton bean 'org.springframework.transaction.config.internalTransactionAdvisor'
10:22:22.777 [Test worker] TRACE org.springframework.beans.factory.support.DefaultListableBeanFactory - Finished creating instance of bean 'mvcUriComponentsContributor'
10:22:22.777 [Test worker] DEBUG org.springframework.beans.factory.support.DefaultListableBeanFactory - Creating shared instance of singleton bean 'httpRequestHandlerAdapter'
10:22:22.777 [Test worker] TRACE org.springframework.beans.factory.support.DefaultListableBeanFactory - Creating instance of bean 'httpRequestHandlerAdapter'
10:22:22.777 [Test worker] TRACE org.springframework.beans.factory.support.DefaultListableBeanFactory - Returning cached instance of singleton bean 'org.springframework.transaction.config.internalTransactionAdvisor'
10:22:22.777 [Test worker] TRACE org.springframework.beans.factory.support.DefaultListableBeanFactory - Returning cached instance of singleton bean 'org.springframework.boot.autoconfigure.web.servlet.WebMvcAutoConfiguration$EnableWebMvcConfiguration'
10:22:22.778 [Test worker] TRACE org.springframework.beans.factory.support.DefaultListableBeanFactory - Returning cached instance of singleton bean 'org.springframework.transaction.config.internalTransactionAdvisor'
10:22:22.778 [Test worker] TRACE org.springframework.beans.factory.support.DefaultListableBeanFactory - Returning cached instance of singleton bean 'org.springframework.transaction.config.internalTransactionAdvisor'
10:22:22.779 [Test worker] TRACE org.springframework.beans.factory.support.DefaultListableBeanFactory - Finished creating instance of bean 'httpRequestHandlerAdapter'
10:22:22.779 [Test worker] DEBUG org.springframework.beans.factory.support.DefaultListableBeanFactory - Creating shared instance of singleton bean 'simpleControllerHandlerAdapter'
10:22:22.779 [Test worker] TRACE org.springframework.beans.factory.support.DefaultListableBeanFactory - Creating instance of bean 'simpleControllerHandlerAdapter'
10:22:22.779 [Test worker] TRACE org.springframework.beans.factory.support.DefaultListableBeanFactory - Returning cached instance of singleton bean 'org.springframework.transaction.config.internalTransactionAdvisor'
10:22:22.779 [Test worker] TRACE org.springframework.beans.factory.support.DefaultListableBeanFactory - Returning cached instance of singleton bean 'org.springframework.boot.autoconfigure.web.servlet.WebMvcAutoConfiguration$EnableWebMvcConfiguration'
10:22:22.780 [Test worker] TRACE org.springframework.beans.factory.support.DefaultListableBeanFactory - Returning cached instance of singleton bean 'org.springframework.transaction.config.internalTransactionAdvisor'
10:22:22.780 [Test worker] TRACE org.springframework.beans.factory.support.DefaultListableBeanFactory - Returning cached instance of singleton bean 'org.springframework.transaction.config.internalTransactionAdvisor'
10:22:22.781 [Test worker] TRACE org.springframework.beans.factory.support.DefaultListableBeanFactory - Finished creating instance of bean 'simpleControllerHandlerAdapter'
10:22:22.781 [Test worker] DEBUG org.springframework.beans.factory.support.DefaultListableBeanFactory - Creating shared instance of singleton bean 'handlerExceptionResolver'
10:22:22.781 [Test worker] TRACE org.springframework.beans.factory.support.DefaultListableBeanFactory - Creating instance of bean 'handlerExceptionResolver'
10:22:22.781 [Test worker] TRACE org.springframework.beans.factory.support.DefaultListableBeanFactory - Returning cached instance of singleton bean 'org.springframework.transaction.config.internalTransactionAdvisor'
10:22:22.781 [Test worker] TRACE org.springframework.beans.factory.support.DefaultListableBeanFactory - Returning cached instance of singleton bean 'org.springframework.boot.autoconfigure.web.servlet.WebMvcAutoConfiguration$EnableWebMvcConfiguration'
10:22:22.782 [Test worker] TRACE org.springframework.beans.factory.support.DefaultListableBeanFactory - Returning cached instance of singleton bean 'mvcContentNegotiationManager'
10:22:22.782 [Test worker] DEBUG org.springframework.beans.factory.support.DefaultListableBeanFactory - Autowiring by type from bean name 'handlerExceptionResolver' via factory method to bean named 'mvcContentNegotiationManager'
10:22:22.786 [Test worker] DEBUG org.springframework.web.servlet.mvc.method.annotation.ExceptionHandlerExceptionResolver - ControllerAdvice beans: 1 @ExceptionHandler, 1 ResponseBodyAdvice
10:22:22.789 [Test worker] TRACE org.springframework.beans.factory.support.DefaultListableBeanFactory - Returning cached instance of singleton bean 'org.springframework.transaction.config.internalTransactionAdvisor'
10:22:22.790 [Test worker] TRACE org.springframework.beans.factory.support.DefaultListableBeanFactory - Returning cached instance of singleton bean 'org.springframework.transaction.config.internalTransactionAdvisor'
10:22:22.790 [Test worker] TRACE org.springframework.beans.factory.support.DefaultListableBeanFactory - Finished creating instance of bean 'handlerExceptionResolver'
10:22:22.791 [Test worker] DEBUG org.springframework.beans.factory.support.DefaultListableBeanFactory - Creating shared instance of singleton bean 'mvcViewResolver'
10:22:22.791 [Test worker] TRACE org.springframework.beans.factory.support.DefaultListableBeanFactory - Creating instance of bean 'mvcViewResolver'
10:22:22.791 [Test worker] TRACE org.springframework.beans.factory.support.DefaultListableBeanFactory - Returning cached instance of singleton bean 'org.springframework.transaction.config.internalTransactionAdvisor'
10:22:22.791 [Test worker] TRACE org.springframework.beans.factory.support.DefaultListableBeanFactory - Returning cached instance of singleton bean 'org.springframework.boot.autoconfigure.web.servlet.WebMvcAutoConfiguration$EnableWebMvcConfiguration'
10:22:22.792 [Test worker] TRACE org.springframework.beans.factory.support.DefaultListableBeanFactory - Returning cached instance of singleton bean 'mvcContentNegotiationManager'
10:22:22.793 [Test worker] DEBUG org.springframework.beans.factory.support.DefaultListableBeanFactory - Autowiring by type from bean name 'mvcViewResolver' via factory method to bean named 'mvcContentNegotiationManager'
10:22:22.795 [Test worker] TRACE org.springframework.beans.factory.support.DefaultListableBeanFactory - Invoking afterPropertiesSet() on bean with name 'mvcViewResolver'
10:22:22.796 [Test worker] TRACE org.springframework.beans.factory.support.DefaultListableBeanFactory - Returning cached instance of singleton bean 'org.springframework.transaction.config.internalTransactionAdvisor'
10:22:22.796 [Test worker] TRACE org.springframework.beans.factory.support.DefaultListableBeanFactory - Returning cached instance of singleton bean 'org.springframework.transaction.config.internalTransactionAdvisor'
10:22:22.798 [Test worker] TRACE org.springframework.beans.factory.support.DefaultListableBeanFactory - Finished creating instance of bean 'mvcViewResolver'
10:22:22.798 [Test worker] DEBUG org.springframework.beans.factory.support.DefaultListableBeanFactory - Creating shared instance of singleton bean 'viewNameTranslator'
10:22:22.798 [Test worker] TRACE org.springframework.beans.factory.support.DefaultListableBeanFactory - Creating instance of bean 'viewNameTranslator'
10:22:22.798 [Test worker] TRACE org.springframework.beans.factory.support.DefaultListableBeanFactory - Returning cached instance of singleton bean 'org.springframework.transaction.config.internalTransactionAdvisor'
10:22:22.798 [Test worker] TRACE org.springframework.beans.factory.support.DefaultListableBeanFactory - Returning cached instance of singleton bean 'org.springframework.boot.autoconfigure.web.servlet.WebMvcAutoConfiguration$EnableWebMvcConfiguration'
10:22:22.799 [Test worker] TRACE org.springframework.beans.factory.support.DefaultListableBeanFactory - Returning cached instance of singleton bean 'org.springframework.transaction.config.internalTransactionAdvisor'
10:22:22.799 [Test worker] TRACE org.springframework.beans.factory.support.DefaultListableBeanFactory - Returning cached instance of singleton bean 'org.springframework.transaction.config.internalTransactionAdvisor'
10:22:22.800 [Test worker] TRACE org.springframework.beans.factory.support.DefaultListableBeanFactory - Finished creating instance of bean 'viewNameTranslator'
10:22:22.800 [Test worker] TRACE org.springframework.beans.factory.support.DefaultListableBeanFactory - Returning cached instance of singleton bean 'org.springframework.boot.autoconfigure.web.servlet.WebMvcAutoConfiguration$WebMvcAutoConfigurationAdapter'
10:22:22.800 [Test worker] DEBUG org.springframework.beans.factory.support.DefaultListableBeanFactory - Creating shared instance of singleton bean 'defaultViewResolver'
10:22:22.800 [Test worker] TRACE org.springframework.beans.factory.support.DefaultListableBeanFactory - Creating instance of bean 'defaultViewResolver'
10:22:22.800 [Test worker] TRACE org.springframework.beans.factory.support.DefaultListableBeanFactory - Returning cached instance of singleton bean 'org.springframework.transaction.config.internalTransactionAdvisor'
10:22:22.800 [Test worker] TRACE org.springframework.beans.factory.support.DefaultListableBeanFactory - Returning cached instance of singleton bean 'org.springframework.boot.autoconfigure.web.servlet.WebMvcAutoConfiguration$WebMvcAutoConfigurationAdapter'
10:22:22.805 [Test worker] TRACE org.springframework.beans.factory.support.DefaultListableBeanFactory - Returning cached instance of singleton bean 'org.springframework.transaction.config.internalTransactionAdvisor'
10:22:22.806 [Test worker] TRACE org.springframework.beans.factory.support.DefaultListableBeanFactory - Returning cached instance of singleton bean 'org.springframework.transaction.config.internalTransactionAdvisor'
10:22:22.807 [Test worker] TRACE org.springframework.beans.factory.support.DefaultListableBeanFactory - Finished creating instance of bean 'defaultViewResolver'
10:22:22.807 [Test worker] DEBUG org.springframework.beans.factory.support.DefaultListableBeanFactory - Creating shared instance of singleton bean 'viewResolver'
10:22:22.807 [Test worker] TRACE org.springframework.beans.factory.support.DefaultListableBeanFactory - Creating instance of bean 'viewResolver'
10:22:22.807 [Test worker] TRACE org.springframework.beans.factory.support.DefaultListableBeanFactory - Returning cached instance of singleton bean 'org.springframework.transaction.config.internalTransactionAdvisor'
10:22:22.807 [Test worker] TRACE org.springframework.beans.factory.support.DefaultListableBeanFactory - Returning cached instance of singleton bean 'org.springframework.boot.autoconfigure.web.servlet.WebMvcAutoConfiguration$WebMvcAutoConfigurationAdapter'
10:22:22.809 [Test worker] DEBUG org.springframework.beans.factory.support.DefaultListableBeanFactory - Autowiring by type from bean name 'viewResolver' via factory method to bean named 'org.springframework.beans.factory.support.DefaultListableBeanFactory@49f3ff41'
10:22:22.810 [Test worker] TRACE org.springframework.beans.factory.support.DefaultListableBeanFactory - Returning cached instance of singleton bean 'mvcContentNegotiationManager'
10:22:22.811 [Test worker] TRACE org.springframework.beans.factory.support.DefaultListableBeanFactory - Returning cached instance of singleton bean 'beanNameViewResolver'
10:22:22.811 [Test worker] TRACE org.springframework.beans.factory.support.DefaultListableBeanFactory - Returning cached instance of singleton bean 'mvcViewResolver'
10:22:22.811 [Test worker] TRACE org.springframework.beans.factory.support.DefaultListableBeanFactory - Returning cached instance of singleton bean 'defaultViewResolver'
10:22:22.812 [Test worker] DEBUG org.springframework.beans.factory.support.DefaultListableBeanFactory - Creating shared instance of singleton bean 'viewResolver'
10:22:22.813 [Test worker] TRACE org.springframework.beans.factory.support.DefaultListableBeanFactory - Ignoring match to currently created bean 'viewResolver': Error creating bean with name 'viewResolver': Requested bean is currently in creation: Is there an unresolvable circular reference?
10:22:22.814 [Test worker] TRACE org.springframework.beans.factory.support.DefaultListableBeanFactory - Invoking afterPropertiesSet() on bean with name 'viewResolver'
10:22:22.814 [Test worker] TRACE org.springframework.beans.factory.support.DefaultListableBeanFactory - Returning cached instance of singleton bean 'org.springframework.transaction.config.internalTransactionAdvisor'
10:22:22.814 [Test worker] TRACE org.springframework.beans.factory.support.DefaultListableBeanFactory - Returning cached instance of singleton bean 'org.springframework.transaction.config.internalTransactionAdvisor'
10:22:22.815 [Test worker] TRACE org.springframework.beans.factory.support.DefaultListableBeanFactory - Finished creating instance of bean 'viewResolver'
10:22:22.815 [Test worker] DEBUG org.springframework.beans.factory.support.DefaultListableBeanFactory - Creating shared instance of singleton bean 'requestContextFilter'
10:22:22.815 [Test worker] TRACE org.springframework.beans.factory.support.DefaultListableBeanFactory - Creating instance of bean 'requestContextFilter'
10:22:22.815 [Test worker] TRACE org.springframework.beans.factory.support.DefaultListableBeanFactory - Returning cached instance of singleton bean 'org.springframework.transaction.config.internalTransactionAdvisor'
10:22:22.816 [Test worker] TRACE org.springframework.beans.factory.support.DefaultListableBeanFactory - Invoking afterPropertiesSet() on bean with name 'requestContextFilter'
10:22:22.817 [Test worker] TRACE org.springframework.beans.factory.support.DefaultListableBeanFactory - Returning cached instance of singleton bean 'org.springframework.transaction.config.internalTransactionAdvisor'
10:22:22.817 [Test worker] TRACE org.springframework.beans.factory.support.DefaultListableBeanFactory - Returning cached instance of singleton bean 'org.springframework.transaction.config.internalTransactionAdvisor'
10:22:22.818 [Test worker] TRACE org.springframework.beans.factory.support.DefaultListableBeanFactory - Finished creating instance of bean 'requestContextFilter'
10:22:22.819 [Test worker] DEBUG org.springframework.beans.factory.support.DefaultListableBeanFactory - Creating shared instance of singleton bean 'org.springframework.boot.autoconfigure.web.servlet.WebMvcAutoConfiguration'
10:22:22.819 [Test worker] TRACE org.springframework.beans.factory.support.DefaultListableBeanFactory - Creating instance of bean 'org.springframework.boot.autoconfigure.web.servlet.WebMvcAutoConfiguration'
10:22:22.819 [Test worker] TRACE org.springframework.beans.factory.support.DefaultListableBeanFactory - Returning cached instance of singleton bean 'org.springframework.transaction.config.internalTransactionAdvisor'
10:22:22.820 [Test worker] TRACE org.springframework.beans.factory.support.DefaultListableBeanFactory - Returning cached instance of singleton bean 'org.springframework.transaction.config.internalTransactionAdvisor'
10:22:22.820 [Test worker] TRACE org.springframework.beans.factory.support.DefaultListableBeanFactory - Returning cached instance of singleton bean 'org.springframework.transaction.config.internalTransactionAdvisor'
10:22:22.820 [Test worker] TRACE org.springframework.beans.factory.support.DefaultListableBeanFactory - Finished creating instance of bean 'org.springframework.boot.autoconfigure.web.servlet.WebMvcAutoConfiguration'
10:22:22.820 [Test worker] DEBUG org.springframework.beans.factory.support.DefaultListableBeanFactory - Creating shared instance of singleton bean 'formContentFilter'
10:22:22.820 [Test worker] TRACE org.springframework.beans.factory.support.DefaultListableBeanFactory - Creating instance of bean 'formContentFilter'
10:22:22.821 [Test worker] TRACE org.springframework.beans.factory.support.DefaultListableBeanFactory - Returning cached instance of singleton bean 'org.springframework.transaction.config.internalTransactionAdvisor'
10:22:22.821 [Test worker] TRACE org.springframework.beans.factory.support.DefaultListableBeanFactory - Returning cached instance of singleton bean 'org.springframework.boot.autoconfigure.web.servlet.WebMvcAutoConfiguration'
10:22:22.822 [Test worker] TRACE org.springframework.beans.factory.support.DefaultListableBeanFactory - Invoking afterPropertiesSet() on bean with name 'formContentFilter'
10:22:22.822 [Test worker] TRACE org.springframework.beans.factory.support.DefaultListableBeanFactory - Returning cached instance of singleton bean 'org.springframework.transaction.config.internalTransactionAdvisor'
10:22:22.822 [Test worker] TRACE org.springframework.beans.factory.support.DefaultListableBeanFactory - Returning cached instance of singleton bean 'org.springframework.transaction.config.internalTransactionAdvisor'
10:22:22.823 [Test worker] TRACE org.springframework.beans.factory.support.DefaultListableBeanFactory - Finished creating instance of bean 'formContentFilter'
10:22:22.823 [Test worker] DEBUG org.springframework.beans.factory.support.DefaultListableBeanFactory - Creating shared instance of singleton bean 'org.springdoc.core.configuration.SpringDocConfiguration$QuerydslProvider'
10:22:22.823 [Test worker] TRACE org.springframework.beans.factory.support.DefaultListableBeanFactory - Creating instance of bean 'org.springdoc.core.configuration.SpringDocConfiguration$QuerydslProvider'
10:22:22.823 [Test worker] TRACE org.springframework.beans.factory.support.DefaultListableBeanFactory - Returning cached instance of singleton bean 'org.springframework.transaction.config.internalTransactionAdvisor'
10:22:22.824 [Test worker] TRACE org.springframework.beans.factory.support.DefaultListableBeanFactory - Returning cached instance of singleton bean 'org.springframework.transaction.config.internalTransactionAdvisor'
10:22:22.825 [Test worker] TRACE org.springframework.beans.factory.support.DefaultListableBeanFactory - Returning cached instance of singleton bean 'org.springframework.transaction.config.internalTransactionAdvisor'
10:22:22.825 [Test worker] TRACE org.springframework.beans.factory.support.DefaultListableBeanFactory - Finished creating instance of bean 'org.springdoc.core.configuration.SpringDocConfiguration$QuerydslProvider'
10:22:22.825 [Test worker] DEBUG org.springframework.beans.factory.support.DefaultListableBeanFactory - Creating shared instance of singleton bean 'queryDslQuerydslPredicateOperationCustomizer'
10:22:22.825 [Test worker] TRACE org.springframework.beans.factory.support.DefaultListableBeanFactory - Creating instance of bean 'queryDslQuerydslPredicateOperationCustomizer'
10:22:22.825 [Test worker] TRACE org.springframework.beans.factory.support.DefaultListableBeanFactory - Returning cached instance of singleton bean 'org.springframework.transaction.config.internalTransactionAdvisor'
10:22:22.825 [Test worker] TRACE org.springframework.beans.factory.support.DefaultListableBeanFactory - Returning cached instance of singleton bean 'org.springdoc.core.configuration.SpringDocConfiguration$QuerydslProvider'
10:22:22.827 [Test worker] TRACE org.springframework.beans.factory.support.DefaultListableBeanFactory - Returning cached instance of singleton bean 'org.springframework.transaction.config.internalTransactionAdvisor'
10:22:22.827 [Test worker] TRACE org.springframework.beans.factory.support.DefaultListableBeanFactory - Returning cached instance of singleton bean 'org.springframework.transaction.config.internalTransactionAdvisor'
10:22:22.827 [Test worker] TRACE org.springframework.beans.factory.support.DefaultListableBeanFactory - Finished creating instance of bean 'queryDslQuerydslPredicateOperationCustomizer'
10:22:22.827 [Test worker] DEBUG org.springframework.beans.factory.support.DefaultListableBeanFactory - Creating shared instance of singleton bean 'org.springdoc.core.configuration.SpringDocConfiguration$OpenApiResourceAdvice'
10:22:22.827 [Test worker] TRACE org.springframework.beans.factory.support.DefaultListableBeanFactory - Creating instance of bean 'org.springdoc.core.configuration.SpringDocConfiguration$OpenApiResourceAdvice'
10:22:22.827 [Test worker] TRACE org.springframework.beans.factory.support.DefaultListableBeanFactory - Returning cached instance of singleton bean 'org.springframework.transaction.config.internalTransactionAdvisor'
10:22:22.828 [Test worker] TRACE org.springframework.beans.factory.support.DefaultListableBeanFactory - Returning cached instance of singleton bean 'org.springdoc.core.configuration.SpringDocConfiguration'
10:22:22.828 [Test worker] DEBUG org.springframework.beans.factory.support.DefaultListableBeanFactory - Autowiring by type from bean name 'org.springdoc.core.configuration.SpringDocConfiguration$OpenApiResourceAdvice' via constructor to bean named 'org.springdoc.core.configuration.SpringDocConfiguration'
10:22:22.829 [Test worker] TRACE org.springframework.beans.factory.support.DefaultListableBeanFactory - Returning cached instance of singleton bean 'org.springframework.transaction.config.internalTransactionAdvisor'
10:22:22.829 [Test worker] TRACE org.springframework.beans.factory.support.DefaultListableBeanFactory - Returning cached instance of singleton bean 'org.springframework.transaction.config.internalTransactionAdvisor'
10:22:22.830 [Test worker] TRACE org.springframework.beans.factory.support.DefaultListableBeanFactory - Finished creating instance of bean 'org.springdoc.core.configuration.SpringDocConfiguration$OpenApiResourceAdvice'
10:22:22.830 [Test worker] DEBUG org.springframework.beans.factory.support.DefaultListableBeanFactory - Creating shared instance of singleton bean 'org.springdoc.core.configuration.SpringDocConfiguration$SpringDocSpringDataWebPropertiesProvider'
10:22:22.831 [Test worker] TRACE org.springframework.beans.factory.support.DefaultListableBeanFactory - Creating instance of bean 'org.springdoc.core.configuration.SpringDocConfiguration$SpringDocSpringDataWebPropertiesProvider'
10:22:22.831 [Test worker] TRACE org.springframework.beans.factory.support.DefaultListableBeanFactory - Returning cached instance of singleton bean 'org.springframework.transaction.config.internalTransactionAdvisor'
10:22:22.831 [Test worker] TRACE org.springframework.beans.factory.support.DefaultListableBeanFactory - Returning cached instance of singleton bean 'org.springframework.transaction.config.internalTransactionAdvisor'
10:22:22.831 [Test worker] TRACE org.springframework.beans.factory.support.DefaultListableBeanFactory - Returning cached instance of singleton bean 'org.springframework.transaction.config.internalTransactionAdvisor'
10:22:22.832 [Test worker] TRACE org.springframework.beans.factory.support.DefaultListableBeanFactory - Finished creating instance of bean 'org.springdoc.core.configuration.SpringDocConfiguration$SpringDocSpringDataWebPropertiesProvider'
10:22:22.832 [Test worker] DEBUG org.springframework.beans.factory.support.DefaultListableBeanFactory - Creating shared instance of singleton bean 'springDataWebPropertiesProvider'
10:22:22.832 [Test worker] TRACE org.springframework.beans.factory.support.DefaultListableBeanFactory - Creating instance of bean 'springDataWebPropertiesProvider'
10:22:22.832 [Test worker] TRACE org.springframework.beans.factory.support.DefaultListableBeanFactory - Returning cached instance of singleton bean 'org.springframework.transaction.config.internalTransactionAdvisor'
10:22:22.833 [Test worker] TRACE org.springframework.beans.factory.support.DefaultListableBeanFactory - Returning cached instance of singleton bean 'org.springdoc.core.configuration.SpringDocConfiguration$SpringDocSpringDataWebPropertiesProvider'
10:22:22.834 [Test worker] TRACE org.springframework.beans.factory.support.DefaultListableBeanFactory - Returning cached instance of singleton bean 'spring.data.web-org.springframework.boot.autoconfigure.data.web.SpringDataWebProperties'
10:22:22.835 [Test worker] TRACE org.springframework.beans.factory.support.DefaultListableBeanFactory - Returning cached instance of singleton bean 'org.springframework.transaction.config.internalTransactionAdvisor'
10:22:22.835 [Test worker] TRACE org.springframework.beans.factory.support.DefaultListableBeanFactory - Returning cached instance of singleton bean 'org.springframework.transaction.config.internalTransactionAdvisor'
10:22:22.836 [Test worker] TRACE org.springframework.beans.factory.support.DefaultListableBeanFactory - Finished creating instance of bean 'springDataWebPropertiesProvider'
10:22:22.836 [Test worker] DEBUG org.springframework.beans.factory.support.DefaultListableBeanFactory - Creating shared instance of singleton bean 'org.springdoc.core.configuration.SpringDocConfiguration$WebConversionServiceConfiguration'
10:22:22.836 [Test worker] TRACE org.springframework.beans.factory.support.DefaultListableBeanFactory - Creating instance of bean 'org.springdoc.core.configuration.SpringDocConfiguration$WebConversionServiceConfiguration'
10:22:22.836 [Test worker] TRACE org.springframework.beans.factory.support.DefaultListableBeanFactory - Returning cached instance of singleton bean 'org.springframework.transaction.config.internalTransactionAdvisor'
10:22:22.837 [Test worker] TRACE org.springframework.beans.factory.support.DefaultListableBeanFactory - Returning cached instance of singleton bean 'org.springframework.transaction.config.internalTransactionAdvisor'
10:22:22.838 [Test worker] TRACE org.springframework.beans.factory.support.DefaultListableBeanFactory - Returning cached instance of singleton bean 'org.springframework.transaction.config.internalTransactionAdvisor'
10:22:22.838 [Test worker] TRACE org.springframework.beans.factory.support.DefaultListableBeanFactory - Finished creating instance of bean 'org.springdoc.core.configuration.SpringDocConfiguration$WebConversionServiceConfiguration'
10:22:22.838 [Test worker] DEBUG org.springframework.beans.factory.support.DefaultListableBeanFactory - Creating shared instance of singleton bean 'webConversionServiceProvider'
10:22:22.838 [Test worker] TRACE org.springframework.beans.factory.support.DefaultListableBeanFactory - Creating instance of bean 'webConversionServiceProvider'
10:22:22.839 [Test worker] TRACE org.springframework.beans.factory.support.DefaultListableBeanFactory - Returning cached instance of singleton bean 'org.springframework.transaction.config.internalTransactionAdvisor'
10:22:22.839 [Test worker] TRACE org.springframework.beans.factory.support.DefaultListableBeanFactory - Returning cached instance of singleton bean 'org.springdoc.core.configuration.SpringDocConfiguration$WebConversionServiceConfiguration'
10:22:22.840 [Test worker] TRACE org.springframework.beans.factory.support.DefaultListableBeanFactory - Invoking afterPropertiesSet() on bean with name 'webConversionServiceProvider'
10:22:22.841 [Test worker] TRACE org.springframework.beans.factory.support.DefaultListableBeanFactory - Returning cached instance of singleton bean 'mvcConversionService'
10:22:22.841 [Test worker] TRACE org.springframework.beans.factory.support.DefaultListableBeanFactory - Returning cached instance of singleton bean 'org.springframework.transaction.config.internalTransactionAdvisor'
10:22:22.841 [Test worker] TRACE org.springframework.beans.factory.support.DefaultListableBeanFactory - Returning cached instance of singleton bean 'org.springframework.transaction.config.internalTransactionAdvisor'
10:22:22.841 [Test worker] TRACE org.springframework.beans.factory.support.DefaultListableBeanFactory - Finished creating instance of bean 'webConversionServiceProvider'
10:22:22.842 [Test worker] TRACE org.springframework.beans.factory.support.DefaultListableBeanFactory - Returning cached instance of singleton bean 'org.springdoc.core.configuration.SpringDocConfiguration'
10:22:22.842 [Test worker] DEBUG org.springframework.beans.factory.support.DefaultListableBeanFactory - Creating shared instance of singleton bean 'localSpringDocParameterNameDiscoverer'
10:22:22.842 [Test worker] TRACE org.springframework.beans.factory.support.DefaultListableBeanFactory - Creating instance of bean 'localSpringDocParameterNameDiscoverer'
10:22:22.842 [Test worker] TRACE org.springframework.beans.factory.support.DefaultListableBeanFactory - Returning cached instance of singleton bean 'org.springframework.transaction.config.internalTransactionAdvisor'
10:22:22.842 [Test worker] TRACE org.springframework.beans.factory.support.DefaultListableBeanFactory - Returning cached instance of singleton bean 'org.springdoc.core.configuration.SpringDocConfiguration'
10:22:22.843 [Test worker] TRACE org.springframework.beans.factory.support.DefaultListableBeanFactory - Returning cached instance of singleton bean 'org.springframework.transaction.config.internalTransactionAdvisor'
10:22:22.843 [Test worker] TRACE org.springframework.beans.factory.support.DefaultListableBeanFactory - Returning cached instance of singleton bean 'org.springframework.transaction.config.internalTransactionAdvisor'
10:22:22.844 [Test worker] TRACE org.springframework.beans.factory.support.DefaultListableBeanFactory - Finished creating instance of bean 'localSpringDocParameterNameDiscoverer'
10:22:22.844 [Test worker] DEBUG org.springframework.beans.factory.support.DefaultListableBeanFactory - Creating shared instance of singleton bean 'additionalModelsConverter'
10:22:22.844 [Test worker] TRACE org.springframework.beans.factory.support.DefaultListableBeanFactory - Creating instance of bean 'additionalModelsConverter'
10:22:22.844 [Test worker] TRACE org.springframework.beans.factory.support.DefaultListableBeanFactory - Returning cached instance of singleton bean 'org.springframework.transaction.config.internalTransactionAdvisor'
10:22:22.844 [Test worker] TRACE org.springframework.beans.factory.support.DefaultListableBeanFactory - Returning cached instance of singleton bean 'org.springdoc.core.configuration.SpringDocConfiguration'
10:22:22.845 [Test worker] TRACE org.springframework.beans.factory.support.DefaultListableBeanFactory - Returning cached instance of singleton bean 'springdocObjectMapperProvider'
10:22:22.845 [Test worker] DEBUG org.springframework.beans.factory.support.DefaultListableBeanFactory - Autowiring by type from bean name 'additionalModelsConverter' via factory method to bean named 'springdocObjectMapperProvider'
10:22:22.846 [Test worker] TRACE org.springframework.beans.factory.support.DefaultListableBeanFactory - Returning cached instance of singleton bean 'org.springframework.transaction.config.internalTransactionAdvisor'
10:22:22.847 [Test worker] TRACE org.springframework.beans.factory.support.DefaultListableBeanFactory - Returning cached instance of singleton bean 'org.springframework.transaction.config.internalTransactionAdvisor'
10:22:22.847 [Test worker] TRACE org.springframework.beans.factory.support.DefaultListableBeanFactory - Finished creating instance of bean 'additionalModelsConverter'
10:22:22.847 [Test worker] DEBUG org.springframework.beans.factory.support.DefaultListableBeanFactory - Creating shared instance of singleton bean 'fileSupportConverter'
10:22:22.848 [Test worker] TRACE org.springframework.beans.factory.support.DefaultListableBeanFactory - Creating instance of bean 'fileSupportConverter'
10:22:22.848 [Test worker] TRACE org.springframework.beans.factory.support.DefaultListableBeanFactory - Returning cached instance of singleton bean 'org.springframework.transaction.config.internalTransactionAdvisor'
10:22:22.848 [Test worker] TRACE org.springframework.beans.factory.support.DefaultListableBeanFactory - Returning cached instance of singleton bean 'org.springdoc.core.configuration.SpringDocConfiguration'
10:22:22.848 [Test worker] TRACE org.springframework.beans.factory.support.DefaultListableBeanFactory - Returning cached instance of singleton bean 'springdocObjectMapperProvider'
10:22:22.848 [Test worker] DEBUG org.springframework.beans.factory.support.DefaultListableBeanFactory - Autowiring by type from bean name 'fileSupportConverter' via factory method to bean named 'springdocObjectMapperProvider'
10:22:22.849 [Test worker] TRACE org.springframework.beans.factory.support.DefaultListableBeanFactory - Returning cached instance of singleton bean 'org.springframework.transaction.config.internalTransactionAdvisor'
10:22:22.849 [Test worker] TRACE org.springframework.beans.factory.support.DefaultListableBeanFactory - Returning cached instance of singleton bean 'org.springframework.transaction.config.internalTransactionAdvisor'
10:22:22.850 [Test worker] TRACE org.springframework.beans.factory.support.DefaultListableBeanFactory - Finished creating instance of bean 'fileSupportConverter'
10:22:22.850 [Test worker] DEBUG org.springframework.beans.factory.support.DefaultListableBeanFactory - Creating shared instance of singleton bean 'responseSupportConverter'
10:22:22.850 [Test worker] TRACE org.springframework.beans.factory.support.DefaultListableBeanFactory - Creating instance of bean 'responseSupportConverter'
10:22:22.850 [Test worker] TRACE org.springframework.beans.factory.support.DefaultListableBeanFactory - Returning cached instance of singleton bean 'org.springframework.transaction.config.internalTransactionAdvisor'
10:22:22.850 [Test worker] TRACE org.springframework.beans.factory.support.DefaultListableBeanFactory - Returning cached instance of singleton bean 'org.springdoc.core.configuration.SpringDocConfiguration'
10:22:22.850 [Test worker] TRACE org.springframework.beans.factory.support.DefaultListableBeanFactory - Returning cached instance of singleton bean 'springdocObjectMapperProvider'
10:22:22.850 [Test worker] DEBUG org.springframework.beans.factory.support.DefaultListableBeanFactory - Autowiring by type from bean name 'responseSupportConverter' via factory method to bean named 'springdocObjectMapperProvider'
10:22:22.851 [Test worker] TRACE org.springframework.beans.factory.support.DefaultListableBeanFactory - Returning cached instance of singleton bean 'org.springframework.transaction.config.internalTransactionAdvisor'
10:22:22.852 [Test worker] TRACE org.springframework.beans.factory.support.DefaultListableBeanFactory - Returning cached instance of singleton bean 'org.springframework.transaction.config.internalTransactionAdvisor'
10:22:22.852 [Test worker] TRACE org.springframework.beans.factory.support.DefaultListableBeanFactory - Finished creating instance of bean 'responseSupportConverter'
10:22:22.852 [Test worker] DEBUG org.springframework.beans.factory.support.DefaultListableBeanFactory - Creating shared instance of singleton bean 'schemaPropertyDeprecatingConverter'
10:22:22.852 [Test worker] TRACE org.springframework.beans.factory.support.DefaultListableBeanFactory - Creating instance of bean 'schemaPropertyDeprecatingConverter'
10:22:22.852 [Test worker] TRACE org.springframework.beans.factory.support.DefaultListableBeanFactory - Returning cached instance of singleton bean 'org.springframework.transaction.config.internalTransactionAdvisor'
10:22:22.852 [Test worker] TRACE org.springframework.beans.factory.support.DefaultListableBeanFactory - Returning cached instance of singleton bean 'org.springdoc.core.configuration.SpringDocConfiguration'
10:22:22.853 [Test worker] TRACE org.springframework.beans.factory.support.DefaultListableBeanFactory - Returning cached instance of singleton bean 'org.springframework.transaction.config.internalTransactionAdvisor'
10:22:22.853 [Test worker] TRACE org.springframework.beans.factory.support.DefaultListableBeanFactory - Returning cached instance of singleton bean 'org.springframework.transaction.config.internalTransactionAdvisor'
10:22:22.854 [Test worker] TRACE org.springframework.beans.factory.support.DefaultListableBeanFactory - Finished creating instance of bean 'schemaPropertyDeprecatingConverter'
10:22:22.854 [Test worker] DEBUG org.springframework.beans.factory.support.DefaultListableBeanFactory - Creating shared instance of singleton bean 'polymorphicModelConverter'
10:22:22.854 [Test worker] TRACE org.springframework.beans.factory.support.DefaultListableBeanFactory - Creating instance of bean 'polymorphicModelConverter'
10:22:22.854 [Test worker] TRACE org.springframework.beans.factory.support.DefaultListableBeanFactory - Returning cached instance of singleton bean 'org.springframework.transaction.config.internalTransactionAdvisor'
10:22:22.854 [Test worker] TRACE org.springframework.beans.factory.support.DefaultListableBeanFactory - Returning cached instance of singleton bean 'org.springdoc.core.configuration.SpringDocConfiguration'
10:22:22.854 [Test worker] TRACE org.springframework.beans.factory.support.DefaultListableBeanFactory - Returning cached instance of singleton bean 'springdocObjectMapperProvider'
10:22:22.854 [Test worker] DEBUG org.springframework.beans.factory.support.DefaultListableBeanFactory - Autowiring by type from bean name 'polymorphicModelConverter' via factory method to bean named 'springdocObjectMapperProvider'
10:22:22.855 [Test worker] TRACE org.springframework.beans.factory.support.DefaultListableBeanFactory - Returning cached instance of singleton bean 'org.springframework.transaction.config.internalTransactionAdvisor'
10:22:22.855 [Test worker] TRACE org.springframework.beans.factory.support.DefaultListableBeanFactory - Returning cached instance of singleton bean 'org.springframework.transaction.config.internalTransactionAdvisor'
10:22:22.856 [Test worker] TRACE org.springframework.beans.factory.support.DefaultListableBeanFactory - Finished creating instance of bean 'polymorphicModelConverter'
10:22:22.856 [Test worker] DEBUG org.springframework.beans.factory.support.DefaultListableBeanFactory - Creating shared instance of singleton bean 'openAPIBuilder'
10:22:22.856 [Test worker] TRACE org.springframework.beans.factory.support.DefaultListableBeanFactory - Creating instance of bean 'openAPIBuilder'
10:22:22.856 [Test worker] TRACE org.springframework.beans.factory.support.DefaultListableBeanFactory - Returning cached instance of singleton bean 'org.springframework.transaction.config.internalTransactionAdvisor'
10:22:22.857 [Test worker] TRACE org.springframework.beans.factory.support.DefaultListableBeanFactory - Returning cached instance of singleton bean 'org.springdoc.core.configuration.SpringDocConfiguration'
10:22:22.858 [Test worker] DEBUG org.springframework.beans.factory.support.DefaultListableBeanFactory - Creating shared instance of singleton bean 'securityParser'
10:22:22.859 [Test worker] TRACE org.springframework.beans.factory.support.DefaultListableBeanFactory - Creating instance of bean 'securityParser'
10:22:22.859 [Test worker] TRACE org.springframework.beans.factory.support.DefaultListableBeanFactory - Returning cached instance of singleton bean 'org.springframework.transaction.config.internalTransactionAdvisor'
10:22:22.859 [Test worker] TRACE org.springframework.beans.factory.support.DefaultListableBeanFactory - Returning cached instance of singleton bean 'org.springdoc.core.configuration.SpringDocConfiguration'
10:22:22.860 [Test worker] DEBUG org.springframework.beans.factory.support.DefaultListableBeanFactory - Creating shared instance of singleton bean 'propertyResolverUtils'
10:22:22.860 [Test worker] TRACE org.springframework.beans.factory.support.DefaultListableBeanFactory - Creating instance of bean 'propertyResolverUtils'
10:22:22.860 [Test worker] TRACE org.springframework.beans.factory.support.DefaultListableBeanFactory - Returning cached instance of singleton bean 'org.springframework.transaction.config.internalTransactionAdvisor'
10:22:22.860 [Test worker] TRACE org.springframework.beans.factory.support.DefaultListableBeanFactory - Returning cached instance of singleton bean 'org.springdoc.core.configuration.SpringDocConfiguration'
10:22:22.861 [Test worker] TRACE org.springframework.beans.factory.support.DefaultListableBeanFactory - Returning cached instance of singleton bean 'messageSource'
10:22:22.861 [Test worker] TRACE org.springframework.beans.factory.support.DefaultListableBeanFactory - Returning cached instance of singleton bean 'org.springdoc.core.properties.SpringDocConfigProperties'
10:22:22.861 [Test worker] DEBUG org.springframework.beans.factory.support.DefaultListableBeanFactory - Autowiring by type from bean name 'propertyResolverUtils' via factory method to bean named 'org.springframework.beans.factory.support.DefaultListableBeanFactory@49f3ff41'
10:22:22.861 [Test worker] DEBUG org.springframework.beans.factory.support.DefaultListableBeanFactory - Autowiring by type from bean name 'propertyResolverUtils' via factory method to bean named 'messageSource'
10:22:22.862 [Test worker] DEBUG org.springframework.beans.factory.support.DefaultListableBeanFactory - Autowiring by type from bean name 'propertyResolverUtils' via factory method to bean named 'org.springdoc.core.properties.SpringDocConfigProperties'
10:22:22.862 [Test worker] TRACE org.springframework.beans.factory.support.DefaultListableBeanFactory - Returning cached instance of singleton bean 'org.springframework.transaction.config.internalTransactionAdvisor'
10:22:22.862 [Test worker] TRACE org.springframework.beans.factory.support.DefaultListableBeanFactory - Returning cached instance of singleton bean 'org.springframework.transaction.config.internalTransactionAdvisor'
10:22:22.863 [Test worker] TRACE org.springframework.beans.factory.support.DefaultListableBeanFactory - Finished creating instance of bean 'propertyResolverUtils'
10:22:22.863 [Test worker] DEBUG org.springframework.beans.factory.support.DefaultListableBeanFactory - Autowiring by type from bean name 'securityParser' via factory method to bean named 'propertyResolverUtils'
10:22:22.866 [Test worker] TRACE org.springframework.beans.factory.support.DefaultListableBeanFactory - Returning cached instance of singleton bean 'org.springframework.transaction.config.internalTransactionAdvisor'
10:22:22.866 [Test worker] TRACE org.springframework.beans.factory.support.DefaultListableBeanFactory - Returning cached instance of singleton bean 'org.springframework.transaction.config.internalTransactionAdvisor'
10:22:22.867 [Test worker] TRACE org.springframework.beans.factory.support.DefaultListableBeanFactory - Finished creating instance of bean 'securityParser'
10:22:22.868 [Test worker] TRACE org.springframework.beans.factory.support.DefaultListableBeanFactory - Returning cached instance of singleton bean 'org.springdoc.core.properties.SpringDocConfigProperties'
10:22:22.869 [Test worker] TRACE org.springframework.beans.factory.support.DefaultListableBeanFactory - Returning cached instance of singleton bean 'propertyResolverUtils'
10:22:22.870 [Test worker] DEBUG org.springframework.beans.factory.support.DefaultListableBeanFactory - Autowiring by type from bean name 'openAPIBuilder' via factory method to bean named 'securityParser'
10:22:22.871 [Test worker] DEBUG org.springframework.beans.factory.support.DefaultListableBeanFactory - Autowiring by type from bean name 'openAPIBuilder' via factory method to bean named 'org.springdoc.core.properties.SpringDocConfigProperties'
10:22:22.871 [Test worker] DEBUG org.springframework.beans.factory.support.DefaultListableBeanFactory - Autowiring by type from bean name 'openAPIBuilder' via factory method to bean named 'propertyResolverUtils'
10:22:22.873 [Test worker] TRACE org.springframework.beans.factory.support.DefaultListableBeanFactory - Returning cached instance of singleton bean 'org.springframework.transaction.config.internalTransactionAdvisor'
10:22:22.873 [Test worker] TRACE org.springframework.beans.factory.support.DefaultListableBeanFactory - Returning cached instance of singleton bean 'org.springframework.transaction.config.internalTransactionAdvisor'
10:22:22.873 [Test worker] TRACE org.springframework.beans.factory.support.DefaultListableBeanFactory - Finished creating instance of bean 'openAPIBuilder'
10:22:22.874 [Test worker] DEBUG org.springframework.beans.factory.support.DefaultListableBeanFactory - Creating shared instance of singleton bean 'modelConverterRegistrar'
10:22:22.874 [Test worker] TRACE org.springframework.beans.factory.support.DefaultListableBeanFactory - Creating instance of bean 'modelConverterRegistrar'
10:22:22.874 [Test worker] TRACE org.springframework.beans.factory.support.DefaultListableBeanFactory - Returning cached instance of singleton bean 'org.springframework.transaction.config.internalTransactionAdvisor'
10:22:22.874 [Test worker] TRACE org.springframework.beans.factory.support.DefaultListableBeanFactory - Returning cached instance of singleton bean 'org.springdoc.core.configuration.SpringDocConfiguration'
10:22:22.875 [Test worker] TRACE org.springframework.beans.factory.support.DefaultListableBeanFactory - Returning cached instance of singleton bean 'additionalModelsConverter'
10:22:22.875 [Test worker] TRACE org.springframework.beans.factory.support.DefaultListableBeanFactory - Returning cached instance of singleton bean 'fileSupportConverter'
10:22:22.875 [Test worker] TRACE org.springframework.beans.factory.support.DefaultListableBeanFactory - Returning cached instance of singleton bean 'responseSupportConverter'
10:22:22.875 [Test worker] TRACE org.springframework.beans.factory.support.DefaultListableBeanFactory - Returning cached instance of singleton bean 'schemaPropertyDeprecatingConverter'
10:22:22.875 [Test worker] TRACE org.springframework.beans.factory.support.DefaultListableBeanFactory - Returning cached instance of singleton bean 'polymorphicModelConverter'
10:22:22.875 [Test worker] DEBUG org.springframework.beans.factory.support.DefaultListableBeanFactory - Creating shared instance of singleton bean 'pageableOpenAPIConverter'
10:22:22.875 [Test worker] TRACE org.springframework.beans.factory.support.DefaultListableBeanFactory - Creating instance of bean 'pageableOpenAPIConverter'
10:22:22.875 [Test worker] TRACE org.springframework.beans.factory.support.DefaultListableBeanFactory - Returning cached instance of singleton bean 'org.springframework.transaction.config.internalTransactionAdvisor'
10:22:22.875 [Test worker] DEBUG org.springframework.beans.factory.support.DefaultListableBeanFactory - Creating shared instance of singleton bean 'org.springdoc.core.configuration.SpringDocPageableConfiguration'
10:22:22.875 [Test worker] TRACE org.springframework.beans.factory.support.DefaultListableBeanFactory - Creating instance of bean 'org.springdoc.core.configuration.SpringDocPageableConfiguration'
10:22:22.875 [Test worker] TRACE org.springframework.beans.factory.support.DefaultListableBeanFactory - Returning cached instance of singleton bean 'org.springframework.transaction.config.internalTransactionAdvisor'
10:22:22.876 [Test worker] TRACE org.springframework.beans.factory.support.DefaultListableBeanFactory - Returning cached instance of singleton bean 'org.springframework.transaction.config.internalTransactionAdvisor'
10:22:22.876 [Test worker] TRACE org.springframework.beans.factory.support.DefaultListableBeanFactory - Returning cached instance of singleton bean 'org.springframework.transaction.config.internalTransactionAdvisor'
10:22:22.876 [Test worker] TRACE org.springframework.beans.factory.support.DefaultListableBeanFactory - Finished creating instance of bean 'org.springdoc.core.configuration.SpringDocPageableConfiguration'
10:22:22.876 [Test worker] TRACE org.springframework.beans.factory.support.DefaultListableBeanFactory - Returning cached instance of singleton bean 'springdocObjectMapperProvider'
10:22:22.876 [Test worker] DEBUG org.springframework.beans.factory.support.DefaultListableBeanFactory - Autowiring by type from bean name 'pageableOpenAPIConverter' via factory method to bean named 'springdocObjectMapperProvider'
10:22:22.877 [Test worker] TRACE org.springframework.beans.factory.support.DefaultListableBeanFactory - Returning cached instance of singleton bean 'org.springframework.transaction.config.internalTransactionAdvisor'
10:22:22.878 [Test worker] TRACE org.springframework.beans.factory.support.DefaultListableBeanFactory - Returning cached instance of singleton bean 'org.springframework.transaction.config.internalTransactionAdvisor'
10:22:22.878 [Test worker] TRACE org.springframework.beans.factory.support.DefaultListableBeanFactory - Finished creating instance of bean 'pageableOpenAPIConverter'
10:22:22.878 [Test worker] DEBUG org.springframework.beans.factory.support.DefaultListableBeanFactory - Creating shared instance of singleton bean 'sortOpenAPIConverter'
10:22:22.878 [Test worker] TRACE org.springframework.beans.factory.support.DefaultListableBeanFactory - Creating instance of bean 'sortOpenAPIConverter'
10:22:22.878 [Test worker] TRACE org.springframework.beans.factory.support.DefaultListableBeanFactory - Returning cached instance of singleton bean 'org.springframework.transaction.config.internalTransactionAdvisor'
10:22:22.879 [Test worker] DEBUG org.springframework.beans.factory.support.DefaultListableBeanFactory - Creating shared instance of singleton bean 'org.springdoc.core.configuration.SpringDocSortConfiguration'
10:22:22.879 [Test worker] TRACE org.springframework.beans.factory.support.DefaultListableBeanFactory - Creating instance of bean 'org.springdoc.core.configuration.SpringDocSortConfiguration'
10:22:22.879 [Test worker] TRACE org.springframework.beans.factory.support.DefaultListableBeanFactory - Returning cached instance of singleton bean 'org.springframework.transaction.config.internalTransactionAdvisor'
10:22:22.879 [Test worker] TRACE org.springframework.beans.factory.support.DefaultListableBeanFactory - Returning cached instance of singleton bean 'org.springframework.transaction.config.internalTransactionAdvisor'
10:22:22.880 [Test worker] TRACE org.springframework.beans.factory.support.DefaultListableBeanFactory - Returning cached instance of singleton bean 'org.springframework.transaction.config.internalTransactionAdvisor'
10:22:22.880 [Test worker] TRACE org.springframework.beans.factory.support.DefaultListableBeanFactory - Finished creating instance of bean 'org.springdoc.core.configuration.SpringDocSortConfiguration'
10:22:22.880 [Test worker] TRACE org.springframework.beans.factory.support.DefaultListableBeanFactory - Returning cached instance of singleton bean 'springdocObjectMapperProvider'
10:22:22.880 [Test worker] DEBUG org.springframework.beans.factory.support.DefaultListableBeanFactory - Autowiring by type from bean name 'sortOpenAPIConverter' via factory method to bean named 'springdocObjectMapperProvider'
10:22:22.881 [Test worker] TRACE org.springframework.beans.factory.support.DefaultListableBeanFactory - Returning cached instance of singleton bean 'org.springframework.transaction.config.internalTransactionAdvisor'
10:22:22.881 [Test worker] TRACE org.springframework.beans.factory.support.DefaultListableBeanFactory - Returning cached instance of singleton bean 'org.springframework.transaction.config.internalTransactionAdvisor'
10:22:22.881 [Test worker] TRACE org.springframework.beans.factory.support.DefaultListableBeanFactory - Finished creating instance of bean 'sortOpenAPIConverter'
10:22:22.893 [Test worker] TRACE org.springframework.beans.factory.support.DefaultListableBeanFactory - Returning cached instance of singleton bean 'org.springframework.transaction.config.internalTransactionAdvisor'
10:22:22.893 [Test worker] TRACE org.springframework.beans.factory.support.DefaultListableBeanFactory - Returning cached instance of singleton bean 'org.springframework.transaction.config.internalTransactionAdvisor'
10:22:22.894 [Test worker] TRACE org.springframework.beans.factory.support.DefaultListableBeanFactory - Finished creating instance of bean 'modelConverterRegistrar'
10:22:22.894 [Test worker] DEBUG org.springframework.beans.factory.support.DefaultListableBeanFactory - Creating shared instance of singleton bean 'operationBuilder'
10:22:22.894 [Test worker] TRACE org.springframework.beans.factory.support.DefaultListableBeanFactory - Creating instance of bean 'operationBuilder'
10:22:22.894 [Test worker] TRACE org.springframework.beans.factory.support.DefaultListableBeanFactory - Returning cached instance of singleton bean 'org.springframework.transaction.config.internalTransactionAdvisor'
10:22:22.895 [Test worker] TRACE org.springframework.beans.factory.support.DefaultListableBeanFactory - Returning cached instance of singleton bean 'org.springdoc.core.configuration.SpringDocConfiguration'
10:22:22.896 [Test worker] DEBUG org.springframework.beans.factory.support.DefaultListableBeanFactory - Creating shared instance of singleton bean 'parameterBuilder'
10:22:22.896 [Test worker] TRACE org.springframework.beans.factory.support.DefaultListableBeanFactory - Creating instance of bean 'parameterBuilder'
10:22:22.896 [Test worker] TRACE org.springframework.beans.factory.support.DefaultListableBeanFactory - Returning cached instance of singleton bean 'org.springframework.transaction.config.internalTransactionAdvisor'
10:22:22.896 [Test worker] TRACE org.springframework.beans.factory.support.DefaultListableBeanFactory - Returning cached instance of singleton bean 'org.springdoc.core.configuration.SpringDocConfiguration'
10:22:22.897 [Test worker] TRACE org.springframework.beans.factory.support.DefaultListableBeanFactory - Returning cached instance of singleton bean 'propertyResolverUtils'
10:22:22.897 [Test worker] DEBUG org.springframework.beans.factory.support.DefaultListableBeanFactory - Creating shared instance of singleton bean 'delegatingMethodParameterCustomizer'
10:22:22.898 [Test worker] TRACE org.springframework.beans.factory.support.DefaultListableBeanFactory - Creating instance of bean 'delegatingMethodParameterCustomizer'
10:22:22.898 [Test worker] TRACE org.springframework.beans.factory.support.DefaultListableBeanFactory - Returning cached instance of singleton bean 'org.springframework.transaction.config.internalTransactionAdvisor'
10:22:22.898 [Test worker] TRACE org.springframework.beans.factory.support.DefaultListableBeanFactory - Returning cached instance of singleton bean 'org.springdoc.core.configuration.SpringDocPageableConfiguration'
10:22:22.899 [Test worker] TRACE org.springframework.beans.factory.support.DefaultListableBeanFactory - Returning cached instance of singleton bean 'springDataWebPropertiesProvider'
10:22:22.902 [Test worker] TRACE org.springframework.beans.factory.support.DefaultListableBeanFactory - Returning cached instance of singleton bean 'org.springframework.transaction.config.internalTransactionAdvisor'
10:22:22.903 [Test worker] TRACE org.springframework.beans.factory.support.DefaultListableBeanFactory - Returning cached instance of singleton bean 'org.springframework.transaction.config.internalTransactionAdvisor'
10:22:22.903 [Test worker] TRACE org.springframework.beans.factory.support.DefaultListableBeanFactory - Finished creating instance of bean 'delegatingMethodParameterCustomizer'
10:22:22.904 [Test worker] TRACE org.springframework.beans.factory.support.DefaultListableBeanFactory - Returning cached instance of singleton bean 'webConversionServiceProvider'
10:22:22.904 [Test worker] TRACE org.springframework.beans.factory.support.DefaultListableBeanFactory - Returning cached instance of singleton bean 'springdocObjectMapperProvider'
10:22:22.905 [Test worker] DEBUG org.springframework.beans.factory.support.DefaultListableBeanFactory - Autowiring by type from bean name 'parameterBuilder' via factory method to bean named 'propertyResolverUtils'
10:22:22.905 [Test worker] DEBUG org.springframework.beans.factory.support.DefaultListableBeanFactory - Autowiring by type from bean name 'parameterBuilder' via factory method to bean named 'springdocObjectMapperProvider'
10:22:22.906 [Test worker] TRACE org.springframework.beans.factory.support.DefaultListableBeanFactory - Returning cached instance of singleton bean 'org.springframework.transaction.config.internalTransactionAdvisor'
10:22:22.907 [Test worker] TRACE org.springframework.beans.factory.support.DefaultListableBeanFactory - Returning cached instance of singleton bean 'org.springframework.transaction.config.internalTransactionAdvisor'
10:22:22.907 [Test worker] TRACE org.springframework.beans.factory.support.DefaultListableBeanFactory - Finished creating instance of bean 'parameterBuilder'
10:22:22.908 [Test worker] DEBUG org.springframework.beans.factory.support.DefaultListableBeanFactory - Creating shared instance of singleton bean 'requestBodyBuilder'
10:22:22.908 [Test worker] TRACE org.springframework.beans.factory.support.DefaultListableBeanFactory - Creating instance of bean 'requestBodyBuilder'
10:22:22.908 [Test worker] TRACE org.springframework.beans.factory.support.DefaultListableBeanFactory - Returning cached instance of singleton bean 'org.springframework.transaction.config.internalTransactionAdvisor'
10:22:22.908 [Test worker] TRACE org.springframework.beans.factory.support.DefaultListableBeanFactory - Returning cached instance of singleton bean 'org.springdoc.core.configuration.SpringDocConfiguration'
10:22:22.909 [Test worker] TRACE org.springframework.beans.factory.support.DefaultListableBeanFactory - Returning cached instance of singleton bean 'parameterBuilder'
10:22:22.909 [Test worker] DEBUG org.springframework.beans.factory.support.DefaultListableBeanFactory - Autowiring by type from bean name 'requestBodyBuilder' via factory method to bean named 'parameterBuilder'
10:22:22.909 [Test worker] TRACE org.springframework.beans.factory.support.DefaultListableBeanFactory - Returning cached instance of singleton bean 'org.springframework.transaction.config.internalTransactionAdvisor'
10:22:22.910 [Test worker] TRACE org.springframework.beans.factory.support.DefaultListableBeanFactory - Returning cached instance of singleton bean 'org.springframework.transaction.config.internalTransactionAdvisor'
10:22:22.910 [Test worker] TRACE org.springframework.beans.factory.support.DefaultListableBeanFactory - Finished creating instance of bean 'requestBodyBuilder'
10:22:22.910 [Test worker] TRACE org.springframework.beans.factory.support.DefaultListableBeanFactory - Returning cached instance of singleton bean 'securityParser'
10:22:22.910 [Test worker] TRACE org.springframework.beans.factory.support.DefaultListableBeanFactory - Returning cached instance of singleton bean 'propertyResolverUtils'
10:22:22.911 [Test worker] DEBUG org.springframework.beans.factory.support.DefaultListableBeanFactory - Autowiring by type from bean name 'operationBuilder' via factory method to bean named 'parameterBuilder'
10:22:22.911 [Test worker] DEBUG org.springframework.beans.factory.support.DefaultListableBeanFactory - Autowiring by type from bean name 'operationBuilder' via factory method to bean named 'requestBodyBuilder'
10:22:22.911 [Test worker] DEBUG org.springframework.beans.factory.support.DefaultListableBeanFactory - Autowiring by type from bean name 'operationBuilder' via factory method to bean named 'securityParser'
10:22:22.911 [Test worker] DEBUG org.springframework.beans.factory.support.DefaultListableBeanFactory - Autowiring by type from bean name 'operationBuilder' via factory method to bean named 'propertyResolverUtils'
10:22:22.912 [Test worker] TRACE org.springframework.beans.factory.support.DefaultListableBeanFactory - Returning cached instance of singleton bean 'org.springframework.transaction.config.internalTransactionAdvisor'
10:22:22.912 [Test worker] TRACE org.springframework.beans.factory.support.DefaultListableBeanFactory - Returning cached instance of singleton bean 'org.springframework.transaction.config.internalTransactionAdvisor'
10:22:22.912 [Test worker] TRACE org.springframework.beans.factory.support.DefaultListableBeanFactory - Finished creating instance of bean 'operationBuilder'
10:22:22.913 [Test worker] TRACE org.springframework.beans.factory.support.DefaultListableBeanFactory - Returning cached instance of singleton bean 'propertyResolverUtils'
10:22:22.913 [Test worker] TRACE org.springframework.beans.factory.support.DefaultListableBeanFactory - Returning cached instance of singleton bean 'requestBodyBuilder'
10:22:22.913 [Test worker] TRACE org.springframework.beans.factory.support.DefaultListableBeanFactory - Returning cached instance of singleton bean 'securityParser'
10:22:22.913 [Test worker] DEBUG org.springframework.beans.factory.support.DefaultListableBeanFactory - Creating shared instance of singleton bean 'genericReturnTypeParser'
10:22:22.913 [Test worker] TRACE org.springframework.beans.factory.support.DefaultListableBeanFactory - Creating instance of bean 'genericReturnTypeParser'
10:22:22.918 [Test worker] TRACE org.springframework.beans.factory.support.DefaultListableBeanFactory - Returning cached instance of singleton bean 'org.springframework.transaction.config.internalTransactionAdvisor'
10:22:22.918 [Test worker] TRACE org.springframework.beans.factory.support.DefaultListableBeanFactory - Returning cached instance of singleton bean 'org.springdoc.core.configuration.SpringDocConfiguration'
10:22:22.920 [Test worker] TRACE org.springframework.beans.factory.support.DefaultListableBeanFactory - Returning cached instance of singleton bean 'org.springframework.transaction.config.internalTransactionAdvisor'
10:22:22.921 [Test worker] TRACE org.springframework.beans.factory.support.DefaultListableBeanFactory - Returning cached instance of singleton bean 'org.springframework.transaction.config.internalTransactionAdvisor'
10:22:22.921 [Test worker] TRACE org.springframework.beans.factory.support.DefaultListableBeanFactory - Finished creating instance of bean 'genericReturnTypeParser'
10:22:22.921 [Test worker] TRACE org.springframework.beans.factory.support.DefaultListableBeanFactory - Returning cached instance of singleton bean 'parameterBuilder'
10:22:22.921 [Test worker] DEBUG org.springframework.beans.factory.support.DefaultListableBeanFactory - Creating shared instance of singleton bean 'springDocProviders'
10:22:22.921 [Test worker] TRACE org.springframework.beans.factory.support.DefaultListableBeanFactory - Creating instance of bean 'springDocProviders'
10:22:22.921 [Test worker] TRACE org.springframework.beans.factory.support.DefaultListableBeanFactory - Returning cached instance of singleton bean 'org.springframework.transaction.config.internalTransactionAdvisor'
10:22:22.921 [Test worker] TRACE org.springframework.beans.factory.support.DefaultListableBeanFactory - Returning cached instance of singleton bean 'org.springdoc.core.configuration.SpringDocConfiguration'
10:22:22.923 [Test worker] DEBUG org.springframework.beans.factory.support.DefaultListableBeanFactory - Creating shared instance of singleton bean 'routerFunctionProvider'
10:22:22.924 [Test worker] TRACE org.springframework.beans.factory.support.DefaultListableBeanFactory - Creating instance of bean 'routerFunctionProvider'
10:22:22.924 [Test worker] TRACE org.springframework.beans.factory.support.DefaultListableBeanFactory - Returning cached instance of singleton bean 'org.springframework.transaction.config.internalTransactionAdvisor'
10:22:22.924 [Test worker] DEBUG org.springframework.beans.factory.support.DefaultListableBeanFactory - Creating shared instance of singleton bean 'org.springdoc.webmvc.core.configuration.SpringDocWebMvcConfiguration$SpringDocWebMvcRouterConfiguration'
10:22:22.924 [Test worker] TRACE org.springframework.beans.factory.support.DefaultListableBeanFactory - Creating instance of bean 'org.springdoc.webmvc.core.configuration.SpringDocWebMvcConfiguration$SpringDocWebMvcRouterConfiguration'
10:22:22.924 [Test worker] TRACE org.springframework.beans.factory.support.DefaultListableBeanFactory - Returning cached instance of singleton bean 'org.springframework.transaction.config.internalTransactionAdvisor'
10:22:22.924 [Test worker] TRACE org.springframework.beans.factory.support.DefaultListableBeanFactory - Returning cached instance of singleton bean 'org.springframework.transaction.config.internalTransactionAdvisor'
10:22:22.924 [Test worker] TRACE org.springframework.beans.factory.support.DefaultListableBeanFactory - Returning cached instance of singleton bean 'org.springframework.transaction.config.internalTransactionAdvisor'
10:22:22.925 [Test worker] TRACE org.springframework.beans.factory.support.DefaultListableBeanFactory - Finished creating instance of bean 'org.springdoc.webmvc.core.configuration.SpringDocWebMvcConfiguration$SpringDocWebMvcRouterConfiguration'
10:22:22.925 [Test worker] TRACE org.springframework.beans.factory.support.DefaultListableBeanFactory - Returning cached instance of singleton bean 'org.springframework.transaction.config.internalTransactionAdvisor'
10:22:22.926 [Test worker] TRACE org.springframework.beans.factory.support.DefaultListableBeanFactory - Returning cached instance of singleton bean 'org.springframework.transaction.config.internalTransactionAdvisor'
10:22:22.926 [Test worker] TRACE org.springframework.beans.factory.support.DefaultListableBeanFactory - Finished creating instance of bean 'routerFunctionProvider'
10:22:22.926 [Test worker] TRACE org.springframework.beans.factory.support.DefaultListableBeanFactory - Returning cached instance of singleton bean 'springWebProvider'
10:22:22.927 [Test worker] TRACE org.springframework.beans.factory.support.DefaultListableBeanFactory - Returning cached instance of singleton bean 'webConversionServiceProvider'
10:22:22.927 [Test worker] TRACE org.springframework.beans.factory.support.DefaultListableBeanFactory - Returning cached instance of singleton bean 'springdocObjectMapperProvider'
10:22:22.927 [Test worker] DEBUG org.springframework.beans.factory.support.DefaultListableBeanFactory - Autowiring by type from bean name 'springDocProviders' via factory method to bean named 'springdocObjectMapperProvider'
10:22:22.928 [Test worker] TRACE org.springframework.beans.factory.support.DefaultListableBeanFactory - Returning cached instance of singleton bean 'org.springframework.transaction.config.internalTransactionAdvisor'
10:22:22.928 [Test worker] TRACE org.springframework.beans.factory.support.DefaultListableBeanFactory - Returning cached instance of singleton bean 'org.springframework.transaction.config.internalTransactionAdvisor'
10:22:22.929 [Test worker] TRACE org.springframework.beans.factory.support.DefaultListableBeanFactory - Finished creating instance of bean 'springDocProviders'
10:22:22.929 [Test worker] TRACE org.springframework.beans.factory.support.DefaultListableBeanFactory - Returning cached instance of singleton bean 'springdocObjectMapperProvider'
10:22:22.929 [Test worker] DEBUG org.springframework.beans.factory.support.DefaultListableBeanFactory - Creating shared instance of singleton bean 'springDocCustomizers'
10:22:22.929 [Test worker] TRACE org.springframework.beans.factory.support.DefaultListableBeanFactory - Creating instance of bean 'springDocCustomizers'
10:22:22.929 [Test worker] TRACE org.springframework.beans.factory.support.DefaultListableBeanFactory - Returning cached instance of singleton bean 'org.springframework.transaction.config.internalTransactionAdvisor'
10:22:22.929 [Test worker] TRACE org.springframework.beans.factory.support.DefaultListableBeanFactory - Returning cached instance of singleton bean 'org.springdoc.core.configuration.SpringDocConfiguration'
10:22:22.930 [Test worker] TRACE org.springframework.beans.factory.support.DefaultListableBeanFactory - Returning cached instance of singleton bean 'queryDslQuerydslPredicateOperationCustomizer'
10:22:22.930 [Test worker] TRACE org.springframework.beans.factory.support.DefaultListableBeanFactory - Returning cached instance of singleton bean 'queryDslQuerydslPredicateOperationCustomizer'
10:22:22.932 [Test worker] TRACE org.springframework.beans.factory.support.DefaultListableBeanFactory - Returning cached instance of singleton bean 'queryDslQuerydslPredicateOperationCustomizer'
10:22:22.933 [Test worker] TRACE org.springframework.beans.factory.support.DefaultListableBeanFactory - Returning cached instance of singleton bean 'queryDslQuerydslPredicateOperationCustomizer'
10:22:22.936 [Test worker] TRACE org.springframework.beans.factory.support.DefaultListableBeanFactory - Invoking afterPropertiesSet() on bean with name 'springDocCustomizers'
10:22:22.936 [Test worker] TRACE org.springframework.beans.factory.support.DefaultListableBeanFactory - Returning cached instance of singleton bean 'org.springframework.transaction.config.internalTransactionAdvisor'
10:22:22.936 [Test worker] TRACE org.springframework.beans.factory.support.DefaultListableBeanFactory - Returning cached instance of singleton bean 'org.springframework.transaction.config.internalTransactionAdvisor'
10:22:22.937 [Test worker] TRACE org.springframework.beans.factory.support.DefaultListableBeanFactory - Finished creating instance of bean 'springDocCustomizers'
10:22:22.937 [Test worker] TRACE org.springframework.beans.factory.support.DefaultListableBeanFactory - Returning cached instance of singleton bean 'org.springdoc.core.configuration.SpringDocPageableConfiguration'
10:22:22.937 [Test worker] TRACE org.springframework.beans.factory.support.DefaultListableBeanFactory - Returning cached instance of singleton bean 'pageableOpenAPIConverter'
10:22:22.937 [Test worker] TRACE org.springframework.beans.factory.support.DefaultListableBeanFactory - Returning cached instance of singleton bean 'delegatingMethodParameterCustomizer'
10:22:22.937 [Test worker] DEBUG org.springframework.beans.factory.support.DefaultListableBeanFactory - Creating shared instance of singleton bean 'org.springdoc.core.configuration.SpringDocSecurityConfiguration$SpringSecurityLoginEndpointConfiguration'
10:22:22.937 [Test worker] TRACE org.springframework.beans.factory.support.DefaultListableBeanFactory - Creating instance of bean 'org.springdoc.core.configuration.SpringDocSecurityConfiguration$SpringSecurityLoginEndpointConfiguration'
10:22:22.937 [Test worker] TRACE org.springframework.beans.factory.support.DefaultListableBeanFactory - Returning cached instance of singleton bean 'org.springframework.transaction.config.internalTransactionAdvisor'
10:22:22.938 [Test worker] DEBUG org.springframework.beans.factory.support.DefaultListableBeanFactory - Creating shared instance of singleton bean 'org.springdoc.core.configuration.SpringDocSecurityConfiguration'
10:22:22.939 [Test worker] TRACE org.springframework.beans.factory.support.DefaultListableBeanFactory - Creating instance of bean 'org.springdoc.core.configuration.SpringDocSecurityConfiguration'
10:22:22.939 [Test worker] TRACE org.springframework.beans.factory.support.DefaultListableBeanFactory - Returning cached instance of singleton bean 'org.springframework.transaction.config.internalTransactionAdvisor'
10:22:22.944 [Test worker] TRACE org.springframework.beans.factory.support.DefaultListableBeanFactory - Returning cached instance of singleton bean 'org.springframework.transaction.config.internalTransactionAdvisor'
10:22:22.944 [Test worker] TRACE org.springframework.beans.factory.support.DefaultListableBeanFactory - Returning cached instance of singleton bean 'org.springframework.transaction.config.internalTransactionAdvisor'
10:22:22.944 [Test worker] TRACE org.springframework.beans.factory.support.DefaultListableBeanFactory - Finished creating instance of bean 'org.springdoc.core.configuration.SpringDocSecurityConfiguration'
10:22:22.944 [Test worker] DEBUG org.springframework.beans.factory.support.DefaultListableBeanFactory - Autowiring by type from bean name 'org.springdoc.core.configuration.SpringDocSecurityConfiguration$SpringSecurityLoginEndpointConfiguration' via constructor to bean named 'org.springdoc.core.configuration.SpringDocSecurityConfiguration'
10:22:22.945 [Test worker] TRACE org.springframework.beans.factory.support.DefaultListableBeanFactory - Returning cached instance of singleton bean 'org.springframework.transaction.config.internalTransactionAdvisor'
10:22:22.945 [Test worker] TRACE org.springframework.beans.factory.support.DefaultListableBeanFactory - Returning cached instance of singleton bean 'org.springframework.transaction.config.internalTransactionAdvisor'
10:22:22.945 [Test worker] TRACE org.springframework.beans.factory.support.DefaultListableBeanFactory - Finished creating instance of bean 'org.springdoc.core.configuration.SpringDocSecurityConfiguration$SpringSecurityLoginEndpointConfiguration'
10:22:22.945 [Test worker] TRACE org.springframework.beans.factory.support.DefaultListableBeanFactory - Returning cached instance of singleton bean 'org.springdoc.core.configuration.SpringDocSecurityConfiguration'
10:22:22.945 [Test worker] TRACE org.springframework.beans.factory.support.DefaultListableBeanFactory - Returning cached instance of singleton bean 'org.springdoc.core.configuration.SpringDocSortConfiguration'
10:22:22.945 [Test worker] TRACE org.springframework.beans.factory.support.DefaultListableBeanFactory - Returning cached instance of singleton bean 'sortOpenAPIConverter'
10:22:22.945 [Test worker] DEBUG org.springframework.beans.factory.support.DefaultListableBeanFactory - Creating shared instance of singleton bean 'org.springdoc.core.configuration.SpringDocUIConfiguration'
10:22:22.945 [Test worker] TRACE org.springframework.beans.factory.support.DefaultListableBeanFactory - Creating instance of bean 'org.springdoc.core.configuration.SpringDocUIConfiguration'
10:22:22.945 [Test worker] TRACE org.springframework.beans.factory.support.DefaultListableBeanFactory - Returning cached instance of singleton bean 'org.springframework.transaction.config.internalTransactionAdvisor'
10:22:22.946 [Test worker] TRACE org.springframework.beans.factory.support.DefaultListableBeanFactory - Returning cached instance of singleton bean 'org.springdoc.core.properties.SwaggerUiConfigProperties'
10:22:22.946 [Test worker] TRACE org.springframework.beans.factory.support.DefaultListableBeanFactory - Invoking afterPropertiesSet() on bean with name 'org.springdoc.core.configuration.SpringDocUIConfiguration'
10:22:22.947 [Test worker] TRACE org.springframework.beans.factory.support.DefaultListableBeanFactory - Returning cached instance of singleton bean 'org.springframework.transaction.config.internalTransactionAdvisor'
10:22:22.947 [Test worker] TRACE org.springframework.beans.factory.support.DefaultListableBeanFactory - Returning cached instance of singleton bean 'org.springframework.transaction.config.internalTransactionAdvisor'
10:22:22.947 [Test worker] TRACE org.springframework.beans.factory.support.DefaultListableBeanFactory - Finished creating instance of bean 'org.springdoc.core.configuration.SpringDocUIConfiguration'
10:22:22.947 [Test worker] TRACE org.springframework.beans.factory.support.DefaultListableBeanFactory - Returning cached instance of singleton bean 'org.springdoc.core.properties.SpringDocConfigProperties'
10:22:22.947 [Test worker] TRACE org.springframework.beans.factory.support.DefaultListableBeanFactory - Returning cached instance of singleton bean 'org.springdoc.core.properties.SwaggerUiConfigParameters'
10:22:22.947 [Test worker] TRACE org.springframework.beans.factory.support.DefaultListableBeanFactory - Returning cached instance of singleton bean 'org.springdoc.core.properties.SwaggerUiConfigProperties'
10:22:22.947 [Test worker] TRACE org.springframework.beans.factory.support.DefaultListableBeanFactory - Returning cached instance of singleton bean 'org.springdoc.core.properties.SwaggerUiOAuthProperties'
10:22:22.947 [Test worker] TRACE org.springframework.beans.factory.support.DefaultListableBeanFactory - Returning cached instance of singleton bean 'org.springdoc.webmvc.core.configuration.SpringDocWebMvcConfiguration$SpringDocWebMvcRouterConfiguration'
10:22:22.947 [Test worker] TRACE org.springframework.beans.factory.support.DefaultListableBeanFactory - Returning cached instance of singleton bean 'routerFunctionProvider'
10:22:22.947 [Test worker] TRACE org.springframework.beans.factory.support.DefaultListableBeanFactory - Returning cached instance of singleton bean 'org.springdoc.webmvc.core.configuration.SpringDocWebMvcConfiguration'
10:22:22.947 [Test worker] DEBUG org.springframework.beans.factory.support.DefaultListableBeanFactory - Creating shared instance of singleton bean 'openApiResource'
10:22:22.947 [Test worker] TRACE org.springframework.beans.factory.support.DefaultListableBeanFactory - Creating instance of bean 'openApiResource'
10:22:22.947 [Test worker] TRACE org.springframework.beans.factory.support.DefaultListableBeanFactory - Returning cached instance of singleton bean 'org.springframework.transaction.config.internalTransactionAdvisor'
10:22:22.948 [Test worker] TRACE org.springframework.beans.factory.support.DefaultListableBeanFactory - Returning cached instance of singleton bean 'org.springdoc.webmvc.core.configuration.SpringDocWebMvcConfiguration'
10:22:22.949 [Test worker] DEBUG org.springframework.beans.factory.support.DefaultListableBeanFactory - Creating shared instance of singleton bean 'requestBuilder'
10:22:22.949 [Test worker] TRACE org.springframework.beans.factory.support.DefaultListableBeanFactory - Creating instance of bean 'requestBuilder'
10:22:22.949 [Test worker] TRACE org.springframework.beans.factory.support.DefaultListableBeanFactory - Returning cached instance of singleton bean 'org.springframework.transaction.config.internalTransactionAdvisor'
10:22:22.949 [Test worker] TRACE org.springframework.beans.factory.support.DefaultListableBeanFactory - Returning cached instance of singleton bean 'org.springdoc.webmvc.core.configuration.SpringDocWebMvcConfiguration'
10:22:22.950 [Test worker] TRACE org.springframework.beans.factory.support.DefaultListableBeanFactory - Returning cached instance of singleton bean 'parameterBuilder'
10:22:22.950 [Test worker] TRACE org.springframework.beans.factory.support.DefaultListableBeanFactory - Returning cached instance of singleton bean 'requestBodyBuilder'
10:22:22.950 [Test worker] TRACE org.springframework.beans.factory.support.DefaultListableBeanFactory - Returning cached instance of singleton bean 'operationBuilder'
10:22:22.952 [Test worker] TRACE org.springframework.beans.factory.support.DefaultListableBeanFactory - Returning cached instance of singleton bean 'localSpringDocParameterNameDiscoverer'
10:22:22.952 [Test worker] DEBUG org.springframework.beans.factory.support.DefaultListableBeanFactory - Autowiring by type from bean name 'requestBuilder' via factory method to bean named 'parameterBuilder'
10:22:22.952 [Test worker] DEBUG org.springframework.beans.factory.support.DefaultListableBeanFactory - Autowiring by type from bean name 'requestBuilder' via factory method to bean named 'requestBodyBuilder'
10:22:22.952 [Test worker] DEBUG org.springframework.beans.factory.support.DefaultListableBeanFactory - Autowiring by type from bean name 'requestBuilder' via factory method to bean named 'operationBuilder'
10:22:22.952 [Test worker] DEBUG org.springframework.beans.factory.support.DefaultListableBeanFactory - Autowiring by type from bean name 'requestBuilder' via factory method to bean named 'localSpringDocParameterNameDiscoverer'
10:22:22.953 [Test worker] TRACE org.springframework.beans.factory.support.DefaultListableBeanFactory - Returning cached instance of singleton bean 'org.springframework.transaction.config.internalTransactionAdvisor'
10:22:22.954 [Test worker] TRACE org.springframework.beans.factory.support.DefaultListableBeanFactory - Returning cached instance of singleton bean 'org.springframework.transaction.config.internalTransactionAdvisor'
10:22:22.955 [Test worker] TRACE org.springframework.beans.factory.support.DefaultListableBeanFactory - Finished creating instance of bean 'requestBuilder'
10:22:22.956 [Test worker] DEBUG org.springframework.beans.factory.support.DefaultListableBeanFactory - Creating shared instance of singleton bean 'responseBuilder'
10:22:22.956 [Test worker] TRACE org.springframework.beans.factory.support.DefaultListableBeanFactory - Creating instance of bean 'responseBuilder'
10:22:22.956 [Test worker] TRACE org.springframework.beans.factory.support.DefaultListableBeanFactory - Returning cached instance of singleton bean 'org.springframework.transaction.config.internalTransactionAdvisor'
10:22:22.956 [Test worker] TRACE org.springframework.beans.factory.support.DefaultListableBeanFactory - Returning cached instance of singleton bean 'org.springdoc.webmvc.core.configuration.SpringDocWebMvcConfiguration'
10:22:22.957 [Test worker] TRACE org.springframework.beans.factory.support.DefaultListableBeanFactory - Returning cached instance of singleton bean 'operationBuilder'
10:22:22.957 [Test worker] TRACE org.springframework.beans.factory.support.DefaultListableBeanFactory - Returning cached instance of singleton bean 'genericReturnTypeParser'
10:22:22.958 [Test worker] TRACE org.springframework.beans.factory.support.DefaultListableBeanFactory - Returning cached instance of singleton bean 'org.springdoc.core.properties.SpringDocConfigProperties'
10:22:22.958 [Test worker] TRACE org.springframework.beans.factory.support.DefaultListableBeanFactory - Returning cached instance of singleton bean 'propertyResolverUtils'
10:22:22.958 [Test worker] DEBUG org.springframework.beans.factory.support.DefaultListableBeanFactory - Autowiring by type from bean name 'responseBuilder' via factory method to bean named 'operationBuilder'
10:22:22.958 [Test worker] DEBUG org.springframework.beans.factory.support.DefaultListableBeanFactory - Autowiring by type from bean name 'responseBuilder' via factory method to bean named 'genericReturnTypeParser'
10:22:22.958 [Test worker] DEBUG org.springframework.beans.factory.support.DefaultListableBeanFactory - Autowiring by type from bean name 'responseBuilder' via factory method to bean named 'org.springdoc.core.properties.SpringDocConfigProperties'
10:22:22.958 [Test worker] DEBUG org.springframework.beans.factory.support.DefaultListableBeanFactory - Autowiring by type from bean name 'responseBuilder' via factory method to bean named 'propertyResolverUtils'
10:22:22.958 [Test worker] TRACE org.springframework.beans.factory.support.DefaultListableBeanFactory - Returning cached instance of singleton bean 'org.springframework.transaction.config.internalTransactionAdvisor'
10:22:22.958 [Test worker] TRACE org.springframework.beans.factory.support.DefaultListableBeanFactory - Returning cached instance of singleton bean 'org.springframework.transaction.config.internalTransactionAdvisor'
10:22:22.959 [Test worker] TRACE org.springframework.beans.factory.support.DefaultListableBeanFactory - Finished creating instance of bean 'responseBuilder'
10:22:22.959 [Test worker] TRACE org.springframework.beans.factory.support.DefaultListableBeanFactory - Returning cached instance of singleton bean 'operationBuilder'
10:22:22.959 [Test worker] TRACE org.springframework.beans.factory.support.DefaultListableBeanFactory - Returning cached instance of singleton bean 'org.springdoc.core.properties.SpringDocConfigProperties'
10:22:22.959 [Test worker] TRACE org.springframework.beans.factory.support.DefaultListableBeanFactory - Returning cached instance of singleton bean 'springDocProviders'
10:22:22.960 [Test worker] TRACE org.springframework.beans.factory.support.DefaultListableBeanFactory - Returning cached instance of singleton bean 'springDocCustomizers'
10:22:22.960 [Test worker] DEBUG org.springframework.beans.factory.support.DefaultListableBeanFactory - Autowiring by type from bean name 'openApiResource' via factory method to bean named 'requestBuilder'
10:22:22.960 [Test worker] DEBUG org.springframework.beans.factory.support.DefaultListableBeanFactory - Autowiring by type from bean name 'openApiResource' via factory method to bean named 'responseBuilder'
10:22:22.960 [Test worker] DEBUG org.springframework.beans.factory.support.DefaultListableBeanFactory - Autowiring by type from bean name 'openApiResource' via factory method to bean named 'operationBuilder'
10:22:22.960 [Test worker] DEBUG org.springframework.beans.factory.support.DefaultListableBeanFactory - Autowiring by type from bean name 'openApiResource' via factory method to bean named 'org.springdoc.core.properties.SpringDocConfigProperties'
10:22:22.960 [Test worker] DEBUG org.springframework.beans.factory.support.DefaultListableBeanFactory - Autowiring by type from bean name 'openApiResource' via factory method to bean named 'springDocProviders'
10:22:22.960 [Test worker] DEBUG org.springframework.beans.factory.support.DefaultListableBeanFactory - Autowiring by type from bean name 'openApiResource' via factory method to bean named 'springDocCustomizers'
10:22:22.961 [Test worker] TRACE org.springframework.beans.factory.support.DefaultListableBeanFactory - Returning cached instance of singleton bean 'openAPIBuilder'
10:22:22.962 [Test worker] TRACE org.springframework.beans.factory.support.DefaultListableBeanFactory - Returning cached instance of singleton bean 'org.springframework.transaction.config.internalTransactionAdvisor'
10:22:22.962 [Test worker] TRACE org.springframework.beans.factory.support.DefaultListableBeanFactory - Returning cached instance of singleton bean 'org.springframework.transaction.config.internalTransactionAdvisor'
10:22:22.963 [Test worker] TRACE org.springframework.beans.factory.support.DefaultListableBeanFactory - Finished creating instance of bean 'openApiResource'
10:22:22.963 [Test worker] TRACE org.springframework.beans.factory.support.DefaultListableBeanFactory - Returning cached instance of singleton bean 'requestBuilder'
10:22:22.963 [Test worker] TRACE org.springframework.beans.factory.support.DefaultListableBeanFactory - Returning cached instance of singleton bean 'springWebProvider'
10:22:22.963 [Test worker] TRACE org.springframework.beans.factory.support.DefaultListableBeanFactory - Returning cached instance of singleton bean 'responseBuilder'
10:22:22.963 [Test worker] TRACE org.springframework.beans.factory.support.DefaultListableBeanFactory - Returning cached instance of singleton bean 'org.springdoc.webmvc.ui.SwaggerConfig'
10:22:22.963 [Test worker] TRACE org.springframework.beans.factory.support.DefaultListableBeanFactory - Returning cached instance of singleton bean 'swaggerWelcome'
10:22:22.963 [Test worker] DEBUG org.springframework.beans.factory.support.DefaultListableBeanFactory - Creating shared instance of singleton bean 'swaggerConfigResource'
10:22:22.963 [Test worker] TRACE org.springframework.beans.factory.support.DefaultListableBeanFactory - Creating instance of bean 'swaggerConfigResource'
10:22:22.964 [Test worker] TRACE org.springframework.beans.factory.support.DefaultListableBeanFactory - Returning cached instance of singleton bean 'org.springframework.transaction.config.internalTransactionAdvisor'
10:22:22.964 [Test worker] TRACE org.springframework.beans.factory.support.DefaultListableBeanFactory - Returning cached instance of singleton bean 'org.springdoc.webmvc.ui.SwaggerConfig'
10:22:22.964 [Test worker] TRACE org.springframework.beans.factory.support.DefaultListableBeanFactory - Returning cached instance of singleton bean 'swaggerWelcome'
10:22:22.964 [Test worker] DEBUG org.springframework.beans.factory.support.DefaultListableBeanFactory - Autowiring by type from bean name 'swaggerConfigResource' via factory method to bean named 'swaggerWelcome'
10:22:22.964 [Test worker] TRACE org.springframework.beans.factory.support.DefaultListableBeanFactory - Returning cached instance of singleton bean 'org.springframework.transaction.config.internalTransactionAdvisor'
10:22:22.964 [Test worker] TRACE org.springframework.beans.factory.support.DefaultListableBeanFactory - Returning cached instance of singleton bean 'org.springframework.transaction.config.internalTransactionAdvisor'
10:22:22.965 [Test worker] TRACE org.springframework.beans.factory.support.DefaultListableBeanFactory - Finished creating instance of bean 'swaggerConfigResource'
10:22:22.965 [Test worker] TRACE org.springframework.beans.factory.support.DefaultListableBeanFactory - Returning cached instance of singleton bean 'indexPageTransformer'
10:22:22.965 [Test worker] TRACE org.springframework.beans.factory.support.DefaultListableBeanFactory - Returning cached instance of singleton bean 'swaggerWebMvcConfigurer'
10:22:22.965 [Test worker] TRACE org.springframework.beans.factory.support.DefaultListableBeanFactory - Returning cached instance of singleton bean 'swaggerResourceResolver'
10:22:22.965 [Test worker] DEBUG org.springframework.beans.factory.support.DefaultListableBeanFactory - Creating shared instance of singleton bean 'org.springframework.boot.autoconfigure.aop.AopAutoConfiguration$AspectJAutoProxyingConfiguration$CglibAutoProxyConfiguration'
10:22:22.965 [Test worker] TRACE org.springframework.beans.factory.support.DefaultListableBeanFactory - Creating instance of bean 'org.springframework.boot.autoconfigure.aop.AopAutoConfiguration$AspectJAutoProxyingConfiguration$CglibAutoProxyConfiguration'
10:22:22.965 [Test worker] TRACE org.springframework.beans.factory.support.DefaultListableBeanFactory - Returning cached instance of singleton bean 'org.springframework.transaction.config.internalTransactionAdvisor'
10:22:22.966 [Test worker] TRACE org.springframework.beans.factory.support.DefaultListableBeanFactory - Returning cached instance of singleton bean 'org.springframework.transaction.config.internalTransactionAdvisor'
10:22:22.966 [Test worker] TRACE org.springframework.beans.factory.support.DefaultListableBeanFactory - Returning cached instance of singleton bean 'org.springframework.transaction.config.internalTransactionAdvisor'
10:22:22.966 [Test worker] TRACE org.springframework.beans.factory.support.DefaultListableBeanFactory - Finished creating instance of bean 'org.springframework.boot.autoconfigure.aop.AopAutoConfiguration$AspectJAutoProxyingConfiguration$CglibAutoProxyConfiguration'
10:22:22.966 [Test worker] TRACE org.springframework.beans.factory.support.DefaultListableBeanFactory - Returning cached instance of singleton bean 'org.springframework.aop.config.internalAutoProxyCreator'
10:22:22.966 [Test worker] DEBUG org.springframework.beans.factory.support.DefaultListableBeanFactory - Creating shared instance of singleton bean 'org.springframework.boot.autoconfigure.aop.AopAutoConfiguration$AspectJAutoProxyingConfiguration'
10:22:22.966 [Test worker] TRACE org.springframework.beans.factory.support.DefaultListableBeanFactory - Creating instance of bean 'org.springframework.boot.autoconfigure.aop.AopAutoConfiguration$AspectJAutoProxyingConfiguration'
10:22:22.966 [Test worker] TRACE org.springframework.beans.factory.support.DefaultListableBeanFactory - Returning cached instance of singleton bean 'org.springframework.transaction.config.internalTransactionAdvisor'
10:22:22.967 [Test worker] TRACE org.springframework.beans.factory.support.DefaultListableBeanFactory - Returning cached instance of singleton bean 'org.springframework.transaction.config.internalTransactionAdvisor'
10:22:22.968 [Test worker] TRACE org.springframework.beans.factory.support.DefaultListableBeanFactory - Returning cached instance of singleton bean 'org.springframework.transaction.config.internalTransactionAdvisor'
10:22:22.968 [Test worker] TRACE org.springframework.beans.factory.support.DefaultListableBeanFactory - Finished creating instance of bean 'org.springframework.boot.autoconfigure.aop.AopAutoConfiguration$AspectJAutoProxyingConfiguration'
10:22:22.968 [Test worker] DEBUG org.springframework.beans.factory.support.DefaultListableBeanFactory - Creating shared instance of singleton bean 'org.springframework.boot.autoconfigure.aop.AopAutoConfiguration'
10:22:22.968 [Test worker] TRACE org.springframework.beans.factory.support.DefaultListableBeanFactory - Creating instance of bean 'org.springframework.boot.autoconfigure.aop.AopAutoConfiguration'
10:22:22.968 [Test worker] TRACE org.springframework.beans.factory.support.DefaultListableBeanFactory - Returning cached instance of singleton bean 'org.springframework.transaction.config.internalTransactionAdvisor'
10:22:22.968 [Test worker] TRACE org.springframework.beans.factory.support.DefaultListableBeanFactory - Returning cached instance of singleton bean 'org.springframework.transaction.config.internalTransactionAdvisor'
10:22:22.968 [Test worker] TRACE org.springframework.beans.factory.support.DefaultListableBeanFactory - Returning cached instance of singleton bean 'org.springframework.transaction.config.internalTransactionAdvisor'
10:22:22.968 [Test worker] TRACE org.springframework.beans.factory.support.DefaultListableBeanFactory - Finished creating instance of bean 'org.springframework.boot.autoconfigure.aop.AopAutoConfiguration'
10:22:22.968 [Test worker] DEBUG org.springframework.beans.factory.support.DefaultListableBeanFactory - Creating shared instance of singleton bean 'org.springframework.boot.autoconfigure.availability.ApplicationAvailabilityAutoConfiguration'
10:22:22.968 [Test worker] TRACE org.springframework.beans.factory.support.DefaultListableBeanFactory - Creating instance of bean 'org.springframework.boot.autoconfigure.availability.ApplicationAvailabilityAutoConfiguration'
10:22:22.968 [Test worker] TRACE org.springframework.beans.factory.support.DefaultListableBeanFactory - Returning cached instance of singleton bean 'org.springframework.transaction.config.internalTransactionAdvisor'
10:22:22.968 [Test worker] TRACE org.springframework.beans.factory.support.DefaultListableBeanFactory - Returning cached instance of singleton bean 'org.springframework.transaction.config.internalTransactionAdvisor'
10:22:22.968 [Test worker] TRACE org.springframework.beans.factory.support.DefaultListableBeanFactory - Returning cached instance of singleton bean 'org.springframework.transaction.config.internalTransactionAdvisor'
10:22:22.969 [Test worker] TRACE org.springframework.beans.factory.support.DefaultListableBeanFactory - Finished creating instance of bean 'org.springframework.boot.autoconfigure.availability.ApplicationAvailabilityAutoConfiguration'
10:22:22.969 [Test worker] DEBUG org.springframework.beans.factory.support.DefaultListableBeanFactory - Creating shared instance of singleton bean 'applicationAvailability'
10:22:22.969 [Test worker] TRACE org.springframework.beans.factory.support.DefaultListableBeanFactory - Creating instance of bean 'applicationAvailability'
10:22:22.969 [Test worker] TRACE org.springframework.beans.factory.support.DefaultListableBeanFactory - Returning cached instance of singleton bean 'org.springframework.transaction.config.internalTransactionAdvisor'
10:22:22.969 [Test worker] TRACE org.springframework.beans.factory.support.DefaultListableBeanFactory - Returning cached instance of singleton bean 'org.springframework.boot.autoconfigure.availability.ApplicationAvailabilityAutoConfiguration'
10:22:22.970 [Test worker] TRACE org.springframework.beans.factory.support.DefaultListableBeanFactory - Returning cached instance of singleton bean 'org.springframework.transaction.config.internalTransactionAdvisor'
10:22:22.971 [Test worker] TRACE org.springframework.beans.factory.support.DefaultListableBeanFactory - Returning cached instance of singleton bean 'org.springframework.transaction.config.internalTransactionAdvisor'
10:22:22.971 [Test worker] TRACE org.springframework.beans.factory.support.DefaultListableBeanFactory - Finished creating instance of bean 'applicationAvailability'
10:22:22.971 [Test worker] TRACE org.springframework.beans.factory.support.DefaultListableBeanFactory - Returning cached instance of singleton bean 'org.springframework.boot.autoconfigure.jackson.JacksonAutoConfiguration$Jackson2ObjectMapperBuilderCustomizerConfiguration'
10:22:22.971 [Test worker] TRACE org.springframework.beans.factory.support.DefaultListableBeanFactory - Returning cached instance of singleton bean 'standardJacksonObjectMapperBuilderCustomizer'
10:22:22.971 [Test worker] TRACE org.springframework.beans.factory.support.DefaultListableBeanFactory - Returning cached instance of singleton bean 'spring.jackson-org.springframework.boot.autoconfigure.jackson.JacksonProperties'
10:22:22.972 [Test worker] TRACE org.springframework.beans.factory.support.DefaultListableBeanFactory - Returning cached instance of singleton bean 'org.springframework.boot.autoconfigure.jackson.JacksonAutoConfiguration$JacksonObjectMapperBuilderConfiguration'
10:22:22.972 [Test worker] TRACE org.springframework.beans.factory.support.DefaultListableBeanFactory - Returning cached instance of singleton bean 'org.springframework.boot.autoconfigure.jackson.JacksonAutoConfiguration$ParameterNamesModuleConfiguration'
10:22:22.972 [Test worker] TRACE org.springframework.beans.factory.support.DefaultListableBeanFactory - Returning cached instance of singleton bean 'parameterNamesModule'
10:22:22.972 [Test worker] TRACE org.springframework.beans.factory.support.DefaultListableBeanFactory - Returning cached instance of singleton bean 'org.springframework.boot.autoconfigure.jackson.JacksonAutoConfiguration$JacksonObjectMapperConfiguration'
10:22:22.972 [Test worker] TRACE org.springframework.beans.factory.support.DefaultListableBeanFactory - Returning cached instance of singleton bean 'jacksonObjectMapper'
10:22:22.972 [Test worker] TRACE org.springframework.beans.factory.support.DefaultListableBeanFactory - Returning cached instance of singleton bean 'org.springframework.boot.autoconfigure.jackson.JacksonAutoConfiguration$JacksonMixinConfiguration'
10:22:22.972 [Test worker] TRACE org.springframework.beans.factory.support.DefaultListableBeanFactory - Returning cached instance of singleton bean 'jsonMixinModuleEntries'
10:22:22.972 [Test worker] TRACE org.springframework.beans.factory.support.DefaultListableBeanFactory - Returning cached instance of singleton bean 'jsonMixinModule'
10:22:22.972 [Test worker] TRACE org.springframework.beans.factory.support.DefaultListableBeanFactory - Returning cached instance of singleton bean 'org.springframework.boot.autoconfigure.jackson.JacksonAutoConfiguration'
10:22:22.972 [Test worker] TRACE org.springframework.beans.factory.support.DefaultListableBeanFactory - Returning cached instance of singleton bean 'jsonComponentModule'
10:22:22.972 [Test worker] DEBUG org.springframework.beans.factory.support.DefaultListableBeanFactory - Creating shared instance of singleton bean 'org.springframework.boot.autoconfigure.transaction.jta.JtaAutoConfiguration'
10:22:22.972 [Test worker] TRACE org.springframework.beans.factory.support.DefaultListableBeanFactory - Creating instance of bean 'org.springframework.boot.autoconfigure.transaction.jta.JtaAutoConfiguration'
10:22:22.972 [Test worker] TRACE org.springframework.beans.factory.support.DefaultListableBeanFactory - Returning cached instance of singleton bean 'org.springframework.transaction.config.internalTransactionAdvisor'
10:22:22.973 [Test worker] TRACE org.springframework.beans.factory.support.DefaultListableBeanFactory - Returning cached instance of singleton bean 'org.springframework.transaction.config.internalTransactionAdvisor'
10:22:22.973 [Test worker] TRACE org.springframework.beans.factory.support.DefaultListableBeanFactory - Returning cached instance of singleton bean 'org.springframework.transaction.config.internalTransactionAdvisor'
10:22:22.973 [Test worker] TRACE org.springframework.beans.factory.support.DefaultListableBeanFactory - Finished creating instance of bean 'org.springframework.boot.autoconfigure.transaction.jta.JtaAutoConfiguration'
10:22:22.973 [Test worker] TRACE org.springframework.beans.factory.support.DefaultListableBeanFactory - Returning cached instance of singleton bean 'org.springframework.boot.autoconfigure.jdbc.DataSourceConfiguration$Hikari'
10:22:22.973 [Test worker] TRACE org.springframework.beans.factory.support.DefaultListableBeanFactory - Returning cached instance of singleton bean 'jdbcConnectionDetailsHikariBeanPostProcessor'
10:22:22.973 [Test worker] TRACE org.springframework.beans.factory.support.DefaultListableBeanFactory - Returning cached instance of singleton bean 'dataSource'
10:22:22.973 [Test worker] TRACE org.springframework.beans.factory.support.DefaultListableBeanFactory - Returning cached instance of singleton bean 'org.springframework.boot.autoconfigure.jdbc.DataSourceAutoConfiguration$PooledDataSourceConfiguration'
10:22:22.973 [Test worker] TRACE org.springframework.beans.factory.support.DefaultListableBeanFactory - Returning cached instance of singleton bean 'jdbcConnectionDetails'
10:22:22.973 [Test worker] TRACE org.springframework.beans.factory.support.DefaultListableBeanFactory - Returning cached instance of singleton bean 'org.springframework.boot.autoconfigure.jdbc.metadata.DataSourcePoolMetadataProvidersConfiguration$HikariPoolDataSourceMetadataProviderConfiguration'
10:22:22.973 [Test worker] TRACE org.springframework.beans.factory.support.DefaultListableBeanFactory - Returning cached instance of singleton bean 'hikariPoolDataSourceMetadataProvider'
10:22:22.973 [Test worker] DEBUG org.springframework.beans.factory.support.DefaultListableBeanFactory - Creating shared instance of singleton bean 'org.springframework.boot.autoconfigure.jdbc.metadata.DataSourcePoolMetadataProvidersConfiguration'
10:22:22.973 [Test worker] TRACE org.springframework.beans.factory.support.DefaultListableBeanFactory - Creating instance of bean 'org.springframework.boot.autoconfigure.jdbc.metadata.DataSourcePoolMetadataProvidersConfiguration'
10:22:22.973 [Test worker] TRACE org.springframework.beans.factory.support.DefaultListableBeanFactory - Returning cached instance of singleton bean 'org.springframework.transaction.config.internalTransactionAdvisor'
10:22:22.974 [Test worker] TRACE org.springframework.beans.factory.support.DefaultListableBeanFactory - Returning cached instance of singleton bean 'org.springframework.transaction.config.internalTransactionAdvisor'
10:22:22.974 [Test worker] TRACE org.springframework.beans.factory.support.DefaultListableBeanFactory - Returning cached instance of singleton bean 'org.springframework.transaction.config.internalTransactionAdvisor'
10:22:22.974 [Test worker] TRACE org.springframework.beans.factory.support.DefaultListableBeanFactory - Finished creating instance of bean 'org.springframework.boot.autoconfigure.jdbc.metadata.DataSourcePoolMetadataProvidersConfiguration'
10:22:22.974 [Test worker] DEBUG org.springframework.beans.factory.support.DefaultListableBeanFactory - Creating shared instance of singleton bean 'org.springframework.boot.autoconfigure.jdbc.DataSourceAutoConfiguration'
10:22:22.974 [Test worker] TRACE org.springframework.beans.factory.support.DefaultListableBeanFactory - Creating instance of bean 'org.springframework.boot.autoconfigure.jdbc.DataSourceAutoConfiguration'
10:22:22.974 [Test worker] TRACE org.springframework.beans.factory.support.DefaultListableBeanFactory - Returning cached instance of singleton bean 'org.springframework.transaction.config.internalTransactionAdvisor'
10:22:22.975 [Test worker] TRACE org.springframework.beans.factory.support.DefaultListableBeanFactory - Returning cached instance of singleton bean 'org.springframework.transaction.config.internalTransactionAdvisor'
10:22:22.975 [Test worker] TRACE org.springframework.beans.factory.support.DefaultListableBeanFactory - Returning cached instance of singleton bean 'org.springframework.transaction.config.internalTransactionAdvisor'
10:22:22.975 [Test worker] TRACE org.springframework.beans.factory.support.DefaultListableBeanFactory - Finished creating instance of bean 'org.springframework.boot.autoconfigure.jdbc.DataSourceAutoConfiguration'
10:22:22.975 [Test worker] TRACE org.springframework.beans.factory.support.DefaultListableBeanFactory - Returning cached instance of singleton bean 'spring.datasource-org.springframework.boot.autoconfigure.jdbc.DataSourceProperties'
10:22:22.975 [Test worker] TRACE org.springframework.beans.factory.support.DefaultListableBeanFactory - Returning cached instance of singleton bean 'org.springframework.boot.autoconfigure.orm.jpa.JpaBaseConfiguration$JpaWebConfiguration'
10:22:22.975 [Test worker] TRACE org.springframework.beans.factory.support.DefaultListableBeanFactory - Returning cached instance of singleton bean 'openEntityManagerInViewInterceptor'
10:22:22.975 [Test worker] TRACE org.springframework.beans.factory.support.DefaultListableBeanFactory - Returning cached instance of singleton bean 'openEntityManagerInViewInterceptorConfigurer'
10:22:22.975 [Test worker] DEBUG org.springframework.beans.factory.support.DefaultListableBeanFactory - Creating shared instance of singleton bean 'org.springframework.boot.autoconfigure.orm.jpa.JpaBaseConfiguration$PersistenceManagedTypesConfiguration'
10:22:22.975 [Test worker] TRACE org.springframework.beans.factory.support.DefaultListableBeanFactory - Creating instance of bean 'org.springframework.boot.autoconfigure.orm.jpa.JpaBaseConfiguration$PersistenceManagedTypesConfiguration'
10:22:22.975 [Test worker] TRACE org.springframework.beans.factory.support.DefaultListableBeanFactory - Returning cached instance of singleton bean 'org.springframework.transaction.config.internalTransactionAdvisor'
10:22:22.976 [Test worker] TRACE org.springframework.beans.factory.support.DefaultListableBeanFactory - Returning cached instance of singleton bean 'org.springframework.transaction.config.internalTransactionAdvisor'
10:22:22.976 [Test worker] TRACE org.springframework.beans.factory.support.DefaultListableBeanFactory - Returning cached instance of singleton bean 'org.springframework.transaction.config.internalTransactionAdvisor'
10:22:22.976 [Test worker] TRACE org.springframework.beans.factory.support.DefaultListableBeanFactory - Finished creating instance of bean 'org.springframework.boot.autoconfigure.orm.jpa.JpaBaseConfiguration$PersistenceManagedTypesConfiguration'
10:22:22.976 [Test worker] TRACE org.springframework.beans.factory.support.DefaultListableBeanFactory - Returning cached instance of singleton bean 'persistenceManagedTypes'
10:22:22.976 [Test worker] TRACE org.springframework.beans.factory.support.DefaultListableBeanFactory - Returning cached instance of singleton bean 'org.springframework.boot.autoconfigure.orm.jpa.HibernateJpaConfiguration'
10:22:22.976 [Test worker] DEBUG org.springframework.beans.factory.support.DefaultListableBeanFactory - Creating shared instance of singleton bean 'transactionManager'
10:22:22.976 [Test worker] TRACE org.springframework.beans.factory.support.DefaultListableBeanFactory - Creating instance of bean 'transactionManager'
10:22:22.976 [Test worker] TRACE org.springframework.beans.factory.support.DefaultListableBeanFactory - Returning cached instance of singleton bean 'org.springframework.transaction.config.internalTransactionAdvisor'
10:22:22.976 [Test worker] TRACE org.springframework.beans.factory.support.DefaultListableBeanFactory - Returning cached instance of singleton bean 'org.springframework.boot.autoconfigure.orm.jpa.HibernateJpaConfiguration'
10:22:22.979 [Test worker] DEBUG org.springframework.beans.factory.support.DefaultListableBeanFactory - Creating shared instance of singleton bean 'platformTransactionManagerCustomizers'
10:22:22.979 [Test worker] TRACE org.springframework.beans.factory.support.DefaultListableBeanFactory - Creating instance of bean 'platformTransactionManagerCustomizers'
10:22:22.979 [Test worker] TRACE org.springframework.beans.factory.support.DefaultListableBeanFactory - Returning cached instance of singleton bean 'org.springframework.transaction.config.internalTransactionAdvisor'
10:22:22.979 [Test worker] DEBUG org.springframework.beans.factory.support.DefaultListableBeanFactory - Creating shared instance of singleton bean 'org.springframework.boot.autoconfigure.transaction.TransactionAutoConfiguration'
10:22:22.980 [Test worker] TRACE org.springframework.beans.factory.support.DefaultListableBeanFactory - Creating instance of bean 'org.springframework.boot.autoconfigure.transaction.TransactionAutoConfiguration'
10:22:22.980 [Test worker] TRACE org.springframework.beans.factory.support.DefaultListableBeanFactory - Returning cached instance of singleton bean 'org.springframework.transaction.config.internalTransactionAdvisor'
10:22:22.980 [Test worker] TRACE org.springframework.beans.factory.support.DefaultListableBeanFactory - Returning cached instance of singleton bean 'org.springframework.transaction.config.internalTransactionAdvisor'
10:22:22.981 [Test worker] TRACE org.springframework.beans.factory.support.DefaultListableBeanFactory - Returning cached instance of singleton bean 'org.springframework.transaction.config.internalTransactionAdvisor'
10:22:22.981 [Test worker] TRACE org.springframework.beans.factory.support.DefaultListableBeanFactory - Finished creating instance of bean 'org.springframework.boot.autoconfigure.transaction.TransactionAutoConfiguration'
10:22:22.985 [Test worker] DEBUG org.springframework.beans.factory.support.DefaultListableBeanFactory - Creating shared instance of singleton bean 'spring.transaction-org.springframework.boot.autoconfigure.transaction.TransactionProperties'
10:22:22.985 [Test worker] TRACE org.springframework.beans.factory.support.DefaultListableBeanFactory - Creating instance of bean 'spring.transaction-org.springframework.boot.autoconfigure.transaction.TransactionProperties'
10:22:22.986 [Test worker] TRACE org.springframework.beans.factory.support.DefaultListableBeanFactory - Returning cached instance of singleton bean 'org.springframework.transaction.config.internalTransactionAdvisor'
10:22:22.987 [Test worker] TRACE org.springframework.beans.factory.support.DefaultListableBeanFactory - Returning cached instance of singleton bean 'org.springframework.boot.context.properties.BoundConfigurationProperties'
10:22:22.988 [Test worker] TRACE org.springframework.beans.factory.support.DefaultListableBeanFactory - Returning cached instance of singleton bean 'org.springframework.transaction.config.internalTransactionAdvisor'
10:22:22.988 [Test worker] TRACE org.springframework.beans.factory.support.DefaultListableBeanFactory - Returning cached instance of singleton bean 'org.springframework.transaction.config.internalTransactionAdvisor'
10:22:22.989 [Test worker] TRACE org.springframework.beans.factory.support.DefaultListableBeanFactory - Finished creating instance of bean 'spring.transaction-org.springframework.boot.autoconfigure.transaction.TransactionProperties'
10:22:22.989 [Test worker] TRACE org.springframework.beans.factory.support.DefaultListableBeanFactory - Returning cached instance of singleton bean 'spring.transaction-org.springframework.boot.autoconfigure.transaction.TransactionProperties'
10:22:22.989 [Test worker] TRACE org.springframework.beans.factory.support.DefaultListableBeanFactory - Returning cached instance of singleton bean 'org.springframework.transaction.config.internalTransactionAdvisor'
10:22:22.989 [Test worker] TRACE org.springframework.beans.factory.support.DefaultListableBeanFactory - Returning cached instance of singleton bean 'org.springframework.transaction.config.internalTransactionAdvisor'
10:22:22.990 [Test worker] TRACE org.springframework.beans.factory.support.DefaultListableBeanFactory - Finished creating instance of bean 'platformTransactionManagerCustomizers'
10:22:22.992 [Test worker] TRACE org.springframework.beans.factory.support.DefaultListableBeanFactory - Returning cached instance of singleton bean 'entityManagerFactory'
10:22:22.993 [Test worker] TRACE org.springframework.beans.factory.support.DefaultListableBeanFactory - Invoking afterPropertiesSet() on bean with name 'transactionManager'
10:22:22.994 [Test worker] TRACE org.springframework.beans.factory.support.DefaultListableBeanFactory - Returning cached instance of singleton bean 'org.springframework.transaction.config.internalTransactionAdvisor'
10:22:22.994 [Test worker] TRACE org.springframework.beans.factory.support.DefaultListableBeanFactory - Returning cached instance of singleton bean 'org.springframework.transaction.config.internalTransactionAdvisor'
10:22:22.994 [Test worker] TRACE org.springframework.beans.factory.support.DefaultListableBeanFactory - Finished creating instance of bean 'transactionManager'
10:22:22.994 [Test worker] TRACE org.springframework.beans.factory.support.DefaultListableBeanFactory - Returning cached instance of singleton bean 'jpaVendorAdapter'
10:22:22.995 [Test worker] TRACE org.springframework.beans.factory.support.DefaultListableBeanFactory - Returning cached instance of singleton bean 'entityManagerFactoryBuilder'
10:22:22.995 [Test worker] TRACE org.springframework.beans.factory.support.DefaultListableBeanFactory - Returning cached instance of singleton bean 'entityManagerFactory'
10:22:22.995 [Test worker] TRACE org.springframework.beans.factory.support.DefaultListableBeanFactory - Returning cached instance of singleton bean 'spring.jpa.hibernate-org.springframework.boot.autoconfigure.orm.jpa.HibernateProperties'
10:22:22.995 [Test worker] TRACE org.springframework.beans.factory.support.DefaultListableBeanFactory - Returning cached instance of singleton bean 'spring.jpa-org.springframework.boot.autoconfigure.orm.jpa.JpaProperties'
10:22:22.995 [Test worker] DEBUG org.springframework.beans.factory.support.DefaultListableBeanFactory - Creating shared instance of singleton bean 'org.springframework.boot.autoconfigure.orm.jpa.HibernateJpaAutoConfiguration'
10:22:22.995 [Test worker] TRACE org.springframework.beans.factory.support.DefaultListableBeanFactory - Creating instance of bean 'org.springframework.boot.autoconfigure.orm.jpa.HibernateJpaAutoConfiguration'
10:22:22.998 [Test worker] TRACE org.springframework.beans.factory.support.DefaultListableBeanFactory - Returning cached instance of singleton bean 'org.springframework.transaction.config.internalTransactionAdvisor'
10:22:22.999 [Test worker] TRACE org.springframework.beans.factory.support.DefaultListableBeanFactory - Returning cached instance of singleton bean 'org.springframework.transaction.config.internalTransactionAdvisor'
10:22:22.999 [Test worker] TRACE org.springframework.beans.factory.support.DefaultListableBeanFactory - Returning cached instance of singleton bean 'org.springframework.transaction.config.internalTransactionAdvisor'
10:22:22.999 [Test worker] TRACE org.springframework.beans.factory.support.DefaultListableBeanFactory - Finished creating instance of bean 'org.springframework.boot.autoconfigure.orm.jpa.HibernateJpaAutoConfiguration'
10:22:22.999 [Test worker] DEBUG org.springframework.beans.factory.support.DefaultListableBeanFactory - Creating shared instance of singleton bean 'org.springframework.boot.autoconfigure.context.ConfigurationPropertiesAutoConfiguration'
10:22:22.999 [Test worker] TRACE org.springframework.beans.factory.support.DefaultListableBeanFactory - Creating instance of bean 'org.springframework.boot.autoconfigure.context.ConfigurationPropertiesAutoConfiguration'
10:22:22.999 [Test worker] TRACE org.springframework.beans.factory.support.DefaultListableBeanFactory - Returning cached instance of singleton bean 'org.springframework.transaction.config.internalTransactionAdvisor'
10:22:23.000 [Test worker] TRACE org.springframework.beans.factory.support.DefaultListableBeanFactory - Returning cached instance of singleton bean 'org.springframework.transaction.config.internalTransactionAdvisor'
10:22:23.000 [Test worker] TRACE org.springframework.beans.factory.support.DefaultListableBeanFactory - Returning cached instance of singleton bean 'org.springframework.transaction.config.internalTransactionAdvisor'
10:22:23.000 [Test worker] TRACE org.springframework.beans.factory.support.DefaultListableBeanFactory - Finished creating instance of bean 'org.springframework.boot.autoconfigure.context.ConfigurationPropertiesAutoConfiguration'
10:22:23.000 [Test worker] DEBUG org.springframework.beans.factory.support.DefaultListableBeanFactory - Creating shared instance of singleton bean 'org.springframework.boot.autoconfigure.context.LifecycleAutoConfiguration'
10:22:23.000 [Test worker] TRACE org.springframework.beans.factory.support.DefaultListableBeanFactory - Creating instance of bean 'org.springframework.boot.autoconfigure.context.LifecycleAutoConfiguration'
10:22:23.000 [Test worker] TRACE org.springframework.beans.factory.support.DefaultListableBeanFactory - Returning cached instance of singleton bean 'org.springframework.transaction.config.internalTransactionAdvisor'
10:22:23.000 [Test worker] TRACE org.springframework.beans.factory.support.DefaultListableBeanFactory - Returning cached instance of singleton bean 'org.springframework.transaction.config.internalTransactionAdvisor'
10:22:23.000 [Test worker] TRACE org.springframework.beans.factory.support.DefaultListableBeanFactory - Returning cached instance of singleton bean 'org.springframework.transaction.config.internalTransactionAdvisor'
10:22:23.001 [Test worker] TRACE org.springframework.beans.factory.support.DefaultListableBeanFactory - Finished creating instance of bean 'org.springframework.boot.autoconfigure.context.LifecycleAutoConfiguration'
10:22:23.001 [Test worker] DEBUG org.springframework.beans.factory.support.DefaultListableBeanFactory - Creating shared instance of singleton bean 'lifecycleProcessor'
10:22:23.001 [Test worker] TRACE org.springframework.beans.factory.support.DefaultListableBeanFactory - Creating instance of bean 'lifecycleProcessor'
10:22:23.001 [Test worker] TRACE org.springframework.beans.factory.support.DefaultListableBeanFactory - Returning cached instance of singleton bean 'org.springframework.transaction.config.internalTransactionAdvisor'
10:22:23.001 [Test worker] TRACE org.springframework.beans.factory.support.DefaultListableBeanFactory - Returning cached instance of singleton bean 'org.springframework.boot.autoconfigure.context.LifecycleAutoConfiguration'
10:22:23.002 [Test worker] DEBUG org.springframework.beans.factory.support.DefaultListableBeanFactory - Creating shared instance of singleton bean 'spring.lifecycle-org.springframework.boot.autoconfigure.context.LifecycleProperties'
10:22:23.002 [Test worker] TRACE org.springframework.beans.factory.support.DefaultListableBeanFactory - Creating instance of bean 'spring.lifecycle-org.springframework.boot.autoconfigure.context.LifecycleProperties'
10:22:23.002 [Test worker] TRACE org.springframework.beans.factory.support.DefaultListableBeanFactory - Returning cached instance of singleton bean 'org.springframework.transaction.config.internalTransactionAdvisor'
10:22:23.003 [Test worker] TRACE org.springframework.beans.factory.support.DefaultListableBeanFactory - Returning cached instance of singleton bean 'org.springframework.boot.context.properties.BoundConfigurationProperties'
10:22:23.004 [Test worker] TRACE org.springframework.beans.factory.support.DefaultListableBeanFactory - Returning cached instance of singleton bean 'org.springframework.transaction.config.internalTransactionAdvisor'
10:22:23.004 [Test worker] TRACE org.springframework.beans.factory.support.DefaultListableBeanFactory - Returning cached instance of singleton bean 'org.springframework.transaction.config.internalTransactionAdvisor'
10:22:23.004 [Test worker] TRACE org.springframework.beans.factory.support.DefaultListableBeanFactory - Finished creating instance of bean 'spring.lifecycle-org.springframework.boot.autoconfigure.context.LifecycleProperties'
10:22:23.005 [Test worker] DEBUG org.springframework.beans.factory.support.DefaultListableBeanFactory - Autowiring by type from bean name 'lifecycleProcessor' via factory method to bean named 'spring.lifecycle-org.springframework.boot.autoconfigure.context.LifecycleProperties'
10:22:23.006 [Test worker] TRACE org.springframework.beans.factory.support.DefaultListableBeanFactory - Returning cached instance of singleton bean 'org.springframework.transaction.config.internalTransactionAdvisor'
10:22:23.006 [Test worker] TRACE org.springframework.beans.factory.support.DefaultListableBeanFactory - Returning cached instance of singleton bean 'org.springframework.transaction.config.internalTransactionAdvisor'
10:22:23.007 [Test worker] TRACE org.springframework.beans.factory.support.DefaultListableBeanFactory - Finished creating instance of bean 'lifecycleProcessor'
10:22:23.007 [Test worker] TRACE org.springframework.beans.factory.support.DefaultListableBeanFactory - Returning cached instance of singleton bean 'spring.lifecycle-org.springframework.boot.autoconfigure.context.LifecycleProperties'
10:22:23.007 [Test worker] DEBUG org.springframework.beans.factory.support.DefaultListableBeanFactory - Creating shared instance of singleton bean 'org.springframework.boot.autoconfigure.dao.PersistenceExceptionTranslationAutoConfiguration'
10:22:23.007 [Test worker] TRACE org.springframework.beans.factory.support.DefaultListableBeanFactory - Creating instance of bean 'org.springframework.boot.autoconfigure.dao.PersistenceExceptionTranslationAutoConfiguration'
10:22:23.007 [Test worker] TRACE org.springframework.beans.factory.support.DefaultListableBeanFactory - Returning cached instance of singleton bean 'org.springframework.transaction.config.internalTransactionAdvisor'
10:22:23.007 [Test worker] TRACE org.springframework.beans.factory.support.DefaultListableBeanFactory - Returning cached instance of singleton bean 'org.springframework.transaction.config.internalTransactionAdvisor'
10:22:23.007 [Test worker] TRACE org.springframework.beans.factory.support.DefaultListableBeanFactory - Returning cached instance of singleton bean 'org.springframework.transaction.config.internalTransactionAdvisor'
10:22:23.007 [Test worker] TRACE org.springframework.beans.factory.support.DefaultListableBeanFactory - Finished creating instance of bean 'org.springframework.boot.autoconfigure.dao.PersistenceExceptionTranslationAutoConfiguration'
10:22:23.007 [Test worker] TRACE org.springframework.beans.factory.support.DefaultListableBeanFactory - Returning cached instance of singleton bean 'persistenceExceptionTranslationPostProcessor'
10:22:23.007 [Test worker] DEBUG org.springframework.beans.factory.support.DefaultListableBeanFactory - Creating shared instance of singleton bean 'org.springframework.boot.autoconfigure.data.jpa.JpaRepositoriesAutoConfiguration'
10:22:23.007 [Test worker] TRACE org.springframework.beans.factory.support.DefaultListableBeanFactory - Creating instance of bean 'org.springframework.boot.autoconfigure.data.jpa.JpaRepositoriesAutoConfiguration'
10:22:23.007 [Test worker] TRACE org.springframework.beans.factory.support.DefaultListableBeanFactory - Returning cached instance of singleton bean 'org.springframework.transaction.config.internalTransactionAdvisor'
10:22:23.008 [Test worker] TRACE org.springframework.beans.factory.support.DefaultListableBeanFactory - Returning cached instance of singleton bean 'org.springframework.transaction.config.internalTransactionAdvisor'
10:22:23.008 [Test worker] TRACE org.springframework.beans.factory.support.DefaultListableBeanFactory - Returning cached instance of singleton bean 'org.springframework.transaction.config.internalTransactionAdvisor'
10:22:23.008 [Test worker] TRACE org.springframework.beans.factory.support.DefaultListableBeanFactory - Finished creating instance of bean 'org.springframework.boot.autoconfigure.data.jpa.JpaRepositoriesAutoConfiguration'
10:22:23.008 [Test worker] TRACE org.springframework.beans.factory.support.DefaultListableBeanFactory - Returning cached instance of singleton bean 'jpaSharedEM_entityManagerFactory'
10:22:23.008 [Test worker] DEBUG org.springframework.beans.factory.support.DefaultListableBeanFactory - Creating shared instance of singleton bean 'org.springframework.data.jpa.util.JpaMetamodelCacheCleanup'
10:22:23.008 [Test worker] TRACE org.springframework.beans.factory.support.DefaultListableBeanFactory - Creating instance of bean 'org.springframework.data.jpa.util.JpaMetamodelCacheCleanup'
10:22:23.008 [Test worker] TRACE org.springframework.beans.factory.support.DefaultListableBeanFactory - Returning cached instance of singleton bean 'org.springframework.transaction.config.internalTransactionAdvisor'
10:22:23.009 [Test worker] TRACE org.springframework.beans.factory.support.DefaultListableBeanFactory - Returning cached instance of singleton bean 'org.springframework.transaction.config.internalTransactionAdvisor'
10:22:23.009 [Test worker] TRACE org.springframework.beans.factory.support.DefaultListableBeanFactory - Returning cached instance of singleton bean 'org.springframework.transaction.config.internalTransactionAdvisor'
10:22:23.009 [Test worker] TRACE org.springframework.beans.factory.support.DefaultListableBeanFactory - Finished creating instance of bean 'org.springframework.data.jpa.util.JpaMetamodelCacheCleanup'
10:22:23.009 [Test worker] DEBUG org.springframework.beans.factory.support.DefaultListableBeanFactory - Creating shared instance of singleton bean 'org.springframework.data.jpa.repository.support.JpaEvaluationContextExtension'
10:22:23.009 [Test worker] TRACE org.springframework.beans.factory.support.DefaultListableBeanFactory - Creating instance of bean 'org.springframework.data.jpa.repository.support.JpaEvaluationContextExtension'
10:22:23.009 [Test worker] TRACE org.springframework.beans.factory.support.DefaultListableBeanFactory - Returning cached instance of singleton bean 'org.springframework.transaction.config.internalTransactionAdvisor'
10:22:23.010 [Test worker] TRACE org.springframework.beans.factory.support.DefaultListableBeanFactory - Returning cached instance of singleton bean 'org.springframework.transaction.config.internalTransactionAdvisor'
10:22:23.010 [Test worker] TRACE org.springframework.beans.factory.support.DefaultListableBeanFactory - Returning cached instance of singleton bean 'org.springframework.transaction.config.internalTransactionAdvisor'
10:22:23.010 [Test worker] TRACE org.springframework.beans.factory.support.DefaultListableBeanFactory - Finished creating instance of bean 'org.springframework.data.jpa.repository.support.JpaEvaluationContextExtension'
10:22:23.010 [Test worker] TRACE org.springframework.beans.factory.support.DefaultListableBeanFactory - Returning cached instance of singleton bean 'jpa.named-queries#0'
10:22:23.010 [Test worker] TRACE org.springframework.beans.factory.support.DefaultListableBeanFactory - Returning cached instance of singleton bean 'jpa.SensorDao.fragments#0'
10:22:23.010 [Test worker] TRACE org.springframework.beans.factory.support.DefaultListableBeanFactory - Returning cached instance of singleton bean 'sensorDao'
10:22:23.010 [Test worker] TRACE org.springframework.beans.factory.support.DefaultListableBeanFactory - Returning cached instance of singleton bean 'jpa.named-queries#1'
10:22:23.010 [Test worker] TRACE org.springframework.beans.factory.support.DefaultListableBeanFactory - Returning cached instance of singleton bean 'jpa.ReservationDao.fragments#0'
10:22:23.010 [Test worker] TRACE org.springframework.beans.factory.support.DefaultListableBeanFactory - Returning cached instance of singleton bean 'reservationDao'
10:22:23.010 [Test worker] TRACE org.springframework.beans.factory.support.DefaultListableBeanFactory - Returning cached instance of singleton bean 'jpa.named-queries#2'
10:22:23.010 [Test worker] TRACE org.springframework.beans.factory.support.DefaultListableBeanFactory - Returning cached instance of singleton bean 'jpa.MachineDao.fragments#0'
10:22:23.010 [Test worker] TRACE org.springframework.beans.factory.support.DefaultListableBeanFactory - Returning cached instance of singleton bean 'machineDao'
10:22:23.010 [Test worker] DEBUG org.springframework.beans.factory.support.DefaultListableBeanFactory - Creating shared instance of singleton bean 'data-jpa.repository-aot-processor#0'
10:22:23.010 [Test worker] TRACE org.springframework.beans.factory.support.DefaultListableBeanFactory - Creating instance of bean 'data-jpa.repository-aot-processor#0'
10:22:23.010 [Test worker] TRACE org.springframework.beans.factory.support.DefaultListableBeanFactory - Returning cached instance of singleton bean 'org.springframework.transaction.config.internalTransactionAdvisor'
10:22:23.015 [Test worker] TRACE org.springframework.beans.CachedIntrospectionResults - Getting BeanInfo for class [org.springframework.data.jpa.repository.config.JpaRepositoryConfigExtension$JpaRepositoryRegistrationAotProcessor]
10:22:23.015 [Test worker] TRACE org.springframework.beans.CachedIntrospectionResults - Caching PropertyDescriptors for class [org.springframework.data.jpa.repository.config.JpaRepositoryConfigExtension$JpaRepositoryRegistrationAotProcessor]
10:22:23.015 [Test worker] TRACE org.springframework.beans.CachedIntrospectionResults - Found bean property 'beanExcludedFromAotProcessing' of type [boolean]
10:22:23.015 [Test worker] TRACE org.springframework.beans.CachedIntrospectionResults - Found bean property 'beanFactory' of type [org.springframework.beans.factory.BeanFactory]
10:22:23.015 [Test worker] TRACE org.springframework.beans.CachedIntrospectionResults - Found bean property 'class' of type [java.lang.Class]
10:22:23.015 [Test worker] TRACE org.springframework.beans.CachedIntrospectionResults - Found bean property 'configMap' of type [java.util.Map]
10:22:23.017 [Test worker] TRACE org.springframework.beans.factory.support.DefaultListableBeanFactory - Returning cached instance of singleton bean 'org.springframework.transaction.config.internalTransactionAdvisor'
10:22:23.018 [Test worker] TRACE org.springframework.beans.factory.support.DefaultListableBeanFactory - Returning cached instance of singleton bean 'org.springframework.transaction.config.internalTransactionAdvisor'
10:22:23.019 [Test worker] TRACE org.springframework.beans.factory.support.DefaultListableBeanFactory - Finished creating instance of bean 'data-jpa.repository-aot-processor#0'
10:22:23.019 [Test worker] TRACE org.springframework.beans.factory.support.DefaultListableBeanFactory - Returning cached instance of singleton bean 'org.springframework.boot.autoconfigure.http.HttpMessageConvertersAutoConfiguration$StringHttpMessageConverterConfiguration'
10:22:23.019 [Test worker] TRACE org.springframework.beans.factory.support.DefaultListableBeanFactory - Returning cached instance of singleton bean 'stringHttpMessageConverter'
10:22:23.019 [Test worker] TRACE org.springframework.beans.factory.support.DefaultListableBeanFactory - Returning cached instance of singleton bean 'org.springframework.boot.autoconfigure.http.JacksonHttpMessageConvertersConfiguration$MappingJackson2HttpMessageConverterConfiguration'
10:22:23.019 [Test worker] TRACE org.springframework.beans.factory.support.DefaultListableBeanFactory - Returning cached instance of singleton bean 'mappingJackson2HttpMessageConverter'
10:22:23.019 [Test worker] DEBUG org.springframework.beans.factory.support.DefaultListableBeanFactory - Creating shared instance of singleton bean 'org.springframework.boot.autoconfigure.http.JacksonHttpMessageConvertersConfiguration'
10:22:23.019 [Test worker] TRACE org.springframework.beans.factory.support.DefaultListableBeanFactory - Creating instance of bean 'org.springframework.boot.autoconfigure.http.JacksonHttpMessageConvertersConfiguration'
10:22:23.019 [Test worker] TRACE org.springframework.beans.factory.support.DefaultListableBeanFactory - Returning cached instance of singleton bean 'org.springframework.transaction.config.internalTransactionAdvisor'
10:22:23.020 [Test worker] TRACE org.springframework.beans.factory.support.DefaultListableBeanFactory - Returning cached instance of singleton bean 'org.springframework.transaction.config.internalTransactionAdvisor'
10:22:23.020 [Test worker] TRACE org.springframework.beans.factory.support.DefaultListableBeanFactory - Returning cached instance of singleton bean 'org.springframework.transaction.config.internalTransactionAdvisor'
10:22:23.020 [Test worker] TRACE org.springframework.beans.factory.support.DefaultListableBeanFactory - Finished creating instance of bean 'org.springframework.boot.autoconfigure.http.JacksonHttpMessageConvertersConfiguration'
10:22:23.020 [Test worker] TRACE org.springframework.beans.factory.support.DefaultListableBeanFactory - Returning cached instance of singleton bean 'org.springframework.boot.autoconfigure.http.HttpMessageConvertersAutoConfiguration'
10:22:23.020 [Test worker] TRACE org.springframework.beans.factory.support.DefaultListableBeanFactory - Returning cached instance of singleton bean 'messageConverters'
10:22:23.020 [Test worker] DEBUG org.springframework.beans.factory.support.DefaultListableBeanFactory - Creating shared instance of singleton bean 'org.springframework.data.web.config.ProjectingArgumentResolverRegistrar'
10:22:23.020 [Test worker] TRACE org.springframework.beans.factory.support.DefaultListableBeanFactory - Creating instance of bean 'org.springframework.data.web.config.ProjectingArgumentResolverRegistrar'
10:22:23.020 [Test worker] TRACE org.springframework.beans.factory.support.DefaultListableBeanFactory - Returning cached instance of singleton bean 'org.springframework.transaction.config.internalTransactionAdvisor'
10:22:23.020 [Test worker] TRACE org.springframework.beans.factory.support.DefaultListableBeanFactory - Returning cached instance of singleton bean 'org.springframework.transaction.config.internalTransactionAdvisor'
10:22:23.021 [Test worker] TRACE org.springframework.beans.factory.support.DefaultListableBeanFactory - Returning cached instance of singleton bean 'org.springframework.transaction.config.internalTransactionAdvisor'
10:22:23.021 [Test worker] TRACE org.springframework.beans.factory.support.DefaultListableBeanFactory - Finished creating instance of bean 'org.springframework.data.web.config.ProjectingArgumentResolverRegistrar'
10:22:23.021 [Test worker] TRACE org.springframework.beans.factory.support.DefaultListableBeanFactory - Returning cached instance of singleton bean 'projectingArgumentResolverBeanPostProcessor'
10:22:23.021 [Test worker] TRACE org.springframework.beans.factory.support.DefaultListableBeanFactory - Returning cached instance of singleton bean 'org.springframework.data.web.config.SpringDataWebConfiguration'
10:22:23.021 [Test worker] TRACE org.springframework.beans.factory.support.DefaultListableBeanFactory - Returning cached instance of singleton bean 'pageableResolver'
10:22:23.021 [Test worker] TRACE org.springframework.beans.factory.support.DefaultListableBeanFactory - Returning cached instance of singleton bean 'sortResolver'
10:22:23.021 [Test worker] TRACE org.springframework.beans.factory.support.DefaultListableBeanFactory - Returning cached instance of singleton bean 'org.springframework.data.web.config.SpringDataJacksonConfiguration'
10:22:23.021 [Test worker] TRACE org.springframework.beans.factory.support.DefaultListableBeanFactory - Returning cached instance of singleton bean 'jacksonGeoModule'
10:22:23.021 [Test worker] TRACE org.springframework.beans.factory.support.DefaultListableBeanFactory - Returning cached instance of singleton bean 'org.springframework.boot.autoconfigure.data.web.SpringDataWebAutoConfiguration'
10:22:23.021 [Test worker] TRACE org.springframework.beans.factory.support.DefaultListableBeanFactory - Returning cached instance of singleton bean 'pageableCustomizer'
10:22:23.021 [Test worker] TRACE org.springframework.beans.factory.support.DefaultListableBeanFactory - Returning cached instance of singleton bean 'sortCustomizer'
10:22:23.021 [Test worker] TRACE org.springframework.beans.factory.support.DefaultListableBeanFactory - Returning cached instance of singleton bean 'spring.data.web-org.springframework.boot.autoconfigure.data.web.SpringDataWebProperties'
10:22:23.021 [Test worker] DEBUG org.springframework.beans.factory.support.DefaultListableBeanFactory - Creating shared instance of singleton bean 'org.springframework.boot.autoconfigure.h2.H2ConsoleAutoConfiguration'
10:22:23.021 [Test worker] TRACE org.springframework.beans.factory.support.DefaultListableBeanFactory - Creating instance of bean 'org.springframework.boot.autoconfigure.h2.H2ConsoleAutoConfiguration'
10:22:23.021 [Test worker] TRACE org.springframework.beans.factory.support.DefaultListableBeanFactory - Returning cached instance of singleton bean 'org.springframework.transaction.config.internalTransactionAdvisor'
10:22:23.021 [Test worker] TRACE org.springframework.beans.factory.support.DefaultListableBeanFactory - Returning cached instance of singleton bean 'org.springframework.transaction.config.internalTransactionAdvisor'
10:22:23.022 [Test worker] TRACE org.springframework.beans.factory.support.DefaultListableBeanFactory - Returning cached instance of singleton bean 'org.springframework.transaction.config.internalTransactionAdvisor'
10:22:23.022 [Test worker] TRACE org.springframework.beans.factory.support.DefaultListableBeanFactory - Finished creating instance of bean 'org.springframework.boot.autoconfigure.h2.H2ConsoleAutoConfiguration'
10:22:23.022 [Test worker] DEBUG org.springframework.beans.factory.support.DefaultListableBeanFactory - Creating shared instance of singleton bean 'h2Console'
10:22:23.022 [Test worker] TRACE org.springframework.beans.factory.support.DefaultListableBeanFactory - Creating instance of bean 'h2Console'
10:22:23.022 [Test worker] TRACE org.springframework.beans.factory.support.DefaultListableBeanFactory - Returning cached instance of singleton bean 'org.springframework.transaction.config.internalTransactionAdvisor'
10:22:23.022 [Test worker] TRACE org.springframework.beans.factory.support.DefaultListableBeanFactory - Returning cached instance of singleton bean 'org.springframework.boot.autoconfigure.h2.H2ConsoleAutoConfiguration'
10:22:23.022 [Test worker] DEBUG org.springframework.beans.factory.support.DefaultListableBeanFactory - Creating shared instance of singleton bean 'spring.h2.console-org.springframework.boot.autoconfigure.h2.H2ConsoleProperties'
10:22:23.023 [Test worker] TRACE org.springframework.beans.factory.support.DefaultListableBeanFactory - Creating instance of bean 'spring.h2.console-org.springframework.boot.autoconfigure.h2.H2ConsoleProperties'
10:22:23.023 [Test worker] TRACE org.springframework.beans.factory.support.DefaultListableBeanFactory - Returning cached instance of singleton bean 'org.springframework.transaction.config.internalTransactionAdvisor'
10:22:23.023 [Test worker] TRACE org.springframework.beans.factory.support.DefaultListableBeanFactory - Returning cached instance of singleton bean 'org.springframework.boot.context.properties.BoundConfigurationProperties'
10:22:23.025 [Test worker] TRACE org.springframework.beans.factory.support.DefaultListableBeanFactory - Returning cached instance of singleton bean 'org.springframework.transaction.config.internalTransactionAdvisor'
10:22:23.025 [Test worker] TRACE org.springframework.beans.factory.support.DefaultListableBeanFactory - Returning cached instance of singleton bean 'org.springframework.transaction.config.internalTransactionAdvisor'
10:22:23.025 [Test worker] TRACE org.springframework.beans.factory.support.DefaultListableBeanFactory - Finished creating instance of bean 'spring.h2.console-org.springframework.boot.autoconfigure.h2.H2ConsoleProperties'
10:22:23.025 [Test worker] DEBUG org.springframework.beans.factory.support.DefaultListableBeanFactory - Autowiring by type from bean name 'h2Console' via factory method to bean named 'spring.h2.console-org.springframework.boot.autoconfigure.h2.H2ConsoleProperties'
10:22:23.027 [Test worker] TRACE org.springframework.beans.factory.support.DefaultListableBeanFactory - Returning cached instance of singleton bean 'dataSource'
10:22:23.029 [Test worker] TRACE org.springframework.beans.factory.support.DefaultListableBeanFactory - Returning cached instance of singleton bean 'dataSource'
10:22:23.030 [Test worker] INFO  org.springframework.boot.autoconfigure.h2.H2ConsoleAutoConfiguration - H2 console available at '/console'. Database available at 'jdbc:h2:mem:laundryapp'
10:22:23.031 [Test worker] TRACE org.springframework.beans.factory.support.DefaultListableBeanFactory - Returning cached instance of singleton bean 'org.springframework.transaction.config.internalTransactionAdvisor'
10:22:23.031 [Test worker] TRACE org.springframework.beans.factory.support.DefaultListableBeanFactory - Returning cached instance of singleton bean 'org.springframework.transaction.config.internalTransactionAdvisor'
10:22:23.031 [Test worker] TRACE org.springframework.beans.factory.support.DefaultListableBeanFactory - Finished creating instance of bean 'h2Console'
10:22:23.032 [Test worker] TRACE org.springframework.beans.factory.support.DefaultListableBeanFactory - Returning cached instance of singleton bean 'spring.h2.console-org.springframework.boot.autoconfigure.h2.H2ConsoleProperties'
10:22:23.032 [Test worker] DEBUG org.springframework.beans.factory.support.DefaultListableBeanFactory - Creating shared instance of singleton bean 'org.springframework.boot.autoconfigure.info.ProjectInfoAutoConfiguration'
10:22:23.032 [Test worker] TRACE org.springframework.beans.factory.support.DefaultListableBeanFactory - Creating instance of bean 'org.springframework.boot.autoconfigure.info.ProjectInfoAutoConfiguration'
10:22:23.033 [Test worker] TRACE org.springframework.beans.factory.support.DefaultListableBeanFactory - Returning cached instance of singleton bean 'org.springframework.transaction.config.internalTransactionAdvisor'
10:22:23.037 [Test worker] DEBUG org.springframework.beans.factory.support.DefaultListableBeanFactory - Creating shared instance of singleton bean 'spring.info-org.springframework.boot.autoconfigure.info.ProjectInfoProperties'
10:22:23.037 [Test worker] TRACE org.springframework.beans.factory.support.DefaultListableBeanFactory - Creating instance of bean 'spring.info-org.springframework.boot.autoconfigure.info.ProjectInfoProperties'
10:22:23.038 [Test worker] TRACE org.springframework.beans.factory.support.DefaultListableBeanFactory - Returning cached instance of singleton bean 'org.springframework.transaction.config.internalTransactionAdvisor'
10:22:23.039 [Test worker] TRACE org.springframework.beans.factory.support.DefaultListableBeanFactory - Returning cached instance of singleton bean 'org.springframework.boot.context.properties.BoundConfigurationProperties'
10:22:23.040 [Test worker] TRACE org.springframework.beans.factory.support.DefaultListableBeanFactory - Returning cached instance of singleton bean 'org.springframework.transaction.config.internalTransactionAdvisor'
10:22:23.041 [Test worker] TRACE org.springframework.beans.factory.support.DefaultListableBeanFactory - Returning cached instance of singleton bean 'org.springframework.transaction.config.internalTransactionAdvisor'
10:22:23.041 [Test worker] TRACE org.springframework.beans.factory.support.DefaultListableBeanFactory - Finished creating instance of bean 'spring.info-org.springframework.boot.autoconfigure.info.ProjectInfoProperties'
10:22:23.043 [Test worker] DEBUG org.springframework.beans.factory.support.DefaultListableBeanFactory - Autowiring by type from bean name 'org.springframework.boot.autoconfigure.info.ProjectInfoAutoConfiguration' via constructor to bean named 'spring.info-org.springframework.boot.autoconfigure.info.ProjectInfoProperties'
10:22:23.044 [Test worker] TRACE org.springframework.beans.factory.support.DefaultListableBeanFactory - Returning cached instance of singleton bean 'org.springframework.transaction.config.internalTransactionAdvisor'
10:22:23.044 [Test worker] TRACE org.springframework.beans.factory.support.DefaultListableBeanFactory - Returning cached instance of singleton bean 'org.springframework.transaction.config.internalTransactionAdvisor'
10:22:23.044 [Test worker] TRACE org.springframework.beans.factory.support.DefaultListableBeanFactory - Finished creating instance of bean 'org.springframework.boot.autoconfigure.info.ProjectInfoAutoConfiguration'
10:22:23.045 [Test worker] TRACE org.springframework.beans.factory.support.DefaultListableBeanFactory - Returning cached instance of singleton bean 'spring.info-org.springframework.boot.autoconfigure.info.ProjectInfoProperties'
10:22:23.045 [Test worker] DEBUG org.springframework.beans.factory.support.DefaultListableBeanFactory - Creating shared instance of singleton bean 'org.springframework.boot.autoconfigure.jdbc.JdbcTemplateConfiguration'
10:22:23.045 [Test worker] TRACE org.springframework.beans.factory.support.DefaultListableBeanFactory - Creating instance of bean 'org.springframework.boot.autoconfigure.jdbc.JdbcTemplateConfiguration'
10:22:23.045 [Test worker] TRACE org.springframework.beans.factory.support.DefaultListableBeanFactory - Returning cached instance of singleton bean 'org.springframework.transaction.config.internalTransactionAdvisor'
10:22:23.046 [Test worker] TRACE org.springframework.beans.factory.support.DefaultListableBeanFactory - Returning cached instance of singleton bean 'org.springframework.transaction.config.internalTransactionAdvisor'
10:22:23.046 [Test worker] TRACE org.springframework.beans.factory.support.DefaultListableBeanFactory - Returning cached instance of singleton bean 'org.springframework.transaction.config.internalTransactionAdvisor'
10:22:23.046 [Test worker] TRACE org.springframework.beans.factory.support.DefaultListableBeanFactory - Finished creating instance of bean 'org.springframework.boot.autoconfigure.jdbc.JdbcTemplateConfiguration'
10:22:23.047 [Test worker] TRACE org.springframework.beans.factory.support.DefaultListableBeanFactory - Returning cached instance of singleton bean 'entityManagerFactory'
10:22:23.047 [Test worker] TRACE org.springframework.beans.factory.support.DefaultListableBeanFactory - Returning cached instance of singleton bean 'entityManagerFactory'
10:22:23.047 [Test worker] DEBUG org.springframework.beans.factory.support.DefaultListableBeanFactory - Creating shared instance of singleton bean 'dataSourceScriptDatabaseInitializer'
10:22:23.047 [Test worker] TRACE org.springframework.beans.factory.support.DefaultListableBeanFactory - Creating instance of bean 'dataSourceScriptDatabaseInitializer'
10:22:23.047 [Test worker] TRACE org.springframework.beans.factory.support.DefaultListableBeanFactory - Returning cached instance of singleton bean 'org.springframework.transaction.config.internalTransactionAdvisor'
10:22:23.047 [Test worker] DEBUG org.springframework.beans.factory.support.DefaultListableBeanFactory - Creating shared instance of singleton bean 'org.springframework.boot.autoconfigure.sql.init.DataSourceInitializationConfiguration'
10:22:23.047 [Test worker] TRACE org.springframework.beans.factory.support.DefaultListableBeanFactory - Creating instance of bean 'org.springframework.boot.autoconfigure.sql.init.DataSourceInitializationConfiguration'
10:22:23.047 [Test worker] TRACE org.springframework.beans.factory.support.DefaultListableBeanFactory - Returning cached instance of singleton bean 'org.springframework.transaction.config.internalTransactionAdvisor'
10:22:23.047 [Test worker] TRACE org.springframework.beans.factory.support.DefaultListableBeanFactory - Returning cached instance of singleton bean 'org.springframework.transaction.config.internalTransactionAdvisor'
10:22:23.047 [Test worker] TRACE org.springframework.beans.factory.support.DefaultListableBeanFactory - Returning cached instance of singleton bean 'org.springframework.transaction.config.internalTransactionAdvisor'
10:22:23.048 [Test worker] TRACE org.springframework.beans.factory.support.DefaultListableBeanFactory - Finished creating instance of bean 'org.springframework.boot.autoconfigure.sql.init.DataSourceInitializationConfiguration'
10:22:23.048 [Test worker] TRACE org.springframework.beans.factory.support.DefaultListableBeanFactory - Returning cached instance of singleton bean 'dataSource'
10:22:23.048 [Test worker] DEBUG org.springframework.beans.factory.support.DefaultListableBeanFactory - Creating shared instance of singleton bean 'spring.sql.init-org.springframework.boot.autoconfigure.sql.init.SqlInitializationProperties'
10:22:23.049 [Test worker] TRACE org.springframework.beans.factory.support.DefaultListableBeanFactory - Creating instance of bean 'spring.sql.init-org.springframework.boot.autoconfigure.sql.init.SqlInitializationProperties'
10:22:23.049 [Test worker] TRACE org.springframework.beans.factory.support.DefaultListableBeanFactory - Returning cached instance of singleton bean 'org.springframework.transaction.config.internalTransactionAdvisor'
10:22:23.050 [Test worker] TRACE org.springframework.beans.factory.support.DefaultListableBeanFactory - Returning cached instance of singleton bean 'org.springframework.boot.context.properties.BoundConfigurationProperties'
10:22:23.052 [Test worker] TRACE org.springframework.beans.factory.support.DefaultListableBeanFactory - Returning cached instance of singleton bean 'org.springframework.transaction.config.internalTransactionAdvisor'
10:22:23.053 [Test worker] TRACE org.springframework.beans.factory.support.DefaultListableBeanFactory - Returning cached instance of singleton bean 'org.springframework.transaction.config.internalTransactionAdvisor'
10:22:23.053 [Test worker] TRACE org.springframework.beans.factory.support.DefaultListableBeanFactory - Finished creating instance of bean 'spring.sql.init-org.springframework.boot.autoconfigure.sql.init.SqlInitializationProperties'
10:22:23.053 [Test worker] DEBUG org.springframework.beans.factory.support.DefaultListableBeanFactory - Autowiring by type from bean name 'dataSourceScriptDatabaseInitializer' via factory method to bean named 'dataSource'
10:22:23.053 [Test worker] DEBUG org.springframework.beans.factory.support.DefaultListableBeanFactory - Autowiring by type from bean name 'dataSourceScriptDatabaseInitializer' via factory method to bean named 'spring.sql.init-org.springframework.boot.autoconfigure.sql.init.SqlInitializationProperties'
10:22:23.055 [Test worker] TRACE org.springframework.beans.factory.support.DefaultListableBeanFactory - Invoking afterPropertiesSet() on bean with name 'dataSourceScriptDatabaseInitializer'
10:22:23.056 [Test worker] TRACE org.springframework.core.io.support.PathMatchingResourcePatternResolver - Resolved module-path location pattern [schema-all.sql] to resources []
10:22:23.056 [Test worker] TRACE org.springframework.core.io.support.PathMatchingResourcePatternResolver - Resolved classpath location [schema-all.sql] to resources []
10:22:23.057 [Test worker] TRACE org.springframework.core.io.support.PathMatchingResourcePatternResolver - Resolved module-path location pattern [schema.sql] to resources []
10:22:23.057 [Test worker] TRACE org.springframework.core.io.support.PathMatchingResourcePatternResolver - Resolved classpath location [schema.sql] to resources []
10:22:23.057 [Test worker] TRACE org.springframework.core.io.support.PathMatchingResourcePatternResolver - Resolved module-path location pattern [data-all.sql] to resources []
10:22:23.058 [Test worker] TRACE org.springframework.core.io.support.PathMatchingResourcePatternResolver - Resolved classpath location [data-all.sql] to resources []
10:22:23.058 [Test worker] TRACE org.springframework.core.io.support.PathMatchingResourcePatternResolver - Resolved module-path location pattern [data.sql] to resources []
10:22:23.060 [Test worker] TRACE org.springframework.core.io.support.PathMatchingResourcePatternResolver - Resolved classpath location [data.sql] to resources [file [/home/kali/Toolbox3/Projet/TestBackend/build/resources/main/data.sql]]
10:22:23.061 [Test worker] DEBUG org.springframework.jdbc.datasource.DataSourceUtils - Fetching JDBC Connection from DataSource
10:22:23.066 [Test worker] DEBUG org.springframework.jdbc.datasource.DataSourceUtils - Fetching JDBC Connection from DataSource
10:22:23.067 [Test worker] DEBUG org.springframework.jdbc.datasource.init.ScriptUtils - Executing SQL script from file [/home/kali/Toolbox3/Projet/TestBackend/build/resources/main/data.sql]
10:22:23.070 [Test worker] DEBUG org.springframework.jdbc.datasource.init.ScriptUtils - 1 returned as update count for SQL: INSERT INTO MACHINE_ENTITY(machine_Id, NAME, Available, Machine_Status, Progress) VALUES(-2, 'TEST MACHINE', 0, 0, 40)
10:22:23.073 [Test worker] DEBUG org.springframework.jdbc.datasource.init.ScriptUtils - 1 returned as update count for SQL: INSERT INTO SENSOR_ENTITY(SENSOR_ID, sensor_Name, Measure, status, sensor_Type, MACHINE_MACHINE_ID) VALUES(-1, 'TEST SENSOR', 12.6, 0, 'TEMPERATURE', -2)
10:22:23.074 [Test worker] DEBUG org.springframework.jdbc.datasource.init.ScriptUtils - 1 returned as update count for SQL: INSERT INTO RESERVATION(reservation_Id,reservation_available,reservation_user,MACHINE_MACHINE_ID ) VALUES(-3, '0', 'TEST RESERVATION', -2)
10:22:23.076 [Test worker] DEBUG org.springframework.jdbc.datasource.init.ScriptUtils - Executed SQL script from file [/home/kali/Toolbox3/Projet/TestBackend/build/resources/main/data.sql] in 7 ms.
10:22:23.078 [Test worker] TRACE org.springframework.beans.factory.support.DefaultListableBeanFactory - Returning cached instance of singleton bean 'org.springframework.transaction.config.internalTransactionAdvisor'
10:22:23.078 [Test worker] TRACE org.springframework.beans.factory.support.DefaultListableBeanFactory - Returning cached instance of singleton bean 'org.springframework.transaction.config.internalTransactionAdvisor'
10:22:23.079 [Test worker] TRACE org.springframework.beans.factory.support.DefaultListableBeanFactory - Finished creating instance of bean 'dataSourceScriptDatabaseInitializer'
10:22:23.079 [Test worker] DEBUG org.springframework.beans.factory.support.DefaultListableBeanFactory - Creating shared instance of singleton bean 'jdbcTemplate'
10:22:23.079 [Test worker] TRACE org.springframework.beans.factory.support.DefaultListableBeanFactory - Creating instance of bean 'jdbcTemplate'
10:22:23.079 [Test worker] TRACE org.springframework.beans.factory.support.DefaultListableBeanFactory - Returning cached instance of singleton bean 'org.springframework.transaction.config.internalTransactionAdvisor'
10:22:23.079 [Test worker] TRACE org.springframework.beans.factory.support.DefaultListableBeanFactory - Returning cached instance of singleton bean 'org.springframework.boot.autoconfigure.jdbc.JdbcTemplateConfiguration'
10:22:23.080 [Test worker] TRACE org.springframework.beans.factory.support.DefaultListableBeanFactory - Returning cached instance of singleton bean 'dataSource'
10:22:23.080 [Test worker] DEBUG org.springframework.beans.factory.support.DefaultListableBeanFactory - Creating shared instance of singleton bean 'spring.jdbc-org.springframework.boot.autoconfigure.jdbc.JdbcProperties'
10:22:23.080 [Test worker] TRACE org.springframework.beans.factory.support.DefaultListableBeanFactory - Creating instance of bean 'spring.jdbc-org.springframework.boot.autoconfigure.jdbc.JdbcProperties'
10:22:23.081 [Test worker] TRACE org.springframework.beans.factory.support.DefaultListableBeanFactory - Returning cached instance of singleton bean 'org.springframework.transaction.config.internalTransactionAdvisor'
10:22:23.081 [Test worker] TRACE org.springframework.beans.factory.support.DefaultListableBeanFactory - Returning cached instance of singleton bean 'org.springframework.boot.context.properties.BoundConfigurationProperties'
10:22:23.081 [Test worker] TRACE org.springframework.beans.factory.support.DefaultListableBeanFactory - Returning cached instance of singleton bean 'org.springframework.transaction.config.internalTransactionAdvisor'
10:22:23.081 [Test worker] TRACE org.springframework.beans.factory.support.DefaultListableBeanFactory - Returning cached instance of singleton bean 'org.springframework.transaction.config.internalTransactionAdvisor'
10:22:23.082 [Test worker] TRACE org.springframework.beans.factory.support.DefaultListableBeanFactory - Finished creating instance of bean 'spring.jdbc-org.springframework.boot.autoconfigure.jdbc.JdbcProperties'
10:22:23.082 [Test worker] DEBUG org.springframework.beans.factory.support.DefaultListableBeanFactory - Autowiring by type from bean name 'jdbcTemplate' via factory method to bean named 'dataSource'
10:22:23.082 [Test worker] DEBUG org.springframework.beans.factory.support.DefaultListableBeanFactory - Autowiring by type from bean name 'jdbcTemplate' via factory method to bean named 'spring.jdbc-org.springframework.boot.autoconfigure.jdbc.JdbcProperties'
10:22:23.084 [Test worker] TRACE org.springframework.beans.factory.support.DefaultListableBeanFactory - Invoking afterPropertiesSet() on bean with name 'jdbcTemplate'
10:22:23.084 [Test worker] TRACE org.springframework.beans.factory.support.DefaultListableBeanFactory - Returning cached instance of singleton bean 'org.springframework.transaction.config.internalTransactionAdvisor'
10:22:23.084 [Test worker] TRACE org.springframework.beans.factory.support.DefaultListableBeanFactory - Returning cached instance of singleton bean 'org.springframework.transaction.config.internalTransactionAdvisor'
10:22:23.087 [Test worker] TRACE org.springframework.beans.factory.support.DefaultListableBeanFactory - Finished creating instance of bean 'jdbcTemplate'
10:22:23.088 [Test worker] DEBUG org.springframework.beans.factory.support.DefaultListableBeanFactory - Creating shared instance of singleton bean 'org.springframework.boot.autoconfigure.jdbc.NamedParameterJdbcTemplateConfiguration'
10:22:23.088 [Test worker] TRACE org.springframework.beans.factory.support.DefaultListableBeanFactory - Creating instance of bean 'org.springframework.boot.autoconfigure.jdbc.NamedParameterJdbcTemplateConfiguration'
10:22:23.088 [Test worker] TRACE org.springframework.beans.factory.support.DefaultListableBeanFactory - Returning cached instance of singleton bean 'org.springframework.transaction.config.internalTransactionAdvisor'
10:22:23.089 [Test worker] TRACE org.springframework.beans.factory.support.DefaultListableBeanFactory - Returning cached instance of singleton bean 'org.springframework.transaction.config.internalTransactionAdvisor'
10:22:23.089 [Test worker] TRACE org.springframework.beans.factory.support.DefaultListableBeanFactory - Returning cached instance of singleton bean 'org.springframework.transaction.config.internalTransactionAdvisor'
10:22:23.089 [Test worker] TRACE org.springframework.beans.factory.support.DefaultListableBeanFactory - Finished creating instance of bean 'org.springframework.boot.autoconfigure.jdbc.NamedParameterJdbcTemplateConfiguration'
10:22:23.089 [Test worker] TRACE org.springframework.beans.factory.support.DefaultListableBeanFactory - Returning cached instance of singleton bean 'entityManagerFactory'
10:22:23.089 [Test worker] TRACE org.springframework.beans.factory.support.DefaultListableBeanFactory - Returning cached instance of singleton bean 'dataSourceScriptDatabaseInitializer'
10:22:23.089 [Test worker] DEBUG org.springframework.beans.factory.support.DefaultListableBeanFactory - Creating shared instance of singleton bean 'namedParameterJdbcTemplate'
10:22:23.089 [Test worker] TRACE org.springframework.beans.factory.support.DefaultListableBeanFactory - Creating instance of bean 'namedParameterJdbcTemplate'
10:22:23.090 [Test worker] TRACE org.springframework.beans.factory.support.DefaultListableBeanFactory - Returning cached instance of singleton bean 'org.springframework.transaction.config.internalTransactionAdvisor'
10:22:23.090 [Test worker] TRACE org.springframework.beans.factory.support.DefaultListableBeanFactory - Returning cached instance of singleton bean 'org.springframework.boot.autoconfigure.jdbc.NamedParameterJdbcTemplateConfiguration'
10:22:23.090 [Test worker] TRACE org.springframework.beans.factory.support.DefaultListableBeanFactory - Returning cached instance of singleton bean 'jdbcTemplate'
10:22:23.090 [Test worker] DEBUG org.springframework.beans.factory.support.DefaultListableBeanFactory - Autowiring by type from bean name 'namedParameterJdbcTemplate' via factory method to bean named 'jdbcTemplate'
10:22:23.096 [Test worker] TRACE org.springframework.beans.factory.support.DefaultListableBeanFactory - Returning cached instance of singleton bean 'org.springframework.transaction.config.internalTransactionAdvisor'
10:22:23.096 [Test worker] TRACE org.springframework.beans.factory.support.DefaultListableBeanFactory - Returning cached instance of singleton bean 'org.springframework.transaction.config.internalTransactionAdvisor'
10:22:23.097 [Test worker] TRACE org.springframework.beans.factory.support.DefaultListableBeanFactory - Finished creating instance of bean 'namedParameterJdbcTemplate'
10:22:23.098 [Test worker] DEBUG org.springframework.beans.factory.support.DefaultListableBeanFactory - Creating shared instance of singleton bean 'org.springframework.boot.autoconfigure.jdbc.JdbcTemplateAutoConfiguration'
10:22:23.098 [Test worker] TRACE org.springframework.beans.factory.support.DefaultListableBeanFactory - Creating instance of bean 'org.springframework.boot.autoconfigure.jdbc.JdbcTemplateAutoConfiguration'
10:22:23.098 [Test worker] TRACE org.springframework.beans.factory.support.DefaultListableBeanFactory - Returning cached instance of singleton bean 'org.springframework.transaction.config.internalTransactionAdvisor'
10:22:23.098 [Test worker] TRACE org.springframework.beans.factory.support.DefaultListableBeanFactory - Returning cached instance of singleton bean 'org.springframework.transaction.config.internalTransactionAdvisor'
10:22:23.098 [Test worker] TRACE org.springframework.beans.factory.support.DefaultListableBeanFactory - Returning cached instance of singleton bean 'org.springframework.transaction.config.internalTransactionAdvisor'
10:22:23.098 [Test worker] TRACE org.springframework.beans.factory.support.DefaultListableBeanFactory - Finished creating instance of bean 'org.springframework.boot.autoconfigure.jdbc.JdbcTemplateAutoConfiguration'
10:22:23.099 [Test worker] TRACE org.springframework.beans.factory.support.DefaultListableBeanFactory - Returning cached instance of singleton bean 'spring.jdbc-org.springframework.boot.autoconfigure.jdbc.JdbcProperties'
10:22:23.099 [Test worker] TRACE org.springframework.beans.factory.support.DefaultListableBeanFactory - Returning cached instance of singleton bean 'org.springframework.boot.sql.init.dependency.DatabaseInitializationDependencyConfigurer$DependsOnDatabaseInitializationPostProcessor'
10:22:23.099 [Test worker] TRACE org.springframework.beans.factory.support.DefaultListableBeanFactory - Returning cached instance of singleton bean 'org.springframework.security.config.annotation.configuration.ObjectPostProcessorConfiguration'
10:22:23.099 [Test worker] TRACE org.springframework.beans.factory.support.DefaultListableBeanFactory - Returning cached instance of singleton bean 'objectPostProcessor'
10:22:23.099 [Test worker] TRACE org.springframework.beans.factory.support.DefaultListableBeanFactory - Returning cached instance of singleton bean 'org.springframework.security.config.annotation.authentication.configuration.AuthenticationConfiguration'
10:22:23.099 [Test worker] TRACE org.springframework.beans.factory.support.DefaultListableBeanFactory - Returning cached instance of singleton bean 'authenticationManagerBuilder'
10:22:23.099 [Test worker] TRACE org.springframework.beans.factory.support.DefaultListableBeanFactory - Returning cached instance of singleton bean 'enableGlobalAuthenticationAutowiredConfigurer'
10:22:23.099 [Test worker] TRACE org.springframework.beans.factory.support.DefaultListableBeanFactory - Returning cached instance of singleton bean 'initializeUserDetailsBeanManagerConfigurer'
10:22:23.099 [Test worker] TRACE org.springframework.beans.factory.support.DefaultListableBeanFactory - Returning cached instance of singleton bean 'initializeAuthenticationProviderBeanManagerConfigurer'
10:22:23.099 [Test worker] DEBUG org.springframework.beans.factory.support.DefaultListableBeanFactory - Creating shared instance of singleton bean 'org.springframework.security.config.annotation.web.configuration.WebSecurityConfiguration'
10:22:23.099 [Test worker] TRACE org.springframework.beans.factory.support.DefaultListableBeanFactory - Creating instance of bean 'org.springframework.security.config.annotation.web.configuration.WebSecurityConfiguration'
10:22:23.099 [Test worker] TRACE org.springframework.beans.factory.support.DefaultListableBeanFactory - Returning cached instance of singleton bean 'org.springframework.transaction.config.internalTransactionAdvisor'
10:22:23.100 [Test worker] TRACE org.springframework.beans.CachedIntrospectionResults - Getting BeanInfo for class [org.springframework.security.config.annotation.web.configuration.WebSecurityConfiguration]
10:22:23.101 [Test worker] TRACE org.springframework.beans.CachedIntrospectionResults - Caching PropertyDescriptors for class [org.springframework.security.config.annotation.web.configuration.WebSecurityConfiguration]
10:22:23.101 [Test worker] TRACE org.springframework.beans.CachedIntrospectionResults - Found bean property 'beanClassLoader' of type [java.lang.ClassLoader]
10:22:23.101 [Test worker] TRACE org.springframework.beans.CachedIntrospectionResults - Found bean property 'class' of type [java.lang.Class]
10:22:23.102 [Test worker] TRACE org.springframework.beans.CachedIntrospectionResults - Found bean property 'importMetadata' of type [org.springframework.core.type.AnnotationMetadata]
10:22:23.105 [Test worker] TRACE org.springframework.beans.factory.support.DefaultListableBeanFactory - Returning cached instance of singleton bean 'objectPostProcessor'
10:22:23.106 [Test worker] TRACE org.springframework.beans.factory.annotation.AutowiredAnnotationBeanPostProcessor - Autowiring by type from bean name 'org.springframework.security.config.annotation.web.configuration.WebSecurityConfiguration' to bean named 'objectPostProcessor'
10:22:23.107 [Test worker] TRACE org.springframework.beans.factory.support.DefaultListableBeanFactory - Creating instance of bean 'org.springframework.security.config.annotation.web.configuration.HttpSecurityConfiguration.httpSecurity'
10:22:23.107 [Test worker] TRACE org.springframework.beans.factory.support.DefaultListableBeanFactory - Returning cached instance of singleton bean 'org.springframework.security.config.annotation.web.configuration.HttpSecurityConfiguration'
10:22:23.108 [Test worker] TRACE org.springframework.beans.factory.support.DefaultListableBeanFactory - Returning cached instance of singleton bean 'authenticationEventPublisher'
10:22:23.110 [Test worker] TRACE org.springframework.core.io.support.SpringFactoriesLoader - Loaded [org.springframework.security.config.annotation.web.configurers.AbstractHttpConfigurer] names: []
10:22:23.110 [Test worker] TRACE org.springframework.beans.factory.support.DefaultListableBeanFactory - Finished creating instance of bean 'org.springframework.security.config.annotation.web.configuration.HttpSecurityConfiguration.httpSecurity'
10:22:23.112 [Test worker] TRACE org.springframework.beans.factory.annotation.AutowiredAnnotationBeanPostProcessor - Autowiring by type from bean name 'org.springframework.security.config.annotation.web.configuration.WebSecurityConfiguration' to bean named 'org.springframework.security.config.annotation.web.configuration.HttpSecurityConfiguration.httpSecurity'
10:22:23.112 [Test worker] TRACE org.springframework.beans.factory.support.DefaultListableBeanFactory - Returning cached instance of singleton bean 'objectPostProcessor'
10:22:23.113 [Test worker] TRACE org.springframework.beans.factory.annotation.AutowiredAnnotationBeanPostProcessor - Autowiring by type from bean name 'org.springframework.security.config.annotation.web.configuration.WebSecurityConfiguration' to bean named 'objectPostProcessor'
10:22:23.113 [Test worker] TRACE org.springframework.beans.factory.annotation.AutowiredAnnotationBeanPostProcessor - Autowiring by type from bean name 'org.springframework.security.config.annotation.web.configuration.WebSecurityConfiguration' to bean named 'org.springframework.beans.factory.support.DefaultListableBeanFactory@49f3ff41'
10:22:23.124 [Test worker] TRACE org.springframework.beans.factory.support.DefaultListableBeanFactory - Returning cached instance of singleton bean 'org.springframework.transaction.config.internalTransactionAdvisor'
10:22:23.124 [Test worker] TRACE org.springframework.beans.factory.support.DefaultListableBeanFactory - Returning cached instance of singleton bean 'org.springframework.transaction.config.internalTransactionAdvisor'
10:22:23.131 [Test worker] TRACE org.springframework.beans.factory.support.DefaultListableBeanFactory - Returning cached instance of singleton bean 'defaultSecurityFilterChain'
10:22:23.131 [Test worker] TRACE org.springframework.beans.factory.annotation.AutowiredAnnotationBeanPostProcessor - Autowiring by type from bean name 'org.springframework.security.config.annotation.web.configuration.WebSecurityConfiguration' to bean named 'defaultSecurityFilterChain'
10:22:23.132 [Test worker] TRACE org.springframework.beans.factory.support.DefaultListableBeanFactory - Returning cached instance of singleton bean 'org.springframework.context.annotation.ConfigurationClassPostProcessor.importRegistry'
10:22:23.133 [Test worker] TRACE org.springframework.beans.factory.support.DefaultListableBeanFactory - Returning cached instance of singleton bean 'org.springframework.transaction.config.internalTransactionAdvisor'
10:22:23.134 [Test worker] TRACE org.springframework.beans.factory.support.DefaultListableBeanFactory - Returning cached instance of singleton bean 'org.springframework.transaction.config.internalTransactionAdvisor'
10:22:23.135 [Test worker] TRACE org.springframework.beans.factory.support.DefaultListableBeanFactory - Finished creating instance of bean 'org.springframework.security.config.annotation.web.configuration.WebSecurityConfiguration'
10:22:23.136 [Test worker] DEBUG org.springframework.beans.factory.support.DefaultListableBeanFactory - Creating shared instance of singleton bean 'delegatingApplicationListener'
10:22:23.136 [Test worker] TRACE org.springframework.beans.factory.support.DefaultListableBeanFactory - Creating instance of bean 'delegatingApplicationListener'
10:22:23.136 [Test worker] TRACE org.springframework.beans.factory.support.DefaultListableBeanFactory - Returning cached instance of singleton bean 'org.springframework.transaction.config.internalTransactionAdvisor'
10:22:23.137 [Test worker] TRACE org.springframework.beans.factory.support.DefaultListableBeanFactory - Returning cached instance of singleton bean 'org.springframework.transaction.config.internalTransactionAdvisor'
10:22:23.137 [Test worker] TRACE org.springframework.beans.factory.support.DefaultListableBeanFactory - Returning cached instance of singleton bean 'org.springframework.transaction.config.internalTransactionAdvisor'
10:22:23.138 [Test worker] TRACE org.springframework.beans.factory.support.DefaultListableBeanFactory - Finished creating instance of bean 'delegatingApplicationListener'
10:22:23.138 [Test worker] DEBUG org.springframework.beans.factory.support.DefaultListableBeanFactory - Creating shared instance of singleton bean 'springSecurityFilterChain'
10:22:23.138 [Test worker] TRACE org.springframework.beans.factory.support.DefaultListableBeanFactory - Creating instance of bean 'springSecurityFilterChain'
10:22:23.138 [Test worker] TRACE org.springframework.beans.factory.support.DefaultListableBeanFactory - Returning cached instance of singleton bean 'org.springframework.transaction.config.internalTransactionAdvisor'
10:22:23.138 [Test worker] TRACE org.springframework.beans.factory.support.DefaultListableBeanFactory - Returning cached instance of singleton bean 'org.springframework.security.config.annotation.web.configuration.WebSecurityConfiguration'
10:22:23.148 [Test worker] TRACE org.springframework.beans.factory.support.DefaultListableBeanFactory - Invoking afterPropertiesSet() on bean with name 'springSecurityFilterChain'
10:22:23.149 [Test worker] TRACE org.springframework.beans.factory.support.DefaultListableBeanFactory - Returning cached instance of singleton bean 'org.springframework.transaction.config.internalTransactionAdvisor'
10:22:23.149 [Test worker] TRACE org.springframework.beans.factory.support.DefaultListableBeanFactory - Returning cached instance of singleton bean 'org.springframework.transaction.config.internalTransactionAdvisor'
10:22:23.150 [Test worker] TRACE org.springframework.beans.factory.support.DefaultListableBeanFactory - Finished creating instance of bean 'springSecurityFilterChain'
10:22:23.151 [Test worker] DEBUG org.springframework.beans.factory.support.DefaultListableBeanFactory - Creating shared instance of singleton bean 'webSecurityExpressionHandler'
10:22:23.151 [Test worker] TRACE org.springframework.beans.factory.support.DefaultListableBeanFactory - Creating instance of bean 'webSecurityExpressionHandler'
10:22:23.152 [Test worker] TRACE org.springframework.aop.aspectj.annotation.AnnotationAwareAspectJAutoProxyCreator - Did not attempt to auto-proxy infrastructure class [org.springframework.security.access.expression.SecurityExpressionHandler]
10:22:23.152 [Test worker] TRACE org.springframework.beans.factory.support.DefaultListableBeanFactory - Returning cached instance of singleton bean 'org.springframework.security.config.annotation.web.configuration.WebSecurityConfiguration'
10:22:23.153 [Test worker] TRACE org.springframework.beans.factory.support.DefaultListableBeanFactory - Finished creating instance of bean 'webSecurityExpressionHandler'
10:22:23.154 [Test worker] TRACE org.springframework.beans.factory.support.DefaultListableBeanFactory - Returning cached instance of singleton bean 'springSecurityFilterChain'
10:22:23.154 [Test worker] TRACE org.springframework.beans.factory.support.DefaultListableBeanFactory - Returning cached instance of singleton bean 'springSecurityFilterChain'
10:22:23.154 [Test worker] DEBUG org.springframework.beans.factory.support.DefaultListableBeanFactory - Creating shared instance of singleton bean 'privilegeEvaluator'
10:22:23.154 [Test worker] TRACE org.springframework.beans.factory.support.DefaultListableBeanFactory - Creating instance of bean 'privilegeEvaluator'
10:22:23.154 [Test worker] TRACE org.springframework.beans.factory.support.DefaultListableBeanFactory - Returning cached instance of singleton bean 'org.springframework.transaction.config.internalTransactionAdvisor'
10:22:23.154 [Test worker] TRACE org.springframework.beans.factory.support.DefaultListableBeanFactory - Returning cached instance of singleton bean 'org.springframework.security.config.annotation.web.configuration.WebSecurityConfiguration'
10:22:23.155 [Test worker] TRACE org.springframework.beans.factory.support.DefaultListableBeanFactory - Returning cached instance of singleton bean 'org.springframework.transaction.config.internalTransactionAdvisor'
10:22:23.155 [Test worker] TRACE org.springframework.beans.factory.support.DefaultListableBeanFactory - Returning cached instance of singleton bean 'org.springframework.transaction.config.internalTransactionAdvisor'
10:22:23.157 [Test worker] TRACE org.springframework.beans.factory.support.DefaultListableBeanFactory - Finished creating instance of bean 'privilegeEvaluator'
10:22:23.157 [Test worker] TRACE org.springframework.beans.factory.support.DefaultListableBeanFactory - Returning cached instance of singleton bean 'conversionServicePostProcessor'
10:22:23.157 [Test worker] TRACE org.springframework.beans.factory.support.DefaultListableBeanFactory - Returning cached instance of singleton bean 'org.springframework.security.config.annotation.web.configuration.WebMvcSecurityConfiguration'
10:22:23.157 [Test worker] DEBUG org.springframework.beans.factory.support.DefaultListableBeanFactory - Creating shared instance of singleton bean 'requestDataValueProcessor'
10:22:23.157 [Test worker] TRACE org.springframework.beans.factory.support.DefaultListableBeanFactory - Creating instance of bean 'requestDataValueProcessor'
10:22:23.157 [Test worker] TRACE org.springframework.beans.factory.support.DefaultListableBeanFactory - Returning cached instance of singleton bean 'org.springframework.transaction.config.internalTransactionAdvisor'
10:22:23.157 [Test worker] TRACE org.springframework.beans.factory.support.DefaultListableBeanFactory - Returning cached instance of singleton bean 'org.springframework.security.config.annotation.web.configuration.WebMvcSecurityConfiguration'
10:22:23.160 [Test worker] TRACE org.springframework.beans.factory.support.DefaultListableBeanFactory - Returning cached instance of singleton bean 'org.springframework.transaction.config.internalTransactionAdvisor'
10:22:23.161 [Test worker] TRACE org.springframework.beans.factory.support.DefaultListableBeanFactory - Returning cached instance of singleton bean 'org.springframework.transaction.config.internalTransactionAdvisor'
10:22:23.161 [Test worker] TRACE org.springframework.beans.factory.support.DefaultListableBeanFactory - Finished creating instance of bean 'requestDataValueProcessor'
10:22:23.162 [Test worker] TRACE org.springframework.beans.factory.support.DefaultListableBeanFactory - Returning cached instance of singleton bean 'org.springframework.security.config.annotation.web.configuration.HttpSecurityConfiguration'
10:22:23.162 [Test worker] TRACE org.springframework.beans.factory.support.DefaultListableBeanFactory - Returning cached instance of singleton bean 'org.springframework.boot.autoconfigure.security.servlet.SpringBootWebSecurityConfiguration$WebSecurityEnablerConfiguration'
10:22:23.162 [Test worker] DEBUG org.springframework.beans.factory.support.DefaultListableBeanFactory - Creating shared instance of singleton bean 'org.springframework.boot.autoconfigure.security.servlet.SpringBootWebSecurityConfiguration'
10:22:23.162 [Test worker] TRACE org.springframework.beans.factory.support.DefaultListableBeanFactory - Creating instance of bean 'org.springframework.boot.autoconfigure.security.servlet.SpringBootWebSecurityConfiguration'
10:22:23.162 [Test worker] TRACE org.springframework.beans.factory.support.DefaultListableBeanFactory - Returning cached instance of singleton bean 'org.springframework.transaction.config.internalTransactionAdvisor'
10:22:23.163 [Test worker] TRACE org.springframework.beans.factory.support.DefaultListableBeanFactory - Returning cached instance of singleton bean 'org.springframework.transaction.config.internalTransactionAdvisor'
10:22:23.163 [Test worker] TRACE org.springframework.beans.factory.support.DefaultListableBeanFactory - Returning cached instance of singleton bean 'org.springframework.transaction.config.internalTransactionAdvisor'
10:22:23.163 [Test worker] TRACE org.springframework.beans.factory.support.DefaultListableBeanFactory - Finished creating instance of bean 'org.springframework.boot.autoconfigure.security.servlet.SpringBootWebSecurityConfiguration'
10:22:23.163 [Test worker] TRACE org.springframework.beans.factory.support.DefaultListableBeanFactory - Returning cached instance of singleton bean 'org.springframework.boot.autoconfigure.security.servlet.SecurityAutoConfiguration'
10:22:23.163 [Test worker] TRACE org.springframework.beans.factory.support.DefaultListableBeanFactory - Returning cached instance of singleton bean 'authenticationEventPublisher'
10:22:23.164 [Test worker] DEBUG org.springframework.beans.factory.support.DefaultListableBeanFactory - Creating shared instance of singleton bean 'spring.security-org.springframework.boot.autoconfigure.security.SecurityProperties'
10:22:23.164 [Test worker] TRACE org.springframework.beans.factory.support.DefaultListableBeanFactory - Creating instance of bean 'spring.security-org.springframework.boot.autoconfigure.security.SecurityProperties'
10:22:23.164 [Test worker] TRACE org.springframework.beans.factory.support.DefaultListableBeanFactory - Returning cached instance of singleton bean 'org.springframework.transaction.config.internalTransactionAdvisor'
10:22:23.165 [Test worker] TRACE org.springframework.beans.factory.support.DefaultListableBeanFactory - Returning cached instance of singleton bean 'org.springframework.boot.context.properties.BoundConfigurationProperties'
10:22:23.166 [Test worker] TRACE org.springframework.beans.factory.support.DefaultListableBeanFactory - Returning cached instance of singleton bean 'org.springframework.transaction.config.internalTransactionAdvisor'
10:22:23.166 [Test worker] TRACE org.springframework.beans.factory.support.DefaultListableBeanFactory - Returning cached instance of singleton bean 'org.springframework.transaction.config.internalTransactionAdvisor'
10:22:23.167 [Test worker] TRACE org.springframework.beans.factory.support.DefaultListableBeanFactory - Finished creating instance of bean 'spring.security-org.springframework.boot.autoconfigure.security.SecurityProperties'
10:22:23.167 [Test worker] DEBUG org.springframework.beans.factory.support.DefaultListableBeanFactory - Creating shared instance of singleton bean 'org.springframework.boot.autoconfigure.security.servlet.SecurityFilterAutoConfiguration'
10:22:23.167 [Test worker] TRACE org.springframework.beans.factory.support.DefaultListableBeanFactory - Creating instance of bean 'org.springframework.boot.autoconfigure.security.servlet.SecurityFilterAutoConfiguration'
10:22:23.167 [Test worker] TRACE org.springframework.beans.factory.support.DefaultListableBeanFactory - Returning cached instance of singleton bean 'org.springframework.transaction.config.internalTransactionAdvisor'
10:22:23.167 [Test worker] TRACE org.springframework.beans.factory.support.DefaultListableBeanFactory - Returning cached instance of singleton bean 'org.springframework.transaction.config.internalTransactionAdvisor'
10:22:23.168 [Test worker] TRACE org.springframework.beans.factory.support.DefaultListableBeanFactory - Returning cached instance of singleton bean 'org.springframework.transaction.config.internalTransactionAdvisor'
10:22:23.168 [Test worker] TRACE org.springframework.beans.factory.support.DefaultListableBeanFactory - Finished creating instance of bean 'org.springframework.boot.autoconfigure.security.servlet.SecurityFilterAutoConfiguration'
10:22:23.169 [Test worker] DEBUG org.springframework.beans.factory.support.DefaultListableBeanFactory - Creating shared instance of singleton bean 'securityFilterChainRegistration'
10:22:23.169 [Test worker] TRACE org.springframework.beans.factory.support.DefaultListableBeanFactory - Creating instance of bean 'securityFilterChainRegistration'
10:22:23.169 [Test worker] TRACE org.springframework.beans.factory.support.DefaultListableBeanFactory - Returning cached instance of singleton bean 'org.springframework.transaction.config.internalTransactionAdvisor'
10:22:23.169 [Test worker] TRACE org.springframework.beans.factory.support.DefaultListableBeanFactory - Returning cached instance of singleton bean 'org.springframework.boot.autoconfigure.security.servlet.SecurityFilterAutoConfiguration'
10:22:23.171 [Test worker] TRACE org.springframework.beans.factory.support.DefaultListableBeanFactory - Returning cached instance of singleton bean 'spring.security-org.springframework.boot.autoconfigure.security.SecurityProperties'
10:22:23.171 [Test worker] DEBUG org.springframework.beans.factory.support.DefaultListableBeanFactory - Autowiring by type from bean name 'securityFilterChainRegistration' via factory method to bean named 'spring.security-org.springframework.boot.autoconfigure.security.SecurityProperties'
10:22:23.176 [Test worker] TRACE org.springframework.beans.factory.support.DefaultListableBeanFactory - Returning cached instance of singleton bean 'org.springframework.transaction.config.internalTransactionAdvisor'
10:22:23.177 [Test worker] TRACE org.springframework.beans.factory.support.DefaultListableBeanFactory - Returning cached instance of singleton bean 'org.springframework.transaction.config.internalTransactionAdvisor'
10:22:23.180 [Test worker] TRACE org.springframework.beans.factory.support.DefaultListableBeanFactory - Finished creating instance of bean 'securityFilterChainRegistration'
10:22:23.181 [Test worker] TRACE org.springframework.beans.factory.support.DefaultListableBeanFactory - Returning cached instance of singleton bean 'org.springframework.boot.autoconfigure.sql.init.DataSourceInitializationConfiguration'
10:22:23.181 [Test worker] TRACE org.springframework.beans.factory.support.DefaultListableBeanFactory - Returning cached instance of singleton bean 'dataSourceScriptDatabaseInitializer'
10:22:23.181 [Test worker] DEBUG org.springframework.beans.factory.support.DefaultListableBeanFactory - Creating shared instance of singleton bean 'org.springframework.boot.autoconfigure.sql.init.SqlInitializationAutoConfiguration'
10:22:23.181 [Test worker] TRACE org.springframework.beans.factory.support.DefaultListableBeanFactory - Creating instance of bean 'org.springframework.boot.autoconfigure.sql.init.SqlInitializationAutoConfiguration'
10:22:23.181 [Test worker] TRACE org.springframework.beans.factory.support.DefaultListableBeanFactory - Returning cached instance of singleton bean 'org.springframework.transaction.config.internalTransactionAdvisor'
10:22:23.181 [Test worker] TRACE org.springframework.beans.factory.support.DefaultListableBeanFactory - Returning cached instance of singleton bean 'org.springframework.transaction.config.internalTransactionAdvisor'
10:22:23.182 [Test worker] TRACE org.springframework.beans.factory.support.DefaultListableBeanFactory - Returning cached instance of singleton bean 'org.springframework.transaction.config.internalTransactionAdvisor'
10:22:23.182 [Test worker] TRACE org.springframework.beans.factory.support.DefaultListableBeanFactory - Finished creating instance of bean 'org.springframework.boot.autoconfigure.sql.init.SqlInitializationAutoConfiguration'
10:22:23.182 [Test worker] TRACE org.springframework.beans.factory.support.DefaultListableBeanFactory - Returning cached instance of singleton bean 'spring.sql.init-org.springframework.boot.autoconfigure.sql.init.SqlInitializationProperties'
10:22:23.182 [Test worker] DEBUG org.springframework.beans.factory.support.DefaultListableBeanFactory - Creating shared instance of singleton bean 'org.springframework.boot.autoconfigure.task.TaskSchedulingAutoConfiguration'
10:22:23.182 [Test worker] TRACE org.springframework.beans.factory.support.DefaultListableBeanFactory - Creating instance of bean 'org.springframework.boot.autoconfigure.task.TaskSchedulingAutoConfiguration'
10:22:23.182 [Test worker] TRACE org.springframework.beans.factory.support.DefaultListableBeanFactory - Returning cached instance of singleton bean 'org.springframework.transaction.config.internalTransactionAdvisor'
10:22:23.183 [Test worker] TRACE org.springframework.beans.factory.support.DefaultListableBeanFactory - Returning cached instance of singleton bean 'org.springframework.transaction.config.internalTransactionAdvisor'
10:22:23.184 [Test worker] TRACE org.springframework.beans.factory.support.DefaultListableBeanFactory - Returning cached instance of singleton bean 'org.springframework.transaction.config.internalTransactionAdvisor'
10:22:23.184 [Test worker] TRACE org.springframework.beans.factory.support.DefaultListableBeanFactory - Finished creating instance of bean 'org.springframework.boot.autoconfigure.task.TaskSchedulingAutoConfiguration'
10:22:23.184 [Test worker] DEBUG org.springframework.beans.factory.support.DefaultListableBeanFactory - Creating shared instance of singleton bean 'taskSchedulerBuilder'
10:22:23.185 [Test worker] TRACE org.springframework.beans.factory.support.DefaultListableBeanFactory - Creating instance of bean 'taskSchedulerBuilder'
10:22:23.185 [Test worker] TRACE org.springframework.beans.factory.support.DefaultListableBeanFactory - Returning cached instance of singleton bean 'org.springframework.transaction.config.internalTransactionAdvisor'
10:22:23.185 [Test worker] TRACE org.springframework.beans.factory.support.DefaultListableBeanFactory - Returning cached instance of singleton bean 'org.springframework.boot.autoconfigure.task.TaskSchedulingAutoConfiguration'
10:22:23.186 [Test worker] DEBUG org.springframework.beans.factory.support.DefaultListableBeanFactory - Creating shared instance of singleton bean 'spring.task.scheduling-org.springframework.boot.autoconfigure.task.TaskSchedulingProperties'
10:22:23.186 [Test worker] TRACE org.springframework.beans.factory.support.DefaultListableBeanFactory - Creating instance of bean 'spring.task.scheduling-org.springframework.boot.autoconfigure.task.TaskSchedulingProperties'
10:22:23.186 [Test worker] TRACE org.springframework.beans.factory.support.DefaultListableBeanFactory - Returning cached instance of singleton bean 'org.springframework.transaction.config.internalTransactionAdvisor'
10:22:23.187 [Test worker] TRACE org.springframework.beans.factory.support.DefaultListableBeanFactory - Returning cached instance of singleton bean 'org.springframework.boot.context.properties.BoundConfigurationProperties'
10:22:23.188 [Test worker] TRACE org.springframework.beans.factory.support.DefaultListableBeanFactory - Returning cached instance of singleton bean 'org.springframework.transaction.config.internalTransactionAdvisor'
10:22:23.189 [Test worker] TRACE org.springframework.beans.factory.support.DefaultListableBeanFactory - Returning cached instance of singleton bean 'org.springframework.transaction.config.internalTransactionAdvisor'
10:22:23.189 [Test worker] TRACE org.springframework.beans.factory.support.DefaultListableBeanFactory - Finished creating instance of bean 'spring.task.scheduling-org.springframework.boot.autoconfigure.task.TaskSchedulingProperties'
10:22:23.189 [Test worker] DEBUG org.springframework.beans.factory.support.DefaultListableBeanFactory - Autowiring by type from bean name 'taskSchedulerBuilder' via factory method to bean named 'spring.task.scheduling-org.springframework.boot.autoconfigure.task.TaskSchedulingProperties'
10:22:23.191 [Test worker] TRACE org.springframework.beans.factory.support.DefaultListableBeanFactory - Returning cached instance of singleton bean 'org.springframework.transaction.config.internalTransactionAdvisor'
10:22:23.192 [Test worker] TRACE org.springframework.beans.factory.support.DefaultListableBeanFactory - Returning cached instance of singleton bean 'org.springframework.transaction.config.internalTransactionAdvisor'
10:22:23.192 [Test worker] TRACE org.springframework.beans.factory.support.DefaultListableBeanFactory - Finished creating instance of bean 'taskSchedulerBuilder'
10:22:23.192 [Test worker] TRACE org.springframework.beans.factory.support.DefaultListableBeanFactory - Returning cached instance of singleton bean 'spring.task.scheduling-org.springframework.boot.autoconfigure.task.TaskSchedulingProperties'
10:22:23.192 [Test worker] DEBUG org.springframework.beans.factory.support.DefaultListableBeanFactory - Creating shared instance of singleton bean 'org.springframework.boot.autoconfigure.jdbc.DataSourceTransactionManagerAutoConfiguration$JdbcTransactionManagerConfiguration'
10:22:23.192 [Test worker] TRACE org.springframework.beans.factory.support.DefaultListableBeanFactory - Creating instance of bean 'org.springframework.boot.autoconfigure.jdbc.DataSourceTransactionManagerAutoConfiguration$JdbcTransactionManagerConfiguration'
10:22:23.192 [Test worker] TRACE org.springframework.beans.factory.support.DefaultListableBeanFactory - Returning cached instance of singleton bean 'org.springframework.transaction.config.internalTransactionAdvisor'
10:22:23.192 [Test worker] TRACE org.springframework.beans.factory.support.DefaultListableBeanFactory - Returning cached instance of singleton bean 'org.springframework.transaction.config.internalTransactionAdvisor'
10:22:23.193 [Test worker] TRACE org.springframework.beans.factory.support.DefaultListableBeanFactory - Returning cached instance of singleton bean 'org.springframework.transaction.config.internalTransactionAdvisor'
10:22:23.193 [Test worker] TRACE org.springframework.beans.factory.support.DefaultListableBeanFactory - Finished creating instance of bean 'org.springframework.boot.autoconfigure.jdbc.DataSourceTransactionManagerAutoConfiguration$JdbcTransactionManagerConfiguration'
10:22:23.193 [Test worker] DEBUG org.springframework.beans.factory.support.DefaultListableBeanFactory - Creating shared instance of singleton bean 'org.springframework.boot.autoconfigure.jdbc.DataSourceTransactionManagerAutoConfiguration'
10:22:23.193 [Test worker] TRACE org.springframework.beans.factory.support.DefaultListableBeanFactory - Creating instance of bean 'org.springframework.boot.autoconfigure.jdbc.DataSourceTransactionManagerAutoConfiguration'
10:22:23.193 [Test worker] TRACE org.springframework.beans.factory.support.DefaultListableBeanFactory - Returning cached instance of singleton bean 'org.springframework.transaction.config.internalTransactionAdvisor'
10:22:23.194 [Test worker] TRACE org.springframework.beans.factory.support.DefaultListableBeanFactory - Returning cached instance of singleton bean 'org.springframework.transaction.config.internalTransactionAdvisor'
10:22:23.194 [Test worker] TRACE org.springframework.beans.factory.support.DefaultListableBeanFactory - Returning cached instance of singleton bean 'org.springframework.transaction.config.internalTransactionAdvisor'
10:22:23.194 [Test worker] TRACE org.springframework.beans.factory.support.DefaultListableBeanFactory - Finished creating instance of bean 'org.springframework.boot.autoconfigure.jdbc.DataSourceTransactionManagerAutoConfiguration'
10:22:23.194 [Test worker] TRACE org.springframework.beans.factory.support.DefaultListableBeanFactory - Returning cached instance of singleton bean 'org.springframework.transaction.annotation.ProxyTransactionManagementConfiguration'
10:22:23.194 [Test worker] TRACE org.springframework.beans.factory.support.DefaultListableBeanFactory - Returning cached instance of singleton bean 'org.springframework.transaction.config.internalTransactionAdvisor'
10:22:23.194 [Test worker] TRACE org.springframework.beans.factory.support.DefaultListableBeanFactory - Returning cached instance of singleton bean 'transactionAttributeSource'
10:22:23.194 [Test worker] TRACE org.springframework.beans.factory.support.DefaultListableBeanFactory - Returning cached instance of singleton bean 'transactionInterceptor'
10:22:23.194 [Test worker] TRACE org.springframework.beans.factory.support.DefaultListableBeanFactory - Returning cached instance of singleton bean 'org.springframework.transaction.config.internalTransactionalEventListenerFactory'
10:22:23.194 [Test worker] DEBUG org.springframework.beans.factory.support.DefaultListableBeanFactory - Creating shared instance of singleton bean 'org.springframework.boot.autoconfigure.transaction.TransactionAutoConfiguration$EnableTransactionManagementConfiguration$CglibAutoProxyConfiguration'
10:22:23.194 [Test worker] TRACE org.springframework.beans.factory.support.DefaultListableBeanFactory - Creating instance of bean 'org.springframework.boot.autoconfigure.transaction.TransactionAutoConfiguration$EnableTransactionManagementConfiguration$CglibAutoProxyConfiguration'
10:22:23.194 [Test worker] TRACE org.springframework.beans.factory.support.DefaultListableBeanFactory - Returning cached instance of singleton bean 'org.springframework.transaction.config.internalTransactionAdvisor'
10:22:23.194 [Test worker] TRACE org.springframework.beans.factory.support.DefaultListableBeanFactory - Returning cached instance of singleton bean 'org.springframework.transaction.config.internalTransactionAdvisor'
10:22:23.194 [Test worker] TRACE org.springframework.beans.factory.support.DefaultListableBeanFactory - Returning cached instance of singleton bean 'org.springframework.transaction.config.internalTransactionAdvisor'
10:22:23.194 [Test worker] TRACE org.springframework.beans.factory.support.DefaultListableBeanFactory - Finished creating instance of bean 'org.springframework.boot.autoconfigure.transaction.TransactionAutoConfiguration$EnableTransactionManagementConfiguration$CglibAutoProxyConfiguration'
10:22:23.194 [Test worker] DEBUG org.springframework.beans.factory.support.DefaultListableBeanFactory - Creating shared instance of singleton bean 'org.springframework.boot.autoconfigure.transaction.TransactionAutoConfiguration$EnableTransactionManagementConfiguration'
10:22:23.194 [Test worker] TRACE org.springframework.beans.factory.support.DefaultListableBeanFactory - Creating instance of bean 'org.springframework.boot.autoconfigure.transaction.TransactionAutoConfiguration$EnableTransactionManagementConfiguration'
10:22:23.194 [Test worker] TRACE org.springframework.beans.factory.support.DefaultListableBeanFactory - Returning cached instance of singleton bean 'org.springframework.transaction.config.internalTransactionAdvisor'
10:22:23.194 [Test worker] TRACE org.springframework.beans.factory.support.DefaultListableBeanFactory - Returning cached instance of singleton bean 'org.springframework.transaction.config.internalTransactionAdvisor'
10:22:23.195 [Test worker] TRACE org.springframework.beans.factory.support.DefaultListableBeanFactory - Returning cached instance of singleton bean 'org.springframework.transaction.config.internalTransactionAdvisor'
10:22:23.195 [Test worker] TRACE org.springframework.beans.factory.support.DefaultListableBeanFactory - Finished creating instance of bean 'org.springframework.boot.autoconfigure.transaction.TransactionAutoConfiguration$EnableTransactionManagementConfiguration'
10:22:23.195 [Test worker] DEBUG org.springframework.beans.factory.support.DefaultListableBeanFactory - Creating shared instance of singleton bean 'org.springframework.boot.autoconfigure.transaction.TransactionAutoConfiguration$TransactionTemplateConfiguration'
10:22:23.195 [Test worker] TRACE org.springframework.beans.factory.support.DefaultListableBeanFactory - Creating instance of bean 'org.springframework.boot.autoconfigure.transaction.TransactionAutoConfiguration$TransactionTemplateConfiguration'
10:22:23.195 [Test worker] TRACE org.springframework.beans.factory.support.DefaultListableBeanFactory - Returning cached instance of singleton bean 'org.springframework.transaction.config.internalTransactionAdvisor'
10:22:23.195 [Test worker] TRACE org.springframework.beans.factory.support.DefaultListableBeanFactory - Returning cached instance of singleton bean 'org.springframework.transaction.config.internalTransactionAdvisor'
10:22:23.195 [Test worker] TRACE org.springframework.beans.factory.support.DefaultListableBeanFactory - Returning cached instance of singleton bean 'org.springframework.transaction.config.internalTransactionAdvisor'
10:22:23.195 [Test worker] TRACE org.springframework.beans.factory.support.DefaultListableBeanFactory - Finished creating instance of bean 'org.springframework.boot.autoconfigure.transaction.TransactionAutoConfiguration$TransactionTemplateConfiguration'
10:22:23.196 [Test worker] DEBUG org.springframework.beans.factory.support.DefaultListableBeanFactory - Creating shared instance of singleton bean 'transactionTemplate'
10:22:23.196 [Test worker] TRACE org.springframework.beans.factory.support.DefaultListableBeanFactory - Creating instance of bean 'transactionTemplate'
10:22:23.196 [Test worker] TRACE org.springframework.beans.factory.support.DefaultListableBeanFactory - Returning cached instance of singleton bean 'org.springframework.transaction.config.internalTransactionAdvisor'
10:22:23.196 [Test worker] TRACE org.springframework.beans.factory.support.DefaultListableBeanFactory - Returning cached instance of singleton bean 'org.springframework.boot.autoconfigure.transaction.TransactionAutoConfiguration$TransactionTemplateConfiguration'
10:22:23.197 [Test worker] TRACE org.springframework.beans.factory.support.DefaultListableBeanFactory - Returning cached instance of singleton bean 'transactionManager'
10:22:23.197 [Test worker] DEBUG org.springframework.beans.factory.support.DefaultListableBeanFactory - Autowiring by type from bean name 'transactionTemplate' via factory method to bean named 'transactionManager'
10:22:23.199 [Test worker] TRACE org.springframework.beans.factory.support.DefaultListableBeanFactory - Invoking afterPropertiesSet() on bean with name 'transactionTemplate'
10:22:23.199 [Test worker] TRACE org.springframework.beans.factory.support.DefaultListableBeanFactory - Returning cached instance of singleton bean 'org.springframework.transaction.config.internalTransactionAdvisor'
10:22:23.199 [Test worker] TRACE org.springframework.beans.factory.support.DefaultListableBeanFactory - Returning cached instance of singleton bean 'org.springframework.transaction.config.internalTransactionAdvisor'
10:22:23.200 [Test worker] TRACE org.springframework.beans.factory.support.DefaultListableBeanFactory - Finished creating instance of bean 'transactionTemplate'
10:22:23.200 [Test worker] TRACE org.springframework.beans.factory.support.DefaultListableBeanFactory - Returning cached instance of singleton bean 'org.springframework.boot.autoconfigure.transaction.TransactionAutoConfiguration'
10:22:23.200 [Test worker] TRACE org.springframework.beans.factory.support.DefaultListableBeanFactory - Returning cached instance of singleton bean 'platformTransactionManagerCustomizers'
10:22:23.200 [Test worker] TRACE org.springframework.beans.factory.support.DefaultListableBeanFactory - Returning cached instance of singleton bean 'spring.transaction-org.springframework.boot.autoconfigure.transaction.TransactionProperties'
10:22:23.200 [Test worker] DEBUG org.springframework.beans.factory.support.DefaultListableBeanFactory - Creating shared instance of singleton bean 'org.springframework.boot.autoconfigure.web.client.RestTemplateAutoConfiguration'
10:22:23.201 [Test worker] TRACE org.springframework.beans.factory.support.DefaultListableBeanFactory - Creating instance of bean 'org.springframework.boot.autoconfigure.web.client.RestTemplateAutoConfiguration'
10:22:23.201 [Test worker] TRACE org.springframework.beans.factory.support.DefaultListableBeanFactory - Returning cached instance of singleton bean 'org.springframework.transaction.config.internalTransactionAdvisor'
10:22:23.201 [Test worker] TRACE org.springframework.beans.factory.support.DefaultListableBeanFactory - Returning cached instance of singleton bean 'org.springframework.transaction.config.internalTransactionAdvisor'
10:22:23.202 [Test worker] TRACE org.springframework.beans.factory.support.DefaultListableBeanFactory - Returning cached instance of singleton bean 'org.springframework.transaction.config.internalTransactionAdvisor'
10:22:23.202 [Test worker] TRACE org.springframework.beans.factory.support.DefaultListableBeanFactory - Finished creating instance of bean 'org.springframework.boot.autoconfigure.web.client.RestTemplateAutoConfiguration'
10:22:23.202 [Test worker] TRACE org.springframework.beans.factory.support.DefaultListableBeanFactory - Returning cached instance of singleton bean 'org.springframework.boot.autoconfigure.web.servlet.HttpEncodingAutoConfiguration'
10:22:23.202 [Test worker] DEBUG org.springframework.beans.factory.support.DefaultListableBeanFactory - Creating shared instance of singleton bean 'characterEncodingFilter'
10:22:23.202 [Test worker] TRACE org.springframework.beans.factory.support.DefaultListableBeanFactory - Creating instance of bean 'characterEncodingFilter'
10:22:23.202 [Test worker] TRACE org.springframework.beans.factory.support.DefaultListableBeanFactory - Returning cached instance of singleton bean 'org.springframework.transaction.config.internalTransactionAdvisor'
10:22:23.202 [Test worker] TRACE org.springframework.beans.factory.support.DefaultListableBeanFactory - Returning cached instance of singleton bean 'org.springframework.boot.autoconfigure.web.servlet.HttpEncodingAutoConfiguration'
10:22:23.203 [Test worker] TRACE org.springframework.beans.factory.support.DefaultListableBeanFactory - Invoking afterPropertiesSet() on bean with name 'characterEncodingFilter'
10:22:23.203 [Test worker] TRACE org.springframework.beans.factory.support.DefaultListableBeanFactory - Returning cached instance of singleton bean 'org.springframework.transaction.config.internalTransactionAdvisor'
10:22:23.203 [Test worker] TRACE org.springframework.beans.factory.support.DefaultListableBeanFactory - Returning cached instance of singleton bean 'org.springframework.transaction.config.internalTransactionAdvisor'
10:22:23.205 [Test worker] TRACE org.springframework.beans.factory.support.DefaultListableBeanFactory - Finished creating instance of bean 'characterEncodingFilter'
10:22:23.205 [Test worker] TRACE org.springframework.beans.factory.support.DefaultListableBeanFactory - Returning cached instance of singleton bean 'localeCharsetMappingsCustomizer'
10:22:23.205 [Test worker] TRACE org.springframework.beans.factory.support.DefaultListableBeanFactory - Returning cached instance of singleton bean 'org.springframework.boot.autoconfigure.web.servlet.MultipartAutoConfiguration'
10:22:23.205 [Test worker] TRACE org.springframework.beans.factory.support.DefaultListableBeanFactory - Returning cached instance of singleton bean 'multipartConfigElement'
10:22:23.205 [Test worker] DEBUG org.springframework.beans.factory.support.DefaultListableBeanFactory - Creating shared instance of singleton bean 'multipartResolver'
10:22:23.205 [Test worker] TRACE org.springframework.beans.factory.support.DefaultListableBeanFactory - Creating instance of bean 'multipartResolver'
10:22:23.205 [Test worker] TRACE org.springframework.beans.factory.support.DefaultListableBeanFactory - Returning cached instance of singleton bean 'org.springframework.transaction.config.internalTransactionAdvisor'
10:22:23.206 [Test worker] TRACE org.springframework.beans.factory.support.DefaultListableBeanFactory - Returning cached instance of singleton bean 'org.springframework.boot.autoconfigure.web.servlet.MultipartAutoConfiguration'
10:22:23.207 [Test worker] TRACE org.springframework.beans.factory.support.DefaultListableBeanFactory - Returning cached instance of singleton bean 'org.springframework.transaction.config.internalTransactionAdvisor'
10:22:23.207 [Test worker] TRACE org.springframework.beans.factory.support.DefaultListableBeanFactory - Returning cached instance of singleton bean 'org.springframework.transaction.config.internalTransactionAdvisor'
10:22:23.207 [Test worker] TRACE org.springframework.beans.factory.support.DefaultListableBeanFactory - Finished creating instance of bean 'multipartResolver'
10:22:23.207 [Test worker] TRACE org.springframework.beans.factory.support.DefaultListableBeanFactory - Returning cached instance of singleton bean 'spring.servlet.multipart-org.springframework.boot.autoconfigure.web.servlet.MultipartProperties'
10:22:23.208 [Test worker] TRACE org.springframework.context.event.EventListenerMethodProcessor - No @EventListener annotations found on bean class: com.laundry.laundryMgmt.LaundryMgmtApplication$$SpringCGLIB$$0
10:22:23.209 [Test worker] TRACE org.springframework.context.event.EventListenerMethodProcessor - No @EventListener annotations found on bean class: com.laundry.laundryMgmt.LaundryMgmtApplicationConfig$$SpringCGLIB$$0
10:22:23.209 [Test worker] TRACE org.springframework.context.event.EventListenerMethodProcessor - No @EventListener annotations found on bean class: com.laundry.laundryMgmt.businessLogic.MachineImplementationService
10:22:23.209 [Test worker] TRACE org.springframework.context.event.EventListenerMethodProcessor - No @EventListener annotations found on bean class: com.laundry.laundryMgmt.businessLogic.MachinesServicesImplementation
10:22:23.209 [Test worker] TRACE org.springframework.context.event.EventListenerMethodProcessor - No @EventListener annotations found on bean class: com.laundry.laundryMgmt.config.SpringSecurityConfig$$SpringCGLIB$$0
10:22:23.209 [Test worker] TRACE org.springframework.context.event.EventListenerMethodProcessor - No @EventListener annotations found on bean class: com.laundry.laundryMgmt.controllers.MachineController
10:22:23.209 [Test worker] TRACE org.springframework.context.event.EventListenerMethodProcessor - No @EventListener annotations found on bean class: com.laundry.laundryMgmt.controllers.ReservationController
10:22:23.209 [Test worker] TRACE org.springframework.context.event.EventListenerMethodProcessor - No @EventListener annotations found on bean class: com.laundry.laundryMgmt.controllers.SecurityController
10:22:23.209 [Test worker] TRACE org.springframework.context.event.EventListenerMethodProcessor - No @EventListener annotations found on bean class: com.laundry.laundryMgmt.controllers.SensorController
10:22:23.209 [Test worker] TRACE org.springframework.context.event.EventListenerMethodProcessor - No @EventListener annotations found on bean class: com.laundry.laundryMgmt.LaundryMgmtApplicationConfig$$Lambda$1467/0x00007fe804996ad8
10:22:23.209 [Test worker] TRACE org.springframework.context.event.EventListenerMethodProcessor - No @EventListener annotations found on bean class: org.springframework.boot.autoconfigure.context.PropertyPlaceholderAutoConfiguration
10:22:23.209 [Test worker] TRACE org.springframework.context.event.EventListenerMethodProcessor - No @EventListener annotations found on bean class: org.springframework.boot.autoconfigure.ssl.SslAutoConfiguration
10:22:23.209 [Test worker] TRACE org.springframework.context.event.EventListenerMethodProcessor - No @EventListener annotations found on bean class: org.springframework.boot.autoconfigure.websocket.servlet.WebSocketServletAutoConfiguration$TomcatWebSocketConfiguration
10:22:23.209 [Test worker] TRACE org.springframework.context.event.EventListenerMethodProcessor - No @EventListener annotations found on bean class: org.springframework.boot.autoconfigure.websocket.servlet.WebSocketServletAutoConfiguration
10:22:23.209 [Test worker] TRACE org.springframework.context.event.EventListenerMethodProcessor - No @EventListener annotations found on bean class: org.springframework.boot.autoconfigure.web.servlet.ServletWebServerFactoryConfiguration$EmbeddedTomcat
10:22:23.210 [Test worker] TRACE org.springframework.context.event.EventListenerMethodProcessor - No @EventListener annotations found on bean class: org.springframework.boot.autoconfigure.web.servlet.ServletWebServerFactoryAutoConfiguration
10:22:23.210 [Test worker] TRACE org.springframework.context.event.EventListenerMethodProcessor - No @EventListener annotations found on bean class: org.springframework.boot.autoconfigure.web.servlet.DispatcherServletAutoConfiguration$DispatcherServletConfiguration
10:22:23.210 [Test worker] TRACE org.springframework.context.event.EventListenerMethodProcessor - No @EventListener annotations found on bean class: org.springframework.boot.autoconfigure.web.servlet.DispatcherServletAutoConfiguration$DispatcherServletRegistrationConfiguration
10:22:23.210 [Test worker] TRACE org.springframework.context.event.EventListenerMethodProcessor - No @EventListener annotations found on bean class: org.springframework.boot.autoconfigure.web.servlet.DispatcherServletAutoConfiguration
10:22:23.210 [Test worker] TRACE org.springframework.context.event.EventListenerMethodProcessor - No @EventListener annotations found on bean class: org.springframework.boot.autoconfigure.task.TaskExecutionAutoConfiguration
10:22:23.210 [Test worker] TRACE org.springframework.context.event.EventListenerMethodProcessor - No @EventListener annotations found on bean class: org.springframework.boot.autoconfigure.web.servlet.error.ErrorMvcAutoConfiguration$WhitelabelErrorViewConfiguration
10:22:23.210 [Test worker] TRACE org.springframework.context.event.EventListenerMethodProcessor - No @EventListener annotations found on bean class: org.springframework.boot.autoconfigure.web.servlet.error.ErrorMvcAutoConfiguration$DefaultErrorViewResolverConfiguration
10:22:23.210 [Test worker] TRACE org.springframework.context.event.EventListenerMethodProcessor - No @EventListener annotations found on bean class: org.springframework.boot.autoconfigure.web.servlet.error.ErrorMvcAutoConfiguration
10:22:23.210 [Test worker] TRACE org.springframework.context.event.EventListenerMethodProcessor - No @EventListener annotations found on bean class: org.springframework.boot.autoconfigure.web.servlet.error.BasicErrorController
10:22:23.210 [Test worker] TRACE org.springframework.context.event.EventListenerMethodProcessor - No @EventListener annotations found on bean class: org.springframework.boot.autoconfigure.web.servlet.WebMvcAutoConfiguration$EnableWebMvcConfiguration
10:22:23.210 [Test worker] TRACE org.springframework.context.event.EventListenerMethodProcessor - No @EventListener annotations found on bean class: org.springframework.boot.autoconfigure.web.servlet.WebMvcAutoConfiguration$WebMvcAutoConfigurationAdapter
10:22:23.211 [Test worker] TRACE org.springframework.context.event.EventListenerMethodProcessor - No @EventListener annotations found on bean class: org.springframework.boot.autoconfigure.web.servlet.WebMvcAutoConfiguration
10:22:23.211 [Test worker] TRACE org.springframework.context.event.EventListenerMethodProcessor - No @EventListener annotations found on bean class: org.springdoc.core.configuration.SpringDocConfiguration$QuerydslProvider
10:22:23.212 [Test worker] TRACE org.springframework.context.event.EventListenerMethodProcessor - No @EventListener annotations found on bean class: org.springdoc.core.customizers.QuerydslPredicateOperationCustomizer
10:22:23.213 [Test worker] TRACE org.springframework.context.event.EventListenerMethodProcessor - No @EventListener annotations found on bean class: org.springdoc.core.configuration.SpringDocConfiguration$OpenApiResourceAdvice
10:22:23.213 [Test worker] TRACE org.springframework.context.event.EventListenerMethodProcessor - No @EventListener annotations found on bean class: org.springdoc.core.configuration.SpringDocConfiguration$SpringDocSpringDataWebPropertiesProvider
10:22:23.213 [Test worker] TRACE org.springframework.context.event.EventListenerMethodProcessor - No @EventListener annotations found on bean class: org.springdoc.core.providers.SpringDataWebPropertiesProvider
10:22:23.213 [Test worker] TRACE org.springframework.context.event.EventListenerMethodProcessor - No @EventListener annotations found on bean class: org.springdoc.core.configuration.SpringDocConfiguration$WebConversionServiceConfiguration
10:22:23.213 [Test worker] TRACE org.springframework.context.event.EventListenerMethodProcessor - No @EventListener annotations found on bean class: org.springdoc.core.providers.WebConversionServiceProvider
10:22:23.213 [Test worker] TRACE org.springframework.context.event.EventListenerMethodProcessor - No @EventListener annotations found on bean class: org.springdoc.core.configuration.SpringDocConfiguration
10:22:23.213 [Test worker] TRACE org.springframework.context.event.EventListenerMethodProcessor - No @EventListener annotations found on bean class: org.springdoc.core.discoverer.SpringDocParameterNameDiscoverer
10:22:23.213 [Test worker] TRACE org.springframework.context.event.EventListenerMethodProcessor - No @EventListener annotations found on bean class: org.springdoc.core.converters.AdditionalModelsConverter
10:22:23.213 [Test worker] TRACE org.springframework.context.event.EventListenerMethodProcessor - No @EventListener annotations found on bean class: org.springdoc.core.converters.FileSupportConverter
10:22:23.213 [Test worker] TRACE org.springframework.context.event.EventListenerMethodProcessor - No @EventListener annotations found on bean class: org.springdoc.core.converters.ResponseSupportConverter
10:22:23.213 [Test worker] TRACE org.springframework.context.event.EventListenerMethodProcessor - No @EventListener annotations found on bean class: org.springdoc.core.converters.SchemaPropertyDeprecatingConverter
10:22:23.213 [Test worker] TRACE org.springframework.context.event.EventListenerMethodProcessor - No @EventListener annotations found on bean class: org.springdoc.core.converters.PolymorphicModelConverter
10:22:23.213 [Test worker] TRACE org.springframework.context.event.EventListenerMethodProcessor - No @EventListener annotations found on bean class: org.springdoc.core.service.OpenAPIService
10:22:23.213 [Test worker] TRACE org.springframework.context.event.EventListenerMethodProcessor - No @EventListener annotations found on bean class: org.springdoc.core.converters.ModelConverterRegistrar
10:22:23.214 [Test worker] TRACE org.springframework.context.event.EventListenerMethodProcessor - No @EventListener annotations found on bean class: org.springdoc.core.service.OperationService
10:22:23.214 [Test worker] TRACE org.springframework.context.event.EventListenerMethodProcessor - No @EventListener annotations found on bean class: org.springdoc.core.utils.PropertyResolverUtils
10:22:23.214 [Test worker] TRACE org.springframework.context.event.EventListenerMethodProcessor - No @EventListener annotations found on bean class: org.springdoc.core.service.RequestBodyService
10:22:23.214 [Test worker] TRACE org.springframework.context.event.EventListenerMethodProcessor - No @EventListener annotations found on bean class: org.springdoc.core.service.SecurityService
10:22:23.214 [Test worker] TRACE org.springframework.context.event.EventListenerMethodProcessor - No @EventListener annotations found on bean class: org.springdoc.core.configuration.SpringDocConfiguration$1
10:22:23.214 [Test worker] TRACE org.springframework.context.event.EventListenerMethodProcessor - No @EventListener annotations found on bean class: org.springdoc.core.service.GenericParameterService
10:22:23.214 [Test worker] TRACE org.springframework.context.event.EventListenerMethodProcessor - No @EventListener annotations found on bean class: org.springdoc.core.providers.SpringDocProviders
10:22:23.214 [Test worker] TRACE org.springframework.context.event.EventListenerMethodProcessor - No @EventListener annotations found on bean class: org.springdoc.core.providers.ObjectMapperProvider
10:22:23.214 [Test worker] TRACE org.springframework.context.event.EventListenerMethodProcessor - No @EventListener annotations found on bean class: org.springdoc.core.customizers.SpringDocCustomizers
10:22:23.214 [Test worker] TRACE org.springframework.context.event.EventListenerMethodProcessor - No @EventListener annotations found on bean class: org.springdoc.core.configuration.SpringDocPageableConfiguration
10:22:23.214 [Test worker] TRACE org.springframework.context.event.EventListenerMethodProcessor - No @EventListener annotations found on bean class: org.springdoc.core.converters.PageableOpenAPIConverter
10:22:23.215 [Test worker] TRACE org.springframework.context.event.EventListenerMethodProcessor - No @EventListener annotations found on bean class: org.springdoc.core.customizers.DataRestDelegatingMethodParameterCustomizer
10:22:23.215 [Test worker] TRACE org.springframework.context.event.EventListenerMethodProcessor - No @EventListener annotations found on bean class: org.springdoc.core.configuration.SpringDocSecurityConfiguration$SpringSecurityLoginEndpointConfiguration
10:22:23.215 [Test worker] TRACE org.springframework.context.event.EventListenerMethodProcessor - No @EventListener annotations found on bean class: org.springdoc.core.configuration.SpringDocSecurityConfiguration
10:22:23.215 [Test worker] TRACE org.springframework.context.event.EventListenerMethodProcessor - No @EventListener annotations found on bean class: org.springdoc.core.configuration.SpringDocSortConfiguration
10:22:23.215 [Test worker] TRACE org.springframework.context.event.EventListenerMethodProcessor - No @EventListener annotations found on bean class: org.springdoc.core.converters.SortOpenAPIConverter
10:22:23.216 [Test worker] TRACE org.springframework.context.event.EventListenerMethodProcessor - No @EventListener annotations found on bean class: org.springdoc.core.configuration.SpringDocUIConfiguration
10:22:23.216 [Test worker] TRACE org.springframework.context.event.EventListenerMethodProcessor - No @EventListener annotations found on bean class: org.springdoc.core.properties.SpringDocConfigProperties
10:22:23.216 [Test worker] TRACE org.springframework.context.event.EventListenerMethodProcessor - No @EventListener annotations found on bean class: org.springdoc.core.properties.SwaggerUiConfigParameters
10:22:23.216 [Test worker] TRACE org.springframework.context.event.EventListenerMethodProcessor - No @EventListener annotations found on bean class: org.springdoc.core.properties.SwaggerUiConfigProperties
10:22:23.216 [Test worker] TRACE org.springframework.context.event.EventListenerMethodProcessor - No @EventListener annotations found on bean class: org.springdoc.core.properties.SwaggerUiOAuthProperties
10:22:23.218 [Test worker] TRACE org.springframework.context.event.EventListenerMethodProcessor - No @EventListener annotations found on bean class: org.springdoc.webmvc.core.configuration.SpringDocWebMvcConfiguration$SpringDocWebMvcRouterConfiguration
10:22:23.218 [Test worker] TRACE org.springframework.context.event.EventListenerMethodProcessor - No @EventListener annotations found on bean class: org.springdoc.webmvc.core.providers.RouterFunctionWebMvcProvider
10:22:23.218 [Test worker] TRACE org.springframework.context.event.EventListenerMethodProcessor - No @EventListener annotations found on bean class: org.springdoc.webmvc.core.configuration.SpringDocWebMvcConfiguration
10:22:23.219 [Test worker] TRACE org.springframework.context.event.EventListenerMethodProcessor - No @EventListener annotations found on bean class: org.springdoc.webmvc.api.OpenApiWebMvcResource
10:22:23.219 [Test worker] TRACE org.springframework.context.event.EventListenerMethodProcessor - No @EventListener annotations found on bean class: org.springdoc.webmvc.core.service.RequestService
10:22:23.219 [Test worker] TRACE org.springframework.context.event.EventListenerMethodProcessor - No @EventListener annotations found on bean class: org.springdoc.webmvc.core.providers.SpringWebMvcProvider
10:22:23.219 [Test worker] TRACE org.springframework.context.event.EventListenerMethodProcessor - No @EventListener annotations found on bean class: org.springdoc.core.service.GenericResponseService
10:22:23.219 [Test worker] TRACE org.springframework.context.event.EventListenerMethodProcessor - No @EventListener annotations found on bean class: org.springdoc.webmvc.ui.SwaggerConfig
10:22:23.219 [Test worker] TRACE org.springframework.context.event.EventListenerMethodProcessor - No @EventListener annotations found on bean class: org.springdoc.webmvc.ui.SwaggerWelcomeWebMvc
10:22:23.219 [Test worker] TRACE org.springframework.context.event.EventListenerMethodProcessor - No @EventListener annotations found on bean class: org.springdoc.webmvc.ui.SwaggerConfigResource
10:22:23.219 [Test worker] TRACE org.springframework.context.event.EventListenerMethodProcessor - No @EventListener annotations found on bean class: org.springdoc.webmvc.ui.SwaggerIndexPageTransformer
10:22:23.219 [Test worker] TRACE org.springframework.context.event.EventListenerMethodProcessor - No @EventListener annotations found on bean class: org.springdoc.webmvc.ui.SwaggerWebMvcConfigurer
10:22:23.220 [Test worker] TRACE org.springframework.context.event.EventListenerMethodProcessor - No @EventListener annotations found on bean class: org.springdoc.webmvc.ui.SwaggerResourceResolver
10:22:23.220 [Test worker] TRACE org.springframework.context.event.EventListenerMethodProcessor - No @EventListener annotations found on bean class: org.springframework.boot.autoconfigure.aop.AopAutoConfiguration$AspectJAutoProxyingConfiguration$CglibAutoProxyConfiguration
10:22:23.220 [Test worker] TRACE org.springframework.context.event.EventListenerMethodProcessor - No @EventListener annotations found on bean class: org.springframework.boot.autoconfigure.aop.AopAutoConfiguration$AspectJAutoProxyingConfiguration
10:22:23.220 [Test worker] TRACE org.springframework.context.event.EventListenerMethodProcessor - No @EventListener annotations found on bean class: org.springframework.boot.autoconfigure.aop.AopAutoConfiguration
10:22:23.220 [Test worker] TRACE org.springframework.context.event.EventListenerMethodProcessor - No @EventListener annotations found on bean class: org.springframework.boot.autoconfigure.availability.ApplicationAvailabilityAutoConfiguration
10:22:23.220 [Test worker] TRACE org.springframework.context.event.EventListenerMethodProcessor - No @EventListener annotations found on bean class: org.springframework.boot.autoconfigure.jackson.JacksonAutoConfiguration$Jackson2ObjectMapperBuilderCustomizerConfiguration
10:22:23.220 [Test worker] TRACE org.springframework.context.event.EventListenerMethodProcessor - No @EventListener annotations found on bean class: org.springframework.boot.autoconfigure.jackson.JacksonAutoConfiguration$JacksonObjectMapperBuilderConfiguration
10:22:23.220 [Test worker] TRACE org.springframework.context.event.EventListenerMethodProcessor - No @EventListener annotations found on bean class: org.springframework.boot.autoconfigure.jackson.JacksonAutoConfiguration$ParameterNamesModuleConfiguration
10:22:23.220 [Test worker] TRACE org.springframework.context.event.EventListenerMethodProcessor - No @EventListener annotations found on bean class: com.fasterxml.jackson.module.paramnames.ParameterNamesModule
10:22:23.220 [Test worker] TRACE org.springframework.context.event.EventListenerMethodProcessor - No @EventListener annotations found on bean class: org.springframework.boot.autoconfigure.jackson.JacksonAutoConfiguration$JacksonObjectMapperConfiguration
10:22:23.220 [Test worker] TRACE org.springframework.context.event.EventListenerMethodProcessor - No @EventListener annotations found on bean class: com.fasterxml.jackson.databind.ObjectMapper
10:22:23.220 [Test worker] TRACE org.springframework.context.event.EventListenerMethodProcessor - No @EventListener annotations found on bean class: org.springframework.boot.autoconfigure.jackson.JacksonAutoConfiguration$JacksonMixinConfiguration
10:22:23.221 [Test worker] TRACE org.springframework.context.event.EventListenerMethodProcessor - No @EventListener annotations found on bean class: org.springframework.boot.autoconfigure.jackson.JacksonAutoConfiguration
10:22:23.221 [Test worker] TRACE org.springframework.context.event.EventListenerMethodProcessor - No @EventListener annotations found on bean class: org.springframework.boot.autoconfigure.transaction.jta.JtaAutoConfiguration
10:22:23.221 [Test worker] TRACE org.springframework.context.event.EventListenerMethodProcessor - No @EventListener annotations found on bean class: org.springframework.boot.autoconfigure.jdbc.DataSourceConfiguration$Hikari
10:22:23.221 [Test worker] TRACE org.springframework.context.event.EventListenerMethodProcessor - No @EventListener annotations found on bean class: com.zaxxer.hikari.HikariDataSource
10:22:23.221 [Test worker] TRACE org.springframework.context.event.EventListenerMethodProcessor - No @EventListener annotations found on bean class: org.springframework.boot.autoconfigure.jdbc.DataSourceAutoConfiguration$PooledDataSourceConfiguration
10:22:23.221 [Test worker] TRACE org.springframework.context.event.EventListenerMethodProcessor - No @EventListener annotations found on bean class: org.springframework.boot.autoconfigure.jdbc.metadata.DataSourcePoolMetadataProvidersConfiguration$HikariPoolDataSourceMetadataProviderConfiguration
10:22:23.221 [Test worker] TRACE org.springframework.context.event.EventListenerMethodProcessor - No @EventListener annotations found on bean class: org.springframework.boot.autoconfigure.jdbc.metadata.DataSourcePoolMetadataProvidersConfiguration
10:22:23.221 [Test worker] TRACE org.springframework.context.event.EventListenerMethodProcessor - No @EventListener annotations found on bean class: org.springframework.boot.autoconfigure.jdbc.DataSourceAutoConfiguration
10:22:23.222 [Test worker] TRACE org.springframework.context.event.EventListenerMethodProcessor - No @EventListener annotations found on bean class: org.springframework.boot.autoconfigure.orm.jpa.JpaBaseConfiguration$JpaWebConfiguration
10:22:23.222 [Test worker] TRACE org.springframework.context.event.EventListenerMethodProcessor - No @EventListener annotations found on bean class: org.springframework.boot.autoconfigure.orm.jpa.JpaBaseConfiguration$PersistenceManagedTypesConfiguration
10:22:23.222 [Test worker] TRACE org.springframework.context.event.EventListenerMethodProcessor - No @EventListener annotations found on bean class: org.springframework.boot.autoconfigure.orm.jpa.HibernateJpaConfiguration
10:22:23.222 [Test worker] TRACE org.springframework.context.event.EventListenerMethodProcessor - No @EventListener annotations found on bean class: jdk.proxy3.$Proxy139
10:22:23.222 [Test worker] TRACE org.springframework.context.event.EventListenerMethodProcessor - No @EventListener annotations found on bean class: org.springframework.boot.autoconfigure.orm.jpa.HibernateJpaAutoConfiguration
10:22:23.222 [Test worker] TRACE org.springframework.context.event.EventListenerMethodProcessor - No @EventListener annotations found on bean class: org.springframework.boot.autoconfigure.context.ConfigurationPropertiesAutoConfiguration
10:22:23.222 [Test worker] TRACE org.springframework.context.event.EventListenerMethodProcessor - No @EventListener annotations found on bean class: org.springframework.boot.autoconfigure.context.LifecycleAutoConfiguration
10:22:23.222 [Test worker] TRACE org.springframework.context.event.EventListenerMethodProcessor - No @EventListener annotations found on bean class: org.springframework.boot.autoconfigure.dao.PersistenceExceptionTranslationAutoConfiguration
10:22:23.222 [Test worker] TRACE org.springframework.context.event.EventListenerMethodProcessor - No @EventListener annotations found on bean class: org.springframework.boot.autoconfigure.data.jpa.JpaRepositoriesAutoConfiguration
10:22:23.222 [Test worker] TRACE org.springframework.context.event.EventListenerMethodProcessor - No @EventListener annotations found on bean class: jdk.proxy3.$Proxy146
10:22:23.223 [Test worker] TRACE org.springframework.context.event.EventListenerMethodProcessor - No @EventListener annotations found on bean class: com.laundry.laundryMgmt.dao.SensorDao
10:22:23.223 [Test worker] TRACE org.springframework.context.event.EventListenerMethodProcessor - No @EventListener annotations found on bean class: com.laundry.laundryMgmt.dao.ReservationDao
10:22:23.223 [Test worker] TRACE org.springframework.context.event.EventListenerMethodProcessor - No @EventListener annotations found on bean class: com.laundry.laundryMgmt.dao.MachineDao
10:22:23.223 [Test worker] TRACE org.springframework.context.event.EventListenerMethodProcessor - No @EventListener annotations found on bean class: org.springframework.boot.autoconfigure.http.HttpMessageConvertersAutoConfiguration$StringHttpMessageConverterConfiguration
10:22:23.223 [Test worker] TRACE org.springframework.context.event.EventListenerMethodProcessor - No @EventListener annotations found on bean class: org.springframework.boot.autoconfigure.http.JacksonHttpMessageConvertersConfiguration$MappingJackson2HttpMessageConverterConfiguration
10:22:23.223 [Test worker] TRACE org.springframework.context.event.EventListenerMethodProcessor - No @EventListener annotations found on bean class: org.springframework.boot.autoconfigure.http.JacksonHttpMessageConvertersConfiguration
10:22:23.223 [Test worker] TRACE org.springframework.context.event.EventListenerMethodProcessor - No @EventListener annotations found on bean class: org.springframework.boot.autoconfigure.http.HttpMessageConvertersAutoConfiguration
10:22:23.223 [Test worker] TRACE org.springframework.context.event.EventListenerMethodProcessor - No @EventListener annotations found on bean class: org.springframework.data.web.config.ProjectingArgumentResolverRegistrar
10:22:23.233 [Test worker] TRACE org.springframework.context.event.EventListenerMethodProcessor - No @EventListener annotations found on bean class: org.springframework.data.web.config.SpringDataWebConfiguration
10:22:23.233 [Test worker] TRACE org.springframework.context.event.EventListenerMethodProcessor - No @EventListener annotations found on bean class: org.springframework.boot.autoconfigure.data.web.SpringDataWebAutoConfiguration
10:22:23.234 [Test worker] TRACE org.springframework.context.event.EventListenerMethodProcessor - No @EventListener annotations found on bean class: org.springframework.boot.autoconfigure.h2.H2ConsoleAutoConfiguration
10:22:23.234 [Test worker] TRACE org.springframework.context.event.EventListenerMethodProcessor - No @EventListener annotations found on bean class: org.springframework.boot.autoconfigure.info.ProjectInfoAutoConfiguration
10:22:23.234 [Test worker] TRACE org.springframework.context.event.EventListenerMethodProcessor - No @EventListener annotations found on bean class: org.springframework.boot.autoconfigure.jdbc.JdbcTemplateConfiguration
10:22:23.234 [Test worker] TRACE org.springframework.context.event.EventListenerMethodProcessor - No @EventListener annotations found on bean class: org.springframework.boot.autoconfigure.jdbc.NamedParameterJdbcTemplateConfiguration
10:22:23.234 [Test worker] TRACE org.springframework.context.event.EventListenerMethodProcessor - No @EventListener annotations found on bean class: org.springframework.boot.autoconfigure.jdbc.JdbcTemplateAutoConfiguration
10:22:23.235 [Test worker] TRACE org.springframework.context.event.EventListenerMethodProcessor - No @EventListener annotations found on bean class: org.springframework.security.config.annotation.configuration.ObjectPostProcessorConfiguration
10:22:23.235 [Test worker] TRACE org.springframework.context.event.EventListenerMethodProcessor - No @EventListener annotations found on bean class: org.springframework.security.config.annotation.authentication.configuration.AuthenticationConfiguration
10:22:23.235 [Test worker] TRACE org.springframework.context.event.EventListenerMethodProcessor - No @EventListener annotations found on bean class: org.springframework.security.config.annotation.web.configuration.WebSecurityConfiguration
10:22:23.236 [Test worker] TRACE org.springframework.context.event.EventListenerMethodProcessor - No @EventListener annotations found on bean class: org.springframework.security.config.annotation.web.configuration.HttpSecurityConfiguration
10:22:23.236 [Test worker] TRACE org.springframework.context.event.EventListenerMethodProcessor - No @EventListener annotations found on bean class: org.springframework.boot.autoconfigure.security.servlet.SpringBootWebSecurityConfiguration$WebSecurityEnablerConfiguration
10:22:23.236 [Test worker] TRACE org.springframework.context.event.EventListenerMethodProcessor - No @EventListener annotations found on bean class: org.springframework.boot.autoconfigure.security.servlet.SpringBootWebSecurityConfiguration
10:22:23.236 [Test worker] TRACE org.springframework.context.event.EventListenerMethodProcessor - No @EventListener annotations found on bean class: org.springframework.boot.autoconfigure.security.servlet.SecurityAutoConfiguration
10:22:23.236 [Test worker] TRACE org.springframework.context.event.EventListenerMethodProcessor - No @EventListener annotations found on bean class: org.springframework.boot.autoconfigure.security.servlet.SecurityFilterAutoConfiguration
10:22:23.236 [Test worker] TRACE org.springframework.context.event.EventListenerMethodProcessor - No @EventListener annotations found on bean class: org.springframework.boot.autoconfigure.sql.init.DataSourceInitializationConfiguration
10:22:23.236 [Test worker] TRACE org.springframework.context.event.EventListenerMethodProcessor - No @EventListener annotations found on bean class: org.springframework.boot.autoconfigure.sql.init.SqlInitializationAutoConfiguration
10:22:23.236 [Test worker] TRACE org.springframework.context.event.EventListenerMethodProcessor - No @EventListener annotations found on bean class: org.springframework.boot.autoconfigure.task.TaskSchedulingAutoConfiguration
10:22:23.236 [Test worker] TRACE org.springframework.context.event.EventListenerMethodProcessor - No @EventListener annotations found on bean class: org.springframework.boot.autoconfigure.jdbc.DataSourceTransactionManagerAutoConfiguration$JdbcTransactionManagerConfiguration
10:22:23.236 [Test worker] TRACE org.springframework.context.event.EventListenerMethodProcessor - No @EventListener annotations found on bean class: org.springframework.boot.autoconfigure.jdbc.DataSourceTransactionManagerAutoConfiguration
10:22:23.236 [Test worker] TRACE org.springframework.context.event.EventListenerMethodProcessor - No @EventListener annotations found on bean class: org.springframework.transaction.annotation.ProxyTransactionManagementConfiguration
10:22:23.236 [Test worker] TRACE org.springframework.context.event.EventListenerMethodProcessor - No @EventListener annotations found on bean class: org.springframework.boot.autoconfigure.transaction.TransactionAutoConfiguration$EnableTransactionManagementConfiguration$CglibAutoProxyConfiguration
10:22:23.237 [Test worker] TRACE org.springframework.context.event.EventListenerMethodProcessor - No @EventListener annotations found on bean class: org.springframework.boot.autoconfigure.transaction.TransactionAutoConfiguration$EnableTransactionManagementConfiguration
10:22:23.237 [Test worker] TRACE org.springframework.context.event.EventListenerMethodProcessor - No @EventListener annotations found on bean class: org.springframework.boot.autoconfigure.transaction.TransactionAutoConfiguration$TransactionTemplateConfiguration
10:22:23.237 [Test worker] TRACE org.springframework.context.event.EventListenerMethodProcessor - No @EventListener annotations found on bean class: org.springframework.boot.autoconfigure.transaction.TransactionAutoConfiguration
10:22:23.237 [Test worker] TRACE org.springframework.context.event.EventListenerMethodProcessor - No @EventListener annotations found on bean class: org.springframework.boot.autoconfigure.web.client.RestTemplateAutoConfiguration
10:22:23.237 [Test worker] TRACE org.springframework.context.event.EventListenerMethodProcessor - No @EventListener annotations found on bean class: org.springframework.boot.autoconfigure.web.servlet.HttpEncodingAutoConfiguration
10:22:23.237 [Test worker] TRACE org.springframework.context.event.EventListenerMethodProcessor - No @EventListener annotations found on bean class: org.springframework.boot.autoconfigure.web.servlet.MultipartAutoConfiguration
10:22:23.237 [Test worker] TRACE org.springframework.context.event.EventListenerMethodProcessor - No @EventListener annotations found on bean class: jakarta.servlet.MultipartConfigElement
10:22:23.237 [Test worker] TRACE org.springframework.context.event.EventListenerMethodProcessor - No @EventListener annotations found on bean class: jakarta.persistence.EntityManager
10:22:23.238 [Test worker] TRACE org.springframework.beans.factory.support.DefaultListableBeanFactory - Returning cached instance of singleton bean 'lifecycleProcessor'
10:22:23.238 [Test worker] TRACE org.springframework.web.context.support.GenericWebApplicationContext - Using LifecycleProcessor [org.springframework.context.support.DefaultLifecycleProcessor@7db53694]
10:22:23.239 [Test worker] TRACE org.springframework.beans.factory.support.DefaultListableBeanFactory - Returning cached instance of singleton bean 'lifecycleProcessor'
10:22:23.240 [Test worker] TRACE org.springframework.beans.factory.support.DefaultListableBeanFactory - Returning cached instance of singleton bean 'springBootLoggingLifecycle'
10:22:23.244 [Test worker] DEBUG org.springframework.context.support.DefaultLifecycleProcessor - Starting beans in phase -2147483647
10:22:23.245 [Test worker] TRACE org.springframework.context.support.DefaultLifecycleProcessor - Starting bean 'springBootLoggingLifecycle' of type [org.springframework.boot.context.logging.LoggingApplicationListener$Lifecycle]
10:22:23.245 [Test worker] DEBUG org.springframework.context.support.DefaultLifecycleProcessor - Successfully started bean 'springBootLoggingLifecycle'
10:22:23.246 [Test worker] TRACE org.springframework.beans.factory.support.DefaultListableBeanFactory - Returning cached instance of singleton bean 'org.springframework.boot.autoconfigure.internalCachingMetadataReaderFactory'
10:22:23.246 [Test worker] TRACE org.springframework.beans.factory.support.DefaultListableBeanFactory - Returning cached instance of singleton bean 'mvcResourceUrlProvider'
10:22:23.247 [Test worker] TRACE org.springframework.beans.factory.support.DefaultListableBeanFactory - Returning cached instance of singleton bean 'delegatingApplicationListener'
10:22:23.266 [Test worker] DEBUG org.springframework.boot.autoconfigure.logging.ConditionEvaluationReportLogger - 


============================
CONDITIONS EVALUATION REPORT
============================


Positive matches:
-----------------

   AopAutoConfiguration matched:
      - @ConditionalOnProperty (spring.aop.auto=true) matched (OnPropertyCondition)

   AopAutoConfiguration.AspectJAutoProxyingConfiguration matched:
      - @ConditionalOnClass found required class 'org.aspectj.weaver.Advice' (OnClassCondition)

   AopAutoConfiguration.AspectJAutoProxyingConfiguration.CglibAutoProxyConfiguration matched:
      - @ConditionalOnProperty (spring.aop.proxy-target-class=true) matched (OnPropertyCondition)

   ApplicationAvailabilityAutoConfiguration#applicationAvailability matched:
      - @ConditionalOnMissingBean (types: org.springframework.boot.availability.ApplicationAvailability; SearchStrategy: all) did not find any beans (OnBeanCondition)

   DataSourceAutoConfiguration matched:
      - @ConditionalOnClass found required classes 'javax.sql.DataSource', 'org.springframework.jdbc.datasource.embedded.EmbeddedDatabaseType' (OnClassCondition)
      - @ConditionalOnMissingBean (types: io.r2dbc.spi.ConnectionFactory; SearchStrategy: all) did not find any beans (OnBeanCondition)

   DataSourceAutoConfiguration.PooledDataSourceConfiguration matched:
      - AnyNestedCondition 1 matched 1 did not; NestedCondition on DataSourceAutoConfiguration.PooledDataSourceCondition.PooledDataSourceAvailable PooledDataSource found supported DataSource; NestedCondition on DataSourceAutoConfiguration.PooledDataSourceCondition.ExplicitType @ConditionalOnProperty (spring.datasource.type) did not find property 'type' (DataSourceAutoConfiguration.PooledDataSourceCondition)
      - @ConditionalOnMissingBean (types: javax.sql.DataSource,javax.sql.XADataSource; SearchStrategy: all) did not find any beans (OnBeanCondition)

   DataSourceAutoConfiguration.PooledDataSourceConfiguration#jdbcConnectionDetails matched:
      - @ConditionalOnMissingBean (types: org.springframework.boot.autoconfigure.jdbc.JdbcConnectionDetails; SearchStrategy: all) did not find any beans (OnBeanCondition)

   DataSourceConfiguration.Hikari matched:
      - @ConditionalOnClass found required class 'com.zaxxer.hikari.HikariDataSource' (OnClassCondition)
      - @ConditionalOnProperty (spring.datasource.type=com.zaxxer.hikari.HikariDataSource) matched (OnPropertyCondition)
      - @ConditionalOnMissingBean (types: javax.sql.DataSource; SearchStrategy: all) did not find any beans (OnBeanCondition)

   DataSourceInitializationConfiguration matched:
      - @ConditionalOnClass found required class 'org.springframework.jdbc.datasource.init.DatabasePopulator' (OnClassCondition)
      - @ConditionalOnSingleCandidate (types: javax.sql.DataSource; SearchStrategy: all) found a single bean 'dataSource'; @ConditionalOnMissingBean (types: org.springframework.boot.autoconfigure.sql.init.SqlDataSourceScriptDatabaseInitializer,org.springframework.boot.autoconfigure.sql.init.SqlR2dbcScriptDatabaseInitializer; SearchStrategy: all) did not find any beans (OnBeanCondition)

   DataSourcePoolMetadataProvidersConfiguration.HikariPoolDataSourceMetadataProviderConfiguration matched:
      - @ConditionalOnClass found required class 'com.zaxxer.hikari.HikariDataSource' (OnClassCondition)

   DataSourceTransactionManagerAutoConfiguration matched:
      - @ConditionalOnClass found required classes 'org.springframework.jdbc.core.JdbcTemplate', 'org.springframework.transaction.TransactionManager' (OnClassCondition)

   DataSourceTransactionManagerAutoConfiguration.JdbcTransactionManagerConfiguration matched:
      - @ConditionalOnSingleCandidate (types: javax.sql.DataSource; SearchStrategy: all) found a single bean 'dataSource' (OnBeanCondition)

   DispatcherServletAutoConfiguration matched:
      - @ConditionalOnClass found required class 'org.springframework.web.servlet.DispatcherServlet' (OnClassCondition)
      - found 'session' scope (OnWebApplicationCondition)

   DispatcherServletAutoConfiguration.DispatcherServletConfiguration matched:
      - @ConditionalOnClass found required class 'jakarta.servlet.ServletRegistration' (OnClassCondition)
      - Default DispatcherServlet did not find dispatcher servlet beans (DispatcherServletAutoConfiguration.DefaultDispatcherServletCondition)

   DispatcherServletAutoConfiguration.DispatcherServletRegistrationConfiguration matched:
      - @ConditionalOnClass found required class 'jakarta.servlet.ServletRegistration' (OnClassCondition)
      - DispatcherServlet Registration did not find servlet registration bean (DispatcherServletAutoConfiguration.DispatcherServletRegistrationCondition)

   DispatcherServletAutoConfiguration.DispatcherServletRegistrationConfiguration#dispatcherServletRegistration matched:
      - @ConditionalOnBean (names: dispatcherServlet types: org.springframework.web.servlet.DispatcherServlet; SearchStrategy: all) found bean 'dispatcherServlet' (OnBeanCondition)

   ErrorMvcAutoConfiguration matched:
      - @ConditionalOnClass found required classes 'jakarta.servlet.Servlet', 'org.springframework.web.servlet.DispatcherServlet' (OnClassCondition)
      - found 'session' scope (OnWebApplicationCondition)

   ErrorMvcAutoConfiguration#basicErrorController matched:
      - @ConditionalOnMissingBean (types: org.springframework.boot.web.servlet.error.ErrorController; SearchStrategy: current) did not find any beans (OnBeanCondition)

   ErrorMvcAutoConfiguration#errorAttributes matched:
      - @ConditionalOnMissingBean (types: org.springframework.boot.web.servlet.error.ErrorAttributes; SearchStrategy: current) did not find any beans (OnBeanCondition)

   ErrorMvcAutoConfiguration.DefaultErrorViewResolverConfiguration#conventionErrorViewResolver matched:
      - @ConditionalOnBean (types: org.springframework.web.servlet.DispatcherServlet; SearchStrategy: all) found bean 'dispatcherServlet'; @ConditionalOnMissingBean (types: org.springframework.boot.autoconfigure.web.servlet.error.ErrorViewResolver; SearchStrategy: all) did not find any beans (OnBeanCondition)

   ErrorMvcAutoConfiguration.WhitelabelErrorViewConfiguration matched:
      - @ConditionalOnProperty (server.error.whitelabel.enabled) matched (OnPropertyCondition)
      - ErrorTemplate Missing did not find error template view (ErrorMvcAutoConfiguration.ErrorTemplateMissingCondition)

   ErrorMvcAutoConfiguration.WhitelabelErrorViewConfiguration#beanNameViewResolver matched:
      - @ConditionalOnMissingBean (types: org.springframework.web.servlet.view.BeanNameViewResolver; SearchStrategy: all) did not find any beans (OnBeanCondition)

   ErrorMvcAutoConfiguration.WhitelabelErrorViewConfiguration#defaultErrorView matched:
      - @ConditionalOnMissingBean (names: error; SearchStrategy: all) did not find any beans (OnBeanCondition)

   GenericCacheConfiguration matched:
      - Cache org.springframework.boot.autoconfigure.cache.GenericCacheConfiguration automatic cache type (CacheCondition)

   H2ConsoleAutoConfiguration matched:
      - @ConditionalOnClass found required class 'org.h2.server.web.JakartaWebServlet' (OnClassCondition)
      - found 'session' scope (OnWebApplicationCondition)
      - @ConditionalOnProperty (spring.h2.console.enabled=true) matched (OnPropertyCondition)

   HibernateJpaAutoConfiguration matched:
      - @ConditionalOnClass found required classes 'org.springframework.orm.jpa.LocalContainerEntityManagerFactoryBean', 'jakarta.persistence.EntityManager', 'org.hibernate.engine.spi.SessionImplementor' (OnClassCondition)

   HibernateJpaConfiguration matched:
      - @ConditionalOnSingleCandidate (types: javax.sql.DataSource; SearchStrategy: all) found a single bean 'dataSource' (OnBeanCondition)

   HttpEncodingAutoConfiguration matched:
      - @ConditionalOnClass found required class 'org.springframework.web.filter.CharacterEncodingFilter' (OnClassCondition)
      - found 'session' scope (OnWebApplicationCondition)
      - @ConditionalOnProperty (server.servlet.encoding.enabled) matched (OnPropertyCondition)

   HttpEncodingAutoConfiguration#characterEncodingFilter matched:
      - @ConditionalOnMissingBean (types: org.springframework.web.filter.CharacterEncodingFilter; SearchStrategy: all) did not find any beans (OnBeanCondition)

   HttpMessageConvertersAutoConfiguration matched:
      - @ConditionalOnClass found required class 'org.springframework.http.converter.HttpMessageConverter' (OnClassCondition)
      - NoneNestedConditions 0 matched 1 did not; NestedCondition on HttpMessageConvertersAutoConfiguration.NotReactiveWebApplicationCondition.ReactiveWebApplication did not find reactive web application classes (HttpMessageConvertersAutoConfiguration.NotReactiveWebApplicationCondition)

   HttpMessageConvertersAutoConfiguration#messageConverters matched:
      - @ConditionalOnMissingBean (types: org.springframework.boot.autoconfigure.http.HttpMessageConverters; SearchStrategy: all) did not find any beans (OnBeanCondition)

   HttpMessageConvertersAutoConfiguration.StringHttpMessageConverterConfiguration matched:
      - @ConditionalOnClass found required class 'org.springframework.http.converter.StringHttpMessageConverter' (OnClassCondition)

   HttpMessageConvertersAutoConfiguration.StringHttpMessageConverterConfiguration#stringHttpMessageConverter matched:
      - @ConditionalOnMissingBean (types: org.springframework.http.converter.StringHttpMessageConverter; SearchStrategy: all) did not find any beans (OnBeanCondition)

   JacksonAutoConfiguration matched:
      - @ConditionalOnClass found required class 'com.fasterxml.jackson.databind.ObjectMapper' (OnClassCondition)

   JacksonAutoConfiguration.Jackson2ObjectMapperBuilderCustomizerConfiguration matched:
      - @ConditionalOnClass found required class 'org.springframework.http.converter.json.Jackson2ObjectMapperBuilder' (OnClassCondition)

   JacksonAutoConfiguration.JacksonObjectMapperBuilderConfiguration matched:
      - @ConditionalOnClass found required class 'org.springframework.http.converter.json.Jackson2ObjectMapperBuilder' (OnClassCondition)

   JacksonAutoConfiguration.JacksonObjectMapperBuilderConfiguration#jacksonObjectMapperBuilder matched:
      - @ConditionalOnMissingBean (types: org.springframework.http.converter.json.Jackson2ObjectMapperBuilder; SearchStrategy: all) did not find any beans (OnBeanCondition)

   JacksonAutoConfiguration.JacksonObjectMapperConfiguration matched:
      - @ConditionalOnClass found required class 'org.springframework.http.converter.json.Jackson2ObjectMapperBuilder' (OnClassCondition)

   JacksonAutoConfiguration.JacksonObjectMapperConfiguration#jacksonObjectMapper matched:
      - @ConditionalOnMissingBean (types: com.fasterxml.jackson.databind.ObjectMapper; SearchStrategy: all) did not find any beans (OnBeanCondition)

   JacksonAutoConfiguration.ParameterNamesModuleConfiguration matched:
      - @ConditionalOnClass found required class 'com.fasterxml.jackson.module.paramnames.ParameterNamesModule' (OnClassCondition)

   JacksonAutoConfiguration.ParameterNamesModuleConfiguration#parameterNamesModule matched:
      - @ConditionalOnMissingBean (types: com.fasterxml.jackson.module.paramnames.ParameterNamesModule; SearchStrategy: all) did not find any beans (OnBeanCondition)

   JacksonHttpMessageConvertersConfiguration.MappingJackson2HttpMessageConverterConfiguration matched:
      - @ConditionalOnClass found required class 'com.fasterxml.jackson.databind.ObjectMapper' (OnClassCondition)
      - @ConditionalOnProperty (spring.mvc.converters.preferred-json-mapper=jackson) matched (OnPropertyCondition)
      - @ConditionalOnBean (types: com.fasterxml.jackson.databind.ObjectMapper; SearchStrategy: all) found bean 'jacksonObjectMapper' (OnBeanCondition)

   JacksonHttpMessageConvertersConfiguration.MappingJackson2HttpMessageConverterConfiguration#mappingJackson2HttpMessageConverter matched:
      - @ConditionalOnMissingBean (types: org.springframework.http.converter.json.MappingJackson2HttpMessageConverter ignored: org.springframework.hateoas.server.mvc.TypeConstrainedMappingJackson2HttpMessageConverter,org.springframework.data.rest.webmvc.alps.AlpsJsonHttpMessageConverter; SearchStrategy: all) did not find any beans (OnBeanCondition)

   JdbcTemplateAutoConfiguration matched:
      - @ConditionalOnClass found required classes 'javax.sql.DataSource', 'org.springframework.jdbc.core.JdbcTemplate' (OnClassCondition)
      - @ConditionalOnSingleCandidate (types: javax.sql.DataSource; SearchStrategy: all) found a single bean 'dataSource' (OnBeanCondition)

   JdbcTemplateConfiguration matched:
      - @ConditionalOnMissingBean (types: org.springframework.jdbc.core.JdbcOperations; SearchStrategy: all) did not find any beans (OnBeanCondition)

   JpaBaseConfiguration#entityManagerFactory matched:
      - @ConditionalOnMissingBean (types: org.springframework.orm.jpa.LocalContainerEntityManagerFactoryBean,jakarta.persistence.EntityManagerFactory; SearchStrategy: all) did not find any beans (OnBeanCondition)

   JpaBaseConfiguration#entityManagerFactoryBuilder matched:
      - @ConditionalOnMissingBean (types: org.springframework.boot.orm.jpa.EntityManagerFactoryBuilder; SearchStrategy: all) did not find any beans (OnBeanCondition)

   JpaBaseConfiguration#jpaVendorAdapter matched:
      - @ConditionalOnMissingBean (types: org.springframework.orm.jpa.JpaVendorAdapter; SearchStrategy: all) did not find any beans (OnBeanCondition)

   JpaBaseConfiguration#transactionManager matched:
      - @ConditionalOnMissingBean (types: org.springframework.transaction.TransactionManager; SearchStrategy: all) did not find any beans (OnBeanCondition)

   JpaBaseConfiguration.JpaWebConfiguration matched:
      - @ConditionalOnClass found required class 'org.springframework.web.servlet.config.annotation.WebMvcConfigurer' (OnClassCondition)
      - found 'session' scope (OnWebApplicationCondition)
      - @ConditionalOnProperty (spring.jpa.open-in-view=true) matched (OnPropertyCondition)
      - @ConditionalOnMissingBean (types: org.springframework.orm.jpa.support.OpenEntityManagerInViewInterceptor,org.springframework.orm.jpa.support.OpenEntityManagerInViewFilter; SearchStrategy: all) did not find any beans (OnBeanCondition)

   JpaBaseConfiguration.PersistenceManagedTypesConfiguration matched:
      - @ConditionalOnMissingBean (types: org.springframework.orm.jpa.LocalContainerEntityManagerFactoryBean,jakarta.persistence.EntityManagerFactory; SearchStrategy: all) did not find any beans (OnBeanCondition)

   JpaBaseConfiguration.PersistenceManagedTypesConfiguration#persistenceManagedTypes matched:
      - @ConditionalOnMissingBean (types: org.springframework.orm.jpa.persistenceunit.PersistenceManagedTypes; SearchStrategy: all) did not find any beans (OnBeanCondition)

   JpaRepositoriesAutoConfiguration matched:
      - @ConditionalOnClass found required class 'org.springframework.data.jpa.repository.JpaRepository' (OnClassCondition)
      - @ConditionalOnProperty (spring.data.jpa.repositories.enabled=true) matched (OnPropertyCondition)
      - @ConditionalOnBean (types: javax.sql.DataSource; SearchStrategy: all) found bean 'dataSource'; @ConditionalOnMissingBean (types: org.springframework.data.jpa.repository.support.JpaRepositoryFactoryBean,org.springframework.data.jpa.repository.config.JpaRepositoryConfigExtension; SearchStrategy: all) did not find any beans (OnBeanCondition)

   JtaAutoConfiguration matched:
      - @ConditionalOnClass found required class 'jakarta.transaction.Transaction' (OnClassCondition)
      - @ConditionalOnProperty (spring.jta.enabled) matched (OnPropertyCondition)

   LifecycleAutoConfiguration#defaultLifecycleProcessor matched:
      - @ConditionalOnMissingBean (names: lifecycleProcessor; SearchStrategy: current) did not find any beans (OnBeanCondition)

   MultipartAutoConfiguration matched:
      - @ConditionalOnClass found required classes 'jakarta.servlet.Servlet', 'org.springframework.web.multipart.support.StandardServletMultipartResolver', 'jakarta.servlet.MultipartConfigElement' (OnClassCondition)
      - found 'session' scope (OnWebApplicationCondition)
      - @ConditionalOnProperty (spring.servlet.multipart.enabled) matched (OnPropertyCondition)

   MultipartAutoConfiguration#multipartConfigElement matched:
      - @ConditionalOnMissingBean (types: jakarta.servlet.MultipartConfigElement; SearchStrategy: all) did not find any beans (OnBeanCondition)

   MultipartAutoConfiguration#multipartResolver matched:
      - @ConditionalOnMissingBean (types: org.springframework.web.multipart.MultipartResolver; SearchStrategy: all) did not find any beans (OnBeanCondition)

   NamedParameterJdbcTemplateConfiguration matched:
      - @ConditionalOnSingleCandidate (types: org.springframework.jdbc.core.JdbcTemplate; SearchStrategy: all) found a single bean 'jdbcTemplate'; @ConditionalOnMissingBean (types: org.springframework.jdbc.core.namedparam.NamedParameterJdbcOperations; SearchStrategy: all) did not find any beans (OnBeanCondition)

   NoOpCacheConfiguration matched:
      - Cache org.springframework.boot.autoconfigure.cache.NoOpCacheConfiguration automatic cache type (CacheCondition)

   PersistenceExceptionTranslationAutoConfiguration matched:
      - @ConditionalOnClass found required class 'org.springframework.dao.annotation.PersistenceExceptionTranslationPostProcessor' (OnClassCondition)

   PersistenceExceptionTranslationAutoConfiguration#persistenceExceptionTranslationPostProcessor matched:
      - @ConditionalOnProperty (spring.dao.exceptiontranslation.enabled) matched (OnPropertyCondition)
      - @ConditionalOnMissingBean (types: org.springframework.dao.annotation.PersistenceExceptionTranslationPostProcessor; SearchStrategy: all) did not find any beans (OnBeanCondition)

   PropertyPlaceholderAutoConfiguration#propertySourcesPlaceholderConfigurer matched:
      - @ConditionalOnMissingBean (types: org.springframework.context.support.PropertySourcesPlaceholderConfigurer; SearchStrategy: current) did not find any beans (OnBeanCondition)

   RestTemplateAutoConfiguration matched:
      - @ConditionalOnClass found required class 'org.springframework.web.client.RestTemplate' (OnClassCondition)
      - NoneNestedConditions 0 matched 1 did not; NestedCondition on RestTemplateAutoConfiguration.NotReactiveWebApplicationCondition.ReactiveWebApplication did not find reactive web application classes (RestTemplateAutoConfiguration.NotReactiveWebApplicationCondition)

   RestTemplateAutoConfiguration#restTemplateBuilder matched:
      - @ConditionalOnMissingBean (types: org.springframework.boot.web.client.RestTemplateBuilder; SearchStrategy: all) did not find any beans (OnBeanCondition)

   RestTemplateAutoConfiguration#restTemplateBuilderConfigurer matched:
      - @ConditionalOnMissingBean (types: org.springframework.boot.autoconfigure.web.client.RestTemplateBuilderConfigurer; SearchStrategy: all) did not find any beans (OnBeanCondition)

   SecurityAutoConfiguration matched:
      - @ConditionalOnClass found required class 'org.springframework.security.authentication.DefaultAuthenticationEventPublisher' (OnClassCondition)

   SecurityAutoConfiguration#authenticationEventPublisher matched:
      - @ConditionalOnMissingBean (types: org.springframework.security.authentication.AuthenticationEventPublisher; SearchStrategy: all) did not find any beans (OnBeanCondition)

   SecurityFilterAutoConfiguration matched:
      - @ConditionalOnClass found required classes 'org.springframework.security.web.context.AbstractSecurityWebApplicationInitializer', 'org.springframework.security.config.http.SessionCreationPolicy' (OnClassCondition)
      - found 'session' scope (OnWebApplicationCondition)

   SecurityFilterAutoConfiguration#securityFilterChainRegistration matched:
      - @ConditionalOnBean (names: springSecurityFilterChain; SearchStrategy: all) found bean 'springSecurityFilterChain' (OnBeanCondition)

   ServletWebServerFactoryAutoConfiguration matched:
      - @ConditionalOnClass found required class 'jakarta.servlet.ServletRequest' (OnClassCondition)
      - found 'session' scope (OnWebApplicationCondition)

   ServletWebServerFactoryAutoConfiguration#tomcatServletWebServerFactoryCustomizer matched:
      - @ConditionalOnClass found required class 'org.apache.catalina.startup.Tomcat' (OnClassCondition)

   ServletWebServerFactoryConfiguration.EmbeddedTomcat matched:
      - @ConditionalOnClass found required classes 'jakarta.servlet.Servlet', 'org.apache.catalina.startup.Tomcat', 'org.apache.coyote.UpgradeProtocol' (OnClassCondition)
      - @ConditionalOnMissingBean (types: org.springframework.boot.web.servlet.server.ServletWebServerFactory; SearchStrategy: current) did not find any beans (OnBeanCondition)

   SimpleCacheConfiguration matched:
      - Cache org.springframework.boot.autoconfigure.cache.SimpleCacheConfiguration automatic cache type (CacheCondition)

   SpringBootWebSecurityConfiguration matched:
      - found 'session' scope (OnWebApplicationCondition)

   SpringBootWebSecurityConfiguration.WebSecurityEnablerConfiguration matched:
      - @ConditionalOnClass found required class 'org.springframework.security.config.annotation.web.configuration.EnableWebSecurity' (OnClassCondition)
      - @ConditionalOnMissingBean (names: springSecurityFilterChain; SearchStrategy: all) did not find any beans (OnBeanCondition)

   SpringDataWebAutoConfiguration matched:
      - @ConditionalOnClass found required classes 'org.springframework.data.web.PageableHandlerMethodArgumentResolver', 'org.springframework.web.servlet.config.annotation.WebMvcConfigurer' (OnClassCondition)
      - found 'session' scope (OnWebApplicationCondition)
      - @ConditionalOnMissingBean (types: org.springframework.data.web.PageableHandlerMethodArgumentResolver; SearchStrategy: all) did not find any beans (OnBeanCondition)

   SpringDataWebAutoConfiguration#pageableCustomizer matched:
      - @ConditionalOnMissingBean (types: org.springframework.data.web.config.PageableHandlerMethodArgumentResolverCustomizer; SearchStrategy: all) did not find any beans (OnBeanCondition)

   SpringDataWebAutoConfiguration#sortCustomizer matched:
      - @ConditionalOnMissingBean (types: org.springframework.data.web.config.SortHandlerMethodArgumentResolverCustomizer; SearchStrategy: all) did not find any beans (OnBeanCondition)

   SpringDocConfigProperties matched:
      - @ConditionalOnProperty (springdoc.api-docs.enabled) matched (OnPropertyCondition)
      - @ConditionalOnBean (types: org.springdoc.core.configuration.SpringDocConfiguration; SearchStrategy: all) found bean 'org.springdoc.core.configuration.SpringDocConfiguration' (OnBeanCondition)

   SpringDocConfiguration matched:
      - @ConditionalOnWebApplication (required) found 'session' scope (OnWebApplicationCondition)
      - @ConditionalOnProperty (springdoc.api-docs.enabled) matched (OnPropertyCondition)

   SpringDocConfiguration#fileSupportConverter matched:
      - @ConditionalOnMissingBean (types: org.springdoc.core.converters.FileSupportConverter; SearchStrategy: all) did not find any beans (OnBeanCondition)

   SpringDocConfiguration#openAPIBuilder matched:
      - @ConditionalOnMissingBean (types: org.springdoc.core.service.OpenAPIService; SearchStrategy: all) did not find any beans (OnBeanCondition)

   SpringDocConfiguration#operationBuilder matched:
      - @ConditionalOnMissingBean (types: org.springdoc.core.service.OperationService; SearchStrategy: all) did not find any beans (OnBeanCondition)

   SpringDocConfiguration#parameterBuilder matched:
      - @ConditionalOnMissingBean (types: org.springdoc.core.service.GenericParameterService; SearchStrategy: all) did not find any beans (OnBeanCondition)

   SpringDocConfiguration#polymorphicModelConverter matched:
      - @ConditionalOnProperty (springdoc.model-converters.polymorphic-converter.enabled) matched (OnPropertyCondition)
      - @ConditionalOnMissingBean (types: org.springdoc.core.converters.PolymorphicModelConverter; SearchStrategy: all) did not find any beans (OnBeanCondition)

   SpringDocConfiguration#requestBodyBuilder matched:
      - @ConditionalOnMissingBean (types: org.springdoc.core.service.RequestBodyService; SearchStrategy: all) did not find any beans (OnBeanCondition)

   SpringDocConfiguration#responseSupportConverter matched:
      - @ConditionalOnMissingBean (types: org.springdoc.core.converters.ResponseSupportConverter; SearchStrategy: all) did not find any beans (OnBeanCondition)

   SpringDocConfiguration#schemaPropertyDeprecatingConverter matched:
      - @ConditionalOnProperty (springdoc.model-converters.deprecating-converter.enabled) matched (OnPropertyCondition)
      - @ConditionalOnMissingBean (types: org.springdoc.core.converters.SchemaPropertyDeprecatingConverter; SearchStrategy: all) did not find any beans (OnBeanCondition)

   SpringDocConfiguration#securityParser matched:
      - @ConditionalOnMissingBean (types: org.springdoc.core.service.SecurityService; SearchStrategy: all) did not find any beans (OnBeanCondition)

   SpringDocConfiguration#springDocCustomizers matched:
      - @ConditionalOnMissingBean (types: org.springdoc.core.customizers.SpringDocCustomizers; SearchStrategy: all) did not find any beans (OnBeanCondition)

   SpringDocConfiguration#springDocProviders matched:
      - @ConditionalOnMissingBean (types: org.springdoc.core.providers.SpringDocProviders; SearchStrategy: all) did not find any beans (OnBeanCondition)

   SpringDocConfiguration#springdocObjectMapperProvider matched:
      - @ConditionalOnMissingBean (types: org.springdoc.core.providers.ObjectMapperProvider; SearchStrategy: all) did not find any beans (OnBeanCondition)

   SpringDocConfiguration.QuerydslProvider matched:
      - @ConditionalOnClass found required class 'org.springframework.data.querydsl.binding.QuerydslBindingsFactory' (OnClassCondition)

   SpringDocConfiguration.QuerydslProvider#queryDslQuerydslPredicateOperationCustomizer matched:
      - @ConditionalOnMissingBean (types: org.springdoc.core.customizers.QuerydslPredicateOperationCustomizer; SearchStrategy: all) did not find any beans (OnBeanCondition)

   SpringDocConfiguration.SpringDocSpringDataWebPropertiesProvider matched:
      - @ConditionalOnClass found required class 'org.springframework.boot.autoconfigure.data.web.SpringDataWebProperties' (OnClassCondition)

   SpringDocConfiguration.SpringDocSpringDataWebPropertiesProvider#springDataWebPropertiesProvider matched:
      - @ConditionalOnMissingBean (types: org.springdoc.core.providers.SpringDataWebPropertiesProvider; SearchStrategy: all) did not find any beans (OnBeanCondition)

   SpringDocConfiguration.WebConversionServiceConfiguration matched:
      - @ConditionalOnClass found required class 'org.springframework.boot.autoconfigure.web.format.WebConversionService' (OnClassCondition)

   SpringDocPageableConfiguration matched:
      - @ConditionalOnClass found required class 'org.springframework.data.domain.Pageable' (OnClassCondition)
      - @ConditionalOnWebApplication (required) found 'session' scope (OnWebApplicationCondition)
      - @ConditionalOnProperty (springdoc.api-docs.enabled) matched (OnPropertyCondition)
      - @ConditionalOnBean (types: org.springdoc.core.configuration.SpringDocConfiguration; SearchStrategy: all) found bean 'org.springdoc.core.configuration.SpringDocConfiguration' (OnBeanCondition)

   SpringDocPageableConfiguration#delegatingMethodParameterCustomizer matched:
      - @ConditionalOnMissingBean (types: org.springdoc.core.customizers.DelegatingMethodParameterCustomizer; SearchStrategy: all) did not find any beans (OnBeanCondition)

   SpringDocPageableConfiguration#pageableOpenAPIConverter matched:
      - @ConditionalOnProperty (springdoc.model-converters.pageable-converter.enabled) matched (OnPropertyCondition)
      - @ConditionalOnMissingBean (types: org.springdoc.core.converters.PageableOpenAPIConverter; SearchStrategy: all) did not find any beans (OnBeanCondition)

   SpringDocSecurityConfiguration matched:
      - @ConditionalOnClass found required class 'org.springframework.security.web.SecurityFilterChain' (OnClassCondition)
      - @ConditionalOnWebApplication (required) found 'session' scope (OnWebApplicationCondition)
      - @ConditionalOnExpression (#{${springdoc.api-docs.enabled:true} and ${springdoc.enable-spring-security:true}}) resulted in true (OnExpressionCondition)
      - @ConditionalOnBean (types: org.springdoc.core.configuration.SpringDocConfiguration; SearchStrategy: all) found bean 'org.springdoc.core.configuration.SpringDocConfiguration' (OnBeanCondition)

   SpringDocSecurityConfiguration.SpringSecurityLoginEndpointConfiguration matched:
      - @ConditionalOnClass found required class 'jakarta.servlet.Filter' (OnClassCondition)

   SpringDocSortConfiguration matched:
      - @ConditionalOnClass found required class 'org.springframework.data.domain.Sort' (OnClassCondition)
      - @ConditionalOnWebApplication (required) found 'session' scope (OnWebApplicationCondition)
      - @ConditionalOnProperty (springdoc.api-docs.enabled) matched (OnPropertyCondition)
      - @ConditionalOnBean (types: org.springdoc.core.configuration.SpringDocConfiguration; SearchStrategy: all) found bean 'org.springdoc.core.configuration.SpringDocConfiguration' (OnBeanCondition)

   SpringDocSortConfiguration#sortOpenAPIConverter matched:
      - @ConditionalOnProperty (springdoc.model-converters.sort-converter.enabled) matched (OnPropertyCondition)
      - @ConditionalOnMissingBean (types: org.springdoc.core.converters.SortOpenAPIConverter; SearchStrategy: all) did not find any beans (OnBeanCondition)

   SpringDocUIConfiguration matched:
      - @ConditionalOnWebApplication (required) found 'session' scope (OnWebApplicationCondition)
      - @ConditionalOnBean (types: org.springdoc.core.configuration.SpringDocConfiguration; SearchStrategy: all) found bean 'org.springdoc.core.configuration.SpringDocConfiguration' (OnBeanCondition)

   SpringDocWebMvcConfiguration matched:
      - found 'session' scope (OnWebApplicationCondition)
      - @ConditionalOnProperty (springdoc.api-docs.enabled) matched (OnPropertyCondition)
      - @ConditionalOnBean (types: org.springdoc.core.configuration.SpringDocConfiguration; SearchStrategy: all) found bean 'org.springdoc.core.configuration.SpringDocConfiguration' (OnBeanCondition)

   SpringDocWebMvcConfiguration#openApiResource matched:
      - @ConditionalOnProperty (springdoc.use-management-port=false) matched (OnPropertyCondition)
      - @ConditionalOnMissingBean (types: org.springdoc.webmvc.api.OpenApiWebMvcResource; SearchStrategy: all) did not find any beans (OnBeanCondition)

   SpringDocWebMvcConfiguration#requestBuilder matched:
      - @ConditionalOnMissingBean (types: org.springdoc.webmvc.core.service.RequestService; SearchStrategy: all) did not find any beans (OnBeanCondition)

   SpringDocWebMvcConfiguration#responseBuilder matched:
      - @ConditionalOnMissingBean (types: org.springdoc.core.service.GenericResponseService; SearchStrategy: all) did not find any beans (OnBeanCondition)

   SpringDocWebMvcConfiguration#springWebProvider matched:
      - @ConditionalOnMissingBean (types: org.springdoc.core.providers.SpringWebProvider; SearchStrategy: all) did not find any beans (OnBeanCondition)

   SpringDocWebMvcConfiguration.SpringDocWebMvcRouterConfiguration matched:
      - @ConditionalOnClass found required class 'org.springframework.web.servlet.function.RouterFunction' (OnClassCondition)

   SpringDocWebMvcConfiguration.SpringDocWebMvcRouterConfiguration#routerFunctionProvider matched:
      - @ConditionalOnMissingBean (types: org.springdoc.webmvc.core.providers.RouterFunctionWebMvcProvider; SearchStrategy: all) did not find any beans (OnBeanCondition)

   SqlInitializationAutoConfiguration matched:
      - @ConditionalOnProperty (spring.sql.init.enabled) matched (OnPropertyCondition)
      - NoneNestedConditions 0 matched 1 did not; NestedCondition on SqlInitializationAutoConfiguration.SqlInitializationModeCondition.ModeIsNever @ConditionalOnProperty (spring.sql.init.mode=never) did not find property 'mode' (SqlInitializationAutoConfiguration.SqlInitializationModeCondition)

   SslAutoConfiguration#sslBundleRegistry matched:
      - @ConditionalOnMissingBean (types: org.springframework.boot.ssl.SslBundleRegistry,org.springframework.boot.ssl.SslBundles; SearchStrategy: all) did not find any beans (OnBeanCondition)

   SwaggerConfig matched:
      - found 'session' scope (OnWebApplicationCondition)
      - @ConditionalOnProperty (springdoc.swagger-ui.enabled) matched (OnPropertyCondition)
      - @ConditionalOnBean (types: org.springdoc.core.configuration.SpringDocConfiguration; SearchStrategy: all) found bean 'org.springdoc.core.configuration.SpringDocConfiguration' (OnBeanCondition)

   SwaggerConfig#indexPageTransformer matched:
      - @ConditionalOnMissingBean (types: org.springdoc.webmvc.ui.SwaggerIndexTransformer; SearchStrategy: all) did not find any beans (OnBeanCondition)

   SwaggerConfig#swaggerConfigResource matched:
      - @ConditionalOnProperty (springdoc.use-management-port=false) matched (OnPropertyCondition)
      - @ConditionalOnMissingBean (types: org.springdoc.webmvc.ui.SwaggerConfigResource; SearchStrategy: all) did not find any beans (OnBeanCondition)

   SwaggerConfig#swaggerResourceResolver matched:
      - @ConditionalOnMissingBean (types: org.springdoc.webmvc.ui.SwaggerResourceResolver; SearchStrategy: all) did not find any beans (OnBeanCondition)

   SwaggerConfig#swaggerWebMvcConfigurer matched:
      - @ConditionalOnMissingBean (types: org.springdoc.webmvc.ui.SwaggerWebMvcConfigurer; SearchStrategy: all) did not find any beans (OnBeanCondition)

   SwaggerConfig#swaggerWelcome matched:
      - @ConditionalOnProperty (springdoc.use-management-port=false) matched (OnPropertyCondition)
      - @ConditionalOnMissingBean (types: org.springdoc.webmvc.ui.SwaggerWelcomeWebMvc; SearchStrategy: all) did not find any beans (OnBeanCondition)

   SwaggerUiConfigParameters matched:
      - @ConditionalOnProperty (springdoc.swagger-ui.enabled) matched (OnPropertyCondition)
      - @ConditionalOnBean (types: org.springdoc.core.configuration.SpringDocConfiguration; SearchStrategy: all) found bean 'org.springdoc.core.configuration.SpringDocConfiguration' (OnBeanCondition)

   SwaggerUiConfigProperties matched:
      - @ConditionalOnProperty (springdoc.swagger-ui.enabled) matched (OnPropertyCondition)
      - @ConditionalOnBean (types: org.springdoc.core.configuration.SpringDocConfiguration; SearchStrategy: all) found bean 'org.springdoc.core.configuration.SpringDocConfiguration' (OnBeanCondition)

   SwaggerUiOAuthProperties matched:
      - @ConditionalOnProperty (springdoc.swagger-ui.enabled) matched (OnPropertyCondition)
      - @ConditionalOnBean (types: org.springdoc.core.configuration.SpringDocConfiguration; SearchStrategy: all) found bean 'org.springdoc.core.configuration.SpringDocConfiguration' (OnBeanCondition)

   TaskExecutionAutoConfiguration matched:
      - @ConditionalOnClass found required class 'org.springframework.scheduling.concurrent.ThreadPoolTaskExecutor' (OnClassCondition)

   TaskExecutionAutoConfiguration#applicationTaskExecutor matched:
      - @ConditionalOnMissingBean (types: java.util.concurrent.Executor; SearchStrategy: all) did not find any beans (OnBeanCondition)

   TaskExecutionAutoConfiguration#taskExecutorBuilder matched:
      - @ConditionalOnMissingBean (types: org.springframework.boot.task.TaskExecutorBuilder; SearchStrategy: all) did not find any beans (OnBeanCondition)

   TaskSchedulingAutoConfiguration matched:
      - @ConditionalOnClass found required class 'org.springframework.scheduling.concurrent.ThreadPoolTaskScheduler' (OnClassCondition)

   TaskSchedulingAutoConfiguration#taskSchedulerBuilder matched:
      - @ConditionalOnMissingBean (types: org.springframework.boot.task.TaskSchedulerBuilder; SearchStrategy: all) did not find any beans (OnBeanCondition)

   TransactionAutoConfiguration matched:
      - @ConditionalOnClass found required class 'org.springframework.transaction.PlatformTransactionManager' (OnClassCondition)

   TransactionAutoConfiguration#platformTransactionManagerCustomizers matched:
      - @ConditionalOnMissingBean (types: org.springframework.boot.autoconfigure.transaction.TransactionManagerCustomizers; SearchStrategy: all) did not find any beans (OnBeanCondition)

   TransactionAutoConfiguration.EnableTransactionManagementConfiguration matched:
      - @ConditionalOnBean (types: org.springframework.transaction.TransactionManager; SearchStrategy: all) found bean 'transactionManager'; @ConditionalOnMissingBean (types: org.springframework.transaction.annotation.AbstractTransactionManagementConfiguration; SearchStrategy: all) did not find any beans (OnBeanCondition)

   TransactionAutoConfiguration.EnableTransactionManagementConfiguration.CglibAutoProxyConfiguration matched:
      - @ConditionalOnProperty (spring.aop.proxy-target-class=true) matched (OnPropertyCondition)

   TransactionAutoConfiguration.TransactionTemplateConfiguration matched:
      - @ConditionalOnSingleCandidate (types: org.springframework.transaction.PlatformTransactionManager; SearchStrategy: all) found a single bean 'transactionManager' (OnBeanCondition)

   TransactionAutoConfiguration.TransactionTemplateConfiguration#transactionTemplate matched:
      - @ConditionalOnMissingBean (types: org.springframework.transaction.support.TransactionOperations; SearchStrategy: all) did not find any beans (OnBeanCondition)

   WebMvcAutoConfiguration matched:
      - @ConditionalOnClass found required classes 'jakarta.servlet.Servlet', 'org.springframework.web.servlet.DispatcherServlet', 'org.springframework.web.servlet.config.annotation.WebMvcConfigurer' (OnClassCondition)
      - found 'session' scope (OnWebApplicationCondition)
      - @ConditionalOnMissingBean (types: org.springframework.web.servlet.config.annotation.WebMvcConfigurationSupport; SearchStrategy: all) did not find any beans (OnBeanCondition)

   WebMvcAutoConfiguration#formContentFilter matched:
      - @ConditionalOnProperty (spring.mvc.formcontent.filter.enabled) matched (OnPropertyCondition)
      - @ConditionalOnMissingBean (types: org.springframework.web.filter.FormContentFilter; SearchStrategy: all) did not find any beans (OnBeanCondition)

   WebMvcAutoConfiguration.EnableWebMvcConfiguration#flashMapManager matched:
      - @ConditionalOnMissingBean (names: flashMapManager; SearchStrategy: all) did not find any beans (OnBeanCondition)

   WebMvcAutoConfiguration.EnableWebMvcConfiguration#localeResolver matched:
      - @ConditionalOnMissingBean (names: localeResolver; SearchStrategy: all) did not find any beans (OnBeanCondition)

   WebMvcAutoConfiguration.EnableWebMvcConfiguration#themeResolver matched:
      - @ConditionalOnMissingBean (names: themeResolver; SearchStrategy: all) did not find any beans (OnBeanCondition)

   WebMvcAutoConfiguration.WebMvcAutoConfigurationAdapter#defaultViewResolver matched:
      - @ConditionalOnMissingBean (types: org.springframework.web.servlet.view.InternalResourceViewResolver; SearchStrategy: all) did not find any beans (OnBeanCondition)

   WebMvcAutoConfiguration.WebMvcAutoConfigurationAdapter#requestContextFilter matched:
      - @ConditionalOnMissingBean (types: org.springframework.web.context.request.RequestContextListener,org.springframework.web.filter.RequestContextFilter; SearchStrategy: all) did not find any beans (OnBeanCondition)

   WebMvcAutoConfiguration.WebMvcAutoConfigurationAdapter#viewResolver matched:
      - @ConditionalOnBean (types: org.springframework.web.servlet.ViewResolver; SearchStrategy: all) found beans 'defaultViewResolver', 'beanNameViewResolver', 'mvcViewResolver'; @ConditionalOnMissingBean (names: viewResolver types: org.springframework.web.servlet.view.ContentNegotiatingViewResolver; SearchStrategy: all) did not find any beans (OnBeanCondition)

   WebSocketServletAutoConfiguration matched:
      - @ConditionalOnClass found required classes 'jakarta.servlet.Servlet', 'jakarta.websocket.server.ServerContainer' (OnClassCondition)
      - found 'session' scope (OnWebApplicationCondition)

   WebSocketServletAutoConfiguration.TomcatWebSocketConfiguration matched:
      - @ConditionalOnClass found required classes 'org.apache.catalina.startup.Tomcat', 'org.apache.tomcat.websocket.server.WsSci' (OnClassCondition)

   WebSocketServletAutoConfiguration.TomcatWebSocketConfiguration#websocketServletWebServerCustomizer matched:
      - @ConditionalOnMissingBean (names: websocketServletWebServerCustomizer; SearchStrategy: all) did not find any beans (OnBeanCondition)


Negative matches:
-----------------

   ActiveMQAutoConfiguration:
      Did not match:
         - @ConditionalOnClass did not find required class 'jakarta.jms.ConnectionFactory' (OnClassCondition)

   AopAutoConfiguration.AspectJAutoProxyingConfiguration.JdkDynamicAutoProxyConfiguration:
      Did not match:
         - @ConditionalOnProperty (spring.aop.proxy-target-class=false) did not find property 'proxy-target-class' (OnPropertyCondition)

   AopAutoConfiguration.ClassProxyingConfiguration:
      Did not match:
         - @ConditionalOnMissingClass found unwanted class 'org.aspectj.weaver.Advice' (OnClassCondition)

   ArtemisAutoConfiguration:
      Did not match:
         - @ConditionalOnClass did not find required class 'jakarta.jms.ConnectionFactory' (OnClassCondition)

   BatchAutoConfiguration:
      Did not match:
         - @ConditionalOnClass did not find required class 'org.springframework.batch.core.launch.JobLauncher' (OnClassCondition)

   Cache2kCacheConfiguration:
      Did not match:
         - @ConditionalOnClass did not find required class 'org.cache2k.Cache2kBuilder' (OnClassCondition)

   CacheAutoConfiguration:
      Did not match:
         - @ConditionalOnBean (types: org.springframework.cache.interceptor.CacheAspectSupport; SearchStrategy: all) did not find any beans of type org.springframework.cache.interceptor.CacheAspectSupport (OnBeanCondition)
      Matched:
         - @ConditionalOnClass found required class 'org.springframework.cache.CacheManager' (OnClassCondition)

   CacheAutoConfiguration.CacheManagerEntityManagerFactoryDependsOnPostProcessor:
      Did not match:
         - Ancestor org.springframework.boot.autoconfigure.cache.CacheAutoConfiguration did not match (ConditionEvaluationReport.AncestorsMatchedCondition)
      Matched:
         - @ConditionalOnClass found required class 'org.springframework.orm.jpa.LocalContainerEntityManagerFactoryBean' (OnClassCondition)

   CaffeineCacheConfiguration:
      Did not match:
         - @ConditionalOnClass did not find required class 'com.github.benmanes.caffeine.cache.Caffeine' (OnClassCondition)

   CassandraAutoConfiguration:
      Did not match:
         - @ConditionalOnClass did not find required class 'com.datastax.oss.driver.api.core.CqlSession' (OnClassCondition)

   CassandraDataAutoConfiguration:
      Did not match:
         - @ConditionalOnClass did not find required class 'com.datastax.oss.driver.api.core.CqlSession' (OnClassCondition)

   CassandraReactiveDataAutoConfiguration:
      Did not match:
         - @ConditionalOnClass did not find required class 'com.datastax.oss.driver.api.core.CqlSession' (OnClassCondition)

   CassandraReactiveRepositoriesAutoConfiguration:
      Did not match:
         - @ConditionalOnClass did not find required class 'org.springframework.data.cassandra.ReactiveSession' (OnClassCondition)

   CassandraRepositoriesAutoConfiguration:
      Did not match:
         - @ConditionalOnClass did not find required class 'com.datastax.oss.driver.api.core.CqlSession' (OnClassCondition)

   ClientHttpConnectorAutoConfiguration:
      Did not match:
         - @ConditionalOnClass did not find required class 'org.springframework.web.reactive.function.client.WebClient' (OnClassCondition)

   CodecsAutoConfiguration:
      Did not match:
         - @ConditionalOnClass did not find required class 'org.springframework.web.reactive.function.client.WebClient' (OnClassCondition)

   CouchbaseAutoConfiguration:
      Did not match:
         - @ConditionalOnClass did not find required class 'com.couchbase.client.java.Cluster' (OnClassCondition)

   CouchbaseCacheConfiguration:
      Did not match:
         - @ConditionalOnClass did not find required class 'com.couchbase.client.java.Cluster' (OnClassCondition)

   CouchbaseDataAutoConfiguration:
      Did not match:
         - @ConditionalOnClass did not find required class 'com.couchbase.client.java.Bucket' (OnClassCondition)

   CouchbaseReactiveDataAutoConfiguration:
      Did not match:
         - @ConditionalOnClass did not find required class 'com.couchbase.client.java.Cluster' (OnClassCondition)

   CouchbaseReactiveRepositoriesAutoConfiguration:
      Did not match:
         - @ConditionalOnClass did not find required class 'com.couchbase.client.java.Cluster' (OnClassCondition)

   CouchbaseRepositoriesAutoConfiguration:
      Did not match:
         - @ConditionalOnClass did not find required class 'com.couchbase.client.java.Bucket' (OnClassCondition)

   DataSourceAutoConfiguration.EmbeddedDatabaseConfiguration:
      Did not match:
         - EmbeddedDataSource spring.datasource.url is set (DataSourceAutoConfiguration.EmbeddedDatabaseCondition)

   DataSourceConfiguration.Dbcp2:
      Did not match:
         - @ConditionalOnClass did not find required class 'org.apache.commons.dbcp2.BasicDataSource' (OnClassCondition)

   DataSourceConfiguration.Generic:
      Did not match:
         - @ConditionalOnProperty (spring.datasource.type) did not find property 'spring.datasource.type' (OnPropertyCondition)

   DataSourceConfiguration.OracleUcp:
      Did not match:
         - @ConditionalOnClass did not find required classes 'oracle.ucp.jdbc.PoolDataSourceImpl', 'oracle.jdbc.OracleConnection' (OnClassCondition)

   DataSourceConfiguration.Tomcat:
      Did not match:
         - @ConditionalOnClass did not find required class 'org.apache.tomcat.jdbc.pool.DataSource' (OnClassCondition)

   DataSourceJmxConfiguration:
      Did not match:
         - @ConditionalOnProperty (spring.jmx.enabled=true) found different value in property 'enabled' (OnPropertyCondition)

   DataSourcePoolMetadataProvidersConfiguration.CommonsDbcp2PoolDataSourceMetadataProviderConfiguration:
      Did not match:
         - @ConditionalOnClass did not find required class 'org.apache.commons.dbcp2.BasicDataSource' (OnClassCondition)

   DataSourcePoolMetadataProvidersConfiguration.OracleUcpPoolDataSourceMetadataProviderConfiguration:
      Did not match:
         - @ConditionalOnClass did not find required classes 'oracle.ucp.jdbc.PoolDataSource', 'oracle.jdbc.OracleConnection' (OnClassCondition)

   DataSourcePoolMetadataProvidersConfiguration.TomcatDataSourcePoolMetadataProviderConfiguration:
      Did not match:
         - @ConditionalOnClass did not find required class 'org.apache.tomcat.jdbc.pool.DataSource' (OnClassCondition)

   DataSourceTransactionManagerAutoConfiguration.JdbcTransactionManagerConfiguration#transactionManager:
      Did not match:
         - @ConditionalOnMissingBean (types: org.springframework.transaction.TransactionManager; SearchStrategy: all) found beans of type 'org.springframework.transaction.TransactionManager' transactionManager (OnBeanCondition)

   DispatcherServletAutoConfiguration.DispatcherServletConfiguration#multipartResolver:
      Did not match:
         - @ConditionalOnBean (types: org.springframework.web.multipart.MultipartResolver; SearchStrategy: all) did not find any beans of type org.springframework.web.multipart.MultipartResolver (OnBeanCondition)

   ElasticsearchClientAutoConfiguration:
      Did not match:
         - @ConditionalOnClass did not find required class 'co.elastic.clients.elasticsearch.ElasticsearchClient' (OnClassCondition)

   ElasticsearchDataAutoConfiguration:
      Did not match:
         - @ConditionalOnClass did not find required class 'org.springframework.data.elasticsearch.client.elc.ElasticsearchTemplate' (OnClassCondition)

   ElasticsearchRepositoriesAutoConfiguration:
      Did not match:
         - @ConditionalOnClass did not find required class 'org.springframework.data.elasticsearch.repository.ElasticsearchRepository' (OnClassCondition)

   ElasticsearchRestClientAutoConfiguration:
      Did not match:
         - @ConditionalOnClass did not find required class 'org.elasticsearch.client.RestClientBuilder' (OnClassCondition)

   EmbeddedLdapAutoConfiguration:
      Did not match:
         - @ConditionalOnClass did not find required class 'com.unboundid.ldap.listener.InMemoryDirectoryServer' (OnClassCondition)

   EmbeddedWebServerFactoryCustomizerAutoConfiguration:
      Did not match:
         - Application is deployed as a WAR file. (OnWarDeploymentCondition)
      Matched:
         - @ConditionalOnWebApplication (required) found 'session' scope (OnWebApplicationCondition)

   ErrorWebFluxAutoConfiguration:
      Did not match:
         - @ConditionalOnClass did not find required class 'org.springframework.web.reactive.config.WebFluxConfigurer' (OnClassCondition)

   FlywayAutoConfiguration:
      Did not match:
         - @ConditionalOnClass did not find required class 'org.flywaydb.core.Flyway' (OnClassCondition)

   FreeMarkerAutoConfiguration:
      Did not match:
         - @ConditionalOnClass did not find required class 'freemarker.template.Configuration' (OnClassCondition)

   GraphQlAutoConfiguration:
      Did not match:
         - @ConditionalOnClass did not find required class 'graphql.GraphQL' (OnClassCondition)

   GraphQlQueryByExampleAutoConfiguration:
      Did not match:
         - @ConditionalOnClass did not find required class 'graphql.GraphQL' (OnClassCondition)

   GraphQlQuerydslAutoConfiguration:
      Did not match:
         - @ConditionalOnClass did not find required class 'graphql.GraphQL' (OnClassCondition)

   GraphQlRSocketAutoConfiguration:
      Did not match:
         - @ConditionalOnClass did not find required class 'graphql.GraphQL' (OnClassCondition)

   GraphQlReactiveQueryByExampleAutoConfiguration:
      Did not match:
         - @ConditionalOnClass did not find required class 'graphql.GraphQL' (OnClassCondition)

   GraphQlReactiveQuerydslAutoConfiguration:
      Did not match:
         - @ConditionalOnClass did not find required class 'graphql.GraphQL' (OnClassCondition)

   GraphQlWebFluxAutoConfiguration:
      Did not match:
         - @ConditionalOnClass did not find required class 'graphql.GraphQL' (OnClassCondition)

   GraphQlWebFluxSecurityAutoConfiguration:
      Did not match:
         - @ConditionalOnClass did not find required class 'graphql.GraphQL' (OnClassCondition)

   GraphQlWebMvcAutoConfiguration:
      Did not match:
         - @ConditionalOnClass did not find required class 'graphql.GraphQL' (OnClassCondition)

   GraphQlWebMvcSecurityAutoConfiguration:
      Did not match:
         - @ConditionalOnClass did not find required class 'graphql.GraphQL' (OnClassCondition)

   GroovyTemplateAutoConfiguration:
      Did not match:
         - @ConditionalOnClass did not find required class 'groovy.text.markup.MarkupTemplateEngine' (OnClassCondition)

   GsonAutoConfiguration:
      Did not match:
         - @ConditionalOnClass did not find required class 'com.google.gson.Gson' (OnClassCondition)

   GsonHttpMessageConvertersConfiguration:
      Did not match:
         - @ConditionalOnClass did not find required class 'com.google.gson.Gson' (OnClassCondition)

   HazelcastAutoConfiguration:
      Did not match:
         - @ConditionalOnClass did not find required class 'com.hazelcast.core.HazelcastInstance' (OnClassCondition)

   HazelcastCacheConfiguration:
      Did not match:
         - @ConditionalOnClass did not find required class 'com.hazelcast.core.HazelcastInstance' (OnClassCondition)

   HazelcastJpaDependencyAutoConfiguration:
      Did not match:
         - @ConditionalOnClass did not find required class 'com.hazelcast.core.HazelcastInstance' (OnClassCondition)

   HttpHandlerAutoConfiguration:
      Did not match:
         - @ConditionalOnClass did not find required class 'org.springframework.web.reactive.DispatcherHandler' (OnClassCondition)

   HypermediaAutoConfiguration:
      Did not match:
         - @ConditionalOnClass did not find required class 'org.springframework.hateoas.EntityModel' (OnClassCondition)

   InfinispanCacheConfiguration:
      Did not match:
         - @ConditionalOnClass did not find required class 'org.infinispan.spring.embedded.provider.SpringEmbeddedCacheManager' (OnClassCondition)

   InfluxDbAutoConfiguration:
      Did not match:
         - @ConditionalOnClass did not find required class 'org.influxdb.InfluxDB' (OnClassCondition)

   IntegrationAutoConfiguration:
      Did not match:
         - @ConditionalOnClass did not find required class 'org.springframework.integration.config.EnableIntegration' (OnClassCondition)

   JCacheCacheConfiguration:
      Did not match:
         - @ConditionalOnClass did not find required class 'javax.cache.Caching' (OnClassCondition)

   JacksonHttpMessageConvertersConfiguration.MappingJackson2XmlHttpMessageConverterConfiguration:
      Did not match:
         - @ConditionalOnClass did not find required class 'com.fasterxml.jackson.dataformat.xml.XmlMapper' (OnClassCondition)

   JdbcRepositoriesAutoConfiguration:
      Did not match:
         - @ConditionalOnClass did not find required class 'org.springframework.data.jdbc.repository.config.AbstractJdbcConfiguration' (OnClassCondition)

   JerseyAutoConfiguration:
      Did not match:
         - @ConditionalOnClass did not find required class 'org.glassfish.jersey.server.spring.SpringComponentProvider' (OnClassCondition)

   JmsAutoConfiguration:
      Did not match:
         - @ConditionalOnClass did not find required class 'jakarta.jms.Message' (OnClassCondition)

   JmxAutoConfiguration:
      Did not match:
         - @ConditionalOnProperty (spring.jmx.enabled=true) found different value in property 'enabled' (OnPropertyCondition)
      Matched:
         - @ConditionalOnClass found required class 'org.springframework.jmx.export.MBeanExporter' (OnClassCondition)

   JndiConnectionFactoryAutoConfiguration:
      Did not match:
         - @ConditionalOnClass did not find required class 'org.springframework.jms.core.JmsTemplate' (OnClassCondition)

   JndiDataSourceAutoConfiguration:
      Did not match:
         - @ConditionalOnProperty (spring.datasource.jndi-name) did not find property 'jndi-name' (OnPropertyCondition)
      Matched:
         - @ConditionalOnClass found required classes 'javax.sql.DataSource', 'org.springframework.jdbc.datasource.embedded.EmbeddedDatabaseType' (OnClassCondition)

   JndiJtaConfiguration:
      Did not match:
         - @ConditionalOnJndi JNDI environment is not available (OnJndiCondition)
      Matched:
         - @ConditionalOnClass found required class 'org.springframework.transaction.jta.JtaTransactionManager' (OnClassCondition)

   JooqAutoConfiguration:
      Did not match:
         - @ConditionalOnClass did not find required class 'org.jooq.DSLContext' (OnClassCondition)

   JpaRepositoriesAutoConfiguration#entityManagerFactoryBootstrapExecutorCustomizer:
      Did not match:
         - AnyNestedCondition 0 matched 2 did not; NestedCondition on JpaRepositoriesAutoConfiguration.BootstrapExecutorCondition.LazyBootstrapMode @ConditionalOnProperty (spring.data.jpa.repositories.bootstrap-mode=lazy) did not find property 'bootstrap-mode'; NestedCondition on JpaRepositoriesAutoConfiguration.BootstrapExecutorCondition.DeferredBootstrapMode @ConditionalOnProperty (spring.data.jpa.repositories.bootstrap-mode=deferred) did not find property 'bootstrap-mode' (JpaRepositoriesAutoConfiguration.BootstrapExecutorCondition)

   JsonbAutoConfiguration:
      Did not match:
         - @ConditionalOnClass did not find required class 'jakarta.json.bind.Jsonb' (OnClassCondition)

   JsonbHttpMessageConvertersConfiguration:
      Did not match:
         - @ConditionalOnClass did not find required class 'jakarta.json.bind.Jsonb' (OnClassCondition)

   KafkaAutoConfiguration:
      Did not match:
         - @ConditionalOnClass did not find required class 'org.springframework.kafka.core.KafkaTemplate' (OnClassCondition)

   LdapAutoConfiguration:
      Did not match:
         - @ConditionalOnClass did not find required class 'org.springframework.ldap.core.ContextSource' (OnClassCondition)

   LdapRepositoriesAutoConfiguration:
      Did not match:
         - @ConditionalOnClass did not find required class 'org.springframework.data.ldap.repository.LdapRepository' (OnClassCondition)

   LiquibaseAutoConfiguration:
      Did not match:
         - @ConditionalOnClass did not find required class 'liquibase.change.DatabaseChange' (OnClassCondition)

   MailSenderAutoConfiguration:
      Did not match:
         - @ConditionalOnClass did not find required class 'jakarta.mail.internet.MimeMessage' (OnClassCondition)

   MailSenderValidatorAutoConfiguration:
      Did not match:
         - @ConditionalOnSingleCandidate did not find required type 'org.springframework.mail.javamail.JavaMailSenderImpl' (OnBeanCondition)

   MessageSourceAutoConfiguration:
      Did not match:
         - ResourceBundle did not find bundle with basename messages (MessageSourceAutoConfiguration.ResourceBundleCondition)

   MongoAutoConfiguration:
      Did not match:
         - @ConditionalOnClass did not find required class 'com.mongodb.client.MongoClient' (OnClassCondition)

   MongoDataAutoConfiguration:
      Did not match:
         - @ConditionalOnClass did not find required class 'com.mongodb.client.MongoClient' (OnClassCondition)

   MongoReactiveAutoConfiguration:
      Did not match:
         - @ConditionalOnClass did not find required class 'com.mongodb.reactivestreams.client.MongoClient' (OnClassCondition)

   MongoReactiveDataAutoConfiguration:
      Did not match:
         - @ConditionalOnClass did not find required class 'com.mongodb.reactivestreams.client.MongoClient' (OnClassCondition)

   MongoReactiveRepositoriesAutoConfiguration:
      Did not match:
         - @ConditionalOnClass did not find required class 'com.mongodb.reactivestreams.client.MongoClient' (OnClassCondition)

   MongoRepositoriesAutoConfiguration:
      Did not match:
         - @ConditionalOnClass did not find required class 'com.mongodb.client.MongoClient' (OnClassCondition)

   MultipleOpenApiSupportConfiguration:
      Did not match:
         - AnyNestedCondition 0 matched 2 did not; NestedCondition on MultipleOpenApiSupportCondition.OnActuatorDifferentPort @ConditionalOnProperty (springdoc.show-actuator) did not find property 'springdoc.show-actuator'; NestedCondition on MultipleOpenApiSupportCondition.OnMultipleOpenApiSupportCondition AnyNestedCondition 0 matched 2 did not; NestedCondition on MultipleOpenApiGroupsCondition.OnGroupConfigProperty @ConditionalOnProperty (springdoc.group-configs[0].group) did not find property 'springdoc.group-configs[0].group'; NestedCondition on MultipleOpenApiGroupsCondition.OnGroupedOpenApiBean @ConditionalOnBean (types: org.springdoc.core.models.GroupedOpenApi; SearchStrategy: all) did not find any beans of type org.springdoc.core.models.GroupedOpenApi (MultipleOpenApiSupportCondition)
      Matched:
         - found 'session' scope (OnWebApplicationCondition)
         - @ConditionalOnProperty (springdoc.api-docs.enabled) matched (OnPropertyCondition)

   MultipleOpenApiSupportConfiguration.SpringDocWebMvcActuatorDifferentConfiguration:
      Did not match:
         - @ConditionalOnClass did not find required class 'org.springframework.boot.actuate.endpoint.web.servlet.WebMvcEndpointHandlerMapping' (OnClassCondition)
         - Ancestor org.springdoc.webmvc.core.configuration.MultipleOpenApiSupportConfiguration did not match (ConditionEvaluationReport.AncestorsMatchedCondition)

   MustacheAutoConfiguration:
      Did not match:
         - @ConditionalOnClass did not find required class 'com.samskivert.mustache.Mustache' (OnClassCondition)

   Neo4jAutoConfiguration:
      Did not match:
         - @ConditionalOnClass did not find required class 'org.neo4j.driver.Driver' (OnClassCondition)

   Neo4jDataAutoConfiguration:
      Did not match:
         - @ConditionalOnClass did not find required class 'org.neo4j.driver.Driver' (OnClassCondition)

   Neo4jReactiveDataAutoConfiguration:
      Did not match:
         - @ConditionalOnClass did not find required class 'org.neo4j.driver.Driver' (OnClassCondition)

   Neo4jReactiveRepositoriesAutoConfiguration:
      Did not match:
         - @ConditionalOnClass did not find required class 'org.neo4j.driver.Driver' (OnClassCondition)

   Neo4jRepositoriesAutoConfiguration:
      Did not match:
         - @ConditionalOnClass did not find required class 'org.neo4j.driver.Driver' (OnClassCondition)

   NettyAutoConfiguration:
      Did not match:
         - @ConditionalOnClass did not find required class 'io.netty.util.NettyRuntime' (OnClassCondition)

   OAuth2AuthorizationServerAutoConfiguration:
      Did not match:
         - @ConditionalOnClass did not find required class 'org.springframework.security.oauth2.server.authorization.OAuth2Authorization' (OnClassCondition)

   OAuth2AuthorizationServerJwtAutoConfiguration:
      Did not match:
         - @ConditionalOnClass did not find required class 'org.springframework.security.oauth2.server.authorization.OAuth2Authorization' (OnClassCondition)

   OAuth2ClientAutoConfiguration:
      Did not match:
         - @ConditionalOnClass did not find required class 'org.springframework.security.oauth2.client.registration.ClientRegistration' (OnClassCondition)

   OAuth2ResourceServerAutoConfiguration:
      Did not match:
         - @ConditionalOnClass did not find required class 'org.springframework.security.oauth2.server.resource.authentication.BearerTokenAuthenticationToken' (OnClassCondition)

   ProjectInfoAutoConfiguration#buildProperties:
      Did not match:
         - @ConditionalOnResource did not find resource '${spring.info.build.location:classpath:META-INF/build-info.properties}' (OnResourceCondition)

   ProjectInfoAutoConfiguration#gitProperties:
      Did not match:
         - GitResource did not find git info at classpath:git.properties (ProjectInfoAutoConfiguration.GitResourceAvailableCondition)

   QuartzAutoConfiguration:
      Did not match:
         - @ConditionalOnClass did not find required class 'org.quartz.Scheduler' (OnClassCondition)

   R2dbcAutoConfiguration:
      Did not match:
         - @ConditionalOnClass did not find required class 'io.r2dbc.spi.ConnectionFactory' (OnClassCondition)

   R2dbcDataAutoConfiguration:
      Did not match:
         - @ConditionalOnClass did not find required class 'org.springframework.data.r2dbc.core.R2dbcEntityTemplate' (OnClassCondition)

   R2dbcInitializationConfiguration:
      Did not match:
         - @ConditionalOnClass did not find required classes 'io.r2dbc.spi.ConnectionFactory', 'org.springframework.r2dbc.connection.init.DatabasePopulator' (OnClassCondition)

   R2dbcRepositoriesAutoConfiguration:
      Did not match:
         - @ConditionalOnClass did not find required class 'io.r2dbc.spi.ConnectionFactory' (OnClassCondition)

   R2dbcTransactionManagerAutoConfiguration:
      Did not match:
         - @ConditionalOnClass did not find required class 'org.springframework.r2dbc.connection.R2dbcTransactionManager' (OnClassCondition)

   RSocketGraphQlClientAutoConfiguration:
      Did not match:
         - @ConditionalOnClass did not find required class 'graphql.GraphQL' (OnClassCondition)

   RSocketMessagingAutoConfiguration:
      Did not match:
         - @ConditionalOnClass did not find required class 'io.rsocket.RSocket' (OnClassCondition)

   RSocketRequesterAutoConfiguration:
      Did not match:
         - @ConditionalOnClass did not find required class 'io.rsocket.RSocket' (OnClassCondition)

   RSocketSecurityAutoConfiguration:
      Did not match:
         - @ConditionalOnClass did not find required class 'org.springframework.security.rsocket.core.SecuritySocketAcceptorInterceptor' (OnClassCondition)

   RSocketServerAutoConfiguration:
      Did not match:
         - @ConditionalOnClass did not find required class 'io.rsocket.core.RSocketServer' (OnClassCondition)

   RSocketStrategiesAutoConfiguration:
      Did not match:
         - @ConditionalOnClass did not find required class 'io.netty.buffer.PooledByteBufAllocator' (OnClassCondition)

   RabbitAutoConfiguration:
      Did not match:
         - @ConditionalOnClass did not find required class 'com.rabbitmq.client.Channel' (OnClassCondition)

   ReactiveElasticsearchClientAutoConfiguration:
      Did not match:
         - @ConditionalOnClass did not find required class 'co.elastic.clients.transport.ElasticsearchTransport' (OnClassCondition)

   ReactiveElasticsearchRepositoriesAutoConfiguration:
      Did not match:
         - @ConditionalOnClass did not find required class 'org.springframework.data.elasticsearch.client.elc.ReactiveElasticsearchClient' (OnClassCondition)

   ReactiveMultipartAutoConfiguration:
      Did not match:
         - @ConditionalOnClass did not find required class 'org.springframework.web.reactive.config.WebFluxConfigurer' (OnClassCondition)

   ReactiveOAuth2ClientAutoConfiguration:
      Did not match:
         - @ConditionalOnClass did not find required class 'reactor.core.publisher.Flux' (OnClassCondition)

   ReactiveOAuth2ResourceServerAutoConfiguration:
      Did not match:
         - @ConditionalOnWebApplication did not find reactive web application classes (OnWebApplicationCondition)

   ReactiveSecurityAutoConfiguration:
      Did not match:
         - @ConditionalOnClass did not find required class 'reactor.core.publisher.Flux' (OnClassCondition)

   ReactiveUserDetailsServiceAutoConfiguration:
      Did not match:
         - AnyNestedCondition 0 matched 2 did not; NestedCondition on ReactiveUserDetailsServiceAutoConfiguration.ReactiveUserDetailsServiceCondition.ReactiveWebApplicationCondition did not find reactive web application classes; NestedCondition on ReactiveUserDetailsServiceAutoConfiguration.ReactiveUserDetailsServiceCondition.RSocketSecurityEnabledCondition @ConditionalOnBean (types: org.springframework.messaging.rsocket.annotation.support.RSocketMessageHandler; SearchStrategy: all) did not find any beans of type org.springframework.messaging.rsocket.annotation.support.RSocketMessageHandler (ReactiveUserDetailsServiceAutoConfiguration.ReactiveUserDetailsServiceCondition)
      Matched:
         - @ConditionalOnClass found required class 'org.springframework.security.authentication.ReactiveAuthenticationManager' (OnClassCondition)

   ReactiveWebServerFactoryAutoConfiguration:
      Did not match:
         - @ConditionalOnWebApplication did not find reactive web application classes (OnWebApplicationCondition)

   RedisAutoConfiguration:
      Did not match:
         - @ConditionalOnClass did not find required class 'org.springframework.data.redis.core.RedisOperations' (OnClassCondition)

   RedisCacheConfiguration:
      Did not match:
         - @ConditionalOnClass did not find required class 'org.springframework.data.redis.connection.RedisConnectionFactory' (OnClassCondition)

   RedisReactiveAutoConfiguration:
      Did not match:
         - @ConditionalOnClass did not find required class 'reactor.core.publisher.Flux' (OnClassCondition)

   RedisRepositoriesAutoConfiguration:
      Did not match:
         - @ConditionalOnClass did not find required class 'org.springframework.data.redis.repository.configuration.EnableRedisRepositories' (OnClassCondition)

   RepositoryRestMvcAutoConfiguration:
      Did not match:
         - @ConditionalOnClass did not find required class 'org.springframework.data.rest.webmvc.config.RepositoryRestMvcConfiguration' (OnClassCondition)

   Saml2RelyingPartyAutoConfiguration:
      Did not match:
         - @ConditionalOnClass did not find required class 'org.springframework.security.saml2.provider.service.registration.RelyingPartyRegistrationRepository' (OnClassCondition)

   SecurityDataConfiguration:
      Did not match:
         - @ConditionalOnClass did not find required class 'org.springframework.security.data.repository.query.SecurityEvaluationContextExtension' (OnClassCondition)

   SendGridAutoConfiguration:
      Did not match:
         - @ConditionalOnClass did not find required class 'com.sendgrid.SendGrid' (OnClassCondition)

   ServletWebServerFactoryAutoConfiguration.ForwardedHeaderFilterConfiguration:
      Did not match:
         - @ConditionalOnProperty (server.forward-headers-strategy=framework) did not find property 'server.forward-headers-strategy' (OnPropertyCondition)

   ServletWebServerFactoryConfiguration.EmbeddedJetty:
      Did not match:
         - @ConditionalOnClass did not find required classes 'org.eclipse.jetty.server.Server', 'org.eclipse.jetty.util.Loader', 'org.eclipse.jetty.webapp.WebAppContext' (OnClassCondition)

   ServletWebServerFactoryConfiguration.EmbeddedUndertow:
      Did not match:
         - @ConditionalOnClass did not find required classes 'io.undertow.Undertow', 'org.xnio.SslClientAuthMode' (OnClassCondition)

   SessionAutoConfiguration:
      Did not match:
         - @ConditionalOnClass did not find required class 'org.springframework.session.Session' (OnClassCondition)

   SpringApplicationAdminJmxAutoConfiguration:
      Did not match:
         - @ConditionalOnProperty (spring.application.admin.enabled=true) did not find property 'enabled' (OnPropertyCondition)

   SpringBootWebSecurityConfiguration.SecurityFilterChainConfiguration:
      Did not match:
         - AllNestedConditions 1 matched 1 did not; NestedCondition on DefaultWebSecurityCondition.Beans @ConditionalOnMissingBean (types: org.springframework.security.web.SecurityFilterChain; SearchStrategy: all) found beans of type 'org.springframework.security.web.SecurityFilterChain' defaultSecurityFilterChain; NestedCondition on DefaultWebSecurityCondition.Classes @ConditionalOnClass found required classes 'org.springframework.security.web.SecurityFilterChain', 'org.springframework.security.config.annotation.web.builders.HttpSecurity' (DefaultWebSecurityCondition)

   SpringDocConfiguration#propertiesResolverForSchema:
      Did not match:
         - @ConditionalOnProperty (springdoc.api-docs.resolve-schema-properties) did not find property 'springdoc.api-docs.resolve-schema-properties' (OnPropertyCondition)

   SpringDocConfiguration#propertyCustomizingConverter:
      Did not match:
         - @ConditionalOnBean (types: org.springdoc.core.customizers.PropertyCustomizer; SearchStrategy: all) did not find any beans of type org.springdoc.core.customizers.PropertyCustomizer (OnBeanCondition)

   SpringDocConfiguration#springdocBeanFactoryPostProcessor:
      Did not match:
         - AnyNestedCondition 0 matched 2 did not; NestedCondition on CacheOrGroupedOpenApiCondition.OnCacheDisabled found non-matching nested conditions @ConditionalOnProperty (springdoc.cache.disabled) did not find property 'springdoc.cache.disabled'; NestedCondition on CacheOrGroupedOpenApiCondition.OnMultipleOpenApiSupportCondition AnyNestedCondition 0 matched 2 did not; NestedCondition on MultipleOpenApiSupportCondition.OnActuatorDifferentPort @ConditionalOnProperty (springdoc.show-actuator) did not find property 'springdoc.show-actuator'; NestedCondition on MultipleOpenApiSupportCondition.OnMultipleOpenApiSupportCondition AnyNestedCondition 0 matched 2 did not; NestedCondition on MultipleOpenApiGroupsCondition.OnGroupConfigProperty @ConditionalOnProperty (springdoc.group-configs[0].group) did not find property 'springdoc.group-configs[0].group'; NestedCondition on MultipleOpenApiGroupsCondition.OnGroupedOpenApiBean @ConditionalOnBean (types: org.springdoc.core.models.GroupedOpenApi; SearchStrategy: all) did not find any beans of type org.springdoc.core.models.GroupedOpenApi (CacheOrGroupedOpenApiCondition)
      Matched:
         - @ConditionalOnClass found required class 'org.springframework.boot.context.properties.bind.BindResult' (OnClassCondition)

   SpringDocConfiguration#springdocBeanFactoryPostProcessor2:
      Did not match:
         - @ConditionalOnMissingClass found unwanted class 'org.springframework.boot.context.properties.bind.BindResult' (OnClassCondition)

   SpringDocConfiguration.SpringDocActuatorConfiguration:
      Did not match:
         - @ConditionalOnClass did not find required class 'org.springframework.boot.actuate.autoconfigure.endpoint.web.WebEndpointProperties' (OnClassCondition)

   SpringDocConfiguration.SpringDocRepositoryRestConfiguration:
      Did not match:
         - @ConditionalOnClass did not find required class 'org.springframework.data.rest.core.config.RepositoryRestConfiguration' (OnClassCondition)

   SpringDocConfiguration.SpringDocWebFluxSupportConfiguration:
      Did not match:
         - @ConditionalOnClass did not find required class 'reactor.core.publisher.Flux' (OnClassCondition)

   SpringDocDataRestConfiguration:
      Did not match:
         - @ConditionalOnClass did not find required class 'org.springframework.data.rest.core.config.RepositoryRestConfiguration' (OnClassCondition)

   SpringDocFunctionCatalogConfiguration:
      Did not match:
         - @ConditionalOnClass did not find required class 'org.springframework.cloud.function.web.function.FunctionEndpointInitializer' (OnClassCondition)

   SpringDocGroovyConfiguration:
      Did not match:
         - @ConditionalOnClass did not find required class 'groovy.lang.MetaClass' (OnClassCondition)

   SpringDocHateoasConfiguration:
      Did not match:
         - @ConditionalOnClass did not find required class 'org.springframework.hateoas.server.LinkRelationProvider' (OnClassCondition)

   SpringDocJacksonKotlinModuleConfiguration:
      Did not match:
         - @ConditionalOnClass did not find required class 'com.fasterxml.jackson.module.kotlin.KotlinModule' (OnClassCondition)

   SpringDocJavadocConfiguration:
      Did not match:
         - @ConditionalOnClass did not find required class 'com.github.therapi.runtimejavadoc.CommentFormatter' (OnClassCondition)

   SpringDocKotlinConfiguration:
      Did not match:
         - @ConditionalOnClass did not find required class 'kotlin.coroutines.Continuation' (OnClassCondition)

   SpringDocKotlinxConfiguration:
      Did not match:
         - @ConditionalOnClass did not find required class 'kotlinx.coroutines.flow.Flow' (OnClassCondition)

   SpringDocSecurityConfiguration.SpringDocSecurityOAuth2Configuration:
      Did not match:
         - @ConditionalOnClass did not find required class 'org.springframework.security.oauth2.server.authorization.OAuth2AuthorizationService' (OnClassCondition)

   SpringDocSecurityConfiguration.SpringSecurityLoginEndpointConfiguration#springSecurityLoginEndpointCustomiser:
      Did not match:
         - @ConditionalOnProperty (springdoc.show-login-endpoint) did not find property 'springdoc.show-login-endpoint' (OnPropertyCondition)

   SpringDocSortConfiguration#delegatingMethodParameterCustomizer:
      Did not match:
         - @ConditionalOnMissingBean (types: org.springdoc.core.customizers.DelegatingMethodParameterCustomizer; SearchStrategy: all) found beans of type 'org.springdoc.core.customizers.DelegatingMethodParameterCustomizer' delegatingMethodParameterCustomizer (OnBeanCondition)

   SpringDocWebMvcConfiguration.SpringDocWebMvcActuatorConfiguration:
      Did not match:
         - @ConditionalOnClass did not find required class 'org.springframework.boot.actuate.endpoint.web.servlet.WebMvcEndpointHandlerMapping' (OnClassCondition)

   SwaggerConfig#springWebProvider:
      Did not match:
         - @ConditionalOnMissingBean (types: org.springdoc.core.providers.SpringWebProvider; SearchStrategy: all) found beans of type 'org.springdoc.core.providers.SpringWebProvider' springWebProvider (OnBeanCondition)

   SwaggerConfig#swaggerUiConfigParameters:
      Did not match:
         - @ConditionalOnMissingBean (types: org.springdoc.core.properties.SwaggerUiConfigParameters; SearchStrategy: all) found beans of type 'org.springdoc.core.properties.SwaggerUiConfigParameters' org.springdoc.core.properties.SwaggerUiConfigParameters (OnBeanCondition)

   SwaggerConfig#swaggerUiHome:
      Did not match:
         - @ConditionalOnProperty (springdoc.swagger-ui.use-root-path=true) did not find property 'springdoc.swagger-ui.use-root-path' (OnPropertyCondition)

   SwaggerConfig.SwaggerActuatorWelcomeConfiguration:
      Did not match:
         - @ConditionalOnClass did not find required class 'org.springframework.boot.actuate.endpoint.web.servlet.WebMvcEndpointHandlerMapping' (OnClassCondition)

   TaskSchedulingAutoConfiguration#scheduledBeanLazyInitializationExcludeFilter:
      Did not match:
         - @ConditionalOnBean (names: org.springframework.context.annotation.internalScheduledAnnotationProcessor; SearchStrategy: all) did not find any beans named org.springframework.context.annotation.internalScheduledAnnotationProcessor (OnBeanCondition)

   TaskSchedulingAutoConfiguration#taskScheduler:
      Did not match:
         - @ConditionalOnBean (names: org.springframework.context.annotation.internalScheduledAnnotationProcessor; SearchStrategy: all) did not find any beans named org.springframework.context.annotation.internalScheduledAnnotationProcessor (OnBeanCondition)

   ThymeleafAutoConfiguration:
      Did not match:
         - @ConditionalOnClass did not find required class 'org.thymeleaf.spring6.SpringTemplateEngine' (OnClassCondition)

   TransactionAutoConfiguration#transactionalOperator:
      Did not match:
         - @ConditionalOnSingleCandidate (types: org.springframework.transaction.ReactiveTransactionManager; SearchStrategy: all) did not find any beans (OnBeanCondition)

   TransactionAutoConfiguration.AspectJTransactionManagementConfiguration:
      Did not match:
         - @ConditionalOnBean (types: org.springframework.transaction.aspectj.AbstractTransactionAspect; SearchStrategy: all) did not find any beans of type org.springframework.transaction.aspectj.AbstractTransactionAspect (OnBeanCondition)

   TransactionAutoConfiguration.EnableTransactionManagementConfiguration.JdkDynamicAutoProxyConfiguration:
      Did not match:
         - @ConditionalOnProperty (spring.aop.proxy-target-class=false) did not find property 'proxy-target-class' (OnPropertyCondition)

   UserDetailsServiceAutoConfiguration:
      Did not match:
         - @ConditionalOnMissingBean (types: org.springframework.security.authentication.AuthenticationManager,org.springframework.security.authentication.AuthenticationProvider,org.springframework.security.core.userdetails.UserDetailsService,org.springframework.security.authentication.AuthenticationManagerResolver,org.springframework.security.oauth2.jwt.JwtDecoder,org.springframework.security.oauth2.server.resource.introspection.OpaqueTokenIntrospector,org.springframework.security.oauth2.client.registration.ClientRegistrationRepository,org.springframework.security.saml2.provider.service.registration.RelyingPartyRegistrationRepository; SearchStrategy: all) found beans of type 'org.springframework.security.core.userdetails.UserDetailsService' userDetailsService (OnBeanCondition)
      Matched:
         - @ConditionalOnClass found required class 'org.springframework.security.authentication.AuthenticationManager' (OnClassCondition)

   ValidationAutoConfiguration:
      Did not match:
         - @ConditionalOnResource did not find resource 'classpath:META-INF/services/jakarta.validation.spi.ValidationProvider' (OnResourceCondition)
      Matched:
         - @ConditionalOnClass found required class 'jakarta.validation.executable.ExecutableValidator' (OnClassCondition)

   WebClientAutoConfiguration:
      Did not match:
         - @ConditionalOnClass did not find required class 'org.springframework.web.reactive.function.client.WebClient' (OnClassCondition)

   WebFluxAutoConfiguration:
      Did not match:
         - @ConditionalOnClass did not find required class 'org.springframework.web.reactive.config.WebFluxConfigurer' (OnClassCondition)

   WebMvcAutoConfiguration#hiddenHttpMethodFilter:
      Did not match:
         - @ConditionalOnProperty (spring.mvc.hiddenmethod.filter.enabled) did not find property 'enabled' (OnPropertyCondition)

   WebMvcAutoConfiguration.ProblemDetailsErrorHandlingConfiguration:
      Did not match:
         - @ConditionalOnProperty (spring.mvc.problemdetails.enabled=true) did not find property 'enabled' (OnPropertyCondition)

   WebMvcAutoConfiguration.ResourceChainCustomizerConfiguration:
      Did not match:
         - @ConditionalOnEnabledResourceChain did not find class org.webjars.WebJarAssetLocator (OnEnabledResourceChainCondition)

   WebMvcAutoConfiguration.WebMvcAutoConfigurationAdapter#beanNameViewResolver:
      Did not match:
         - @ConditionalOnMissingBean (types: org.springframework.web.servlet.view.BeanNameViewResolver; SearchStrategy: all) found beans of type 'org.springframework.web.servlet.view.BeanNameViewResolver' beanNameViewResolver (OnBeanCondition)

   WebServiceTemplateAutoConfiguration:
      Did not match:
         - @ConditionalOnClass did not find required class 'org.springframework.oxm.Marshaller' (OnClassCondition)

   WebServicesAutoConfiguration:
      Did not match:
         - @ConditionalOnClass did not find required class 'org.springframework.ws.transport.http.MessageDispatcherServlet' (OnClassCondition)

   WebSessionIdResolverAutoConfiguration:
      Did not match:
         - @ConditionalOnClass did not find required class 'reactor.core.publisher.Mono' (OnClassCondition)

   WebSocketMessagingAutoConfiguration:
      Did not match:
         - @ConditionalOnClass did not find required class 'org.springframework.web.socket.config.annotation.WebSocketMessageBrokerConfigurer' (OnClassCondition)

   WebSocketReactiveAutoConfiguration:
      Did not match:
         - @ConditionalOnWebApplication did not find reactive web application classes (OnWebApplicationCondition)

   WebSocketServletAutoConfiguration.JettyWebSocketConfiguration:
      Did not match:
         - @ConditionalOnClass did not find required class 'org.eclipse.jetty.websocket.jakarta.server.config.JakartaWebSocketServletContainerInitializer' (OnClassCondition)

   WebSocketServletAutoConfiguration.UndertowWebSocketConfiguration:
      Did not match:
         - @ConditionalOnClass did not find required class 'io.undertow.websockets.jsr.Bootstrap' (OnClassCondition)

   XADataSourceAutoConfiguration:
      Did not match:
         - @ConditionalOnBean (types: org.springframework.boot.jdbc.XADataSourceWrapper; SearchStrategy: all) did not find any beans of type org.springframework.boot.jdbc.XADataSourceWrapper (OnBeanCondition)
      Matched:
         - @ConditionalOnClass found required classes 'javax.sql.DataSource', 'jakarta.transaction.TransactionManager', 'org.springframework.jdbc.datasource.embedded.EmbeddedDatabaseType' (OnClassCondition)


Exclusions:
-----------

    None


Unconditional classes:
----------------------

    org.springframework.boot.autoconfigure.context.ConfigurationPropertiesAutoConfiguration

    org.springframework.boot.autoconfigure.ssl.SslAutoConfiguration

    org.springframework.boot.autoconfigure.context.PropertyPlaceholderAutoConfiguration

    org.springframework.boot.autoconfigure.context.LifecycleAutoConfiguration

    org.springframework.boot.autoconfigure.availability.ApplicationAvailabilityAutoConfiguration

    org.springframework.boot.autoconfigure.info.ProjectInfoAutoConfiguration



10:22:23.283 [Test worker] TRACE org.springframework.beans.factory.support.DefaultListableBeanFactory - Returning cached instance of singleton bean 'resourceHandlerMapping'
10:22:23.284 [Test worker] INFO  com.laundry.laundryMgmt.LaundryMgmtApplicationTests - Started LaundryMgmtApplicationTests in 6.05 seconds (process running for 9.926)
10:22:23.286 [Test worker] TRACE org.springframework.beans.factory.support.DefaultListableBeanFactory - Returning cached instance of singleton bean 'delegatingApplicationListener'
10:22:23.287 [Test worker] TRACE org.springframework.beans.factory.support.DefaultListableBeanFactory - Returning cached instance of singleton bean 'applicationAvailability'
10:22:23.287 [Test worker] TRACE org.springframework.beans.factory.support.DefaultListableBeanFactory - Returning cached instance of singleton bean 'delegatingApplicationListener'
10:22:23.287 [Test worker] DEBUG org.springframework.boot.availability.ApplicationAvailabilityBean - Application availability state LivenessState changed to CORRECT
10:22:23.288 [Test worker] TRACE org.springframework.beans.factory.support.DefaultListableBeanFactory - Returning cached instance of singleton bean 'washingTimeCommandLine'
Output time is 10
10:22:23.291 [Test worker] TRACE org.springframework.beans.factory.support.DefaultListableBeanFactory - Returning cached instance of singleton bean 'delegatingApplicationListener'
10:22:23.292 [Test worker] TRACE org.springframework.beans.factory.support.DefaultListableBeanFactory - Returning cached instance of singleton bean 'applicationAvailability'
10:22:23.292 [Test worker] TRACE org.springframework.beans.factory.support.DefaultListableBeanFactory - Returning cached instance of singleton bean 'delegatingApplicationListener'
10:22:23.292 [Test worker] DEBUG org.springframework.boot.availability.ApplicationAvailabilityBean - Application availability state ReadinessState changed to ACCEPTING_TRAFFIC
10:22:23.292 [Test worker] TRACE org.springframework.test.context.cache.DefaultCacheAwareContextLoaderDelegate - Storing ApplicationContext [1519611492] in cache under key [WebMergedContextConfiguration@2d38edfd testClass = com.laundry.laundryMgmt.LaundryMgmtApplicationTests, locations = [], classes = [com.laundry.laundryMgmt.LaundryMgmtApplication], contextInitializerClasses = [], activeProfiles = [], propertySourceLocations = [], propertySourceProperties = ["org.springframework.boot.test.context.SpringBootTestContextBootstrapper=true"], contextCustomizers = [org.springframework.boot.test.autoconfigure.actuate.observability.ObservabilityContextCustomizerFactory$DisableObservabilityContextCustomizer@1f, org.springframework.boot.test.autoconfigure.properties.PropertyMappingContextCustomizer@0, org.springframework.boot.test.autoconfigure.web.servlet.WebDriverContextCustomizer@7d9ba6c, org.springframework.boot.test.context.filter.ExcludeFilterContextCustomizer@5d425813, org.springframework.boot.test.json.DuplicateJsonObjectContextCustomizerFactory$DuplicateJsonObjectContextCustomizer@6b52dd31, org.springframework.boot.test.mock.mockito.MockitoContextCustomizer@0, org.springframework.boot.test.web.client.TestRestTemplateContextCustomizer@1c9e07c6, org.springframework.boot.test.context.SpringBootTestAnnotation@38fab2ee], resourceBasePath = "src/main/webapp", contextLoader = org.springframework.boot.test.context.SpringBootContextLoader, parent = null]
10:22:23.292 [Test worker] DEBUG org.springframework.test.context.cache - Spring test ApplicationContext cache statistics: [DefaultContextCache@7b031f53 size = 1, maxSize = 32, parentContextCount = 0, hitCount = 0, missCount = 1]
10:22:23.293 [Test worker] TRACE org.springframework.test.context.web.ServletTestExecutionListener - Setting up MockHttpServletRequest, MockHttpServletResponse, ServletWebRequest, and RequestContextHolder for test context [DefaultTestContext@51d719bc testClass = com.laundry.laundryMgmt.LaundryMgmtApplicationTests, testInstance = com.laundry.laundryMgmt.LaundryMgmtApplicationTests@7ab4ae59, testMethod = null, testException = null, mergedContextConfiguration = [WebMergedContextConfiguration@2d38edfd testClass = com.laundry.laundryMgmt.LaundryMgmtApplicationTests, locations = [], classes = [com.laundry.laundryMgmt.LaundryMgmtApplication], contextInitializerClasses = [], activeProfiles = [], propertySourceLocations = [], propertySourceProperties = ["org.springframework.boot.test.context.SpringBootTestContextBootstrapper=true"], contextCustomizers = [org.springframework.boot.test.autoconfigure.actuate.observability.ObservabilityContextCustomizerFactory$DisableObservabilityContextCustomizer@1f, org.springframework.boot.test.autoconfigure.properties.PropertyMappingContextCustomizer@0, org.springframework.boot.test.autoconfigure.web.servlet.WebDriverContextCustomizer@7d9ba6c, org.springframework.boot.test.context.filter.ExcludeFilterContextCustomizer@5d425813, org.springframework.boot.test.json.DuplicateJsonObjectContextCustomizerFactory$DuplicateJsonObjectContextCustomizer@6b52dd31, org.springframework.boot.test.mock.mockito.MockitoContextCustomizer@0, org.springframework.boot.test.web.client.TestRestTemplateContextCustomizer@1c9e07c6, org.springframework.boot.test.context.SpringBootTestAnnotation@38fab2ee], resourceBasePath = "src/main/webapp", contextLoader = org.springframework.boot.test.context.SpringBootContextLoader, parent = null], attributes = {"org.springframework.test.context.web.ServletTestExecutionListener.activateListener" -> true}]
10:22:23.306 [Test worker] TRACE org.springframework.test.context.support.DependencyInjectionTestExecutionListener - Performing dependency injection for test context [DefaultTestContext@51d719bc testClass = com.laundry.laundryMgmt.LaundryMgmtApplicationTests, testInstance = com.laundry.laundryMgmt.LaundryMgmtApplicationTests@7ab4ae59, testMethod = null, testException = null, mergedContextConfiguration = [WebMergedContextConfiguration@2d38edfd testClass = com.laundry.laundryMgmt.LaundryMgmtApplicationTests, locations = [], classes = [com.laundry.laundryMgmt.LaundryMgmtApplication], contextInitializerClasses = [], activeProfiles = [], propertySourceLocations = [], propertySourceProperties = ["org.springframework.boot.test.context.SpringBootTestContextBootstrapper=true"], contextCustomizers = [org.springframework.boot.test.autoconfigure.actuate.observability.ObservabilityContextCustomizerFactory$DisableObservabilityContextCustomizer@1f, org.springframework.boot.test.autoconfigure.properties.PropertyMappingContextCustomizer@0, org.springframework.boot.test.autoconfigure.web.servlet.WebDriverContextCustomizer@7d9ba6c, org.springframework.boot.test.context.filter.ExcludeFilterContextCustomizer@5d425813, org.springframework.boot.test.json.DuplicateJsonObjectContextCustomizerFactory$DuplicateJsonObjectContextCustomizer@6b52dd31, org.springframework.boot.test.mock.mockito.MockitoContextCustomizer@0, org.springframework.boot.test.web.client.TestRestTemplateContextCustomizer@1c9e07c6, org.springframework.boot.test.context.SpringBootTestAnnotation@38fab2ee], resourceBasePath = "src/main/webapp", contextLoader = org.springframework.boot.test.context.SpringBootContextLoader, parent = null], attributes = {"org.springframework.test.context.web.ServletTestExecutionListener.activateListener" -> true, "org.springframework.test.context.web.ServletTestExecutionListener.populatedRequestContextHolder" -> true, "org.springframework.test.context.web.ServletTestExecutionListener.resetRequestContextHolder" -> true, "org.springframework.test.context.event.ApplicationEventsTestExecutionListener.recordApplicationEvents" -> false}]
10:22:23.306 [Test worker] TRACE org.springframework.test.context.cache.DefaultCacheAwareContextLoaderDelegate - Retrieved ApplicationContext [1519611492] from cache with key [WebMergedContextConfiguration@2d38edfd testClass = com.laundry.laundryMgmt.LaundryMgmtApplicationTests, locations = [], classes = [com.laundry.laundryMgmt.LaundryMgmtApplication], contextInitializerClasses = [], activeProfiles = [], propertySourceLocations = [], propertySourceProperties = ["org.springframework.boot.test.context.SpringBootTestContextBootstrapper=true"], contextCustomizers = [org.springframework.boot.test.autoconfigure.actuate.observability.ObservabilityContextCustomizerFactory$DisableObservabilityContextCustomizer@1f, org.springframework.boot.test.autoconfigure.properties.PropertyMappingContextCustomizer@0, org.springframework.boot.test.autoconfigure.web.servlet.WebDriverContextCustomizer@7d9ba6c, org.springframework.boot.test.context.filter.ExcludeFilterContextCustomizer@5d425813, org.springframework.boot.test.json.DuplicateJsonObjectContextCustomizerFactory$DuplicateJsonObjectContextCustomizer@6b52dd31, org.springframework.boot.test.mock.mockito.MockitoContextCustomizer@0, org.springframework.boot.test.web.client.TestRestTemplateContextCustomizer@1c9e07c6, org.springframework.boot.test.context.SpringBootTestAnnotation@38fab2ee], resourceBasePath = "src/main/webapp", contextLoader = org.springframework.boot.test.context.SpringBootContextLoader, parent = null]
10:22:23.306 [Test worker] DEBUG org.springframework.test.context.cache - Spring test ApplicationContext cache statistics: [DefaultContextCache@7b031f53 size = 1, maxSize = 32, parentContextCount = 0, hitCount = 1, missCount = 1]
10:22:23.307 [Test worker] TRACE org.springframework.beans.factory.support.DefaultListableBeanFactory - Returning cached instance of singleton bean 'org.springframework.transaction.config.internalTransactionAdvisor'
10:22:23.308 [Test worker] TRACE org.springframework.test.context.cache.DefaultCacheAwareContextLoaderDelegate - Retrieved ApplicationContext [1519611492] from cache with key [WebMergedContextConfiguration@2d38edfd testClass = com.laundry.laundryMgmt.LaundryMgmtApplicationTests, locations = [], classes = [com.laundry.laundryMgmt.LaundryMgmtApplication], contextInitializerClasses = [], activeProfiles = [], propertySourceLocations = [], propertySourceProperties = ["org.springframework.boot.test.context.SpringBootTestContextBootstrapper=true"], contextCustomizers = [org.springframework.boot.test.autoconfigure.actuate.observability.ObservabilityContextCustomizerFactory$DisableObservabilityContextCustomizer@1f, org.springframework.boot.test.autoconfigure.properties.PropertyMappingContextCustomizer@0, org.springframework.boot.test.autoconfigure.web.servlet.WebDriverContextCustomizer@7d9ba6c, org.springframework.boot.test.context.filter.ExcludeFilterContextCustomizer@5d425813, org.springframework.boot.test.json.DuplicateJsonObjectContextCustomizerFactory$DuplicateJsonObjectContextCustomizer@6b52dd31, org.springframework.boot.test.mock.mockito.MockitoContextCustomizer@0, org.springframework.boot.test.web.client.TestRestTemplateContextCustomizer@1c9e07c6, org.springframework.boot.test.context.SpringBootTestAnnotation@38fab2ee], resourceBasePath = "src/main/webapp", contextLoader = org.springframework.boot.test.context.SpringBootContextLoader, parent = null]
10:22:23.308 [Test worker] DEBUG org.springframework.test.context.cache - Spring test ApplicationContext cache statistics: [DefaultContextCache@7b031f53 size = 1, maxSize = 32, parentContextCount = 0, hitCount = 2, missCount = 1]
10:22:23.308 [Test worker] TRACE org.springframework.beans.factory.support.DefaultListableBeanFactory - Returning cached instance of singleton bean 'delegatingApplicationListener'
10:22:23.309 [Test worker] TRACE org.springframework.test.context.TestContextManager - beforeTestMethod(): instance [com.laundry.laundryMgmt.LaundryMgmtApplicationTests@7ab4ae59], method [void com.laundry.laundryMgmt.LaundryMgmtApplicationTests.contextLoads()]
10:22:23.310 [Test worker] TRACE org.springframework.test.context.support.DirtiesContextBeforeModesTestExecutionListener - Before test method: context [DefaultTestContext@51d719bc testClass = com.laundry.laundryMgmt.LaundryMgmtApplicationTests, testInstance = com.laundry.laundryMgmt.LaundryMgmtApplicationTests@7ab4ae59, testMethod = contextLoads(), testException = null, mergedContextConfiguration = [WebMergedContextConfiguration@2d38edfd testClass = com.laundry.laundryMgmt.LaundryMgmtApplicationTests, locations = [], classes = [com.laundry.laundryMgmt.LaundryMgmtApplication], contextInitializerClasses = [], activeProfiles = [], propertySourceLocations = [], propertySourceProperties = ["org.springframework.boot.test.context.SpringBootTestContextBootstrapper=true"], contextCustomizers = [org.springframework.boot.test.autoconfigure.actuate.observability.ObservabilityContextCustomizerFactory$DisableObservabilityContextCustomizer@1f, org.springframework.boot.test.autoconfigure.properties.PropertyMappingContextCustomizer@0, org.springframework.boot.test.autoconfigure.web.servlet.WebDriverContextCustomizer@7d9ba6c, org.springframework.boot.test.context.filter.ExcludeFilterContextCustomizer@5d425813, org.springframework.boot.test.json.DuplicateJsonObjectContextCustomizerFactory$DuplicateJsonObjectContextCustomizer@6b52dd31, org.springframework.boot.test.mock.mockito.MockitoContextCustomizer@0, org.springframework.boot.test.web.client.TestRestTemplateContextCustomizer@1c9e07c6, org.springframework.boot.test.context.SpringBootTestAnnotation@38fab2ee], resourceBasePath = "src/main/webapp", contextLoader = org.springframework.boot.test.context.SpringBootContextLoader, parent = null], attributes = {"org.springframework.test.context.web.ServletTestExecutionListener.activateListener" -> true, "org.springframework.test.context.web.ServletTestExecutionListener.populatedRequestContextHolder" -> true, "org.springframework.test.context.web.ServletTestExecutionListener.resetRequestContextHolder" -> true, "org.springframework.test.context.event.ApplicationEventsTestExecutionListener.recordApplicationEvents" -> false}], class annotated with @DirtiesContext [false] with mode [null], method annotated with @DirtiesContext [false] with mode [null]
10:22:23.316 [Test worker] TRACE org.springframework.test.context.cache.DefaultCacheAwareContextLoaderDelegate - Retrieved ApplicationContext [1519611492] from cache with key [WebMergedContextConfiguration@2d38edfd testClass = com.laundry.laundryMgmt.LaundryMgmtApplicationTests, locations = [], classes = [com.laundry.laundryMgmt.LaundryMgmtApplication], contextInitializerClasses = [], activeProfiles = [], propertySourceLocations = [], propertySourceProperties = ["org.springframework.boot.test.context.SpringBootTestContextBootstrapper=true"], contextCustomizers = [org.springframework.boot.test.autoconfigure.actuate.observability.ObservabilityContextCustomizerFactory$DisableObservabilityContextCustomizer@1f, org.springframework.boot.test.autoconfigure.properties.PropertyMappingContextCustomizer@0, org.springframework.boot.test.autoconfigure.web.servlet.WebDriverContextCustomizer@7d9ba6c, org.springframework.boot.test.context.filter.ExcludeFilterContextCustomizer@5d425813, org.springframework.boot.test.json.DuplicateJsonObjectContextCustomizerFactory$DuplicateJsonObjectContextCustomizer@6b52dd31, org.springframework.boot.test.mock.mockito.MockitoContextCustomizer@0, org.springframework.boot.test.web.client.TestRestTemplateContextCustomizer@1c9e07c6, org.springframework.boot.test.context.SpringBootTestAnnotation@38fab2ee], resourceBasePath = "src/main/webapp", contextLoader = org.springframework.boot.test.context.SpringBootContextLoader, parent = null]
10:22:23.316 [Test worker] DEBUG org.springframework.test.context.cache - Spring test ApplicationContext cache statistics: [DefaultContextCache@7b031f53 size = 1, maxSize = 32, parentContextCount = 0, hitCount = 3, missCount = 1]
10:22:23.317 [Test worker] TRACE org.springframework.beans.factory.support.DefaultListableBeanFactory - Returning cached instance of singleton bean 'delegatingApplicationListener'
10:22:23.317 [Test worker] TRACE org.springframework.test.context.cache.DefaultCacheAwareContextLoaderDelegate - Retrieved ApplicationContext [1519611492] from cache with key [WebMergedContextConfiguration@2d38edfd testClass = com.laundry.laundryMgmt.LaundryMgmtApplicationTests, locations = [], classes = [com.laundry.laundryMgmt.LaundryMgmtApplication], contextInitializerClasses = [], activeProfiles = [], propertySourceLocations = [], propertySourceProperties = ["org.springframework.boot.test.context.SpringBootTestContextBootstrapper=true"], contextCustomizers = [org.springframework.boot.test.autoconfigure.actuate.observability.ObservabilityContextCustomizerFactory$DisableObservabilityContextCustomizer@1f, org.springframework.boot.test.autoconfigure.properties.PropertyMappingContextCustomizer@0, org.springframework.boot.test.autoconfigure.web.servlet.WebDriverContextCustomizer@7d9ba6c, org.springframework.boot.test.context.filter.ExcludeFilterContextCustomizer@5d425813, org.springframework.boot.test.json.DuplicateJsonObjectContextCustomizerFactory$DuplicateJsonObjectContextCustomizer@6b52dd31, org.springframework.boot.test.mock.mockito.MockitoContextCustomizer@0, org.springframework.boot.test.web.client.TestRestTemplateContextCustomizer@1c9e07c6, org.springframework.boot.test.context.SpringBootTestAnnotation@38fab2ee], resourceBasePath = "src/main/webapp", contextLoader = org.springframework.boot.test.context.SpringBootContextLoader, parent = null]
10:22:23.317 [Test worker] DEBUG org.springframework.test.context.cache - Spring test ApplicationContext cache statistics: [DefaultContextCache@7b031f53 size = 1, maxSize = 32, parentContextCount = 0, hitCount = 4, missCount = 1]
10:22:23.318 [Test worker] TRACE org.springframework.beans.factory.support.DefaultListableBeanFactory - Returning cached instance of singleton bean 'org.springframework.boot.test.mock.mockito.MockitoPostProcessor$SpyPostProcessor'
10:22:24.061 [Test worker] TRACE org.springframework.beans.factory.support.DefaultListableBeanFactory - Returning cached instance of singleton bean 'org.springframework.boot.test.mock.mockito.MockitoPostProcessor'
10:22:24.062 [Test worker] TRACE org.springframework.beans.factory.support.DefaultListableBeanFactory - Returning cached instance of singleton bean 'org.springframework.context.annotation.internalConfigurationAnnotationProcessor'
10:22:24.062 [Test worker] TRACE org.springframework.beans.factory.support.DefaultListableBeanFactory - Returning cached instance of singleton bean 'org.springframework.context.annotation.internalAutowiredAnnotationProcessor'
10:22:24.062 [Test worker] TRACE org.springframework.beans.factory.support.DefaultListableBeanFactory - Returning cached instance of singleton bean 'org.springframework.context.annotation.internalCommonAnnotationProcessor'
10:22:24.062 [Test worker] TRACE org.springframework.beans.factory.support.DefaultListableBeanFactory - Returning cached instance of singleton bean 'org.springframework.context.annotation.internalPersistenceAnnotationProcessor'
10:22:24.062 [Test worker] TRACE org.springframework.beans.factory.support.DefaultListableBeanFactory - Returning cached instance of singleton bean 'org.springframework.context.event.internalEventListenerProcessor'
10:22:24.063 [Test worker] TRACE org.springframework.beans.factory.support.DefaultListableBeanFactory - Returning cached instance of singleton bean 'org.springframework.context.event.internalEventListenerFactory'
10:22:24.063 [Test worker] TRACE org.springframework.beans.factory.support.DefaultListableBeanFactory - Returning cached instance of singleton bean 'laundryMgmtApplication'
10:22:24.063 [Test worker] TRACE org.springframework.beans.factory.support.DefaultListableBeanFactory - Returning cached instance of singleton bean 'org.springframework.boot.autoconfigure.internalCachingMetadataReaderFactory'
10:22:24.063 [Test worker] TRACE org.springframework.beans.factory.support.DefaultListableBeanFactory - Returning cached instance of singleton bean 'org.springframework.boot.autoconfigure.internalCachingMetadataReaderFactory'
10:22:24.063 [Test worker] TRACE org.springframework.beans.factory.support.DefaultListableBeanFactory - Returning cached instance of singleton bean 'laundryMgmtApplicationConfig'
10:22:24.063 [Test worker] TRACE org.springframework.beans.factory.support.DefaultListableBeanFactory - Returning cached instance of singleton bean 'machineImplementationService'
10:22:24.063 [Test worker] TRACE org.springframework.beans.factory.support.DefaultListableBeanFactory - Returning cached instance of singleton bean 'machinesServicesImplementation'
10:22:24.063 [Test worker] TRACE org.springframework.beans.factory.support.DefaultListableBeanFactory - Returning cached instance of singleton bean 'springSecurityConfig'
10:22:24.063 [Test worker] TRACE org.springframework.beans.factory.support.DefaultListableBeanFactory - Returning cached instance of singleton bean 'machineController'
10:22:24.064 [Test worker] TRACE org.springframework.beans.factory.support.DefaultListableBeanFactory - Returning cached instance of singleton bean 'reservationController'
10:22:24.064 [Test worker] TRACE org.springframework.beans.factory.support.DefaultListableBeanFactory - Returning cached instance of singleton bean 'securityController'
10:22:24.064 [Test worker] TRACE org.springframework.beans.factory.support.DefaultListableBeanFactory - Returning cached instance of singleton bean 'sensorController'
10:22:24.064 [Test worker] TRACE org.springframework.beans.factory.support.DefaultListableBeanFactory - Returning cached instance of singleton bean 'washingTimeCommandLine'
10:22:24.065 [Test worker] TRACE org.springframework.beans.factory.support.DefaultListableBeanFactory - Returning cached instance of singleton bean 'userDetailsService'
10:22:24.065 [Test worker] TRACE org.springframework.beans.factory.support.DefaultListableBeanFactory - Returning cached instance of singleton bean 'defaultSecurityFilterChain'
10:22:24.065 [Test worker] TRACE org.springframework.beans.factory.support.DefaultListableBeanFactory - Returning cached instance of singleton bean 'org.springframework.boot.autoconfigure.AutoConfigurationPackages'
10:22:24.065 [Test worker] TRACE org.springframework.beans.factory.support.DefaultListableBeanFactory - Returning cached instance of singleton bean 'org.springframework.boot.autoconfigure.context.PropertyPlaceholderAutoConfiguration'
10:22:24.065 [Test worker] TRACE org.springframework.beans.factory.support.DefaultListableBeanFactory - Returning cached instance of singleton bean 'propertySourcesPlaceholderConfigurer'
10:22:24.065 [Test worker] TRACE org.springframework.beans.factory.support.DefaultListableBeanFactory - Returning cached instance of singleton bean 'org.springframework.boot.autoconfigure.ssl.SslAutoConfiguration'
10:22:24.065 [Test worker] TRACE org.springframework.beans.factory.support.DefaultListableBeanFactory - Returning cached instance of singleton bean 'sslPropertiesSslBundleRegistrar'
10:22:24.065 [Test worker] TRACE org.springframework.beans.factory.support.DefaultListableBeanFactory - Returning cached instance of singleton bean 'sslBundleRegistry'
10:22:24.065 [Test worker] TRACE org.springframework.beans.factory.support.DefaultListableBeanFactory - Returning cached instance of singleton bean 'org.springframework.boot.context.properties.ConfigurationPropertiesBindingPostProcessor'
10:22:24.065 [Test worker] TRACE org.springframework.beans.factory.support.DefaultListableBeanFactory - Returning cached instance of singleton bean 'org.springframework.boot.context.internalConfigurationPropertiesBinder'
10:22:24.065 [Test worker] TRACE org.springframework.beans.factory.support.DefaultListableBeanFactory - Returning cached instance of singleton bean 'org.springframework.boot.context.internalConfigurationPropertiesBinder'
10:22:24.065 [Test worker] TRACE org.springframework.beans.factory.support.DefaultListableBeanFactory - Returning cached instance of singleton bean 'org.springframework.boot.context.properties.BoundConfigurationProperties'
10:22:24.066 [Test worker] TRACE org.springframework.beans.factory.support.DefaultListableBeanFactory - Returning cached instance of singleton bean 'org.springframework.boot.context.properties.EnableConfigurationPropertiesRegistrar.methodValidationExcludeFilter'
10:22:24.066 [Test worker] TRACE org.springframework.beans.factory.support.DefaultListableBeanFactory - Returning cached instance of singleton bean 'spring.ssl-org.springframework.boot.autoconfigure.ssl.SslProperties'
10:22:24.066 [Test worker] TRACE org.springframework.beans.factory.support.DefaultListableBeanFactory - Returning cached instance of singleton bean 'org.springframework.boot.autoconfigure.websocket.servlet.WebSocketServletAutoConfiguration$TomcatWebSocketConfiguration'
10:22:24.067 [Test worker] TRACE org.springframework.beans.factory.support.DefaultListableBeanFactory - Returning cached instance of singleton bean 'websocketServletWebServerCustomizer'
10:22:24.067 [Test worker] TRACE org.springframework.beans.factory.support.DefaultListableBeanFactory - Returning cached instance of singleton bean 'org.springframework.boot.autoconfigure.websocket.servlet.WebSocketServletAutoConfiguration'
10:22:24.067 [Test worker] TRACE org.springframework.beans.factory.support.DefaultListableBeanFactory - Returning cached instance of singleton bean 'org.springframework.boot.autoconfigure.web.servlet.ServletWebServerFactoryConfiguration$EmbeddedTomcat'
10:22:24.068 [Test worker] TRACE org.springframework.beans.factory.support.DefaultListableBeanFactory - Returning cached instance of singleton bean 'tomcatServletWebServerFactory'
10:22:24.068 [Test worker] TRACE org.springframework.beans.factory.support.DefaultListableBeanFactory - Returning cached instance of singleton bean 'org.springframework.boot.autoconfigure.web.servlet.ServletWebServerFactoryAutoConfiguration'
10:22:24.068 [Test worker] TRACE org.springframework.beans.factory.support.DefaultListableBeanFactory - Returning cached instance of singleton bean 'servletWebServerFactoryCustomizer'
10:22:24.069 [Test worker] TRACE org.springframework.beans.factory.support.DefaultListableBeanFactory - Returning cached instance of singleton bean 'tomcatServletWebServerFactoryCustomizer'
10:22:24.069 [Test worker] TRACE org.springframework.beans.factory.support.DefaultListableBeanFactory - Returning cached instance of singleton bean 'server-org.springframework.boot.autoconfigure.web.ServerProperties'
10:22:24.069 [Test worker] TRACE org.springframework.beans.factory.support.DefaultListableBeanFactory - Returning cached instance of singleton bean 'webServerFactoryCustomizerBeanPostProcessor'
10:22:24.069 [Test worker] TRACE org.springframework.beans.factory.support.DefaultListableBeanFactory - Returning cached instance of singleton bean 'errorPageRegistrarBeanPostProcessor'
10:22:24.069 [Test worker] TRACE org.springframework.beans.factory.support.DefaultListableBeanFactory - Returning cached instance of singleton bean 'org.springframework.boot.autoconfigure.web.servlet.DispatcherServletAutoConfiguration$DispatcherServletConfiguration'
10:22:24.069 [Test worker] TRACE org.springframework.beans.factory.support.DefaultListableBeanFactory - Returning cached instance of singleton bean 'dispatcherServlet'
10:22:24.070 [Test worker] TRACE org.springframework.beans.factory.support.DefaultListableBeanFactory - Returning cached instance of singleton bean 'spring.mvc-org.springframework.boot.autoconfigure.web.servlet.WebMvcProperties'
10:22:24.070 [Test worker] TRACE org.springframework.beans.factory.support.DefaultListableBeanFactory - Returning cached instance of singleton bean 'org.springframework.boot.autoconfigure.web.servlet.DispatcherServletAutoConfiguration$DispatcherServletRegistrationConfiguration'
10:22:24.070 [Test worker] TRACE org.springframework.beans.factory.support.DefaultListableBeanFactory - Returning cached instance of singleton bean 'dispatcherServletRegistration'
10:22:24.070 [Test worker] TRACE org.springframework.beans.factory.support.DefaultListableBeanFactory - Returning cached instance of singleton bean 'org.springframework.boot.autoconfigure.web.servlet.DispatcherServletAutoConfiguration'
10:22:24.071 [Test worker] TRACE org.springframework.beans.factory.support.DefaultListableBeanFactory - Returning cached instance of singleton bean 'org.springframework.boot.autoconfigure.task.TaskExecutionAutoConfiguration'
10:22:24.071 [Test worker] TRACE org.springframework.beans.factory.support.DefaultListableBeanFactory - Returning cached instance of singleton bean 'taskExecutorBuilder'
10:22:24.071 [Test worker] TRACE org.springframework.beans.factory.support.DefaultListableBeanFactory - Returning cached instance of singleton bean 'applicationTaskExecutor'
10:22:24.071 [Test worker] TRACE org.springframework.beans.factory.support.DefaultListableBeanFactory - Returning cached instance of singleton bean 'spring.task.execution-org.springframework.boot.autoconfigure.task.TaskExecutionProperties'
10:22:24.072 [Test worker] TRACE org.springframework.beans.factory.support.DefaultListableBeanFactory - Returning cached instance of singleton bean 'org.springframework.boot.autoconfigure.web.servlet.error.ErrorMvcAutoConfiguration$WhitelabelErrorViewConfiguration'
10:22:24.072 [Test worker] TRACE org.springframework.beans.factory.support.DefaultListableBeanFactory - Returning cached instance of singleton bean 'error'
10:22:24.072 [Test worker] TRACE org.springframework.beans.factory.support.DefaultListableBeanFactory - Returning cached instance of singleton bean 'beanNameViewResolver'
10:22:24.072 [Test worker] TRACE org.springframework.beans.factory.support.DefaultListableBeanFactory - Returning cached instance of singleton bean 'org.springframework.boot.autoconfigure.web.servlet.error.ErrorMvcAutoConfiguration$DefaultErrorViewResolverConfiguration'
10:22:24.073 [Test worker] TRACE org.springframework.beans.factory.support.DefaultListableBeanFactory - Returning cached instance of singleton bean 'conventionErrorViewResolver'
10:22:24.073 [Test worker] TRACE org.springframework.beans.factory.support.DefaultListableBeanFactory - Returning cached instance of singleton bean 'spring.web-org.springframework.boot.autoconfigure.web.WebProperties'
10:22:24.073 [Test worker] TRACE org.springframework.beans.factory.support.DefaultListableBeanFactory - Returning cached instance of singleton bean 'org.springframework.boot.autoconfigure.web.servlet.error.ErrorMvcAutoConfiguration'
10:22:24.074 [Test worker] TRACE org.springframework.beans.factory.support.DefaultListableBeanFactory - Returning cached instance of singleton bean 'errorAttributes'
10:22:24.074 [Test worker] TRACE org.springframework.beans.factory.support.DefaultListableBeanFactory - Returning cached instance of singleton bean 'basicErrorController'
10:22:24.074 [Test worker] TRACE org.springframework.beans.factory.support.DefaultListableBeanFactory - Returning cached instance of singleton bean 'errorPageCustomizer'
10:22:24.074 [Test worker] TRACE org.springframework.beans.factory.support.DefaultListableBeanFactory - Returning cached instance of singleton bean 'preserveErrorControllerTargetClassPostProcessor'
10:22:24.075 [Test worker] TRACE org.springframework.beans.factory.support.DefaultListableBeanFactory - Returning cached instance of singleton bean 'org.springframework.boot.autoconfigure.web.servlet.WebMvcAutoConfiguration$EnableWebMvcConfiguration'
10:22:24.075 [Test worker] TRACE org.springframework.beans.factory.support.DefaultListableBeanFactory - Returning cached instance of singleton bean 'requestMappingHandlerAdapter'
10:22:24.075 [Test worker] TRACE org.springframework.beans.factory.support.DefaultListableBeanFactory - Returning cached instance of singleton bean 'welcomePageHandlerMapping'
10:22:24.075 [Test worker] TRACE org.springframework.beans.factory.support.DefaultListableBeanFactory - Returning cached instance of singleton bean 'welcomePageNotAcceptableHandlerMapping'
10:22:24.076 [Test worker] TRACE org.springframework.beans.factory.support.DefaultListableBeanFactory - Returning cached instance of singleton bean 'localeResolver'
10:22:24.076 [Test worker] TRACE org.springframework.beans.factory.support.DefaultListableBeanFactory - Returning cached instance of singleton bean 'themeResolver'
10:22:24.076 [Test worker] TRACE org.springframework.beans.factory.support.DefaultListableBeanFactory - Returning cached instance of singleton bean 'flashMapManager'
10:22:24.076 [Test worker] TRACE org.springframework.beans.factory.support.DefaultListableBeanFactory - Returning cached instance of singleton bean 'mvcConversionService'
10:22:24.076 [Test worker] TRACE org.springframework.beans.factory.support.DefaultListableBeanFactory - Returning cached instance of singleton bean 'mvcValidator'
10:22:24.076 [Test worker] TRACE org.springframework.beans.factory.support.DefaultListableBeanFactory - Returning cached instance of singleton bean 'mvcContentNegotiationManager'
10:22:24.076 [Test worker] TRACE org.springframework.beans.factory.support.DefaultListableBeanFactory - Returning cached instance of singleton bean 'requestMappingHandlerMapping'
10:22:24.076 [Test worker] TRACE org.springframework.beans.factory.support.DefaultListableBeanFactory - Returning cached instance of singleton bean 'mvcPatternParser'
10:22:24.076 [Test worker] TRACE org.springframework.beans.factory.support.DefaultListableBeanFactory - Returning cached instance of singleton bean 'mvcUrlPathHelper'
10:22:24.076 [Test worker] TRACE org.springframework.beans.factory.support.DefaultListableBeanFactory - Returning cached instance of singleton bean 'mvcPathMatcher'
10:22:24.076 [Test worker] TRACE org.springframework.beans.factory.support.DefaultListableBeanFactory - Returning cached instance of singleton bean 'viewControllerHandlerMapping'
10:22:24.076 [Test worker] TRACE org.springframework.beans.factory.support.DefaultListableBeanFactory - Returning cached instance of singleton bean 'beanNameHandlerMapping'
10:22:24.076 [Test worker] TRACE org.springframework.beans.factory.support.DefaultListableBeanFactory - Returning cached instance of singleton bean 'routerFunctionMapping'
10:22:24.077 [Test worker] TRACE org.springframework.beans.factory.support.DefaultListableBeanFactory - Returning cached instance of singleton bean 'resourceHandlerMapping'
10:22:24.077 [Test worker] TRACE org.springframework.beans.factory.support.DefaultListableBeanFactory - Returning cached instance of singleton bean 'mvcResourceUrlProvider'
10:22:24.077 [Test worker] TRACE org.springframework.beans.factory.support.DefaultListableBeanFactory - Returning cached instance of singleton bean 'defaultServletHandlerMapping'
10:22:24.077 [Test worker] TRACE org.springframework.beans.factory.support.DefaultListableBeanFactory - Returning cached instance of singleton bean 'handlerFunctionAdapter'
10:22:24.077 [Test worker] TRACE org.springframework.beans.factory.support.DefaultListableBeanFactory - Returning cached instance of singleton bean 'mvcUriComponentsContributor'
10:22:24.077 [Test worker] TRACE org.springframework.beans.factory.support.DefaultListableBeanFactory - Returning cached instance of singleton bean 'httpRequestHandlerAdapter'
10:22:24.077 [Test worker] TRACE org.springframework.beans.factory.support.DefaultListableBeanFactory - Returning cached instance of singleton bean 'simpleControllerHandlerAdapter'
10:22:24.077 [Test worker] TRACE org.springframework.beans.factory.support.DefaultListableBeanFactory - Returning cached instance of singleton bean 'handlerExceptionResolver'
10:22:24.077 [Test worker] TRACE org.springframework.beans.factory.support.DefaultListableBeanFactory - Returning cached instance of singleton bean 'mvcViewResolver'
10:22:24.078 [Test worker] TRACE org.springframework.beans.factory.support.DefaultListableBeanFactory - Returning cached instance of singleton bean 'viewNameTranslator'
10:22:24.078 [Test worker] TRACE org.springframework.beans.factory.support.DefaultListableBeanFactory - Returning cached instance of singleton bean 'org.springframework.boot.autoconfigure.web.servlet.WebMvcAutoConfiguration$WebMvcAutoConfigurationAdapter'
10:22:24.078 [Test worker] TRACE org.springframework.beans.factory.support.DefaultListableBeanFactory - Returning cached instance of singleton bean 'defaultViewResolver'
10:22:24.079 [Test worker] TRACE org.springframework.beans.factory.support.DefaultListableBeanFactory - Returning cached instance of singleton bean 'viewResolver'
10:22:24.079 [Test worker] TRACE org.springframework.beans.factory.support.DefaultListableBeanFactory - Returning cached instance of singleton bean 'requestContextFilter'
10:22:24.079 [Test worker] TRACE org.springframework.beans.factory.support.DefaultListableBeanFactory - Returning cached instance of singleton bean 'org.springframework.boot.autoconfigure.web.servlet.WebMvcAutoConfiguration'
10:22:24.079 [Test worker] TRACE org.springframework.beans.factory.support.DefaultListableBeanFactory - Returning cached instance of singleton bean 'formContentFilter'
10:22:24.080 [Test worker] TRACE org.springframework.beans.factory.support.DefaultListableBeanFactory - Returning cached instance of singleton bean 'org.springdoc.core.configuration.SpringDocConfiguration$QuerydslProvider'
10:22:24.080 [Test worker] TRACE org.springframework.beans.factory.support.DefaultListableBeanFactory - Returning cached instance of singleton bean 'queryDslQuerydslPredicateOperationCustomizer'
10:22:24.080 [Test worker] TRACE org.springframework.beans.factory.support.DefaultListableBeanFactory - Returning cached instance of singleton bean 'org.springdoc.core.configuration.SpringDocConfiguration$OpenApiResourceAdvice'
10:22:24.080 [Test worker] TRACE org.springframework.beans.factory.support.DefaultListableBeanFactory - Returning cached instance of singleton bean 'org.springdoc.core.configuration.SpringDocConfiguration$SpringDocSpringDataWebPropertiesProvider'
10:22:24.081 [Test worker] TRACE org.springframework.beans.factory.support.DefaultListableBeanFactory - Returning cached instance of singleton bean 'springDataWebPropertiesProvider'
10:22:24.081 [Test worker] TRACE org.springframework.beans.factory.support.DefaultListableBeanFactory - Returning cached instance of singleton bean 'org.springdoc.core.configuration.SpringDocConfiguration$WebConversionServiceConfiguration'
10:22:24.081 [Test worker] TRACE org.springframework.beans.factory.support.DefaultListableBeanFactory - Returning cached instance of singleton bean 'webConversionServiceProvider'
10:22:24.081 [Test worker] TRACE org.springframework.beans.factory.support.DefaultListableBeanFactory - Returning cached instance of singleton bean 'org.springdoc.core.configuration.SpringDocConfiguration'
10:22:24.081 [Test worker] TRACE org.springframework.beans.factory.support.DefaultListableBeanFactory - Returning cached instance of singleton bean 'localSpringDocParameterNameDiscoverer'
10:22:24.082 [Test worker] TRACE org.springframework.beans.factory.support.DefaultListableBeanFactory - Returning cached instance of singleton bean 'additionalModelsConverter'
10:22:24.082 [Test worker] TRACE org.springframework.beans.factory.support.DefaultListableBeanFactory - Returning cached instance of singleton bean 'fileSupportConverter'
10:22:24.082 [Test worker] TRACE org.springframework.beans.factory.support.DefaultListableBeanFactory - Returning cached instance of singleton bean 'responseSupportConverter'
10:22:24.083 [Test worker] TRACE org.springframework.beans.factory.support.DefaultListableBeanFactory - Returning cached instance of singleton bean 'schemaPropertyDeprecatingConverter'
10:22:24.083 [Test worker] TRACE org.springframework.beans.factory.support.DefaultListableBeanFactory - Returning cached instance of singleton bean 'polymorphicModelConverter'
10:22:24.083 [Test worker] TRACE org.springframework.beans.factory.support.DefaultListableBeanFactory - Returning cached instance of singleton bean 'openAPIBuilder'
10:22:24.084 [Test worker] TRACE org.springframework.beans.factory.support.DefaultListableBeanFactory - Returning cached instance of singleton bean 'modelConverterRegistrar'
10:22:24.084 [Test worker] TRACE org.springframework.beans.factory.support.DefaultListableBeanFactory - Returning cached instance of singleton bean 'operationBuilder'
10:22:24.084 [Test worker] TRACE org.springframework.beans.factory.support.DefaultListableBeanFactory - Returning cached instance of singleton bean 'propertyResolverUtils'
10:22:24.084 [Test worker] TRACE org.springframework.beans.factory.support.DefaultListableBeanFactory - Returning cached instance of singleton bean 'requestBodyBuilder'
10:22:24.084 [Test worker] TRACE org.springframework.beans.factory.support.DefaultListableBeanFactory - Returning cached instance of singleton bean 'securityParser'
10:22:24.084 [Test worker] TRACE org.springframework.beans.factory.support.DefaultListableBeanFactory - Returning cached instance of singleton bean 'genericReturnTypeParser'
10:22:24.085 [Test worker] TRACE org.springframework.beans.factory.support.DefaultListableBeanFactory - Returning cached instance of singleton bean 'parameterBuilder'
10:22:24.085 [Test worker] TRACE org.springframework.beans.factory.support.DefaultListableBeanFactory - Returning cached instance of singleton bean 'springDocProviders'
10:22:24.085 [Test worker] TRACE org.springframework.beans.factory.support.DefaultListableBeanFactory - Returning cached instance of singleton bean 'springdocObjectMapperProvider'
10:22:24.085 [Test worker] TRACE org.springframework.beans.factory.support.DefaultListableBeanFactory - Returning cached instance of singleton bean 'springDocCustomizers'
10:22:24.086 [Test worker] TRACE org.springframework.beans.factory.support.DefaultListableBeanFactory - Returning cached instance of singleton bean 'org.springdoc.core.configuration.SpringDocPageableConfiguration'
10:22:24.086 [Test worker] TRACE org.springframework.beans.factory.support.DefaultListableBeanFactory - Returning cached instance of singleton bean 'pageableOpenAPIConverter'
10:22:24.086 [Test worker] TRACE org.springframework.beans.factory.support.DefaultListableBeanFactory - Returning cached instance of singleton bean 'delegatingMethodParameterCustomizer'
10:22:24.086 [Test worker] TRACE org.springframework.beans.factory.support.DefaultListableBeanFactory - Returning cached instance of singleton bean 'org.springdoc.core.configuration.SpringDocSecurityConfiguration$SpringSecurityLoginEndpointConfiguration'
10:22:24.086 [Test worker] TRACE org.springframework.beans.factory.support.DefaultListableBeanFactory - Returning cached instance of singleton bean 'org.springdoc.core.configuration.SpringDocSecurityConfiguration'
10:22:24.088 [Test worker] TRACE org.springframework.beans.factory.support.DefaultListableBeanFactory - Returning cached instance of singleton bean 'org.springdoc.core.configuration.SpringDocSortConfiguration'
10:22:24.088 [Test worker] TRACE org.springframework.beans.factory.support.DefaultListableBeanFactory - Returning cached instance of singleton bean 'sortOpenAPIConverter'
10:22:24.088 [Test worker] TRACE org.springframework.beans.factory.support.DefaultListableBeanFactory - Returning cached instance of singleton bean 'org.springdoc.core.configuration.SpringDocUIConfiguration'
10:22:24.088 [Test worker] TRACE org.springframework.beans.factory.support.DefaultListableBeanFactory - Returning cached instance of singleton bean 'org.springdoc.core.properties.SpringDocConfigProperties'
10:22:24.088 [Test worker] TRACE org.springframework.beans.factory.support.DefaultListableBeanFactory - Returning cached instance of singleton bean 'org.springdoc.core.properties.SwaggerUiConfigParameters'
10:22:24.088 [Test worker] TRACE org.springframework.beans.factory.support.DefaultListableBeanFactory - Returning cached instance of singleton bean 'org.springdoc.core.properties.SwaggerUiConfigProperties'
10:22:24.088 [Test worker] TRACE org.springframework.beans.factory.support.DefaultListableBeanFactory - Returning cached instance of singleton bean 'org.springdoc.core.properties.SwaggerUiOAuthProperties'
10:22:24.088 [Test worker] TRACE org.springframework.beans.factory.support.DefaultListableBeanFactory - Returning cached instance of singleton bean 'org.springdoc.webmvc.core.configuration.SpringDocWebMvcConfiguration$SpringDocWebMvcRouterConfiguration'
10:22:24.088 [Test worker] TRACE org.springframework.beans.factory.support.DefaultListableBeanFactory - Returning cached instance of singleton bean 'routerFunctionProvider'
10:22:24.088 [Test worker] TRACE org.springframework.beans.factory.support.DefaultListableBeanFactory - Returning cached instance of singleton bean 'org.springdoc.webmvc.core.configuration.SpringDocWebMvcConfiguration'
10:22:24.088 [Test worker] TRACE org.springframework.beans.factory.support.DefaultListableBeanFactory - Returning cached instance of singleton bean 'openApiResource'
10:22:24.088 [Test worker] TRACE org.springframework.beans.factory.support.DefaultListableBeanFactory - Returning cached instance of singleton bean 'requestBuilder'
10:22:24.089 [Test worker] TRACE org.springframework.beans.factory.support.DefaultListableBeanFactory - Returning cached instance of singleton bean 'springWebProvider'
10:22:24.089 [Test worker] TRACE org.springframework.beans.factory.support.DefaultListableBeanFactory - Returning cached instance of singleton bean 'responseBuilder'
10:22:24.089 [Test worker] TRACE org.springframework.beans.factory.support.DefaultListableBeanFactory - Returning cached instance of singleton bean 'org.springdoc.webmvc.ui.SwaggerConfig'
10:22:24.089 [Test worker] TRACE org.springframework.beans.factory.support.DefaultListableBeanFactory - Returning cached instance of singleton bean 'swaggerWelcome'
10:22:24.089 [Test worker] TRACE org.springframework.beans.factory.support.DefaultListableBeanFactory - Returning cached instance of singleton bean 'swaggerConfigResource'
10:22:24.089 [Test worker] TRACE org.springframework.beans.factory.support.DefaultListableBeanFactory - Returning cached instance of singleton bean 'indexPageTransformer'
10:22:24.089 [Test worker] TRACE org.springframework.beans.factory.support.DefaultListableBeanFactory - Returning cached instance of singleton bean 'swaggerWebMvcConfigurer'
10:22:24.089 [Test worker] TRACE org.springframework.beans.factory.support.DefaultListableBeanFactory - Returning cached instance of singleton bean 'swaggerResourceResolver'
10:22:24.089 [Test worker] TRACE org.springframework.beans.factory.support.DefaultListableBeanFactory - Returning cached instance of singleton bean 'org.springframework.boot.autoconfigure.aop.AopAutoConfiguration$AspectJAutoProxyingConfiguration$CglibAutoProxyConfiguration'
10:22:24.089 [Test worker] TRACE org.springframework.beans.factory.support.DefaultListableBeanFactory - Returning cached instance of singleton bean 'org.springframework.aop.config.internalAutoProxyCreator'
10:22:24.089 [Test worker] TRACE org.springframework.beans.factory.support.DefaultListableBeanFactory - Returning cached instance of singleton bean 'org.springframework.boot.autoconfigure.aop.AopAutoConfiguration$AspectJAutoProxyingConfiguration'
10:22:24.089 [Test worker] TRACE org.springframework.beans.factory.support.DefaultListableBeanFactory - Returning cached instance of singleton bean 'org.springframework.boot.autoconfigure.aop.AopAutoConfiguration'
10:22:24.089 [Test worker] TRACE org.springframework.beans.factory.support.DefaultListableBeanFactory - Returning cached instance of singleton bean 'org.springframework.boot.autoconfigure.availability.ApplicationAvailabilityAutoConfiguration'
10:22:24.090 [Test worker] TRACE org.springframework.beans.factory.support.DefaultListableBeanFactory - Returning cached instance of singleton bean 'applicationAvailability'
10:22:24.090 [Test worker] TRACE org.springframework.beans.factory.support.DefaultListableBeanFactory - Returning cached instance of singleton bean 'org.springframework.boot.autoconfigure.jackson.JacksonAutoConfiguration$Jackson2ObjectMapperBuilderCustomizerConfiguration'
10:22:24.090 [Test worker] TRACE org.springframework.beans.factory.support.DefaultListableBeanFactory - Returning cached instance of singleton bean 'standardJacksonObjectMapperBuilderCustomizer'
10:22:24.090 [Test worker] TRACE org.springframework.beans.factory.support.DefaultListableBeanFactory - Returning cached instance of singleton bean 'spring.jackson-org.springframework.boot.autoconfigure.jackson.JacksonProperties'
10:22:24.091 [Test worker] TRACE org.springframework.beans.factory.support.DefaultListableBeanFactory - Returning cached instance of singleton bean 'org.springframework.boot.autoconfigure.jackson.JacksonAutoConfiguration$JacksonObjectMapperBuilderConfiguration'
10:22:24.091 [Test worker] TRACE org.springframework.beans.factory.support.DefaultListableBeanFactory - Returning cached instance of singleton bean 'org.springframework.boot.autoconfigure.jackson.JacksonAutoConfiguration$ParameterNamesModuleConfiguration'
10:22:24.091 [Test worker] TRACE org.springframework.beans.factory.support.DefaultListableBeanFactory - Returning cached instance of singleton bean 'parameterNamesModule'
10:22:24.091 [Test worker] TRACE org.springframework.beans.factory.support.DefaultListableBeanFactory - Returning cached instance of singleton bean 'org.springframework.boot.autoconfigure.jackson.JacksonAutoConfiguration$JacksonObjectMapperConfiguration'
10:22:24.092 [Test worker] TRACE org.springframework.beans.factory.support.DefaultListableBeanFactory - Returning cached instance of singleton bean 'jacksonObjectMapper'
10:22:24.092 [Test worker] TRACE org.springframework.beans.factory.support.DefaultListableBeanFactory - Returning cached instance of singleton bean 'org.springframework.boot.autoconfigure.jackson.JacksonAutoConfiguration$JacksonMixinConfiguration'
10:22:24.092 [Test worker] TRACE org.springframework.beans.factory.support.DefaultListableBeanFactory - Returning cached instance of singleton bean 'jsonMixinModuleEntries'
10:22:24.092 [Test worker] TRACE org.springframework.beans.factory.support.DefaultListableBeanFactory - Returning cached instance of singleton bean 'jsonMixinModule'
10:22:24.092 [Test worker] TRACE org.springframework.beans.factory.support.DefaultListableBeanFactory - Returning cached instance of singleton bean 'org.springframework.boot.autoconfigure.jackson.JacksonAutoConfiguration'
10:22:24.092 [Test worker] TRACE org.springframework.beans.factory.support.DefaultListableBeanFactory - Returning cached instance of singleton bean 'jsonComponentModule'
10:22:24.092 [Test worker] TRACE org.springframework.beans.factory.support.DefaultListableBeanFactory - Returning cached instance of singleton bean 'org.springframework.boot.autoconfigure.transaction.jta.JtaAutoConfiguration'
10:22:24.093 [Test worker] TRACE org.springframework.beans.factory.support.DefaultListableBeanFactory - Returning cached instance of singleton bean 'org.springframework.boot.autoconfigure.jdbc.DataSourceConfiguration$Hikari'
10:22:24.093 [Test worker] TRACE org.springframework.beans.factory.support.DefaultListableBeanFactory - Returning cached instance of singleton bean 'jdbcConnectionDetailsHikariBeanPostProcessor'
10:22:24.094 [Test worker] TRACE org.springframework.beans.factory.support.DefaultListableBeanFactory - Returning cached instance of singleton bean 'dataSource'
10:22:24.094 [Test worker] TRACE org.springframework.beans.factory.support.DefaultListableBeanFactory - Returning cached instance of singleton bean 'org.springframework.boot.autoconfigure.jdbc.DataSourceAutoConfiguration$PooledDataSourceConfiguration'
10:22:24.094 [Test worker] TRACE org.springframework.beans.factory.support.DefaultListableBeanFactory - Returning cached instance of singleton bean 'jdbcConnectionDetails'
10:22:24.094 [Test worker] TRACE org.springframework.beans.factory.support.DefaultListableBeanFactory - Returning cached instance of singleton bean 'org.springframework.boot.autoconfigure.jdbc.metadata.DataSourcePoolMetadataProvidersConfiguration$HikariPoolDataSourceMetadataProviderConfiguration'
10:22:24.094 [Test worker] TRACE org.springframework.beans.factory.support.DefaultListableBeanFactory - Returning cached instance of singleton bean 'hikariPoolDataSourceMetadataProvider'
10:22:24.094 [Test worker] TRACE org.springframework.beans.factory.support.DefaultListableBeanFactory - Returning cached instance of singleton bean 'org.springframework.boot.autoconfigure.jdbc.metadata.DataSourcePoolMetadataProvidersConfiguration'
10:22:24.095 [Test worker] TRACE org.springframework.beans.factory.support.DefaultListableBeanFactory - Returning cached instance of singleton bean 'org.springframework.boot.autoconfigure.jdbc.DataSourceAutoConfiguration'
10:22:24.095 [Test worker] TRACE org.springframework.beans.factory.support.DefaultListableBeanFactory - Returning cached instance of singleton bean 'spring.datasource-org.springframework.boot.autoconfigure.jdbc.DataSourceProperties'
10:22:24.096 [Test worker] TRACE org.springframework.beans.factory.support.DefaultListableBeanFactory - Returning cached instance of singleton bean 'org.springframework.boot.autoconfigure.orm.jpa.JpaBaseConfiguration$JpaWebConfiguration'
10:22:24.096 [Test worker] TRACE org.springframework.beans.factory.support.DefaultListableBeanFactory - Returning cached instance of singleton bean 'openEntityManagerInViewInterceptor'
10:22:24.096 [Test worker] TRACE org.springframework.beans.factory.support.DefaultListableBeanFactory - Returning cached instance of singleton bean 'openEntityManagerInViewInterceptorConfigurer'
10:22:24.096 [Test worker] TRACE org.springframework.beans.factory.support.DefaultListableBeanFactory - Returning cached instance of singleton bean 'org.springframework.boot.autoconfigure.orm.jpa.JpaBaseConfiguration$PersistenceManagedTypesConfiguration'
10:22:24.096 [Test worker] TRACE org.springframework.beans.factory.support.DefaultListableBeanFactory - Returning cached instance of singleton bean 'persistenceManagedTypes'
10:22:24.097 [Test worker] TRACE org.springframework.beans.factory.support.DefaultListableBeanFactory - Returning cached instance of singleton bean 'org.springframework.boot.autoconfigure.orm.jpa.HibernateJpaConfiguration'
10:22:24.097 [Test worker] TRACE org.springframework.beans.factory.support.DefaultListableBeanFactory - Returning cached instance of singleton bean 'transactionManager'
10:22:24.097 [Test worker] TRACE org.springframework.beans.factory.support.DefaultListableBeanFactory - Returning cached instance of singleton bean 'jpaVendorAdapter'
10:22:24.098 [Test worker] TRACE org.springframework.beans.factory.support.DefaultListableBeanFactory - Returning cached instance of singleton bean 'entityManagerFactoryBuilder'
10:22:24.098 [Test worker] TRACE org.springframework.beans.factory.support.DefaultListableBeanFactory - Returning cached instance of singleton bean 'entityManagerFactory'
10:22:24.098 [Test worker] TRACE org.springframework.beans.factory.support.DefaultListableBeanFactory - Returning cached instance of singleton bean 'entityManagerFactory'
10:22:24.098 [Test worker] TRACE org.springframework.beans.factory.support.DefaultListableBeanFactory - Returning cached instance of singleton bean 'spring.jpa.hibernate-org.springframework.boot.autoconfigure.orm.jpa.HibernateProperties'
10:22:24.098 [Test worker] TRACE org.springframework.beans.factory.support.DefaultListableBeanFactory - Returning cached instance of singleton bean 'spring.jpa-org.springframework.boot.autoconfigure.orm.jpa.JpaProperties'
10:22:24.098 [Test worker] TRACE org.springframework.beans.factory.support.DefaultListableBeanFactory - Returning cached instance of singleton bean 'org.springframework.boot.autoconfigure.orm.jpa.HibernateJpaAutoConfiguration'
10:22:24.098 [Test worker] TRACE org.springframework.beans.factory.support.DefaultListableBeanFactory - Returning cached instance of singleton bean 'org.springframework.boot.autoconfigure.context.ConfigurationPropertiesAutoConfiguration'
10:22:24.098 [Test worker] TRACE org.springframework.beans.factory.support.DefaultListableBeanFactory - Returning cached instance of singleton bean 'org.springframework.boot.autoconfigure.context.LifecycleAutoConfiguration'
10:22:24.098 [Test worker] TRACE org.springframework.beans.factory.support.DefaultListableBeanFactory - Returning cached instance of singleton bean 'lifecycleProcessor'
10:22:24.099 [Test worker] TRACE org.springframework.beans.factory.support.DefaultListableBeanFactory - Returning cached instance of singleton bean 'spring.lifecycle-org.springframework.boot.autoconfigure.context.LifecycleProperties'
10:22:24.099 [Test worker] TRACE org.springframework.beans.factory.support.DefaultListableBeanFactory - Returning cached instance of singleton bean 'org.springframework.boot.autoconfigure.dao.PersistenceExceptionTranslationAutoConfiguration'
10:22:24.099 [Test worker] TRACE org.springframework.beans.factory.support.DefaultListableBeanFactory - Returning cached instance of singleton bean 'persistenceExceptionTranslationPostProcessor'
10:22:24.099 [Test worker] TRACE org.springframework.beans.factory.support.DefaultListableBeanFactory - Returning cached instance of singleton bean 'org.springframework.boot.autoconfigure.data.jpa.JpaRepositoriesAutoConfiguration'
10:22:24.099 [Test worker] TRACE org.springframework.beans.factory.support.DefaultListableBeanFactory - Returning cached instance of singleton bean 'jpaSharedEM_entityManagerFactory'
10:22:24.099 [Test worker] TRACE org.springframework.beans.factory.support.DefaultListableBeanFactory - Returning cached instance of singleton bean 'emBeanDefinitionRegistrarPostProcessor'
10:22:24.100 [Test worker] TRACE org.springframework.beans.factory.support.DefaultListableBeanFactory - Returning cached instance of singleton bean 'jpaMappingContext'
10:22:24.100 [Test worker] TRACE org.springframework.beans.factory.support.DefaultListableBeanFactory - Returning cached instance of singleton bean 'jpaMappingContext'
10:22:24.100 [Test worker] TRACE org.springframework.beans.factory.support.DefaultListableBeanFactory - Returning cached instance of singleton bean 'org.springframework.data.jpa.util.JpaMetamodelCacheCleanup'
10:22:24.100 [Test worker] TRACE org.springframework.beans.factory.support.DefaultListableBeanFactory - Returning cached instance of singleton bean 'org.springframework.data.jpa.repository.support.JpaEvaluationContextExtension'
10:22:24.100 [Test worker] TRACE org.springframework.beans.factory.support.DefaultListableBeanFactory - Returning cached instance of singleton bean 'jpa.named-queries#0'
10:22:24.100 [Test worker] TRACE org.springframework.beans.factory.support.DefaultListableBeanFactory - Returning cached instance of singleton bean 'jpa.named-queries#0'
10:22:24.101 [Test worker] TRACE org.springframework.beans.factory.support.DefaultListableBeanFactory - Returning cached instance of singleton bean 'jpa.SensorDao.fragments#0'
10:22:24.101 [Test worker] TRACE org.springframework.beans.factory.support.DefaultListableBeanFactory - Returning cached instance of singleton bean 'jpa.SensorDao.fragments#0'
10:22:24.101 [Test worker] TRACE org.springframework.beans.factory.support.DefaultListableBeanFactory - Returning cached instance of singleton bean 'sensorDao'
10:22:24.101 [Test worker] TRACE org.springframework.beans.factory.support.DefaultListableBeanFactory - Returning cached instance of singleton bean 'sensorDao'
10:22:24.102 [Test worker] TRACE org.springframework.beans.factory.support.DefaultListableBeanFactory - Returning cached instance of singleton bean 'jpa.named-queries#1'
10:22:24.102 [Test worker] TRACE org.springframework.beans.factory.support.DefaultListableBeanFactory - Returning cached instance of singleton bean 'jpa.named-queries#1'
10:22:24.102 [Test worker] TRACE org.springframework.beans.factory.support.DefaultListableBeanFactory - Returning cached instance of singleton bean 'jpa.ReservationDao.fragments#0'
10:22:24.102 [Test worker] TRACE org.springframework.beans.factory.support.DefaultListableBeanFactory - Returning cached instance of singleton bean 'jpa.ReservationDao.fragments#0'
10:22:24.102 [Test worker] TRACE org.springframework.beans.factory.support.DefaultListableBeanFactory - Returning cached instance of singleton bean 'reservationDao'
10:22:24.102 [Test worker] TRACE org.springframework.beans.factory.support.DefaultListableBeanFactory - Returning cached instance of singleton bean 'reservationDao'
10:22:24.102 [Test worker] TRACE org.springframework.beans.factory.support.DefaultListableBeanFactory - Returning cached instance of singleton bean 'jpa.named-queries#2'
10:22:24.102 [Test worker] TRACE org.springframework.beans.factory.support.DefaultListableBeanFactory - Returning cached instance of singleton bean 'jpa.named-queries#2'
10:22:24.102 [Test worker] TRACE org.springframework.beans.factory.support.DefaultListableBeanFactory - Returning cached instance of singleton bean 'jpa.MachineDao.fragments#0'
10:22:24.103 [Test worker] TRACE org.springframework.beans.factory.support.DefaultListableBeanFactory - Returning cached instance of singleton bean 'jpa.MachineDao.fragments#0'
10:22:24.103 [Test worker] TRACE org.springframework.beans.factory.support.DefaultListableBeanFactory - Returning cached instance of singleton bean 'machineDao'
10:22:24.103 [Test worker] TRACE org.springframework.beans.factory.support.DefaultListableBeanFactory - Returning cached instance of singleton bean 'machineDao'
10:22:24.103 [Test worker] TRACE org.springframework.beans.factory.support.DefaultListableBeanFactory - Returning cached instance of singleton bean 'data-jpa.repository-aot-processor#0'
10:22:24.103 [Test worker] TRACE org.springframework.beans.factory.support.DefaultListableBeanFactory - Returning cached instance of singleton bean 'org.springframework.boot.autoconfigure.http.HttpMessageConvertersAutoConfiguration$StringHttpMessageConverterConfiguration'
10:22:24.103 [Test worker] TRACE org.springframework.beans.factory.support.DefaultListableBeanFactory - Returning cached instance of singleton bean 'stringHttpMessageConverter'
10:22:24.104 [Test worker] TRACE org.springframework.beans.factory.support.DefaultListableBeanFactory - Returning cached instance of singleton bean 'org.springframework.boot.autoconfigure.http.JacksonHttpMessageConvertersConfiguration$MappingJackson2HttpMessageConverterConfiguration'
10:22:24.104 [Test worker] TRACE org.springframework.beans.factory.support.DefaultListableBeanFactory - Returning cached instance of singleton bean 'mappingJackson2HttpMessageConverter'
10:22:24.104 [Test worker] TRACE org.springframework.beans.factory.support.DefaultListableBeanFactory - Returning cached instance of singleton bean 'org.springframework.boot.autoconfigure.http.JacksonHttpMessageConvertersConfiguration'
10:22:24.104 [Test worker] TRACE org.springframework.beans.factory.support.DefaultListableBeanFactory - Returning cached instance of singleton bean 'org.springframework.boot.autoconfigure.http.HttpMessageConvertersAutoConfiguration'
10:22:24.105 [Test worker] TRACE org.springframework.beans.factory.support.DefaultListableBeanFactory - Returning cached instance of singleton bean 'messageConverters'
10:22:24.105 [Test worker] TRACE org.springframework.beans.factory.support.DefaultListableBeanFactory - Returning cached instance of singleton bean 'org.springframework.data.web.config.ProjectingArgumentResolverRegistrar'
10:22:24.105 [Test worker] TRACE org.springframework.beans.factory.support.DefaultListableBeanFactory - Returning cached instance of singleton bean 'projectingArgumentResolverBeanPostProcessor'
10:22:24.105 [Test worker] TRACE org.springframework.beans.factory.support.DefaultListableBeanFactory - Returning cached instance of singleton bean 'org.springframework.data.web.config.SpringDataWebConfiguration'
10:22:24.105 [Test worker] TRACE org.springframework.beans.factory.support.DefaultListableBeanFactory - Returning cached instance of singleton bean 'pageableResolver'
10:22:24.106 [Test worker] TRACE org.springframework.beans.factory.support.DefaultListableBeanFactory - Returning cached instance of singleton bean 'sortResolver'
10:22:24.106 [Test worker] TRACE org.springframework.beans.factory.support.DefaultListableBeanFactory - Returning cached instance of singleton bean 'org.springframework.data.web.config.SpringDataJacksonConfiguration'
10:22:24.106 [Test worker] TRACE org.springframework.beans.factory.support.DefaultListableBeanFactory - Returning cached instance of singleton bean 'jacksonGeoModule'
10:22:24.106 [Test worker] TRACE org.springframework.beans.factory.support.DefaultListableBeanFactory - Returning cached instance of singleton bean 'org.springframework.boot.autoconfigure.data.web.SpringDataWebAutoConfiguration'
10:22:24.107 [Test worker] TRACE org.springframework.beans.factory.support.DefaultListableBeanFactory - Returning cached instance of singleton bean 'pageableCustomizer'
10:22:24.107 [Test worker] TRACE org.springframework.beans.factory.support.DefaultListableBeanFactory - Returning cached instance of singleton bean 'sortCustomizer'
10:22:24.107 [Test worker] TRACE org.springframework.beans.factory.support.DefaultListableBeanFactory - Returning cached instance of singleton bean 'spring.data.web-org.springframework.boot.autoconfigure.data.web.SpringDataWebProperties'
10:22:24.107 [Test worker] TRACE org.springframework.beans.factory.support.DefaultListableBeanFactory - Returning cached instance of singleton bean 'org.springframework.boot.autoconfigure.h2.H2ConsoleAutoConfiguration'
10:22:24.107 [Test worker] TRACE org.springframework.beans.factory.support.DefaultListableBeanFactory - Returning cached instance of singleton bean 'h2Console'
10:22:24.108 [Test worker] TRACE org.springframework.beans.factory.support.DefaultListableBeanFactory - Returning cached instance of singleton bean 'spring.h2.console-org.springframework.boot.autoconfigure.h2.H2ConsoleProperties'
10:22:24.108 [Test worker] TRACE org.springframework.beans.factory.support.DefaultListableBeanFactory - Returning cached instance of singleton bean 'org.springframework.boot.autoconfigure.info.ProjectInfoAutoConfiguration'
10:22:24.108 [Test worker] TRACE org.springframework.beans.factory.support.DefaultListableBeanFactory - Returning cached instance of singleton bean 'spring.info-org.springframework.boot.autoconfigure.info.ProjectInfoProperties'
10:22:24.108 [Test worker] TRACE org.springframework.beans.factory.support.DefaultListableBeanFactory - Returning cached instance of singleton bean 'org.springframework.boot.autoconfigure.jdbc.JdbcTemplateConfiguration'
10:22:24.108 [Test worker] TRACE org.springframework.beans.factory.support.DefaultListableBeanFactory - Returning cached instance of singleton bean 'jdbcTemplate'
10:22:24.109 [Test worker] TRACE org.springframework.beans.factory.support.DefaultListableBeanFactory - Returning cached instance of singleton bean 'org.springframework.boot.autoconfigure.jdbc.NamedParameterJdbcTemplateConfiguration'
10:22:24.109 [Test worker] TRACE org.springframework.beans.factory.support.DefaultListableBeanFactory - Returning cached instance of singleton bean 'namedParameterJdbcTemplate'
10:22:24.109 [Test worker] TRACE org.springframework.beans.factory.support.DefaultListableBeanFactory - Returning cached instance of singleton bean 'org.springframework.boot.autoconfigure.jdbc.JdbcTemplateAutoConfiguration'
10:22:24.109 [Test worker] TRACE org.springframework.beans.factory.support.DefaultListableBeanFactory - Returning cached instance of singleton bean 'spring.jdbc-org.springframework.boot.autoconfigure.jdbc.JdbcProperties'
10:22:24.110 [Test worker] TRACE org.springframework.beans.factory.support.DefaultListableBeanFactory - Returning cached instance of singleton bean 'org.springframework.boot.sql.init.dependency.DatabaseInitializationDependencyConfigurer$DependsOnDatabaseInitializationPostProcessor'
10:22:24.110 [Test worker] TRACE org.springframework.beans.factory.support.DefaultListableBeanFactory - Returning cached instance of singleton bean 'org.springframework.security.config.annotation.configuration.ObjectPostProcessorConfiguration'
10:22:24.110 [Test worker] TRACE org.springframework.beans.factory.support.DefaultListableBeanFactory - Returning cached instance of singleton bean 'objectPostProcessor'
10:22:24.110 [Test worker] TRACE org.springframework.beans.factory.support.DefaultListableBeanFactory - Returning cached instance of singleton bean 'org.springframework.security.config.annotation.authentication.configuration.AuthenticationConfiguration'
10:22:24.110 [Test worker] TRACE org.springframework.beans.factory.support.DefaultListableBeanFactory - Returning cached instance of singleton bean 'authenticationManagerBuilder'
10:22:24.111 [Test worker] TRACE org.springframework.beans.factory.support.DefaultListableBeanFactory - Returning cached instance of singleton bean 'enableGlobalAuthenticationAutowiredConfigurer'
10:22:24.111 [Test worker] TRACE org.springframework.beans.factory.support.DefaultListableBeanFactory - Returning cached instance of singleton bean 'initializeUserDetailsBeanManagerConfigurer'
10:22:24.111 [Test worker] TRACE org.springframework.beans.factory.support.DefaultListableBeanFactory - Returning cached instance of singleton bean 'initializeAuthenticationProviderBeanManagerConfigurer'
10:22:24.111 [Test worker] TRACE org.springframework.beans.factory.support.DefaultListableBeanFactory - Returning cached instance of singleton bean 'org.springframework.security.config.annotation.web.configuration.WebSecurityConfiguration'
10:22:24.112 [Test worker] TRACE org.springframework.beans.factory.support.DefaultListableBeanFactory - Returning cached instance of singleton bean 'delegatingApplicationListener'
10:22:24.112 [Test worker] TRACE org.springframework.beans.factory.support.DefaultListableBeanFactory - Returning cached instance of singleton bean 'webSecurityExpressionHandler'
10:22:24.112 [Test worker] TRACE org.springframework.beans.factory.support.DefaultListableBeanFactory - Returning cached instance of singleton bean 'springSecurityFilterChain'
10:22:24.112 [Test worker] TRACE org.springframework.beans.factory.support.DefaultListableBeanFactory - Returning cached instance of singleton bean 'privilegeEvaluator'
10:22:24.112 [Test worker] TRACE org.springframework.beans.factory.support.DefaultListableBeanFactory - Returning cached instance of singleton bean 'conversionServicePostProcessor'
10:22:24.112 [Test worker] TRACE org.springframework.beans.factory.support.DefaultListableBeanFactory - Returning cached instance of singleton bean 'org.springframework.security.config.annotation.web.configuration.WebMvcSecurityConfiguration'
10:22:24.112 [Test worker] TRACE org.springframework.beans.factory.support.DefaultListableBeanFactory - Returning cached instance of singleton bean 'requestDataValueProcessor'
10:22:24.112 [Test worker] TRACE org.springframework.beans.factory.support.DefaultListableBeanFactory - Returning cached instance of singleton bean 'org.springframework.security.config.annotation.web.configuration.HttpSecurityConfiguration'
10:22:24.112 [Test worker] TRACE org.springframework.beans.factory.support.DefaultListableBeanFactory - Returning cached instance of singleton bean 'org.springframework.boot.autoconfigure.security.servlet.SpringBootWebSecurityConfiguration$WebSecurityEnablerConfiguration'
10:22:24.112 [Test worker] TRACE org.springframework.beans.factory.support.DefaultListableBeanFactory - Returning cached instance of singleton bean 'org.springframework.boot.autoconfigure.security.servlet.SpringBootWebSecurityConfiguration'
10:22:24.112 [Test worker] TRACE org.springframework.beans.factory.support.DefaultListableBeanFactory - Returning cached instance of singleton bean 'org.springframework.boot.autoconfigure.security.servlet.SecurityAutoConfiguration'
10:22:24.112 [Test worker] TRACE org.springframework.beans.factory.support.DefaultListableBeanFactory - Returning cached instance of singleton bean 'authenticationEventPublisher'
10:22:24.112 [Test worker] TRACE org.springframework.beans.factory.support.DefaultListableBeanFactory - Returning cached instance of singleton bean 'spring.security-org.springframework.boot.autoconfigure.security.SecurityProperties'
10:22:24.112 [Test worker] TRACE org.springframework.beans.factory.support.DefaultListableBeanFactory - Returning cached instance of singleton bean 'org.springframework.boot.autoconfigure.security.servlet.SecurityFilterAutoConfiguration'
10:22:24.112 [Test worker] TRACE org.springframework.beans.factory.support.DefaultListableBeanFactory - Returning cached instance of singleton bean 'securityFilterChainRegistration'
10:22:24.112 [Test worker] TRACE org.springframework.beans.factory.support.DefaultListableBeanFactory - Returning cached instance of singleton bean 'org.springframework.boot.autoconfigure.sql.init.DataSourceInitializationConfiguration'
10:22:24.112 [Test worker] TRACE org.springframework.beans.factory.support.DefaultListableBeanFactory - Returning cached instance of singleton bean 'dataSourceScriptDatabaseInitializer'
10:22:24.112 [Test worker] TRACE org.springframework.beans.factory.support.DefaultListableBeanFactory - Returning cached instance of singleton bean 'org.springframework.boot.autoconfigure.sql.init.SqlInitializationAutoConfiguration'
10:22:24.112 [Test worker] TRACE org.springframework.beans.factory.support.DefaultListableBeanFactory - Returning cached instance of singleton bean 'spring.sql.init-org.springframework.boot.autoconfigure.sql.init.SqlInitializationProperties'
10:22:24.112 [Test worker] TRACE org.springframework.beans.factory.support.DefaultListableBeanFactory - Returning cached instance of singleton bean 'org.springframework.boot.autoconfigure.task.TaskSchedulingAutoConfiguration'
10:22:24.112 [Test worker] TRACE org.springframework.beans.factory.support.DefaultListableBeanFactory - Returning cached instance of singleton bean 'taskSchedulerBuilder'
10:22:24.112 [Test worker] TRACE org.springframework.beans.factory.support.DefaultListableBeanFactory - Returning cached instance of singleton bean 'spring.task.scheduling-org.springframework.boot.autoconfigure.task.TaskSchedulingProperties'
10:22:24.112 [Test worker] TRACE org.springframework.beans.factory.support.DefaultListableBeanFactory - Returning cached instance of singleton bean 'org.springframework.boot.autoconfigure.jdbc.DataSourceTransactionManagerAutoConfiguration$JdbcTransactionManagerConfiguration'
10:22:24.112 [Test worker] TRACE org.springframework.beans.factory.support.DefaultListableBeanFactory - Returning cached instance of singleton bean 'org.springframework.boot.autoconfigure.jdbc.DataSourceTransactionManagerAutoConfiguration'
10:22:24.112 [Test worker] TRACE org.springframework.beans.factory.support.DefaultListableBeanFactory - Returning cached instance of singleton bean 'org.springframework.transaction.annotation.ProxyTransactionManagementConfiguration'
10:22:24.112 [Test worker] TRACE org.springframework.beans.factory.support.DefaultListableBeanFactory - Returning cached instance of singleton bean 'org.springframework.transaction.config.internalTransactionAdvisor'
10:22:24.112 [Test worker] TRACE org.springframework.beans.factory.support.DefaultListableBeanFactory - Returning cached instance of singleton bean 'transactionAttributeSource'
10:22:24.112 [Test worker] TRACE org.springframework.beans.factory.support.DefaultListableBeanFactory - Returning cached instance of singleton bean 'transactionInterceptor'
10:22:24.113 [Test worker] TRACE org.springframework.beans.factory.support.DefaultListableBeanFactory - Returning cached instance of singleton bean 'org.springframework.transaction.config.internalTransactionalEventListenerFactory'
10:22:24.113 [Test worker] TRACE org.springframework.beans.factory.support.DefaultListableBeanFactory - Returning cached instance of singleton bean 'org.springframework.boot.autoconfigure.transaction.TransactionAutoConfiguration$EnableTransactionManagementConfiguration$CglibAutoProxyConfiguration'
10:22:24.113 [Test worker] TRACE org.springframework.beans.factory.support.DefaultListableBeanFactory - Returning cached instance of singleton bean 'org.springframework.boot.autoconfigure.transaction.TransactionAutoConfiguration$EnableTransactionManagementConfiguration'
10:22:24.113 [Test worker] TRACE org.springframework.beans.factory.support.DefaultListableBeanFactory - Returning cached instance of singleton bean 'org.springframework.boot.autoconfigure.transaction.TransactionAutoConfiguration$TransactionTemplateConfiguration'
10:22:24.113 [Test worker] TRACE org.springframework.beans.factory.support.DefaultListableBeanFactory - Returning cached instance of singleton bean 'transactionTemplate'
10:22:24.113 [Test worker] TRACE org.springframework.beans.factory.support.DefaultListableBeanFactory - Returning cached instance of singleton bean 'org.springframework.boot.autoconfigure.transaction.TransactionAutoConfiguration'
10:22:24.113 [Test worker] TRACE org.springframework.beans.factory.support.DefaultListableBeanFactory - Returning cached instance of singleton bean 'platformTransactionManagerCustomizers'
10:22:24.113 [Test worker] TRACE org.springframework.beans.factory.support.DefaultListableBeanFactory - Returning cached instance of singleton bean 'spring.transaction-org.springframework.boot.autoconfigure.transaction.TransactionProperties'
10:22:24.113 [Test worker] TRACE org.springframework.beans.factory.support.DefaultListableBeanFactory - Returning cached instance of singleton bean 'org.springframework.boot.autoconfigure.web.client.RestTemplateAutoConfiguration'
10:22:24.113 [Test worker] TRACE org.springframework.beans.factory.support.DefaultListableBeanFactory - Returning cached instance of singleton bean 'org.springframework.boot.autoconfigure.web.servlet.HttpEncodingAutoConfiguration'
10:22:24.113 [Test worker] TRACE org.springframework.beans.factory.support.DefaultListableBeanFactory - Returning cached instance of singleton bean 'characterEncodingFilter'
10:22:24.113 [Test worker] TRACE org.springframework.beans.factory.support.DefaultListableBeanFactory - Returning cached instance of singleton bean 'localeCharsetMappingsCustomizer'
10:22:24.113 [Test worker] TRACE org.springframework.beans.factory.support.DefaultListableBeanFactory - Returning cached instance of singleton bean 'org.springframework.boot.autoconfigure.web.servlet.MultipartAutoConfiguration'
10:22:24.113 [Test worker] TRACE org.springframework.beans.factory.support.DefaultListableBeanFactory - Returning cached instance of singleton bean 'multipartConfigElement'
10:22:24.113 [Test worker] TRACE org.springframework.beans.factory.support.DefaultListableBeanFactory - Returning cached instance of singleton bean 'multipartResolver'
10:22:24.114 [Test worker] TRACE org.springframework.beans.factory.support.DefaultListableBeanFactory - Returning cached instance of singleton bean 'spring.servlet.multipart-org.springframework.boot.autoconfigure.web.servlet.MultipartProperties'
10:22:24.114 [Test worker] TRACE org.springframework.beans.factory.support.DefaultListableBeanFactory - Returning cached instance of singleton bean 'org.springframework.boot.test.mock.mockito.MockitoBeans'
10:22:24.115 [Test worker] TRACE org.springframework.test.context.TestContextManager - beforeTestExecution(): instance [com.laundry.laundryMgmt.LaundryMgmtApplicationTests@7ab4ae59], method [void com.laundry.laundryMgmt.LaundryMgmtApplicationTests.contextLoads()]
10:22:24.116 [Test worker] TRACE org.springframework.test.context.cache.DefaultCacheAwareContextLoaderDelegate - Retrieved ApplicationContext [1519611492] from cache with key [WebMergedContextConfiguration@2d38edfd testClass = com.laundry.laundryMgmt.LaundryMgmtApplicationTests, locations = [], classes = [com.laundry.laundryMgmt.LaundryMgmtApplication], contextInitializerClasses = [], activeProfiles = [], propertySourceLocations = [], propertySourceProperties = ["org.springframework.boot.test.context.SpringBootTestContextBootstrapper=true"], contextCustomizers = [org.springframework.boot.test.autoconfigure.actuate.observability.ObservabilityContextCustomizerFactory$DisableObservabilityContextCustomizer@1f, org.springframework.boot.test.autoconfigure.properties.PropertyMappingContextCustomizer@0, org.springframework.boot.test.autoconfigure.web.servlet.WebDriverContextCustomizer@7d9ba6c, org.springframework.boot.test.context.filter.ExcludeFilterContextCustomizer@5d425813, org.springframework.boot.test.json.DuplicateJsonObjectContextCustomizerFactory$DuplicateJsonObjectContextCustomizer@6b52dd31, org.springframework.boot.test.mock.mockito.MockitoContextCustomizer@0, org.springframework.boot.test.web.client.TestRestTemplateContextCustomizer@1c9e07c6, org.springframework.boot.test.context.SpringBootTestAnnotation@38fab2ee], resourceBasePath = "src/main/webapp", contextLoader = org.springframework.boot.test.context.SpringBootContextLoader, parent = null]
10:22:24.116 [Test worker] DEBUG org.springframework.test.context.cache - Spring test ApplicationContext cache statistics: [DefaultContextCache@7b031f53 size = 1, maxSize = 32, parentContextCount = 0, hitCount = 5, missCount = 1]
10:22:24.118 [Test worker] TRACE org.springframework.beans.factory.support.DefaultListableBeanFactory - Returning cached instance of singleton bean 'delegatingApplicationListener'
10:22:24.119 [Test worker] TRACE org.springframework.test.context.TestContextManager - afterTestExecution(): instance [com.laundry.laundryMgmt.LaundryMgmtApplicationTests@7ab4ae59], method [void com.laundry.laundryMgmt.LaundryMgmtApplicationTests.contextLoads()], exception [null]
10:22:24.120 [Test worker] TRACE org.springframework.test.context.cache.DefaultCacheAwareContextLoaderDelegate - Retrieved ApplicationContext [1519611492] from cache with key [WebMergedContextConfiguration@2d38edfd testClass = com.laundry.laundryMgmt.LaundryMgmtApplicationTests, locations = [], classes = [com.laundry.laundryMgmt.LaundryMgmtApplication], contextInitializerClasses = [], activeProfiles = [], propertySourceLocations = [], propertySourceProperties = ["org.springframework.boot.test.context.SpringBootTestContextBootstrapper=true"], contextCustomizers = [org.springframework.boot.test.autoconfigure.actuate.observability.ObservabilityContextCustomizerFactory$DisableObservabilityContextCustomizer@1f, org.springframework.boot.test.autoconfigure.properties.PropertyMappingContextCustomizer@0, org.springframework.boot.test.autoconfigure.web.servlet.WebDriverContextCustomizer@7d9ba6c, org.springframework.boot.test.context.filter.ExcludeFilterContextCustomizer@5d425813, org.springframework.boot.test.json.DuplicateJsonObjectContextCustomizerFactory$DuplicateJsonObjectContextCustomizer@6b52dd31, org.springframework.boot.test.mock.mockito.MockitoContextCustomizer@0, org.springframework.boot.test.web.client.TestRestTemplateContextCustomizer@1c9e07c6, org.springframework.boot.test.context.SpringBootTestAnnotation@38fab2ee], resourceBasePath = "src/main/webapp", contextLoader = org.springframework.boot.test.context.SpringBootContextLoader, parent = null]
10:22:24.120 [Test worker] DEBUG org.springframework.test.context.cache - Spring test ApplicationContext cache statistics: [DefaultContextCache@7b031f53 size = 1, maxSize = 32, parentContextCount = 0, hitCount = 6, missCount = 1]
10:22:24.121 [Test worker] TRACE org.springframework.beans.factory.support.DefaultListableBeanFactory - Returning cached instance of singleton bean 'delegatingApplicationListener'
10:22:24.122 [Test worker] TRACE org.springframework.test.context.TestContextManager - afterTestMethod(): instance [com.laundry.laundryMgmt.LaundryMgmtApplicationTests@7ab4ae59], method [void com.laundry.laundryMgmt.LaundryMgmtApplicationTests.contextLoads()], exception [null]
10:22:24.122 [Test worker] TRACE org.springframework.test.context.cache.DefaultCacheAwareContextLoaderDelegate - Retrieved ApplicationContext [1519611492] from cache with key [WebMergedContextConfiguration@2d38edfd testClass = com.laundry.laundryMgmt.LaundryMgmtApplicationTests, locations = [], classes = [com.laundry.laundryMgmt.LaundryMgmtApplication], contextInitializerClasses = [], activeProfiles = [], propertySourceLocations = [], propertySourceProperties = ["org.springframework.boot.test.context.SpringBootTestContextBootstrapper=true"], contextCustomizers = [org.springframework.boot.test.autoconfigure.actuate.observability.ObservabilityContextCustomizerFactory$DisableObservabilityContextCustomizer@1f, org.springframework.boot.test.autoconfigure.properties.PropertyMappingContextCustomizer@0, org.springframework.boot.test.autoconfigure.web.servlet.WebDriverContextCustomizer@7d9ba6c, org.springframework.boot.test.context.filter.ExcludeFilterContextCustomizer@5d425813, org.springframework.boot.test.json.DuplicateJsonObjectContextCustomizerFactory$DuplicateJsonObjectContextCustomizer@6b52dd31, org.springframework.boot.test.mock.mockito.MockitoContextCustomizer@0, org.springframework.boot.test.web.client.TestRestTemplateContextCustomizer@1c9e07c6, org.springframework.boot.test.context.SpringBootTestAnnotation@38fab2ee], resourceBasePath = "src/main/webapp", contextLoader = org.springframework.boot.test.context.SpringBootContextLoader, parent = null]
10:22:24.122 [Test worker] DEBUG org.springframework.test.context.cache - Spring test ApplicationContext cache statistics: [DefaultContextCache@7b031f53 size = 1, maxSize = 32, parentContextCount = 0, hitCount = 7, missCount = 1]
10:22:24.123 [Test worker] TRACE org.springframework.beans.factory.support.DefaultListableBeanFactory - Returning cached instance of singleton bean 'org.springframework.boot.test.mock.mockito.MockitoPostProcessor$SpyPostProcessor'
10:22:24.123 [Test worker] TRACE org.springframework.beans.factory.support.DefaultListableBeanFactory - Returning cached instance of singleton bean 'org.springframework.boot.test.mock.mockito.MockitoPostProcessor'
10:22:24.123 [Test worker] TRACE org.springframework.beans.factory.support.DefaultListableBeanFactory - Returning cached instance of singleton bean 'org.springframework.context.annotation.internalConfigurationAnnotationProcessor'
10:22:24.123 [Test worker] TRACE org.springframework.beans.factory.support.DefaultListableBeanFactory - Returning cached instance of singleton bean 'org.springframework.context.annotation.internalAutowiredAnnotationProcessor'
10:22:24.123 [Test worker] TRACE org.springframework.beans.factory.support.DefaultListableBeanFactory - Returning cached instance of singleton bean 'org.springframework.context.annotation.internalCommonAnnotationProcessor'
10:22:24.123 [Test worker] TRACE org.springframework.beans.factory.support.DefaultListableBeanFactory - Returning cached instance of singleton bean 'org.springframework.context.annotation.internalPersistenceAnnotationProcessor'
10:22:24.123 [Test worker] TRACE org.springframework.beans.factory.support.DefaultListableBeanFactory - Returning cached instance of singleton bean 'org.springframework.context.event.internalEventListenerProcessor'
10:22:24.123 [Test worker] TRACE org.springframework.beans.factory.support.DefaultListableBeanFactory - Returning cached instance of singleton bean 'org.springframework.context.event.internalEventListenerFactory'
10:22:24.123 [Test worker] TRACE org.springframework.beans.factory.support.DefaultListableBeanFactory - Returning cached instance of singleton bean 'laundryMgmtApplication'
10:22:24.123 [Test worker] TRACE org.springframework.beans.factory.support.DefaultListableBeanFactory - Returning cached instance of singleton bean 'org.springframework.boot.autoconfigure.internalCachingMetadataReaderFactory'
10:22:24.124 [Test worker] TRACE org.springframework.beans.factory.support.DefaultListableBeanFactory - Returning cached instance of singleton bean 'org.springframework.boot.autoconfigure.internalCachingMetadataReaderFactory'
10:22:24.124 [Test worker] TRACE org.springframework.beans.factory.support.DefaultListableBeanFactory - Returning cached instance of singleton bean 'laundryMgmtApplicationConfig'
10:22:24.125 [Test worker] TRACE org.springframework.beans.factory.support.DefaultListableBeanFactory - Returning cached instance of singleton bean 'machineImplementationService'
10:22:24.125 [Test worker] TRACE org.springframework.beans.factory.support.DefaultListableBeanFactory - Returning cached instance of singleton bean 'machinesServicesImplementation'
10:22:24.125 [Test worker] TRACE org.springframework.beans.factory.support.DefaultListableBeanFactory - Returning cached instance of singleton bean 'springSecurityConfig'
10:22:24.125 [Test worker] TRACE org.springframework.beans.factory.support.DefaultListableBeanFactory - Returning cached instance of singleton bean 'machineController'
10:22:24.125 [Test worker] TRACE org.springframework.beans.factory.support.DefaultListableBeanFactory - Returning cached instance of singleton bean 'reservationController'
10:22:24.125 [Test worker] TRACE org.springframework.beans.factory.support.DefaultListableBeanFactory - Returning cached instance of singleton bean 'securityController'
10:22:24.125 [Test worker] TRACE org.springframework.beans.factory.support.DefaultListableBeanFactory - Returning cached instance of singleton bean 'sensorController'
10:22:24.125 [Test worker] TRACE org.springframework.beans.factory.support.DefaultListableBeanFactory - Returning cached instance of singleton bean 'washingTimeCommandLine'
10:22:24.125 [Test worker] TRACE org.springframework.beans.factory.support.DefaultListableBeanFactory - Returning cached instance of singleton bean 'userDetailsService'
10:22:24.125 [Test worker] TRACE org.springframework.beans.factory.support.DefaultListableBeanFactory - Returning cached instance of singleton bean 'defaultSecurityFilterChain'
10:22:24.125 [Test worker] TRACE org.springframework.beans.factory.support.DefaultListableBeanFactory - Returning cached instance of singleton bean 'org.springframework.boot.autoconfigure.AutoConfigurationPackages'
10:22:24.125 [Test worker] TRACE org.springframework.beans.factory.support.DefaultListableBeanFactory - Returning cached instance of singleton bean 'org.springframework.boot.autoconfigure.context.PropertyPlaceholderAutoConfiguration'
10:22:24.125 [Test worker] TRACE org.springframework.beans.factory.support.DefaultListableBeanFactory - Returning cached instance of singleton bean 'propertySourcesPlaceholderConfigurer'
10:22:24.125 [Test worker] TRACE org.springframework.beans.factory.support.DefaultListableBeanFactory - Returning cached instance of singleton bean 'org.springframework.boot.autoconfigure.ssl.SslAutoConfiguration'
10:22:24.125 [Test worker] TRACE org.springframework.beans.factory.support.DefaultListableBeanFactory - Returning cached instance of singleton bean 'sslPropertiesSslBundleRegistrar'
10:22:24.125 [Test worker] TRACE org.springframework.beans.factory.support.DefaultListableBeanFactory - Returning cached instance of singleton bean 'sslBundleRegistry'
10:22:24.125 [Test worker] TRACE org.springframework.beans.factory.support.DefaultListableBeanFactory - Returning cached instance of singleton bean 'org.springframework.boot.context.properties.ConfigurationPropertiesBindingPostProcessor'
10:22:24.125 [Test worker] TRACE org.springframework.beans.factory.support.DefaultListableBeanFactory - Returning cached instance of singleton bean 'org.springframework.boot.context.internalConfigurationPropertiesBinder'
10:22:24.125 [Test worker] TRACE org.springframework.beans.factory.support.DefaultListableBeanFactory - Returning cached instance of singleton bean 'org.springframework.boot.context.internalConfigurationPropertiesBinder'
10:22:24.125 [Test worker] TRACE org.springframework.beans.factory.support.DefaultListableBeanFactory - Returning cached instance of singleton bean 'org.springframework.boot.context.properties.BoundConfigurationProperties'
10:22:24.125 [Test worker] TRACE org.springframework.beans.factory.support.DefaultListableBeanFactory - Returning cached instance of singleton bean 'org.springframework.boot.context.properties.EnableConfigurationPropertiesRegistrar.methodValidationExcludeFilter'
10:22:24.125 [Test worker] TRACE org.springframework.beans.factory.support.DefaultListableBeanFactory - Returning cached instance of singleton bean 'spring.ssl-org.springframework.boot.autoconfigure.ssl.SslProperties'
10:22:24.125 [Test worker] TRACE org.springframework.beans.factory.support.DefaultListableBeanFactory - Returning cached instance of singleton bean 'org.springframework.boot.autoconfigure.websocket.servlet.WebSocketServletAutoConfiguration$TomcatWebSocketConfiguration'
10:22:24.125 [Test worker] TRACE org.springframework.beans.factory.support.DefaultListableBeanFactory - Returning cached instance of singleton bean 'websocketServletWebServerCustomizer'
10:22:24.125 [Test worker] TRACE org.springframework.beans.factory.support.DefaultListableBeanFactory - Returning cached instance of singleton bean 'org.springframework.boot.autoconfigure.websocket.servlet.WebSocketServletAutoConfiguration'
10:22:24.125 [Test worker] TRACE org.springframework.beans.factory.support.DefaultListableBeanFactory - Returning cached instance of singleton bean 'org.springframework.boot.autoconfigure.web.servlet.ServletWebServerFactoryConfiguration$EmbeddedTomcat'
10:22:24.125 [Test worker] TRACE org.springframework.beans.factory.support.DefaultListableBeanFactory - Returning cached instance of singleton bean 'tomcatServletWebServerFactory'
10:22:24.125 [Test worker] TRACE org.springframework.beans.factory.support.DefaultListableBeanFactory - Returning cached instance of singleton bean 'org.springframework.boot.autoconfigure.web.servlet.ServletWebServerFactoryAutoConfiguration'
10:22:24.125 [Test worker] TRACE org.springframework.beans.factory.support.DefaultListableBeanFactory - Returning cached instance of singleton bean 'servletWebServerFactoryCustomizer'
10:22:24.125 [Test worker] TRACE org.springframework.beans.factory.support.DefaultListableBeanFactory - Returning cached instance of singleton bean 'tomcatServletWebServerFactoryCustomizer'
10:22:24.125 [Test worker] TRACE org.springframework.beans.factory.support.DefaultListableBeanFactory - Returning cached instance of singleton bean 'server-org.springframework.boot.autoconfigure.web.ServerProperties'
10:22:24.125 [Test worker] TRACE org.springframework.beans.factory.support.DefaultListableBeanFactory - Returning cached instance of singleton bean 'webServerFactoryCustomizerBeanPostProcessor'
10:22:24.125 [Test worker] TRACE org.springframework.beans.factory.support.DefaultListableBeanFactory - Returning cached instance of singleton bean 'errorPageRegistrarBeanPostProcessor'
10:22:24.125 [Test worker] TRACE org.springframework.beans.factory.support.DefaultListableBeanFactory - Returning cached instance of singleton bean 'org.springframework.boot.autoconfigure.web.servlet.DispatcherServletAutoConfiguration$DispatcherServletConfiguration'
10:22:24.125 [Test worker] TRACE org.springframework.beans.factory.support.DefaultListableBeanFactory - Returning cached instance of singleton bean 'dispatcherServlet'
10:22:24.125 [Test worker] TRACE org.springframework.beans.factory.support.DefaultListableBeanFactory - Returning cached instance of singleton bean 'spring.mvc-org.springframework.boot.autoconfigure.web.servlet.WebMvcProperties'
10:22:24.125 [Test worker] TRACE org.springframework.beans.factory.support.DefaultListableBeanFactory - Returning cached instance of singleton bean 'org.springframework.boot.autoconfigure.web.servlet.DispatcherServletAutoConfiguration$DispatcherServletRegistrationConfiguration'
10:22:24.125 [Test worker] TRACE org.springframework.beans.factory.support.DefaultListableBeanFactory - Returning cached instance of singleton bean 'dispatcherServletRegistration'
10:22:24.126 [Test worker] TRACE org.springframework.beans.factory.support.DefaultListableBeanFactory - Returning cached instance of singleton bean 'org.springframework.boot.autoconfigure.web.servlet.DispatcherServletAutoConfiguration'
10:22:24.126 [Test worker] TRACE org.springframework.beans.factory.support.DefaultListableBeanFactory - Returning cached instance of singleton bean 'org.springframework.boot.autoconfigure.task.TaskExecutionAutoConfiguration'
10:22:24.126 [Test worker] TRACE org.springframework.beans.factory.support.DefaultListableBeanFactory - Returning cached instance of singleton bean 'taskExecutorBuilder'
10:22:24.126 [Test worker] TRACE org.springframework.beans.factory.support.DefaultListableBeanFactory - Returning cached instance of singleton bean 'applicationTaskExecutor'
10:22:24.126 [Test worker] TRACE org.springframework.beans.factory.support.DefaultListableBeanFactory - Returning cached instance of singleton bean 'spring.task.execution-org.springframework.boot.autoconfigure.task.TaskExecutionProperties'
10:22:24.126 [Test worker] TRACE org.springframework.beans.factory.support.DefaultListableBeanFactory - Returning cached instance of singleton bean 'org.springframework.boot.autoconfigure.web.servlet.error.ErrorMvcAutoConfiguration$WhitelabelErrorViewConfiguration'
10:22:24.126 [Test worker] TRACE org.springframework.beans.factory.support.DefaultListableBeanFactory - Returning cached instance of singleton bean 'error'
10:22:24.126 [Test worker] TRACE org.springframework.beans.factory.support.DefaultListableBeanFactory - Returning cached instance of singleton bean 'beanNameViewResolver'
10:22:24.126 [Test worker] TRACE org.springframework.beans.factory.support.DefaultListableBeanFactory - Returning cached instance of singleton bean 'org.springframework.boot.autoconfigure.web.servlet.error.ErrorMvcAutoConfiguration$DefaultErrorViewResolverConfiguration'
10:22:24.126 [Test worker] TRACE org.springframework.beans.factory.support.DefaultListableBeanFactory - Returning cached instance of singleton bean 'conventionErrorViewResolver'
10:22:24.126 [Test worker] TRACE org.springframework.beans.factory.support.DefaultListableBeanFactory - Returning cached instance of singleton bean 'spring.web-org.springframework.boot.autoconfigure.web.WebProperties'
10:22:24.126 [Test worker] TRACE org.springframework.beans.factory.support.DefaultListableBeanFactory - Returning cached instance of singleton bean 'org.springframework.boot.autoconfigure.web.servlet.error.ErrorMvcAutoConfiguration'
10:22:24.126 [Test worker] TRACE org.springframework.beans.factory.support.DefaultListableBeanFactory - Returning cached instance of singleton bean 'errorAttributes'
10:22:24.126 [Test worker] TRACE org.springframework.beans.factory.support.DefaultListableBeanFactory - Returning cached instance of singleton bean 'basicErrorController'
10:22:24.126 [Test worker] TRACE org.springframework.beans.factory.support.DefaultListableBeanFactory - Returning cached instance of singleton bean 'errorPageCustomizer'
10:22:24.126 [Test worker] TRACE org.springframework.beans.factory.support.DefaultListableBeanFactory - Returning cached instance of singleton bean 'preserveErrorControllerTargetClassPostProcessor'
10:22:24.126 [Test worker] TRACE org.springframework.beans.factory.support.DefaultListableBeanFactory - Returning cached instance of singleton bean 'org.springframework.boot.autoconfigure.web.servlet.WebMvcAutoConfiguration$EnableWebMvcConfiguration'
10:22:24.126 [Test worker] TRACE org.springframework.beans.factory.support.DefaultListableBeanFactory - Returning cached instance of singleton bean 'requestMappingHandlerAdapter'
10:22:24.126 [Test worker] TRACE org.springframework.beans.factory.support.DefaultListableBeanFactory - Returning cached instance of singleton bean 'welcomePageHandlerMapping'
10:22:24.126 [Test worker] TRACE org.springframework.beans.factory.support.DefaultListableBeanFactory - Returning cached instance of singleton bean 'welcomePageNotAcceptableHandlerMapping'
10:22:24.126 [Test worker] TRACE org.springframework.beans.factory.support.DefaultListableBeanFactory - Returning cached instance of singleton bean 'localeResolver'
10:22:24.126 [Test worker] TRACE org.springframework.beans.factory.support.DefaultListableBeanFactory - Returning cached instance of singleton bean 'themeResolver'
10:22:24.127 [Test worker] TRACE org.springframework.beans.factory.support.DefaultListableBeanFactory - Returning cached instance of singleton bean 'flashMapManager'
10:22:24.127 [Test worker] TRACE org.springframework.beans.factory.support.DefaultListableBeanFactory - Returning cached instance of singleton bean 'mvcConversionService'
10:22:24.127 [Test worker] TRACE org.springframework.beans.factory.support.DefaultListableBeanFactory - Returning cached instance of singleton bean 'mvcValidator'
10:22:24.127 [Test worker] TRACE org.springframework.beans.factory.support.DefaultListableBeanFactory - Returning cached instance of singleton bean 'mvcContentNegotiationManager'
10:22:24.127 [Test worker] TRACE org.springframework.beans.factory.support.DefaultListableBeanFactory - Returning cached instance of singleton bean 'requestMappingHandlerMapping'
10:22:24.127 [Test worker] TRACE org.springframework.beans.factory.support.DefaultListableBeanFactory - Returning cached instance of singleton bean 'mvcPatternParser'
10:22:24.127 [Test worker] TRACE org.springframework.beans.factory.support.DefaultListableBeanFactory - Returning cached instance of singleton bean 'mvcUrlPathHelper'
10:22:24.127 [Test worker] TRACE org.springframework.beans.factory.support.DefaultListableBeanFactory - Returning cached instance of singleton bean 'mvcPathMatcher'
10:22:24.127 [Test worker] TRACE org.springframework.beans.factory.support.DefaultListableBeanFactory - Returning cached instance of singleton bean 'viewControllerHandlerMapping'
10:22:24.127 [Test worker] TRACE org.springframework.beans.factory.support.DefaultListableBeanFactory - Returning cached instance of singleton bean 'beanNameHandlerMapping'
10:22:24.127 [Test worker] TRACE org.springframework.beans.factory.support.DefaultListableBeanFactory - Returning cached instance of singleton bean 'routerFunctionMapping'
10:22:24.127 [Test worker] TRACE org.springframework.beans.factory.support.DefaultListableBeanFactory - Returning cached instance of singleton bean 'resourceHandlerMapping'
10:22:24.127 [Test worker] TRACE org.springframework.beans.factory.support.DefaultListableBeanFactory - Returning cached instance of singleton bean 'mvcResourceUrlProvider'
10:22:24.127 [Test worker] TRACE org.springframework.beans.factory.support.DefaultListableBeanFactory - Returning cached instance of singleton bean 'defaultServletHandlerMapping'
10:22:24.127 [Test worker] TRACE org.springframework.beans.factory.support.DefaultListableBeanFactory - Returning cached instance of singleton bean 'handlerFunctionAdapter'
10:22:24.127 [Test worker] TRACE org.springframework.beans.factory.support.DefaultListableBeanFactory - Returning cached instance of singleton bean 'mvcUriComponentsContributor'
10:22:24.127 [Test worker] TRACE org.springframework.beans.factory.support.DefaultListableBeanFactory - Returning cached instance of singleton bean 'httpRequestHandlerAdapter'
10:22:24.127 [Test worker] TRACE org.springframework.beans.factory.support.DefaultListableBeanFactory - Returning cached instance of singleton bean 'simpleControllerHandlerAdapter'
10:22:24.127 [Test worker] TRACE org.springframework.beans.factory.support.DefaultListableBeanFactory - Returning cached instance of singleton bean 'handlerExceptionResolver'
10:22:24.127 [Test worker] TRACE org.springframework.beans.factory.support.DefaultListableBeanFactory - Returning cached instance of singleton bean 'mvcViewResolver'
10:22:24.127 [Test worker] TRACE org.springframework.beans.factory.support.DefaultListableBeanFactory - Returning cached instance of singleton bean 'viewNameTranslator'
10:22:24.128 [Test worker] TRACE org.springframework.beans.factory.support.DefaultListableBeanFactory - Returning cached instance of singleton bean 'org.springframework.boot.autoconfigure.web.servlet.WebMvcAutoConfiguration$WebMvcAutoConfigurationAdapter'
10:22:24.128 [Test worker] TRACE org.springframework.beans.factory.support.DefaultListableBeanFactory - Returning cached instance of singleton bean 'defaultViewResolver'
10:22:24.128 [Test worker] TRACE org.springframework.beans.factory.support.DefaultListableBeanFactory - Returning cached instance of singleton bean 'viewResolver'
10:22:24.128 [Test worker] TRACE org.springframework.beans.factory.support.DefaultListableBeanFactory - Returning cached instance of singleton bean 'requestContextFilter'
10:22:24.128 [Test worker] TRACE org.springframework.beans.factory.support.DefaultListableBeanFactory - Returning cached instance of singleton bean 'org.springframework.boot.autoconfigure.web.servlet.WebMvcAutoConfiguration'
10:22:24.128 [Test worker] TRACE org.springframework.beans.factory.support.DefaultListableBeanFactory - Returning cached instance of singleton bean 'formContentFilter'
10:22:24.128 [Test worker] TRACE org.springframework.beans.factory.support.DefaultListableBeanFactory - Returning cached instance of singleton bean 'org.springdoc.core.configuration.SpringDocConfiguration$QuerydslProvider'
10:22:24.128 [Test worker] TRACE org.springframework.beans.factory.support.DefaultListableBeanFactory - Returning cached instance of singleton bean 'queryDslQuerydslPredicateOperationCustomizer'
10:22:24.128 [Test worker] TRACE org.springframework.beans.factory.support.DefaultListableBeanFactory - Returning cached instance of singleton bean 'org.springdoc.core.configuration.SpringDocConfiguration$OpenApiResourceAdvice'
10:22:24.128 [Test worker] TRACE org.springframework.beans.factory.support.DefaultListableBeanFactory - Returning cached instance of singleton bean 'org.springdoc.core.configuration.SpringDocConfiguration$SpringDocSpringDataWebPropertiesProvider'
10:22:24.128 [Test worker] TRACE org.springframework.beans.factory.support.DefaultListableBeanFactory - Returning cached instance of singleton bean 'springDataWebPropertiesProvider'
10:22:24.128 [Test worker] TRACE org.springframework.beans.factory.support.DefaultListableBeanFactory - Returning cached instance of singleton bean 'org.springdoc.core.configuration.SpringDocConfiguration$WebConversionServiceConfiguration'
10:22:24.128 [Test worker] TRACE org.springframework.beans.factory.support.DefaultListableBeanFactory - Returning cached instance of singleton bean 'webConversionServiceProvider'
10:22:24.128 [Test worker] TRACE org.springframework.beans.factory.support.DefaultListableBeanFactory - Returning cached instance of singleton bean 'org.springdoc.core.configuration.SpringDocConfiguration'
10:22:24.128 [Test worker] TRACE org.springframework.beans.factory.support.DefaultListableBeanFactory - Returning cached instance of singleton bean 'localSpringDocParameterNameDiscoverer'
10:22:24.128 [Test worker] TRACE org.springframework.beans.factory.support.DefaultListableBeanFactory - Returning cached instance of singleton bean 'additionalModelsConverter'
10:22:24.128 [Test worker] TRACE org.springframework.beans.factory.support.DefaultListableBeanFactory - Returning cached instance of singleton bean 'fileSupportConverter'
10:22:24.128 [Test worker] TRACE org.springframework.beans.factory.support.DefaultListableBeanFactory - Returning cached instance of singleton bean 'responseSupportConverter'
10:22:24.128 [Test worker] TRACE org.springframework.beans.factory.support.DefaultListableBeanFactory - Returning cached instance of singleton bean 'schemaPropertyDeprecatingConverter'
10:22:24.128 [Test worker] TRACE org.springframework.beans.factory.support.DefaultListableBeanFactory - Returning cached instance of singleton bean 'polymorphicModelConverter'
10:22:24.128 [Test worker] TRACE org.springframework.beans.factory.support.DefaultListableBeanFactory - Returning cached instance of singleton bean 'openAPIBuilder'
10:22:24.128 [Test worker] TRACE org.springframework.beans.factory.support.DefaultListableBeanFactory - Returning cached instance of singleton bean 'modelConverterRegistrar'
10:22:24.128 [Test worker] TRACE org.springframework.beans.factory.support.DefaultListableBeanFactory - Returning cached instance of singleton bean 'operationBuilder'
10:22:24.128 [Test worker] TRACE org.springframework.beans.factory.support.DefaultListableBeanFactory - Returning cached instance of singleton bean 'propertyResolverUtils'
10:22:24.128 [Test worker] TRACE org.springframework.beans.factory.support.DefaultListableBeanFactory - Returning cached instance of singleton bean 'requestBodyBuilder'
10:22:24.128 [Test worker] TRACE org.springframework.beans.factory.support.DefaultListableBeanFactory - Returning cached instance of singleton bean 'securityParser'
10:22:24.128 [Test worker] TRACE org.springframework.beans.factory.support.DefaultListableBeanFactory - Returning cached instance of singleton bean 'genericReturnTypeParser'
10:22:24.128 [Test worker] TRACE org.springframework.beans.factory.support.DefaultListableBeanFactory - Returning cached instance of singleton bean 'parameterBuilder'
10:22:24.128 [Test worker] TRACE org.springframework.beans.factory.support.DefaultListableBeanFactory - Returning cached instance of singleton bean 'springDocProviders'
10:22:24.128 [Test worker] TRACE org.springframework.beans.factory.support.DefaultListableBeanFactory - Returning cached instance of singleton bean 'springdocObjectMapperProvider'
10:22:24.128 [Test worker] TRACE org.springframework.beans.factory.support.DefaultListableBeanFactory - Returning cached instance of singleton bean 'springDocCustomizers'
10:22:24.128 [Test worker] TRACE org.springframework.beans.factory.support.DefaultListableBeanFactory - Returning cached instance of singleton bean 'org.springdoc.core.configuration.SpringDocPageableConfiguration'
10:22:24.128 [Test worker] TRACE org.springframework.beans.factory.support.DefaultListableBeanFactory - Returning cached instance of singleton bean 'pageableOpenAPIConverter'
10:22:24.128 [Test worker] TRACE org.springframework.beans.factory.support.DefaultListableBeanFactory - Returning cached instance of singleton bean 'delegatingMethodParameterCustomizer'
10:22:24.128 [Test worker] TRACE org.springframework.beans.factory.support.DefaultListableBeanFactory - Returning cached instance of singleton bean 'org.springdoc.core.configuration.SpringDocSecurityConfiguration$SpringSecurityLoginEndpointConfiguration'
10:22:24.128 [Test worker] TRACE org.springframework.beans.factory.support.DefaultListableBeanFactory - Returning cached instance of singleton bean 'org.springdoc.core.configuration.SpringDocSecurityConfiguration'
10:22:24.128 [Test worker] TRACE org.springframework.beans.factory.support.DefaultListableBeanFactory - Returning cached instance of singleton bean 'org.springdoc.core.configuration.SpringDocSortConfiguration'
10:22:24.128 [Test worker] TRACE org.springframework.beans.factory.support.DefaultListableBeanFactory - Returning cached instance of singleton bean 'sortOpenAPIConverter'
10:22:24.128 [Test worker] TRACE org.springframework.beans.factory.support.DefaultListableBeanFactory - Returning cached instance of singleton bean 'org.springdoc.core.configuration.SpringDocUIConfiguration'
10:22:24.128 [Test worker] TRACE org.springframework.beans.factory.support.DefaultListableBeanFactory - Returning cached instance of singleton bean 'org.springdoc.core.properties.SpringDocConfigProperties'
10:22:24.128 [Test worker] TRACE org.springframework.beans.factory.support.DefaultListableBeanFactory - Returning cached instance of singleton bean 'org.springdoc.core.properties.SwaggerUiConfigParameters'
10:22:24.128 [Test worker] TRACE org.springframework.beans.factory.support.DefaultListableBeanFactory - Returning cached instance of singleton bean 'org.springdoc.core.properties.SwaggerUiConfigProperties'
10:22:24.128 [Test worker] TRACE org.springframework.beans.factory.support.DefaultListableBeanFactory - Returning cached instance of singleton bean 'org.springdoc.core.properties.SwaggerUiOAuthProperties'
10:22:24.128 [Test worker] TRACE org.springframework.beans.factory.support.DefaultListableBeanFactory - Returning cached instance of singleton bean 'org.springdoc.webmvc.core.configuration.SpringDocWebMvcConfiguration$SpringDocWebMvcRouterConfiguration'
10:22:24.128 [Test worker] TRACE org.springframework.beans.factory.support.DefaultListableBeanFactory - Returning cached instance of singleton bean 'routerFunctionProvider'
10:22:24.128 [Test worker] TRACE org.springframework.beans.factory.support.DefaultListableBeanFactory - Returning cached instance of singleton bean 'org.springdoc.webmvc.core.configuration.SpringDocWebMvcConfiguration'
10:22:24.128 [Test worker] TRACE org.springframework.beans.factory.support.DefaultListableBeanFactory - Returning cached instance of singleton bean 'openApiResource'
10:22:24.128 [Test worker] TRACE org.springframework.beans.factory.support.DefaultListableBeanFactory - Returning cached instance of singleton bean 'requestBuilder'
10:22:24.128 [Test worker] TRACE org.springframework.beans.factory.support.DefaultListableBeanFactory - Returning cached instance of singleton bean 'springWebProvider'
10:22:24.128 [Test worker] TRACE org.springframework.beans.factory.support.DefaultListableBeanFactory - Returning cached instance of singleton bean 'responseBuilder'
10:22:24.128 [Test worker] TRACE org.springframework.beans.factory.support.DefaultListableBeanFactory - Returning cached instance of singleton bean 'org.springdoc.webmvc.ui.SwaggerConfig'
10:22:24.128 [Test worker] TRACE org.springframework.beans.factory.support.DefaultListableBeanFactory - Returning cached instance of singleton bean 'swaggerWelcome'
10:22:24.128 [Test worker] TRACE org.springframework.beans.factory.support.DefaultListableBeanFactory - Returning cached instance of singleton bean 'swaggerConfigResource'
10:22:24.128 [Test worker] TRACE org.springframework.beans.factory.support.DefaultListableBeanFactory - Returning cached instance of singleton bean 'indexPageTransformer'
10:22:24.128 [Test worker] TRACE org.springframework.beans.factory.support.DefaultListableBeanFactory - Returning cached instance of singleton bean 'swaggerWebMvcConfigurer'
10:22:24.128 [Test worker] TRACE org.springframework.beans.factory.support.DefaultListableBeanFactory - Returning cached instance of singleton bean 'swaggerResourceResolver'
10:22:24.128 [Test worker] TRACE org.springframework.beans.factory.support.DefaultListableBeanFactory - Returning cached instance of singleton bean 'org.springframework.boot.autoconfigure.aop.AopAutoConfiguration$AspectJAutoProxyingConfiguration$CglibAutoProxyConfiguration'
10:22:24.128 [Test worker] TRACE org.springframework.beans.factory.support.DefaultListableBeanFactory - Returning cached instance of singleton bean 'org.springframework.aop.config.internalAutoProxyCreator'
10:22:24.128 [Test worker] TRACE org.springframework.beans.factory.support.DefaultListableBeanFactory - Returning cached instance of singleton bean 'org.springframework.boot.autoconfigure.aop.AopAutoConfiguration$AspectJAutoProxyingConfiguration'
10:22:24.128 [Test worker] TRACE org.springframework.beans.factory.support.DefaultListableBeanFactory - Returning cached instance of singleton bean 'org.springframework.boot.autoconfigure.aop.AopAutoConfiguration'
10:22:24.128 [Test worker] TRACE org.springframework.beans.factory.support.DefaultListableBeanFactory - Returning cached instance of singleton bean 'org.springframework.boot.autoconfigure.availability.ApplicationAvailabilityAutoConfiguration'
10:22:24.128 [Test worker] TRACE org.springframework.beans.factory.support.DefaultListableBeanFactory - Returning cached instance of singleton bean 'applicationAvailability'
10:22:24.128 [Test worker] TRACE org.springframework.beans.factory.support.DefaultListableBeanFactory - Returning cached instance of singleton bean 'org.springframework.boot.autoconfigure.jackson.JacksonAutoConfiguration$Jackson2ObjectMapperBuilderCustomizerConfiguration'
10:22:24.128 [Test worker] TRACE org.springframework.beans.factory.support.DefaultListableBeanFactory - Returning cached instance of singleton bean 'standardJacksonObjectMapperBuilderCustomizer'
10:22:24.128 [Test worker] TRACE org.springframework.beans.factory.support.DefaultListableBeanFactory - Returning cached instance of singleton bean 'spring.jackson-org.springframework.boot.autoconfigure.jackson.JacksonProperties'
10:22:24.128 [Test worker] TRACE org.springframework.beans.factory.support.DefaultListableBeanFactory - Returning cached instance of singleton bean 'org.springframework.boot.autoconfigure.jackson.JacksonAutoConfiguration$JacksonObjectMapperBuilderConfiguration'
10:22:24.128 [Test worker] TRACE org.springframework.beans.factory.support.DefaultListableBeanFactory - Returning cached instance of singleton bean 'org.springframework.boot.autoconfigure.jackson.JacksonAutoConfiguration$ParameterNamesModuleConfiguration'
10:22:24.128 [Test worker] TRACE org.springframework.beans.factory.support.DefaultListableBeanFactory - Returning cached instance of singleton bean 'parameterNamesModule'
10:22:24.129 [Test worker] TRACE org.springframework.beans.factory.support.DefaultListableBeanFactory - Returning cached instance of singleton bean 'org.springframework.boot.autoconfigure.jackson.JacksonAutoConfiguration$JacksonObjectMapperConfiguration'
10:22:24.129 [Test worker] TRACE org.springframework.beans.factory.support.DefaultListableBeanFactory - Returning cached instance of singleton bean 'jacksonObjectMapper'
10:22:24.129 [Test worker] TRACE org.springframework.beans.factory.support.DefaultListableBeanFactory - Returning cached instance of singleton bean 'org.springframework.boot.autoconfigure.jackson.JacksonAutoConfiguration$JacksonMixinConfiguration'
10:22:24.129 [Test worker] TRACE org.springframework.beans.factory.support.DefaultListableBeanFactory - Returning cached instance of singleton bean 'jsonMixinModuleEntries'
10:22:24.129 [Test worker] TRACE org.springframework.beans.factory.support.DefaultListableBeanFactory - Returning cached instance of singleton bean 'jsonMixinModule'
10:22:24.129 [Test worker] TRACE org.springframework.beans.factory.support.DefaultListableBeanFactory - Returning cached instance of singleton bean 'org.springframework.boot.autoconfigure.jackson.JacksonAutoConfiguration'
10:22:24.129 [Test worker] TRACE org.springframework.beans.factory.support.DefaultListableBeanFactory - Returning cached instance of singleton bean 'jsonComponentModule'
10:22:24.129 [Test worker] TRACE org.springframework.beans.factory.support.DefaultListableBeanFactory - Returning cached instance of singleton bean 'org.springframework.boot.autoconfigure.transaction.jta.JtaAutoConfiguration'
10:22:24.129 [Test worker] TRACE org.springframework.beans.factory.support.DefaultListableBeanFactory - Returning cached instance of singleton bean 'org.springframework.boot.autoconfigure.jdbc.DataSourceConfiguration$Hikari'
10:22:24.129 [Test worker] TRACE org.springframework.beans.factory.support.DefaultListableBeanFactory - Returning cached instance of singleton bean 'jdbcConnectionDetailsHikariBeanPostProcessor'
10:22:24.130 [Test worker] TRACE org.springframework.beans.factory.support.DefaultListableBeanFactory - Returning cached instance of singleton bean 'dataSource'
10:22:24.130 [Test worker] TRACE org.springframework.beans.factory.support.DefaultListableBeanFactory - Returning cached instance of singleton bean 'org.springframework.boot.autoconfigure.jdbc.DataSourceAutoConfiguration$PooledDataSourceConfiguration'
10:22:24.130 [Test worker] TRACE org.springframework.beans.factory.support.DefaultListableBeanFactory - Returning cached instance of singleton bean 'jdbcConnectionDetails'
10:22:24.130 [Test worker] TRACE org.springframework.beans.factory.support.DefaultListableBeanFactory - Returning cached instance of singleton bean 'org.springframework.boot.autoconfigure.jdbc.metadata.DataSourcePoolMetadataProvidersConfiguration$HikariPoolDataSourceMetadataProviderConfiguration'
10:22:24.131 [Test worker] TRACE org.springframework.beans.factory.support.DefaultListableBeanFactory - Returning cached instance of singleton bean 'hikariPoolDataSourceMetadataProvider'
10:22:24.131 [Test worker] TRACE org.springframework.beans.factory.support.DefaultListableBeanFactory - Returning cached instance of singleton bean 'org.springframework.boot.autoconfigure.jdbc.metadata.DataSourcePoolMetadataProvidersConfiguration'
10:22:24.131 [Test worker] TRACE org.springframework.beans.factory.support.DefaultListableBeanFactory - Returning cached instance of singleton bean 'org.springframework.boot.autoconfigure.jdbc.DataSourceAutoConfiguration'
10:22:24.131 [Test worker] TRACE org.springframework.beans.factory.support.DefaultListableBeanFactory - Returning cached instance of singleton bean 'spring.datasource-org.springframework.boot.autoconfigure.jdbc.DataSourceProperties'
10:22:24.131 [Test worker] TRACE org.springframework.beans.factory.support.DefaultListableBeanFactory - Returning cached instance of singleton bean 'org.springframework.boot.autoconfigure.orm.jpa.JpaBaseConfiguration$JpaWebConfiguration'
10:22:24.131 [Test worker] TRACE org.springframework.beans.factory.support.DefaultListableBeanFactory - Returning cached instance of singleton bean 'openEntityManagerInViewInterceptor'
10:22:24.131 [Test worker] TRACE org.springframework.beans.factory.support.DefaultListableBeanFactory - Returning cached instance of singleton bean 'openEntityManagerInViewInterceptorConfigurer'
10:22:24.131 [Test worker] TRACE org.springframework.beans.factory.support.DefaultListableBeanFactory - Returning cached instance of singleton bean 'org.springframework.boot.autoconfigure.orm.jpa.JpaBaseConfiguration$PersistenceManagedTypesConfiguration'
10:22:24.131 [Test worker] TRACE org.springframework.beans.factory.support.DefaultListableBeanFactory - Returning cached instance of singleton bean 'persistenceManagedTypes'
10:22:24.131 [Test worker] TRACE org.springframework.beans.factory.support.DefaultListableBeanFactory - Returning cached instance of singleton bean 'org.springframework.boot.autoconfigure.orm.jpa.HibernateJpaConfiguration'
10:22:24.131 [Test worker] TRACE org.springframework.beans.factory.support.DefaultListableBeanFactory - Returning cached instance of singleton bean 'transactionManager'
10:22:24.131 [Test worker] TRACE org.springframework.beans.factory.support.DefaultListableBeanFactory - Returning cached instance of singleton bean 'jpaVendorAdapter'
10:22:24.131 [Test worker] TRACE org.springframework.beans.factory.support.DefaultListableBeanFactory - Returning cached instance of singleton bean 'entityManagerFactoryBuilder'
10:22:24.131 [Test worker] TRACE org.springframework.beans.factory.support.DefaultListableBeanFactory - Returning cached instance of singleton bean 'entityManagerFactory'
10:22:24.131 [Test worker] TRACE org.springframework.beans.factory.support.DefaultListableBeanFactory - Returning cached instance of singleton bean 'entityManagerFactory'
10:22:24.132 [Test worker] TRACE org.springframework.beans.factory.support.DefaultListableBeanFactory - Returning cached instance of singleton bean 'spring.jpa.hibernate-org.springframework.boot.autoconfigure.orm.jpa.HibernateProperties'
10:22:24.132 [Test worker] TRACE org.springframework.beans.factory.support.DefaultListableBeanFactory - Returning cached instance of singleton bean 'spring.jpa-org.springframework.boot.autoconfigure.orm.jpa.JpaProperties'
10:22:24.132 [Test worker] TRACE org.springframework.beans.factory.support.DefaultListableBeanFactory - Returning cached instance of singleton bean 'org.springframework.boot.autoconfigure.orm.jpa.HibernateJpaAutoConfiguration'
10:22:24.132 [Test worker] TRACE org.springframework.beans.factory.support.DefaultListableBeanFactory - Returning cached instance of singleton bean 'org.springframework.boot.autoconfigure.context.ConfigurationPropertiesAutoConfiguration'
10:22:24.132 [Test worker] TRACE org.springframework.beans.factory.support.DefaultListableBeanFactory - Returning cached instance of singleton bean 'org.springframework.boot.autoconfigure.context.LifecycleAutoConfiguration'
10:22:24.132 [Test worker] TRACE org.springframework.beans.factory.support.DefaultListableBeanFactory - Returning cached instance of singleton bean 'lifecycleProcessor'
10:22:24.132 [Test worker] TRACE org.springframework.beans.factory.support.DefaultListableBeanFactory - Returning cached instance of singleton bean 'spring.lifecycle-org.springframework.boot.autoconfigure.context.LifecycleProperties'
10:22:24.132 [Test worker] TRACE org.springframework.beans.factory.support.DefaultListableBeanFactory - Returning cached instance of singleton bean 'org.springframework.boot.autoconfigure.dao.PersistenceExceptionTranslationAutoConfiguration'
10:22:24.132 [Test worker] TRACE org.springframework.beans.factory.support.DefaultListableBeanFactory - Returning cached instance of singleton bean 'persistenceExceptionTranslationPostProcessor'
10:22:24.132 [Test worker] TRACE org.springframework.beans.factory.support.DefaultListableBeanFactory - Returning cached instance of singleton bean 'org.springframework.boot.autoconfigure.data.jpa.JpaRepositoriesAutoConfiguration'
10:22:24.132 [Test worker] TRACE org.springframework.beans.factory.support.DefaultListableBeanFactory - Returning cached instance of singleton bean 'jpaSharedEM_entityManagerFactory'
10:22:24.132 [Test worker] TRACE org.springframework.beans.factory.support.DefaultListableBeanFactory - Returning cached instance of singleton bean 'emBeanDefinitionRegistrarPostProcessor'
10:22:24.132 [Test worker] TRACE org.springframework.beans.factory.support.DefaultListableBeanFactory - Returning cached instance of singleton bean 'jpaMappingContext'
10:22:24.132 [Test worker] TRACE org.springframework.beans.factory.support.DefaultListableBeanFactory - Returning cached instance of singleton bean 'jpaMappingContext'
10:22:24.132 [Test worker] TRACE org.springframework.beans.factory.support.DefaultListableBeanFactory - Returning cached instance of singleton bean 'org.springframework.data.jpa.util.JpaMetamodelCacheCleanup'
10:22:24.132 [Test worker] TRACE org.springframework.beans.factory.support.DefaultListableBeanFactory - Returning cached instance of singleton bean 'org.springframework.data.jpa.repository.support.JpaEvaluationContextExtension'
10:22:24.133 [Test worker] TRACE org.springframework.beans.factory.support.DefaultListableBeanFactory - Returning cached instance of singleton bean 'jpa.named-queries#0'
10:22:24.134 [Test worker] TRACE org.springframework.beans.factory.support.DefaultListableBeanFactory - Returning cached instance of singleton bean 'jpa.named-queries#0'
10:22:24.134 [Test worker] TRACE org.springframework.beans.factory.support.DefaultListableBeanFactory - Returning cached instance of singleton bean 'jpa.SensorDao.fragments#0'
10:22:24.134 [Test worker] TRACE org.springframework.beans.factory.support.DefaultListableBeanFactory - Returning cached instance of singleton bean 'jpa.SensorDao.fragments#0'
10:22:24.134 [Test worker] TRACE org.springframework.beans.factory.support.DefaultListableBeanFactory - Returning cached instance of singleton bean 'sensorDao'
10:22:24.134 [Test worker] TRACE org.springframework.beans.factory.support.DefaultListableBeanFactory - Returning cached instance of singleton bean 'sensorDao'
10:22:24.134 [Test worker] TRACE org.springframework.beans.factory.support.DefaultListableBeanFactory - Returning cached instance of singleton bean 'jpa.named-queries#1'
10:22:24.134 [Test worker] TRACE org.springframework.beans.factory.support.DefaultListableBeanFactory - Returning cached instance of singleton bean 'jpa.named-queries#1'
10:22:24.134 [Test worker] TRACE org.springframework.beans.factory.support.DefaultListableBeanFactory - Returning cached instance of singleton bean 'jpa.ReservationDao.fragments#0'
10:22:24.134 [Test worker] TRACE org.springframework.beans.factory.support.DefaultListableBeanFactory - Returning cached instance of singleton bean 'jpa.ReservationDao.fragments#0'
10:22:24.134 [Test worker] TRACE org.springframework.beans.factory.support.DefaultListableBeanFactory - Returning cached instance of singleton bean 'reservationDao'
10:22:24.134 [Test worker] TRACE org.springframework.beans.factory.support.DefaultListableBeanFactory - Returning cached instance of singleton bean 'reservationDao'
10:22:24.134 [Test worker] TRACE org.springframework.beans.factory.support.DefaultListableBeanFactory - Returning cached instance of singleton bean 'jpa.named-queries#2'
10:22:24.134 [Test worker] TRACE org.springframework.beans.factory.support.DefaultListableBeanFactory - Returning cached instance of singleton bean 'jpa.named-queries#2'
10:22:24.134 [Test worker] TRACE org.springframework.beans.factory.support.DefaultListableBeanFactory - Returning cached instance of singleton bean 'jpa.MachineDao.fragments#0'
10:22:24.134 [Test worker] TRACE org.springframework.beans.factory.support.DefaultListableBeanFactory - Returning cached instance of singleton bean 'jpa.MachineDao.fragments#0'
10:22:24.134 [Test worker] TRACE org.springframework.beans.factory.support.DefaultListableBeanFactory - Returning cached instance of singleton bean 'machineDao'
10:22:24.134 [Test worker] TRACE org.springframework.beans.factory.support.DefaultListableBeanFactory - Returning cached instance of singleton bean 'machineDao'
10:22:24.134 [Test worker] TRACE org.springframework.beans.factory.support.DefaultListableBeanFactory - Returning cached instance of singleton bean 'data-jpa.repository-aot-processor#0'
10:22:24.134 [Test worker] TRACE org.springframework.beans.factory.support.DefaultListableBeanFactory - Returning cached instance of singleton bean 'org.springframework.boot.autoconfigure.http.HttpMessageConvertersAutoConfiguration$StringHttpMessageConverterConfiguration'
10:22:24.134 [Test worker] TRACE org.springframework.beans.factory.support.DefaultListableBeanFactory - Returning cached instance of singleton bean 'stringHttpMessageConverter'
10:22:24.134 [Test worker] TRACE org.springframework.beans.factory.support.DefaultListableBeanFactory - Returning cached instance of singleton bean 'org.springframework.boot.autoconfigure.http.JacksonHttpMessageConvertersConfiguration$MappingJackson2HttpMessageConverterConfiguration'
10:22:24.134 [Test worker] TRACE org.springframework.beans.factory.support.DefaultListableBeanFactory - Returning cached instance of singleton bean 'mappingJackson2HttpMessageConverter'
10:22:24.134 [Test worker] TRACE org.springframework.beans.factory.support.DefaultListableBeanFactory - Returning cached instance of singleton bean 'org.springframework.boot.autoconfigure.http.JacksonHttpMessageConvertersConfiguration'
10:22:24.134 [Test worker] TRACE org.springframework.beans.factory.support.DefaultListableBeanFactory - Returning cached instance of singleton bean 'org.springframework.boot.autoconfigure.http.HttpMessageConvertersAutoConfiguration'
10:22:24.134 [Test worker] TRACE org.springframework.beans.factory.support.DefaultListableBeanFactory - Returning cached instance of singleton bean 'messageConverters'
10:22:24.134 [Test worker] TRACE org.springframework.beans.factory.support.DefaultListableBeanFactory - Returning cached instance of singleton bean 'org.springframework.data.web.config.ProjectingArgumentResolverRegistrar'
10:22:24.134 [Test worker] TRACE org.springframework.beans.factory.support.DefaultListableBeanFactory - Returning cached instance of singleton bean 'projectingArgumentResolverBeanPostProcessor'
10:22:24.134 [Test worker] TRACE org.springframework.beans.factory.support.DefaultListableBeanFactory - Returning cached instance of singleton bean 'org.springframework.data.web.config.SpringDataWebConfiguration'
10:22:24.134 [Test worker] TRACE org.springframework.beans.factory.support.DefaultListableBeanFactory - Returning cached instance of singleton bean 'pageableResolver'
10:22:24.134 [Test worker] TRACE org.springframework.beans.factory.support.DefaultListableBeanFactory - Returning cached instance of singleton bean 'sortResolver'
10:22:24.134 [Test worker] TRACE org.springframework.beans.factory.support.DefaultListableBeanFactory - Returning cached instance of singleton bean 'org.springframework.data.web.config.SpringDataJacksonConfiguration'
10:22:24.134 [Test worker] TRACE org.springframework.beans.factory.support.DefaultListableBeanFactory - Returning cached instance of singleton bean 'jacksonGeoModule'
10:22:24.134 [Test worker] TRACE org.springframework.beans.factory.support.DefaultListableBeanFactory - Returning cached instance of singleton bean 'org.springframework.boot.autoconfigure.data.web.SpringDataWebAutoConfiguration'
10:22:24.134 [Test worker] TRACE org.springframework.beans.factory.support.DefaultListableBeanFactory - Returning cached instance of singleton bean 'pageableCustomizer'
10:22:24.134 [Test worker] TRACE org.springframework.beans.factory.support.DefaultListableBeanFactory - Returning cached instance of singleton bean 'sortCustomizer'
10:22:24.134 [Test worker] TRACE org.springframework.beans.factory.support.DefaultListableBeanFactory - Returning cached instance of singleton bean 'spring.data.web-org.springframework.boot.autoconfigure.data.web.SpringDataWebProperties'
10:22:24.134 [Test worker] TRACE org.springframework.beans.factory.support.DefaultListableBeanFactory - Returning cached instance of singleton bean 'org.springframework.boot.autoconfigure.h2.H2ConsoleAutoConfiguration'
10:22:24.134 [Test worker] TRACE org.springframework.beans.factory.support.DefaultListableBeanFactory - Returning cached instance of singleton bean 'h2Console'
10:22:24.134 [Test worker] TRACE org.springframework.beans.factory.support.DefaultListableBeanFactory - Returning cached instance of singleton bean 'spring.h2.console-org.springframework.boot.autoconfigure.h2.H2ConsoleProperties'
10:22:24.134 [Test worker] TRACE org.springframework.beans.factory.support.DefaultListableBeanFactory - Returning cached instance of singleton bean 'org.springframework.boot.autoconfigure.info.ProjectInfoAutoConfiguration'
10:22:24.134 [Test worker] TRACE org.springframework.beans.factory.support.DefaultListableBeanFactory - Returning cached instance of singleton bean 'spring.info-org.springframework.boot.autoconfigure.info.ProjectInfoProperties'
10:22:24.134 [Test worker] TRACE org.springframework.beans.factory.support.DefaultListableBeanFactory - Returning cached instance of singleton bean 'org.springframework.boot.autoconfigure.jdbc.JdbcTemplateConfiguration'
10:22:24.134 [Test worker] TRACE org.springframework.beans.factory.support.DefaultListableBeanFactory - Returning cached instance of singleton bean 'jdbcTemplate'
10:22:24.134 [Test worker] TRACE org.springframework.beans.factory.support.DefaultListableBeanFactory - Returning cached instance of singleton bean 'org.springframework.boot.autoconfigure.jdbc.NamedParameterJdbcTemplateConfiguration'
10:22:24.134 [Test worker] TRACE org.springframework.beans.factory.support.DefaultListableBeanFactory - Returning cached instance of singleton bean 'namedParameterJdbcTemplate'
10:22:24.134 [Test worker] TRACE org.springframework.beans.factory.support.DefaultListableBeanFactory - Returning cached instance of singleton bean 'org.springframework.boot.autoconfigure.jdbc.JdbcTemplateAutoConfiguration'
10:22:24.134 [Test worker] TRACE org.springframework.beans.factory.support.DefaultListableBeanFactory - Returning cached instance of singleton bean 'spring.jdbc-org.springframework.boot.autoconfigure.jdbc.JdbcProperties'
10:22:24.134 [Test worker] TRACE org.springframework.beans.factory.support.DefaultListableBeanFactory - Returning cached instance of singleton bean 'org.springframework.boot.sql.init.dependency.DatabaseInitializationDependencyConfigurer$DependsOnDatabaseInitializationPostProcessor'
10:22:24.134 [Test worker] TRACE org.springframework.beans.factory.support.DefaultListableBeanFactory - Returning cached instance of singleton bean 'org.springframework.security.config.annotation.configuration.ObjectPostProcessorConfiguration'
10:22:24.134 [Test worker] TRACE org.springframework.beans.factory.support.DefaultListableBeanFactory - Returning cached instance of singleton bean 'objectPostProcessor'
10:22:24.134 [Test worker] TRACE org.springframework.beans.factory.support.DefaultListableBeanFactory - Returning cached instance of singleton bean 'org.springframework.security.config.annotation.authentication.configuration.AuthenticationConfiguration'
10:22:24.134 [Test worker] TRACE org.springframework.beans.factory.support.DefaultListableBeanFactory - Returning cached instance of singleton bean 'authenticationManagerBuilder'
10:22:24.134 [Test worker] TRACE org.springframework.beans.factory.support.DefaultListableBeanFactory - Returning cached instance of singleton bean 'enableGlobalAuthenticationAutowiredConfigurer'
10:22:24.134 [Test worker] TRACE org.springframework.beans.factory.support.DefaultListableBeanFactory - Returning cached instance of singleton bean 'initializeUserDetailsBeanManagerConfigurer'
10:22:24.134 [Test worker] TRACE org.springframework.beans.factory.support.DefaultListableBeanFactory - Returning cached instance of singleton bean 'initializeAuthenticationProviderBeanManagerConfigurer'
10:22:24.134 [Test worker] TRACE org.springframework.beans.factory.support.DefaultListableBeanFactory - Returning cached instance of singleton bean 'org.springframework.security.config.annotation.web.configuration.WebSecurityConfiguration'
10:22:24.134 [Test worker] TRACE org.springframework.beans.factory.support.DefaultListableBeanFactory - Returning cached instance of singleton bean 'delegatingApplicationListener'
10:22:24.134 [Test worker] TRACE org.springframework.beans.factory.support.DefaultListableBeanFactory - Returning cached instance of singleton bean 'webSecurityExpressionHandler'
10:22:24.134 [Test worker] TRACE org.springframework.beans.factory.support.DefaultListableBeanFactory - Returning cached instance of singleton bean 'springSecurityFilterChain'
10:22:24.134 [Test worker] TRACE org.springframework.beans.factory.support.DefaultListableBeanFactory - Returning cached instance of singleton bean 'privilegeEvaluator'
10:22:24.134 [Test worker] TRACE org.springframework.beans.factory.support.DefaultListableBeanFactory - Returning cached instance of singleton bean 'conversionServicePostProcessor'
10:22:24.134 [Test worker] TRACE org.springframework.beans.factory.support.DefaultListableBeanFactory - Returning cached instance of singleton bean 'org.springframework.security.config.annotation.web.configuration.WebMvcSecurityConfiguration'
10:22:24.134 [Test worker] TRACE org.springframework.beans.factory.support.DefaultListableBeanFactory - Returning cached instance of singleton bean 'requestDataValueProcessor'
10:22:24.134 [Test worker] TRACE org.springframework.beans.factory.support.DefaultListableBeanFactory - Returning cached instance of singleton bean 'org.springframework.security.config.annotation.web.configuration.HttpSecurityConfiguration'
10:22:24.134 [Test worker] TRACE org.springframework.beans.factory.support.DefaultListableBeanFactory - Returning cached instance of singleton bean 'org.springframework.boot.autoconfigure.security.servlet.SpringBootWebSecurityConfiguration$WebSecurityEnablerConfiguration'
10:22:24.134 [Test worker] TRACE org.springframework.beans.factory.support.DefaultListableBeanFactory - Returning cached instance of singleton bean 'org.springframework.boot.autoconfigure.security.servlet.SpringBootWebSecurityConfiguration'
10:22:24.135 [Test worker] TRACE org.springframework.beans.factory.support.DefaultListableBeanFactory - Returning cached instance of singleton bean 'org.springframework.boot.autoconfigure.security.servlet.SecurityAutoConfiguration'
10:22:24.135 [Test worker] TRACE org.springframework.beans.factory.support.DefaultListableBeanFactory - Returning cached instance of singleton bean 'authenticationEventPublisher'
10:22:24.135 [Test worker] TRACE org.springframework.beans.factory.support.DefaultListableBeanFactory - Returning cached instance of singleton bean 'spring.security-org.springframework.boot.autoconfigure.security.SecurityProperties'
10:22:24.135 [Test worker] TRACE org.springframework.beans.factory.support.DefaultListableBeanFactory - Returning cached instance of singleton bean 'org.springframework.boot.autoconfigure.security.servlet.SecurityFilterAutoConfiguration'
10:22:24.135 [Test worker] TRACE org.springframework.beans.factory.support.DefaultListableBeanFactory - Returning cached instance of singleton bean 'securityFilterChainRegistration'
10:22:24.135 [Test worker] TRACE org.springframework.beans.factory.support.DefaultListableBeanFactory - Returning cached instance of singleton bean 'org.springframework.boot.autoconfigure.sql.init.DataSourceInitializationConfiguration'
10:22:24.135 [Test worker] TRACE org.springframework.beans.factory.support.DefaultListableBeanFactory - Returning cached instance of singleton bean 'dataSourceScriptDatabaseInitializer'
10:22:24.135 [Test worker] TRACE org.springframework.beans.factory.support.DefaultListableBeanFactory - Returning cached instance of singleton bean 'org.springframework.boot.autoconfigure.sql.init.SqlInitializationAutoConfiguration'
10:22:24.135 [Test worker] TRACE org.springframework.beans.factory.support.DefaultListableBeanFactory - Returning cached instance of singleton bean 'spring.sql.init-org.springframework.boot.autoconfigure.sql.init.SqlInitializationProperties'
10:22:24.135 [Test worker] TRACE org.springframework.beans.factory.support.DefaultListableBeanFactory - Returning cached instance of singleton bean 'org.springframework.boot.autoconfigure.task.TaskSchedulingAutoConfiguration'
10:22:24.135 [Test worker] TRACE org.springframework.beans.factory.support.DefaultListableBeanFactory - Returning cached instance of singleton bean 'taskSchedulerBuilder'
10:22:24.135 [Test worker] TRACE org.springframework.beans.factory.support.DefaultListableBeanFactory - Returning cached instance of singleton bean 'spring.task.scheduling-org.springframework.boot.autoconfigure.task.TaskSchedulingProperties'
10:22:24.135 [Test worker] TRACE org.springframework.beans.factory.support.DefaultListableBeanFactory - Returning cached instance of singleton bean 'org.springframework.boot.autoconfigure.jdbc.DataSourceTransactionManagerAutoConfiguration$JdbcTransactionManagerConfiguration'
10:22:24.135 [Test worker] TRACE org.springframework.beans.factory.support.DefaultListableBeanFactory - Returning cached instance of singleton bean 'org.springframework.boot.autoconfigure.jdbc.DataSourceTransactionManagerAutoConfiguration'
10:22:24.135 [Test worker] TRACE org.springframework.beans.factory.support.DefaultListableBeanFactory - Returning cached instance of singleton bean 'org.springframework.transaction.annotation.ProxyTransactionManagementConfiguration'
10:22:24.135 [Test worker] TRACE org.springframework.beans.factory.support.DefaultListableBeanFactory - Returning cached instance of singleton bean 'org.springframework.transaction.config.internalTransactionAdvisor'
10:22:24.135 [Test worker] TRACE org.springframework.beans.factory.support.DefaultListableBeanFactory - Returning cached instance of singleton bean 'transactionAttributeSource'
10:22:24.135 [Test worker] TRACE org.springframework.beans.factory.support.DefaultListableBeanFactory - Returning cached instance of singleton bean 'transactionInterceptor'
10:22:24.135 [Test worker] TRACE org.springframework.beans.factory.support.DefaultListableBeanFactory - Returning cached instance of singleton bean 'org.springframework.transaction.config.internalTransactionalEventListenerFactory'
10:22:24.135 [Test worker] TRACE org.springframework.beans.factory.support.DefaultListableBeanFactory - Returning cached instance of singleton bean 'org.springframework.boot.autoconfigure.transaction.TransactionAutoConfiguration$EnableTransactionManagementConfiguration$CglibAutoProxyConfiguration'
10:22:24.135 [Test worker] TRACE org.springframework.beans.factory.support.DefaultListableBeanFactory - Returning cached instance of singleton bean 'org.springframework.boot.autoconfigure.transaction.TransactionAutoConfiguration$EnableTransactionManagementConfiguration'
10:22:24.135 [Test worker] TRACE org.springframework.beans.factory.support.DefaultListableBeanFactory - Returning cached instance of singleton bean 'org.springframework.boot.autoconfigure.transaction.TransactionAutoConfiguration$TransactionTemplateConfiguration'
10:22:24.135 [Test worker] TRACE org.springframework.beans.factory.support.DefaultListableBeanFactory - Returning cached instance of singleton bean 'transactionTemplate'
10:22:24.135 [Test worker] TRACE org.springframework.beans.factory.support.DefaultListableBeanFactory - Returning cached instance of singleton bean 'org.springframework.boot.autoconfigure.transaction.TransactionAutoConfiguration'
10:22:24.135 [Test worker] TRACE org.springframework.beans.factory.support.DefaultListableBeanFactory - Returning cached instance of singleton bean 'platformTransactionManagerCustomizers'
10:22:24.135 [Test worker] TRACE org.springframework.beans.factory.support.DefaultListableBeanFactory - Returning cached instance of singleton bean 'spring.transaction-org.springframework.boot.autoconfigure.transaction.TransactionProperties'
10:22:24.135 [Test worker] TRACE org.springframework.beans.factory.support.DefaultListableBeanFactory - Returning cached instance of singleton bean 'org.springframework.boot.autoconfigure.web.client.RestTemplateAutoConfiguration'
10:22:24.135 [Test worker] TRACE org.springframework.beans.factory.support.DefaultListableBeanFactory - Returning cached instance of singleton bean 'org.springframework.boot.autoconfigure.web.servlet.HttpEncodingAutoConfiguration'
10:22:24.135 [Test worker] TRACE org.springframework.beans.factory.support.DefaultListableBeanFactory - Returning cached instance of singleton bean 'characterEncodingFilter'
10:22:24.135 [Test worker] TRACE org.springframework.beans.factory.support.DefaultListableBeanFactory - Returning cached instance of singleton bean 'localeCharsetMappingsCustomizer'
10:22:24.135 [Test worker] TRACE org.springframework.beans.factory.support.DefaultListableBeanFactory - Returning cached instance of singleton bean 'org.springframework.boot.autoconfigure.web.servlet.MultipartAutoConfiguration'
10:22:24.135 [Test worker] TRACE org.springframework.beans.factory.support.DefaultListableBeanFactory - Returning cached instance of singleton bean 'multipartConfigElement'
10:22:24.135 [Test worker] TRACE org.springframework.beans.factory.support.DefaultListableBeanFactory - Returning cached instance of singleton bean 'multipartResolver'
10:22:24.135 [Test worker] TRACE org.springframework.beans.factory.support.DefaultListableBeanFactory - Returning cached instance of singleton bean 'spring.servlet.multipart-org.springframework.boot.autoconfigure.web.servlet.MultipartProperties'
10:22:24.135 [Test worker] TRACE org.springframework.beans.factory.support.DefaultListableBeanFactory - Returning cached instance of singleton bean 'org.springframework.boot.test.mock.mockito.MockitoBeans'
10:22:24.135 [Test worker] TRACE org.springframework.test.context.cache.DefaultCacheAwareContextLoaderDelegate - Retrieved ApplicationContext [1519611492] from cache with key [WebMergedContextConfiguration@2d38edfd testClass = com.laundry.laundryMgmt.LaundryMgmtApplicationTests, locations = [], classes = [com.laundry.laundryMgmt.LaundryMgmtApplication], contextInitializerClasses = [], activeProfiles = [], propertySourceLocations = [], propertySourceProperties = ["org.springframework.boot.test.context.SpringBootTestContextBootstrapper=true"], contextCustomizers = [org.springframework.boot.test.autoconfigure.actuate.observability.ObservabilityContextCustomizerFactory$DisableObservabilityContextCustomizer@1f, org.springframework.boot.test.autoconfigure.properties.PropertyMappingContextCustomizer@0, org.springframework.boot.test.autoconfigure.web.servlet.WebDriverContextCustomizer@7d9ba6c, org.springframework.boot.test.context.filter.ExcludeFilterContextCustomizer@5d425813, org.springframework.boot.test.json.DuplicateJsonObjectContextCustomizerFactory$DuplicateJsonObjectContextCustomizer@6b52dd31, org.springframework.boot.test.mock.mockito.MockitoContextCustomizer@0, org.springframework.boot.test.web.client.TestRestTemplateContextCustomizer@1c9e07c6, org.springframework.boot.test.context.SpringBootTestAnnotation@38fab2ee], resourceBasePath = "src/main/webapp", contextLoader = org.springframework.boot.test.context.SpringBootContextLoader, parent = null]
10:22:24.135 [Test worker] DEBUG org.springframework.test.context.cache - Spring test ApplicationContext cache statistics: [DefaultContextCache@7b031f53 size = 1, maxSize = 32, parentContextCount = 0, hitCount = 8, missCount = 1]
10:22:24.135 [Test worker] TRACE org.springframework.test.context.cache.DefaultCacheAwareContextLoaderDelegate - Retrieved ApplicationContext [1519611492] from cache with key [WebMergedContextConfiguration@2d38edfd testClass = com.laundry.laundryMgmt.LaundryMgmtApplicationTests, locations = [], classes = [com.laundry.laundryMgmt.LaundryMgmtApplication], contextInitializerClasses = [], activeProfiles = [], propertySourceLocations = [], propertySourceProperties = ["org.springframework.boot.test.context.SpringBootTestContextBootstrapper=true"], contextCustomizers = [org.springframework.boot.test.autoconfigure.actuate.observability.ObservabilityContextCustomizerFactory$DisableObservabilityContextCustomizer@1f, org.springframework.boot.test.autoconfigure.properties.PropertyMappingContextCustomizer@0, org.springframework.boot.test.autoconfigure.web.servlet.WebDriverContextCustomizer@7d9ba6c, org.springframework.boot.test.context.filter.ExcludeFilterContextCustomizer@5d425813, org.springframework.boot.test.json.DuplicateJsonObjectContextCustomizerFactory$DuplicateJsonObjectContextCustomizer@6b52dd31, org.springframework.boot.test.mock.mockito.MockitoContextCustomizer@0, org.springframework.boot.test.web.client.TestRestTemplateContextCustomizer@1c9e07c6, org.springframework.boot.test.context.SpringBootTestAnnotation@38fab2ee], resourceBasePath = "src/main/webapp", contextLoader = org.springframework.boot.test.context.SpringBootContextLoader, parent = null]
10:22:24.136 [Test worker] DEBUG org.springframework.test.context.cache - Spring test ApplicationContext cache statistics: [DefaultContextCache@7b031f53 size = 1, maxSize = 32, parentContextCount = 0, hitCount = 9, missCount = 1]
10:22:24.136 [Test worker] TRACE org.springframework.beans.factory.support.DefaultListableBeanFactory - No bean named 'org.springframework.boot.test.autoconfigure.web.servlet.SpringBootMockMvcBuilderCustomizer$DeferredLinesWriter' found in org.springframework.beans.factory.support.DefaultListableBeanFactory@49f3ff41: defining beans [org.springframework.boot.test.mock.mockito.MockitoPostProcessor$SpyPostProcessor,org.springframework.boot.test.mock.mockito.MockitoPostProcessor,org.springframework.context.annotation.internalConfigurationAnnotationProcessor,org.springframework.context.annotation.internalAutowiredAnnotationProcessor,org.springframework.context.annotation.internalCommonAnnotationProcessor,org.springframework.context.annotation.internalPersistenceAnnotationProcessor,org.springframework.context.event.internalEventListenerProcessor,org.springframework.context.event.internalEventListenerFactory,laundryMgmtApplication,org.springframework.boot.autoconfigure.internalCachingMetadataReaderFactory,laundryMgmtApplicationConfig,machineImplementationService,machinesServicesImplementation,springSecurityConfig,machineController,reservationController,securityController,sensorController,washingTimeCommandLine,userDetailsService,defaultSecurityFilterChain,org.springframework.boot.autoconfigure.AutoConfigurationPackages,org.springframework.boot.autoconfigure.context.PropertyPlaceholderAutoConfiguration,propertySourcesPlaceholderConfigurer,org.springframework.boot.autoconfigure.ssl.SslAutoConfiguration,sslPropertiesSslBundleRegistrar,sslBundleRegistry,org.springframework.boot.context.properties.ConfigurationPropertiesBindingPostProcessor,org.springframework.boot.context.internalConfigurationPropertiesBinder,org.springframework.boot.context.properties.BoundConfigurationProperties,org.springframework.boot.context.properties.EnableConfigurationPropertiesRegistrar.methodValidationExcludeFilter,spring.ssl-org.springframework.boot.autoconfigure.ssl.SslProperties,org.springframework.boot.autoconfigure.websocket.servlet.WebSocketServletAutoConfiguration$TomcatWebSocketConfiguration,websocketServletWebServerCustomizer,org.springframework.boot.autoconfigure.websocket.servlet.WebSocketServletAutoConfiguration,org.springframework.boot.autoconfigure.web.servlet.ServletWebServerFactoryConfiguration$EmbeddedTomcat,tomcatServletWebServerFactory,org.springframework.boot.autoconfigure.web.servlet.ServletWebServerFactoryAutoConfiguration,servletWebServerFactoryCustomizer,tomcatServletWebServerFactoryCustomizer,server-org.springframework.boot.autoconfigure.web.ServerProperties,webServerFactoryCustomizerBeanPostProcessor,errorPageRegistrarBeanPostProcessor,org.springframework.boot.autoconfigure.web.servlet.DispatcherServletAutoConfiguration$DispatcherServletConfiguration,dispatcherServlet,spring.mvc-org.springframework.boot.autoconfigure.web.servlet.WebMvcProperties,org.springframework.boot.autoconfigure.web.servlet.DispatcherServletAutoConfiguration$DispatcherServletRegistrationConfiguration,dispatcherServletRegistration,org.springframework.boot.autoconfigure.web.servlet.DispatcherServletAutoConfiguration,org.springframework.boot.autoconfigure.task.TaskExecutionAutoConfiguration,taskExecutorBuilder,applicationTaskExecutor,spring.task.execution-org.springframework.boot.autoconfigure.task.TaskExecutionProperties,org.springframework.boot.autoconfigure.web.servlet.error.ErrorMvcAutoConfiguration$WhitelabelErrorViewConfiguration,error,beanNameViewResolver,org.springframework.boot.autoconfigure.web.servlet.error.ErrorMvcAutoConfiguration$DefaultErrorViewResolverConfiguration,conventionErrorViewResolver,spring.web-org.springframework.boot.autoconfigure.web.WebProperties,org.springframework.boot.autoconfigure.web.servlet.error.ErrorMvcAutoConfiguration,errorAttributes,basicErrorController,errorPageCustomizer,preserveErrorControllerTargetClassPostProcessor,org.springframework.boot.autoconfigure.web.servlet.WebMvcAutoConfiguration$EnableWebMvcConfiguration,requestMappingHandlerAdapter,welcomePageHandlerMapping,welcomePageNotAcceptableHandlerMapping,localeResolver,themeResolver,flashMapManager,mvcConversionService,mvcValidator,mvcContentNegotiationManager,requestMappingHandlerMapping,mvcPatternParser,mvcUrlPathHelper,mvcPathMatcher,viewControllerHandlerMapping,beanNameHandlerMapping,routerFunctionMapping,resourceHandlerMapping,mvcResourceUrlProvider,defaultServletHandlerMapping,handlerFunctionAdapter,mvcUriComponentsContributor,httpRequestHandlerAdapter,simpleControllerHandlerAdapter,handlerExceptionResolver,mvcViewResolver,mvcHandlerMappingIntrospector,viewNameTranslator,org.springframework.boot.autoconfigure.web.servlet.WebMvcAutoConfiguration$WebMvcAutoConfigurationAdapter,defaultViewResolver,viewResolver,requestContextFilter,org.springframework.boot.autoconfigure.web.servlet.WebMvcAutoConfiguration,formContentFilter,org.springdoc.core.configuration.SpringDocConfiguration$QuerydslProvider,queryDslQuerydslPredicateOperationCustomizer,org.springdoc.core.configuration.SpringDocConfiguration$OpenApiResourceAdvice,org.springdoc.core.configuration.SpringDocConfiguration$SpringDocSpringDataWebPropertiesProvider,springDataWebPropertiesProvider,org.springdoc.core.configuration.SpringDocConfiguration$WebConversionServiceConfiguration,webConversionServiceProvider,org.springdoc.core.configuration.SpringDocConfiguration,localSpringDocParameterNameDiscoverer,additionalModelsConverter,fileSupportConverter,responseSupportConverter,schemaPropertyDeprecatingConverter,polymorphicModelConverter,openAPIBuilder,modelConverterRegistrar,operationBuilder,propertyResolverUtils,requestBodyBuilder,securityParser,genericReturnTypeParser,parameterBuilder,springDocProviders,springdocObjectMapperProvider,springDocCustomizers,org.springdoc.core.configuration.SpringDocPageableConfiguration,pageableOpenAPIConverter,delegatingMethodParameterCustomizer,org.springdoc.core.configuration.SpringDocSecurityConfiguration$SpringSecurityLoginEndpointConfiguration,org.springdoc.core.configuration.SpringDocSecurityConfiguration,org.springdoc.core.configuration.SpringDocSortConfiguration,sortOpenAPIConverter,org.springdoc.core.configuration.SpringDocUIConfiguration,org.springdoc.core.properties.SpringDocConfigProperties,org.springdoc.core.properties.SwaggerUiConfigParameters,org.springdoc.core.properties.SwaggerUiConfigProperties,org.springdoc.core.properties.SwaggerUiOAuthProperties,org.springdoc.webmvc.core.configuration.SpringDocWebMvcConfiguration$SpringDocWebMvcRouterConfiguration,routerFunctionProvider,org.springdoc.webmvc.core.configuration.SpringDocWebMvcConfiguration,openApiResource,requestBuilder,springWebProvider,responseBuilder,org.springdoc.webmvc.ui.SwaggerConfig,swaggerWelcome,swaggerConfigResource,indexPageTransformer,swaggerWebMvcConfigurer,swaggerResourceResolver,org.springframework.boot.autoconfigure.aop.AopAutoConfiguration$AspectJAutoProxyingConfiguration$CglibAutoProxyConfiguration,org.springframework.aop.config.internalAutoProxyCreator,org.springframework.boot.autoconfigure.aop.AopAutoConfiguration$AspectJAutoProxyingConfiguration,org.springframework.boot.autoconfigure.aop.AopAutoConfiguration,org.springframework.boot.autoconfigure.availability.ApplicationAvailabilityAutoConfiguration,applicationAvailability,org.springframework.boot.autoconfigure.jackson.JacksonAutoConfiguration$Jackson2ObjectMapperBuilderCustomizerConfiguration,standardJacksonObjectMapperBuilderCustomizer,spring.jackson-org.springframework.boot.autoconfigure.jackson.JacksonProperties,org.springframework.boot.autoconfigure.jackson.JacksonAutoConfiguration$JacksonObjectMapperBuilderConfiguration,jacksonObjectMapperBuilder,org.springframework.boot.autoconfigure.jackson.JacksonAutoConfiguration$ParameterNamesModuleConfiguration,parameterNamesModule,org.springframework.boot.autoconfigure.jackson.JacksonAutoConfiguration$JacksonObjectMapperConfiguration,jacksonObjectMapper,org.springframework.boot.autoconfigure.jackson.JacksonAutoConfiguration$JacksonMixinConfiguration,jsonMixinModuleEntries,jsonMixinModule,org.springframework.boot.autoconfigure.jackson.JacksonAutoConfiguration,jsonComponentModule,org.springframework.boot.autoconfigure.transaction.jta.JtaAutoConfiguration,org.springframework.boot.autoconfigure.jdbc.DataSourceConfiguration$Hikari,jdbcConnectionDetailsHikariBeanPostProcessor,dataSource,org.springframework.boot.autoconfigure.jdbc.DataSourceAutoConfiguration$PooledDataSourceConfiguration,jdbcConnectionDetails,org.springframework.boot.autoconfigure.jdbc.metadata.DataSourcePoolMetadataProvidersConfiguration$HikariPoolDataSourceMetadataProviderConfiguration,hikariPoolDataSourceMetadataProvider,org.springframework.boot.autoconfigure.jdbc.metadata.DataSourcePoolMetadataProvidersConfiguration,org.springframework.boot.autoconfigure.jdbc.DataSourceAutoConfiguration,spring.datasource-org.springframework.boot.autoconfigure.jdbc.DataSourceProperties,org.springframework.boot.autoconfigure.orm.jpa.JpaBaseConfiguration$JpaWebConfiguration,openEntityManagerInViewInterceptor,openEntityManagerInViewInterceptorConfigurer,org.springframework.boot.autoconfigure.orm.jpa.JpaBaseConfiguration$PersistenceManagedTypesConfiguration,persistenceManagedTypes,org.springframework.boot.autoconfigure.orm.jpa.HibernateJpaConfiguration,transactionManager,jpaVendorAdapter,entityManagerFactoryBuilder,entityManagerFactory,spring.jpa.hibernate-org.springframework.boot.autoconfigure.orm.jpa.HibernateProperties,spring.jpa-org.springframework.boot.autoconfigure.orm.jpa.JpaProperties,org.springframework.boot.autoconfigure.orm.jpa.HibernateJpaAutoConfiguration,org.springframework.boot.autoconfigure.context.ConfigurationPropertiesAutoConfiguration,org.springframework.boot.autoconfigure.context.LifecycleAutoConfiguration,lifecycleProcessor,spring.lifecycle-org.springframework.boot.autoconfigure.context.LifecycleProperties,org.springframework.boot.autoconfigure.dao.PersistenceExceptionTranslationAutoConfiguration,persistenceExceptionTranslationPostProcessor,org.springframework.boot.autoconfigure.data.jpa.JpaRepositoriesAutoConfiguration,jpaSharedEM_entityManagerFactory,emBeanDefinitionRegistrarPostProcessor,jpaMappingContext,jpaContext,org.springframework.data.jpa.util.JpaMetamodelCacheCleanup,org.springframework.data.jpa.repository.support.JpaEvaluationContextExtension,jpa.named-queries#0,jpa.SensorDao.fragments#0,sensorDao,jpa.named-queries#1,jpa.ReservationDao.fragments#0,reservationDao,jpa.named-queries#2,jpa.MachineDao.fragments#0,machineDao,data-jpa.repository-aot-processor#0,org.springframework.boot.autoconfigure.http.HttpMessageConvertersAutoConfiguration$StringHttpMessageConverterConfiguration,stringHttpMessageConverter,org.springframework.boot.autoconfigure.http.JacksonHttpMessageConvertersConfiguration$MappingJackson2HttpMessageConverterConfiguration,mappingJackson2HttpMessageConverter,org.springframework.boot.autoconfigure.http.JacksonHttpMessageConvertersConfiguration,org.springframework.boot.autoconfigure.http.HttpMessageConvertersAutoConfiguration,messageConverters,org.springframework.data.web.config.ProjectingArgumentResolverRegistrar,projectingArgumentResolverBeanPostProcessor,org.springframework.data.web.config.SpringDataWebConfiguration,pageableResolver,sortResolver,org.springframework.data.web.config.SpringDataJacksonConfiguration,jacksonGeoModule,org.springframework.boot.autoconfigure.data.web.SpringDataWebAutoConfiguration,pageableCustomizer,sortCustomizer,spring.data.web-org.springframework.boot.autoconfigure.data.web.SpringDataWebProperties,org.springframework.boot.autoconfigure.h2.H2ConsoleAutoConfiguration,h2Console,spring.h2.console-org.springframework.boot.autoconfigure.h2.H2ConsoleProperties,org.springframework.boot.autoconfigure.info.ProjectInfoAutoConfiguration,spring.info-org.springframework.boot.autoconfigure.info.ProjectInfoProperties,org.springframework.boot.autoconfigure.jdbc.JdbcTemplateConfiguration,jdbcTemplate,org.springframework.boot.autoconfigure.jdbc.NamedParameterJdbcTemplateConfiguration,namedParameterJdbcTemplate,org.springframework.boot.autoconfigure.jdbc.JdbcTemplateAutoConfiguration,spring.jdbc-org.springframework.boot.autoconfigure.jdbc.JdbcProperties,org.springframework.boot.sql.init.dependency.DatabaseInitializationDependencyConfigurer$DependsOnDatabaseInitializationPostProcessor,org.springframework.security.config.annotation.configuration.ObjectPostProcessorConfiguration,objectPostProcessor,org.springframework.security.config.annotation.authentication.configuration.AuthenticationConfiguration,authenticationManagerBuilder,enableGlobalAuthenticationAutowiredConfigurer,initializeUserDetailsBeanManagerConfigurer,initializeAuthenticationProviderBeanManagerConfigurer,org.springframework.security.config.annotation.web.configuration.WebSecurityConfiguration,delegatingApplicationListener,webSecurityExpressionHandler,springSecurityFilterChain,privilegeEvaluator,conversionServicePostProcessor,org.springframework.security.config.annotation.web.configuration.WebMvcSecurityConfiguration,requestDataValueProcessor,org.springframework.security.config.annotation.web.configuration.HttpSecurityConfiguration,org.springframework.security.config.annotation.web.configuration.HttpSecurityConfiguration.httpSecurity,org.springframework.boot.autoconfigure.security.servlet.SpringBootWebSecurityConfiguration$WebSecurityEnablerConfiguration,org.springframework.boot.autoconfigure.security.servlet.SpringBootWebSecurityConfiguration,org.springframework.boot.autoconfigure.security.servlet.SecurityAutoConfiguration,authenticationEventPublisher,spring.security-org.springframework.boot.autoconfigure.security.SecurityProperties,org.springframework.boot.autoconfigure.security.servlet.SecurityFilterAutoConfiguration,securityFilterChainRegistration,org.springframework.boot.autoconfigure.sql.init.DataSourceInitializationConfiguration,dataSourceScriptDatabaseInitializer,org.springframework.boot.autoconfigure.sql.init.SqlInitializationAutoConfiguration,spring.sql.init-org.springframework.boot.autoconfigure.sql.init.SqlInitializationProperties,org.springframework.boot.autoconfigure.task.TaskSchedulingAutoConfiguration,taskSchedulerBuilder,spring.task.scheduling-org.springframework.boot.autoconfigure.task.TaskSchedulingProperties,org.springframework.boot.autoconfigure.jdbc.DataSourceTransactionManagerAutoConfiguration$JdbcTransactionManagerConfiguration,org.springframework.boot.autoconfigure.jdbc.DataSourceTransactionManagerAutoConfiguration,org.springframework.transaction.annotation.ProxyTransactionManagementConfiguration,org.springframework.transaction.config.internalTransactionAdvisor,transactionAttributeSource,transactionInterceptor,org.springframework.transaction.config.internalTransactionalEventListenerFactory,org.springframework.boot.autoconfigure.transaction.TransactionAutoConfiguration$EnableTransactionManagementConfiguration$CglibAutoProxyConfiguration,org.springframework.boot.autoconfigure.transaction.TransactionAutoConfiguration$EnableTransactionManagementConfiguration,org.springframework.boot.autoconfigure.transaction.TransactionAutoConfiguration$TransactionTemplateConfiguration,transactionTemplate,org.springframework.boot.autoconfigure.transaction.TransactionAutoConfiguration,platformTransactionManagerCustomizers,spring.transaction-org.springframework.boot.autoconfigure.transaction.TransactionProperties,org.springframework.boot.autoconfigure.web.client.RestTemplateAutoConfiguration,restTemplateBuilderConfigurer,restTemplateBuilder,org.springframework.boot.autoconfigure.web.servlet.HttpEncodingAutoConfiguration,characterEncodingFilter,localeCharsetMappingsCustomizer,org.springframework.boot.autoconfigure.web.servlet.MultipartAutoConfiguration,multipartConfigElement,multipartResolver,spring.servlet.multipart-org.springframework.boot.autoconfigure.web.servlet.MultipartProperties,jpaSharedEM_AWC_entityManagerFactory]; root of factory hierarchy
10:22:24.137 [Test worker] TRACE org.springframework.test.context.cache.DefaultCacheAwareContextLoaderDelegate - Retrieved ApplicationContext [1519611492] from cache with key [WebMergedContextConfiguration@2d38edfd testClass = com.laundry.laundryMgmt.LaundryMgmtApplicationTests, locations = [], classes = [com.laundry.laundryMgmt.LaundryMgmtApplication], contextInitializerClasses = [], activeProfiles = [], propertySourceLocations = [], propertySourceProperties = ["org.springframework.boot.test.context.SpringBootTestContextBootstrapper=true"], contextCustomizers = [org.springframework.boot.test.autoconfigure.actuate.observability.ObservabilityContextCustomizerFactory$DisableObservabilityContextCustomizer@1f, org.springframework.boot.test.autoconfigure.properties.PropertyMappingContextCustomizer@0, org.springframework.boot.test.autoconfigure.web.servlet.WebDriverContextCustomizer@7d9ba6c, org.springframework.boot.test.context.filter.ExcludeFilterContextCustomizer@5d425813, org.springframework.boot.test.json.DuplicateJsonObjectContextCustomizerFactory$DuplicateJsonObjectContextCustomizer@6b52dd31, org.springframework.boot.test.mock.mockito.MockitoContextCustomizer@0, org.springframework.boot.test.web.client.TestRestTemplateContextCustomizer@1c9e07c6, org.springframework.boot.test.context.SpringBootTestAnnotation@38fab2ee], resourceBasePath = "src/main/webapp", contextLoader = org.springframework.boot.test.context.SpringBootContextLoader, parent = null]
10:22:24.137 [Test worker] DEBUG org.springframework.test.context.cache - Spring test ApplicationContext cache statistics: [DefaultContextCache@7b031f53 size = 1, maxSize = 32, parentContextCount = 0, hitCount = 10, missCount = 1]
10:22:24.141 [Test worker] TRACE org.springframework.test.context.cache.DefaultCacheAwareContextLoaderDelegate - Retrieved ApplicationContext [1519611492] from cache with key [WebMergedContextConfiguration@2d38edfd testClass = com.laundry.laundryMgmt.LaundryMgmtApplicationTests, locations = [], classes = [com.laundry.laundryMgmt.LaundryMgmtApplication], contextInitializerClasses = [], activeProfiles = [], propertySourceLocations = [], propertySourceProperties = ["org.springframework.boot.test.context.SpringBootTestContextBootstrapper=true"], contextCustomizers = [org.springframework.boot.test.autoconfigure.actuate.observability.ObservabilityContextCustomizerFactory$DisableObservabilityContextCustomizer@1f, org.springframework.boot.test.autoconfigure.properties.PropertyMappingContextCustomizer@0, org.springframework.boot.test.autoconfigure.web.servlet.WebDriverContextCustomizer@7d9ba6c, org.springframework.boot.test.context.filter.ExcludeFilterContextCustomizer@5d425813, org.springframework.boot.test.json.DuplicateJsonObjectContextCustomizerFactory$DuplicateJsonObjectContextCustomizer@6b52dd31, org.springframework.boot.test.mock.mockito.MockitoContextCustomizer@0, org.springframework.boot.test.web.client.TestRestTemplateContextCustomizer@1c9e07c6, org.springframework.boot.test.context.SpringBootTestAnnotation@38fab2ee], resourceBasePath = "src/main/webapp", contextLoader = org.springframework.boot.test.context.SpringBootContextLoader, parent = null]
10:22:24.141 [Test worker] DEBUG org.springframework.test.context.cache - Spring test ApplicationContext cache statistics: [DefaultContextCache@7b031f53 size = 1, maxSize = 32, parentContextCount = 0, hitCount = 11, missCount = 1]
10:22:24.142 [Test worker] TRACE org.springframework.beans.factory.support.DefaultListableBeanFactory - Returning cached instance of singleton bean 'delegatingApplicationListener'
10:22:24.142 [Test worker] TRACE org.springframework.test.context.cache.DefaultCacheAwareContextLoaderDelegate - Retrieved ApplicationContext [1519611492] from cache with key [WebMergedContextConfiguration@2d38edfd testClass = com.laundry.laundryMgmt.LaundryMgmtApplicationTests, locations = [], classes = [com.laundry.laundryMgmt.LaundryMgmtApplication], contextInitializerClasses = [], activeProfiles = [], propertySourceLocations = [], propertySourceProperties = ["org.springframework.boot.test.context.SpringBootTestContextBootstrapper=true"], contextCustomizers = [org.springframework.boot.test.autoconfigure.actuate.observability.ObservabilityContextCustomizerFactory$DisableObservabilityContextCustomizer@1f, org.springframework.boot.test.autoconfigure.properties.PropertyMappingContextCustomizer@0, org.springframework.boot.test.autoconfigure.web.servlet.WebDriverContextCustomizer@7d9ba6c, org.springframework.boot.test.context.filter.ExcludeFilterContextCustomizer@5d425813, org.springframework.boot.test.json.DuplicateJsonObjectContextCustomizerFactory$DuplicateJsonObjectContextCustomizer@6b52dd31, org.springframework.boot.test.mock.mockito.MockitoContextCustomizer@0, org.springframework.boot.test.web.client.TestRestTemplateContextCustomizer@1c9e07c6, org.springframework.boot.test.context.SpringBootTestAnnotation@38fab2ee], resourceBasePath = "src/main/webapp", contextLoader = org.springframework.boot.test.context.SpringBootContextLoader, parent = null]
10:22:24.143 [Test worker] DEBUG org.springframework.test.context.cache - Spring test ApplicationContext cache statistics: [DefaultContextCache@7b031f53 size = 1, maxSize = 32, parentContextCount = 0, hitCount = 12, missCount = 1]
10:22:24.145 [Test worker] TRACE org.springframework.test.context.support.DirtiesContextTestExecutionListener - After test method: context [DefaultTestContext@51d719bc testClass = com.laundry.laundryMgmt.LaundryMgmtApplicationTests, testInstance = com.laundry.laundryMgmt.LaundryMgmtApplicationTests@7ab4ae59, testMethod = contextLoads(), testException = null, mergedContextConfiguration = [WebMergedContextConfiguration@2d38edfd testClass = com.laundry.laundryMgmt.LaundryMgmtApplicationTests, locations = [], classes = [com.laundry.laundryMgmt.LaundryMgmtApplication], contextInitializerClasses = [], activeProfiles = [], propertySourceLocations = [], propertySourceProperties = ["org.springframework.boot.test.context.SpringBootTestContextBootstrapper=true"], contextCustomizers = [org.springframework.boot.test.autoconfigure.actuate.observability.ObservabilityContextCustomizerFactory$DisableObservabilityContextCustomizer@1f, org.springframework.boot.test.autoconfigure.properties.PropertyMappingContextCustomizer@0, org.springframework.boot.test.autoconfigure.web.servlet.WebDriverContextCustomizer@7d9ba6c, org.springframework.boot.test.context.filter.ExcludeFilterContextCustomizer@5d425813, org.springframework.boot.test.json.DuplicateJsonObjectContextCustomizerFactory$DuplicateJsonObjectContextCustomizer@6b52dd31, org.springframework.boot.test.mock.mockito.MockitoContextCustomizer@0, org.springframework.boot.test.web.client.TestRestTemplateContextCustomizer@1c9e07c6, org.springframework.boot.test.context.SpringBootTestAnnotation@38fab2ee], resourceBasePath = "src/main/webapp", contextLoader = org.springframework.boot.test.context.SpringBootContextLoader, parent = null], attributes = {"org.springframework.test.context.web.ServletTestExecutionListener.activateListener" -> true, "org.springframework.test.context.web.ServletTestExecutionListener.populatedRequestContextHolder" -> true, "org.springframework.test.context.web.ServletTestExecutionListener.resetRequestContextHolder" -> true, "org.springframework.test.context.event.ApplicationEventsTestExecutionListener.recordApplicationEvents" -> false}], class annotated with @DirtiesContext [false] with mode [null], method annotated with @DirtiesContext [false] with mode [null]
10:22:24.145 [Test worker] TRACE org.springframework.test.context.web.ServletTestExecutionListener - Resetting RequestContextHolder for test context [DefaultTestContext@51d719bc testClass = com.laundry.laundryMgmt.LaundryMgmtApplicationTests, testInstance = com.laundry.laundryMgmt.LaundryMgmtApplicationTests@7ab4ae59, testMethod = contextLoads(), testException = null, mergedContextConfiguration = [WebMergedContextConfiguration@2d38edfd testClass = com.laundry.laundryMgmt.LaundryMgmtApplicationTests, locations = [], classes = [com.laundry.laundryMgmt.LaundryMgmtApplication], contextInitializerClasses = [], activeProfiles = [], propertySourceLocations = [], propertySourceProperties = ["org.springframework.boot.test.context.SpringBootTestContextBootstrapper=true"], contextCustomizers = [org.springframework.boot.test.autoconfigure.actuate.observability.ObservabilityContextCustomizerFactory$DisableObservabilityContextCustomizer@1f, org.springframework.boot.test.autoconfigure.properties.PropertyMappingContextCustomizer@0, org.springframework.boot.test.autoconfigure.web.servlet.WebDriverContextCustomizer@7d9ba6c, org.springframework.boot.test.context.filter.ExcludeFilterContextCustomizer@5d425813, org.springframework.boot.test.json.DuplicateJsonObjectContextCustomizerFactory$DuplicateJsonObjectContextCustomizer@6b52dd31, org.springframework.boot.test.mock.mockito.MockitoContextCustomizer@0, org.springframework.boot.test.web.client.TestRestTemplateContextCustomizer@1c9e07c6, org.springframework.boot.test.context.SpringBootTestAnnotation@38fab2ee], resourceBasePath = "src/main/webapp", contextLoader = org.springframework.boot.test.context.SpringBootContextLoader, parent = null], attributes = {"org.springframework.test.context.web.ServletTestExecutionListener.activateListener" -> true, "org.springframework.test.context.web.ServletTestExecutionListener.populatedRequestContextHolder" -> true, "org.springframework.test.context.web.ServletTestExecutionListener.resetRequestContextHolder" -> true, "org.springframework.test.context.event.ApplicationEventsTestExecutionListener.recordApplicationEvents" -> false}]
10:22:24.147 [Test worker] TRACE org.springframework.test.context.TestContextManager - afterTestClass(): class [com.laundry.laundryMgmt.LaundryMgmtApplicationTests]
10:22:24.149 [Test worker] TRACE org.springframework.test.context.cache.DefaultCacheAwareContextLoaderDelegate - Retrieved ApplicationContext [1519611492] from cache with key [WebMergedContextConfiguration@2d38edfd testClass = com.laundry.laundryMgmt.LaundryMgmtApplicationTests, locations = [], classes = [com.laundry.laundryMgmt.LaundryMgmtApplication], contextInitializerClasses = [], activeProfiles = [], propertySourceLocations = [], propertySourceProperties = ["org.springframework.boot.test.context.SpringBootTestContextBootstrapper=true"], contextCustomizers = [org.springframework.boot.test.autoconfigure.actuate.observability.ObservabilityContextCustomizerFactory$DisableObservabilityContextCustomizer@1f, org.springframework.boot.test.autoconfigure.properties.PropertyMappingContextCustomizer@0, org.springframework.boot.test.autoconfigure.web.servlet.WebDriverContextCustomizer@7d9ba6c, org.springframework.boot.test.context.filter.ExcludeFilterContextCustomizer@5d425813, org.springframework.boot.test.json.DuplicateJsonObjectContextCustomizerFactory$DuplicateJsonObjectContextCustomizer@6b52dd31, org.springframework.boot.test.mock.mockito.MockitoContextCustomizer@0, org.springframework.boot.test.web.client.TestRestTemplateContextCustomizer@1c9e07c6, org.springframework.boot.test.context.SpringBootTestAnnotation@38fab2ee], resourceBasePath = "src/main/webapp", contextLoader = org.springframework.boot.test.context.SpringBootContextLoader, parent = null]
10:22:24.149 [Test worker] DEBUG org.springframework.test.context.cache - Spring test ApplicationContext cache statistics: [DefaultContextCache@7b031f53 size = 1, maxSize = 32, parentContextCount = 0, hitCount = 13, missCount = 1]
10:22:24.151 [Test worker] TRACE org.springframework.beans.factory.support.DefaultListableBeanFactory - Returning cached instance of singleton bean 'delegatingApplicationListener'
10:22:24.151 [Test worker] TRACE org.springframework.test.context.support.DirtiesContextTestExecutionListener - After test class: context [DefaultTestContext@51d719bc testClass = com.laundry.laundryMgmt.LaundryMgmtApplicationTests, testInstance = null, testMethod = null, testException = null, mergedContextConfiguration = [WebMergedContextConfiguration@2d38edfd testClass = com.laundry.laundryMgmt.LaundryMgmtApplicationTests, locations = [], classes = [com.laundry.laundryMgmt.LaundryMgmtApplication], contextInitializerClasses = [], activeProfiles = [], propertySourceLocations = [], propertySourceProperties = ["org.springframework.boot.test.context.SpringBootTestContextBootstrapper=true"], contextCustomizers = [org.springframework.boot.test.autoconfigure.actuate.observability.ObservabilityContextCustomizerFactory$DisableObservabilityContextCustomizer@1f, org.springframework.boot.test.autoconfigure.properties.PropertyMappingContextCustomizer@0, org.springframework.boot.test.autoconfigure.web.servlet.WebDriverContextCustomizer@7d9ba6c, org.springframework.boot.test.context.filter.ExcludeFilterContextCustomizer@5d425813, org.springframework.boot.test.json.DuplicateJsonObjectContextCustomizerFactory$DuplicateJsonObjectContextCustomizer@6b52dd31, org.springframework.boot.test.mock.mockito.MockitoContextCustomizer@0, org.springframework.boot.test.web.client.TestRestTemplateContextCustomizer@1c9e07c6, org.springframework.boot.test.context.SpringBootTestAnnotation@38fab2ee], resourceBasePath = "src/main/webapp", contextLoader = org.springframework.boot.test.context.SpringBootContextLoader, parent = null], attributes = {"org.springframework.test.context.web.ServletTestExecutionListener.activateListener" -> true, "org.springframework.test.context.event.ApplicationEventsTestExecutionListener.recordApplicationEvents" -> false, "org.springframework.test.context.support.DependencyInjectionTestExecutionListener.reinjectDependencies" -> true}], class annotated with @DirtiesContext [false] with mode [null]
]]></system-out>
  <system-err><![CDATA[SLF4J: No SLF4J providers were found.
SLF4J: Defaulting to no-operation (NOP) logger implementation
SLF4J: See https://www.slf4j.org/codes.html#noProviders for further details.
]]></system-err>
</testsuite>
