<?xml version="1.0" encoding="UTF-8"?>
<testsuite name="com.laundry.laundryMgmt.ReservationTest.ReservationIntegration" tests="4" skipped="0" failures="0" errors="0" timestamp="2024-01-09T17:17:41" hostname="kali" time="0.483">
  <properties/>
  <testcase name="givenReservationByIdAccessed_whenReservationInfoRetrieved_then200IsReceived()" classname="com.laundry.laundryMgmt.ReservationTest.ReservationIntegration" time="0.153"/>
  <testcase name="givenReservationExists_whenReservationIsRetrieved_thenRetrievedResourceIsCorrect()" classname="com.laundry.laundryMgmt.ReservationTest.ReservationIntegration" time="0.164"/>
  <testcase name="givenRequestWithNoAcceptHeader_whenRequestIsExecuted_thenDefaultResponseContentTypeIsJson()" classname="com.laundry.laundryMgmt.ReservationTest.ReservationIntegration" time="0.157"/>
  <testcase name="givenPath_whenAccessedWithoutAuthentication_then401IsReceived()" classname="com.laundry.laundryMgmt.ReservationTest.ReservationIntegration" time="0.008"/>
  <system-out><![CDATA[12:17:41.764 [Test worker] DEBUG org.apache.http.client.protocol.RequestAddCookies - CookieSpec selected: default
12:17:41.764 [Test worker] DEBUG org.apache.http.client.protocol.RequestAuthCache - Auth cache not set in the context
12:17:41.764 [Test worker] DEBUG org.apache.http.impl.conn.PoolingHttpClientConnectionManager - Connection request: [route: {}->http://localhost:8080][total kept alive: 0; route allocated: 0 of 2; total allocated: 0 of 20]
12:17:41.764 [Test worker] DEBUG org.apache.http.impl.conn.PoolingHttpClientConnectionManager - Connection leased: [id: 4][route: {}->http://localhost:8080][total kept alive: 0; route allocated: 1 of 2; total allocated: 1 of 20]
12:17:41.764 [Test worker] DEBUG org.apache.http.impl.execchain.MainClientExec - Opening connection {}->http://localhost:8080
12:17:41.764 [Test worker] DEBUG org.apache.http.impl.conn.DefaultHttpClientConnectionOperator - Connecting to localhost/127.0.0.1:8080
12:17:41.765 [Test worker] DEBUG org.apache.http.impl.conn.DefaultHttpClientConnectionOperator - Connection established 127.0.0.1:39072<->127.0.0.1:8080
12:17:41.765 [Test worker] DEBUG org.apache.http.impl.execchain.MainClientExec - Executing request GET /api/reservation HTTP/1.1
12:17:41.765 [Test worker] DEBUG org.apache.http.impl.execchain.MainClientExec - Proxy auth state: UNCHALLENGED
12:17:41.765 [Test worker] DEBUG org.apache.http.headers - http-outgoing-4 >> GET /api/reservation HTTP/1.1
12:17:41.765 [Test worker] DEBUG org.apache.http.headers - http-outgoing-4 >> Authorization: Basic dXNlcjpteVBhc3N3b3Jk
12:17:41.765 [Test worker] DEBUG org.apache.http.headers - http-outgoing-4 >> Host: localhost:8080
12:17:41.765 [Test worker] DEBUG org.apache.http.headers - http-outgoing-4 >> Connection: Keep-Alive
12:17:41.765 [Test worker] DEBUG org.apache.http.headers - http-outgoing-4 >> User-Agent: Apache-HttpClient/4.5 (Java/17.0.9)
12:17:41.765 [Test worker] DEBUG org.apache.http.headers - http-outgoing-4 >> Accept-Encoding: gzip,deflate
12:17:41.765 [Test worker] DEBUG org.apache.http.wire - http-outgoing-4 >> "GET /api/reservation HTTP/1.1[\r][\n]"
12:17:41.765 [Test worker] DEBUG org.apache.http.wire - http-outgoing-4 >> "Authorization: Basic dXNlcjpteVBhc3N3b3Jk[\r][\n]"
12:17:41.765 [Test worker] DEBUG org.apache.http.wire - http-outgoing-4 >> "Host: localhost:8080[\r][\n]"
12:17:41.765 [Test worker] DEBUG org.apache.http.wire - http-outgoing-4 >> "Connection: Keep-Alive[\r][\n]"
12:17:41.765 [Test worker] DEBUG org.apache.http.wire - http-outgoing-4 >> "User-Agent: Apache-HttpClient/4.5 (Java/17.0.9)[\r][\n]"
12:17:41.765 [Test worker] DEBUG org.apache.http.wire - http-outgoing-4 >> "Accept-Encoding: gzip,deflate[\r][\n]"
12:17:41.765 [Test worker] DEBUG org.apache.http.wire - http-outgoing-4 >> "[\r][\n]"
12:17:41.915 [Test worker] DEBUG org.apache.http.wire - http-outgoing-4 << "HTTP/1.1 200 [\r][\n]"
12:17:41.915 [Test worker] DEBUG org.apache.http.wire - http-outgoing-4 << "Vary: Origin[\r][\n]"
12:17:41.915 [Test worker] DEBUG org.apache.http.wire - http-outgoing-4 << "Vary: Access-Control-Request-Method[\r][\n]"
12:17:41.915 [Test worker] DEBUG org.apache.http.wire - http-outgoing-4 << "Vary: Access-Control-Request-Headers[\r][\n]"
12:17:41.915 [Test worker] DEBUG org.apache.http.wire - http-outgoing-4 << "X-Content-Type-Options: nosniff[\r][\n]"
12:17:41.915 [Test worker] DEBUG org.apache.http.wire - http-outgoing-4 << "X-XSS-Protection: 0[\r][\n]"
12:17:41.915 [Test worker] DEBUG org.apache.http.wire - http-outgoing-4 << "Cache-Control: no-cache, no-store, max-age=0, must-revalidate[\r][\n]"
12:17:41.915 [Test worker] DEBUG org.apache.http.wire - http-outgoing-4 << "Pragma: no-cache[\r][\n]"
12:17:41.915 [Test worker] DEBUG org.apache.http.wire - http-outgoing-4 << "Expires: 0[\r][\n]"
12:17:41.915 [Test worker] DEBUG org.apache.http.wire - http-outgoing-4 << "Content-Type: application/json[\r][\n]"
12:17:41.915 [Test worker] DEBUG org.apache.http.wire - http-outgoing-4 << "Transfer-Encoding: chunked[\r][\n]"
12:17:41.915 [Test worker] DEBUG org.apache.http.wire - http-outgoing-4 << "Date: Tue, 09 Jan 2024 17:17:41 GMT[\r][\n]"
12:17:41.915 [Test worker] DEBUG org.apache.http.wire - http-outgoing-4 << "Keep-Alive: timeout=60[\r][\n]"
12:17:41.915 [Test worker] DEBUG org.apache.http.wire - http-outgoing-4 << "Connection: keep-alive[\r][\n]"
12:17:41.915 [Test worker] DEBUG org.apache.http.wire - http-outgoing-4 << "[\r][\n]"
12:17:41.915 [Test worker] DEBUG org.apache.http.wire - http-outgoing-4 << "a5[\r][\n]"
12:17:41.915 [Test worker] DEBUG org.apache.http.wire - http-outgoing-4 << "[{"reservationId":-3,"reservationUser":"TEST RESERVATION","reservationDate":null,"reservationStartTime":null,"reservationEndTime":null,"reservationAvailable":false}][\r][\n]"
12:17:41.915 [Test worker] DEBUG org.apache.http.headers - http-outgoing-4 << HTTP/1.1 200 
12:17:41.916 [Test worker] DEBUG org.apache.http.headers - http-outgoing-4 << Vary: Origin
12:17:41.916 [Test worker] DEBUG org.apache.http.headers - http-outgoing-4 << Vary: Access-Control-Request-Method
12:17:41.916 [Test worker] DEBUG org.apache.http.headers - http-outgoing-4 << Vary: Access-Control-Request-Headers
12:17:41.916 [Test worker] DEBUG org.apache.http.headers - http-outgoing-4 << X-Content-Type-Options: nosniff
12:17:41.916 [Test worker] DEBUG org.apache.http.headers - http-outgoing-4 << X-XSS-Protection: 0
12:17:41.916 [Test worker] DEBUG org.apache.http.headers - http-outgoing-4 << Cache-Control: no-cache, no-store, max-age=0, must-revalidate
12:17:41.916 [Test worker] DEBUG org.apache.http.headers - http-outgoing-4 << Pragma: no-cache
12:17:41.916 [Test worker] DEBUG org.apache.http.headers - http-outgoing-4 << Expires: 0
12:17:41.916 [Test worker] DEBUG org.apache.http.headers - http-outgoing-4 << Content-Type: application/json
12:17:41.916 [Test worker] DEBUG org.apache.http.headers - http-outgoing-4 << Transfer-Encoding: chunked
12:17:41.916 [Test worker] DEBUG org.apache.http.headers - http-outgoing-4 << Date: Tue, 09 Jan 2024 17:17:41 GMT
12:17:41.916 [Test worker] DEBUG org.apache.http.headers - http-outgoing-4 << Keep-Alive: timeout=60
12:17:41.916 [Test worker] DEBUG org.apache.http.headers - http-outgoing-4 << Connection: keep-alive
12:17:41.916 [Test worker] DEBUG org.apache.http.impl.execchain.MainClientExec - Connection can be kept alive for 60000 MILLISECONDS
12:17:41.918 [Test worker] DEBUG org.apache.http.client.protocol.RequestAddCookies - CookieSpec selected: default
12:17:41.919 [Test worker] DEBUG org.apache.http.client.protocol.RequestAuthCache - Auth cache not set in the context
12:17:41.919 [Test worker] DEBUG org.apache.http.impl.conn.PoolingHttpClientConnectionManager - Connection request: [route: {}->http://localhost:8080][total kept alive: 0; route allocated: 0 of 2; total allocated: 0 of 20]
12:17:41.919 [Test worker] DEBUG org.apache.http.impl.conn.PoolingHttpClientConnectionManager - Connection leased: [id: 5][route: {}->http://localhost:8080][total kept alive: 0; route allocated: 1 of 2; total allocated: 1 of 20]
12:17:41.919 [Test worker] DEBUG org.apache.http.impl.execchain.MainClientExec - Opening connection {}->http://localhost:8080
12:17:41.919 [Test worker] DEBUG org.apache.http.impl.conn.DefaultHttpClientConnectionOperator - Connecting to localhost/127.0.0.1:8080
12:17:41.919 [Test worker] DEBUG org.apache.http.impl.conn.DefaultHttpClientConnectionOperator - Connection established 127.0.0.1:39088<->127.0.0.1:8080
12:17:41.919 [Test worker] DEBUG org.apache.http.impl.execchain.MainClientExec - Executing request GET /api/reservation/-3 HTTP/1.1
12:17:41.919 [Test worker] DEBUG org.apache.http.impl.execchain.MainClientExec - Proxy auth state: UNCHALLENGED
12:17:41.919 [Test worker] DEBUG org.apache.http.headers - http-outgoing-5 >> GET /api/reservation/-3 HTTP/1.1
12:17:41.919 [Test worker] DEBUG org.apache.http.headers - http-outgoing-5 >> Authorization: Basic dXNlcjpteVBhc3N3b3Jk
12:17:41.919 [Test worker] DEBUG org.apache.http.headers - http-outgoing-5 >> Host: localhost:8080
12:17:41.919 [Test worker] DEBUG org.apache.http.headers - http-outgoing-5 >> Connection: Keep-Alive
12:17:41.919 [Test worker] DEBUG org.apache.http.headers - http-outgoing-5 >> User-Agent: Apache-HttpClient/4.5 (Java/17.0.9)
12:17:41.919 [Test worker] DEBUG org.apache.http.headers - http-outgoing-5 >> Accept-Encoding: gzip,deflate
12:17:41.919 [Test worker] DEBUG org.apache.http.wire - http-outgoing-5 >> "GET /api/reservation/-3 HTTP/1.1[\r][\n]"
12:17:41.919 [Test worker] DEBUG org.apache.http.wire - http-outgoing-5 >> "Authorization: Basic dXNlcjpteVBhc3N3b3Jk[\r][\n]"
12:17:41.919 [Test worker] DEBUG org.apache.http.wire - http-outgoing-5 >> "Host: localhost:8080[\r][\n]"
12:17:41.919 [Test worker] DEBUG org.apache.http.wire - http-outgoing-5 >> "Connection: Keep-Alive[\r][\n]"
12:17:41.919 [Test worker] DEBUG org.apache.http.wire - http-outgoing-5 >> "User-Agent: Apache-HttpClient/4.5 (Java/17.0.9)[\r][\n]"
12:17:41.919 [Test worker] DEBUG org.apache.http.wire - http-outgoing-5 >> "Accept-Encoding: gzip,deflate[\r][\n]"
12:17:41.919 [Test worker] DEBUG org.apache.http.wire - http-outgoing-5 >> "[\r][\n]"
12:17:42.069 [Test worker] DEBUG org.apache.http.wire - http-outgoing-5 << "HTTP/1.1 200 [\r][\n]"
12:17:42.069 [Test worker] DEBUG org.apache.http.wire - http-outgoing-5 << "Vary: Origin[\r][\n]"
12:17:42.069 [Test worker] DEBUG org.apache.http.wire - http-outgoing-5 << "Vary: Access-Control-Request-Method[\r][\n]"
12:17:42.069 [Test worker] DEBUG org.apache.http.wire - http-outgoing-5 << "Vary: Access-Control-Request-Headers[\r][\n]"
12:17:42.069 [Test worker] DEBUG org.apache.http.wire - http-outgoing-5 << "X-Content-Type-Options: nosniff[\r][\n]"
12:17:42.069 [Test worker] DEBUG org.apache.http.wire - http-outgoing-5 << "X-XSS-Protection: 0[\r][\n]"
12:17:42.069 [Test worker] DEBUG org.apache.http.wire - http-outgoing-5 << "Cache-Control: no-cache, no-store, max-age=0, must-revalidate[\r][\n]"
12:17:42.069 [Test worker] DEBUG org.apache.http.wire - http-outgoing-5 << "Pragma: no-cache[\r][\n]"
12:17:42.069 [Test worker] DEBUG org.apache.http.wire - http-outgoing-5 << "Expires: 0[\r][\n]"
12:17:42.069 [Test worker] DEBUG org.apache.http.wire - http-outgoing-5 << "Content-Type: application/json[\r][\n]"
12:17:42.069 [Test worker] DEBUG org.apache.http.wire - http-outgoing-5 << "Transfer-Encoding: chunked[\r][\n]"
12:17:42.069 [Test worker] DEBUG org.apache.http.wire - http-outgoing-5 << "Date: Tue, 09 Jan 2024 17:17:41 GMT[\r][\n]"
12:17:42.069 [Test worker] DEBUG org.apache.http.wire - http-outgoing-5 << "Keep-Alive: timeout=60[\r][\n]"
12:17:42.069 [Test worker] DEBUG org.apache.http.wire - http-outgoing-5 << "Connection: keep-alive[\r][\n]"
12:17:42.069 [Test worker] DEBUG org.apache.http.wire - http-outgoing-5 << "[\r][\n]"
12:17:42.069 [Test worker] DEBUG org.apache.http.wire - http-outgoing-5 << "a3[\r][\n]"
12:17:42.069 [Test worker] DEBUG org.apache.http.wire - http-outgoing-5 << "{"reservationId":-3,"reservationUser":"TEST RESERVATION","reservationDate":null,"reservationStartTime":null,"reservationEndTime":null,"reservationAvailable":false}[\r][\n]"
12:17:42.069 [Test worker] DEBUG org.apache.http.headers - http-outgoing-5 << HTTP/1.1 200 
12:17:42.069 [Test worker] DEBUG org.apache.http.headers - http-outgoing-5 << Vary: Origin
12:17:42.069 [Test worker] DEBUG org.apache.http.headers - http-outgoing-5 << Vary: Access-Control-Request-Method
12:17:42.069 [Test worker] DEBUG org.apache.http.headers - http-outgoing-5 << Vary: Access-Control-Request-Headers
12:17:42.069 [Test worker] DEBUG org.apache.http.headers - http-outgoing-5 << X-Content-Type-Options: nosniff
12:17:42.069 [Test worker] DEBUG org.apache.http.headers - http-outgoing-5 << X-XSS-Protection: 0
12:17:42.069 [Test worker] DEBUG org.apache.http.headers - http-outgoing-5 << Cache-Control: no-cache, no-store, max-age=0, must-revalidate
12:17:42.069 [Test worker] DEBUG org.apache.http.headers - http-outgoing-5 << Pragma: no-cache
12:17:42.069 [Test worker] DEBUG org.apache.http.headers - http-outgoing-5 << Expires: 0
12:17:42.069 [Test worker] DEBUG org.apache.http.headers - http-outgoing-5 << Content-Type: application/json
12:17:42.069 [Test worker] DEBUG org.apache.http.headers - http-outgoing-5 << Transfer-Encoding: chunked
12:17:42.077 [Test worker] DEBUG org.apache.http.headers - http-outgoing-5 << Date: Tue, 09 Jan 2024 17:17:41 GMT
12:17:42.077 [Test worker] DEBUG org.apache.http.headers - http-outgoing-5 << Keep-Alive: timeout=60
12:17:42.077 [Test worker] DEBUG org.apache.http.headers - http-outgoing-5 << Connection: keep-alive
12:17:42.078 [Test worker] DEBUG org.apache.http.impl.execchain.MainClientExec - Connection can be kept alive for 60000 MILLISECONDS
12:17:42.078 [Test worker] DEBUG org.apache.http.wire - http-outgoing-5 << "0[\r][\n]"
12:17:42.078 [Test worker] DEBUG org.apache.http.wire - http-outgoing-5 << "[\r][\n]"
12:17:42.078 [Test worker] DEBUG org.apache.http.impl.conn.PoolingHttpClientConnectionManager - Connection [id: 5][route: {}->http://localhost:8080] can be kept alive for 60.0 seconds
12:17:42.078 [Test worker] DEBUG org.apache.http.impl.conn.PoolingHttpClientConnectionManager - Connection released: [id: 5][route: {}->http://localhost:8080][total kept alive: 1; route allocated: 1 of 2; total allocated: 1 of 20]
12:17:42.083 [Test worker] DEBUG org.apache.http.client.protocol.RequestAddCookies - CookieSpec selected: default
12:17:42.083 [Test worker] DEBUG org.apache.http.client.protocol.RequestAuthCache - Auth cache not set in the context
12:17:42.083 [Test worker] DEBUG org.apache.http.impl.conn.PoolingHttpClientConnectionManager - Connection request: [route: {}->http://localhost:8080][total kept alive: 0; route allocated: 0 of 2; total allocated: 0 of 20]
12:17:42.084 [Test worker] DEBUG org.apache.http.impl.conn.PoolingHttpClientConnectionManager - Connection leased: [id: 6][route: {}->http://localhost:8080][total kept alive: 0; route allocated: 1 of 2; total allocated: 1 of 20]
12:17:42.084 [Test worker] DEBUG org.apache.http.impl.execchain.MainClientExec - Opening connection {}->http://localhost:8080
12:17:42.084 [Test worker] DEBUG org.apache.http.impl.conn.DefaultHttpClientConnectionOperator - Connecting to localhost/127.0.0.1:8080
12:17:42.085 [Test worker] DEBUG org.apache.http.impl.conn.DefaultHttpClientConnectionOperator - Connection established 127.0.0.1:39100<->127.0.0.1:8080
12:17:42.085 [Test worker] DEBUG org.apache.http.impl.execchain.MainClientExec - Executing request GET /api/reservation HTTP/1.1
12:17:42.085 [Test worker] DEBUG org.apache.http.impl.execchain.MainClientExec - Proxy auth state: UNCHALLENGED
12:17:42.085 [Test worker] DEBUG org.apache.http.headers - http-outgoing-6 >> GET /api/reservation HTTP/1.1
12:17:42.085 [Test worker] DEBUG org.apache.http.headers - http-outgoing-6 >> Authorization: Basic dXNlcjpteVBhc3N3b3Jk
12:17:42.085 [Test worker] DEBUG org.apache.http.headers - http-outgoing-6 >> Host: localhost:8080
12:17:42.085 [Test worker] DEBUG org.apache.http.headers - http-outgoing-6 >> Connection: Keep-Alive
12:17:42.085 [Test worker] DEBUG org.apache.http.headers - http-outgoing-6 >> User-Agent: Apache-HttpClient/4.5 (Java/17.0.9)
12:17:42.085 [Test worker] DEBUG org.apache.http.headers - http-outgoing-6 >> Accept-Encoding: gzip,deflate
12:17:42.085 [Test worker] DEBUG org.apache.http.wire - http-outgoing-6 >> "GET /api/reservation HTTP/1.1[\r][\n]"
12:17:42.085 [Test worker] DEBUG org.apache.http.wire - http-outgoing-6 >> "Authorization: Basic dXNlcjpteVBhc3N3b3Jk[\r][\n]"
12:17:42.085 [Test worker] DEBUG org.apache.http.wire - http-outgoing-6 >> "Host: localhost:8080[\r][\n]"
12:17:42.085 [Test worker] DEBUG org.apache.http.wire - http-outgoing-6 >> "Connection: Keep-Alive[\r][\n]"
12:17:42.085 [Test worker] DEBUG org.apache.http.wire - http-outgoing-6 >> "User-Agent: Apache-HttpClient/4.5 (Java/17.0.9)[\r][\n]"
12:17:42.085 [Test worker] DEBUG org.apache.http.wire - http-outgoing-6 >> "Accept-Encoding: gzip,deflate[\r][\n]"
12:17:42.085 [Test worker] DEBUG org.apache.http.wire - http-outgoing-6 >> "[\r][\n]"
12:17:42.237 [Test worker] DEBUG org.apache.http.wire - http-outgoing-6 << "HTTP/1.1 200 [\r][\n]"
12:17:42.237 [Test worker] DEBUG org.apache.http.wire - http-outgoing-6 << "Vary: Origin[\r][\n]"
12:17:42.237 [Test worker] DEBUG org.apache.http.wire - http-outgoing-6 << "Vary: Access-Control-Request-Method[\r][\n]"
12:17:42.237 [Test worker] DEBUG org.apache.http.wire - http-outgoing-6 << "Vary: Access-Control-Request-Headers[\r][\n]"
12:17:42.237 [Test worker] DEBUG org.apache.http.wire - http-outgoing-6 << "X-Content-Type-Options: nosniff[\r][\n]"
12:17:42.237 [Test worker] DEBUG org.apache.http.wire - http-outgoing-6 << "X-XSS-Protection: 0[\r][\n]"
12:17:42.237 [Test worker] DEBUG org.apache.http.wire - http-outgoing-6 << "Cache-Control: no-cache, no-store, max-age=0, must-revalidate[\r][\n]"
12:17:42.237 [Test worker] DEBUG org.apache.http.wire - http-outgoing-6 << "Pragma: no-cache[\r][\n]"
12:17:42.237 [Test worker] DEBUG org.apache.http.wire - http-outgoing-6 << "Expires: 0[\r][\n]"
12:17:42.237 [Test worker] DEBUG org.apache.http.wire - http-outgoing-6 << "Content-Type: application/json[\r][\n]"
12:17:42.237 [Test worker] DEBUG org.apache.http.wire - http-outgoing-6 << "Transfer-Encoding: chunked[\r][\n]"
12:17:42.237 [Test worker] DEBUG org.apache.http.wire - http-outgoing-6 << "Date: Tue, 09 Jan 2024 17:17:41 GMT[\r][\n]"
12:17:42.237 [Test worker] DEBUG org.apache.http.wire - http-outgoing-6 << "Keep-Alive: timeout=60[\r][\n]"
12:17:42.237 [Test worker] DEBUG org.apache.http.wire - http-outgoing-6 << "Connection: keep-alive[\r][\n]"
12:17:42.237 [Test worker] DEBUG org.apache.http.wire - http-outgoing-6 << "[\r][\n]"
12:17:42.237 [Test worker] DEBUG org.apache.http.wire - http-outgoing-6 << "a5[\r][\n]"
12:17:42.237 [Test worker] DEBUG org.apache.http.wire - http-outgoing-6 << "[{"reservationId":-3,"reservationUser":"TEST RESERVATION","reservationDate":null,"reservationStartTime":null,"reservationEndTime":null,"reservationAvailable":false}][\r][\n]"
12:17:42.237 [Test worker] DEBUG org.apache.http.headers - http-outgoing-6 << HTTP/1.1 200 
12:17:42.237 [Test worker] DEBUG org.apache.http.headers - http-outgoing-6 << Vary: Origin
12:17:42.237 [Test worker] DEBUG org.apache.http.headers - http-outgoing-6 << Vary: Access-Control-Request-Method
12:17:42.237 [Test worker] DEBUG org.apache.http.headers - http-outgoing-6 << Vary: Access-Control-Request-Headers
12:17:42.237 [Test worker] DEBUG org.apache.http.headers - http-outgoing-6 << X-Content-Type-Options: nosniff
12:17:42.237 [Test worker] DEBUG org.apache.http.headers - http-outgoing-6 << X-XSS-Protection: 0
12:17:42.237 [Test worker] DEBUG org.apache.http.headers - http-outgoing-6 << Cache-Control: no-cache, no-store, max-age=0, must-revalidate
12:17:42.237 [Test worker] DEBUG org.apache.http.headers - http-outgoing-6 << Pragma: no-cache
12:17:42.237 [Test worker] DEBUG org.apache.http.headers - http-outgoing-6 << Expires: 0
12:17:42.237 [Test worker] DEBUG org.apache.http.headers - http-outgoing-6 << Content-Type: application/json
12:17:42.237 [Test worker] DEBUG org.apache.http.headers - http-outgoing-6 << Transfer-Encoding: chunked
12:17:42.237 [Test worker] DEBUG org.apache.http.headers - http-outgoing-6 << Date: Tue, 09 Jan 2024 17:17:41 GMT
12:17:42.237 [Test worker] DEBUG org.apache.http.headers - http-outgoing-6 << Keep-Alive: timeout=60
12:17:42.237 [Test worker] DEBUG org.apache.http.headers - http-outgoing-6 << Connection: keep-alive
12:17:42.237 [Test worker] DEBUG org.apache.http.impl.execchain.MainClientExec - Connection can be kept alive for 60000 MILLISECONDS
12:17:42.239 [Test worker] DEBUG org.apache.http.client.protocol.RequestAddCookies - CookieSpec selected: default
12:17:42.239 [Test worker] DEBUG org.apache.http.client.protocol.RequestAuthCache - Auth cache not set in the context
12:17:42.239 [Test worker] DEBUG org.apache.http.impl.conn.PoolingHttpClientConnectionManager - Connection request: [route: {}->http://localhost:8080][total kept alive: 0; route allocated: 0 of 2; total allocated: 0 of 20]
12:17:42.239 [Test worker] DEBUG org.apache.http.impl.conn.PoolingHttpClientConnectionManager - Connection leased: [id: 7][route: {}->http://localhost:8080][total kept alive: 0; route allocated: 1 of 2; total allocated: 1 of 20]
12:17:42.239 [Test worker] DEBUG org.apache.http.impl.execchain.MainClientExec - Opening connection {}->http://localhost:8080
12:17:42.239 [Test worker] DEBUG org.apache.http.impl.conn.DefaultHttpClientConnectionOperator - Connecting to localhost/127.0.0.1:8080
12:17:42.240 [Test worker] DEBUG org.apache.http.impl.conn.DefaultHttpClientConnectionOperator - Connection established 127.0.0.1:39106<->127.0.0.1:8080
12:17:42.240 [Test worker] DEBUG org.apache.http.impl.execchain.MainClientExec - Executing request GET /api/reservation/-500 HTTP/1.1
12:17:42.240 [Test worker] DEBUG org.apache.http.impl.execchain.MainClientExec - Target auth state: UNCHALLENGED
12:17:42.240 [Test worker] DEBUG org.apache.http.impl.execchain.MainClientExec - Proxy auth state: UNCHALLENGED
12:17:42.240 [Test worker] DEBUG org.apache.http.headers - http-outgoing-7 >> GET /api/reservation/-500 HTTP/1.1
12:17:42.240 [Test worker] DEBUG org.apache.http.headers - http-outgoing-7 >> Host: localhost:8080
12:17:42.240 [Test worker] DEBUG org.apache.http.headers - http-outgoing-7 >> Connection: Keep-Alive
12:17:42.240 [Test worker] DEBUG org.apache.http.headers - http-outgoing-7 >> User-Agent: Apache-HttpClient/4.5 (Java/17.0.9)
12:17:42.240 [Test worker] DEBUG org.apache.http.headers - http-outgoing-7 >> Accept-Encoding: gzip,deflate
12:17:42.240 [Test worker] DEBUG org.apache.http.wire - http-outgoing-7 >> "GET /api/reservation/-500 HTTP/1.1[\r][\n]"
12:17:42.240 [Test worker] DEBUG org.apache.http.wire - http-outgoing-7 >> "Host: localhost:8080[\r][\n]"
12:17:42.240 [Test worker] DEBUG org.apache.http.wire - http-outgoing-7 >> "Connection: Keep-Alive[\r][\n]"
12:17:42.240 [Test worker] DEBUG org.apache.http.wire - http-outgoing-7 >> "User-Agent: Apache-HttpClient/4.5 (Java/17.0.9)[\r][\n]"
12:17:42.240 [Test worker] DEBUG org.apache.http.wire - http-outgoing-7 >> "Accept-Encoding: gzip,deflate[\r][\n]"
12:17:42.240 [Test worker] DEBUG org.apache.http.wire - http-outgoing-7 >> "[\r][\n]"
12:17:42.244 [Test worker] DEBUG org.apache.http.wire - http-outgoing-7 << "HTTP/1.1 401 [\r][\n]"
12:17:42.244 [Test worker] DEBUG org.apache.http.wire - http-outgoing-7 << "Set-Cookie: JSESSIONID=B7CE49BA5104B7B03DCABDAF54F39650; Path=/; HttpOnly[\r][\n]"
12:17:42.244 [Test worker] DEBUG org.apache.http.wire - http-outgoing-7 << "WWW-Authenticate: Basic realm="Realm"[\r][\n]"
12:17:42.244 [Test worker] DEBUG org.apache.http.wire - http-outgoing-7 << "X-Content-Type-Options: nosniff[\r][\n]"
12:17:42.244 [Test worker] DEBUG org.apache.http.wire - http-outgoing-7 << "X-XSS-Protection: 0[\r][\n]"
12:17:42.245 [Test worker] DEBUG org.apache.http.wire - http-outgoing-7 << "Cache-Control: no-cache, no-store, max-age=0, must-revalidate[\r][\n]"
12:17:42.245 [Test worker] DEBUG org.apache.http.wire - http-outgoing-7 << "Pragma: no-cache[\r][\n]"
12:17:42.245 [Test worker] DEBUG org.apache.http.wire - http-outgoing-7 << "Expires: 0[\r][\n]"
12:17:42.245 [Test worker] DEBUG org.apache.http.wire - http-outgoing-7 << "Content-Length: 0[\r][\n]"
12:17:42.245 [Test worker] DEBUG org.apache.http.wire - http-outgoing-7 << "Date: Tue, 09 Jan 2024 17:17:41 GMT[\r][\n]"
12:17:42.245 [Test worker] DEBUG org.apache.http.wire - http-outgoing-7 << "Keep-Alive: timeout=60[\r][\n]"
12:17:42.245 [Test worker] DEBUG org.apache.http.wire - http-outgoing-7 << "Connection: keep-alive[\r][\n]"
12:17:42.245 [Test worker] DEBUG org.apache.http.wire - http-outgoing-7 << "[\r][\n]"
12:17:42.245 [Test worker] DEBUG org.apache.http.headers - http-outgoing-7 << HTTP/1.1 401 
12:17:42.245 [Test worker] DEBUG org.apache.http.headers - http-outgoing-7 << Set-Cookie: JSESSIONID=B7CE49BA5104B7B03DCABDAF54F39650; Path=/; HttpOnly
12:17:42.245 [Test worker] DEBUG org.apache.http.headers - http-outgoing-7 << WWW-Authenticate: Basic realm="Realm"
12:17:42.245 [Test worker] DEBUG org.apache.http.headers - http-outgoing-7 << X-Content-Type-Options: nosniff
12:17:42.245 [Test worker] DEBUG org.apache.http.headers - http-outgoing-7 << X-XSS-Protection: 0
12:17:42.245 [Test worker] DEBUG org.apache.http.headers - http-outgoing-7 << Cache-Control: no-cache, no-store, max-age=0, must-revalidate
12:17:42.245 [Test worker] DEBUG org.apache.http.headers - http-outgoing-7 << Pragma: no-cache
12:17:42.245 [Test worker] DEBUG org.apache.http.headers - http-outgoing-7 << Expires: 0
12:17:42.245 [Test worker] DEBUG org.apache.http.headers - http-outgoing-7 << Content-Length: 0
12:17:42.245 [Test worker] DEBUG org.apache.http.headers - http-outgoing-7 << Date: Tue, 09 Jan 2024 17:17:41 GMT
12:17:42.245 [Test worker] DEBUG org.apache.http.headers - http-outgoing-7 << Keep-Alive: timeout=60
12:17:42.245 [Test worker] DEBUG org.apache.http.headers - http-outgoing-7 << Connection: keep-alive
12:17:42.245 [Test worker] DEBUG org.apache.http.impl.execchain.MainClientExec - Connection can be kept alive for 60000 MILLISECONDS
12:17:42.245 [Test worker] DEBUG org.apache.http.impl.auth.HttpAuthenticator - Authentication required
12:17:42.245 [Test worker] DEBUG org.apache.http.impl.auth.HttpAuthenticator - localhost:8080 requested authentication
12:17:42.245 [Test worker] DEBUG org.apache.http.impl.client.TargetAuthenticationStrategy - Authentication schemes in the order of preference: [Negotiate, Kerberos, NTLM, Digest, Basic]
12:17:42.245 [Test worker] DEBUG org.apache.http.impl.client.TargetAuthenticationStrategy - Challenge for Negotiate authentication scheme not available
12:17:42.245 [Test worker] DEBUG org.apache.http.impl.client.TargetAuthenticationStrategy - Challenge for Kerberos authentication scheme not available
12:17:42.245 [Test worker] DEBUG org.apache.http.impl.client.TargetAuthenticationStrategy - Challenge for NTLM authentication scheme not available
12:17:42.245 [Test worker] DEBUG org.apache.http.impl.client.TargetAuthenticationStrategy - Challenge for Digest authentication scheme not available
12:17:42.245 [Test worker] DEBUG org.apache.http.impl.conn.PoolingHttpClientConnectionManager - Connection [id: 7][route: {}->http://localhost:8080] can be kept alive for 60.0 seconds
12:17:42.245 [Test worker] DEBUG org.apache.http.impl.conn.PoolingHttpClientConnectionManager - Connection released: [id: 7][route: {}->http://localhost:8080][total kept alive: 1; route allocated: 1 of 2; total allocated: 1 of 20]
12:17:42.245 [Test worker] DEBUG org.apache.http.client.protocol.ResponseProcessCookies - Cookie accepted [JSESSIONID="B7CE49BA5104B7B03DCABDAF54F39650", version:0, domain:localhost, path:/, expiry:null]
]]></system-out>
  <system-err><![CDATA[]]></system-err>
</testsuite>
