<?xml version="1.0" encoding="UTF-8"?>
<testsuite name="com.laundry.laundryMgmt.businessLogic.MachinesImplementationServicesTest" tests="1" skipped="0" failures="0" errors="0" timestamp="2024-01-05T13:01:34" hostname="DESKTOP-35ABBQB" time="0.024">
  <properties/>
  <testcase name="testWashingTimes(CapturedOutput)" classname="com.laundry.laundryMgmt.businessLogic.MachinesImplementationServicesTest" time="0.024"/>
  <system-out><![CDATA[14:01:34.767 [Test worker] DEBUG org.springframework.test.context.support.DefaultTestContextBootstrapper - Neither @ContextConfiguration nor @ContextHierarchy found for test class [MachinesImplementationServicesTest]: using DelegatingSmartContextLoader
14:01:34.768 [Test worker] DEBUG org.springframework.test.context.support.AbstractContextLoader - Could not detect default resource locations for test class [com.laundry.laundryMgmt.businessLogic.MachinesImplementationServicesTest]: no resource found for suffixes {-context.xml}.
14:01:34.770 [Test worker] DEBUG org.springframework.test.context.support.DefaultTestContextBootstrapper - Using ContextCustomizers for test class [MachinesImplementationServicesTest]: [DisableObservabilityContextCustomizer, PropertyMappingContextCustomizer, WebDriverContextCustomizer, ExcludeFilterContextCustomizer, DuplicateJsonObjectContextCustomizer, MockitoContextCustomizer]
14:01:34.773 [Test worker] DEBUG org.springframework.test.context.util.TestContextSpringFactoriesUtils - Skipping candidate TestExecutionListener [org.springframework.test.context.observation.MicrometerObservationRegistryTestExecutionListener] due to a missing dependency. Specify custom TestExecutionListener classes or make the default TestExecutionListener classes and their required dependencies available. Offending class: io.micrometer.context.ThreadLocalAccessor. MicrometerObservationRegistryTestExecutionListener requires io.micrometer:micrometer-observation:1.10.8 or higher and io.micrometer:context-propagation:1.0.3 or higher.
14:01:34.775 [Test worker] DEBUG org.springframework.test.context.support.DefaultTestContextBootstrapper - Using TestExecutionListeners for test class [MachinesImplementationServicesTest]: [ServletTestExecutionListener, DirtiesContextBeforeModesTestExecutionListener, ApplicationEventsTestExecutionListener, MockitoTestExecutionListener, DependencyInjectionTestExecutionListener, DirtiesContextTestExecutionListener, TransactionalTestExecutionListener, SqlScriptsTestExecutionListener, WithSecurityContextTestExecutionListener, EventPublishingTestExecutionListener, ReactorContextTestExecutionListener, RestDocsTestExecutionListener, MockRestServiceServerResetTestExecutionListener, MockMvcPrintOnlyOnFailureTestExecutionListener, WebDriverTestExecutionListener, MockWebServiceServerTestExecutionListener, ResetMocksTestExecutionListener]
14:01:34.775 [Test worker] DEBUG org.springframework.test.context.support.DirtiesContextBeforeModesTestExecutionListener - Before test class: class [MachinesImplementationServicesTest], class annotated with @DirtiesContext [false] with mode [null]
14:01:34.776 [Test worker] DEBUG org.springframework.test.context.support.DependencyInjectionTestExecutionListener - Performing dependency injection for test class com.laundry.laundryMgmt.businessLogic.MachinesImplementationServicesTest
14:01:34.777 [Test worker] DEBUG org.springframework.test.context.support.AbstractGenericContextLoader - Loading ApplicationContext for test class com.laundry.laundryMgmt.businessLogic.MachinesImplementationServicesTest
14:01:34.777 [Test worker] DEBUG org.springframework.core.env.StandardEnvironment - Activating profiles []
14:01:34.778 [Test worker] DEBUG org.springframework.test.context.support.AnnotationConfigContextLoader - Registering component classes: [com.laundry.laundryMgmt.businessLogic.MachinesImplementationServicesTest$MachinesImplementationServicesTestConfig]
14:01:34.785 [Test worker] DEBUG org.springframework.context.support.GenericApplicationContext - Refreshing org.springframework.context.support.GenericApplicationContext@3cdf8aa5
14:01:34.786 [Test worker] DEBUG org.springframework.beans.factory.support.DefaultListableBeanFactory - Creating shared instance of singleton bean 'org.springframework.context.annotation.internalConfigurationAnnotationProcessor'
14:01:34.798 [Test worker] DEBUG org.springframework.context.annotation.ClassPathBeanDefinitionScanner - Identified candidate component class: file [C:\Users\HP\Documents\07. EMSE\TB3- Web movil and embeded programming\Project\laundryMgmt\build\classes\java\main\com\laundry\laundryMgmt\businessLogic\MachineImplementationService.class]
14:01:34.803 [Test worker] DEBUG org.springframework.context.annotation.ClassPathBeanDefinitionScanner - Identified candidate component class: file [C:\Users\HP\Documents\07. EMSE\TB3- Web movil and embeded programming\Project\laundryMgmt\build\classes\java\main\com\laundry\laundryMgmt\businessLogic\MachinesServicesImplementation.class]
14:01:34.850 [Test worker] DEBUG org.springframework.beans.factory.support.DefaultListableBeanFactory - Creating shared instance of singleton bean 'org.springframework.boot.test.mock.mockito.MockitoPostProcessor'
14:01:34.853 [Test worker] DEBUG org.springframework.beans.factory.support.DefaultListableBeanFactory - Creating shared instance of singleton bean 'org.springframework.context.event.internalEventListenerProcessor'
14:01:34.854 [Test worker] DEBUG org.springframework.beans.factory.support.DefaultListableBeanFactory - Creating shared instance of singleton bean 'org.springframework.context.event.internalEventListenerFactory'
14:01:34.854 [Test worker] DEBUG org.springframework.beans.factory.support.DefaultListableBeanFactory - Creating shared instance of singleton bean 'org.springframework.context.annotation.internalAutowiredAnnotationProcessor'
14:01:34.864 [Test worker] DEBUG org.springframework.beans.factory.support.DefaultListableBeanFactory - Creating shared instance of singleton bean 'org.springframework.context.annotation.internalCommonAnnotationProcessor'
14:01:34.867 [Test worker] DEBUG org.springframework.beans.factory.support.DefaultListableBeanFactory - Creating shared instance of singleton bean 'org.springframework.context.annotation.internalPersistenceAnnotationProcessor'
14:01:34.868 [Test worker] DEBUG org.springframework.beans.factory.support.DefaultListableBeanFactory - Creating shared instance of singleton bean 'org.springframework.boot.test.mock.mockito.MockitoPostProcessor$SpyPostProcessor'
14:01:34.869 [Test worker] DEBUG org.springframework.beans.factory.support.DefaultListableBeanFactory - Creating shared instance of singleton bean 'machinesImplementationServicesTest.MachinesImplementationServicesTestConfig'
14:01:34.870 [Test worker] DEBUG org.springframework.beans.factory.support.DefaultListableBeanFactory - Creating shared instance of singleton bean 'machineImplementationService'
14:01:34.873 [Test worker] DEBUG org.springframework.beans.factory.support.DefaultListableBeanFactory - Creating shared instance of singleton bean 'machinesServicesImplementation'
14:01:34.887 [Test worker] DEBUG org.springframework.test.context.cache - Spring test ApplicationContext cache statistics: [DefaultContextCache@5a90ea5c size = 3, maxSize = 32, parentContextCount = 0, hitCount = 41, missCount = 3]
14:01:34.892 [Test worker] DEBUG org.springframework.test.context.cache - Spring test ApplicationContext cache statistics: [DefaultContextCache@5a90ea5c size = 3, maxSize = 32, parentContextCount = 0, hitCount = 42, missCount = 3]
14:01:34.894 [Test worker] DEBUG org.springframework.test.context.support.DirtiesContextBeforeModesTestExecutionListener - Before test method: class [MachinesImplementationServicesTest], method [testWashingTimes], class annotated with @DirtiesContext [false] with mode [null], method annotated with @DirtiesContext [false] with mode [null]
14:01:34.895 [Test worker] DEBUG org.springframework.test.context.cache - Spring test ApplicationContext cache statistics: [DefaultContextCache@5a90ea5c size = 3, maxSize = 32, parentContextCount = 0, hitCount = 43, missCount = 3]
14:01:34.896 [Test worker] DEBUG org.springframework.test.context.cache - Spring test ApplicationContext cache statistics: [DefaultContextCache@5a90ea5c size = 3, maxSize = 32, parentContextCount = 0, hitCount = 44, missCount = 3]
14:01:34.897 [Test worker] DEBUG org.springframework.test.context.cache - Spring test ApplicationContext cache statistics: [DefaultContextCache@5a90ea5c size = 3, maxSize = 32, parentContextCount = 0, hitCount = 45, missCount = 3]
Output time is 50
Output time is 40
Output time is 30
14:01:34.912 [Test worker] DEBUG org.springframework.test.context.cache - Spring test ApplicationContext cache statistics: [DefaultContextCache@5a90ea5c size = 3, maxSize = 32, parentContextCount = 0, hitCount = 46, missCount = 3]
14:01:34.912 [Test worker] DEBUG org.springframework.test.context.cache - Spring test ApplicationContext cache statistics: [DefaultContextCache@5a90ea5c size = 3, maxSize = 32, parentContextCount = 0, hitCount = 47, missCount = 3]
14:01:34.913 [Test worker] DEBUG org.springframework.test.context.cache - Spring test ApplicationContext cache statistics: [DefaultContextCache@5a90ea5c size = 3, maxSize = 32, parentContextCount = 0, hitCount = 48, missCount = 3]
14:01:34.915 [Test worker] DEBUG org.springframework.test.context.cache - Spring test ApplicationContext cache statistics: [DefaultContextCache@5a90ea5c size = 3, maxSize = 32, parentContextCount = 0, hitCount = 49, missCount = 3]
14:01:34.915 [Test worker] DEBUG org.springframework.test.context.cache - Spring test ApplicationContext cache statistics: [DefaultContextCache@5a90ea5c size = 3, maxSize = 32, parentContextCount = 0, hitCount = 50, missCount = 3]
14:01:34.915 [Test worker] DEBUG org.springframework.test.context.cache - Spring test ApplicationContext cache statistics: [DefaultContextCache@5a90ea5c size = 3, maxSize = 32, parentContextCount = 0, hitCount = 51, missCount = 3]
14:01:34.915 [Test worker] DEBUG org.springframework.test.context.cache - Spring test ApplicationContext cache statistics: [DefaultContextCache@5a90ea5c size = 3, maxSize = 32, parentContextCount = 0, hitCount = 52, missCount = 3]
14:01:34.915 [Test worker] DEBUG org.springframework.test.context.support.DirtiesContextTestExecutionListener - After test method: class [MachinesImplementationServicesTest], method [testWashingTimes], class annotated with @DirtiesContext [false] with mode [null], method annotated with @DirtiesContext [false] with mode [null]
14:01:34.918 [Test worker] DEBUG org.springframework.test.context.cache - Spring test ApplicationContext cache statistics: [DefaultContextCache@5a90ea5c size = 3, maxSize = 32, parentContextCount = 0, hitCount = 53, missCount = 3]
14:01:34.918 [Test worker] DEBUG org.springframework.test.context.support.DirtiesContextTestExecutionListener - After test class: class [MachinesImplementationServicesTest], class annotated with @DirtiesContext [false] with mode [null]
]]></system-out>
  <system-err><![CDATA[]]></system-err>
</testsuite>
