<?xml version="1.0" encoding="UTF-8"?>
<testsuite name="com.laundry.laundryMgmt.MachineTest.MachineDaoTest" tests="1" skipped="0" failures="0" errors="0" timestamp="2024-01-06T15:08:33" hostname="LAPTOP-K1PBTSJI" time="4.231">
  <properties/>
  <testcase name="shouldFindAnyMachineByID()" classname="com.laundry.laundryMgmt.MachineTest.MachineDaoTest" time="4.231"/>
  <system-out><![CDATA[16:08:23.961 [Test worker] INFO  org.springframework.test.context.support.AnnotationConfigContextLoaderUtils - Could not detect default configuration classes for test class [com.laundry.laundryMgmt.MachineTest.MachineDaoTest]: MachineDaoTest does not declare any static, non-private, non-final, nested classes annotated with @Configuration.
16:08:24.808 [Test worker] INFO  org.springframework.boot.test.context.SpringBootTestContextBootstrapper - Found @SpringBootConfiguration com.laundry.laundryMgmt.LaundryMgmtApplication for test class com.laundry.laundryMgmt.MachineTest.MachineDaoTest

  .   ____          _            __ _ _
 /\\ / ___'_ __ _ _(_)_ __  __ _ \ \ \ \
( ( )\___ | '_ | '_| | '_ \/ _` | \ \ \ \
 \\/  ___)| |_)| | | | | || (_| |  ) ) ) )
  '  |____| .__|_| |_|_| |_\__, | / / / /
 =========|_|==============|___/=/_/_/_/
 :: Spring Boot ::                (v3.1.5)

16:08:26.079 [Test worker] INFO  com.laundry.laundryMgmt.MachineTest.MachineDaoTest - Starting MachineDaoTest using Java 17.0.8 with PID 2164 (started by ximena in /mnt/c/Users/Lenovo/Project/TestBackend)
16:08:26.085 [Test worker] INFO  com.laundry.laundryMgmt.MachineTest.MachineDaoTest - No active profile set, falling back to 1 default profile: "default"
16:08:28.892 [Test worker] INFO  org.springframework.data.repository.config.RepositoryConfigurationDelegate - Bootstrapping Spring Data JPA repositories in DEFAULT mode.
16:08:30.019 [Test worker] INFO  org.springframework.data.repository.config.RepositoryConfigurationDelegate - Finished Spring Data repository scanning in 1125 ms. Found 3 JPA repository interfaces.
16:08:30.133 [Test worker] INFO  org.springframework.boot.test.autoconfigure.jdbc.TestDatabaseAutoConfiguration$EmbeddedDataSourceBeanFactoryPostProcessor - Replacing 'dataSource' DataSource bean with embedded version
16:08:30.445 [Test worker] INFO  org.springframework.jdbc.datasource.embedded.EmbeddedDatabaseFactory - Starting embedded database: url='jdbc:h2:mem:8b3503a6-d13a-4422-a4ad-47bb7e81fc02;DB_CLOSE_DELAY=-1;DB_CLOSE_ON_EXIT=false', username='sa'
16:08:31.848 [Test worker] INFO  org.springframework.orm.jpa.persistenceunit.SpringPersistenceUnitInfo - No LoadTimeWeaver setup: ignoring JPA class transformer
16:08:31.928 [Test worker] WARN  org.hibernate.orm.deprecation - HHH90000025: H2Dialect does not need to be specified explicitly using 'hibernate.dialect' (remove the property setting and it will be selected by default)
16:08:32.807 [Test worker] INFO  org.hibernate.engine.transaction.jta.platform.internal.JtaPlatformInitiator - HHH000489: No JTA platform available (set 'hibernate.transaction.jta.platform' to enable JTA platform integration)
Hibernate: drop table if exists machine_entity cascade 
Hibernate: drop table if exists reservation cascade 
Hibernate: drop table if exists sensor_entity cascade 
Hibernate: drop sequence if exists machine_entity_seq
Hibernate: drop sequence if exists reservation_seq
Hibernate: drop sequence if exists sensor_entity_seq
Hibernate: create sequence machine_entity_seq start with 1 increment by 50
Hibernate: create sequence reservation_seq start with 1 increment by 50
Hibernate: create sequence sensor_entity_seq start with 1 increment by 50
Hibernate: create table machine_entity (available boolean, machine_status boolean, progress integer, starting_time time(6), machine_id bigint not null, cycle_type varchar(255) check (cycle_type in ('CYCLE_TYPE_A_1','CYCLE_TYPE_A_2','CYCLE_TYPE_A_3','CYCLE_TYPE_B_1','CYCLE_TYPE__2','CYCLE_TYPE_B_3','CYCLE_TYPE_C_1','CYCLE_TYPE_C_2','CYCLE_TYPE_C_3')), name varchar(255) not null, primary key (machine_id))
Hibernate: create table reservation (reservation_available boolean, reservation_date date, reservation_end time(6), reservation_start time(6), machine_machine_id bigint, reservation_id bigint not null, reservation_user varchar(255) not null, primary key (reservation_id))
Hibernate: create table sensor_entity (measure integer, status boolean, machine_machine_id bigint, sensor_id bigint not null, sensor_name varchar(255), sensor_type varchar(255) check (sensor_type in ('TEMPERATURE','HUMIDITY','LIGHT','LEVEL')), primary key (sensor_id))
Hibernate: alter table if exists reservation add constraint FKqrdfugi7krjacygnvou7rr6yp foreign key (machine_machine_id) references machine_entity
Hibernate: alter table if exists sensor_entity add constraint FKfdysuxx2d36pba5lqr4amwmmy foreign key (machine_machine_id) references machine_entity
16:08:32.875 [Test worker] INFO  org.springframework.orm.jpa.LocalContainerEntityManagerFactoryBean - Initialized JPA EntityManagerFactory for persistence unit 'default'
16:08:33.277 [Test worker] INFO  com.laundry.laundryMgmt.MachineTest.MachineDaoTest - Started MachineDaoTest in 8.415 seconds (process running for 197.457)
Hibernate: select m1_0.machine_id,m1_0.available,m1_0.machine_status,m1_0.progress,m1_0.starting_time,m1_0.cycle_type,m1_0.name from machine_entity m1_0 where m1_0.machine_id=?
]]></system-out>
  <system-err><![CDATA[]]></system-err>
</testsuite>
