<?xml version="1.0" encoding="UTF-8"?>
<testsuite name="com.laundry.laundryMgmt.businessLogic.MachinesImplementationServicesTest" tests="1" skipped="0" failures="0" errors="0" timestamp="2023-12-28T13:58:15" hostname="DESKTOP-35ABBQB" time="0.016">
  <properties/>
  <testcase name="testWashingTimes(CapturedOutput)" classname="com.laundry.laundryMgmt.businessLogic.MachinesImplementationServicesTest" time="0.016"/>
  <system-out><![CDATA[Output time is 50
Output time is 40
Output time is 30
]]></system-out>
  <system-err><![CDATA[]]></system-err>
</testsuite>
