<?xml version="1.0" encoding="UTF-8"?>
<testsuite name="com.laundry.laundryMgmt.businessLogic.MachinesImplementationServicesTest" tests="1" skipped="0" failures="0" errors="0" timestamp="2024-01-06T15:08:44" hostname="LAPTOP-K1PBTSJI" time="0.114">
  <properties/>
  <testcase name="testWashingTimes(CapturedOutput)" classname="com.laundry.laundryMgmt.businessLogic.MachinesImplementationServicesTest" time="0.114"/>
  <system-out><![CDATA[Output time is 50
Output time is 40
Output time is 30
]]></system-out>
  <system-err><![CDATA[]]></system-err>
</testsuite>
