<?xml version="1.0" encoding="UTF-8"?>
<testsuite name="com.laundry.laundryMgmt.MachineTest.MachineDaoTest" tests="1" skipped="0" failures="0" errors="0" timestamp="2024-01-05T13:01:32" hostname="DESKTOP-35ABBQB" time="0.48">
  <properties/>
  <testcase name="shouldFindAnyMachineByID()" classname="com.laundry.laundryMgmt.MachineTest.MachineDaoTest" time="0.48"/>
  <system-out><![CDATA[14:01:31.080 [Test worker] DEBUG org.springframework.boot.test.autoconfigure.orm.jpa.DataJpaTestContextBootstrapper - Neither @ContextConfiguration nor @ContextHierarchy found for test class [MachineDaoTest]: using SpringBootContextLoader
14:01:31.081 [Test worker] DEBUG org.springframework.test.context.support.AbstractContextLoader - Could not detect default resource locations for test class [com.laundry.laundryMgmt.MachineTest.MachineDaoTest]: no resource found for suffixes {-context.xml, Context.groovy}.
14:01:31.082 [Test worker] INFO  org.springframework.test.context.support.AnnotationConfigContextLoaderUtils - Could not detect default configuration classes for test class [com.laundry.laundryMgmt.MachineTest.MachineDaoTest]: MachineDaoTest does not declare any static, non-private, non-final, nested classes annotated with @Configuration.
14:01:31.111 [Test worker] DEBUG org.springframework.boot.test.autoconfigure.orm.jpa.DataJpaTestContextBootstrapper - Using ContextCustomizers for test class [MachineDaoTest]: [DisableAutoConfigurationContextCustomizer, DisableObservabilityContextCustomizer, TypeExcludeFiltersContextCustomizer, PropertyMappingContextCustomizer, WebDriverContextCustomizer, ImportsContextCustomizer, ExcludeFilterContextCustomizer, DuplicateJsonObjectContextCustomizer, MockitoContextCustomizer]
14:01:31.126 [Test worker] DEBUG org.springframework.context.annotation.ClassPathScanningCandidateComponentProvider - Identified candidate component class: file [C:\Users\HP\Documents\07. EMSE\TB3- Web movil and embeded programming\Project\laundryMgmt\build\classes\java\main\com\laundry\laundryMgmt\LaundryMgmtApplication.class]
14:01:31.128 [Test worker] INFO  org.springframework.boot.test.context.SpringBootTestContextBootstrapper - Found @SpringBootConfiguration com.laundry.laundryMgmt.LaundryMgmtApplication for test class com.laundry.laundryMgmt.MachineTest.MachineDaoTest
14:01:31.130 [Test worker] DEBUG org.springframework.test.context.util.TestContextSpringFactoriesUtils - Skipping candidate TestExecutionListener [org.springframework.test.context.observation.MicrometerObservationRegistryTestExecutionListener] due to a missing dependency. Specify custom TestExecutionListener classes or make the default TestExecutionListener classes and their required dependencies available. Offending class: io.micrometer.context.ThreadLocalAccessor. MicrometerObservationRegistryTestExecutionListener requires io.micrometer:micrometer-observation:1.10.8 or higher and io.micrometer:context-propagation:1.0.3 or higher.
14:01:31.131 [Test worker] DEBUG org.springframework.boot.test.autoconfigure.orm.jpa.DataJpaTestContextBootstrapper - Using TestExecutionListeners for test class [MachineDaoTest]: [ServletTestExecutionListener, DirtiesContextBeforeModesTestExecutionListener, ApplicationEventsTestExecutionListener, MockitoTestExecutionListener, DependencyInjectionTestExecutionListener, DirtiesContextTestExecutionListener, TransactionalTestExecutionListener, SqlScriptsTestExecutionListener, WithSecurityContextTestExecutionListener, EventPublishingTestExecutionListener, ReactorContextTestExecutionListener, RestDocsTestExecutionListener, MockRestServiceServerResetTestExecutionListener, MockMvcPrintOnlyOnFailureTestExecutionListener, WebDriverTestExecutionListener, MockWebServiceServerTestExecutionListener, ResetMocksTestExecutionListener]
14:01:31.132 [Test worker] DEBUG org.springframework.test.context.support.DirtiesContextBeforeModesTestExecutionListener - Before test class: class [MachineDaoTest], class annotated with @DirtiesContext [false] with mode [null]
14:01:31.133 [Test worker] DEBUG org.springframework.test.context.support.DependencyInjectionTestExecutionListener - Performing dependency injection for test class com.laundry.laundryMgmt.MachineTest.MachineDaoTest
14:01:31.186 [Test worker] DEBUG org.springframework.boot.ApplicationEnvironment - Activating profiles []

  .   ____          _            __ _ _
 /\\ / ___'_ __ _ _(_)_ __  __ _ \ \ \ \
( ( )\___ | '_ | '_| | '_ \/ _` | \ \ \ \
 \\/  ___)| |_)| | | | | || (_| |  ) ) ) )
  '  |____| .__|_| |_|_| |_\__, | / / / /
 =========|_|==============|___/=/_/_/_/
 :: Spring Boot ::                (v3.1.5)

14:01:31.203 [Test worker] INFO  com.laundry.laundryMgmt.MachineTest.MachineDaoTest - Starting MachineDaoTest using Java 17.0.8 with PID 13228 (started by HP in C:\Users\HP\Documents\07. EMSE\TB3- Web movil and embeded programming\Project\laundryMgmt)
14:01:31.204 [Test worker] DEBUG com.laundry.laundryMgmt.MachineTest.MachineDaoTest - Running with Spring Boot v3.1.5, Spring v6.0.13
14:01:31.204 [Test worker] INFO  com.laundry.laundryMgmt.MachineTest.MachineDaoTest - No active profile set, falling back to 1 default profile: "default"
14:01:31.204 [Test worker] DEBUG org.springframework.boot.SpringApplication - Loading source class com.laundry.laundryMgmt.LaundryMgmtApplication
14:01:31.208 [Test worker] DEBUG org.springframework.context.annotation.AnnotationConfigApplicationContext - Refreshing org.springframework.context.annotation.AnnotationConfigApplicationContext@75225415
14:01:31.209 [Test worker] DEBUG org.springframework.beans.factory.support.DefaultListableBeanFactory - Creating shared instance of singleton bean 'org.springframework.context.annotation.internalConfigurationAnnotationProcessor'
14:01:31.210 [Test worker] DEBUG org.springframework.beans.factory.support.DefaultListableBeanFactory - Creating shared instance of singleton bean 'org.springframework.boot.autoconfigure.internalCachingMetadataReaderFactory'
14:01:31.486 [Test worker] INFO  org.springframework.data.repository.config.RepositoryConfigurationDelegate - Bootstrapping Spring Data JPA repositories in DEFAULT mode.
14:01:31.487 [Test worker] DEBUG org.springframework.beans.factory.support.DefaultListableBeanFactory - Creating shared instance of singleton bean 'org.springframework.boot.autoconfigure.AutoConfigurationPackages'
14:01:31.487 [Test worker] DEBUG org.springframework.boot.autoconfigure.AutoConfigurationPackages - @EnableAutoConfiguration was declared on a class in the package 'com.laundry.laundryMgmt'. Automatic @Repository and @Entity scanning is enabled.
14:01:31.487 [Test worker] DEBUG org.springframework.data.repository.config.RepositoryConfigurationDelegate - Scanning for JPA repositories in packages com.laundry.laundryMgmt.
14:01:31.501 [Test worker] DEBUG org.springframework.data.repository.config.RepositoryComponentProvider - Identified candidate component class: file [C:\Users\HP\Documents\07. EMSE\TB3- Web movil and embeded programming\Project\laundryMgmt\build\classes\java\main\com\laundry\laundryMgmt\dao\MachineDao.class]
14:01:31.502 [Test worker] DEBUG org.springframework.data.repository.config.RepositoryComponentProvider - Identified candidate component class: file [C:\Users\HP\Documents\07. EMSE\TB3- Web movil and embeded programming\Project\laundryMgmt\build\classes\java\main\com\laundry\laundryMgmt\dao\ReservationDao.class]
14:01:31.502 [Test worker] DEBUG org.springframework.data.repository.config.RepositoryComponentProvider - Identified candidate component class: file [C:\Users\HP\Documents\07. EMSE\TB3- Web movil and embeded programming\Project\laundryMgmt\build\classes\java\main\com\laundry\laundryMgmt\dao\SensorDao.class]
14:01:31.522 [Test worker] INFO  org.springframework.data.repository.config.RepositoryConfigurationDelegate - Finished Spring Data repository scanning in 35 ms. Found 3 JPA repository interfaces.
14:01:31.545 [Test worker] DEBUG org.springframework.beans.factory.support.DefaultListableBeanFactory - Creating shared instance of singleton bean 'org.springframework.boot.test.context.ImportsContextCustomizer$ImportsCleanupPostProcessor'
14:01:31.545 [Test worker] DEBUG org.springframework.beans.factory.support.DefaultListableBeanFactory - Creating shared instance of singleton bean 'embeddedDataSourceBeanFactoryPostProcessor'
14:01:31.549 [Test worker] INFO  org.springframework.boot.test.autoconfigure.jdbc.TestDatabaseAutoConfiguration$EmbeddedDataSourceBeanFactoryPostProcessor - Replacing 'dataSource' DataSource bean with embedded version
14:01:31.553 [Test worker] DEBUG org.springframework.beans.factory.support.DefaultListableBeanFactory - Creating shared instance of singleton bean 'org.springframework.boot.test.mock.mockito.MockitoPostProcessor'
14:01:31.554 [Test worker] DEBUG org.springframework.beans.factory.support.DefaultListableBeanFactory - Creating shared instance of singleton bean 'emBeanDefinitionRegistrarPostProcessor'
14:01:31.554 [Test worker] DEBUG org.springframework.beans.factory.support.DefaultListableBeanFactory - Creating shared instance of singleton bean 'org.springframework.boot.sql.init.dependency.DatabaseInitializationDependencyConfigurer$DependsOnDatabaseInitializationPostProcessor'
14:01:31.562 [Test worker] DEBUG org.springframework.beans.factory.support.DefaultListableBeanFactory - Creating shared instance of singleton bean 'org.springframework.context.event.internalEventListenerProcessor'
14:01:31.562 [Test worker] DEBUG org.springframework.beans.factory.support.DefaultListableBeanFactory - Creating shared instance of singleton bean 'org.springframework.context.event.internalEventListenerFactory'
14:01:31.562 [Test worker] DEBUG org.springframework.beans.factory.support.DefaultListableBeanFactory - Creating shared instance of singleton bean 'org.springframework.transaction.config.internalTransactionalEventListenerFactory'
14:01:31.565 [Test worker] DEBUG org.springframework.beans.factory.support.DefaultListableBeanFactory - Creating shared instance of singleton bean 'org.springframework.context.annotation.internalAutowiredAnnotationProcessor'
14:01:31.566 [Test worker] DEBUG org.springframework.beans.factory.support.DefaultListableBeanFactory - Creating shared instance of singleton bean 'org.springframework.context.annotation.internalCommonAnnotationProcessor'
14:01:31.569 [Test worker] DEBUG org.springframework.beans.factory.support.DefaultListableBeanFactory - Creating shared instance of singleton bean 'org.springframework.context.annotation.internalPersistenceAnnotationProcessor'
14:01:31.569 [Test worker] DEBUG org.springframework.beans.factory.support.DefaultListableBeanFactory - Creating shared instance of singleton bean 'org.springframework.boot.test.mock.mockito.MockitoPostProcessor$SpyPostProcessor'
14:01:31.570 [Test worker] DEBUG org.springframework.beans.factory.support.DefaultListableBeanFactory - Creating shared instance of singleton bean 'jdbcConnectionDetailsHikariBeanPostProcessor'
14:01:31.571 [Test worker] DEBUG org.springframework.beans.factory.support.DefaultListableBeanFactory - Creating shared instance of singleton bean 'org.springframework.boot.context.properties.ConfigurationPropertiesBindingPostProcessor'
14:01:31.571 [Test worker] DEBUG org.springframework.beans.factory.support.DefaultListableBeanFactory - Creating shared instance of singleton bean 'org.springframework.boot.context.internalConfigurationPropertiesBinder'
14:01:31.572 [Test worker] DEBUG org.springframework.beans.factory.support.DefaultListableBeanFactory - Creating shared instance of singleton bean 'org.springframework.aop.config.internalAutoProxyCreator'
14:01:31.578 [Test worker] DEBUG org.springframework.beans.factory.support.DefaultListableBeanFactory - Creating shared instance of singleton bean 'entityManagerFactory'
14:01:31.578 [Test worker] DEBUG org.springframework.beans.factory.support.DefaultListableBeanFactory - Creating shared instance of singleton bean 'org.springframework.boot.autoconfigure.orm.jpa.HibernateJpaConfiguration'
14:01:31.580 [Test worker] DEBUG org.springframework.beans.factory.support.DefaultListableBeanFactory - Creating shared instance of singleton bean 'dataSource'
14:01:31.594 [Test worker] INFO  org.springframework.jdbc.datasource.embedded.EmbeddedDatabaseFactory - Starting embedded database: url='jdbc:h2:mem:60060c63-e42d-4ae7-9b58-f501764a2801;DB_CLOSE_DELAY=-1;DB_CLOSE_ON_EXIT=false', username='sa'
14:01:31.594 [Test worker] DEBUG org.springframework.jdbc.datasource.DataSourceUtils - Fetching JDBC Connection from DataSource
14:01:31.594 [Test worker] DEBUG org.springframework.jdbc.datasource.SimpleDriverDataSource - Creating new JDBC Driver Connection to [jdbc:h2:mem:60060c63-e42d-4ae7-9b58-f501764a2801;DB_CLOSE_DELAY=-1;DB_CLOSE_ON_EXIT=false]
14:01:31.599 [Test worker] DEBUG org.springframework.beans.factory.support.DefaultListableBeanFactory - Creating shared instance of singleton bean 'org.springframework.transaction.config.internalTransactionAdvisor'
14:01:31.600 [Test worker] DEBUG org.springframework.beans.factory.support.DefaultListableBeanFactory - Creating shared instance of singleton bean 'org.springframework.transaction.annotation.ProxyTransactionManagementConfiguration'
14:01:31.603 [Test worker] DEBUG org.springframework.beans.factory.support.DefaultListableBeanFactory - Creating shared instance of singleton bean 'transactionAttributeSource'
14:01:31.605 [Test worker] DEBUG org.springframework.beans.factory.support.DefaultListableBeanFactory - Creating shared instance of singleton bean 'transactionInterceptor'
14:01:31.606 [Test worker] DEBUG org.springframework.beans.factory.support.DefaultListableBeanFactory - Autowiring by type from bean name 'transactionInterceptor' via factory method to bean named 'transactionAttributeSource'
14:01:31.607 [Test worker] DEBUG org.springframework.beans.factory.support.DefaultListableBeanFactory - Autowiring by type from bean name 'org.springframework.transaction.config.internalTransactionAdvisor' via factory method to bean named 'transactionAttributeSource'
14:01:31.607 [Test worker] DEBUG org.springframework.beans.factory.support.DefaultListableBeanFactory - Autowiring by type from bean name 'org.springframework.transaction.config.internalTransactionAdvisor' via factory method to bean named 'transactionInterceptor'
14:01:31.609 [Test worker] DEBUG org.springframework.beans.factory.support.DefaultListableBeanFactory - Creating shared instance of singleton bean 'spring.jpa-org.springframework.boot.autoconfigure.orm.jpa.JpaProperties'
14:01:31.609 [Test worker] DEBUG org.springframework.beans.factory.support.DefaultListableBeanFactory - Creating shared instance of singleton bean 'org.springframework.boot.context.properties.BoundConfigurationProperties'
14:01:31.616 [Test worker] DEBUG org.springframework.beans.factory.support.DefaultListableBeanFactory - Creating shared instance of singleton bean 'spring.jpa.hibernate-org.springframework.boot.autoconfigure.orm.jpa.HibernateProperties'
14:01:31.626 [Test worker] DEBUG org.springframework.beans.factory.support.DefaultListableBeanFactory - Autowiring by type from bean name 'org.springframework.boot.autoconfigure.orm.jpa.HibernateJpaConfiguration' via constructor to bean named 'dataSource'
14:01:31.626 [Test worker] DEBUG org.springframework.beans.factory.support.DefaultListableBeanFactory - Autowiring by type from bean name 'org.springframework.boot.autoconfigure.orm.jpa.HibernateJpaConfiguration' via constructor to bean named 'spring.jpa-org.springframework.boot.autoconfigure.orm.jpa.JpaProperties'
14:01:31.626 [Test worker] DEBUG org.springframework.beans.factory.support.DefaultListableBeanFactory - Autowiring by type from bean name 'org.springframework.boot.autoconfigure.orm.jpa.HibernateJpaConfiguration' via constructor to bean named 'org.springframework.beans.factory.support.DefaultListableBeanFactory@77376e83'
14:01:31.626 [Test worker] DEBUG org.springframework.beans.factory.support.DefaultListableBeanFactory - Autowiring by type from bean name 'org.springframework.boot.autoconfigure.orm.jpa.HibernateJpaConfiguration' via constructor to bean named 'spring.jpa.hibernate-org.springframework.boot.autoconfigure.orm.jpa.HibernateProperties'
14:01:31.628 [Test worker] DEBUG org.springframework.beans.factory.support.DefaultListableBeanFactory - Creating shared instance of singleton bean 'hikariPoolDataSourceMetadataProvider'
14:01:31.628 [Test worker] DEBUG org.springframework.beans.factory.support.DefaultListableBeanFactory - Creating shared instance of singleton bean 'org.springframework.boot.autoconfigure.jdbc.metadata.DataSourcePoolMetadataProvidersConfiguration$HikariPoolDataSourceMetadataProviderConfiguration'
14:01:31.632 [Test worker] DEBUG org.springframework.beans.factory.support.DefaultListableBeanFactory - Creating shared instance of singleton bean 'entityManagerFactoryBuilder'
14:01:31.632 [Test worker] DEBUG org.springframework.beans.factory.support.DefaultListableBeanFactory - Creating shared instance of singleton bean 'jpaVendorAdapter'
14:01:31.634 [Test worker] DEBUG org.springframework.beans.factory.support.DefaultListableBeanFactory - Autowiring by type from bean name 'entityManagerFactoryBuilder' via factory method to bean named 'jpaVendorAdapter'
14:01:31.635 [Test worker] DEBUG org.springframework.beans.factory.support.DefaultListableBeanFactory - Creating shared instance of singleton bean 'persistenceManagedTypes'
14:01:31.638 [Test worker] DEBUG org.springframework.beans.factory.support.DefaultListableBeanFactory - Autowiring by type from bean name 'persistenceManagedTypes' via factory method to bean named 'org.springframework.beans.factory.support.DefaultListableBeanFactory@77376e83'
14:01:31.638 [Test worker] DEBUG org.springframework.beans.factory.support.DefaultListableBeanFactory - Autowiring by type from bean name 'persistenceManagedTypes' via factory method to bean named 'org.springframework.context.annotation.AnnotationConfigApplicationContext@75225415'
14:01:31.647 [Test worker] DEBUG org.springframework.beans.factory.support.DefaultListableBeanFactory - Autowiring by type from bean name 'entityManagerFactory' via factory method to bean named 'entityManagerFactoryBuilder'
14:01:31.647 [Test worker] DEBUG org.springframework.beans.factory.support.DefaultListableBeanFactory - Autowiring by type from bean name 'entityManagerFactory' via factory method to bean named 'persistenceManagedTypes'
14:01:31.647 [Test worker] DEBUG org.springframework.jdbc.datasource.DataSourceUtils - Fetching JDBC Connection from DataSource
14:01:31.647 [Test worker] DEBUG org.springframework.jdbc.datasource.SimpleDriverDataSource - Creating new JDBC Driver Connection to [jdbc:h2:mem:60060c63-e42d-4ae7-9b58-f501764a2801;DB_CLOSE_DELAY=-1;DB_CLOSE_ON_EXIT=false]
14:01:31.651 [Test worker] DEBUG org.springframework.orm.jpa.LocalContainerEntityManagerFactoryBean - Building JPA container EntityManagerFactory for persistence unit 'default'
14:01:31.652 [Test worker] DEBUG org.hibernate.jpa.internal.util.LogHelper - PersistenceUnitInfo [
	name: default
	persistence provider classname: null
	classloader: jdk.internal.loader.ClassLoaders$AppClassLoader@73d16e93
	excludeUnlistedClasses: true
	JTA datasource: null
	Non JTA datasource: org.springframework.jdbc.datasource.embedded.EmbeddedDatabaseFactory$EmbeddedDataSourceProxy@47511582
	Transaction type: RESOURCE_LOCAL
	PU root URL: file:/C:/Users/HP/Documents/07.%20EMSE/TB3-%20Web%20movil%20and%20embeded%20programming/Project/laundryMgmt/build/classes/java/test/
	Shared Cache Mode: UNSPECIFIED
	Validation Mode: AUTO
	Jar files URLs []
	Managed classes names [
		com.laundry.laundryMgmt.models.MachineEntity
		com.laundry.laundryMgmt.models.ReservationEntity
		com.laundry.laundryMgmt.models.SensorEntity]
	Mapping files names []
	Properties []
14:01:31.653 [Test worker] DEBUG org.hibernate.integrator.internal.IntegratorServiceImpl - Adding Integrator [org.hibernate.boot.beanvalidation.BeanValidationIntegrator].
14:01:31.653 [Test worker] DEBUG org.hibernate.integrator.internal.IntegratorServiceImpl - Adding Integrator [org.hibernate.cache.internal.CollectionCacheInvalidator].
14:01:31.663 [Test worker] DEBUG org.hibernate.orm.idgen.factory - Registering IdentifierGenerator strategy [uuid2] -> [org.hibernate.id.UUIDGenerator]
14:01:31.663 [Test worker] DEBUG org.hibernate.orm.idgen.factory - Registering IdentifierGenerator strategy [guid] -> [org.hibernate.id.GUIDGenerator]
14:01:31.663 [Test worker] DEBUG org.hibernate.orm.idgen.factory - Registering IdentifierGenerator strategy [uuid] -> [org.hibernate.id.UUIDHexGenerator]
14:01:31.663 [Test worker] DEBUG org.hibernate.orm.idgen.factory - Registering IdentifierGenerator strategy [uuid.hex] -> [org.hibernate.id.UUIDHexGenerator]
14:01:31.663 [Test worker] DEBUG org.hibernate.orm.idgen.factory - Registering IdentifierGenerator strategy [assigned] -> [org.hibernate.id.Assigned]
14:01:31.663 [Test worker] DEBUG org.hibernate.orm.idgen.factory - Registering IdentifierGenerator strategy [identity] -> [org.hibernate.id.IdentityGenerator]
14:01:31.664 [Test worker] DEBUG org.hibernate.orm.idgen.factory - Registering IdentifierGenerator strategy [select] -> [org.hibernate.id.SelectGenerator]
14:01:31.664 [Test worker] DEBUG org.hibernate.orm.idgen.factory - Registering IdentifierGenerator strategy [sequence] -> [org.hibernate.id.enhanced.SequenceStyleGenerator]
14:01:31.664 [Test worker] DEBUG org.hibernate.orm.idgen.factory - Registering IdentifierGenerator strategy [increment] -> [org.hibernate.id.IncrementGenerator]
14:01:31.664 [Test worker] DEBUG org.hibernate.orm.idgen.factory - Registering IdentifierGenerator strategy [foreign] -> [org.hibernate.id.ForeignGenerator]
14:01:31.664 [Test worker] DEBUG org.hibernate.orm.idgen.factory - Registering IdentifierGenerator strategy [enhanced-sequence] -> [org.hibernate.id.enhanced.SequenceStyleGenerator]
14:01:31.664 [Test worker] DEBUG org.hibernate.orm.idgen.factory - Registering IdentifierGenerator strategy [enhanced-table] -> [org.hibernate.id.enhanced.TableGenerator]
14:01:31.665 [Test worker] DEBUG org.hibernate.cache.internal.RegionFactoryInitiator - Cannot default RegionFactory based on registered strategies as `[]` RegionFactory strategies were registered
14:01:31.665 [Test worker] DEBUG org.hibernate.cache.internal.RegionFactoryInitiator - Cache region factory : org.hibernate.cache.internal.NoCachingRegionFactory
14:01:31.666 [Test worker] DEBUG org.hibernate.type.BasicTypeRegistry - Adding type registration boolean -> org.hibernate.type.BasicTypeReference@5f3ddc86
14:01:31.666 [Test worker] DEBUG org.hibernate.type.BasicTypeRegistry - Adding type registration boolean -> org.hibernate.type.BasicTypeReference@5f3ddc86
14:01:31.666 [Test worker] DEBUG org.hibernate.type.BasicTypeRegistry - Adding type registration java.lang.Boolean -> org.hibernate.type.BasicTypeReference@5f3ddc86
14:01:31.666 [Test worker] DEBUG org.hibernate.type.BasicTypeRegistry - Adding type registration numeric_boolean -> org.hibernate.type.BasicTypeReference@78e043e4
14:01:31.666 [Test worker] DEBUG org.hibernate.type.BasicTypeRegistry - Adding type registration org.hibernate.type.NumericBooleanConverter -> org.hibernate.type.BasicTypeReference@78e043e4
14:01:31.666 [Test worker] DEBUG org.hibernate.type.BasicTypeRegistry - Adding type registration true_false -> org.hibernate.type.BasicTypeReference@336d28a1
14:01:31.666 [Test worker] DEBUG org.hibernate.type.BasicTypeRegistry - Adding type registration org.hibernate.type.TrueFalseConverter -> org.hibernate.type.BasicTypeReference@336d28a1
14:01:31.666 [Test worker] DEBUG org.hibernate.type.BasicTypeRegistry - Adding type registration yes_no -> org.hibernate.type.BasicTypeReference@738a39cc
14:01:31.667 [Test worker] DEBUG org.hibernate.type.BasicTypeRegistry - Adding type registration org.hibernate.type.YesNoConverter -> org.hibernate.type.BasicTypeReference@738a39cc
14:01:31.667 [Test worker] DEBUG org.hibernate.type.BasicTypeRegistry - Adding type registration byte -> org.hibernate.type.BasicTypeReference@42e202d7
14:01:31.667 [Test worker] DEBUG org.hibernate.type.BasicTypeRegistry - Adding type registration byte -> org.hibernate.type.BasicTypeReference@42e202d7
14:01:31.667 [Test worker] DEBUG org.hibernate.type.BasicTypeRegistry - Adding type registration java.lang.Byte -> org.hibernate.type.BasicTypeReference@42e202d7
14:01:31.667 [Test worker] DEBUG org.hibernate.type.BasicTypeRegistry - Adding type registration binary -> org.hibernate.type.BasicTypeReference@38e7860c
14:01:31.668 [Test worker] DEBUG org.hibernate.type.BasicTypeRegistry - Adding type registration byte[] -> org.hibernate.type.BasicTypeReference@38e7860c
14:01:31.668 [Test worker] DEBUG org.hibernate.type.BasicTypeRegistry - Adding type registration [B -> org.hibernate.type.BasicTypeReference@38e7860c
14:01:31.668 [Test worker] DEBUG org.hibernate.type.BasicTypeRegistry - Adding type registration binary_wrapper -> org.hibernate.type.BasicTypeReference@62158991
14:01:31.668 [Test worker] DEBUG org.hibernate.type.BasicTypeRegistry - Adding type registration wrapper-binary -> org.hibernate.type.BasicTypeReference@62158991
14:01:31.668 [Test worker] DEBUG org.hibernate.type.BasicTypeRegistry - Adding type registration image -> org.hibernate.type.BasicTypeReference@40738846
14:01:31.668 [Test worker] DEBUG org.hibernate.type.BasicTypeRegistry - Adding type registration blob -> org.hibernate.type.BasicTypeReference@1255de25
14:01:31.668 [Test worker] DEBUG org.hibernate.type.BasicTypeRegistry - Adding type registration java.sql.Blob -> org.hibernate.type.BasicTypeReference@1255de25
14:01:31.669 [Test worker] DEBUG org.hibernate.type.BasicTypeRegistry - Adding type registration materialized_blob -> org.hibernate.type.BasicTypeReference@1686ed85
14:01:31.669 [Test worker] DEBUG org.hibernate.type.BasicTypeRegistry - Adding type registration materialized_blob_wrapper -> org.hibernate.type.BasicTypeReference@5891b7c5
14:01:31.669 [Test worker] DEBUG org.hibernate.type.BasicTypeRegistry - Adding type registration short -> org.hibernate.type.BasicTypeReference@4fc3529
14:01:31.669 [Test worker] DEBUG org.hibernate.type.BasicTypeRegistry - Adding type registration short -> org.hibernate.type.BasicTypeReference@4fc3529
14:01:31.669 [Test worker] DEBUG org.hibernate.type.BasicTypeRegistry - Adding type registration java.lang.Short -> org.hibernate.type.BasicTypeReference@4fc3529
14:01:31.669 [Test worker] DEBUG org.hibernate.type.BasicTypeRegistry - Adding type registration integer -> org.hibernate.type.BasicTypeReference@38e46765
14:01:31.669 [Test worker] DEBUG org.hibernate.type.BasicTypeRegistry - Adding type registration int -> org.hibernate.type.BasicTypeReference@38e46765
14:01:31.669 [Test worker] DEBUG org.hibernate.type.BasicTypeRegistry - Adding type registration java.lang.Integer -> org.hibernate.type.BasicTypeReference@38e46765
14:01:31.670 [Test worker] DEBUG org.hibernate.type.BasicTypeRegistry - Adding type registration long -> org.hibernate.type.BasicTypeReference@192f5f39
14:01:31.670 [Test worker] DEBUG org.hibernate.type.BasicTypeRegistry - Adding type registration long -> org.hibernate.type.BasicTypeReference@192f5f39
14:01:31.670 [Test worker] DEBUG org.hibernate.type.BasicTypeRegistry - Adding type registration java.lang.Long -> org.hibernate.type.BasicTypeReference@192f5f39
14:01:31.670 [Test worker] DEBUG org.hibernate.type.BasicTypeRegistry - Adding type registration float -> org.hibernate.type.BasicTypeReference@4cd5fc46
14:01:31.670 [Test worker] DEBUG org.hibernate.type.BasicTypeRegistry - Adding type registration float -> org.hibernate.type.BasicTypeReference@4cd5fc46
14:01:31.671 [Test worker] DEBUG org.hibernate.type.BasicTypeRegistry - Adding type registration java.lang.Float -> org.hibernate.type.BasicTypeReference@4cd5fc46
14:01:31.671 [Test worker] DEBUG org.hibernate.type.BasicTypeRegistry - Adding type registration double -> org.hibernate.type.BasicTypeReference@2965dd88
14:01:31.671 [Test worker] DEBUG org.hibernate.type.BasicTypeRegistry - Adding type registration double -> org.hibernate.type.BasicTypeReference@2965dd88
14:01:31.671 [Test worker] DEBUG org.hibernate.type.BasicTypeRegistry - Adding type registration java.lang.Double -> org.hibernate.type.BasicTypeReference@2965dd88
14:01:31.671 [Test worker] DEBUG org.hibernate.type.BasicTypeRegistry - Adding type registration big_integer -> org.hibernate.type.BasicTypeReference@3221588e
14:01:31.671 [Test worker] DEBUG org.hibernate.type.BasicTypeRegistry - Adding type registration java.math.BigInteger -> org.hibernate.type.BasicTypeReference@3221588e
14:01:31.671 [Test worker] DEBUG org.hibernate.type.BasicTypeRegistry - Adding type registration big_decimal -> org.hibernate.type.BasicTypeReference@51141f64
14:01:31.671 [Test worker] DEBUG org.hibernate.type.BasicTypeRegistry - Adding type registration java.math.BigDecimal -> org.hibernate.type.BasicTypeReference@51141f64
14:01:31.672 [Test worker] DEBUG org.hibernate.type.BasicTypeRegistry - Adding type registration character -> org.hibernate.type.BasicTypeReference@32c0fecc
14:01:31.672 [Test worker] DEBUG org.hibernate.type.BasicTypeRegistry - Adding type registration char -> org.hibernate.type.BasicTypeReference@32c0fecc
14:01:31.672 [Test worker] DEBUG org.hibernate.type.BasicTypeRegistry - Adding type registration java.lang.Character -> org.hibernate.type.BasicTypeReference@32c0fecc
14:01:31.672 [Test worker] DEBUG org.hibernate.type.BasicTypeRegistry - Adding type registration character_nchar -> org.hibernate.type.BasicTypeReference@35ceec81
14:01:31.672 [Test worker] DEBUG org.hibernate.type.BasicTypeRegistry - Adding type registration string -> org.hibernate.type.BasicTypeReference@d13379e
14:01:31.672 [Test worker] DEBUG org.hibernate.type.BasicTypeRegistry - Adding type registration java.lang.String -> org.hibernate.type.BasicTypeReference@d13379e
14:01:31.672 [Test worker] DEBUG org.hibernate.type.BasicTypeRegistry - Adding type registration nstring -> org.hibernate.type.BasicTypeReference@7c8df667
14:01:31.673 [Test worker] DEBUG org.hibernate.type.BasicTypeRegistry - Adding type registration characters -> org.hibernate.type.BasicTypeReference@498e41a4
14:01:31.673 [Test worker] DEBUG org.hibernate.type.BasicTypeRegistry - Adding type registration char[] -> org.hibernate.type.BasicTypeReference@498e41a4
14:01:31.673 [Test worker] DEBUG org.hibernate.type.BasicTypeRegistry - Adding type registration [C -> org.hibernate.type.BasicTypeReference@498e41a4
14:01:31.673 [Test worker] DEBUG org.hibernate.type.BasicTypeRegistry - Adding type registration wrapper-characters -> org.hibernate.type.BasicTypeReference@be616f0
14:01:31.673 [Test worker] DEBUG org.hibernate.type.BasicTypeRegistry - Adding type registration text -> org.hibernate.type.BasicTypeReference@1f5d7fd5
14:01:31.673 [Test worker] DEBUG org.hibernate.type.BasicTypeRegistry - Adding type registration ntext -> org.hibernate.type.BasicTypeReference@cf08c97
14:01:31.673 [Test worker] DEBUG org.hibernate.type.BasicTypeRegistry - Adding type registration clob -> org.hibernate.type.BasicTypeReference@37c87fcc
14:01:31.673 [Test worker] DEBUG org.hibernate.type.BasicTypeRegistry - Adding type registration java.sql.Clob -> org.hibernate.type.BasicTypeReference@37c87fcc
14:01:31.674 [Test worker] DEBUG org.hibernate.type.BasicTypeRegistry - Adding type registration nclob -> org.hibernate.type.BasicTypeReference@ca2be53
14:01:31.674 [Test worker] DEBUG org.hibernate.type.BasicTypeRegistry - Adding type registration java.sql.NClob -> org.hibernate.type.BasicTypeReference@ca2be53
14:01:31.674 [Test worker] DEBUG org.hibernate.type.BasicTypeRegistry - Adding type registration materialized_clob -> org.hibernate.type.BasicTypeReference@78f5cbc5
14:01:31.674 [Test worker] DEBUG org.hibernate.type.BasicTypeRegistry - Adding type registration materialized_clob_char_array -> org.hibernate.type.BasicTypeReference@70697478
14:01:31.674 [Test worker] DEBUG org.hibernate.type.BasicTypeRegistry - Adding type registration materialized_clob_character_array -> org.hibernate.type.BasicTypeReference@42b43a6
14:01:31.674 [Test worker] DEBUG org.hibernate.type.BasicTypeRegistry - Adding type registration materialized_nclob -> org.hibernate.type.BasicTypeReference@1d622556
14:01:31.675 [Test worker] DEBUG org.hibernate.type.BasicTypeRegistry - Adding type registration materialized_nclob_character_array -> org.hibernate.type.BasicTypeReference@4b9f7edc
14:01:31.675 [Test worker] DEBUG org.hibernate.type.BasicTypeRegistry - Adding type registration materialized_nclob_char_array -> org.hibernate.type.BasicTypeReference@70ee1963
14:01:31.675 [Test worker] DEBUG org.hibernate.type.BasicTypeRegistry - Adding type registration Duration -> org.hibernate.type.BasicTypeReference@2e0652ab
14:01:31.675 [Test worker] DEBUG org.hibernate.type.BasicTypeRegistry - Adding type registration java.time.Duration -> org.hibernate.type.BasicTypeReference@2e0652ab
14:01:31.675 [Test worker] DEBUG org.hibernate.type.BasicTypeRegistry - Adding type registration LocalDateTime -> org.hibernate.type.BasicTypeReference@22c29aa8
14:01:31.675 [Test worker] DEBUG org.hibernate.type.BasicTypeRegistry - Adding type registration java.time.LocalDateTime -> org.hibernate.type.BasicTypeReference@22c29aa8
14:01:31.676 [Test worker] DEBUG org.hibernate.type.BasicTypeRegistry - Adding type registration LocalDate -> org.hibernate.type.BasicTypeReference@129b69b2
14:01:31.676 [Test worker] DEBUG org.hibernate.type.BasicTypeRegistry - Adding type registration java.time.LocalDate -> org.hibernate.type.BasicTypeReference@129b69b2
14:01:31.676 [Test worker] DEBUG org.hibernate.type.BasicTypeRegistry - Adding type registration LocalTime -> org.hibernate.type.BasicTypeReference@12be4f83
14:01:31.676 [Test worker] DEBUG org.hibernate.type.BasicTypeRegistry - Adding type registration java.time.LocalTime -> org.hibernate.type.BasicTypeReference@12be4f83
14:01:31.676 [Test worker] DEBUG org.hibernate.type.BasicTypeRegistry - Adding type registration OffsetDateTime -> org.hibernate.type.BasicTypeReference@eb1d475
14:01:31.676 [Test worker] DEBUG org.hibernate.type.BasicTypeRegistry - Adding type registration java.time.OffsetDateTime -> org.hibernate.type.BasicTypeReference@eb1d475
14:01:31.677 [Test worker] DEBUG org.hibernate.type.BasicTypeRegistry - Adding type registration OffsetDateTimeWithTimezone -> org.hibernate.type.BasicTypeReference@389008d1
14:01:31.677 [Test worker] DEBUG org.hibernate.type.BasicTypeRegistry - Adding type registration OffsetDateTimeWithoutTimezone -> org.hibernate.type.BasicTypeReference@718f3088
14:01:31.677 [Test worker] DEBUG org.hibernate.type.BasicTypeRegistry - Adding type registration OffsetTime -> org.hibernate.type.BasicTypeReference@11adab6d
14:01:31.677 [Test worker] DEBUG org.hibernate.type.BasicTypeRegistry - Adding type registration java.time.OffsetTime -> org.hibernate.type.BasicTypeReference@11adab6d
14:01:31.677 [Test worker] DEBUG org.hibernate.type.BasicTypeRegistry - Adding type registration OffsetTimeUtc -> org.hibernate.type.BasicTypeReference@11bfd751
14:01:31.677 [Test worker] DEBUG org.hibernate.type.BasicTypeRegistry - Adding type registration OffsetTimeWithTimezone -> org.hibernate.type.BasicTypeReference@29519337
14:01:31.678 [Test worker] DEBUG org.hibernate.type.BasicTypeRegistry - Adding type registration OffsetTimeWithoutTimezone -> org.hibernate.type.BasicTypeReference@2152fde5
14:01:31.678 [Test worker] DEBUG org.hibernate.type.BasicTypeRegistry - Adding type registration ZonedDateTime -> org.hibernate.type.BasicTypeReference@5d58dc61
14:01:31.678 [Test worker] DEBUG org.hibernate.type.BasicTypeRegistry - Adding type registration java.time.ZonedDateTime -> org.hibernate.type.BasicTypeReference@5d58dc61
14:01:31.678 [Test worker] DEBUG org.hibernate.type.BasicTypeRegistry - Adding type registration ZonedDateTimeWithTimezone -> org.hibernate.type.BasicTypeReference@32328dc4
14:01:31.678 [Test worker] DEBUG org.hibernate.type.BasicTypeRegistry - Adding type registration ZonedDateTimeWithoutTimezone -> org.hibernate.type.BasicTypeReference@17df689e
14:01:31.678 [Test worker] DEBUG org.hibernate.type.BasicTypeRegistry - Adding type registration date -> org.hibernate.type.BasicTypeReference@21540255
14:01:31.678 [Test worker] DEBUG org.hibernate.type.BasicTypeRegistry - Adding type registration java.sql.Date -> org.hibernate.type.BasicTypeReference@21540255
14:01:31.678 [Test worker] DEBUG org.hibernate.type.BasicTypeRegistry - Adding type registration time -> org.hibernate.type.BasicTypeReference@3a7469ca
14:01:31.678 [Test worker] DEBUG org.hibernate.type.BasicTypeRegistry - Adding type registration java.sql.Time -> org.hibernate.type.BasicTypeReference@3a7469ca
14:01:31.679 [Test worker] DEBUG org.hibernate.type.BasicTypeRegistry - Adding type registration timestamp -> org.hibernate.type.BasicTypeReference@1c8e8fed
14:01:31.679 [Test worker] DEBUG org.hibernate.type.BasicTypeRegistry - Adding type registration java.sql.Timestamp -> org.hibernate.type.BasicTypeReference@1c8e8fed
14:01:31.679 [Test worker] DEBUG org.hibernate.type.BasicTypeRegistry - Adding type registration java.util.Date -> org.hibernate.type.BasicTypeReference@1c8e8fed
14:01:31.679 [Test worker] DEBUG org.hibernate.type.BasicTypeRegistry - Adding type registration calendar -> org.hibernate.type.BasicTypeReference@70f98f7a
14:01:31.679 [Test worker] DEBUG org.hibernate.type.BasicTypeRegistry - Adding type registration java.util.Calendar -> org.hibernate.type.BasicTypeReference@70f98f7a
14:01:31.679 [Test worker] DEBUG org.hibernate.type.BasicTypeRegistry - Adding type registration java.util.GregorianCalendar -> org.hibernate.type.BasicTypeReference@70f98f7a
14:01:31.680 [Test worker] DEBUG org.hibernate.type.BasicTypeRegistry - Adding type registration calendar_date -> org.hibernate.type.BasicTypeReference@713e7d9a
14:01:31.680 [Test worker] DEBUG org.hibernate.type.BasicTypeRegistry - Adding type registration calendar_time -> org.hibernate.type.BasicTypeReference@681d704e
14:01:31.680 [Test worker] DEBUG org.hibernate.type.BasicTypeRegistry - Adding type registration instant -> org.hibernate.type.BasicTypeReference@846b47
14:01:31.680 [Test worker] DEBUG org.hibernate.type.BasicTypeRegistry - Adding type registration java.time.Instant -> org.hibernate.type.BasicTypeReference@846b47
14:01:31.680 [Test worker] DEBUG org.hibernate.type.BasicTypeRegistry - Adding type registration uuid -> org.hibernate.type.BasicTypeReference@3c3ab672
14:01:31.680 [Test worker] DEBUG org.hibernate.type.BasicTypeRegistry - Adding type registration java.util.UUID -> org.hibernate.type.BasicTypeReference@3c3ab672
14:01:31.680 [Test worker] DEBUG org.hibernate.type.BasicTypeRegistry - Adding type registration pg-uuid -> org.hibernate.type.BasicTypeReference@3c3ab672
14:01:31.681 [Test worker] DEBUG org.hibernate.type.BasicTypeRegistry - Adding type registration uuid-binary -> org.hibernate.type.BasicTypeReference@3e6acec2
14:01:31.681 [Test worker] DEBUG org.hibernate.type.BasicTypeRegistry - Adding type registration uuid-char -> org.hibernate.type.BasicTypeReference@3d764641
14:01:31.681 [Test worker] DEBUG org.hibernate.type.BasicTypeRegistry - Adding type registration class -> org.hibernate.type.BasicTypeReference@1e8bccfb
14:01:31.681 [Test worker] DEBUG org.hibernate.type.BasicTypeRegistry - Adding type registration java.lang.Class -> org.hibernate.type.BasicTypeReference@1e8bccfb
14:01:31.681 [Test worker] DEBUG org.hibernate.type.BasicTypeRegistry - Adding type registration currency -> org.hibernate.type.BasicTypeReference@77eb607e
14:01:31.681 [Test worker] DEBUG org.hibernate.type.BasicTypeRegistry - Adding type registration Currency -> org.hibernate.type.BasicTypeReference@77eb607e
14:01:31.681 [Test worker] DEBUG org.hibernate.type.BasicTypeRegistry - Adding type registration java.util.Currency -> org.hibernate.type.BasicTypeReference@77eb607e
14:01:31.681 [Test worker] DEBUG org.hibernate.type.BasicTypeRegistry - Adding type registration locale -> org.hibernate.type.BasicTypeReference@1f1fbc9f
14:01:31.681 [Test worker] DEBUG org.hibernate.type.BasicTypeRegistry - Adding type registration java.util.Locale -> org.hibernate.type.BasicTypeReference@1f1fbc9f
14:01:31.682 [Test worker] DEBUG org.hibernate.type.BasicTypeRegistry - Adding type registration serializable -> org.hibernate.type.BasicTypeReference@10d4b573
14:01:31.682 [Test worker] DEBUG org.hibernate.type.BasicTypeRegistry - Adding type registration java.io.Serializable -> org.hibernate.type.BasicTypeReference@10d4b573
14:01:31.682 [Test worker] DEBUG org.hibernate.type.BasicTypeRegistry - Adding type registration timezone -> org.hibernate.type.BasicTypeReference@50785f86
14:01:31.682 [Test worker] DEBUG org.hibernate.type.BasicTypeRegistry - Adding type registration java.util.TimeZone -> org.hibernate.type.BasicTypeReference@50785f86
14:01:31.682 [Test worker] DEBUG org.hibernate.type.BasicTypeRegistry - Adding type registration ZoneOffset -> org.hibernate.type.BasicTypeReference@7c3c3d67
14:01:31.682 [Test worker] DEBUG org.hibernate.type.BasicTypeRegistry - Adding type registration java.time.ZoneOffset -> org.hibernate.type.BasicTypeReference@7c3c3d67
14:01:31.682 [Test worker] DEBUG org.hibernate.type.BasicTypeRegistry - Adding type registration url -> org.hibernate.type.BasicTypeReference@1e258d3b
14:01:31.682 [Test worker] DEBUG org.hibernate.type.BasicTypeRegistry - Adding type registration java.net.URL -> org.hibernate.type.BasicTypeReference@1e258d3b
14:01:31.683 [Test worker] DEBUG org.hibernate.type.BasicTypeRegistry - Adding type registration row_version -> org.hibernate.type.BasicTypeReference@2b6fcca1
14:01:31.683 [Test worker] DEBUG org.hibernate.type.BasicTypeRegistry - Adding type registration object -> org.hibernate.type.JavaObjectType@2f0cab82
14:01:31.683 [Test worker] DEBUG org.hibernate.type.BasicTypeRegistry - Adding type registration java.lang.Object -> org.hibernate.type.JavaObjectType@2f0cab82
14:01:31.683 [Test worker] DEBUG org.hibernate.type.BasicTypeRegistry - Adding type registration null -> org.hibernate.type.NullType@261a66b8
14:01:31.683 [Test worker] DEBUG org.hibernate.type.BasicTypeRegistry - Adding type registration imm_date -> org.hibernate.type.BasicTypeReference@27d9a016
14:01:31.683 [Test worker] DEBUG org.hibernate.type.BasicTypeRegistry - Adding type registration imm_time -> org.hibernate.type.BasicTypeReference@68c9cf93
14:01:31.683 [Test worker] DEBUG org.hibernate.type.BasicTypeRegistry - Adding type registration imm_timestamp -> org.hibernate.type.BasicTypeReference@2715b3ea
14:01:31.684 [Test worker] DEBUG org.hibernate.type.BasicTypeRegistry - Adding type registration imm_calendar -> org.hibernate.type.BasicTypeReference@30130a31
14:01:31.684 [Test worker] DEBUG org.hibernate.type.BasicTypeRegistry - Adding type registration imm_calendar_date -> org.hibernate.type.BasicTypeReference@5aa0d535
14:01:31.684 [Test worker] DEBUG org.hibernate.type.BasicTypeRegistry - Adding type registration imm_calendar_time -> org.hibernate.type.BasicTypeReference@7cb32ca5
14:01:31.684 [Test worker] DEBUG org.hibernate.type.BasicTypeRegistry - Adding type registration imm_binary -> org.hibernate.type.BasicTypeReference@76334a3a
14:01:31.684 [Test worker] DEBUG org.hibernate.type.BasicTypeRegistry - Adding type registration imm_serializable -> org.hibernate.type.BasicTypeReference@5e59844f
14:01:31.688 [Test worker] DEBUG org.hibernate.boot.internal.BootstrapContextImpl - Injecting JPA temp ClassLoader [org.springframework.instrument.classloading.SimpleThrowawayClassLoader@67bf393c] into BootstrapContext; was [null]
14:01:31.688 [Test worker] DEBUG org.hibernate.boot.internal.ClassLoaderAccessImpl - ClassLoaderAccessImpl#injectTempClassLoader(org.springframework.instrument.classloading.SimpleThrowawayClassLoader@67bf393c) [was null]
14:01:31.688 [Test worker] DEBUG org.hibernate.boot.internal.BootstrapContextImpl - Injecting ScanEnvironment [org.hibernate.jpa.boot.internal.StandardJpaScanEnvironmentImpl@b31cd6b] into BootstrapContext; was [null]
14:01:31.689 [Test worker] DEBUG org.hibernate.boot.internal.BootstrapContextImpl - Injecting ScanOptions [org.hibernate.boot.archive.scan.internal.StandardScanOptions@19d85bbe] into BootstrapContext; was [org.hibernate.boot.archive.scan.internal.StandardScanOptions@7c6f91d2]
14:01:31.693 [Test worker] DEBUG org.hibernate.bytecode.internal.BytecodeProviderInitiator - HHH000021: Bytecode provider name : bytebuddy
14:01:31.693 [Test worker] INFO  org.springframework.orm.jpa.persistenceunit.SpringPersistenceUnitInfo - No LoadTimeWeaver setup: ignoring JPA class transformer
14:01:31.693 [Test worker] DEBUG org.hibernate.boot.internal.BootstrapContextImpl - Injecting JPA temp ClassLoader [null] into BootstrapContext; was [org.springframework.instrument.classloading.SimpleThrowawayClassLoader@67bf393c]
14:01:31.693 [Test worker] DEBUG org.hibernate.boot.internal.ClassLoaderAccessImpl - ClassLoaderAccessImpl#injectTempClassLoader(null) [was org.springframework.instrument.classloading.SimpleThrowawayClassLoader@67bf393c]
14:01:31.696 [Test worker] DEBUG org.springframework.jdbc.datasource.SimpleDriverDataSource - Creating new JDBC Driver Connection to [jdbc:h2:mem:60060c63-e42d-4ae7-9b58-f501764a2801;DB_CLOSE_DELAY=-1;DB_CLOSE_ON_EXIT=false]
14:01:31.697 [Test worker] DEBUG org.hibernate.engine.jdbc.env.internal.JdbcEnvironmentInitiator - Database ->
       name : H2
    version : 2.1.214 (2022-06-13)
      major : 2
      minor : 1
14:01:31.697 [Test worker] DEBUG org.hibernate.engine.jdbc.env.internal.JdbcEnvironmentInitiator - Driver ->
       name : H2 JDBC Driver
    version : 2.1.214 (2022-06-13)
      major : 2
      minor : 1
14:01:31.697 [Test worker] DEBUG org.hibernate.engine.jdbc.env.internal.JdbcEnvironmentInitiator - JDBC version : 4.2
14:01:31.698 [Test worker] WARN  org.hibernate.orm.deprecation - HHH90000025: H2Dialect does not need to be specified explicitly using 'hibernate.dialect' (remove the property setting and it will be selected by default)
14:01:31.699 [Test worker] DEBUG org.hibernate.orm.dialect - HHH035001: Using dialect: org.hibernate.dialect.H2Dialect, version: 2.1.214
14:01:31.699 [Test worker] DEBUG org.hibernate.engine.jdbc.env.spi.IdentifierHelperBuilder - JDBC driver metadata reported database stores quoted identifiers in neither upper, lower nor mixed case
14:01:31.701 [Test worker] DEBUG org.hibernate.type.descriptor.jdbc.spi.JdbcTypeRegistry - addDescriptor(NCharTypeDescriptor) replaced previous registration(CharTypeDescriptor)
14:01:31.701 [Test worker] DEBUG org.hibernate.type.descriptor.jdbc.spi.JdbcTypeRegistry - addDescriptor(NVarcharTypeDescriptor) replaced previous registration(VarcharTypeDescriptor)
14:01:31.701 [Test worker] DEBUG org.hibernate.type.descriptor.jdbc.spi.JdbcTypeRegistry - addDescriptor(LongNVarcharTypeDescriptor) replaced previous registration(LongVarcharTypeDescriptor)
14:01:31.702 [Test worker] DEBUG org.hibernate.type.descriptor.jdbc.spi.JdbcTypeRegistry - addDescriptor(NClobTypeDescriptor(DEFAULT)) replaced previous registration(ClobTypeDescriptor(DEFAULT))
14:01:31.702 [Test worker] DEBUG org.hibernate.type.descriptor.jdbc.spi.JdbcTypeRegistry - addDescriptor(2005, ClobTypeDescriptor(STREAM_BINDING)) replaced previous registration(ClobTypeDescriptor(DEFAULT))
14:01:31.702 [Test worker] DEBUG org.hibernate.type.descriptor.jdbc.spi.JdbcTypeRegistry - addDescriptor(TimestampUtcDescriptor) replaced previous registration(TimestampUtcDescriptor)
14:01:31.703 [Test worker] DEBUG org.hibernate.type.BasicTypeRegistry - Adding type registration Duration -> basicType@18(java.time.Duration,2)
14:01:31.703 [Test worker] DEBUG org.hibernate.type.BasicTypeRegistry - Adding type registration java.time.Duration -> basicType@18(java.time.Duration,2)
14:01:31.703 [Test worker] DEBUG org.hibernate.type.spi.TypeConfiguration$Scope - Scoping TypeConfiguration [org.hibernate.type.spi.TypeConfiguration@3c67b7a9] to MetadataBuildingContext [org.hibernate.boot.internal.MetadataBuildingContextRootImpl@67b6cb6e]
14:01:31.703 [Test worker] DEBUG org.hibernate.boot.model.relational.Namespace - Created database namespace [logicalName=Name{catalog=null, schema=null}, physicalName=Name{catalog=null, schema=null}]
14:01:31.704 [Test worker] DEBUG org.hibernate.boot.model.internal.EntityBinder - Binding entity from annotated class: com.laundry.laundryMgmt.models.MachineEntity
14:01:31.705 [Test worker] DEBUG org.hibernate.boot.model.internal.EntityBinder - Import with entity name MachineEntity
14:01:31.705 [Test worker] DEBUG org.hibernate.boot.model.internal.EntityBinder - Bind entity com.laundry.laundryMgmt.models.MachineEntity on table machine_entity
14:01:31.706 [Test worker] DEBUG org.hibernate.boot.model.internal.AnnotatedColumn - Binding column: AnnotatedDiscriminatorColumn(column='DTYPE')
14:01:31.707 [Test worker] DEBUG org.hibernate.boot.model.internal.AnnotatedColumn - Binding column: AnnotatedColumn()
14:01:31.708 [Test worker] DEBUG org.hibernate.boot.internal.ClassLoaderAccessImpl - Not known whether passed class name [com.laundry.laundryMgmt.models.MachineEntity] is safe
14:01:31.708 [Test worker] DEBUG org.hibernate.boot.internal.ClassLoaderAccessImpl - No temp ClassLoader provided; using live ClassLoader for loading potentially unsafe class : com.laundry.laundryMgmt.models.MachineEntity
14:01:31.708 [Test worker] DEBUG org.hibernate.boot.model.internal.PropertyBinder - MetadataSourceProcessor property machineId with lazy=false
14:01:31.708 [Test worker] DEBUG org.hibernate.boot.model.internal.AbstractPropertyHolder - Attempting to locate auto-apply AttributeConverter for property [com.laundry.laundryMgmt.models.MachineEntity:machineId]
14:01:31.708 [Test worker] DEBUG org.hibernate.boot.model.internal.BasicValueBinder - building BasicValue for machineId
14:01:31.708 [Test worker] DEBUG org.hibernate.mapping.BasicValue - Skipping column re-registration: machine_entity.machine_id
14:01:31.708 [Test worker] DEBUG org.hibernate.boot.model.internal.PropertyBinder - Building property machineId
14:01:31.708 [Test worker] DEBUG org.hibernate.boot.model.internal.BinderHelper - #makeIdGenerator(BasicValue([Column(machine_id)]), machineId, org.hibernate.id.enhanced.SequenceStyleGenerator, , ...)
14:01:31.709 [Test worker] DEBUG org.hibernate.boot.model.internal.AnnotatedColumn - Binding column: AnnotatedColumn()
14:01:31.709 [Test worker] DEBUG org.hibernate.boot.model.internal.PropertyBinder - MetadataSourceProcessor property Available with lazy=false
14:01:31.709 [Test worker] DEBUG org.hibernate.boot.model.internal.AbstractPropertyHolder - Attempting to locate auto-apply AttributeConverter for property [com.laundry.laundryMgmt.models.MachineEntity:Available]
14:01:31.709 [Test worker] DEBUG org.hibernate.boot.model.internal.BasicValueBinder - building BasicValue for Available
14:01:31.709 [Test worker] DEBUG org.hibernate.mapping.BasicValue - Skipping column re-registration: machine_entity.available
14:01:31.709 [Test worker] DEBUG org.hibernate.boot.model.internal.PropertyBinder - Building property Available
14:01:31.710 [Test worker] DEBUG org.hibernate.boot.model.internal.AnnotatedColumn - Binding column: AnnotatedColumn()
14:01:31.710 [Test worker] DEBUG org.hibernate.boot.model.internal.PropertyBinder - MetadataSourceProcessor property MachineStatus with lazy=false
14:01:31.710 [Test worker] DEBUG org.hibernate.boot.model.internal.AbstractPropertyHolder - Attempting to locate auto-apply AttributeConverter for property [com.laundry.laundryMgmt.models.MachineEntity:MachineStatus]
14:01:31.710 [Test worker] DEBUG org.hibernate.boot.model.internal.BasicValueBinder - building BasicValue for MachineStatus
14:01:31.711 [Test worker] DEBUG org.hibernate.mapping.BasicValue - Skipping column re-registration: machine_entity.machine_status
14:01:31.711 [Test worker] DEBUG org.hibernate.boot.model.internal.PropertyBinder - Building property MachineStatus
14:01:31.712 [Test worker] DEBUG org.hibernate.boot.model.internal.AnnotatedColumn - Binding column: AnnotatedColumn()
14:01:31.712 [Test worker] DEBUG org.hibernate.boot.model.internal.PropertyBinder - MetadataSourceProcessor property Progress with lazy=false
14:01:31.713 [Test worker] DEBUG org.hibernate.boot.model.internal.AbstractPropertyHolder - Attempting to locate auto-apply AttributeConverter for property [com.laundry.laundryMgmt.models.MachineEntity:Progress]
14:01:31.713 [Test worker] DEBUG org.hibernate.boot.model.internal.BasicValueBinder - building BasicValue for Progress
14:01:31.713 [Test worker] DEBUG org.hibernate.mapping.BasicValue - Skipping column re-registration: machine_entity.progress
14:01:31.713 [Test worker] DEBUG org.hibernate.boot.model.internal.PropertyBinder - Building property Progress
14:01:31.713 [Test worker] DEBUG org.hibernate.boot.model.internal.AnnotatedColumn - Binding column: AnnotatedColumn()
14:01:31.714 [Test worker] DEBUG org.hibernate.boot.model.internal.PropertyBinder - MetadataSourceProcessor property StartingTime with lazy=false
14:01:31.714 [Test worker] DEBUG org.hibernate.boot.model.internal.AbstractPropertyHolder - Attempting to locate auto-apply AttributeConverter for property [com.laundry.laundryMgmt.models.MachineEntity:StartingTime]
14:01:31.714 [Test worker] DEBUG org.hibernate.boot.model.internal.BasicValueBinder - building BasicValue for StartingTime
14:01:31.714 [Test worker] DEBUG org.hibernate.mapping.BasicValue - Skipping column re-registration: machine_entity.starting_time
14:01:31.714 [Test worker] DEBUG org.hibernate.boot.model.internal.PropertyBinder - Building property StartingTime
14:01:31.715 [Test worker] DEBUG org.hibernate.boot.model.internal.AnnotatedColumn - Binding column: AnnotatedColumn()
14:01:31.715 [Test worker] DEBUG org.hibernate.boot.model.internal.PropertyBinder - MetadataSourceProcessor property cycleType with lazy=false
14:01:31.715 [Test worker] DEBUG org.hibernate.boot.model.internal.AbstractPropertyHolder - Attempting to locate auto-apply AttributeConverter for property [com.laundry.laundryMgmt.models.MachineEntity:cycleType]
14:01:31.715 [Test worker] DEBUG org.hibernate.boot.model.internal.BasicValueBinder - building BasicValue for cycleType
14:01:31.715 [Test worker] DEBUG org.hibernate.mapping.BasicValue - Skipping column re-registration: machine_entity.cycle_type
14:01:31.715 [Test worker] DEBUG org.hibernate.boot.model.internal.PropertyBinder - Building property cycleType
14:01:31.716 [Test worker] DEBUG org.hibernate.boot.model.internal.AnnotatedColumn - Binding column: AnnotatedColumn()
14:01:31.716 [Test worker] DEBUG org.hibernate.boot.model.internal.PropertyBinder - MetadataSourceProcessor property name with lazy=false
14:01:31.716 [Test worker] DEBUG org.hibernate.boot.model.internal.AbstractPropertyHolder - Attempting to locate auto-apply AttributeConverter for property [com.laundry.laundryMgmt.models.MachineEntity:name]
14:01:31.716 [Test worker] DEBUG org.hibernate.boot.model.internal.BasicValueBinder - building BasicValue for name
14:01:31.716 [Test worker] DEBUG org.hibernate.mapping.BasicValue - Skipping column re-registration: machine_entity.name
14:01:31.716 [Test worker] DEBUG org.hibernate.boot.model.internal.PropertyBinder - Building property name
14:01:31.717 [Test worker] DEBUG org.hibernate.boot.model.internal.EntityBinder - Binding entity from annotated class: com.laundry.laundryMgmt.models.ReservationEntity
14:01:31.717 [Test worker] DEBUG org.hibernate.boot.model.internal.EntityBinder - Import with entity name ReservationEntity
14:01:31.718 [Test worker] DEBUG org.hibernate.boot.model.internal.EntityBinder - Bind entity com.laundry.laundryMgmt.models.ReservationEntity on table reservation
14:01:31.718 [Test worker] DEBUG org.hibernate.boot.model.internal.AnnotatedColumn - Binding column: AnnotatedDiscriminatorColumn(column='DTYPE')
14:01:31.719 [Test worker] DEBUG org.hibernate.boot.model.internal.AnnotatedColumn - Binding column: AnnotatedColumn()
14:01:31.720 [Test worker] DEBUG org.hibernate.boot.internal.ClassLoaderAccessImpl - Not known whether passed class name [com.laundry.laundryMgmt.models.ReservationEntity] is safe
14:01:31.720 [Test worker] DEBUG org.hibernate.boot.internal.ClassLoaderAccessImpl - No temp ClassLoader provided; using live ClassLoader for loading potentially unsafe class : com.laundry.laundryMgmt.models.ReservationEntity
14:01:31.720 [Test worker] DEBUG org.hibernate.boot.model.internal.PropertyBinder - MetadataSourceProcessor property reservationId with lazy=false
14:01:31.720 [Test worker] DEBUG org.hibernate.boot.model.internal.AbstractPropertyHolder - Attempting to locate auto-apply AttributeConverter for property [com.laundry.laundryMgmt.models.ReservationEntity:reservationId]
14:01:31.720 [Test worker] DEBUG org.hibernate.boot.model.internal.BasicValueBinder - building BasicValue for reservationId
14:01:31.720 [Test worker] DEBUG org.hibernate.mapping.BasicValue - Skipping column re-registration: reservation.reservation_id
14:01:31.720 [Test worker] DEBUG org.hibernate.boot.model.internal.PropertyBinder - Building property reservationId
14:01:31.720 [Test worker] DEBUG org.hibernate.boot.model.internal.BinderHelper - #makeIdGenerator(BasicValue([Column(reservation_id)]), reservationId, org.hibernate.id.enhanced.SequenceStyleGenerator, , ...)
14:01:31.721 [Test worker] DEBUG org.hibernate.boot.model.internal.AnnotatedColumn - Binding column: AnnotatedJoinColumn()
14:01:31.721 [Test worker] DEBUG org.hibernate.boot.model.internal.AnnotatedColumn - Binding column: AnnotatedColumn()
14:01:31.722 [Test worker] DEBUG org.hibernate.boot.model.internal.PropertyBinder - Building property machine
14:01:31.722 [Test worker] DEBUG org.hibernate.boot.model.internal.AnnotatedColumn - Binding column: AnnotatedColumn(column='reservation_available')
14:01:31.722 [Test worker] DEBUG org.hibernate.boot.model.internal.PropertyBinder - MetadataSourceProcessor property reservationAvailable with lazy=false
14:01:31.723 [Test worker] DEBUG org.hibernate.boot.model.internal.AbstractPropertyHolder - Attempting to locate auto-apply AttributeConverter for property [com.laundry.laundryMgmt.models.ReservationEntity:reservationAvailable]
14:01:31.723 [Test worker] DEBUG org.hibernate.boot.model.internal.BasicValueBinder - building BasicValue for reservationAvailable
14:01:31.723 [Test worker] DEBUG org.hibernate.mapping.BasicValue - Skipping column re-registration: reservation.reservation_available
14:01:31.723 [Test worker] DEBUG org.hibernate.boot.model.internal.PropertyBinder - Building property reservationAvailable
14:01:31.723 [Test worker] DEBUG org.hibernate.boot.model.internal.AnnotatedColumn - Binding column: AnnotatedColumn(column='reservation_date')
14:01:31.723 [Test worker] DEBUG org.hibernate.boot.model.internal.PropertyBinder - MetadataSourceProcessor property reservationDate with lazy=false
14:01:31.724 [Test worker] DEBUG org.hibernate.boot.model.internal.AbstractPropertyHolder - Attempting to locate auto-apply AttributeConverter for property [com.laundry.laundryMgmt.models.ReservationEntity:reservationDate]
14:01:31.724 [Test worker] DEBUG org.hibernate.boot.model.internal.BasicValueBinder - building BasicValue for reservationDate
14:01:31.724 [Test worker] DEBUG org.hibernate.mapping.BasicValue - Skipping column re-registration: reservation.reservation_date
14:01:31.724 [Test worker] DEBUG org.hibernate.boot.model.internal.PropertyBinder - Building property reservationDate
14:01:31.724 [Test worker] DEBUG org.hibernate.boot.model.internal.AnnotatedColumn - Binding column: AnnotatedColumn(column='reservationEnd')
14:01:31.725 [Test worker] DEBUG org.hibernate.boot.model.internal.PropertyBinder - MetadataSourceProcessor property reservationEndTime with lazy=false
14:01:31.725 [Test worker] DEBUG org.hibernate.boot.model.internal.AbstractPropertyHolder - Attempting to locate auto-apply AttributeConverter for property [com.laundry.laundryMgmt.models.ReservationEntity:reservationEndTime]
14:01:31.725 [Test worker] DEBUG org.hibernate.boot.model.internal.BasicValueBinder - building BasicValue for reservationEndTime
14:01:31.725 [Test worker] DEBUG org.hibernate.mapping.BasicValue - Skipping column re-registration: reservation.reservation_end
14:01:31.725 [Test worker] DEBUG org.hibernate.boot.model.internal.PropertyBinder - Building property reservationEndTime
14:01:31.726 [Test worker] DEBUG org.hibernate.boot.model.internal.AnnotatedColumn - Binding column: AnnotatedColumn(column='reservationStart')
14:01:31.726 [Test worker] DEBUG org.hibernate.boot.model.internal.PropertyBinder - MetadataSourceProcessor property reservationStartTime with lazy=false
14:01:31.726 [Test worker] DEBUG org.hibernate.boot.model.internal.AbstractPropertyHolder - Attempting to locate auto-apply AttributeConverter for property [com.laundry.laundryMgmt.models.ReservationEntity:reservationStartTime]
14:01:31.727 [Test worker] DEBUG org.hibernate.boot.model.internal.BasicValueBinder - building BasicValue for reservationStartTime
14:01:31.727 [Test worker] DEBUG org.hibernate.mapping.BasicValue - Skipping column re-registration: reservation.reservation_start
14:01:31.727 [Test worker] DEBUG org.hibernate.boot.model.internal.PropertyBinder - Building property reservationStartTime
14:01:31.727 [Test worker] DEBUG org.hibernate.boot.model.internal.AnnotatedColumn - Binding column: AnnotatedColumn(column='reservation_user')
14:01:31.727 [Test worker] DEBUG org.hibernate.boot.model.internal.PropertyBinder - MetadataSourceProcessor property reservationUser with lazy=false
14:01:31.728 [Test worker] DEBUG org.hibernate.boot.model.internal.AbstractPropertyHolder - Attempting to locate auto-apply AttributeConverter for property [com.laundry.laundryMgmt.models.ReservationEntity:reservationUser]
14:01:31.728 [Test worker] DEBUG org.hibernate.boot.model.internal.BasicValueBinder - building BasicValue for reservationUser
14:01:31.728 [Test worker] DEBUG org.hibernate.mapping.BasicValue - Skipping column re-registration: reservation.reservation_user
14:01:31.728 [Test worker] DEBUG org.hibernate.boot.model.internal.PropertyBinder - Building property reservationUser
14:01:31.729 [Test worker] DEBUG org.hibernate.boot.model.internal.EntityBinder - Binding entity from annotated class: com.laundry.laundryMgmt.models.SensorEntity
14:01:31.729 [Test worker] DEBUG org.hibernate.boot.model.internal.EntityBinder - Import with entity name SensorEntity
14:01:31.729 [Test worker] DEBUG org.hibernate.boot.model.internal.EntityBinder - Bind entity com.laundry.laundryMgmt.models.SensorEntity on table sensor_entity
14:01:31.730 [Test worker] DEBUG org.hibernate.boot.model.internal.AnnotatedColumn - Binding column: AnnotatedDiscriminatorColumn(column='DTYPE')
14:01:31.731 [Test worker] DEBUG org.hibernate.boot.model.internal.AnnotatedColumn - Binding column: AnnotatedColumn()
14:01:31.731 [Test worker] DEBUG org.hibernate.boot.internal.ClassLoaderAccessImpl - Not known whether passed class name [com.laundry.laundryMgmt.models.SensorEntity] is safe
14:01:31.731 [Test worker] DEBUG org.hibernate.boot.internal.ClassLoaderAccessImpl - No temp ClassLoader provided; using live ClassLoader for loading potentially unsafe class : com.laundry.laundryMgmt.models.SensorEntity
14:01:31.732 [Test worker] DEBUG org.hibernate.boot.model.internal.PropertyBinder - MetadataSourceProcessor property sensorId with lazy=false
14:01:31.732 [Test worker] DEBUG org.hibernate.boot.model.internal.AbstractPropertyHolder - Attempting to locate auto-apply AttributeConverter for property [com.laundry.laundryMgmt.models.SensorEntity:sensorId]
14:01:31.732 [Test worker] DEBUG org.hibernate.boot.model.internal.BasicValueBinder - building BasicValue for sensorId
14:01:31.732 [Test worker] DEBUG org.hibernate.mapping.BasicValue - Skipping column re-registration: sensor_entity.sensor_id
14:01:31.732 [Test worker] DEBUG org.hibernate.boot.model.internal.PropertyBinder - Building property sensorId
14:01:31.732 [Test worker] DEBUG org.hibernate.boot.model.internal.BinderHelper - #makeIdGenerator(BasicValue([Column(sensor_id)]), sensorId, org.hibernate.id.enhanced.SequenceStyleGenerator, , ...)
14:01:31.732 [Test worker] DEBUG org.hibernate.boot.model.internal.AnnotatedColumn - Binding column: AnnotatedColumn()
14:01:31.733 [Test worker] DEBUG org.hibernate.boot.model.internal.PropertyBinder - MetadataSourceProcessor property Measure with lazy=false
14:01:31.733 [Test worker] DEBUG org.hibernate.boot.model.internal.AbstractPropertyHolder - Attempting to locate auto-apply AttributeConverter for property [com.laundry.laundryMgmt.models.SensorEntity:Measure]
14:01:31.733 [Test worker] DEBUG org.hibernate.boot.model.internal.BasicValueBinder - building BasicValue for Measure
14:01:31.733 [Test worker] DEBUG org.hibernate.mapping.BasicValue - Skipping column re-registration: sensor_entity.measure
14:01:31.733 [Test worker] DEBUG org.hibernate.boot.model.internal.PropertyBinder - Building property Measure
14:01:31.733 [Test worker] DEBUG org.hibernate.boot.model.internal.AnnotatedColumn - Binding column: AnnotatedJoinColumn()
14:01:31.733 [Test worker] DEBUG org.hibernate.boot.model.internal.AnnotatedColumn - Binding column: AnnotatedColumn()
14:01:31.734 [Test worker] DEBUG org.hibernate.boot.model.internal.PropertyBinder - Building property machine
14:01:31.734 [Test worker] DEBUG org.hibernate.boot.model.internal.AnnotatedColumn - Binding column: AnnotatedColumn()
14:01:31.735 [Test worker] DEBUG org.hibernate.boot.model.internal.PropertyBinder - MetadataSourceProcessor property sensorName with lazy=false
14:01:31.735 [Test worker] DEBUG org.hibernate.boot.model.internal.AbstractPropertyHolder - Attempting to locate auto-apply AttributeConverter for property [com.laundry.laundryMgmt.models.SensorEntity:sensorName]
14:01:31.735 [Test worker] DEBUG org.hibernate.boot.model.internal.BasicValueBinder - building BasicValue for sensorName
14:01:31.735 [Test worker] DEBUG org.hibernate.mapping.BasicValue - Skipping column re-registration: sensor_entity.sensor_name
14:01:31.735 [Test worker] DEBUG org.hibernate.boot.model.internal.PropertyBinder - Building property sensorName
14:01:31.735 [Test worker] DEBUG org.hibernate.boot.model.internal.AnnotatedColumn - Binding column: AnnotatedColumn()
14:01:31.736 [Test worker] DEBUG org.hibernate.boot.model.internal.PropertyBinder - MetadataSourceProcessor property sensorType with lazy=false
14:01:31.736 [Test worker] DEBUG org.hibernate.boot.model.internal.AbstractPropertyHolder - Attempting to locate auto-apply AttributeConverter for property [com.laundry.laundryMgmt.models.SensorEntity:sensorType]
14:01:31.736 [Test worker] DEBUG org.hibernate.boot.model.internal.BasicValueBinder - building BasicValue for sensorType
14:01:31.736 [Test worker] DEBUG org.hibernate.mapping.BasicValue - Skipping column re-registration: sensor_entity.sensor_type
14:01:31.736 [Test worker] DEBUG org.hibernate.boot.model.internal.PropertyBinder - Building property sensorType
14:01:31.736 [Test worker] DEBUG org.hibernate.boot.model.internal.AnnotatedColumn - Binding column: AnnotatedColumn()
14:01:31.737 [Test worker] DEBUG org.hibernate.boot.model.internal.PropertyBinder - MetadataSourceProcessor property status with lazy=false
14:01:31.737 [Test worker] DEBUG org.hibernate.boot.model.internal.AbstractPropertyHolder - Attempting to locate auto-apply AttributeConverter for property [com.laundry.laundryMgmt.models.SensorEntity:status]
14:01:31.737 [Test worker] DEBUG org.hibernate.boot.model.internal.BasicValueBinder - building BasicValue for status
14:01:31.737 [Test worker] DEBUG org.hibernate.mapping.BasicValue - Skipping column re-registration: sensor_entity.status
14:01:31.737 [Test worker] DEBUG org.hibernate.boot.model.internal.PropertyBinder - Building property status
14:01:31.740 [Test worker] DEBUG org.hibernate.boot.model.internal.BasicValueBinder - Starting `BasicValueBinder#fillSimpleValue` for machineId
14:01:31.740 [Test worker] DEBUG org.hibernate.boot.model.internal.BasicValueBinder - Starting `BasicValueBinder#fillSimpleValue` for Available
14:01:31.740 [Test worker] DEBUG org.hibernate.boot.model.internal.BasicValueBinder - Starting `BasicValueBinder#fillSimpleValue` for MachineStatus
14:01:31.740 [Test worker] DEBUG org.hibernate.boot.model.internal.BasicValueBinder - Starting `BasicValueBinder#fillSimpleValue` for Progress
14:01:31.740 [Test worker] DEBUG org.hibernate.boot.model.internal.BasicValueBinder - Starting `BasicValueBinder#fillSimpleValue` for StartingTime
14:01:31.740 [Test worker] DEBUG org.hibernate.boot.model.internal.BasicValueBinder - Starting `BasicValueBinder#fillSimpleValue` for cycleType
14:01:31.740 [Test worker] DEBUG org.hibernate.boot.model.internal.BasicValueBinder - Starting `BasicValueBinder#fillSimpleValue` for name
14:01:31.740 [Test worker] DEBUG org.hibernate.boot.model.internal.BasicValueBinder - Starting `BasicValueBinder#fillSimpleValue` for reservationId
14:01:31.740 [Test worker] DEBUG org.hibernate.boot.model.internal.BasicValueBinder - Starting `BasicValueBinder#fillSimpleValue` for reservationAvailable
14:01:31.740 [Test worker] DEBUG org.hibernate.boot.model.internal.BasicValueBinder - Starting `BasicValueBinder#fillSimpleValue` for reservationDate
14:01:31.740 [Test worker] DEBUG org.hibernate.boot.model.internal.BasicValueBinder - Starting `BasicValueBinder#fillSimpleValue` for reservationEndTime
14:01:31.741 [Test worker] DEBUG org.hibernate.boot.model.internal.BasicValueBinder - Starting `BasicValueBinder#fillSimpleValue` for reservationStartTime
14:01:31.741 [Test worker] DEBUG org.hibernate.boot.model.internal.BasicValueBinder - Starting `BasicValueBinder#fillSimpleValue` for reservationUser
14:01:31.741 [Test worker] DEBUG org.hibernate.boot.model.internal.BasicValueBinder - Starting `BasicValueBinder#fillSimpleValue` for sensorId
14:01:31.741 [Test worker] DEBUG org.hibernate.boot.model.internal.BasicValueBinder - Starting `BasicValueBinder#fillSimpleValue` for Measure
14:01:31.741 [Test worker] DEBUG org.hibernate.boot.model.internal.BasicValueBinder - Starting `BasicValueBinder#fillSimpleValue` for sensorName
14:01:31.741 [Test worker] DEBUG org.hibernate.boot.model.internal.BasicValueBinder - Starting `BasicValueBinder#fillSimpleValue` for sensorType
14:01:31.741 [Test worker] DEBUG org.hibernate.boot.model.internal.BasicValueBinder - Starting `BasicValueBinder#fillSimpleValue` for status
14:01:31.743 [Test worker] DEBUG org.hibernate.mapping.PrimaryKey - Forcing column [machine_id] to be non-null as it is part of the primary key for table [machine_entity]
14:01:31.744 [Test worker] DEBUG org.hibernate.mapping.PrimaryKey - Forcing column [reservation_id] to be non-null as it is part of the primary key for table [reservation]
14:01:31.744 [Test worker] DEBUG org.hibernate.mapping.PrimaryKey - Forcing column [sensor_id] to be non-null as it is part of the primary key for table [sensor_entity]
14:01:31.746 [Test worker] DEBUG org.hibernate.boot.internal.InFlightMetadataCollectorImpl - Resolving reference to class: com.laundry.laundryMgmt.models.MachineEntity
14:01:31.747 [Test worker] DEBUG org.hibernate.boot.internal.InFlightMetadataCollectorImpl - Resolving reference to class: com.laundry.laundryMgmt.models.MachineEntity
14:01:31.754 [Test worker] DEBUG org.hibernate.boot.internal.InFlightMetadataCollectorImpl - Resolving reference to class: com.laundry.laundryMgmt.models.MachineEntity
14:01:31.754 [Test worker] DEBUG org.hibernate.boot.internal.InFlightMetadataCollectorImpl - Resolving reference to class: com.laundry.laundryMgmt.models.MachineEntity
14:01:31.755 [Test worker] DEBUG org.springframework.jdbc.datasource.SimpleDriverDataSource - Creating new JDBC Driver Connection to [jdbc:h2:mem:60060c63-e42d-4ae7-9b58-f501764a2801;DB_CLOSE_DELAY=-1;DB_CLOSE_ON_EXIT=false]
14:01:31.771 [Test worker] DEBUG org.hibernate.bytecode.internal.BytecodeProviderInitiator - HHH000021: Bytecode provider name : bytebuddy
14:01:31.773 [Test worker] DEBUG org.hibernate.internal.SessionFactoryImpl - Building session factory
14:01:31.779 [Test worker] DEBUG org.hibernate.service.internal.SessionFactoryServiceRegistryImpl - EventListenerRegistry access via ServiceRegistry is deprecated.  Use `sessionFactory.getEventEngine().getListenerRegistry()` instead
14:01:31.779 [Test worker] DEBUG org.hibernate.internal.SessionFactoryImpl - Instantiating SessionFactory with settings: {java.specification.version=17, sun.cpu.isalist=amd64, hibernate.resource.beans.container=org.springframework.orm.hibernate5.SpringBeanContainer@6b8773c7, hibernate.connection.handling_mode=DELAYED_ACQUISITION_AND_HOLD, sun.jnu.encoding=Cp1252, hibernate.dialect=org.hibernate.dialect.H2Dialect, org.gradle.test.worker=11, hibernate.implicit_naming_strategy=org.springframework.boot.orm.jpa.hibernate.SpringImplicitNamingStrategy, java.class.path=C:\Users\HP\.gradle\caches\8.4\workerMain\gradle-worker.jar;C:\Users\HP\Documents\07. EMSE\TB3- Web movil and embeded programming\Project\laundryMgmt\build\classes\java\test;C:\Users\HP\Documents\07. EMSE\TB3- Web movil and embeded programming\Project\laundryMgmt\build\classes\java\main;C:\Users\HP\Documents\07. EMSE\TB3- Web movil and embeded programming\Project\laundryMgmt\build\resources\main;C:\Users\HP\.gradle\caches\modules-2\files-2.1\org.springframework.boot\spring-boot-starter-web\3.1.5\3674e5603cc25bc4dccf73b97d50234332fc3d72\spring-boot-starter-web-3.1.5.jar;C:\Users\HP\.gradle\caches\modules-2\files-2.1\org.springframework.boot\spring-boot-starter-data-jpa\3.1.5\5fdcfab1fe9d6dddf4352d71f5ed879eb1aa92c2\spring-boot-starter-data-jpa-3.1.5.jar;C:\Users\HP\.gradle\caches\modules-2\files-2.1\com.h2database\h2\2.1.214\d5c2005c9e3279201e12d4776c948578b16bf8b2\h2-2.1.214.jar;C:\Users\HP\.gradle\caches\modules-2\files-2.1\org.springdoc\springdoc-openapi-starter-webmvc-ui\2.2.0\178d8ed6714d78b8b475c45bc60642a9232fcb70\springdoc-openapi-starter-webmvc-ui-2.2.0.jar;C:\Users\HP\.gradle\caches\modules-2\files-2.1\org.springframework.boot\spring-boot-starter-security\3.1.5\5609ddc1b11034278ca1174bfef45d0bea96f060\spring-boot-starter-security-3.1.5.jar;C:\Users\HP\.gradle\caches\modules-2\files-2.1\org.apache.logging.log4j\log4j-core\2.22.1\7183a25510a02ad00cc6a95d3b3d2a7d3c5a8dc4\log4j-core-2.22.1.jar;C:\Users\HP\.gradle\caches\modules-2\files-2.1\org.apache.logging.log4j\log4j-api\2.22.1\bea6fede6328fabafd7e68363161a7ea6605abd1\log4j-api-2.22.1.jar;C:\Users\HP\.gradle\caches\modules-2\files-2.1\org.apache.httpcomponents\httpclient\4.5\a1e6cbb3cc2c5f210dd1310ff9fcb2c09c0d1438\httpclient-4.5.jar;C:\Users\HP\.gradle\caches\modules-2\files-2.1\org.springframework.boot\spring-boot-starter-test\3.1.5\a57c3ffc88edb99fcef4e9f43f3e67de4da8d13c\spring-boot-starter-test-3.1.5.jar;C:\Users\HP\.gradle\caches\modules-2\files-2.1\org.springframework.security\spring-security-test\6.1.5\702cf0489d63d023ccd572f8bfd9d1eaa4f308ad\spring-security-test-6.1.5.jar;C:\Users\HP\.gradle\caches\modules-2\files-2.1\org.junit.jupiter\junit-jupiter-engine\5.8.1\21b86e08aae2720bbf017703669948be96d1388c\junit-jupiter-engine-5.8.1.jar;C:\Users\HP\.gradle\caches\modules-2\files-2.1\org.junit.jupiter\junit-jupiter-params\5.9.3\9e2a4bf6016a1975f408a73523392875cff7c26f\junit-jupiter-params-5.9.3.jar;C:\Users\HP\.gradle\caches\modules-2\files-2.1\org.junit.platform\junit-platform-engine\1.9.3\8616734a190f8d307376aeb7353dba0a2c037a09\junit-platform-engine-1.9.3.jar;C:\Users\HP\.gradle\caches\modules-2\files-2.1\org.junit.platform\junit-platform-commons\1.9.3\36b2e26a90c41603be7f0094bee80e3f8a2cd4d4\junit-platform-commons-1.9.3.jar;C:\Users\HP\.gradle\caches\modules-2\files-2.1\org.junit.jupiter\junit-jupiter\5.9.3\72e840501e1550e9799c9a5cc9483d7d6b29e0ba\junit-jupiter-5.9.3.jar;C:\Users\HP\.gradle\caches\modules-2\files-2.1\org.mockito\mockito-junit-jupiter\5.3.1\d6ac0f6d54addf02def4ba1213f73a15ae6c2308\mockito-junit-jupiter-5.3.1.jar;C:\Users\HP\.gradle\caches\modules-2\files-2.1\org.junit.jupiter\junit-jupiter-api\5.8.1\6538b88eb8bf8811bc7b6efb5246f835c15e0bfe\junit-jupiter-api-5.8.1.jar;C:\Users\HP\.gradle\caches\modules-2\files-2.1\org.springframework.boot\spring-boot-starter-json\3.1.5\36ce79c1a5c63ffd72b092eb312cb35ac6edb128\spring-boot-starter-json-3.1.5.jar;C:\Users\HP\.gradle\caches\modules-2\files-2.1\org.springframework.boot\spring-boot-starter-aop\3.1.5\2ac1f8bf4c2bce13b46d04abafc69a4f1523a08\spring-boot-starter-aop-3.1.5.jar;C:\Users\HP\.gradle\caches\modules-2\files-2.1\org.springframework.boot\spring-boot-starter-jdbc\3.1.5\138c0e0ab493d8a51bb51dfc3b7144d702ff4c26\spring-boot-starter-jdbc-3.1.5.jar;C:\Users\HP\.gradle\caches\modules-2\files-2.1\org.springframework.boot\spring-boot-starter\3.1.5\a14cd17b86261933929566775d80c65b9f7440fc\spring-boot-starter-3.1.5.jar;C:\Users\HP\.gradle\caches\modules-2\files-2.1\org.springframework.boot\spring-boot-starter-tomcat\3.1.5\4b362b923ec1ca080556c4e55fe4ae73cf5a84d7\spring-boot-starter-tomcat-3.1.5.jar;C:\Users\HP\.gradle\caches\modules-2\files-2.1\org.springdoc\springdoc-openapi-starter-webmvc-api\2.2.0\3a7a3a7ecd2537203961d83cabc6d642f294ddb\springdoc-openapi-starter-webmvc-api-2.2.0.jar;C:\Users\HP\.gradle\caches\modules-2\files-2.1\org.springframework\spring-webmvc\6.0.13\df1230a7dde55b9ce9d72670b42d621dc2e481df\spring-webmvc-6.0.13.jar;C:\Users\HP\.gradle\caches\modules-2\files-2.1\org.springframework.security\spring-security-web\6.1.5\51ebfc2c683feca057a1d9696d906fc77bd79db6\spring-security-web-6.1.5.jar;C:\Users\HP\.gradle\caches\modules-2\files-2.1\org.springframework\spring-web\6.0.13\c374fcaf34d82d735a1dcf2c496f064488aa2b20\spring-web-6.0.13.jar;C:\Users\HP\.gradle\caches\modules-2\files-2.1\org.hibernate.orm\hibernate-core\6.2.13.Final\de458672b40154ab9ecfe7466987ad1772167af8\hibernate-core-6.2.13.Final.jar;C:\Users\HP\.gradle\caches\modules-2\files-2.1\org.springframework.data\spring-data-jpa\3.1.5\6de79da064f0b97c6448e0bfa5d63da9fb6e1582\spring-data-jpa-3.1.5.jar;C:\Users\HP\.gradle\caches\modules-2\files-2.1\org.springframework\spring-aspects\6.0.13\59b1d3f507f5ed2e4ef357541c464925831bea9b\spring-aspects-6.0.13.jar;C:\Users\HP\.gradle\caches\modules-2\files-2.1\org.webjars\swagger-ui\5.2.0\c48d665a3f3a5d73afa34982953d3c31acc1d1dd\swagger-ui-5.2.0.jar;C:\Users\HP\.gradle\caches\modules-2\files-2.1\org.springframework.security\spring-security-config\6.1.5\be13612112c6400267c14320562078e8b50e65f6\spring-security-config-6.1.5.jar;C:\Users\HP\.gradle\caches\modules-2\files-2.1\org.springframework.security\spring-security-core\6.1.5\bc6fe788306b296c210db471a02d7d8f2ea4e7cd\spring-security-core-6.1.5.jar;C:\Users\HP\.gradle\caches\modules-2\files-2.1\org.springframework.boot\spring-boot-test-autoconfigure\3.1.5\9e0b68b6510c3067535e60a61568cb569efb4997\spring-boot-test-autoconfigure-3.1.5.jar;C:\Users\HP\.gradle\caches\modules-2\files-2.1\org.springframework.boot\spring-boot-test\3.1.5\31a70b2aa98605b09a0b12229f1b12c8ca02bb2d\spring-boot-test-3.1.5.jar;C:\Users\HP\.gradle\caches\modules-2\files-2.1\org.springdoc\springdoc-openapi-starter-common\2.2.0\352343daae911b5d95c718c4a3c461cf94b4707b\springdoc-openapi-starter-common-2.2.0.jar;C:\Users\HP\.gradle\caches\modules-2\files-2.1\org.springframework.boot\spring-boot-autoconfigure\3.1.5\42a5b2ee98f700fba8d8c88d4af7b23266f1de0f\spring-boot-autoconfigure-3.1.5.jar;C:\Users\HP\.gradle\caches\modules-2\files-2.1\org.springframework.boot\spring-boot\3.1.5\c188015a5a79f5df65e876dcfdef16148c45fe2c\spring-boot-3.1.5.jar;C:\Users\HP\.gradle\caches\modules-2\files-2.1\org.springframework\spring-context\6.0.13\4c49af6dde7fce9602049f952b45ca29f30e2a37\spring-context-6.0.13.jar;C:\Users\HP\.gradle\caches\modules-2\files-2.1\org.springframework\spring-aop\6.0.13\aae1a18033787c9d324322f4470b12264e773e83\spring-aop-6.0.13.jar;C:\Users\HP\.gradle\caches\modules-2\files-2.1\org.apache.httpcomponents\httpcore\4.4.16\51cf043c87253c9f58b539c9f7e44c8894223850\httpcore-4.4.16.jar;C:\Users\HP\.gradle\caches\modules-2\files-2.1\commons-logging\commons-logging\1.2\4bfc12adfe4842bf07b657f0369c4cb522955686\commons-logging-1.2.jar;C:\Users\HP\.gradle\caches\modules-2\files-2.1\commons-codec\commons-codec\1.15\49d94806b6e3dc933dacbd8acb0fdbab8ebd1e5d\commons-codec-1.15.jar;C:\Users\HP\.gradle\caches\modules-2\files-2.1\com.jayway.jsonpath\json-path\2.8.0\b4ab3b7a9e425655a0ca65487bbbd6d7ddb75160\json-path-2.8.0.jar;C:\Users\HP\.gradle\caches\modules-2\files-2.1\org.glassfish.jaxb\jaxb-runtime\4.0.3\93af25be25b2c92c83e0ce61cb8b3ed23568f316\jaxb-runtime-4.0.3.jar;C:\Users\HP\.gradle\caches\modules-2\files-2.1\org.glassfish.jaxb\jaxb-core\4.0.3\e9093b4a82069a1d78ee9a3233ca387bca88861f\jaxb-core-4.0.3.jar;C:\Users\HP\.gradle\caches\modules-2\files-2.1\io.swagger.core.v3\swagger-core-jakarta\2.2.15\6c85064b85f895b7f0c0819d950995274c0931a4\swagger-core-jakarta-2.2.15.jar;C:\Users\HP\.gradle\caches\modules-2\files-2.1\jakarta.xml.bind\jakarta.xml.bind-api\4.0.1\ca2330866cbc624c7e5ce982e121db1125d23e15\jakarta.xml.bind-api-4.0.1.jar;C:\Users\HP\.gradle\caches\modules-2\files-2.1\net.minidev\json-smart\2.4.11\cc5888f14a5768f254b97bafe8b9fd29b31e872e\json-smart-2.4.11.jar;C:\Users\HP\.gradle\caches\modules-2\files-2.1\org.assertj\assertj-core\3.24.2\ebbf338e33f893139459ce5df023115971c2786f\assertj-core-3.24.2.jar;C:\Users\HP\.gradle\caches\modules-2\files-2.1\org.hamcrest\hamcrest\2.2\1820c0968dba3a11a1b30669bb1f01978a91dedc\hamcrest-2.2.jar;C:\Users\HP\.gradle\caches\modules-2\files-2.1\org.mockito\mockito-core\5.3.1\7cac313592a29ae5e29c52c22b15c3ae5ab561b2\mockito-core-5.3.1.jar;C:\Users\HP\.gradle\caches\modules-2\files-2.1\org.skyscreamer\jsonassert\1.5.1\6d842d0faf4cf6725c509a5e5347d319ee0431c3\jsonassert-1.5.1.jar;C:\Users\HP\.gradle\caches\modules-2\files-2.1\org.springframework\spring-test\6.0.13\144feb2ac323b51845cebcce92bc78ff396bbdbe\spring-test-6.0.13.jar;C:\Users\HP\.gradle\caches\modules-2\files-2.1\org.springframework\spring-orm\6.0.13\604257dc4f28bf178c348a9e12068600838d61d2\spring-orm-6.0.13.jar;C:\Users\HP\.gradle\caches\modules-2\files-2.1\org.springframework\spring-jdbc\6.0.13\67227f30eef525551983ad02071770ea685f2626\spring-jdbc-6.0.13.jar;C:\Users\HP\.gradle\caches\modules-2\files-2.1\org.springframework.data\spring-data-commons\3.1.5\227d0b2dd185458c58e89b2a4696d1b752536a72\spring-data-commons-3.1.5.jar;C:\Users\HP\.gradle\caches\modules-2\files-2.1\org.springframework\spring-tx\6.0.13\182219d97469f459e0c44033d5dc5260d042cfb\spring-tx-6.0.13.jar;C:\Users\HP\.gradle\caches\modules-2\files-2.1\org.springframework\spring-beans\6.0.13\5b205c9f2fb07c1367db144ce7ab305f94300604\spring-beans-6.0.13.jar;C:\Users\HP\.gradle\caches\modules-2\files-2.1\org.springframework\spring-expression\6.0.13\2bedffa4a3850bbbb652a31c47671824b17fbe01\spring-expression-6.0.13.jar;C:\Users\HP\.gradle\caches\modules-2\files-2.1\org.springframework\spring-core\6.0.13\cd565c2408e37d2026822b871cd43e69da8ec40e\spring-core-6.0.13.jar;C:\Users\HP\.gradle\caches\modules-2\files-2.1\org.xmlunit\xmlunit-core\2.9.1\e5833662d9a1279a37da3ef6f62a1da29fcd68c4\xmlunit-core-2.9.1.jar;C:\Users\HP\.gradle\caches\modules-2\files-2.1\org.opentest4j\opentest4j\1.2.0\28c11eb91f9b6d8e200631d46e20a7f407f2a046\opentest4j-1.2.0.jar;C:\Users\HP\.gradle\caches\modules-2\files-2.1\jakarta.annotation\jakarta.annotation-api\2.1.1\48b9bda22b091b1f48b13af03fe36db3be6e1ae3\jakarta.annotation-api-2.1.1.jar;C:\Users\HP\.gradle\caches\modules-2\files-2.1\com.fasterxml.jackson.datatype\jackson-datatype-jdk8\2.15.3\80158cb020c7bd4e4ba94d8d752a65729dc943b2\jackson-datatype-jdk8-2.15.3.jar;C:\Users\HP\.gradle\caches\modules-2\files-2.1\com.fasterxml.jackson.datatype\jackson-datatype-jsr310\2.15.3\4a20a0e104931bfa72f24ef358c2eb63f1ef2aaf\jackson-datatype-jsr310-2.15.3.jar;C:\Users\HP\.gradle\caches\modules-2\files-2.1\com.fasterxml.jackson.module\jackson-module-parameter-names\2.15.3\8d251b90c5358677e7d8161e0c2488e6f84f49da\jackson-module-parameter-names-2.15.3.jar;C:\Users\HP\.gradle\caches\modules-2\files-2.1\com.fasterxml.jackson.core\jackson-databind\2.15.3\a734bc2c47a9453c4efa772461a3aeb273c010d9\jackson-databind-2.15.3.jar;C:\Users\HP\.gradle\caches\modules-2\files-2.1\io.swagger.core.v3\swagger-models-jakarta\2.2.15\664bc63998b703b3e695a00f502f6091b8c7815f\swagger-models-jakarta-2.2.15.jar;C:\Users\HP\.gradle\caches\modules-2\files-2.1\com.fasterxml.jackson.core\jackson-annotations\2.15.3\79baf4e605eb3bbb60b1c475d44a7aecceea1d60\jackson-annotations-2.15.3.jar;C:\Users\HP\.gradle\caches\modules-2\files-2.1\com.fasterxml.jackson.core\jackson-core\2.15.3\60d600567c1862840397bf9ff5a92398edc5797b\jackson-core-2.15.3.jar;C:\Users\HP\.gradle\caches\modules-2\files-2.1\com.fasterxml.jackson.dataformat\jackson-dataformat-yaml\2.15.3\2c928259effc818986c7e46c58de5dbfee6ae4ac\jackson-dataformat-yaml-2.15.3.jar;C:\Users\HP\.gradle\caches\modules-2\files-2.1\org.yaml\snakeyaml\1.33\2cd0a87ff7df953f810c344bdf2fe3340b954c69\snakeyaml-1.33.jar;C:\Users\HP\.gradle\caches\modules-2\files-2.1\org.apache.tomcat.embed\tomcat-embed-websocket\10.1.15\14cc0999d4a5128dc9bb8862487aa8ed4cd7fcd8\tomcat-embed-websocket-10.1.15.jar;C:\Users\HP\.gradle\caches\modules-2\files-2.1\org.apache.tomcat.embed\tomcat-embed-core\10.1.15\e3a725405f494abc0fd4f30263c2e6ad87052de1\tomcat-embed-core-10.1.15.jar;C:\Users\HP\.gradle\caches\modules-2\files-2.1\org.apache.tomcat.embed\tomcat-embed-el\10.1.15\49e784ef48d5fc7bc48d7e2a7ceb57e88b4d58b7\tomcat-embed-el-10.1.15.jar;C:\Users\HP\.gradle\caches\modules-2\files-2.1\io.micrometer\micrometer-observation\1.11.5\803f341121416365d1c438fe2a7290b146fadc92\micrometer-observation-1.11.5.jar;C:\Users\HP\.gradle\caches\modules-2\files-2.1\org.aspectj\aspectjweaver\1.9.20\da562407e43f74c0f8f5f5df4065d85ec1736d01\aspectjweaver-1.9.20.jar;C:\Users\HP\.gradle\caches\modules-2\files-2.1\com.zaxxer\HikariCP\5.0.1\a74c7f0a37046846e88d54f7cb6ea6d565c65f9c\HikariCP-5.0.1.jar;C:\Users\HP\.gradle\caches\modules-2\files-2.1\jakarta.persistence\jakarta.persistence-api\3.1.0\66901fa1c373c6aff65c13791cc11da72060a8d6\jakarta.persistence-api-3.1.0.jar;C:\Users\HP\.gradle\caches\modules-2\files-2.1\jakarta.transaction\jakarta.transaction-api\2.0.1\51a520e3fae406abb84e2e1148e6746ce3f80a1a\jakarta.transaction-api-2.0.1.jar;C:\Users\HP\.gradle\caches\modules-2\files-2.1\org.jboss.logging\jboss-logging\3.5.3.Final\c88fc1d8a96d4c3491f55d4317458ccad53ca663\jboss-logging-3.5.3.Final.jar;C:\Users\HP\.gradle\caches\modules-2\files-2.1\org.hibernate.common\hibernate-commons-annotations\6.0.6.Final\77a5f94b56d49508e0ee334751db5b78e5ccd50c\hibernate-commons-annotations-6.0.6.Final.jar;C:\Users\HP\.gradle\caches\modules-2\files-2.1\io.smallrye\jandex\3.0.5\c548a4871b552292dbdd65409d3fda145c8925c1\jandex-3.0.5.jar;C:\Users\HP\.gradle\caches\modules-2\files-2.1\com.fasterxml\classmate\1.5.1\3fe0bed568c62df5e89f4f174c101eab25345b6c\classmate-1.5.1.jar;C:\Users\HP\.gradle\caches\modules-2\files-2.1\net.bytebuddy\byte-buddy\1.14.9\b69e7fff6c473d3ed2b489cdfd673a091fd94226\byte-buddy-1.14.9.jar;C:\Users\HP\.gradle\caches\modules-2\files-2.1\jakarta.inject\jakarta.inject-api\2.0.1\4c28afe1991a941d7702fe1362c365f0a8641d1e\jakarta.inject-api-2.0.1.jar;C:\Users\HP\.gradle\caches\modules-2\files-2.1\org.antlr\antlr4-runtime\4.10.1\10839f875928f59c622d675091d51a43ea0dc5f7\antlr4-runtime-4.10.1.jar;C:\Users\HP\.gradle\caches\modules-2\files-2.1\org.slf4j\slf4j-api\2.0.9\7cf2726fdcfbc8610f9a71fb3ed639871f315340\slf4j-api-2.0.9.jar;C:\Users\HP\.gradle\caches\modules-2\files-2.1\org.eclipse.angus\angus-activation\2.0.1\eaafaf4eb71b400e4136fc3a286f50e34a68ecb7\angus-activation-2.0.1.jar;C:\Users\HP\.gradle\caches\modules-2\files-2.1\jakarta.activation\jakarta.activation-api\2.1.2\640c0d5aff45dbff1e1a1bc09673ff3a02b1ba12\jakarta.activation-api-2.1.2.jar;C:\Users\HP\.gradle\caches\modules-2\files-2.1\net.minidev\accessors-smart\2.4.11\245ceca7bdf3190fbb977045c852d5f3c8efece1\accessors-smart-2.4.11.jar;C:\Users\HP\.gradle\caches\modules-2\files-2.1\net.bytebuddy\byte-buddy-agent\1.14.9\dfb8707031008535048bad2b69735f46d0b6c5e5\byte-buddy-agent-1.14.9.jar;C:\Users\HP\.gradle\caches\modules-2\files-2.1\org.objenesis\objenesis\3.3\1049c09f1de4331e8193e579448d0916d75b7631\objenesis-3.3.jar;C:\Users\HP\.gradle\caches\modules-2\files-2.1\com.vaadin.external.google\android-json\0.0.20131108.vaadin1\fa26d351fe62a6a17f5cda1287c1c6110dec413f\android-json-0.0.20131108.vaadin1.jar;C:\Users\HP\.gradle\caches\modules-2\files-2.1\org.springframework\spring-jcl\6.0.13\91ea90f2de4c71dac3cff04882156b00cdca3e0d\spring-jcl-6.0.13.jar;C:\Users\HP\.gradle\caches\modules-2\files-2.1\org.springframework.security\spring-security-crypto\6.1.5\971a767ef1ef6bea94486ac944f0e17b143dc680\spring-security-crypto-6.1.5.jar;C:\Users\HP\.gradle\caches\modules-2\files-2.1\io.micrometer\micrometer-commons\1.11.5\3e708f737ba2674823201a836b5858482b183902\micrometer-commons-1.11.5.jar;C:\Users\HP\.gradle\caches\modules-2\files-2.1\org.ow2.asm\asm\9.3\8e6300ef51c1d801a7ed62d07cd221aca3a90640\asm-9.3.jar;C:\Users\HP\.gradle\caches\modules-2\files-2.1\org.glassfish.jaxb\txw2\4.0.3\47b8fe31c6d1a3382203af919400527389e01e9c\txw2-4.0.3.jar;C:\Users\HP\.gradle\caches\modules-2\files-2.1\com.sun.istack\istack-commons-runtime\4.1.2\18ec117c85f3ba0ac65409136afa8e42bc74e739\istack-commons-runtime-4.1.2.jar;C:\Users\HP\.gradle\caches\modules-2\files-2.1\org.apache.commons\commons-lang3\3.12.0\c6842c86792ff03b9f1d1fe2aab8dc23aa6c6f0e\commons-lang3-3.12.0.jar;C:\Users\HP\.gradle\caches\modules-2\files-2.1\io.swagger.core.v3\swagger-annotations-jakarta\2.2.15\951eda18dbce0397347056aceff38d02710ec866\swagger-annotations-jakarta-2.2.15.jar;C:\Users\HP\.gradle\caches\modules-2\files-2.1\jakarta.validation\jakarta.validation-api\3.0.2\92b6631659ba35ca09e44874d3eb936edfeee532\jakarta.validation-api-3.0.2.jar;C:\Users\HP\.gradle\wrapper\dists\gradle-8.4-bin\1w5dpkrfk8irigvoxmyhowfim\gradle-8.4\lib\plugins\junit-platform-engine-1.8.2.jar;C:\Users\HP\.gradle\wrapper\dists\gradle-8.4-bin\1w5dpkrfk8irigvoxmyhowfim\gradle-8.4\lib\plugins\junit-platform-launcher-1.8.2.jar;C:\Users\HP\.gradle\wrapper\dists\gradle-8.4-bin\1w5dpkrfk8irigvoxmyhowfim\gradle-8.4\lib\plugins\junit-platform-commons-1.8.2.jar, java.vm.vendor=Oracle Corporation, sun.arch.data.model=64, user.variant=, java.vendor.url=https://java.oracle.com/, user.timezone=Europe/Paris, jakarta.persistence.sharedCache.mode=UNSPECIFIED, java.vm.specification.version=17, os.name=Windows 10, jakarta.persistence.nonJtaDataSource=org.springframework.jdbc.datasource.embedded.EmbeddedDatabaseFactory$EmbeddedDataSourceProxy@47511582, user.country=ES, sun.java.launcher=SUN_STANDARD, sun.boot.library.path=C:\Program Files\Java\jdk-17\bin, sun.java.command=worker.org.gradle.process.internal.worker.GradleWorkerMain 'Gradle Test Executor 11', javax.persistence.nonJtaDataSource=org.springframework.jdbc.datasource.embedded.EmbeddedDatabaseFactory$EmbeddedDataSourceProxy@47511582, hibernate.transaction.jta.platform=org.hibernate.engine.transaction.jta.platform.internal.NoJtaPlatform@74534564, jdk.debug=release, sun.cpu.endian=little, hibernate.cdi.extensions=true, user.home=C:\Users\HP, user.language=es, java.specification.vendor=Oracle Corporation, org.gradle.native=false, java.version.date=2023-07-18, java.home=C:\Program Files\Java\jdk-17, file.separator=\, java.vm.compressedOopsMode=32-bit, line.separator=
, hibernate.persistenceUnitName=default, java.vm.specification.vendor=Oracle Corporation, java.specification.name=Java Platform API Specification, FILE_LOG_CHARSET=UTF-8, hibernate.transaction.coordinator_class=class org.hibernate.resource.transaction.backend.jdbc.internal.JdbcResourceLocalTransactionCoordinatorBuilderImpl, java.awt.headless=true, jakarta.persistence.validation.mode=AUTO, hibernate.hbm2ddl.auto=create-drop, user.script=, sun.management.compiler=HotSpot 64-Bit Tiered Compilers, java.runtime.version=17.0.8+9-LTS-211, user.name=HP, path.separator=;, os.version=10.0, java.runtime.name=Java(TM) SE Runtime Environment, file.encoding=windows-1252, java.vm.name=Java HotSpot(TM) 64-Bit Server VM, hibernate.show_sql=true, java.vendor.url.bug=https://bugreport.java.com/bugreport/, java.io.tmpdir=C:\Users\HP\AppData\Local\Temp\, com.zaxxer.hikari.pool_number=1, java.version=17.0.8, hibernate.physical_naming_strategy=org.hibernate.boot.model.naming.CamelCaseToUnderscoresNamingStrategy, user.dir=C:\Users\HP\Documents\07. EMSE\TB3- Web movil and embeded programming\Project\laundryMgmt, os.arch=amd64, java.vm.specification.name=Java Virtual Machine Specification, PID=13228, org.gradle.internal.worker.tmpdir=C:\Users\HP\Documents\07. EMSE\TB3- Web movil and embeded programming\Project\laundryMgmt\build\tmp\test\work, sun.os.patch.level=, CONSOLE_LOG_CHARSET=UTF-8, hibernate.boot.CfgXmlAccessService.key=org.hibernate.boot.registry.StandardServiceRegistryBuilder$1@5876cd86, native.encoding=Cp1252, java.library.path=C:\Program Files\Java\jdk-17\bin;C:\Windows\Sun\Java\bin;C:\Windows\system32;C:\Windows;C:\Program Files (x86)\VMware\VMware Player\bin\;C:\Program Files\Common Files\Oracle\Java\javapath;C:\Program Files\Python311\Scripts\;C:\Program Files\Python311\;C:\Windows\system32;C:\Windows;C:\Windows\System32\Wbem;C:\Windows\System32\WindowsPowerShell\v1.0\;C:\Windows\System32\OpenSSH\;C:\Program Files\Git\cmd;C:\Program Files\Docker\Docker\resources\bin;C:\Program Files\NVIDIA Corporation\NVIDIA NvDLISR;C:\Program Files (x86)\NVIDIA Corporation\PhysX\Common;C:\Program Files\PuTTY\;C:\Program Files\Amazon\AWSCLIV2\;C:\Users\HP\AppData\Local\Microsoft\WindowsApps;C:\Users\HP\AppData\Local\Programs\Microsoft VS Code\bin;C:\Program Files (x86)\Gradle\gradle-8.3\bin;;., java.vendor=Oracle Corporation, java.vm.info=mixed mode, sharing, java.vm.version=17.0.8+9-LTS-211, hibernate.bytecode.use_reflection_optimizer=true, sun.io.unicode.encoding=UnicodeLittle, hibernate.archive.scanner=org.hibernate.boot.archive.scan.internal.DisabledScanner, hibernate.connection.datasource=org.springframework.jdbc.datasource.embedded.EmbeddedDatabaseFactory$EmbeddedDataSourceProxy@47511582, java.class.version=61.0}
14:01:31.781 [Test worker] DEBUG org.hibernate.internal.SessionFactoryImpl - Session factory constructed with filter configurations : {}
14:01:31.781 [Test worker] DEBUG org.hibernate.boot.beanvalidation.TypeSafeActivator - Unable to acquire Bean Validation ValidatorFactory, skipping activation
14:01:31.784 [Test worker] DEBUG org.hibernate.query.sqm.function.SqmFunctionRegistry - Registered SqmFunctionTemplate [NamedSqmFunctionTemplate(max)] under max; prior registration was null
14:01:31.785 [Test worker] DEBUG org.hibernate.query.sqm.function.SqmFunctionRegistry - Registered SqmFunctionTemplate [NamedSqmFunctionTemplate(min)] under min; prior registration was null
14:01:31.785 [Test worker] DEBUG org.hibernate.query.sqm.function.SqmFunctionRegistry - Registered SqmFunctionTemplate [NamedSqmFunctionTemplate(sum)] under sum; prior registration was null
14:01:31.785 [Test worker] DEBUG org.hibernate.query.sqm.function.SqmFunctionRegistry - Registered SqmFunctionTemplate [NamedSqmFunctionTemplate(avg)] under avg; prior registration was null
14:01:31.785 [Test worker] DEBUG org.hibernate.query.sqm.function.SqmFunctionRegistry - Registered SqmFunctionTemplate [org.hibernate.dialect.function.CountFunction@6d398593] under count; prior registration was null
14:01:31.785 [Test worker] DEBUG org.hibernate.query.sqm.function.SqmFunctionRegistry - Registered SqmFunctionTemplate [org.hibernate.dialect.function.EveryAnyEmulation@3d70dab8] under every; prior registration was null
14:01:31.785 [Test worker] DEBUG org.hibernate.query.sqm.function.SqmFunctionRegistry - Registered SqmFunctionTemplate [org.hibernate.dialect.function.EveryAnyEmulation@53e6c017] under any; prior registration was null
14:01:31.785 [Test worker] DEBUG org.hibernate.query.sqm.function.SqmFunctionRegistry - Registered SqmFunctionTemplate [NamedSqmFunctionTemplate(floor)] under floor; prior registration was null
14:01:31.785 [Test worker] DEBUG org.hibernate.query.sqm.function.SqmFunctionRegistry - Registered SqmFunctionTemplate [NamedSqmFunctionTemplate(ceiling)] under ceiling; prior registration was null
14:01:31.785 [Test worker] DEBUG org.hibernate.query.sqm.function.SqmFunctionRegistry - Registered SqmFunctionTemplate [NamedSqmFunctionTemplate(mod)] under mod; prior registration was null
14:01:31.785 [Test worker] DEBUG org.hibernate.query.sqm.function.SqmFunctionRegistry - Registered SqmFunctionTemplate [NamedSqmFunctionTemplate(abs)] under abs; prior registration was null
14:01:31.785 [Test worker] DEBUG org.hibernate.query.sqm.function.SqmFunctionRegistry - Registered SqmFunctionTemplate [NamedSqmFunctionTemplate(sign)] under sign; prior registration was null
14:01:31.785 [Test worker] DEBUG org.hibernate.query.sqm.function.SqmFunctionRegistry - Registered SqmFunctionTemplate [NamedSqmFunctionTemplate(sqrt)] under sqrt; prior registration was null
14:01:31.785 [Test worker] DEBUG org.hibernate.query.sqm.function.SqmFunctionRegistry - Registered SqmFunctionTemplate [NamedSqmFunctionTemplate(ln)] under ln; prior registration was null
14:01:31.785 [Test worker] DEBUG org.hibernate.query.sqm.function.SqmFunctionRegistry - Registered SqmFunctionTemplate [NamedSqmFunctionTemplate(exp)] under exp; prior registration was null
14:01:31.785 [Test worker] DEBUG org.hibernate.query.sqm.function.SqmFunctionRegistry - Registered SqmFunctionTemplate [NamedSqmFunctionTemplate(power)] under power; prior registration was null
14:01:31.785 [Test worker] DEBUG org.hibernate.query.sqm.function.SqmFunctionRegistry - Registered SqmFunctionTemplate [NamedSqmFunctionTemplate(round)] under round; prior registration was null
14:01:31.785 [Test worker] DEBUG org.hibernate.query.sqm.function.SqmFunctionRegistry - Registered SqmFunctionTemplate [NamedSqmFunctionTemplate(sin)] under sin; prior registration was null
14:01:31.785 [Test worker] DEBUG org.hibernate.query.sqm.function.SqmFunctionRegistry - Registered SqmFunctionTemplate [NamedSqmFunctionTemplate(cos)] under cos; prior registration was null
14:01:31.785 [Test worker] DEBUG org.hibernate.query.sqm.function.SqmFunctionRegistry - Registered SqmFunctionTemplate [NamedSqmFunctionTemplate(tan)] under tan; prior registration was null
14:01:31.785 [Test worker] DEBUG org.hibernate.query.sqm.function.SqmFunctionRegistry - Registered SqmFunctionTemplate [NamedSqmFunctionTemplate(asin)] under asin; prior registration was null
14:01:31.785 [Test worker] DEBUG org.hibernate.query.sqm.function.SqmFunctionRegistry - Registered SqmFunctionTemplate [NamedSqmFunctionTemplate(acos)] under acos; prior registration was null
14:01:31.785 [Test worker] DEBUG org.hibernate.query.sqm.function.SqmFunctionRegistry - Registered SqmFunctionTemplate [NamedSqmFunctionTemplate(atan)] under atan; prior registration was null
14:01:31.785 [Test worker] DEBUG org.hibernate.query.sqm.function.SqmFunctionRegistry - Registered SqmFunctionTemplate [NamedSqmFunctionTemplate(atan2)] under atan2; prior registration was null
14:01:31.786 [Test worker] DEBUG org.hibernate.query.sqm.function.SqmFunctionRegistry - Registered SqmFunctionTemplate [org.hibernate.query.sqm.function.PatternBasedSqmFunctionDescriptor@3d123d10] under sinh; prior registration was null
14:01:31.786 [Test worker] DEBUG org.hibernate.query.sqm.function.SqmFunctionRegistry - Registered SqmFunctionTemplate [org.hibernate.query.sqm.function.PatternBasedSqmFunctionDescriptor@1ca6323c] under cosh; prior registration was null
14:01:31.786 [Test worker] DEBUG org.hibernate.query.sqm.function.SqmFunctionRegistry - Registered SqmFunctionTemplate [org.hibernate.query.sqm.function.PatternBasedSqmFunctionDescriptor@27b89e0a] under tanh; prior registration was null
14:01:31.786 [Test worker] DEBUG org.hibernate.query.sqm.function.SqmFunctionRegistry - Registered SqmFunctionTemplate [org.hibernate.query.sqm.function.PatternBasedSqmFunctionDescriptor@42bb0492] under pi; prior registration was null
14:01:31.786 [Test worker] DEBUG org.hibernate.query.sqm.function.SqmFunctionRegistry - Registered SqmFunctionTemplate [org.hibernate.query.sqm.function.PatternBasedSqmFunctionDescriptor@6eed5b68] under log; prior registration was null
14:01:31.786 [Test worker] DEBUG org.hibernate.query.sqm.function.SqmFunctionRegistry - Registered SqmFunctionTemplate [NamedSqmFunctionTemplate(coalesce)] under coalesce; prior registration was null
14:01:31.786 [Test worker] DEBUG org.hibernate.query.sqm.function.SqmFunctionRegistry - Registered SqmFunctionTemplate [NamedSqmFunctionTemplate(nullif)] under nullif; prior registration was null
14:01:31.786 [Test worker] DEBUG org.hibernate.query.sqm.function.SqmFunctionRegistry - Registered SqmFunctionTemplate [NamedSqmFunctionTemplate(left)] under left; prior registration was null
14:01:31.786 [Test worker] DEBUG org.hibernate.query.sqm.function.SqmFunctionRegistry - Registered SqmFunctionTemplate [NamedSqmFunctionTemplate(right)] under right; prior registration was null
14:01:31.786 [Test worker] DEBUG org.hibernate.query.sqm.function.SqmFunctionRegistry - Registered SqmFunctionTemplate [NamedSqmFunctionTemplate(replace)] under replace; prior registration was null
14:01:31.786 [Test worker] DEBUG org.hibernate.query.sqm.function.SqmFunctionRegistry - Registered SqmFunctionTemplate [NamedSqmFunctionTemplate(concat)] under concat; prior registration was null
14:01:31.786 [Test worker] DEBUG org.hibernate.query.sqm.function.SqmFunctionRegistry - Registered SqmFunctionTemplate [NamedSqmFunctionTemplate(lower)] under lower; prior registration was null
14:01:31.786 [Test worker] DEBUG org.hibernate.query.sqm.function.SqmFunctionRegistry - Registered SqmFunctionTemplate [NamedSqmFunctionTemplate(upper)] under upper; prior registration was null
14:01:31.786 [Test worker] DEBUG org.hibernate.query.sqm.function.SqmFunctionRegistry - Registered SqmFunctionTemplate [NamedSqmFunctionTemplate(substring)] under substring; prior registration was null
14:01:31.786 [Test worker] DEBUG org.hibernate.query.sqm.function.SqmFunctionRegistry - Registered SqmFunctionTemplate [NamedSqmFunctionTemplate(locate)] under locate; prior registration was null
14:01:31.786 [Test worker] DEBUG org.hibernate.query.sqm.function.SqmFunctionRegistry - Registered SqmFunctionTemplate [NamedSqmFunctionTemplate(character_length)] under character_length; prior registration was null
14:01:31.786 [Test worker] DEBUG org.hibernate.query.sqm.function.SqmFunctionRegistry - Registering alternate key : length -> character_length
14:01:31.786 [Test worker] DEBUG org.hibernate.query.sqm.function.SqmFunctionRegistry - Registered SqmFunctionTemplate [org.hibernate.dialect.function.LocatePositionEmulation@4377b35b] under position; prior registration was null
14:01:31.786 [Test worker] DEBUG org.hibernate.query.sqm.function.SqmFunctionRegistry - Registered SqmFunctionTemplate [org.hibernate.dialect.function.InsertSubstringOverlayEmulation@20dc2df1] under overlay; prior registration was null
14:01:31.787 [Test worker] DEBUG org.hibernate.query.sqm.function.SqmFunctionRegistry - Registered SqmFunctionTemplate [org.hibernate.dialect.function.TrimFunction@3a5922ec] under trim; prior registration was null
14:01:31.787 [Test worker] DEBUG org.hibernate.query.sqm.function.SqmFunctionRegistry - Registered SqmFunctionTemplate [org.hibernate.dialect.function.CastFunction@3e6b08d4] under cast; prior registration was null
14:01:31.787 [Test worker] DEBUG org.hibernate.query.sqm.function.SqmFunctionRegistry - Registered SqmFunctionTemplate [org.hibernate.query.sqm.function.PatternBasedSqmFunctionDescriptor@40f88929] under collate; prior registration was null
14:01:31.787 [Test worker] DEBUG org.hibernate.query.sqm.function.SqmFunctionRegistry - Registered SqmFunctionTemplate [org.hibernate.dialect.function.ExtractFunction@18a9762] under extract; prior registration was null
14:01:31.787 [Test worker] DEBUG org.hibernate.query.sqm.function.SqmFunctionRegistry - Registered SqmFunctionTemplate [NamedSqmFunctionTemplate(least)] under least; prior registration was null
14:01:31.787 [Test worker] DEBUG org.hibernate.query.sqm.function.SqmFunctionRegistry - Registered SqmFunctionTemplate [NamedSqmFunctionTemplate(greatest)] under greatest; prior registration was null
14:01:31.787 [Test worker] DEBUG org.hibernate.query.sqm.function.SqmFunctionRegistry - Registered SqmFunctionTemplate [org.hibernate.dialect.function.CoalesceIfnullEmulation@72378bfd] under ifnull; prior registration was null
14:01:31.787 [Test worker] DEBUG org.hibernate.query.sqm.function.SqmFunctionRegistry - Registered SqmFunctionTemplate [NamedSqmFunctionTemplate(lpad)] under lpad; prior registration was null
14:01:31.787 [Test worker] DEBUG org.hibernate.query.sqm.function.SqmFunctionRegistry - Registered SqmFunctionTemplate [NamedSqmFunctionTemplate(rpad)] under rpad; prior registration was null
14:01:31.787 [Test worker] DEBUG org.hibernate.query.sqm.function.SqmFunctionRegistry - Registered SqmFunctionTemplate [org.hibernate.dialect.function.LpadRpadPadEmulation@147c00c7] under pad; prior registration was null
14:01:31.787 [Test worker] DEBUG org.hibernate.query.sqm.function.SqmFunctionRegistry - Registered SqmFunctionTemplate [org.hibernate.dialect.function.CastStrEmulation@104972a0] under str; prior registration was null
14:01:31.787 [Test worker] DEBUG org.hibernate.query.sqm.function.SqmFunctionRegistry - Registered SqmFunctionTemplate [org.hibernate.dialect.function.FormatFunction@45add64c] under format; prior registration was null
14:01:31.787 [Test worker] DEBUG org.hibernate.query.sqm.function.SqmFunctionRegistry - Registered SqmFunctionTemplate [org.hibernate.dialect.function.TimestampaddFunction@b0bd567] under timestampadd; prior registration was null
14:01:31.787 [Test worker] DEBUG org.hibernate.query.sqm.function.SqmFunctionRegistry - Registered SqmFunctionTemplate [org.hibernate.dialect.function.TimestampdiffFunction@7f8586f9] under timestampdiff; prior registration was null
14:01:31.787 [Test worker] DEBUG org.hibernate.query.sqm.function.SqmFunctionRegistry - Registering alternate key : dateadd -> timestampadd
14:01:31.787 [Test worker] DEBUG org.hibernate.query.sqm.function.SqmFunctionRegistry - Registering alternate key : datediff -> timestampdiff
14:01:31.787 [Test worker] DEBUG org.hibernate.query.sqm.function.SqmFunctionRegistry - Registered SqmFunctionTemplate [org.hibernate.dialect.function.CurrentFunction@248227db] under current_date; prior registration was null
14:01:31.787 [Test worker] DEBUG org.hibernate.query.sqm.function.SqmFunctionRegistry - Registered SqmFunctionTemplate [org.hibernate.dialect.function.CurrentFunction@fb69ab1] under current_time; prior registration was null
14:01:31.787 [Test worker] DEBUG org.hibernate.query.sqm.function.SqmFunctionRegistry - Registered SqmFunctionTemplate [org.hibernate.dialect.function.CurrentFunction@5ac3c6cd] under current_timestamp; prior registration was null
14:01:31.787 [Test worker] DEBUG org.hibernate.query.sqm.function.SqmFunctionRegistry - Registering alternate key : current date -> current_date
14:01:31.787 [Test worker] DEBUG org.hibernate.query.sqm.function.SqmFunctionRegistry - Registering alternate key : current time -> current_time
14:01:31.788 [Test worker] DEBUG org.hibernate.query.sqm.function.SqmFunctionRegistry - Registering alternate key : current timestamp -> current_timestamp
14:01:31.788 [Test worker] DEBUG org.hibernate.query.sqm.function.SqmFunctionRegistry - Registered SqmFunctionTemplate [org.hibernate.dialect.function.CurrentFunction@9223122] under local_date; prior registration was null
14:01:31.788 [Test worker] DEBUG org.hibernate.query.sqm.function.SqmFunctionRegistry - Registered SqmFunctionTemplate [org.hibernate.dialect.function.CurrentFunction@3c2b7322] under local_time; prior registration was null
14:01:31.788 [Test worker] DEBUG org.hibernate.query.sqm.function.SqmFunctionRegistry - Registered SqmFunctionTemplate [org.hibernate.dialect.function.CurrentFunction@7731504] under local_datetime; prior registration was null
14:01:31.788 [Test worker] DEBUG org.hibernate.query.sqm.function.SqmFunctionRegistry - Registered SqmFunctionTemplate [org.hibernate.dialect.function.CurrentFunction@43c25e89] under offset_datetime; prior registration was null
14:01:31.788 [Test worker] DEBUG org.hibernate.query.sqm.function.SqmFunctionRegistry - Registering alternate key : local date -> local_date
14:01:31.788 [Test worker] DEBUG org.hibernate.query.sqm.function.SqmFunctionRegistry - Registering alternate key : local time -> local_time
14:01:31.788 [Test worker] DEBUG org.hibernate.query.sqm.function.SqmFunctionRegistry - Registering alternate key : local datetime -> local_datetime
14:01:31.788 [Test worker] DEBUG org.hibernate.query.sqm.function.SqmFunctionRegistry - Registering alternate key : offset datetime -> offset_datetime
14:01:31.788 [Test worker] DEBUG org.hibernate.query.sqm.function.SqmFunctionRegistry - Registered SqmFunctionTemplate [org.hibernate.dialect.function.CurrentFunction@5b71ccf2] under instant; prior registration was null
14:01:31.788 [Test worker] DEBUG org.hibernate.query.sqm.function.SqmFunctionRegistry - Registering alternate key : current_instant -> instant
14:01:31.788 [Test worker] DEBUG org.hibernate.query.sqm.function.SqmFunctionRegistry - Registered SqmFunctionTemplate [org.hibernate.dialect.function.SqlFunction@3c2406dd] under sql; prior registration was null
14:01:31.788 [Test worker] DEBUG org.hibernate.query.sqm.function.SqmFunctionRegistry - Registered SqmFunctionTemplate [NamedSqmFunctionTemplate(max)] under max; prior registration was NamedSqmFunctionTemplate(max)
14:01:31.788 [Test worker] DEBUG org.hibernate.query.sqm.function.SqmFunctionRegistry - Registered SqmFunctionTemplate [NamedSqmFunctionTemplate(min)] under min; prior registration was NamedSqmFunctionTemplate(min)
14:01:31.788 [Test worker] DEBUG org.hibernate.query.sqm.function.SqmFunctionRegistry - Registered SqmFunctionTemplate [NamedSqmFunctionTemplate(sum)] under sum; prior registration was NamedSqmFunctionTemplate(sum)
14:01:31.788 [Test worker] DEBUG org.hibernate.query.sqm.function.SqmFunctionRegistry - Registered SqmFunctionTemplate [NamedSqmFunctionTemplate(avg)] under avg; prior registration was NamedSqmFunctionTemplate(avg)
14:01:31.788 [Test worker] DEBUG org.hibernate.query.sqm.function.SqmFunctionRegistry - Registered SqmFunctionTemplate [org.hibernate.dialect.function.CountFunction@23e0ef68] under count; prior registration was org.hibernate.dialect.function.CountFunction@6d398593
14:01:31.788 [Test worker] DEBUG org.hibernate.query.sqm.function.SqmFunctionRegistry - Registered SqmFunctionTemplate [org.hibernate.dialect.function.AvgFunction@7207cb8b] under avg; prior registration was NamedSqmFunctionTemplate(avg)
14:01:31.788 [Test worker] DEBUG org.hibernate.query.sqm.function.SqmFunctionRegistry - Registered SqmFunctionTemplate [NamedSqmFunctionTemplate(pi)] under pi; prior registration was org.hibernate.query.sqm.function.PatternBasedSqmFunctionDescriptor@42bb0492
14:01:31.788 [Test worker] DEBUG org.hibernate.query.sqm.function.SqmFunctionRegistry - Registered SqmFunctionTemplate [NamedSqmFunctionTemplate(cot)] under cot; prior registration was null
14:01:31.788 [Test worker] DEBUG org.hibernate.query.sqm.function.SqmFunctionRegistry - Registered SqmFunctionTemplate [NamedSqmFunctionTemplate(radians)] under radians; prior registration was null
14:01:31.788 [Test worker] DEBUG org.hibernate.query.sqm.function.SqmFunctionRegistry - Registered SqmFunctionTemplate [NamedSqmFunctionTemplate(degrees)] under degrees; prior registration was null
14:01:31.789 [Test worker] DEBUG org.hibernate.query.sqm.function.SqmFunctionRegistry - Registered SqmFunctionTemplate [NamedSqmFunctionTemplate(log10)] under log10; prior registration was null
14:01:31.789 [Test worker] DEBUG org.hibernate.query.sqm.function.SqmFunctionRegistry - Registered SqmFunctionTemplate [org.hibernate.query.sqm.function.PatternBasedSqmFunctionDescriptor@27449f65] under mod; prior registration was NamedSqmFunctionTemplate(mod)
14:01:31.789 [Test worker] DEBUG org.hibernate.query.sqm.function.SqmFunctionRegistry - Registered SqmFunctionTemplate [NamedSqmFunctionTemplate(rand)] under rand; prior registration was null
14:01:31.789 [Test worker] DEBUG org.hibernate.query.sqm.function.SqmFunctionRegistry - Registered SqmFunctionTemplate [NamedSqmFunctionTemplate(soundex)] under soundex; prior registration was null
14:01:31.789 [Test worker] DEBUG org.hibernate.query.sqm.function.SqmFunctionRegistry - Registered SqmFunctionTemplate [NamedSqmFunctionTemplate(translate)] under translate; prior registration was null
14:01:31.789 [Test worker] DEBUG org.hibernate.query.sqm.function.SqmFunctionRegistry - Registered SqmFunctionTemplate [NamedSqmFunctionTemplate(bitand)] under bitand; prior registration was null
14:01:31.789 [Test worker] DEBUG org.hibernate.query.sqm.function.SqmFunctionRegistry - Registered SqmFunctionTemplate [NamedSqmFunctionTemplate(bitor)] under bitor; prior registration was null
14:01:31.789 [Test worker] DEBUG org.hibernate.query.sqm.function.SqmFunctionRegistry - Registered SqmFunctionTemplate [NamedSqmFunctionTemplate(bitxor)] under bitxor; prior registration was null
14:01:31.789 [Test worker] DEBUG org.hibernate.query.sqm.function.SqmFunctionRegistry - Registered SqmFunctionTemplate [NamedSqmFunctionTemplate(bit_and)] under bit_and; prior registration was null
14:01:31.789 [Test worker] DEBUG org.hibernate.query.sqm.function.SqmFunctionRegistry - Registered SqmFunctionTemplate [NamedSqmFunctionTemplate(bit_or)] under bit_or; prior registration was null
14:01:31.789 [Test worker] DEBUG org.hibernate.query.sqm.function.SqmFunctionRegistry - Registered SqmFunctionTemplate [NamedSqmFunctionTemplate(day)] under day; prior registration was null
14:01:31.789 [Test worker] DEBUG org.hibernate.query.sqm.function.SqmFunctionRegistry - Registered SqmFunctionTemplate [NamedSqmFunctionTemplate(month)] under month; prior registration was null
14:01:31.789 [Test worker] DEBUG org.hibernate.query.sqm.function.SqmFunctionRegistry - Registered SqmFunctionTemplate [NamedSqmFunctionTemplate(year)] under year; prior registration was null
14:01:31.789 [Test worker] DEBUG org.hibernate.query.sqm.function.SqmFunctionRegistry - Registered SqmFunctionTemplate [NamedSqmFunctionTemplate(hour)] under hour; prior registration was null
14:01:31.789 [Test worker] DEBUG org.hibernate.query.sqm.function.SqmFunctionRegistry - Registered SqmFunctionTemplate [NamedSqmFunctionTemplate(minute)] under minute; prior registration was null
14:01:31.789 [Test worker] DEBUG org.hibernate.query.sqm.function.SqmFunctionRegistry - Registered SqmFunctionTemplate [NamedSqmFunctionTemplate(second)] under second; prior registration was null
14:01:31.789 [Test worker] DEBUG org.hibernate.query.sqm.function.SqmFunctionRegistry - Registered SqmFunctionTemplate [NamedSqmFunctionTemplate(microsecond)] under microsecond; prior registration was null
14:01:31.790 [Test worker] DEBUG org.hibernate.query.sqm.function.SqmFunctionRegistry - Registered SqmFunctionTemplate [NamedSqmFunctionTemplate(day_of_week)] under day_of_week; prior registration was null
14:01:31.790 [Test worker] DEBUG org.hibernate.query.sqm.function.SqmFunctionRegistry - Registered SqmFunctionTemplate [NamedSqmFunctionTemplate(day_of_month)] under day_of_month; prior registration was null
14:01:31.790 [Test worker] DEBUG org.hibernate.query.sqm.function.SqmFunctionRegistry - Registering alternate key : day -> day_of_month
14:01:31.790 [Test worker] DEBUG org.hibernate.query.sqm.function.SqmFunctionRegistry - Registered SqmFunctionTemplate [NamedSqmFunctionTemplate(day_of_year)] under day_of_year; prior registration was null
14:01:31.790 [Test worker] DEBUG org.hibernate.query.sqm.function.SqmFunctionRegistry - Registered SqmFunctionTemplate [NamedSqmFunctionTemplate(week)] under week; prior registration was null
14:01:31.790 [Test worker] DEBUG org.hibernate.query.sqm.function.SqmFunctionRegistry - Registered SqmFunctionTemplate [NamedSqmFunctionTemplate(quarter)] under quarter; prior registration was null
14:01:31.790 [Test worker] DEBUG org.hibernate.query.sqm.function.SqmFunctionRegistry - Registered SqmFunctionTemplate [NamedSqmFunctionTemplate(monthname)] under monthname; prior registration was null
14:01:31.790 [Test worker] DEBUG org.hibernate.query.sqm.function.SqmFunctionRegistry - Registered SqmFunctionTemplate [NamedSqmFunctionTemplate(dayname)] under dayname; prior registration was null
14:01:31.790 [Test worker] DEBUG org.hibernate.query.sqm.function.SqmFunctionRegistry - Registered SqmFunctionTemplate [NamedSqmFunctionTemplate(localtime)] under localtime; prior registration was null
14:01:31.790 [Test worker] DEBUG org.hibernate.query.sqm.function.SqmFunctionRegistry - Registered SqmFunctionTemplate [NamedSqmFunctionTemplate(localtimestamp)] under localtimestamp; prior registration was null
14:01:31.790 [Test worker] DEBUG org.hibernate.query.sqm.function.SqmFunctionRegistry - Registered SqmFunctionTemplate [NamedSqmFunctionTemplate(localtime)] under local_time; prior registration was org.hibernate.dialect.function.CurrentFunction@3c2b7322
14:01:31.790 [Test worker] DEBUG org.hibernate.query.sqm.function.SqmFunctionRegistry - Registered SqmFunctionTemplate [NamedSqmFunctionTemplate(localtimestamp)] under local_datetime; prior registration was org.hibernate.dialect.function.CurrentFunction@7731504
14:01:31.790 [Test worker] DEBUG org.hibernate.query.sqm.function.SqmFunctionRegistry - Registered SqmFunctionTemplate [org.hibernate.dialect.function.TruncFunction@3b4a77be] under trunc; prior registration was null
14:01:31.790 [Test worker] DEBUG org.hibernate.query.sqm.function.SqmFunctionRegistry - Registering alternate key : truncate -> trunc
14:01:31.790 [Test worker] DEBUG org.hibernate.query.sqm.function.SqmFunctionRegistry - Registered SqmFunctionTemplate [org.hibernate.query.sqm.function.PatternBasedSqmFunctionDescriptor@1ff55410] under date_trunc; prior registration was null
14:01:31.790 [Test worker] DEBUG org.hibernate.query.sqm.function.SqmFunctionRegistry - Registered SqmFunctionTemplate [NamedSqmFunctionTemplate(bit_length)] under bit_length; prior registration was null
14:01:31.790 [Test worker] DEBUG org.hibernate.query.sqm.function.SqmFunctionRegistry - Registered SqmFunctionTemplate [NamedSqmFunctionTemplate(octet_length)] under octet_length; prior registration was null
14:01:31.790 [Test worker] DEBUG org.hibernate.query.sqm.function.SqmFunctionRegistry - Registered SqmFunctionTemplate [NamedSqmFunctionTemplate(ascii)] under ascii; prior registration was null
14:01:31.791 [Test worker] DEBUG org.hibernate.query.sqm.function.SqmFunctionRegistry - Registered SqmFunctionTemplate [NamedSqmFunctionTemplate(octet_length)] under octet_length; prior registration was NamedSqmFunctionTemplate(octet_length)
14:01:31.791 [Test worker] DEBUG org.hibernate.query.sqm.function.SqmFunctionRegistry - Registered SqmFunctionTemplate [NamedSqmFunctionTemplate(space)] under space; prior registration was null
14:01:31.791 [Test worker] DEBUG org.hibernate.query.sqm.function.SqmFunctionRegistry - Registered SqmFunctionTemplate [NamedSqmFunctionTemplate(repeat)] under repeat; prior registration was null
14:01:31.791 [Test worker] DEBUG org.hibernate.query.sqm.function.SqmFunctionRegistry - Registered SqmFunctionTemplate [NamedSqmFunctionTemplate(char)] under char; prior registration was null
14:01:31.792 [Test worker] DEBUG org.hibernate.query.sqm.function.SqmFunctionRegistry - Registering alternate key : chr -> char
14:01:31.792 [Test worker] DEBUG org.hibernate.query.sqm.function.SqmFunctionRegistry - Registered SqmFunctionTemplate [NamedSqmFunctionTemplate(instr)] under instr; prior registration was null
14:01:31.792 [Test worker] DEBUG org.hibernate.query.sqm.function.SqmFunctionRegistry - Registered SqmFunctionTemplate [NamedSqmFunctionTemplate(substr)] under substr; prior registration was null
14:01:31.792 [Test worker] DEBUG org.hibernate.query.sqm.function.SqmFunctionRegistry - Registered SqmFunctionTemplate [org.hibernate.query.sqm.function.PatternBasedSqmFunctionDescriptor@53628ff6] under position; prior registration was org.hibernate.dialect.function.LocatePositionEmulation@4377b35b
14:01:31.792 [Test worker] DEBUG org.hibernate.query.sqm.function.SqmFunctionRegistry - Registered SqmFunctionTemplate [NamedSqmFunctionTemplate(ltrim)] under ltrim; prior registration was null
14:01:31.792 [Test worker] DEBUG org.hibernate.query.sqm.function.SqmFunctionRegistry - Registered SqmFunctionTemplate [NamedSqmFunctionTemplate(rtrim)] under rtrim; prior registration was null
14:01:31.793 [Test worker] DEBUG org.hibernate.query.sqm.function.SqmFunctionRegistry - Registered SqmFunctionTemplate [org.hibernate.query.sqm.function.PatternBasedSqmFunctionDescriptor@505e8d48] under concat; prior registration was NamedSqmFunctionTemplate(concat)
14:01:31.793 [Test worker] DEBUG org.hibernate.query.sqm.function.SqmFunctionRegistry - Registered SqmFunctionTemplate [NamedSqmFunctionTemplate(curtime)] under curtime; prior registration was null
14:01:31.793 [Test worker] DEBUG org.hibernate.query.sqm.function.SqmFunctionRegistry - Registered SqmFunctionTemplate [NamedSqmFunctionTemplate(curdate)] under curdate; prior registration was null
14:01:31.793 [Test worker] DEBUG org.hibernate.query.sqm.function.SqmFunctionRegistry - Registered SqmFunctionTemplate [NamedSqmFunctionTemplate(now)] under now; prior registration was null
14:01:31.793 [Test worker] DEBUG org.hibernate.query.sqm.function.SqmFunctionRegistry - Registered SqmFunctionTemplate [NamedSqmFunctionTemplate(sysdate)] under sysdate; prior registration was null
14:01:31.793 [Test worker] DEBUG org.hibernate.query.sqm.function.SqmFunctionRegistry - Registered SqmFunctionTemplate [NamedSqmFunctionTemplate(insert)] under insert; prior registration was null
14:01:31.793 [Test worker] DEBUG org.hibernate.query.sqm.function.SqmFunctionRegistry - Registered SqmFunctionTemplate [NamedSqmFunctionTemplate(bool_and)] under bool_and; prior registration was null
14:01:31.793 [Test worker] DEBUG org.hibernate.query.sqm.function.SqmFunctionRegistry - Registering alternate key : every -> bool_and
14:01:31.793 [Test worker] DEBUG org.hibernate.query.sqm.function.SqmFunctionRegistry - Registered SqmFunctionTemplate [NamedSqmFunctionTemplate(bool_or)] under bool_or; prior registration was null
14:01:31.793 [Test worker] DEBUG org.hibernate.query.sqm.function.SqmFunctionRegistry - Registering alternate key : any -> bool_or
14:01:31.793 [Test worker] DEBUG org.hibernate.query.sqm.function.SqmFunctionRegistry - Registered SqmFunctionTemplate [NamedSqmFunctionTemplate(median)] under median; prior registration was null
14:01:31.793 [Test worker] DEBUG org.hibernate.query.sqm.function.SqmFunctionRegistry - Registered SqmFunctionTemplate [NamedSqmFunctionTemplate(stddev_pop)] under stddev_pop; prior registration was null
14:01:31.793 [Test worker] DEBUG org.hibernate.query.sqm.function.SqmFunctionRegistry - Registered SqmFunctionTemplate [NamedSqmFunctionTemplate(stddev_samp)] under stddev_samp; prior registration was null
14:01:31.793 [Test worker] DEBUG org.hibernate.query.sqm.function.SqmFunctionRegistry - Registered SqmFunctionTemplate [NamedSqmFunctionTemplate(var_pop)] under var_pop; prior registration was null
14:01:31.793 [Test worker] DEBUG org.hibernate.query.sqm.function.SqmFunctionRegistry - Registered SqmFunctionTemplate [NamedSqmFunctionTemplate(var_samp)] under var_samp; prior registration was null
14:01:31.793 [Test worker] DEBUG org.hibernate.query.sqm.function.SqmFunctionRegistry - Registered SqmFunctionTemplate [org.hibernate.dialect.function.FormatFunction@3841e77a] under format; prior registration was org.hibernate.dialect.function.FormatFunction@45add64c
14:01:31.793 [Test worker] DEBUG org.hibernate.query.sqm.function.SqmFunctionRegistry - Registered SqmFunctionTemplate [NamedSqmFunctionTemplate(rownum)] under rownum; prior registration was null
14:01:31.793 [Test worker] DEBUG org.hibernate.query.sqm.function.SqmFunctionRegistry - Registered SqmFunctionTemplate [NamedSqmFunctionTemplate(row_number)] under row_number; prior registration was null
14:01:31.793 [Test worker] DEBUG org.hibernate.query.sqm.function.SqmFunctionRegistry - Registered SqmFunctionTemplate [NamedSqmFunctionTemplate(lag)] under lag; prior registration was null
14:01:31.793 [Test worker] DEBUG org.hibernate.query.sqm.function.SqmFunctionRegistry - Registered SqmFunctionTemplate [NamedSqmFunctionTemplate(lead)] under lead; prior registration was null
14:01:31.793 [Test worker] DEBUG org.hibernate.query.sqm.function.SqmFunctionRegistry - Registered SqmFunctionTemplate [NamedSqmFunctionTemplate(first_value)] under first_value; prior registration was null
14:01:31.793 [Test worker] DEBUG org.hibernate.query.sqm.function.SqmFunctionRegistry - Registered SqmFunctionTemplate [NamedSqmFunctionTemplate(last_value)] under last_value; prior registration was null
14:01:31.794 [Test worker] DEBUG org.hibernate.query.sqm.function.SqmFunctionRegistry - Registered SqmFunctionTemplate [NamedSqmFunctionTemplate(nth_value)] under nth_value; prior registration was null
14:01:31.794 [Test worker] DEBUG org.hibernate.query.sqm.function.SqmFunctionRegistry - Registered SqmFunctionTemplate [org.hibernate.dialect.function.InverseDistributionFunction@d2161b6] under mode; prior registration was null
14:01:31.794 [Test worker] DEBUG org.hibernate.query.sqm.function.SqmFunctionRegistry - Registered SqmFunctionTemplate [org.hibernate.dialect.function.InverseDistributionFunction@4a7b42db] under percentile_cont; prior registration was null
14:01:31.794 [Test worker] DEBUG org.hibernate.query.sqm.function.SqmFunctionRegistry - Registered SqmFunctionTemplate [org.hibernate.dialect.function.InverseDistributionFunction@6e6bb211] under percentile_disc; prior registration was null
14:01:31.794 [Test worker] DEBUG org.hibernate.query.sqm.function.SqmFunctionRegistry - Registered SqmFunctionTemplate [org.hibernate.dialect.function.HypotheticalSetFunction@5926f291] under rank; prior registration was null
14:01:31.794 [Test worker] DEBUG org.hibernate.query.sqm.function.SqmFunctionRegistry - Registered SqmFunctionTemplate [org.hibernate.dialect.function.HypotheticalSetFunction@5f0c04d2] under dense_rank; prior registration was null
14:01:31.794 [Test worker] DEBUG org.hibernate.query.sqm.function.SqmFunctionRegistry - Registered SqmFunctionTemplate [org.hibernate.dialect.function.HypotheticalSetFunction@4ff1f872] under percent_rank; prior registration was null
14:01:31.794 [Test worker] DEBUG org.hibernate.query.sqm.function.SqmFunctionRegistry - Registered SqmFunctionTemplate [org.hibernate.dialect.function.HypotheticalSetFunction@7c3920a7] under cume_dist; prior registration was null
14:01:31.794 [Test worker] DEBUG org.hibernate.query.sqm.function.SqmFunctionRegistry - Registered SqmFunctionTemplate [org.hibernate.dialect.function.ListaggFunction@12e5f7cb] under listagg; prior registration was null
14:01:31.794 [Test worker] DEBUG org.hibernate.HQL_FUNCTIONS - abs(NUMERIC arg)
14:01:31.794 [Test worker] DEBUG org.hibernate.HQL_FUNCTIONS - Double acos(NUMERIC arg)
14:01:31.794 [Test worker] DEBUG org.hibernate.HQL_FUNCTIONS - Boolean any(BOOLEAN predicate)
14:01:31.794 [Test worker] DEBUG org.hibernate.HQL_FUNCTIONS - Integer ascii(STRING arg)
14:01:31.794 [Test worker] DEBUG org.hibernate.HQL_FUNCTIONS - Double asin(NUMERIC arg)
14:01:31.795 [Test worker] DEBUG org.hibernate.HQL_FUNCTIONS - Double atan(NUMERIC arg)
14:01:31.795 [Test worker] DEBUG org.hibernate.HQL_FUNCTIONS - Double atan2(NUMERIC arg0, NUMERIC arg1)
14:01:31.795 [Test worker] DEBUG org.hibernate.HQL_FUNCTIONS - Double avg(NUMERIC arg)
14:01:31.795 [Test worker] DEBUG org.hibernate.HQL_FUNCTIONS - bit_and(arg)
14:01:31.795 [Test worker] DEBUG org.hibernate.HQL_FUNCTIONS - Integer bit_length(STRING_OR_CLOB arg)
14:01:31.795 [Test worker] DEBUG org.hibernate.HQL_FUNCTIONS - bit_or(arg)
14:01:31.795 [Test worker] DEBUG org.hibernate.HQL_FUNCTIONS - bitand(arg0, arg1)
14:01:31.795 [Test worker] DEBUG org.hibernate.HQL_FUNCTIONS - bitor(arg0, arg1)
14:01:31.795 [Test worker] DEBUG org.hibernate.HQL_FUNCTIONS - bitxor(arg0, arg1)
14:01:31.795 [Test worker] DEBUG org.hibernate.HQL_FUNCTIONS - Boolean bool_and(BOOLEAN predicate)
14:01:31.795 [Test worker] DEBUG org.hibernate.HQL_FUNCTIONS - Boolean bool_or(BOOLEAN predicate)
14:01:31.795 [Test worker] DEBUG org.hibernate.HQL_FUNCTIONS - cast(arg as Type)
14:01:31.795 [Test worker] DEBUG org.hibernate.HQL_FUNCTIONS - ceiling(NUMERIC arg)
14:01:31.795 [Test worker] DEBUG org.hibernate.HQL_FUNCTIONS - Character char(INTEGER arg)
14:01:31.795 [Test worker] DEBUG org.hibernate.HQL_FUNCTIONS - Integer character_length(STRING_OR_CLOB arg)
14:01:31.795 [Test worker] DEBUG org.hibernate.HQL_FUNCTIONS - Character chr(INTEGER arg)
14:01:31.795 [Test worker] DEBUG org.hibernate.HQL_FUNCTIONS - coalesce(arg0[, arg1[, ...]])
14:01:31.795 [Test worker] DEBUG org.hibernate.HQL_FUNCTIONS - String collate(STRING string as COLLATION collation)
14:01:31.795 [Test worker] DEBUG org.hibernate.HQL_FUNCTIONS - String concat(STRING string0[, STRING string1[, ...]])
14:01:31.795 [Test worker] DEBUG org.hibernate.HQL_FUNCTIONS - Double cos(NUMERIC arg)
14:01:31.795 [Test worker] DEBUG org.hibernate.HQL_FUNCTIONS - Double cosh(NUMERIC arg)
14:01:31.795 [Test worker] DEBUG org.hibernate.HQL_FUNCTIONS - Double cot(NUMERIC arg)
14:01:31.795 [Test worker] DEBUG org.hibernate.HQL_FUNCTIONS - Long count([distinct ]{arg|*})
14:01:31.795 [Test worker] DEBUG org.hibernate.HQL_FUNCTIONS - Double cume_dist([arg0[, ...]])
14:01:31.795 [Test worker] DEBUG org.hibernate.HQL_FUNCTIONS - Date curdate()
14:01:31.795 [Test worker] DEBUG org.hibernate.HQL_FUNCTIONS - Date current date
14:01:31.795 [Test worker] DEBUG org.hibernate.HQL_FUNCTIONS - Time current time
14:01:31.795 [Test worker] DEBUG org.hibernate.HQL_FUNCTIONS - Timestamp current timestamp
14:01:31.795 [Test worker] DEBUG org.hibernate.HQL_FUNCTIONS - Date current_date
14:01:31.795 [Test worker] DEBUG org.hibernate.HQL_FUNCTIONS - Instant current_instant
14:01:31.795 [Test worker] DEBUG org.hibernate.HQL_FUNCTIONS - Time current_time
14:01:31.795 [Test worker] DEBUG org.hibernate.HQL_FUNCTIONS - Timestamp current_timestamp
14:01:31.795 [Test worker] DEBUG org.hibernate.HQL_FUNCTIONS - Time curtime()
14:01:31.795 [Test worker] DEBUG org.hibernate.HQL_FUNCTIONS - date_trunc(STRING field, TEMPORAL datetime)
14:01:31.795 [Test worker] DEBUG org.hibernate.HQL_FUNCTIONS - dateadd(TEMPORAL_UNIT field, INTEGER magnitude, TEMPORAL datetime)
14:01:31.795 [Test worker] DEBUG org.hibernate.HQL_FUNCTIONS - basicType@19(java.lang.Long,-5)|basicType@32(java.lang.Double,8) datediff(TEMPORAL_UNIT field, TEMPORAL start, TEMPORAL end)
14:01:31.796 [Test worker] DEBUG org.hibernate.HQL_FUNCTIONS - Integer day(DATE arg)
14:01:31.796 [Test worker] DEBUG org.hibernate.HQL_FUNCTIONS - Integer day_of_month(DATE arg)
14:01:31.796 [Test worker] DEBUG org.hibernate.HQL_FUNCTIONS - Integer day_of_week(DATE arg)
14:01:31.796 [Test worker] DEBUG org.hibernate.HQL_FUNCTIONS - Integer day_of_year(DATE arg)
14:01:31.796 [Test worker] DEBUG org.hibernate.HQL_FUNCTIONS - String dayname(DATE arg)
14:01:31.796 [Test worker] DEBUG org.hibernate.HQL_FUNCTIONS - Double degrees(NUMERIC arg)
14:01:31.796 [Test worker] DEBUG org.hibernate.HQL_FUNCTIONS - Long dense_rank([arg0[, ...]])
14:01:31.796 [Test worker] DEBUG org.hibernate.HQL_FUNCTIONS - Boolean every(BOOLEAN predicate)
14:01:31.796 [Test worker] DEBUG org.hibernate.HQL_FUNCTIONS - Double exp(NUMERIC arg)
14:01:31.796 [Test worker] DEBUG org.hibernate.HQL_FUNCTIONS - extract(TEMPORAL_UNIT field from TEMPORAL arg)
14:01:31.796 [Test worker] DEBUG org.hibernate.HQL_FUNCTIONS - first_valueANY value
14:01:31.796 [Test worker] DEBUG org.hibernate.HQL_FUNCTIONS - floor(NUMERIC arg)
14:01:31.796 [Test worker] DEBUG org.hibernate.HQL_FUNCTIONS - String format(TEMPORAL datetime as STRING pattern)
14:01:31.796 [Test worker] DEBUG org.hibernate.HQL_FUNCTIONS - greatest(COMPARABLE arg0, COMPARABLE arg1[, arg2[, ...]])
14:01:31.796 [Test worker] DEBUG org.hibernate.HQL_FUNCTIONS - Integer hour(TIME arg)
14:01:31.796 [Test worker] DEBUG org.hibernate.HQL_FUNCTIONS - ifnull(arg0, arg1)
14:01:31.796 [Test worker] DEBUG org.hibernate.HQL_FUNCTIONS - String insert(STRING string, INTEGER start, INTEGER length, STRING replacement)
14:01:31.796 [Test worker] DEBUG org.hibernate.HQL_FUNCTIONS - Instant instant
14:01:31.796 [Test worker] DEBUG org.hibernate.HQL_FUNCTIONS - Integer instr(STRING string, STRING pattern[, INTEGER start[, INTEGER occurrence]])
14:01:31.796 [Test worker] DEBUG org.hibernate.HQL_FUNCTIONS - lagANY value[, INTEGER offset[, ANY default]]
14:01:31.796 [Test worker] DEBUG org.hibernate.HQL_FUNCTIONS - last_valueANY value
14:01:31.796 [Test worker] DEBUG org.hibernate.HQL_FUNCTIONS - leadANY value[, INTEGER offset[, ANY default]]
14:01:31.796 [Test worker] DEBUG org.hibernate.HQL_FUNCTIONS - least(COMPARABLE arg0, COMPARABLE arg1[, arg2[, ...]])
14:01:31.796 [Test worker] DEBUG org.hibernate.HQL_FUNCTIONS - String left(STRING string, INTEGER length)
14:01:31.796 [Test worker] DEBUG org.hibernate.HQL_FUNCTIONS - Integer length(STRING_OR_CLOB arg)
14:01:31.796 [Test worker] DEBUG org.hibernate.HQL_FUNCTIONS - String listagg(STRING arg0, STRING arg1)
14:01:31.796 [Test worker] DEBUG org.hibernate.HQL_FUNCTIONS - Double ln(NUMERIC arg)
14:01:31.796 [Test worker] DEBUG org.hibernate.HQL_FUNCTIONS - LocalDate local date
14:01:31.796 [Test worker] DEBUG org.hibernate.HQL_FUNCTIONS - LocalDateTime local datetime
14:01:31.797 [Test worker] DEBUG org.hibernate.HQL_FUNCTIONS - LocalTime local time
14:01:31.797 [Test worker] DEBUG org.hibernate.HQL_FUNCTIONS - LocalDate local_date
14:01:31.797 [Test worker] DEBUG org.hibernate.HQL_FUNCTIONS - LocalDateTime local_datetime
14:01:31.797 [Test worker] DEBUG org.hibernate.HQL_FUNCTIONS - LocalTime local_time
14:01:31.797 [Test worker] DEBUG org.hibernate.HQL_FUNCTIONS - Time localtime
14:01:31.797 [Test worker] DEBUG org.hibernate.HQL_FUNCTIONS - Timestamp localtimestamp
14:01:31.797 [Test worker] DEBUG org.hibernate.HQL_FUNCTIONS - Integer locate(STRING pattern, STRING string[, INTEGER start])
14:01:31.797 [Test worker] DEBUG org.hibernate.HQL_FUNCTIONS - Double log(NUMERIC base, NUMERIC arg)
14:01:31.797 [Test worker] DEBUG org.hibernate.HQL_FUNCTIONS - Double log10(NUMERIC arg)
14:01:31.797 [Test worker] DEBUG org.hibernate.HQL_FUNCTIONS - String lower(STRING string)
14:01:31.797 [Test worker] DEBUG org.hibernate.HQL_FUNCTIONS - String lpad(STRING string, INTEGER length[, STRING padding])
14:01:31.797 [Test worker] DEBUG org.hibernate.HQL_FUNCTIONS - String ltrim(STRING string)
14:01:31.797 [Test worker] DEBUG org.hibernate.HQL_FUNCTIONS - max(COMPARABLE arg)
14:01:31.797 [Test worker] DEBUG org.hibernate.HQL_FUNCTIONS - Double median(NUMERIC arg)
14:01:31.797 [Test worker] DEBUG org.hibernate.HQL_FUNCTIONS - Integer microsecond(TIME arg)
14:01:31.797 [Test worker] DEBUG org.hibernate.HQL_FUNCTIONS - min(COMPARABLE arg)
14:01:31.797 [Test worker] DEBUG org.hibernate.HQL_FUNCTIONS - Integer minute(TIME arg)
14:01:31.797 [Test worker] DEBUG org.hibernate.HQL_FUNCTIONS - Integer mod(INTEGER arg0, INTEGER arg1)
14:01:31.797 [Test worker] DEBUG org.hibernate.HQL_FUNCTIONS - mode()
14:01:31.797 [Test worker] DEBUG org.hibernate.HQL_FUNCTIONS - Integer month(DATE arg)
14:01:31.797 [Test worker] DEBUG org.hibernate.HQL_FUNCTIONS - String monthname(DATE arg)
14:01:31.797 [Test worker] DEBUG org.hibernate.HQL_FUNCTIONS - Timestamp now()
14:01:31.797 [Test worker] DEBUG org.hibernate.HQL_FUNCTIONS - nth_valueANY value, INTEGER nth
14:01:31.797 [Test worker] DEBUG org.hibernate.HQL_FUNCTIONS - nullif(arg0, arg1)
14:01:31.797 [Test worker] DEBUG org.hibernate.HQL_FUNCTIONS - Integer octet_length(STRING_OR_CLOB arg)
14:01:31.797 [Test worker] DEBUG org.hibernate.HQL_FUNCTIONS - OffsetDateTime offset datetime
14:01:31.797 [Test worker] DEBUG org.hibernate.HQL_FUNCTIONS - OffsetDateTime offset_datetime
14:01:31.797 [Test worker] DEBUG org.hibernate.HQL_FUNCTIONS - String overlay(STRING string placing STRING replacement from INTEGER start[ for INTEGER length])
14:01:31.797 [Test worker] DEBUG org.hibernate.HQL_FUNCTIONS - String pad(STRING string with INTEGER length {leading|trailing}[ STRING character])
14:01:31.797 [Test worker] DEBUG org.hibernate.HQL_FUNCTIONS - Double percent_rank([arg0[, ...]])
14:01:31.797 [Test worker] DEBUG org.hibernate.HQL_FUNCTIONS - percentile_cont(NUMERIC arg)
14:01:31.797 [Test worker] DEBUG org.hibernate.HQL_FUNCTIONS - percentile_disc(NUMERIC arg)
14:01:31.798 [Test worker] DEBUG org.hibernate.HQL_FUNCTIONS - Double pi
14:01:31.798 [Test worker] DEBUG org.hibernate.HQL_FUNCTIONS - Integer position(STRING pattern in STRING string)
14:01:31.798 [Test worker] DEBUG org.hibernate.HQL_FUNCTIONS - Double power(NUMERIC arg0, NUMERIC arg1)
14:01:31.798 [Test worker] DEBUG org.hibernate.HQL_FUNCTIONS - Integer quarter(DATE arg)
14:01:31.798 [Test worker] DEBUG org.hibernate.HQL_FUNCTIONS - Double radians(NUMERIC arg)
14:01:31.798 [Test worker] DEBUG org.hibernate.HQL_FUNCTIONS - Double rand([INTEGER seed])
14:01:31.798 [Test worker] DEBUG org.hibernate.HQL_FUNCTIONS - Long rank([arg0[, ...]])
14:01:31.798 [Test worker] DEBUG org.hibernate.HQL_FUNCTIONS - String repeat(STRING string, INTEGER times)
14:01:31.798 [Test worker] DEBUG org.hibernate.HQL_FUNCTIONS - String replace(STRING string, STRING pattern, STRING replacement)
14:01:31.798 [Test worker] DEBUG org.hibernate.HQL_FUNCTIONS - String right(STRING string, INTEGER length)
14:01:31.798 [Test worker] DEBUG org.hibernate.HQL_FUNCTIONS - round(NUMERIC number[, INTEGER places])
14:01:31.798 [Test worker] DEBUG org.hibernate.HQL_FUNCTIONS - Long row_number()
14:01:31.798 [Test worker] DEBUG org.hibernate.HQL_FUNCTIONS - Long rownum()
14:01:31.798 [Test worker] DEBUG org.hibernate.HQL_FUNCTIONS - String rpad(STRING string, INTEGER length[, STRING padding])
14:01:31.798 [Test worker] DEBUG org.hibernate.HQL_FUNCTIONS - String rtrim(STRING string)
14:01:31.798 [Test worker] DEBUG org.hibernate.HQL_FUNCTIONS - Integer second(TIME arg)
14:01:31.798 [Test worker] DEBUG org.hibernate.HQL_FUNCTIONS - Integer sign(NUMERIC arg)
14:01:31.798 [Test worker] DEBUG org.hibernate.HQL_FUNCTIONS - Double sin(NUMERIC arg)
14:01:31.798 [Test worker] DEBUG org.hibernate.HQL_FUNCTIONS - Double sinh(NUMERIC arg)
14:01:31.798 [Test worker] DEBUG org.hibernate.HQL_FUNCTIONS - String soundex(arg)
14:01:31.798 [Test worker] DEBUG org.hibernate.HQL_FUNCTIONS - String space(INTEGER arg)
14:01:31.798 [Test worker] DEBUG org.hibernate.HQL_FUNCTIONS - Object sql
14:01:31.798 [Test worker] DEBUG org.hibernate.HQL_FUNCTIONS - Double sqrt(NUMERIC arg)
14:01:31.798 [Test worker] DEBUG org.hibernate.HQL_FUNCTIONS - Double stddev_pop(NUMERIC arg)
14:01:31.798 [Test worker] DEBUG org.hibernate.HQL_FUNCTIONS - Double stddev_samp(NUMERIC arg)
14:01:31.798 [Test worker] DEBUG org.hibernate.HQL_FUNCTIONS - String str(arg)
14:01:31.798 [Test worker] DEBUG org.hibernate.HQL_FUNCTIONS - String substr(STRING string, INTEGER start[, INTEGER length])
14:01:31.798 [Test worker] DEBUG org.hibernate.HQL_FUNCTIONS - String substring(STRING string{ from|,} INTEGER start[{ for|,} INTEGER length])
14:01:31.798 [Test worker] DEBUG org.hibernate.HQL_FUNCTIONS - sum(arg)
14:01:31.798 [Test worker] DEBUG org.hibernate.HQL_FUNCTIONS - Timestamp sysdate
14:01:31.798 [Test worker] DEBUG org.hibernate.HQL_FUNCTIONS - Double tan(NUMERIC arg)
14:01:31.799 [Test worker] DEBUG org.hibernate.HQL_FUNCTIONS - Double tanh(NUMERIC arg)
14:01:31.799 [Test worker] DEBUG org.hibernate.HQL_FUNCTIONS - timestampadd(TEMPORAL_UNIT field, INTEGER magnitude, TEMPORAL datetime)
14:01:31.799 [Test worker] DEBUG org.hibernate.HQL_FUNCTIONS - basicType@19(java.lang.Long,-5)|basicType@32(java.lang.Double,8) timestampdiff(TEMPORAL_UNIT field, TEMPORAL start, TEMPORAL end)
14:01:31.799 [Test worker] DEBUG org.hibernate.HQL_FUNCTIONS - String translate(STRING arg0, STRING arg1, STRING arg2)
14:01:31.799 [Test worker] DEBUG org.hibernate.HQL_FUNCTIONS - String trim([[{leading|trailing|both} ][STRING arg0 ]from] STRING arg1)
14:01:31.799 [Test worker] DEBUG org.hibernate.HQL_FUNCTIONS - trunc( ... )
14:01:31.799 [Test worker] DEBUG org.hibernate.HQL_FUNCTIONS - truncate( ... )
14:01:31.799 [Test worker] DEBUG org.hibernate.HQL_FUNCTIONS - String upper(STRING string)
14:01:31.799 [Test worker] DEBUG org.hibernate.HQL_FUNCTIONS - Double var_pop(NUMERIC arg)
14:01:31.799 [Test worker] DEBUG org.hibernate.HQL_FUNCTIONS - Double var_samp(NUMERIC arg)
14:01:31.799 [Test worker] DEBUG org.hibernate.HQL_FUNCTIONS - Integer week(DATE arg)
14:01:31.799 [Test worker] DEBUG org.hibernate.HQL_FUNCTIONS - Integer year(DATE arg)
14:01:31.799 [Test worker] DEBUG org.hibernate.orm.query.plan.cache - Starting QueryPlanCache(2048)
14:01:31.800 [Test worker] DEBUG org.hibernate.service.internal.SessionFactoryServiceRegistryImpl - EventListenerRegistry access via ServiceRegistry is deprecated.  Use `sessionFactory.getEventEngine().getListenerRegistry()` instead
14:01:31.800 [Test worker] DEBUG org.hibernate.event.internal.EntityCopyObserverFactoryInitiator - Configured EntityCopyObserver strategy: disallow
14:01:31.800 [Test worker] DEBUG org.hibernate.ormbytecode.interceptor - To-one property `com.laundry.laundryMgmt.models.ReservationEntity#machine` was mapped with LAZY + NO_PROXY but the class was not enhanced
14:01:31.800 [Test worker] DEBUG org.hibernate.ormbytecode.interceptor - To-one property `com.laundry.laundryMgmt.models.ReservationEntity#machine` was mapped with LAZY + NO_PROXY but the class was not enhanced
14:01:31.800 [Test worker] DEBUG org.hibernate.boot.internal.ClassLoaderAccessImpl - Not known whether passed class name [com.laundry.laundryMgmt.models.ReservationEntity] is safe
14:01:31.800 [Test worker] DEBUG org.hibernate.boot.internal.ClassLoaderAccessImpl - No temp ClassLoader provided; using live ClassLoader for loading potentially unsafe class : com.laundry.laundryMgmt.models.ReservationEntity
14:01:31.837 [Test worker] DEBUG org.hibernate.bytecode.internal.bytebuddy.BytecodeProviderImpl - HHH000513: Unable to create the ReflectionOptimizer for [com.laundry.laundryMgmt.models.ReservationEntity]: private accessor [machine]
14:01:31.838 [Test worker] DEBUG org.hibernate.ormbytecode.interceptor - To-one property `com.laundry.laundryMgmt.models.ReservationEntity#machine` was mapped with LAZY + NO_PROXY but the class was not enhanced
14:01:31.840 [Test worker] DEBUG org.hibernate.boot.internal.ClassLoaderAccessImpl - Not known whether passed class name [com.laundry.laundryMgmt.models.MachineEntity] is safe
14:01:31.840 [Test worker] DEBUG org.hibernate.boot.internal.ClassLoaderAccessImpl - No temp ClassLoader provided; using live ClassLoader for loading potentially unsafe class : com.laundry.laundryMgmt.models.MachineEntity
14:01:31.866 [Test worker] DEBUG org.hibernate.bytecode.internal.bytebuddy.BytecodeProviderImpl - HHH000513: Unable to create the ReflectionOptimizer for [com.laundry.laundryMgmt.models.MachineEntity]: private accessor [Available]
14:01:31.868 [Test worker] DEBUG org.hibernate.ormbytecode.interceptor - To-one property `com.laundry.laundryMgmt.models.SensorEntity#machine` was mapped with LAZY + NO_PROXY but the class was not enhanced
14:01:31.868 [Test worker] DEBUG org.hibernate.ormbytecode.interceptor - To-one property `com.laundry.laundryMgmt.models.SensorEntity#machine` was mapped with LAZY + NO_PROXY but the class was not enhanced
14:01:31.869 [Test worker] DEBUG org.hibernate.boot.internal.ClassLoaderAccessImpl - Not known whether passed class name [com.laundry.laundryMgmt.models.SensorEntity] is safe
14:01:31.869 [Test worker] DEBUG org.hibernate.boot.internal.ClassLoaderAccessImpl - No temp ClassLoader provided; using live ClassLoader for loading potentially unsafe class : com.laundry.laundryMgmt.models.SensorEntity
14:01:31.900 [Test worker] DEBUG org.hibernate.bytecode.internal.bytebuddy.BytecodeProviderImpl - HHH000513: Unable to create the ReflectionOptimizer for [com.laundry.laundryMgmt.models.SensorEntity]: private accessor [Measure]
14:01:31.900 [Test worker] DEBUG org.hibernate.ormbytecode.interceptor - To-one property `com.laundry.laundryMgmt.models.SensorEntity#machine` was mapped with LAZY + NO_PROXY but the class was not enhanced
14:01:31.903 [Test worker] DEBUG org.hibernate.orm.model.mapping.creation - Starting post-init callbacks
14:01:31.903 [Test worker] DEBUG org.hibernate.orm.model.mapping.creation - Starting PostInitCallbackEntry : To-one key - NavigableRole[com.laundry.laundryMgmt.models.ReservationEntity.machine]
14:01:31.904 [Test worker] DEBUG org.hibernate.orm.model.mapping.creation - Starting PostInitCallbackEntry : Entity(com.laundry.laundryMgmt.models.ReservationEntity) `staticFetchableList` generator
14:01:31.904 [Test worker] DEBUG org.hibernate.orm.model.mapping.creation - Starting PostInitCallbackEntry : Entity(com.laundry.laundryMgmt.models.ReservationEntity) `sqmMultiTableInsertStrategy` interpretation
14:01:31.904 [Test worker] DEBUG org.hibernate.orm.model.mapping.creation - Starting PostInitCallbackEntry : Entity(com.laundry.laundryMgmt.models.MachineEntity) `staticFetchableList` generator
14:01:31.904 [Test worker] DEBUG org.hibernate.orm.model.mapping.creation - Starting PostInitCallbackEntry : Entity(com.laundry.laundryMgmt.models.MachineEntity) `sqmMultiTableInsertStrategy` interpretation
14:01:31.905 [Test worker] DEBUG org.hibernate.orm.model.mapping.creation - Starting PostInitCallbackEntry : To-one key - NavigableRole[com.laundry.laundryMgmt.models.SensorEntity.machine]
14:01:31.905 [Test worker] DEBUG org.hibernate.orm.model.mapping.creation - Starting PostInitCallbackEntry : Entity(com.laundry.laundryMgmt.models.SensorEntity) `staticFetchableList` generator
14:01:31.905 [Test worker] DEBUG org.hibernate.orm.model.mapping.creation - Starting PostInitCallbackEntry : Entity(com.laundry.laundryMgmt.models.SensorEntity) `sqmMultiTableInsertStrategy` interpretation
14:01:31.907 [Test worker] DEBUG org.hibernate.persister.entity.AbstractEntityPersister - Static SQL for entity: com.laundry.laundryMgmt.models.ReservationEntity
14:01:31.907 [Test worker] DEBUG org.hibernate.persister.entity.AbstractEntityPersister -  Version select: select reservation_id from reservation where reservation_id=?
14:01:31.907 [Test worker] DEBUG org.hibernate.persister.entity.AbstractEntityPersister -  Insert (0): insert into reservation (machine_machine_id,reservation_available,reservation_date,reservation_end,reservation_start,reservation_user,reservation_id) values (?,?,?,?,?,?,?)
14:01:31.907 [Test worker] DEBUG org.hibernate.persister.entity.AbstractEntityPersister -  Update (0): update reservation set machine_machine_id=?,reservation_available=?,reservation_date=?,reservation_end=?,reservation_start=?,reservation_user=? where reservation_id=?
14:01:31.907 [Test worker] DEBUG org.hibernate.persister.entity.AbstractEntityPersister -  Delete (0): delete from reservation where reservation_id=?
14:01:31.907 [Test worker] DEBUG org.hibernate.orm.sql.ast.create - Created new SQL alias : r1_0
14:01:31.907 [Test worker] DEBUG org.hibernate.orm.sql.ast.create - Registration of TableGroup [StandardTableGroup(com.laundry.laundryMgmt.models.ReservationEntity)] with identifierForTableGroup [com.laundry.laundryMgmt.models.ReservationEntity] for NavigablePath [com.laundry.laundryMgmt.models.ReservationEntity] 
14:01:31.907 [Test worker] DEBUG org.hibernate.orm.sql.ast.create - Registration of TableGroup [org.hibernate.sql.ast.tree.from.LazyTableGroup@7f6b3f4c] with identifierForTableGroup [com.laundry.laundryMgmt.models.ReservationEntity.machine] for NavigablePath [com.laundry.laundryMgmt.models.ReservationEntity.machine] 
14:01:31.907 [Test worker] DEBUG org.hibernate.orm.sql.ast.create - Created new SQL alias : m1_0
14:01:31.910 [Test worker] DEBUG org.hibernate.orm.results.graph.AST - DomainResult Graph:
 \-EntityResultImpl [com.laundry.laundryMgmt.models.ReservationEntity]
 |  +-EntityFetchJoinedImpl [com.laundry.laundryMgmt.models.ReservationEntity.machine]
 |  +-BasicFetch [com.laundry.laundryMgmt.models.ReservationEntity.reservationAvailable]
 |  +-BasicFetch [com.laundry.laundryMgmt.models.ReservationEntity.reservationDate]
 |  +-BasicFetch [com.laundry.laundryMgmt.models.ReservationEntity.reservationEndTime]
 |  +-BasicFetch [com.laundry.laundryMgmt.models.ReservationEntity.reservationStartTime]
 |  \-BasicFetch [com.laundry.laundryMgmt.models.ReservationEntity.reservationUser]

14:01:31.910 [Test worker] DEBUG org.hibernate.orm.sql.ast.tree - SQL AST Tree:
    SelectStatement {
      FromClause {
        StandardTableGroup (r1 : com.laundry.laundryMgmt.models.ReservationEntity) {
          primaryTableReference : reservation as r1_0
          TableGroupJoins {
            left  join LazyTableGroup (m1 : com.laundry.laundryMgmt.models.ReservationEntity.machine) {
              primaryTableReference : machine_entity as m1_0
            }
          }
        }
      }
    }

14:01:31.911 [Test worker] DEBUG org.hibernate.persister.entity.AbstractEntityPersister - Static SQL for entity: com.laundry.laundryMgmt.models.MachineEntity
14:01:31.911 [Test worker] DEBUG org.hibernate.persister.entity.AbstractEntityPersister -  Version select: select machine_id from machine_entity where machine_id=?
14:01:31.911 [Test worker] DEBUG org.hibernate.persister.entity.AbstractEntityPersister -  Insert (0): insert into machine_entity (available,machine_status,progress,starting_time,cycle_type,name,machine_id) values (?,?,?,?,?,?,?)
14:01:31.912 [Test worker] DEBUG org.hibernate.persister.entity.AbstractEntityPersister -  Update (0): update machine_entity set available=?,machine_status=?,progress=?,starting_time=?,cycle_type=?,name=? where machine_id=?
14:01:31.912 [Test worker] DEBUG org.hibernate.persister.entity.AbstractEntityPersister -  Delete (0): delete from machine_entity where machine_id=?
14:01:31.912 [Test worker] DEBUG org.hibernate.orm.sql.ast.create - Created new SQL alias : m1_0
14:01:31.912 [Test worker] DEBUG org.hibernate.orm.sql.ast.create - Registration of TableGroup [StandardTableGroup(com.laundry.laundryMgmt.models.MachineEntity)] with identifierForTableGroup [com.laundry.laundryMgmt.models.MachineEntity] for NavigablePath [com.laundry.laundryMgmt.models.MachineEntity] 
14:01:31.912 [Test worker] DEBUG org.hibernate.orm.results.graph.AST - DomainResult Graph:
 \-EntityResultImpl [com.laundry.laundryMgmt.models.MachineEntity]
 |  +-BasicFetch [com.laundry.laundryMgmt.models.MachineEntity.Available]
 |  +-BasicFetch [com.laundry.laundryMgmt.models.MachineEntity.MachineStatus]
 |  +-BasicFetch [com.laundry.laundryMgmt.models.MachineEntity.Progress]
 |  +-BasicFetch [com.laundry.laundryMgmt.models.MachineEntity.StartingTime]
 |  +-BasicFetch [com.laundry.laundryMgmt.models.MachineEntity.cycleType]
 |  \-BasicFetch [com.laundry.laundryMgmt.models.MachineEntity.name]

14:01:31.913 [Test worker] DEBUG org.hibernate.orm.sql.ast.tree - SQL AST Tree:
    SelectStatement {
      FromClause {
        StandardTableGroup (m1 : com.laundry.laundryMgmt.models.MachineEntity) {
          primaryTableReference : machine_entity as m1_0
        }
      }
    }

14:01:31.914 [Test worker] DEBUG org.hibernate.persister.entity.AbstractEntityPersister - Static SQL for entity: com.laundry.laundryMgmt.models.SensorEntity
14:01:31.914 [Test worker] DEBUG org.hibernate.persister.entity.AbstractEntityPersister -  Version select: select sensor_id from sensor_entity where sensor_id=?
14:01:31.914 [Test worker] DEBUG org.hibernate.persister.entity.AbstractEntityPersister -  Insert (0): insert into sensor_entity (measure,machine_machine_id,sensor_name,sensor_type,status,sensor_id) values (?,?,?,?,?,?)
14:01:31.914 [Test worker] DEBUG org.hibernate.persister.entity.AbstractEntityPersister -  Update (0): update sensor_entity set measure=?,machine_machine_id=?,sensor_name=?,sensor_type=?,status=? where sensor_id=?
14:01:31.914 [Test worker] DEBUG org.hibernate.persister.entity.AbstractEntityPersister -  Delete (0): delete from sensor_entity where sensor_id=?
14:01:31.914 [Test worker] DEBUG org.hibernate.orm.sql.ast.create - Created new SQL alias : s1_0
14:01:31.914 [Test worker] DEBUG org.hibernate.orm.sql.ast.create - Registration of TableGroup [StandardTableGroup(com.laundry.laundryMgmt.models.SensorEntity)] with identifierForTableGroup [com.laundry.laundryMgmt.models.SensorEntity] for NavigablePath [com.laundry.laundryMgmt.models.SensorEntity] 
14:01:31.914 [Test worker] DEBUG org.hibernate.orm.sql.ast.create - Registration of TableGroup [org.hibernate.sql.ast.tree.from.LazyTableGroup@32f35739] with identifierForTableGroup [com.laundry.laundryMgmt.models.SensorEntity.machine] for NavigablePath [com.laundry.laundryMgmt.models.SensorEntity.machine] 
14:01:31.914 [Test worker] DEBUG org.hibernate.orm.sql.ast.create - Created new SQL alias : m1_0
14:01:31.915 [Test worker] DEBUG org.hibernate.orm.results.graph.AST - DomainResult Graph:
 \-EntityResultImpl [com.laundry.laundryMgmt.models.SensorEntity]
 |  +-BasicFetch [com.laundry.laundryMgmt.models.SensorEntity.Measure]
 |  +-EntityFetchJoinedImpl [com.laundry.laundryMgmt.models.SensorEntity.machine]
 |  +-BasicFetch [com.laundry.laundryMgmt.models.SensorEntity.sensorName]
 |  +-BasicFetch [com.laundry.laundryMgmt.models.SensorEntity.sensorType]
 |  \-BasicFetch [com.laundry.laundryMgmt.models.SensorEntity.status]

14:01:31.916 [Test worker] DEBUG org.hibernate.orm.sql.ast.tree - SQL AST Tree:
    SelectStatement {
      FromClause {
        StandardTableGroup (s1 : com.laundry.laundryMgmt.models.SensorEntity) {
          primaryTableReference : sensor_entity as s1_0
          TableGroupJoins {
            left  join LazyTableGroup (m1 : com.laundry.laundryMgmt.models.SensorEntity.machine) {
              primaryTableReference : machine_entity as m1_0
            }
          }
        }
      }
    }

14:01:31.919 [Test worker] INFO  org.hibernate.engine.transaction.jta.platform.internal.JtaPlatformInitiator - HHH000489: No JTA platform available (set 'hibernate.transaction.jta.platform' to enable JTA platform integration)
14:01:31.919 [Test worker] DEBUG org.hibernate.type.spi.TypeConfiguration$Scope - Scoping TypeConfiguration [org.hibernate.type.spi.TypeConfiguration@3c67b7a9] to SessionFactoryImplementor [org.hibernate.internal.SessionFactoryImpl@72f4232]
14:01:31.919 [Test worker] DEBUG org.hibernate.query.named.NamedObjectRepository - Checking 0 named HQL queries
14:01:31.919 [Test worker] DEBUG org.hibernate.query.named.NamedObjectRepository - Checking 0 named SQL queries
14:01:31.919 [Test worker] DEBUG org.hibernate.SQL - drop table if exists machine_entity cascade 
Hibernate: drop table if exists machine_entity cascade 
14:01:31.919 [Test worker] DEBUG org.springframework.jdbc.datasource.SimpleDriverDataSource - Creating new JDBC Driver Connection to [jdbc:h2:mem:60060c63-e42d-4ae7-9b58-f501764a2801;DB_CLOSE_DELAY=-1;DB_CLOSE_ON_EXIT=false]
14:01:31.920 [Test worker] DEBUG org.hibernate.SQL - drop table if exists reservation cascade 
Hibernate: drop table if exists reservation cascade 
14:01:31.920 [Test worker] DEBUG org.hibernate.SQL - drop table if exists sensor_entity cascade 
Hibernate: drop table if exists sensor_entity cascade 
14:01:31.921 [Test worker] DEBUG org.hibernate.SQL - drop sequence if exists machine_entity_seq
Hibernate: drop sequence if exists machine_entity_seq
14:01:31.921 [Test worker] DEBUG org.hibernate.SQL - drop sequence if exists reservation_seq
Hibernate: drop sequence if exists reservation_seq
14:01:31.921 [Test worker] DEBUG org.hibernate.SQL - drop sequence if exists sensor_entity_seq
Hibernate: drop sequence if exists sensor_entity_seq
14:01:31.922 [Test worker] DEBUG org.hibernate.SQL - create sequence machine_entity_seq start with 1 increment by 50
Hibernate: create sequence machine_entity_seq start with 1 increment by 50
14:01:31.922 [Test worker] DEBUG org.springframework.jdbc.datasource.SimpleDriverDataSource - Creating new JDBC Driver Connection to [jdbc:h2:mem:60060c63-e42d-4ae7-9b58-f501764a2801;DB_CLOSE_DELAY=-1;DB_CLOSE_ON_EXIT=false]
14:01:31.923 [Test worker] DEBUG org.hibernate.SQL - create sequence reservation_seq start with 1 increment by 50
Hibernate: create sequence reservation_seq start with 1 increment by 50
14:01:31.924 [Test worker] DEBUG org.hibernate.SQL - create sequence sensor_entity_seq start with 1 increment by 50
Hibernate: create sequence sensor_entity_seq start with 1 increment by 50
14:01:31.924 [Test worker] DEBUG org.hibernate.SQL - create table machine_entity (available boolean, machine_status boolean, progress integer, starting_time time(6), machine_id bigint not null, cycle_type varchar(255) check (cycle_type in ('CYCLE_TYPE_A_1','CYCLE_TYPE_A_2','CYCLE_TYPE_A_3','CYCLE_TYPE_B_1','CYCLE_TYPE__2','CYCLE_TYPE_B_3','CYCLE_TYPE_C_1','CYCLE_TYPE_C_2','CYCLE_TYPE_C_3')), name varchar(255) not null, primary key (machine_id))
Hibernate: create table machine_entity (available boolean, machine_status boolean, progress integer, starting_time time(6), machine_id bigint not null, cycle_type varchar(255) check (cycle_type in ('CYCLE_TYPE_A_1','CYCLE_TYPE_A_2','CYCLE_TYPE_A_3','CYCLE_TYPE_B_1','CYCLE_TYPE__2','CYCLE_TYPE_B_3','CYCLE_TYPE_C_1','CYCLE_TYPE_C_2','CYCLE_TYPE_C_3')), name varchar(255) not null, primary key (machine_id))
14:01:31.927 [Test worker] DEBUG org.hibernate.SQL - create table reservation (reservation_available boolean, reservation_date date, reservation_end time(6), reservation_start time(6), machine_machine_id bigint, reservation_id bigint not null, reservation_user varchar(255) not null, primary key (reservation_id))
Hibernate: create table reservation (reservation_available boolean, reservation_date date, reservation_end time(6), reservation_start time(6), machine_machine_id bigint, reservation_id bigint not null, reservation_user varchar(255) not null, primary key (reservation_id))
14:01:31.929 [Test worker] DEBUG org.hibernate.SQL - create table sensor_entity (measure integer, status boolean, machine_machine_id bigint, sensor_id bigint not null, sensor_name varchar(255), sensor_type varchar(255) check (sensor_type in ('TEMPERATURE','MOVEMENT','TIMER')), primary key (sensor_id))
Hibernate: create table sensor_entity (measure integer, status boolean, machine_machine_id bigint, sensor_id bigint not null, sensor_name varchar(255), sensor_type varchar(255) check (sensor_type in ('TEMPERATURE','MOVEMENT','TIMER')), primary key (sensor_id))
14:01:31.935 [Test worker] DEBUG org.hibernate.SQL - alter table if exists reservation add constraint FKqrdfugi7krjacygnvou7rr6yp foreign key (machine_machine_id) references machine_entity
Hibernate: alter table if exists reservation add constraint FKqrdfugi7krjacygnvou7rr6yp foreign key (machine_machine_id) references machine_entity
14:01:31.938 [Test worker] DEBUG org.hibernate.SQL - alter table if exists sensor_entity add constraint FKfdysuxx2d36pba5lqr4amwmmy foreign key (machine_machine_id) references machine_entity
Hibernate: alter table if exists sensor_entity add constraint FKfdysuxx2d36pba5lqr4amwmmy foreign key (machine_machine_id) references machine_entity
14:01:31.943 [Test worker] DEBUG org.hibernate.internal.SessionFactoryRegistry - Registering SessionFactory: 9f9f7735-2cb6-4952-a962-d8548b7146ce (<unnamed>)
14:01:31.943 [Test worker] DEBUG org.hibernate.internal.SessionFactoryRegistry - Not binding SessionFactory to JNDI, no JNDI name configured
14:01:31.943 [Test worker] DEBUG org.hibernate.internal.SessionFactoryImpl - Instantiated SessionFactory
14:01:31.943 [Test worker] INFO  org.springframework.orm.jpa.LocalContainerEntityManagerFactoryBean - Initialized JPA EntityManagerFactory for persistence unit 'default'
14:01:31.944 [Test worker] DEBUG org.springframework.beans.factory.support.DefaultListableBeanFactory - Creating shared instance of singleton bean 'laundryMgmtApplication'
14:01:31.945 [Test worker] DEBUG org.springframework.beans.factory.support.DefaultListableBeanFactory - Creating shared instance of singleton bean 'org.springframework.boot.test.autoconfigure.jdbc.TestDatabaseAutoConfiguration'
14:01:31.947 [Test worker] DEBUG org.springframework.beans.factory.support.DefaultListableBeanFactory - Creating shared instance of singleton bean 'org.springframework.boot.autoconfigure.jdbc.DataSourceConfiguration$Hikari'
14:01:31.948 [Test worker] DEBUG org.springframework.beans.factory.support.DefaultListableBeanFactory - Creating shared instance of singleton bean 'org.springframework.boot.autoconfigure.jdbc.DataSourceAutoConfiguration$PooledDataSourceConfiguration'
14:01:31.948 [Test worker] DEBUG org.springframework.beans.factory.support.DefaultListableBeanFactory - Creating shared instance of singleton bean 'jdbcConnectionDetails'
14:01:31.949 [Test worker] DEBUG org.springframework.beans.factory.support.DefaultListableBeanFactory - Creating shared instance of singleton bean 'spring.datasource-org.springframework.boot.autoconfigure.jdbc.DataSourceProperties'
14:01:31.955 [Test worker] DEBUG org.springframework.beans.factory.support.DefaultListableBeanFactory - Autowiring by type from bean name 'jdbcConnectionDetails' via factory method to bean named 'spring.datasource-org.springframework.boot.autoconfigure.jdbc.DataSourceProperties'
14:01:31.956 [Test worker] DEBUG org.springframework.beans.factory.support.DefaultListableBeanFactory - Creating shared instance of singleton bean 'org.springframework.boot.autoconfigure.jdbc.metadata.DataSourcePoolMetadataProvidersConfiguration'
14:01:31.957 [Test worker] DEBUG org.springframework.beans.factory.support.DefaultListableBeanFactory - Creating shared instance of singleton bean 'org.springframework.boot.autoconfigure.jdbc.DataSourceAutoConfiguration'
14:01:31.957 [Test worker] DEBUG org.springframework.beans.factory.support.DefaultListableBeanFactory - Creating shared instance of singleton bean 'org.springframework.boot.context.properties.EnableConfigurationPropertiesRegistrar.methodValidationExcludeFilter'
14:01:31.959 [Test worker] DEBUG org.springframework.beans.factory.support.DefaultListableBeanFactory - Creating shared instance of singleton bean 'org.springframework.boot.autoconfigure.orm.jpa.JpaBaseConfiguration$PersistenceManagedTypesConfiguration'
14:01:31.959 [Test worker] DEBUG org.springframework.beans.factory.support.DefaultListableBeanFactory - Creating shared instance of singleton bean 'transactionManager'
14:01:31.960 [Test worker] DEBUG org.springframework.beans.factory.support.DefaultListableBeanFactory - Creating shared instance of singleton bean 'platformTransactionManagerCustomizers'
14:01:31.960 [Test worker] DEBUG org.springframework.beans.factory.support.DefaultListableBeanFactory - Creating shared instance of singleton bean 'org.springframework.boot.autoconfigure.transaction.TransactionAutoConfiguration'
14:01:31.961 [Test worker] DEBUG org.springframework.beans.factory.support.DefaultListableBeanFactory - Creating shared instance of singleton bean 'spring.transaction-org.springframework.boot.autoconfigure.transaction.TransactionProperties'
14:01:31.966 [Test worker] DEBUG org.springframework.beans.factory.support.DefaultListableBeanFactory - Creating shared instance of singleton bean 'org.springframework.boot.autoconfigure.orm.jpa.HibernateJpaAutoConfiguration'
14:01:31.966 [Test worker] DEBUG org.springframework.beans.factory.support.DefaultListableBeanFactory - Creating shared instance of singleton bean 'org.springframework.boot.autoconfigure.data.jpa.JpaRepositoriesAutoConfiguration'
14:01:31.967 [Test worker] DEBUG org.springframework.beans.factory.support.DefaultListableBeanFactory - Creating shared instance of singleton bean 'jpaSharedEM_entityManagerFactory'
14:01:31.973 [Test worker] DEBUG org.springframework.beans.factory.support.DefaultListableBeanFactory - Creating shared instance of singleton bean 'org.springframework.data.jpa.util.JpaMetamodelCacheCleanup'
14:01:31.973 [Test worker] DEBUG org.springframework.beans.factory.support.DefaultListableBeanFactory - Creating shared instance of singleton bean 'org.springframework.data.jpa.repository.support.JpaEvaluationContextExtension'
14:01:31.975 [Test worker] DEBUG org.springframework.beans.factory.support.DefaultListableBeanFactory - Creating shared instance of singleton bean 'jpa.named-queries#0'
14:01:31.978 [Test worker] DEBUG org.springframework.beans.factory.support.DefaultListableBeanFactory - Creating shared instance of singleton bean 'jpa.ReservationDao.fragments#0'
14:01:31.979 [Test worker] DEBUG org.springframework.beans.factory.support.DefaultListableBeanFactory - Creating shared instance of singleton bean 'reservationDao'
14:01:31.985 [Test worker] DEBUG org.springframework.beans.factory.support.DefaultListableBeanFactory - Creating shared instance of singleton bean 'jpaMappingContext'
14:01:31.985 [Test worker] DEBUG org.springframework.data.jpa.repository.config.JpaMetamodelMappingContextFactoryBean - Initializing JpaMetamodelMappingContext…
14:01:31.986 [Test worker] DEBUG org.springframework.data.jpa.repository.config.JpaMetamodelMappingContextFactoryBean - Finished initializing JpaMetamodelMappingContext
14:01:31.989 [Test worker] DEBUG org.springframework.orm.jpa.SharedEntityManagerCreator$SharedEntityManagerInvocationHandler - Creating new EntityManager for shared EntityManager invocation
14:01:31.989 [Test worker] DEBUG org.hibernate.stat.internal.StatisticsInitiator - Statistics initialized [enabled=false]
14:01:32.004 [Test worker] DEBUG org.springframework.data.repository.core.support.RepositoryFactorySupport - Initializing repository instance for com.laundry.laundryMgmt.dao.ReservationDao…
14:01:32.008 [Test worker] DEBUG org.springframework.orm.jpa.SharedEntityManagerCreator$SharedEntityManagerInvocationHandler - Creating new EntityManager for shared EntityManager invocation
14:01:32.044 [Test worker] DEBUG org.springframework.data.repository.core.support.RepositoryFactorySupport - Finished creation of repository instance for com.laundry.laundryMgmt.dao.ReservationDao.
14:01:32.045 [Test worker] DEBUG org.springframework.beans.factory.support.DefaultListableBeanFactory - Creating shared instance of singleton bean 'jpa.named-queries#1'
14:01:32.047 [Test worker] DEBUG org.springframework.beans.factory.support.DefaultListableBeanFactory - Creating shared instance of singleton bean 'jpa.MachineDao.fragments#0'
14:01:32.047 [Test worker] DEBUG org.springframework.beans.factory.support.DefaultListableBeanFactory - Creating shared instance of singleton bean 'machineDao'
14:01:32.050 [Test worker] DEBUG org.springframework.orm.jpa.SharedEntityManagerCreator$SharedEntityManagerInvocationHandler - Creating new EntityManager for shared EntityManager invocation
14:01:32.050 [Test worker] DEBUG org.springframework.data.repository.core.support.RepositoryFactorySupport - Initializing repository instance for com.laundry.laundryMgmt.dao.MachineDao…
14:01:32.051 [Test worker] DEBUG org.springframework.orm.jpa.SharedEntityManagerCreator$SharedEntityManagerInvocationHandler - Creating new EntityManager for shared EntityManager invocation
14:01:32.081 [Test worker] DEBUG org.springframework.data.repository.core.support.RepositoryFactorySupport - Finished creation of repository instance for com.laundry.laundryMgmt.dao.MachineDao.
14:01:32.081 [Test worker] DEBUG org.springframework.beans.factory.support.DefaultListableBeanFactory - Creating shared instance of singleton bean 'jpa.named-queries#2'
14:01:32.083 [Test worker] DEBUG org.springframework.beans.factory.support.DefaultListableBeanFactory - Creating shared instance of singleton bean 'jpa.SensorDao.fragments#0'
14:01:32.083 [Test worker] DEBUG org.springframework.beans.factory.support.DefaultListableBeanFactory - Creating shared instance of singleton bean 'sensorDao'
14:01:32.086 [Test worker] DEBUG org.springframework.orm.jpa.SharedEntityManagerCreator$SharedEntityManagerInvocationHandler - Creating new EntityManager for shared EntityManager invocation
14:01:32.091 [Test worker] DEBUG org.springframework.data.repository.core.support.RepositoryFactorySupport - Initializing repository instance for com.laundry.laundryMgmt.dao.SensorDao…
14:01:32.092 [Test worker] DEBUG org.springframework.orm.jpa.SharedEntityManagerCreator$SharedEntityManagerInvocationHandler - Creating new EntityManager for shared EntityManager invocation
14:01:32.116 [Test worker] DEBUG org.springframework.data.repository.core.support.RepositoryFactorySupport - Finished creation of repository instance for com.laundry.laundryMgmt.dao.SensorDao.
14:01:32.117 [Test worker] DEBUG org.springframework.beans.factory.support.DefaultListableBeanFactory - Creating shared instance of singleton bean 'data-jpa.repository-aot-processor#0'
14:01:32.119 [Test worker] DEBUG org.springframework.beans.factory.support.DefaultListableBeanFactory - Creating shared instance of singleton bean 'org.springframework.boot.autoconfigure.jdbc.JdbcTemplateConfiguration'
14:01:32.120 [Test worker] DEBUG org.springframework.beans.factory.support.DefaultListableBeanFactory - Creating shared instance of singleton bean 'dataSourceScriptDatabaseInitializer'
14:01:32.120 [Test worker] DEBUG org.springframework.beans.factory.support.DefaultListableBeanFactory - Creating shared instance of singleton bean 'org.springframework.boot.autoconfigure.sql.init.DataSourceInitializationConfiguration'
14:01:32.122 [Test worker] DEBUG org.springframework.beans.factory.support.DefaultListableBeanFactory - Creating shared instance of singleton bean 'spring.sql.init-org.springframework.boot.autoconfigure.sql.init.SqlInitializationProperties'
14:01:32.125 [Test worker] DEBUG org.springframework.beans.factory.support.DefaultListableBeanFactory - Autowiring by type from bean name 'dataSourceScriptDatabaseInitializer' via factory method to bean named 'dataSource'
14:01:32.125 [Test worker] DEBUG org.springframework.beans.factory.support.DefaultListableBeanFactory - Autowiring by type from bean name 'dataSourceScriptDatabaseInitializer' via factory method to bean named 'spring.sql.init-org.springframework.boot.autoconfigure.sql.init.SqlInitializationProperties'
14:01:32.128 [Test worker] DEBUG org.springframework.jdbc.datasource.DataSourceUtils - Fetching JDBC Connection from DataSource
14:01:32.128 [Test worker] DEBUG org.springframework.jdbc.datasource.SimpleDriverDataSource - Creating new JDBC Driver Connection to [jdbc:h2:mem:60060c63-e42d-4ae7-9b58-f501764a2801;DB_CLOSE_DELAY=-1;DB_CLOSE_ON_EXIT=false]
14:01:32.129 [Test worker] DEBUG org.springframework.jdbc.datasource.DataSourceUtils - Fetching JDBC Connection from DataSource
14:01:32.129 [Test worker] DEBUG org.springframework.jdbc.datasource.SimpleDriverDataSource - Creating new JDBC Driver Connection to [jdbc:h2:mem:60060c63-e42d-4ae7-9b58-f501764a2801;DB_CLOSE_DELAY=-1;DB_CLOSE_ON_EXIT=false]
14:01:32.129 [Test worker] DEBUG org.springframework.jdbc.datasource.init.ScriptUtils - Executing SQL script from file [C:\Users\HP\Documents\07. EMSE\TB3- Web movil and embeded programming\Project\laundryMgmt\build\resources\main\data.sql]
14:01:32.132 [Test worker] DEBUG org.springframework.jdbc.datasource.init.ScriptUtils - 1 returned as update count for SQL: INSERT INTO MACHINE_ENTITY(machine_Id, NAME, Available, Machine_Status, Progress) VALUES(-2, 'TEST MACHINE', 0, 0, 40)
14:01:32.133 [Test worker] DEBUG org.springframework.jdbc.datasource.init.ScriptUtils - 1 returned as update count for SQL: INSERT INTO SENSOR_ENTITY(SENSOR_ID, sensor_Name, Measure, status, sensor_Type, MACHINE_MACHINE_ID) VALUES(-1, 'TEST SENSOR', 12.6, 0, 'TEMPERATURE', -2)
14:01:32.135 [Test worker] DEBUG org.springframework.jdbc.datasource.init.ScriptUtils - 1 returned as update count for SQL: INSERT INTO RESERVATION(reservation_Id,reservation_available,reservation_user,MACHINE_MACHINE_ID ) VALUES(-3, '0', 'TEST RESERVATION', -2)
14:01:32.135 [Test worker] DEBUG org.springframework.jdbc.datasource.init.ScriptUtils - Executed SQL script from file [C:\Users\HP\Documents\07. EMSE\TB3- Web movil and embeded programming\Project\laundryMgmt\build\resources\main\data.sql] in 6 ms.
14:01:32.135 [Test worker] DEBUG org.springframework.beans.factory.support.DefaultListableBeanFactory - Creating shared instance of singleton bean 'jdbcTemplate'
14:01:32.136 [Test worker] DEBUG org.springframework.beans.factory.support.DefaultListableBeanFactory - Creating shared instance of singleton bean 'spring.jdbc-org.springframework.boot.autoconfigure.jdbc.JdbcProperties'
14:01:32.137 [Test worker] DEBUG org.springframework.beans.factory.support.DefaultListableBeanFactory - Autowiring by type from bean name 'jdbcTemplate' via factory method to bean named 'dataSource'
14:01:32.137 [Test worker] DEBUG org.springframework.beans.factory.support.DefaultListableBeanFactory - Autowiring by type from bean name 'jdbcTemplate' via factory method to bean named 'spring.jdbc-org.springframework.boot.autoconfigure.jdbc.JdbcProperties'
14:01:32.150 [Test worker] DEBUG org.springframework.beans.factory.support.DefaultListableBeanFactory - Creating shared instance of singleton bean 'org.springframework.boot.autoconfigure.jdbc.NamedParameterJdbcTemplateConfiguration'
14:01:32.150 [Test worker] DEBUG org.springframework.beans.factory.support.DefaultListableBeanFactory - Creating shared instance of singleton bean 'namedParameterJdbcTemplate'
14:01:32.151 [Test worker] DEBUG org.springframework.beans.factory.support.DefaultListableBeanFactory - Autowiring by type from bean name 'namedParameterJdbcTemplate' via factory method to bean named 'jdbcTemplate'
14:01:32.153 [Test worker] DEBUG org.springframework.beans.factory.support.DefaultListableBeanFactory - Creating shared instance of singleton bean 'org.springframework.boot.autoconfigure.jdbc.JdbcTemplateAutoConfiguration'
14:01:32.153 [Test worker] DEBUG org.springframework.beans.factory.support.DefaultListableBeanFactory - Creating shared instance of singleton bean 'org.springframework.boot.autoconfigure.sql.init.SqlInitializationAutoConfiguration'
14:01:32.154 [Test worker] DEBUG org.springframework.beans.factory.support.DefaultListableBeanFactory - Creating shared instance of singleton bean 'org.springframework.boot.autoconfigure.jdbc.DataSourceTransactionManagerAutoConfiguration$JdbcTransactionManagerConfiguration'
14:01:32.154 [Test worker] DEBUG org.springframework.beans.factory.support.DefaultListableBeanFactory - Creating shared instance of singleton bean 'org.springframework.boot.autoconfigure.jdbc.DataSourceTransactionManagerAutoConfiguration'
14:01:32.154 [Test worker] DEBUG org.springframework.beans.factory.support.DefaultListableBeanFactory - Creating shared instance of singleton bean 'org.springframework.boot.autoconfigure.transaction.TransactionAutoConfiguration$EnableTransactionManagementConfiguration$CglibAutoProxyConfiguration'
14:01:32.155 [Test worker] DEBUG org.springframework.beans.factory.support.DefaultListableBeanFactory - Creating shared instance of singleton bean 'org.springframework.boot.autoconfigure.transaction.TransactionAutoConfiguration$EnableTransactionManagementConfiguration'
14:01:32.155 [Test worker] DEBUG org.springframework.beans.factory.support.DefaultListableBeanFactory - Creating shared instance of singleton bean 'org.springframework.boot.autoconfigure.transaction.TransactionAutoConfiguration$TransactionTemplateConfiguration'
14:01:32.157 [Test worker] DEBUG org.springframework.beans.factory.support.DefaultListableBeanFactory - Creating shared instance of singleton bean 'transactionTemplate'
14:01:32.158 [Test worker] DEBUG org.springframework.beans.factory.support.DefaultListableBeanFactory - Autowiring by type from bean name 'transactionTemplate' via factory method to bean named 'transactionManager'
14:01:32.160 [Test worker] DEBUG org.springframework.beans.factory.support.DefaultListableBeanFactory - Creating shared instance of singleton bean 'org.springframework.boot.test.autoconfigure.orm.jpa.TestEntityManagerAutoConfiguration'
14:01:32.160 [Test worker] DEBUG org.springframework.beans.factory.support.DefaultListableBeanFactory - Creating shared instance of singleton bean 'testEntityManager'
14:01:32.161 [Test worker] DEBUG org.springframework.beans.factory.support.DefaultListableBeanFactory - Autowiring by type from bean name 'testEntityManager' via factory method to bean named 'entityManagerFactory'
14:01:32.168 [Test worker] DEBUG org.springframework.context.support.DefaultLifecycleProcessor - Starting beans in phase -2147483647
14:01:32.169 [Test worker] DEBUG org.springframework.context.support.DefaultLifecycleProcessor - Successfully started bean 'springBootLoggingLifecycle'
14:01:32.171 [Test worker] DEBUG org.springframework.boot.autoconfigure.logging.ConditionEvaluationReportLogger - 


============================
CONDITIONS EVALUATION REPORT
============================


Positive matches:
-----------------

   DataSourceAutoConfiguration matched:
      - @ConditionalOnClass found required classes 'javax.sql.DataSource', 'org.springframework.jdbc.datasource.embedded.EmbeddedDatabaseType' (OnClassCondition)
      - @ConditionalOnMissingBean (types: io.r2dbc.spi.ConnectionFactory; SearchStrategy: all) did not find any beans (OnBeanCondition)

   DataSourceAutoConfiguration.PooledDataSourceConfiguration matched:
      - AnyNestedCondition 1 matched 1 did not; NestedCondition on DataSourceAutoConfiguration.PooledDataSourceCondition.PooledDataSourceAvailable PooledDataSource found supported DataSource; NestedCondition on DataSourceAutoConfiguration.PooledDataSourceCondition.ExplicitType @ConditionalOnProperty (spring.datasource.type) did not find property 'type' (DataSourceAutoConfiguration.PooledDataSourceCondition)
      - @ConditionalOnMissingBean (types: javax.sql.DataSource,javax.sql.XADataSource; SearchStrategy: all) did not find any beans (OnBeanCondition)

   DataSourceAutoConfiguration.PooledDataSourceConfiguration#jdbcConnectionDetails matched:
      - @ConditionalOnMissingBean (types: org.springframework.boot.autoconfigure.jdbc.JdbcConnectionDetails; SearchStrategy: all) did not find any beans (OnBeanCondition)

   DataSourceConfiguration.Hikari matched:
      - @ConditionalOnClass found required class 'com.zaxxer.hikari.HikariDataSource' (OnClassCondition)
      - @ConditionalOnProperty (spring.datasource.type=com.zaxxer.hikari.HikariDataSource) matched (OnPropertyCondition)
      - @ConditionalOnMissingBean (types: javax.sql.DataSource; SearchStrategy: all) did not find any beans (OnBeanCondition)

   DataSourceInitializationConfiguration matched:
      - @ConditionalOnClass found required class 'org.springframework.jdbc.datasource.init.DatabasePopulator' (OnClassCondition)
      - @ConditionalOnSingleCandidate (types: javax.sql.DataSource; SearchStrategy: all) found a single bean 'dataSource'; @ConditionalOnMissingBean (types: org.springframework.boot.autoconfigure.sql.init.SqlDataSourceScriptDatabaseInitializer,org.springframework.boot.autoconfigure.sql.init.SqlR2dbcScriptDatabaseInitializer; SearchStrategy: all) did not find any beans (OnBeanCondition)

   DataSourcePoolMetadataProvidersConfiguration.HikariPoolDataSourceMetadataProviderConfiguration matched:
      - @ConditionalOnClass found required class 'com.zaxxer.hikari.HikariDataSource' (OnClassCondition)

   DataSourceTransactionManagerAutoConfiguration matched:
      - @ConditionalOnClass found required classes 'org.springframework.jdbc.core.JdbcTemplate', 'org.springframework.transaction.TransactionManager' (OnClassCondition)

   DataSourceTransactionManagerAutoConfiguration.JdbcTransactionManagerConfiguration matched:
      - @ConditionalOnSingleCandidate (types: javax.sql.DataSource; SearchStrategy: all) found a single bean 'dataSource' (OnBeanCondition)

   HibernateJpaAutoConfiguration matched:
      - @ConditionalOnClass found required classes 'org.springframework.orm.jpa.LocalContainerEntityManagerFactoryBean', 'jakarta.persistence.EntityManager', 'org.hibernate.engine.spi.SessionImplementor' (OnClassCondition)

   HibernateJpaConfiguration matched:
      - @ConditionalOnSingleCandidate (types: javax.sql.DataSource; SearchStrategy: all) found a single bean 'dataSource' (OnBeanCondition)

   JdbcTemplateAutoConfiguration matched:
      - @ConditionalOnClass found required classes 'javax.sql.DataSource', 'org.springframework.jdbc.core.JdbcTemplate' (OnClassCondition)
      - @ConditionalOnSingleCandidate (types: javax.sql.DataSource; SearchStrategy: all) found a single bean 'dataSource' (OnBeanCondition)

   JdbcTemplateConfiguration matched:
      - @ConditionalOnMissingBean (types: org.springframework.jdbc.core.JdbcOperations; SearchStrategy: all) did not find any beans (OnBeanCondition)

   JpaBaseConfiguration#entityManagerFactory matched:
      - @ConditionalOnMissingBean (types: org.springframework.orm.jpa.LocalContainerEntityManagerFactoryBean,jakarta.persistence.EntityManagerFactory; SearchStrategy: all) did not find any beans (OnBeanCondition)

   JpaBaseConfiguration#entityManagerFactoryBuilder matched:
      - @ConditionalOnMissingBean (types: org.springframework.boot.orm.jpa.EntityManagerFactoryBuilder; SearchStrategy: all) did not find any beans (OnBeanCondition)

   JpaBaseConfiguration#jpaVendorAdapter matched:
      - @ConditionalOnMissingBean (types: org.springframework.orm.jpa.JpaVendorAdapter; SearchStrategy: all) did not find any beans (OnBeanCondition)

   JpaBaseConfiguration#transactionManager matched:
      - @ConditionalOnMissingBean (types: org.springframework.transaction.TransactionManager; SearchStrategy: all) did not find any beans (OnBeanCondition)

   JpaBaseConfiguration.PersistenceManagedTypesConfiguration matched:
      - @ConditionalOnMissingBean (types: org.springframework.orm.jpa.LocalContainerEntityManagerFactoryBean,jakarta.persistence.EntityManagerFactory; SearchStrategy: all) did not find any beans (OnBeanCondition)

   JpaBaseConfiguration.PersistenceManagedTypesConfiguration#persistenceManagedTypes matched:
      - @ConditionalOnMissingBean (types: org.springframework.orm.jpa.persistenceunit.PersistenceManagedTypes; SearchStrategy: all) did not find any beans (OnBeanCondition)

   JpaRepositoriesAutoConfiguration matched:
      - @ConditionalOnClass found required class 'org.springframework.data.jpa.repository.JpaRepository' (OnClassCondition)
      - @ConditionalOnProperty (spring.data.jpa.repositories.enabled=true) matched (OnPropertyCondition)
      - @ConditionalOnBean (types: javax.sql.DataSource; SearchStrategy: all) found bean 'dataSource'; @ConditionalOnMissingBean (types: org.springframework.data.jpa.repository.support.JpaRepositoryFactoryBean,org.springframework.data.jpa.repository.config.JpaRepositoryConfigExtension; SearchStrategy: all) did not find any beans (OnBeanCondition)

   NamedParameterJdbcTemplateConfiguration matched:
      - @ConditionalOnSingleCandidate (types: org.springframework.jdbc.core.JdbcTemplate; SearchStrategy: all) found a single bean 'jdbcTemplate'; @ConditionalOnMissingBean (types: org.springframework.jdbc.core.namedparam.NamedParameterJdbcOperations; SearchStrategy: all) did not find any beans (OnBeanCondition)

   NoOpCacheConfiguration matched:
      - Cache org.springframework.boot.autoconfigure.cache.NoOpCacheConfiguration NONE cache type (CacheCondition)

   SqlInitializationAutoConfiguration matched:
      - @ConditionalOnProperty (spring.sql.init.enabled) matched (OnPropertyCondition)
      - NoneNestedConditions 0 matched 1 did not; NestedCondition on SqlInitializationAutoConfiguration.SqlInitializationModeCondition.ModeIsNever @ConditionalOnProperty (spring.sql.init.mode=never) did not find property 'mode' (SqlInitializationAutoConfiguration.SqlInitializationModeCondition)

   TestDatabaseAutoConfiguration#embeddedDataSourceBeanFactoryPostProcessor matched:
      - @ConditionalOnProperty (spring.test.database.replace=ANY) matched (OnPropertyCondition)

   TestEntityManagerAutoConfiguration matched:
      - @ConditionalOnClass found required class 'jakarta.persistence.EntityManagerFactory' (OnClassCondition)

   TestEntityManagerAutoConfiguration#testEntityManager matched:
      - @ConditionalOnMissingBean (types: org.springframework.boot.test.autoconfigure.orm.jpa.TestEntityManager; SearchStrategy: all) did not find any beans (OnBeanCondition)

   TransactionAutoConfiguration matched:
      - @ConditionalOnClass found required class 'org.springframework.transaction.PlatformTransactionManager' (OnClassCondition)

   TransactionAutoConfiguration#platformTransactionManagerCustomizers matched:
      - @ConditionalOnMissingBean (types: org.springframework.boot.autoconfigure.transaction.TransactionManagerCustomizers; SearchStrategy: all) did not find any beans (OnBeanCondition)

   TransactionAutoConfiguration.EnableTransactionManagementConfiguration matched:
      - @ConditionalOnBean (types: org.springframework.transaction.TransactionManager; SearchStrategy: all) found bean 'transactionManager'; @ConditionalOnMissingBean (types: org.springframework.transaction.annotation.AbstractTransactionManagementConfiguration; SearchStrategy: all) did not find any beans (OnBeanCondition)

   TransactionAutoConfiguration.EnableTransactionManagementConfiguration.CglibAutoProxyConfiguration matched:
      - @ConditionalOnProperty (spring.aop.proxy-target-class=true) matched (OnPropertyCondition)

   TransactionAutoConfiguration.TransactionTemplateConfiguration matched:
      - @ConditionalOnSingleCandidate (types: org.springframework.transaction.PlatformTransactionManager; SearchStrategy: all) found a single bean 'transactionManager' (OnBeanCondition)

   TransactionAutoConfiguration.TransactionTemplateConfiguration#transactionTemplate matched:
      - @ConditionalOnMissingBean (types: org.springframework.transaction.support.TransactionOperations; SearchStrategy: all) did not find any beans (OnBeanCondition)


Negative matches:
-----------------

   Cache2kCacheConfiguration:
      Did not match:
         - @ConditionalOnClass did not find required class 'org.cache2k.Cache2kBuilder' (OnClassCondition)

   CacheAutoConfiguration:
      Did not match:
         - @ConditionalOnBean (types: org.springframework.cache.interceptor.CacheAspectSupport; SearchStrategy: all) did not find any beans of type org.springframework.cache.interceptor.CacheAspectSupport (OnBeanCondition)
      Matched:
         - @ConditionalOnClass found required class 'org.springframework.cache.CacheManager' (OnClassCondition)

   CacheAutoConfiguration.CacheManagerEntityManagerFactoryDependsOnPostProcessor:
      Did not match:
         - Ancestor org.springframework.boot.autoconfigure.cache.CacheAutoConfiguration did not match (ConditionEvaluationReport.AncestorsMatchedCondition)
      Matched:
         - @ConditionalOnClass found required class 'org.springframework.orm.jpa.LocalContainerEntityManagerFactoryBean' (OnClassCondition)

   CaffeineCacheConfiguration:
      Did not match:
         - @ConditionalOnClass did not find required class 'com.github.benmanes.caffeine.cache.Caffeine' (OnClassCondition)

   CouchbaseCacheConfiguration:
      Did not match:
         - @ConditionalOnClass did not find required class 'com.couchbase.client.java.Cluster' (OnClassCondition)

   DataSourceAutoConfiguration.EmbeddedDatabaseConfiguration:
      Did not match:
         - EmbeddedDataSource spring.datasource.url is set (DataSourceAutoConfiguration.EmbeddedDatabaseCondition)

   DataSourceConfiguration.Dbcp2:
      Did not match:
         - @ConditionalOnClass did not find required class 'org.apache.commons.dbcp2.BasicDataSource' (OnClassCondition)

   DataSourceConfiguration.Generic:
      Did not match:
         - @ConditionalOnProperty (spring.datasource.type) did not find property 'spring.datasource.type' (OnPropertyCondition)

   DataSourceConfiguration.OracleUcp:
      Did not match:
         - @ConditionalOnClass did not find required classes 'oracle.ucp.jdbc.PoolDataSourceImpl', 'oracle.jdbc.OracleConnection' (OnClassCondition)

   DataSourceConfiguration.Tomcat:
      Did not match:
         - @ConditionalOnClass did not find required class 'org.apache.tomcat.jdbc.pool.DataSource' (OnClassCondition)

   DataSourceJmxConfiguration:
      Did not match:
         - @ConditionalOnProperty (spring.jmx.enabled=true) found different value in property 'enabled' (OnPropertyCondition)

   DataSourcePoolMetadataProvidersConfiguration.CommonsDbcp2PoolDataSourceMetadataProviderConfiguration:
      Did not match:
         - @ConditionalOnClass did not find required class 'org.apache.commons.dbcp2.BasicDataSource' (OnClassCondition)

   DataSourcePoolMetadataProvidersConfiguration.OracleUcpPoolDataSourceMetadataProviderConfiguration:
      Did not match:
         - @ConditionalOnClass did not find required classes 'oracle.ucp.jdbc.PoolDataSource', 'oracle.jdbc.OracleConnection' (OnClassCondition)

   DataSourcePoolMetadataProvidersConfiguration.TomcatDataSourcePoolMetadataProviderConfiguration:
      Did not match:
         - @ConditionalOnClass did not find required class 'org.apache.tomcat.jdbc.pool.DataSource' (OnClassCondition)

   DataSourceTransactionManagerAutoConfiguration.JdbcTransactionManagerConfiguration#transactionManager:
      Did not match:
         - @ConditionalOnMissingBean (types: org.springframework.transaction.TransactionManager; SearchStrategy: all) found beans of type 'org.springframework.transaction.TransactionManager' transactionManager (OnBeanCondition)

   FlywayAutoConfiguration:
      Did not match:
         - @ConditionalOnClass did not find required class 'org.flywaydb.core.Flyway' (OnClassCondition)

   GenericCacheConfiguration:
      Did not match:
         - Cache org.springframework.boot.autoconfigure.cache.GenericCacheConfiguration unknown cache type (CacheCondition)

   HazelcastCacheConfiguration:
      Did not match:
         - @ConditionalOnClass did not find required class 'com.hazelcast.core.HazelcastInstance' (OnClassCondition)

   InfinispanCacheConfiguration:
      Did not match:
         - @ConditionalOnClass did not find required class 'org.infinispan.spring.embedded.provider.SpringEmbeddedCacheManager' (OnClassCondition)

   JCacheCacheConfiguration:
      Did not match:
         - @ConditionalOnClass did not find required class 'javax.cache.Caching' (OnClassCondition)

   JpaBaseConfiguration.JpaWebConfiguration:
      Did not match:
         - not a servlet web application (OnWebApplicationCondition)
      Matched:
         - @ConditionalOnClass found required class 'org.springframework.web.servlet.config.annotation.WebMvcConfigurer' (OnClassCondition)

   JpaRepositoriesAutoConfiguration#entityManagerFactoryBootstrapExecutorCustomizer:
      Did not match:
         - AnyNestedCondition 0 matched 2 did not; NestedCondition on JpaRepositoriesAutoConfiguration.BootstrapExecutorCondition.LazyBootstrapMode @ConditionalOnProperty (spring.data.jpa.repositories.bootstrap-mode=lazy) found different value in property 'bootstrap-mode'; NestedCondition on JpaRepositoriesAutoConfiguration.BootstrapExecutorCondition.DeferredBootstrapMode @ConditionalOnProperty (spring.data.jpa.repositories.bootstrap-mode=deferred) found different value in property 'bootstrap-mode' (JpaRepositoriesAutoConfiguration.BootstrapExecutorCondition)

   LiquibaseAutoConfiguration:
      Did not match:
         - @ConditionalOnClass did not find required class 'liquibase.change.DatabaseChange' (OnClassCondition)

   R2dbcInitializationConfiguration:
      Did not match:
         - @ConditionalOnClass did not find required classes 'io.r2dbc.spi.ConnectionFactory', 'org.springframework.r2dbc.connection.init.DatabasePopulator' (OnClassCondition)

   RedisCacheConfiguration:
      Did not match:
         - @ConditionalOnClass did not find required class 'org.springframework.data.redis.connection.RedisConnectionFactory' (OnClassCondition)

   SimpleCacheConfiguration:
      Did not match:
         - Cache org.springframework.boot.autoconfigure.cache.SimpleCacheConfiguration unknown cache type (CacheCondition)

   TestDatabaseAutoConfiguration#dataSource:
      Did not match:
         - @ConditionalOnProperty (spring.test.database.replace=AUTO_CONFIGURED) did not find property 'replace' (OnPropertyCondition)

   TransactionAutoConfiguration#transactionalOperator:
      Did not match:
         - @ConditionalOnSingleCandidate (types: org.springframework.transaction.ReactiveTransactionManager; SearchStrategy: all) did not find any beans (OnBeanCondition)

   TransactionAutoConfiguration.AspectJTransactionManagementConfiguration:
      Did not match:
         - @ConditionalOnBean (types: org.springframework.transaction.aspectj.AbstractTransactionAspect; SearchStrategy: all) did not find any beans of type org.springframework.transaction.aspectj.AbstractTransactionAspect (OnBeanCondition)

   TransactionAutoConfiguration.EnableTransactionManagementConfiguration.JdkDynamicAutoProxyConfiguration:
      Did not match:
         - @ConditionalOnProperty (spring.aop.proxy-target-class=false) did not find property 'proxy-target-class' (OnPropertyCondition)


Exclusions:
-----------

    None


Unconditional classes:
----------------------

    org.springframework.boot.test.autoconfigure.jdbc.TestDatabaseAutoConfiguration



14:01:32.176 [Test worker] INFO  com.laundry.laundryMgmt.MachineTest.MachineDaoTest - Started MachineDaoTest in 1.04 seconds (process running for 22.32)
14:01:32.177 [Test worker] DEBUG org.springframework.test.context.cache - Spring test ApplicationContext cache statistics: [DefaultContextCache@5a90ea5c size = 2, maxSize = 32, parentContextCount = 0, hitCount = 13, missCount = 2]
14:01:32.180 [Test worker] DEBUG org.springframework.test.context.cache - Spring test ApplicationContext cache statistics: [DefaultContextCache@5a90ea5c size = 2, maxSize = 32, parentContextCount = 0, hitCount = 14, missCount = 2]
14:01:32.188 [Test worker] DEBUG org.springframework.test.context.support.DirtiesContextBeforeModesTestExecutionListener - Before test method: class [MachineDaoTest], method [shouldFindAnyMachineByID], class annotated with @DirtiesContext [false] with mode [null], method annotated with @DirtiesContext [false] with mode [null]
14:01:32.201 [Test worker] DEBUG org.springframework.test.context.transaction.TransactionalTestExecutionListener - Explicit transaction definition [PROPAGATION_REQUIRED,ISOLATION_DEFAULT] found for test class [com.laundry.laundryMgmt.MachineTest.MachineDaoTest] and test method [shouldFindAnyMachineByID]
14:01:32.202 [Test worker] DEBUG org.springframework.test.context.cache - Spring test ApplicationContext cache statistics: [DefaultContextCache@5a90ea5c size = 2, maxSize = 32, parentContextCount = 0, hitCount = 15, missCount = 2]
14:01:32.205 [Test worker] DEBUG org.springframework.test.context.transaction.TransactionalTestExecutionListener - No method-level @Rollback override: using default rollback [true] for test method [public void com.laundry.laundryMgmt.MachineTest.MachineDaoTest.shouldFindAnyMachineByID()]
14:01:32.208 [Test worker] DEBUG org.springframework.orm.jpa.JpaTransactionManager - Creating new transaction with name [com.laundry.laundryMgmt.MachineTest.MachineDaoTest.shouldFindAnyMachineByID]: PROPAGATION_REQUIRED,ISOLATION_DEFAULT
14:01:32.209 [Test worker] DEBUG org.springframework.orm.jpa.JpaTransactionManager - Opened new EntityManager [SessionImpl(929787261<open>)] for JPA transaction
14:01:32.216 [Test worker] DEBUG org.hibernate.engine.transaction.internal.TransactionImpl - On TransactionImpl creation, JpaCompliance#isJpaTransactionComplianceEnabled == false
14:01:32.216 [Test worker] DEBUG org.hibernate.engine.transaction.internal.TransactionImpl - begin
14:01:32.216 [Test worker] DEBUG org.springframework.jdbc.datasource.SimpleDriverDataSource - Creating new JDBC Driver Connection to [jdbc:h2:mem:60060c63-e42d-4ae7-9b58-f501764a2801;DB_CLOSE_DELAY=-1;DB_CLOSE_ON_EXIT=false]
14:01:32.221 [Test worker] DEBUG org.springframework.orm.jpa.JpaTransactionManager - Exposing JPA transaction as JDBC [org.springframework.orm.jpa.vendor.HibernateJpaDialect$HibernateConnectionHandle@18a66406]
14:01:32.221 [Test worker] DEBUG org.springframework.test.context.transaction.TransactionContext - Began transaction (1) for test class [com.laundry.laundryMgmt.MachineTest.MachineDaoTest]; test method [shouldFindAnyMachineByID]; transaction manager [org.springframework.orm.jpa.JpaTransactionManager@7d6e2366]; rollback [true]
14:01:32.225 [Test worker] DEBUG org.springframework.test.context.cache - Spring test ApplicationContext cache statistics: [DefaultContextCache@5a90ea5c size = 2, maxSize = 32, parentContextCount = 0, hitCount = 16, missCount = 2]
14:01:32.226 [Test worker] DEBUG org.springframework.test.context.cache - Spring test ApplicationContext cache statistics: [DefaultContextCache@5a90ea5c size = 2, maxSize = 32, parentContextCount = 0, hitCount = 17, missCount = 2]
14:01:32.230 [Test worker] DEBUG org.springframework.test.context.cache - Spring test ApplicationContext cache statistics: [DefaultContextCache@5a90ea5c size = 2, maxSize = 32, parentContextCount = 0, hitCount = 18, missCount = 2]
14:01:32.272 [Test worker] DEBUG org.springframework.orm.jpa.JpaTransactionManager - Found thread-bound EntityManager [SessionImpl(929787261<open>)] for JPA transaction
14:01:32.272 [Test worker] DEBUG org.springframework.orm.jpa.JpaTransactionManager - Participating in existing transaction
14:01:32.354 [Test worker] DEBUG org.hibernate.internal.SessionImpl - Initializing proxy: [com.laundry.laundryMgmt.models.MachineEntity#-2]
14:01:32.414 [Test worker] DEBUG org.hibernate.orm.sql.exec - Skipping reading Query result cache data: cache-enabled = false, cache-mode = IGNORE
14:01:32.453 [Test worker] DEBUG org.hibernate.orm.results - Initializer list:
	  com.laundry.laundryMgmt.models.MachineEntity -> EntityResultInitializer(com.laundry.laundryMgmt.models.MachineEntity)@655564033 (SingleTableEntityPersister(com.laundry.laundryMgmt.models.MachineEntity))

14:01:32.465 [Test worker] DEBUG org.hibernate.SQL - select m1_0.machine_id,m1_0.available,m1_0.machine_status,m1_0.progress,m1_0.starting_time,m1_0.cycle_type,m1_0.name from machine_entity m1_0 where m1_0.machine_id=?
Hibernate: select m1_0.machine_id,m1_0.available,m1_0.machine_status,m1_0.progress,m1_0.starting_time,m1_0.cycle_type,m1_0.name from machine_entity m1_0 where m1_0.machine_id=?
14:01:32.476 [Test worker] DEBUG org.hibernate.orm.results.loading.entity - (EntityResultInitializer) Hydrated EntityKey (com.laundry.laundryMgmt.models.MachineEntity): -2
14:01:32.481 [Test worker] DEBUG org.hibernate.orm.results.loading.entity - (EntityResultInitializer) Created new entity instance [com.laundry.laundryMgmt.models.MachineEntity#-2] : 1612485948
14:01:32.482 [Test worker] DEBUG org.hibernate.orm.results - Extracted JDBC value [1] - [false]
14:01:32.482 [Test worker] DEBUG org.hibernate.orm.results - Extracted JDBC value [2] - [false]
14:01:32.482 [Test worker] DEBUG org.hibernate.orm.results - Extracted JDBC value [3] - [40]
14:01:32.482 [Test worker] DEBUG org.hibernate.orm.results - Extracted JDBC value [4] - [null]
14:01:32.482 [Test worker] DEBUG org.hibernate.orm.results - Extracted JDBC value [5] - [null]
14:01:32.482 [Test worker] DEBUG org.hibernate.orm.results - Extracted JDBC value [6] - [TEST MACHINE]
14:01:32.494 [Test worker] DEBUG org.hibernate.orm.results.loading.entity - (EntityResultInitializer) Done materializing entityInstance : com.laundry.laundryMgmt.models.MachineEntity#-2
14:01:32.494 [Test worker] DEBUG org.hibernate.orm.results.loading - Calling top-level assembler (0 / 1) : org.hibernate.sql.results.graph.entity.internal.EntityAssembler@12bb0322
14:01:32.651 [Test worker] DEBUG org.springframework.test.context.cache - Spring test ApplicationContext cache statistics: [DefaultContextCache@5a90ea5c size = 2, maxSize = 32, parentContextCount = 0, hitCount = 19, missCount = 2]
14:01:32.652 [Test worker] DEBUG org.springframework.test.context.cache - Spring test ApplicationContext cache statistics: [DefaultContextCache@5a90ea5c size = 2, maxSize = 32, parentContextCount = 0, hitCount = 20, missCount = 2]
14:01:32.653 [Test worker] DEBUG org.springframework.test.context.cache - Spring test ApplicationContext cache statistics: [DefaultContextCache@5a90ea5c size = 2, maxSize = 32, parentContextCount = 0, hitCount = 21, missCount = 2]
14:01:32.653 [Test worker] DEBUG org.springframework.test.context.cache - Spring test ApplicationContext cache statistics: [DefaultContextCache@5a90ea5c size = 2, maxSize = 32, parentContextCount = 0, hitCount = 22, missCount = 2]
14:01:32.654 [Test worker] DEBUG org.springframework.test.context.cache - Spring test ApplicationContext cache statistics: [DefaultContextCache@5a90ea5c size = 2, maxSize = 32, parentContextCount = 0, hitCount = 23, missCount = 2]
14:01:32.654 [Test worker] DEBUG org.springframework.test.context.cache - Spring test ApplicationContext cache statistics: [DefaultContextCache@5a90ea5c size = 2, maxSize = 32, parentContextCount = 0, hitCount = 24, missCount = 2]
14:01:32.655 [Test worker] DEBUG org.springframework.test.context.cache - Spring test ApplicationContext cache statistics: [DefaultContextCache@5a90ea5c size = 2, maxSize = 32, parentContextCount = 0, hitCount = 25, missCount = 2]
14:01:32.656 [Test worker] DEBUG org.springframework.orm.jpa.JpaTransactionManager - Initiating transaction rollback
14:01:32.657 [Test worker] DEBUG org.springframework.orm.jpa.JpaTransactionManager - Rolling back JPA transaction on EntityManager [SessionImpl(929787261<open>)]
14:01:32.657 [Test worker] DEBUG org.hibernate.engine.transaction.internal.TransactionImpl - rolling back
14:01:32.664 [Test worker] DEBUG org.springframework.orm.jpa.JpaTransactionManager - Closing JPA EntityManager [SessionImpl(929787261<open>)] after transaction
14:01:32.665 [Test worker] DEBUG org.springframework.test.context.transaction.TransactionContext - Rolled back transaction (1) for test class [com.laundry.laundryMgmt.MachineTest.MachineDaoTest]; test method [shouldFindAnyMachineByID]
14:01:32.666 [Test worker] DEBUG org.springframework.test.context.support.DirtiesContextTestExecutionListener - After test method: class [MachineDaoTest], method [shouldFindAnyMachineByID], class annotated with @DirtiesContext [false] with mode [null], method annotated with @DirtiesContext [false] with mode [null]
14:01:32.667 [Test worker] DEBUG org.springframework.test.context.cache - Spring test ApplicationContext cache statistics: [DefaultContextCache@5a90ea5c size = 2, maxSize = 32, parentContextCount = 0, hitCount = 26, missCount = 2]
14:01:32.667 [Test worker] DEBUG org.springframework.test.context.support.DirtiesContextTestExecutionListener - After test class: class [MachineDaoTest], class annotated with @DirtiesContext [false] with mode [null]
]]></system-out>
  <system-err><![CDATA[]]></system-err>
</testsuite>
