<?xml version="1.0" encoding="UTF-8"?>
<testsuite name="com.laundry.laundryMgmt.ReservationTest.ReservationIntegration" tests="4" skipped="0" failures="0" errors="0" timestamp="2024-01-05T13:01:34" hostname="DESKTOP-35ABBQB" time="0.536">
  <properties/>
  <testcase name="givenReservationByIdAccessed_whenReservationInfoRetrieved_then200IsReceived()" classname="com.laundry.laundryMgmt.ReservationTest.ReservationIntegration" time="0.153"/>
  <testcase name="givenReservationExists_whenReservationIsRetrieved_thenRetrievedResourceIsCorrect()" classname="com.laundry.laundryMgmt.ReservationTest.ReservationIntegration" time="0.195"/>
  <testcase name="givenRequestWithNoAcceptHeader_whenRequestIsExecuted_thenDefaultResponseContentTypeIsJson()" classname="com.laundry.laundryMgmt.ReservationTest.ReservationIntegration" time="0.168"/>
  <testcase name="givenPath_whenAccessedWithoutAuthentication_then401IsReceived()" classname="com.laundry.laundryMgmt.ReservationTest.ReservationIntegration" time="0.016"/>
  <system-out><![CDATA[14:01:34.205 [Test worker] DEBUG org.apache.http.client.protocol.RequestAddCookies - CookieSpec selected: default
14:01:34.205 [Test worker] DEBUG org.apache.http.client.protocol.RequestAuthCache - Auth cache not set in the context
14:01:34.205 [Test worker] DEBUG org.apache.http.impl.conn.PoolingHttpClientConnectionManager - Connection request: [route: {}->http://localhost:8080][total kept alive: 0; route allocated: 0 of 2; total allocated: 0 of 20]
14:01:34.205 [Test worker] DEBUG org.apache.http.impl.conn.PoolingHttpClientConnectionManager - Connection leased: [id: 4][route: {}->http://localhost:8080][total kept alive: 0; route allocated: 1 of 2; total allocated: 1 of 20]
14:01:34.205 [Test worker] DEBUG org.apache.http.impl.execchain.MainClientExec - Opening connection {}->http://localhost:8080
14:01:34.206 [Test worker] DEBUG org.apache.http.impl.conn.DefaultHttpClientConnectionOperator - Connecting to localhost/127.0.0.1:8080
14:01:34.207 [Test worker] DEBUG org.apache.http.impl.conn.DefaultHttpClientConnectionOperator - Connection established 127.0.0.1:51411<->127.0.0.1:8080
14:01:34.207 [Test worker] DEBUG org.apache.http.impl.execchain.MainClientExec - Executing request GET /api/reservation/-500 HTTP/1.1
14:01:34.207 [Test worker] DEBUG org.apache.http.impl.execchain.MainClientExec - Proxy auth state: UNCHALLENGED
14:01:34.207 [Test worker] DEBUG org.apache.http.headers - http-outgoing-4 >> GET /api/reservation/-500 HTTP/1.1
14:01:34.207 [Test worker] DEBUG org.apache.http.headers - http-outgoing-4 >> Authorization: Basic dXNlcjpteVBhc3N3b3Jk
14:01:34.209 [Test worker] DEBUG org.apache.http.headers - http-outgoing-4 >> Host: localhost:8080
14:01:34.209 [Test worker] DEBUG org.apache.http.headers - http-outgoing-4 >> Connection: Keep-Alive
14:01:34.209 [Test worker] DEBUG org.apache.http.headers - http-outgoing-4 >> User-Agent: Apache-HttpClient/4.5 (Java/17.0.8)
14:01:34.209 [Test worker] DEBUG org.apache.http.headers - http-outgoing-4 >> Accept-Encoding: gzip,deflate
14:01:34.209 [Test worker] DEBUG org.apache.http.wire - http-outgoing-4 >> "GET /api/reservation/-500 HTTP/1.1[\r][\n]"
14:01:34.209 [Test worker] DEBUG org.apache.http.wire - http-outgoing-4 >> "Authorization: Basic dXNlcjpteVBhc3N3b3Jk[\r][\n]"
14:01:34.209 [Test worker] DEBUG org.apache.http.wire - http-outgoing-4 >> "Host: localhost:8080[\r][\n]"
14:01:34.210 [Test worker] DEBUG org.apache.http.wire - http-outgoing-4 >> "Connection: Keep-Alive[\r][\n]"
14:01:34.210 [Test worker] DEBUG org.apache.http.wire - http-outgoing-4 >> "User-Agent: Apache-HttpClient/4.5 (Java/17.0.8)[\r][\n]"
14:01:34.210 [Test worker] DEBUG org.apache.http.wire - http-outgoing-4 >> "Accept-Encoding: gzip,deflate[\r][\n]"
14:01:34.210 [Test worker] DEBUG org.apache.http.wire - http-outgoing-4 >> "[\r][\n]"
14:01:34.353 [Test worker] DEBUG org.apache.http.wire - http-outgoing-4 << "HTTP/1.1 200 [\r][\n]"
14:01:34.353 [Test worker] DEBUG org.apache.http.wire - http-outgoing-4 << "Vary: Origin[\r][\n]"
14:01:34.354 [Test worker] DEBUG org.apache.http.wire - http-outgoing-4 << "Vary: Access-Control-Request-Method[\r][\n]"
14:01:34.354 [Test worker] DEBUG org.apache.http.wire - http-outgoing-4 << "Vary: Access-Control-Request-Headers[\r][\n]"
14:01:34.354 [Test worker] DEBUG org.apache.http.wire - http-outgoing-4 << "X-Content-Type-Options: nosniff[\r][\n]"
14:01:34.354 [Test worker] DEBUG org.apache.http.wire - http-outgoing-4 << "X-XSS-Protection: 0[\r][\n]"
14:01:34.354 [Test worker] DEBUG org.apache.http.wire - http-outgoing-4 << "Cache-Control: no-cache, no-store, max-age=0, must-revalidate[\r][\n]"
14:01:34.354 [Test worker] DEBUG org.apache.http.wire - http-outgoing-4 << "Pragma: no-cache[\r][\n]"
14:01:34.354 [Test worker] DEBUG org.apache.http.wire - http-outgoing-4 << "Expires: 0[\r][\n]"
14:01:34.354 [Test worker] DEBUG org.apache.http.wire - http-outgoing-4 << "Content-Length: 0[\r][\n]"
14:01:34.354 [Test worker] DEBUG org.apache.http.wire - http-outgoing-4 << "Date: Fri, 05 Jan 2024 13:01:34 GMT[\r][\n]"
14:01:34.354 [Test worker] DEBUG org.apache.http.wire - http-outgoing-4 << "Keep-Alive: timeout=60[\r][\n]"
14:01:34.354 [Test worker] DEBUG org.apache.http.wire - http-outgoing-4 << "Connection: keep-alive[\r][\n]"
14:01:34.354 [Test worker] DEBUG org.apache.http.wire - http-outgoing-4 << "[\r][\n]"
14:01:34.354 [Test worker] DEBUG org.apache.http.headers - http-outgoing-4 << HTTP/1.1 200 
14:01:34.354 [Test worker] DEBUG org.apache.http.headers - http-outgoing-4 << Vary: Origin
14:01:34.354 [Test worker] DEBUG org.apache.http.headers - http-outgoing-4 << Vary: Access-Control-Request-Method
14:01:34.354 [Test worker] DEBUG org.apache.http.headers - http-outgoing-4 << Vary: Access-Control-Request-Headers
14:01:34.354 [Test worker] DEBUG org.apache.http.headers - http-outgoing-4 << X-Content-Type-Options: nosniff
14:01:34.354 [Test worker] DEBUG org.apache.http.headers - http-outgoing-4 << X-XSS-Protection: 0
14:01:34.354 [Test worker] DEBUG org.apache.http.headers - http-outgoing-4 << Cache-Control: no-cache, no-store, max-age=0, must-revalidate
14:01:34.354 [Test worker] DEBUG org.apache.http.headers - http-outgoing-4 << Pragma: no-cache
14:01:34.354 [Test worker] DEBUG org.apache.http.headers - http-outgoing-4 << Expires: 0
14:01:34.354 [Test worker] DEBUG org.apache.http.headers - http-outgoing-4 << Content-Length: 0
14:01:34.354 [Test worker] DEBUG org.apache.http.headers - http-outgoing-4 << Date: Fri, 05 Jan 2024 13:01:34 GMT
14:01:34.354 [Test worker] DEBUG org.apache.http.headers - http-outgoing-4 << Keep-Alive: timeout=60
14:01:34.354 [Test worker] DEBUG org.apache.http.headers - http-outgoing-4 << Connection: keep-alive
14:01:34.355 [Test worker] DEBUG org.apache.http.impl.execchain.MainClientExec - Connection can be kept alive for 60000 MILLISECONDS
14:01:34.355 [Test worker] DEBUG org.apache.http.impl.conn.PoolingHttpClientConnectionManager - Connection [id: 4][route: {}->http://localhost:8080] can be kept alive for 60.0 seconds
14:01:34.355 [Test worker] DEBUG org.apache.http.impl.conn.PoolingHttpClientConnectionManager - Connection released: [id: 4][route: {}->http://localhost:8080][total kept alive: 1; route allocated: 1 of 2; total allocated: 1 of 20]
14:01:34.359 [Test worker] DEBUG org.apache.http.client.protocol.RequestAddCookies - CookieSpec selected: default
14:01:34.360 [Test worker] DEBUG org.apache.http.client.protocol.RequestAuthCache - Auth cache not set in the context
14:01:34.360 [Test worker] DEBUG org.apache.http.impl.conn.PoolingHttpClientConnectionManager - Connection request: [route: {}->http://localhost:8080][total kept alive: 0; route allocated: 0 of 2; total allocated: 0 of 20]
14:01:34.360 [Test worker] DEBUG org.apache.http.impl.conn.PoolingHttpClientConnectionManager - Connection leased: [id: 5][route: {}->http://localhost:8080][total kept alive: 0; route allocated: 1 of 2; total allocated: 1 of 20]
14:01:34.360 [Test worker] DEBUG org.apache.http.impl.execchain.MainClientExec - Opening connection {}->http://localhost:8080
14:01:34.360 [Test worker] DEBUG org.apache.http.impl.conn.DefaultHttpClientConnectionOperator - Connecting to localhost/127.0.0.1:8080
14:01:34.361 [Test worker] DEBUG org.apache.http.impl.conn.DefaultHttpClientConnectionOperator - Connection established 127.0.0.1:51412<->127.0.0.1:8080
14:01:34.361 [Test worker] DEBUG org.apache.http.impl.execchain.MainClientExec - Executing request GET /api/reservation/-3 HTTP/1.1
14:01:34.361 [Test worker] DEBUG org.apache.http.impl.execchain.MainClientExec - Proxy auth state: UNCHALLENGED
14:01:34.361 [Test worker] DEBUG org.apache.http.headers - http-outgoing-5 >> GET /api/reservation/-3 HTTP/1.1
14:01:34.361 [Test worker] DEBUG org.apache.http.headers - http-outgoing-5 >> Authorization: Basic dXNlcjpteVBhc3N3b3Jk
14:01:34.361 [Test worker] DEBUG org.apache.http.headers - http-outgoing-5 >> Host: localhost:8080
14:01:34.361 [Test worker] DEBUG org.apache.http.headers - http-outgoing-5 >> Connection: Keep-Alive
14:01:34.361 [Test worker] DEBUG org.apache.http.headers - http-outgoing-5 >> User-Agent: Apache-HttpClient/4.5 (Java/17.0.8)
14:01:34.361 [Test worker] DEBUG org.apache.http.headers - http-outgoing-5 >> Accept-Encoding: gzip,deflate
14:01:34.361 [Test worker] DEBUG org.apache.http.wire - http-outgoing-5 >> "GET /api/reservation/-3 HTTP/1.1[\r][\n]"
14:01:34.361 [Test worker] DEBUG org.apache.http.wire - http-outgoing-5 >> "Authorization: Basic dXNlcjpteVBhc3N3b3Jk[\r][\n]"
14:01:34.361 [Test worker] DEBUG org.apache.http.wire - http-outgoing-5 >> "Host: localhost:8080[\r][\n]"
14:01:34.362 [Test worker] DEBUG org.apache.http.wire - http-outgoing-5 >> "Connection: Keep-Alive[\r][\n]"
14:01:34.362 [Test worker] DEBUG org.apache.http.wire - http-outgoing-5 >> "User-Agent: Apache-HttpClient/4.5 (Java/17.0.8)[\r][\n]"
14:01:34.362 [Test worker] DEBUG org.apache.http.wire - http-outgoing-5 >> "Accept-Encoding: gzip,deflate[\r][\n]"
14:01:34.362 [Test worker] DEBUG org.apache.http.wire - http-outgoing-5 >> "[\r][\n]"
14:01:34.527 [Test worker] DEBUG org.apache.http.wire - http-outgoing-5 << "HTTP/1.1 200 [\r][\n]"
14:01:34.527 [Test worker] DEBUG org.apache.http.wire - http-outgoing-5 << "Vary: Origin[\r][\n]"
14:01:34.528 [Test worker] DEBUG org.apache.http.wire - http-outgoing-5 << "Vary: Access-Control-Request-Method[\r][\n]"
14:01:34.528 [Test worker] DEBUG org.apache.http.wire - http-outgoing-5 << "Vary: Access-Control-Request-Headers[\r][\n]"
14:01:34.528 [Test worker] DEBUG org.apache.http.wire - http-outgoing-5 << "X-Content-Type-Options: nosniff[\r][\n]"
14:01:34.528 [Test worker] DEBUG org.apache.http.wire - http-outgoing-5 << "X-XSS-Protection: 0[\r][\n]"
14:01:34.528 [Test worker] DEBUG org.apache.http.wire - http-outgoing-5 << "Cache-Control: no-cache, no-store, max-age=0, must-revalidate[\r][\n]"
14:01:34.528 [Test worker] DEBUG org.apache.http.wire - http-outgoing-5 << "Pragma: no-cache[\r][\n]"
14:01:34.528 [Test worker] DEBUG org.apache.http.wire - http-outgoing-5 << "Expires: 0[\r][\n]"
14:01:34.528 [Test worker] DEBUG org.apache.http.wire - http-outgoing-5 << "Content-Type: application/json[\r][\n]"
14:01:34.528 [Test worker] DEBUG org.apache.http.wire - http-outgoing-5 << "Transfer-Encoding: chunked[\r][\n]"
14:01:34.528 [Test worker] DEBUG org.apache.http.wire - http-outgoing-5 << "Date: Fri, 05 Jan 2024 13:01:34 GMT[\r][\n]"
14:01:34.528 [Test worker] DEBUG org.apache.http.wire - http-outgoing-5 << "Keep-Alive: timeout=60[\r][\n]"
14:01:34.528 [Test worker] DEBUG org.apache.http.wire - http-outgoing-5 << "Connection: keep-alive[\r][\n]"
14:01:34.528 [Test worker] DEBUG org.apache.http.wire - http-outgoing-5 << "[\r][\n]"
14:01:34.529 [Test worker] DEBUG org.apache.http.wire - http-outgoing-5 << "a3[\r][\n]"
14:01:34.529 [Test worker] DEBUG org.apache.http.wire - http-outgoing-5 << "{"reservationId":-3,"reservationUser":"TEST RESERVATION","reservationDate":null,"reservationStartTime":null,"reservationEndTime":null,"reservationAvailable":false}[\r][\n]"
14:01:34.529 [Test worker] DEBUG org.apache.http.headers - http-outgoing-5 << HTTP/1.1 200 
14:01:34.529 [Test worker] DEBUG org.apache.http.headers - http-outgoing-5 << Vary: Origin
14:01:34.529 [Test worker] DEBUG org.apache.http.headers - http-outgoing-5 << Vary: Access-Control-Request-Method
14:01:34.529 [Test worker] DEBUG org.apache.http.headers - http-outgoing-5 << Vary: Access-Control-Request-Headers
14:01:34.529 [Test worker] DEBUG org.apache.http.headers - http-outgoing-5 << X-Content-Type-Options: nosniff
14:01:34.529 [Test worker] DEBUG org.apache.http.headers - http-outgoing-5 << X-XSS-Protection: 0
14:01:34.529 [Test worker] DEBUG org.apache.http.headers - http-outgoing-5 << Cache-Control: no-cache, no-store, max-age=0, must-revalidate
14:01:34.529 [Test worker] DEBUG org.apache.http.headers - http-outgoing-5 << Pragma: no-cache
14:01:34.529 [Test worker] DEBUG org.apache.http.headers - http-outgoing-5 << Expires: 0
14:01:34.529 [Test worker] DEBUG org.apache.http.headers - http-outgoing-5 << Content-Type: application/json
14:01:34.529 [Test worker] DEBUG org.apache.http.headers - http-outgoing-5 << Transfer-Encoding: chunked
14:01:34.529 [Test worker] DEBUG org.apache.http.headers - http-outgoing-5 << Date: Fri, 05 Jan 2024 13:01:34 GMT
14:01:34.529 [Test worker] DEBUG org.apache.http.headers - http-outgoing-5 << Keep-Alive: timeout=60
14:01:34.529 [Test worker] DEBUG org.apache.http.headers - http-outgoing-5 << Connection: keep-alive
14:01:34.530 [Test worker] DEBUG org.apache.http.impl.execchain.MainClientExec - Connection can be kept alive for 60000 MILLISECONDS
14:01:34.532 [Test worker] DEBUG org.apache.http.wire - http-outgoing-5 << "0[\r][\n]"
14:01:34.532 [Test worker] DEBUG org.apache.http.wire - http-outgoing-5 << "[\r][\n]"
14:01:34.532 [Test worker] DEBUG org.apache.http.impl.conn.PoolingHttpClientConnectionManager - Connection [id: 5][route: {}->http://localhost:8080] can be kept alive for 60.0 seconds
14:01:34.532 [Test worker] DEBUG org.apache.http.impl.conn.PoolingHttpClientConnectionManager - Connection released: [id: 5][route: {}->http://localhost:8080][total kept alive: 1; route allocated: 1 of 2; total allocated: 1 of 20]
14:01:34.555 [Test worker] DEBUG org.apache.http.client.protocol.RequestAddCookies - CookieSpec selected: default
14:01:34.556 [Test worker] DEBUG org.apache.http.client.protocol.RequestAuthCache - Auth cache not set in the context
14:01:34.556 [Test worker] DEBUG org.apache.http.impl.conn.PoolingHttpClientConnectionManager - Connection request: [route: {}->http://localhost:8080][total kept alive: 0; route allocated: 0 of 2; total allocated: 0 of 20]
14:01:34.556 [Test worker] DEBUG org.apache.http.impl.conn.PoolingHttpClientConnectionManager - Connection leased: [id: 6][route: {}->http://localhost:8080][total kept alive: 0; route allocated: 1 of 2; total allocated: 1 of 20]
14:01:34.556 [Test worker] DEBUG org.apache.http.impl.execchain.MainClientExec - Opening connection {}->http://localhost:8080
14:01:34.557 [Test worker] DEBUG org.apache.http.impl.conn.DefaultHttpClientConnectionOperator - Connecting to localhost/127.0.0.1:8080
14:01:34.559 [Test worker] DEBUG org.apache.http.impl.conn.DefaultHttpClientConnectionOperator - Connection established 127.0.0.1:51413<->127.0.0.1:8080
14:01:34.560 [Test worker] DEBUG org.apache.http.impl.execchain.MainClientExec - Executing request GET /api/reservation HTTP/1.1
14:01:34.560 [Test worker] DEBUG org.apache.http.impl.execchain.MainClientExec - Proxy auth state: UNCHALLENGED
14:01:34.560 [Test worker] DEBUG org.apache.http.headers - http-outgoing-6 >> GET /api/reservation HTTP/1.1
14:01:34.560 [Test worker] DEBUG org.apache.http.headers - http-outgoing-6 >> Authorization: Basic dXNlcjpteVBhc3N3b3Jk
14:01:34.560 [Test worker] DEBUG org.apache.http.headers - http-outgoing-6 >> Host: localhost:8080
14:01:34.560 [Test worker] DEBUG org.apache.http.headers - http-outgoing-6 >> Connection: Keep-Alive
14:01:34.560 [Test worker] DEBUG org.apache.http.headers - http-outgoing-6 >> User-Agent: Apache-HttpClient/4.5 (Java/17.0.8)
14:01:34.560 [Test worker] DEBUG org.apache.http.headers - http-outgoing-6 >> Accept-Encoding: gzip,deflate
14:01:34.560 [Test worker] DEBUG org.apache.http.wire - http-outgoing-6 >> "GET /api/reservation HTTP/1.1[\r][\n]"
14:01:34.560 [Test worker] DEBUG org.apache.http.wire - http-outgoing-6 >> "Authorization: Basic dXNlcjpteVBhc3N3b3Jk[\r][\n]"
14:01:34.560 [Test worker] DEBUG org.apache.http.wire - http-outgoing-6 >> "Host: localhost:8080[\r][\n]"
14:01:34.560 [Test worker] DEBUG org.apache.http.wire - http-outgoing-6 >> "Connection: Keep-Alive[\r][\n]"
14:01:34.560 [Test worker] DEBUG org.apache.http.wire - http-outgoing-6 >> "User-Agent: Apache-HttpClient/4.5 (Java/17.0.8)[\r][\n]"
14:01:34.560 [Test worker] DEBUG org.apache.http.wire - http-outgoing-6 >> "Accept-Encoding: gzip,deflate[\r][\n]"
14:01:34.562 [Test worker] DEBUG org.apache.http.wire - http-outgoing-6 >> "[\r][\n]"
14:01:34.719 [Test worker] DEBUG org.apache.http.wire - http-outgoing-6 << "HTTP/1.1 200 [\r][\n]"
14:01:34.719 [Test worker] DEBUG org.apache.http.wire - http-outgoing-6 << "Vary: Origin[\r][\n]"
14:01:34.719 [Test worker] DEBUG org.apache.http.wire - http-outgoing-6 << "Vary: Access-Control-Request-Method[\r][\n]"
14:01:34.719 [Test worker] DEBUG org.apache.http.wire - http-outgoing-6 << "Vary: Access-Control-Request-Headers[\r][\n]"
14:01:34.719 [Test worker] DEBUG org.apache.http.wire - http-outgoing-6 << "X-Content-Type-Options: nosniff[\r][\n]"
14:01:34.719 [Test worker] DEBUG org.apache.http.wire - http-outgoing-6 << "X-XSS-Protection: 0[\r][\n]"
14:01:34.719 [Test worker] DEBUG org.apache.http.wire - http-outgoing-6 << "Cache-Control: no-cache, no-store, max-age=0, must-revalidate[\r][\n]"
14:01:34.719 [Test worker] DEBUG org.apache.http.wire - http-outgoing-6 << "Pragma: no-cache[\r][\n]"
14:01:34.719 [Test worker] DEBUG org.apache.http.wire - http-outgoing-6 << "Expires: 0[\r][\n]"
14:01:34.719 [Test worker] DEBUG org.apache.http.wire - http-outgoing-6 << "Content-Type: application/json[\r][\n]"
14:01:34.719 [Test worker] DEBUG org.apache.http.wire - http-outgoing-6 << "Transfer-Encoding: chunked[\r][\n]"
14:01:34.719 [Test worker] DEBUG org.apache.http.wire - http-outgoing-6 << "Date: Fri, 05 Jan 2024 13:01:34 GMT[\r][\n]"
14:01:34.719 [Test worker] DEBUG org.apache.http.wire - http-outgoing-6 << "Keep-Alive: timeout=60[\r][\n]"
14:01:34.719 [Test worker] DEBUG org.apache.http.wire - http-outgoing-6 << "Connection: keep-alive[\r][\n]"
14:01:34.719 [Test worker] DEBUG org.apache.http.wire - http-outgoing-6 << "[\r][\n]"
14:01:34.719 [Test worker] DEBUG org.apache.http.wire - http-outgoing-6 << "a5[\r][\n]"
14:01:34.719 [Test worker] DEBUG org.apache.http.wire - http-outgoing-6 << "[{"reservationId":-3,"reservationUser":"TEST RESERVATION","reservationDate":null,"reservationStartTime":null,"reservationEndTime":null,"reservationAvailable":false}][\r][\n]"
14:01:34.719 [Test worker] DEBUG org.apache.http.headers - http-outgoing-6 << HTTP/1.1 200 
14:01:34.719 [Test worker] DEBUG org.apache.http.headers - http-outgoing-6 << Vary: Origin
14:01:34.719 [Test worker] DEBUG org.apache.http.headers - http-outgoing-6 << Vary: Access-Control-Request-Method
14:01:34.719 [Test worker] DEBUG org.apache.http.headers - http-outgoing-6 << Vary: Access-Control-Request-Headers
14:01:34.719 [Test worker] DEBUG org.apache.http.headers - http-outgoing-6 << X-Content-Type-Options: nosniff
14:01:34.719 [Test worker] DEBUG org.apache.http.headers - http-outgoing-6 << X-XSS-Protection: 0
14:01:34.719 [Test worker] DEBUG org.apache.http.headers - http-outgoing-6 << Cache-Control: no-cache, no-store, max-age=0, must-revalidate
14:01:34.719 [Test worker] DEBUG org.apache.http.headers - http-outgoing-6 << Pragma: no-cache
14:01:34.719 [Test worker] DEBUG org.apache.http.headers - http-outgoing-6 << Expires: 0
14:01:34.719 [Test worker] DEBUG org.apache.http.headers - http-outgoing-6 << Content-Type: application/json
14:01:34.720 [Test worker] DEBUG org.apache.http.headers - http-outgoing-6 << Transfer-Encoding: chunked
14:01:34.720 [Test worker] DEBUG org.apache.http.headers - http-outgoing-6 << Date: Fri, 05 Jan 2024 13:01:34 GMT
14:01:34.720 [Test worker] DEBUG org.apache.http.headers - http-outgoing-6 << Keep-Alive: timeout=60
14:01:34.720 [Test worker] DEBUG org.apache.http.headers - http-outgoing-6 << Connection: keep-alive
14:01:34.720 [Test worker] DEBUG org.apache.http.impl.execchain.MainClientExec - Connection can be kept alive for 60000 MILLISECONDS
14:01:34.726 [Test worker] DEBUG org.apache.http.client.protocol.RequestAddCookies - CookieSpec selected: default
14:01:34.726 [Test worker] DEBUG org.apache.http.client.protocol.RequestAuthCache - Auth cache not set in the context
14:01:34.726 [Test worker] DEBUG org.apache.http.impl.conn.PoolingHttpClientConnectionManager - Connection request: [route: {}->http://localhost:8080][total kept alive: 0; route allocated: 0 of 2; total allocated: 0 of 20]
14:01:34.726 [Test worker] DEBUG org.apache.http.impl.conn.PoolingHttpClientConnectionManager - Connection leased: [id: 7][route: {}->http://localhost:8080][total kept alive: 0; route allocated: 1 of 2; total allocated: 1 of 20]
14:01:34.726 [Test worker] DEBUG org.apache.http.impl.execchain.MainClientExec - Opening connection {}->http://localhost:8080
14:01:34.726 [Test worker] DEBUG org.apache.http.impl.conn.DefaultHttpClientConnectionOperator - Connecting to localhost/127.0.0.1:8080
14:01:34.727 [Test worker] DEBUG org.apache.http.impl.conn.DefaultHttpClientConnectionOperator - Connection established 127.0.0.1:51414<->127.0.0.1:8080
14:01:34.727 [Test worker] DEBUG org.apache.http.impl.execchain.MainClientExec - Executing request GET /api/reservation/-500 HTTP/1.1
14:01:34.727 [Test worker] DEBUG org.apache.http.impl.execchain.MainClientExec - Target auth state: UNCHALLENGED
14:01:34.727 [Test worker] DEBUG org.apache.http.impl.execchain.MainClientExec - Proxy auth state: UNCHALLENGED
14:01:34.727 [Test worker] DEBUG org.apache.http.headers - http-outgoing-7 >> GET /api/reservation/-500 HTTP/1.1
14:01:34.727 [Test worker] DEBUG org.apache.http.headers - http-outgoing-7 >> Host: localhost:8080
14:01:34.727 [Test worker] DEBUG org.apache.http.headers - http-outgoing-7 >> Connection: Keep-Alive
14:01:34.727 [Test worker] DEBUG org.apache.http.headers - http-outgoing-7 >> User-Agent: Apache-HttpClient/4.5 (Java/17.0.8)
14:01:34.727 [Test worker] DEBUG org.apache.http.headers - http-outgoing-7 >> Accept-Encoding: gzip,deflate
14:01:34.728 [Test worker] DEBUG org.apache.http.wire - http-outgoing-7 >> "GET /api/reservation/-500 HTTP/1.1[\r][\n]"
14:01:34.728 [Test worker] DEBUG org.apache.http.wire - http-outgoing-7 >> "Host: localhost:8080[\r][\n]"
14:01:34.728 [Test worker] DEBUG org.apache.http.wire - http-outgoing-7 >> "Connection: Keep-Alive[\r][\n]"
14:01:34.728 [Test worker] DEBUG org.apache.http.wire - http-outgoing-7 >> "User-Agent: Apache-HttpClient/4.5 (Java/17.0.8)[\r][\n]"
14:01:34.728 [Test worker] DEBUG org.apache.http.wire - http-outgoing-7 >> "Accept-Encoding: gzip,deflate[\r][\n]"
14:01:34.728 [Test worker] DEBUG org.apache.http.wire - http-outgoing-7 >> "[\r][\n]"
14:01:34.736 [Test worker] DEBUG org.apache.http.wire - http-outgoing-7 << "HTTP/1.1 401 [\r][\n]"
14:01:34.736 [Test worker] DEBUG org.apache.http.wire - http-outgoing-7 << "Set-Cookie: JSESSIONID=2E0CED36D909DC0CB30962120E7E4DBF; Path=/; HttpOnly[\r][\n]"
14:01:34.736 [Test worker] DEBUG org.apache.http.wire - http-outgoing-7 << "WWW-Authenticate: Basic realm="Realm"[\r][\n]"
14:01:34.737 [Test worker] DEBUG org.apache.http.wire - http-outgoing-7 << "X-Content-Type-Options: nosniff[\r][\n]"
14:01:34.737 [Test worker] DEBUG org.apache.http.wire - http-outgoing-7 << "X-XSS-Protection: 0[\r][\n]"
14:01:34.737 [Test worker] DEBUG org.apache.http.wire - http-outgoing-7 << "Cache-Control: no-cache, no-store, max-age=0, must-revalidate[\r][\n]"
14:01:34.737 [Test worker] DEBUG org.apache.http.wire - http-outgoing-7 << "Pragma: no-cache[\r][\n]"
14:01:34.737 [Test worker] DEBUG org.apache.http.wire - http-outgoing-7 << "Expires: 0[\r][\n]"
14:01:34.737 [Test worker] DEBUG org.apache.http.wire - http-outgoing-7 << "Content-Length: 0[\r][\n]"
14:01:34.737 [Test worker] DEBUG org.apache.http.wire - http-outgoing-7 << "Date: Fri, 05 Jan 2024 13:01:34 GMT[\r][\n]"
14:01:34.737 [Test worker] DEBUG org.apache.http.wire - http-outgoing-7 << "Keep-Alive: timeout=60[\r][\n]"
14:01:34.737 [Test worker] DEBUG org.apache.http.wire - http-outgoing-7 << "Connection: keep-alive[\r][\n]"
14:01:34.737 [Test worker] DEBUG org.apache.http.wire - http-outgoing-7 << "[\r][\n]"
14:01:34.737 [Test worker] DEBUG org.apache.http.headers - http-outgoing-7 << HTTP/1.1 401 
14:01:34.737 [Test worker] DEBUG org.apache.http.headers - http-outgoing-7 << Set-Cookie: JSESSIONID=2E0CED36D909DC0CB30962120E7E4DBF; Path=/; HttpOnly
14:01:34.737 [Test worker] DEBUG org.apache.http.headers - http-outgoing-7 << WWW-Authenticate: Basic realm="Realm"
14:01:34.737 [Test worker] DEBUG org.apache.http.headers - http-outgoing-7 << X-Content-Type-Options: nosniff
14:01:34.737 [Test worker] DEBUG org.apache.http.headers - http-outgoing-7 << X-XSS-Protection: 0
14:01:34.737 [Test worker] DEBUG org.apache.http.headers - http-outgoing-7 << Cache-Control: no-cache, no-store, max-age=0, must-revalidate
14:01:34.737 [Test worker] DEBUG org.apache.http.headers - http-outgoing-7 << Pragma: no-cache
14:01:34.737 [Test worker] DEBUG org.apache.http.headers - http-outgoing-7 << Expires: 0
14:01:34.737 [Test worker] DEBUG org.apache.http.headers - http-outgoing-7 << Content-Length: 0
14:01:34.737 [Test worker] DEBUG org.apache.http.headers - http-outgoing-7 << Date: Fri, 05 Jan 2024 13:01:34 GMT
14:01:34.737 [Test worker] DEBUG org.apache.http.headers - http-outgoing-7 << Keep-Alive: timeout=60
14:01:34.737 [Test worker] DEBUG org.apache.http.headers - http-outgoing-7 << Connection: keep-alive
14:01:34.737 [Test worker] DEBUG org.apache.http.impl.execchain.MainClientExec - Connection can be kept alive for 60000 MILLISECONDS
14:01:34.737 [Test worker] DEBUG org.apache.http.impl.auth.HttpAuthenticator - Authentication required
14:01:34.737 [Test worker] DEBUG org.apache.http.impl.auth.HttpAuthenticator - localhost:8080 requested authentication
14:01:34.737 [Test worker] DEBUG org.apache.http.impl.client.TargetAuthenticationStrategy - Authentication schemes in the order of preference: [Negotiate, Kerberos, NTLM, Digest, Basic]
14:01:34.738 [Test worker] DEBUG org.apache.http.impl.client.TargetAuthenticationStrategy - Challenge for Negotiate authentication scheme not available
14:01:34.738 [Test worker] DEBUG org.apache.http.impl.client.TargetAuthenticationStrategy - Challenge for Kerberos authentication scheme not available
14:01:34.738 [Test worker] DEBUG org.apache.http.impl.client.TargetAuthenticationStrategy - Challenge for NTLM authentication scheme not available
14:01:34.738 [Test worker] DEBUG org.apache.http.impl.client.TargetAuthenticationStrategy - Challenge for Digest authentication scheme not available
14:01:34.738 [Test worker] DEBUG org.apache.http.impl.conn.PoolingHttpClientConnectionManager - Connection [id: 7][route: {}->http://localhost:8080] can be kept alive for 60.0 seconds
14:01:34.738 [Test worker] DEBUG org.apache.http.impl.conn.PoolingHttpClientConnectionManager - Connection released: [id: 7][route: {}->http://localhost:8080][total kept alive: 1; route allocated: 1 of 2; total allocated: 1 of 20]
14:01:34.738 [Test worker] DEBUG org.apache.http.client.protocol.ResponseProcessCookies - Cookie accepted [JSESSIONID="2E0CED36D909DC0CB30962120E7E4DBF", version:0, domain:localhost, path:/, expiry:null]
]]></system-out>
  <system-err><![CDATA[]]></system-err>
</testsuite>
