<?xml version="1.0" encoding="UTF-8"?>
<testsuite name="com.laundry.laundryMgmt.businessLogic.MachinesImplementationServicesTest" tests="1" skipped="0" failures="0" errors="0" timestamp="2024-01-11T21:31:25" hostname="LAPTOP-K1PBTSJI" time="0.018">
  <properties/>
  <testcase name="testWashingTimes(CapturedOutput)" classname="com.laundry.laundryMgmt.businessLogic.MachinesImplementationServicesTest" time="0.018"/>
  <system-out><![CDATA[22:31:25.628 [Test worker] TRACE org.springframework.test.context.BootstrapUtils - Instantiating CacheAwareContextLoaderDelegate from class [org.springframework.test.context.cache.DefaultCacheAwareContextLoaderDelegate]
22:31:25.628 [Test worker] TRACE org.springframework.core.io.support.SpringFactoriesLoader - Loaded [org.springframework.test.context.ApplicationContextFailureProcessor] names: [org.springframework.boot.test.autoconfigure.ConditionReportApplicationContextFailureProcessor]
22:31:25.628 [Test worker] TRACE org.springframework.test.context.util.TestContextSpringFactoriesUtils - Loaded ApplicationContextFailureProcessor implementations from location [META-INF/spring.factories]: [org.springframework.boot.test.autoconfigure.ConditionReportApplicationContextFailureProcessor]
22:31:25.628 [Test worker] TRACE org.springframework.test.context.BootstrapUtils - Instantiating BootstrapContext using constructor [public org.springframework.test.context.support.DefaultBootstrapContext(java.lang.Class,org.springframework.test.context.CacheAwareContextLoaderDelegate)]
22:31:25.628 [Test worker] TRACE org.springframework.test.context.BootstrapUtils - Instantiating TestContextBootstrapper for test class [com.laundry.laundryMgmt.businessLogic.MachinesImplementationServicesTest] from class [org.springframework.test.context.support.DefaultTestContextBootstrapper]
22:31:25.628 [Test worker] TRACE org.springframework.test.context.support.DefaultTestContextBootstrapper - Resolving ContextLoader for context configuration attributes [ContextConfigurationAttributes@7aead7d9 declaringClass = com.laundry.laundryMgmt.businessLogic.MachinesImplementationServicesTest, classes = [], locations = [], inheritLocations = false, initializers = [], inheritInitializers = true, name = null, contextLoaderClass = org.springframework.test.context.ContextLoader]
22:31:25.632 [Test worker] TRACE org.springframework.test.context.support.DefaultTestContextBootstrapper - Using ContextLoader class [org.springframework.test.context.support.DelegatingSmartContextLoader] for test class [com.laundry.laundryMgmt.businessLogic.MachinesImplementationServicesTest]
22:31:25.635 [Test worker] TRACE org.springframework.test.context.support.DefaultTestContextBootstrapper - Neither @ContextConfiguration nor @ContextHierarchy found for test class [com.laundry.laundryMgmt.businessLogic.MachinesImplementationServicesTest]: using org.springframework.test.context.support.DelegatingSmartContextLoader
22:31:25.635 [Test worker] TRACE org.springframework.test.context.support.DefaultTestContextBootstrapper - Resolving ContextLoader for context configuration attributes [ContextConfigurationAttributes@7aead7d9 declaringClass = com.laundry.laundryMgmt.businessLogic.MachinesImplementationServicesTest, classes = [], locations = [], inheritLocations = false, initializers = [], inheritInitializers = true, name = null, contextLoaderClass = org.springframework.test.context.ContextLoader]
22:31:25.635 [Test worker] TRACE org.springframework.test.context.support.DefaultTestContextBootstrapper - Using ContextLoader class [org.springframework.test.context.support.DelegatingSmartContextLoader] for test class [com.laundry.laundryMgmt.businessLogic.MachinesImplementationServicesTest]
22:31:25.635 [Test worker] TRACE org.springframework.test.context.support.DefaultTestContextBootstrapper - Processing locations and classes for context configuration attributes [ContextConfigurationAttributes@7aead7d9 declaringClass = com.laundry.laundryMgmt.businessLogic.MachinesImplementationServicesTest, classes = [], locations = [], inheritLocations = false, initializers = [], inheritInitializers = true, name = null, contextLoaderClass = org.springframework.test.context.ContextLoader]
22:31:25.635 [Test worker] TRACE org.springframework.test.context.support.AbstractDelegatingSmartContextLoader - Delegating to GenericXmlContextLoader to process context configuration [ContextConfigurationAttributes@7aead7d9 declaringClass = com.laundry.laundryMgmt.businessLogic.MachinesImplementationServicesTest, classes = [], locations = [], inheritLocations = false, initializers = [], inheritInitializers = true, name = null, contextLoaderClass = org.springframework.test.context.ContextLoader]
22:31:25.635 [Test worker] TRACE org.springframework.test.context.support.AbstractContextLoader - Did not detect default resource location for test class [com.laundry.laundryMgmt.businessLogic.MachinesImplementationServicesTest]: class path resource [com/laundry/laundryMgmt/businessLogic/MachinesImplementationServicesTest-context.xml] does not exist
22:31:25.635 [Test worker] DEBUG org.springframework.test.context.support.AbstractContextLoader - Could not detect default resource locations for test class [com.laundry.laundryMgmt.businessLogic.MachinesImplementationServicesTest]: no resource found for suffixes {-context.xml}.
22:31:25.635 [Test worker] TRACE org.springframework.test.context.support.AbstractDelegatingSmartContextLoader - Delegating to AnnotationConfigContextLoader to process context configuration [ContextConfigurationAttributes@7aead7d9 declaringClass = com.laundry.laundryMgmt.businessLogic.MachinesImplementationServicesTest, classes = [], locations = [], inheritLocations = false, initializers = [], inheritInitializers = true, name = null, contextLoaderClass = org.springframework.test.context.ContextLoader]
22:31:25.635 [Test worker] TRACE org.springframework.test.context.support.AbstractDelegatingSmartContextLoader - AnnotationConfigContextLoader detected default configuration classes for context configuration [ContextConfigurationAttributes@7aead7d9 declaringClass = com.laundry.laundryMgmt.businessLogic.MachinesImplementationServicesTest, classes = [com.laundry.laundryMgmt.businessLogic.MachinesImplementationServicesTest.MachinesImplementationServicesTestConfig], locations = [], inheritLocations = false, initializers = [], inheritInitializers = true, name = null, contextLoaderClass = org.springframework.test.context.ContextLoader]
22:31:25.635 [Test worker] TRACE org.springframework.core.io.support.SpringFactoriesLoader - Loaded [org.springframework.test.context.ContextCustomizerFactory] names: [org.springframework.boot.test.autoconfigure.OverrideAutoConfigurationContextCustomizerFactory, org.springframework.boot.test.autoconfigure.actuate.observability.ObservabilityContextCustomizerFactory, org.springframework.boot.test.autoconfigure.filter.TypeExcludeFiltersContextCustomizerFactory, org.springframework.boot.test.autoconfigure.properties.PropertyMappingContextCustomizerFactory, org.springframework.boot.test.autoconfigure.web.servlet.WebDriverContextCustomizerFactory, org.springframework.boot.test.context.ImportsContextCustomizerFactory, org.springframework.boot.test.context.filter.ExcludeFilterContextCustomizerFactory, org.springframework.boot.test.graphql.tester.HttpGraphQlTesterContextCustomizerFactory, org.springframework.boot.test.json.DuplicateJsonObjectContextCustomizerFactory, org.springframework.boot.test.mock.mockito.MockitoContextCustomizerFactory, org.springframework.boot.test.web.client.TestRestTemplateContextCustomizerFactory, org.springframework.boot.test.web.reactive.server.WebTestClientContextCustomizerFactory, org.springframework.test.context.web.socket.MockServerContainerContextCustomizerFactory, org.springframework.test.context.support.DynamicPropertiesContextCustomizerFactory]
22:31:25.635 [Test worker] TRACE org.springframework.test.context.util.TestContextSpringFactoriesUtils - Loaded ContextCustomizerFactory implementations from location [META-INF/spring.factories]: [org.springframework.boot.test.autoconfigure.OverrideAutoConfigurationContextCustomizerFactory, org.springframework.boot.test.autoconfigure.actuate.observability.ObservabilityContextCustomizerFactory, org.springframework.boot.test.autoconfigure.filter.TypeExcludeFiltersContextCustomizerFactory, org.springframework.boot.test.autoconfigure.properties.PropertyMappingContextCustomizerFactory, org.springframework.boot.test.autoconfigure.web.servlet.WebDriverContextCustomizerFactory, org.springframework.boot.test.context.ImportsContextCustomizerFactory, org.springframework.boot.test.context.filter.ExcludeFilterContextCustomizerFactory, org.springframework.boot.test.graphql.tester.HttpGraphQlTesterContextCustomizerFactory, org.springframework.boot.test.json.DuplicateJsonObjectContextCustomizerFactory, org.springframework.boot.test.mock.mockito.MockitoContextCustomizerFactory, org.springframework.boot.test.web.client.TestRestTemplateContextCustomizerFactory, org.springframework.boot.test.web.reactive.server.WebTestClientContextCustomizerFactory, org.springframework.test.context.web.socket.MockServerContainerContextCustomizerFactory, org.springframework.test.context.support.DynamicPropertiesContextCustomizerFactory]
22:31:25.635 [Test worker] TRACE org.springframework.test.context.support.DefaultTestContextBootstrapper - Using ContextCustomizers for test class [com.laundry.laundryMgmt.businessLogic.MachinesImplementationServicesTest]: [org.springframework.boot.test.autoconfigure.actuate.observability.ObservabilityContextCustomizerFactory$DisableObservabilityContextCustomizer@1f, org.springframework.boot.test.autoconfigure.properties.PropertyMappingContextCustomizer@0, org.springframework.boot.test.autoconfigure.web.servlet.WebDriverContextCustomizer@25d958c6, org.springframework.boot.test.context.filter.ExcludeFilterContextCustomizer@34cf5a97, org.springframework.boot.test.json.DuplicateJsonObjectContextCustomizerFactory$DuplicateJsonObjectContextCustomizer@4b1abd11, org.springframework.boot.test.mock.mockito.MockitoContextCustomizer@0]
22:31:25.643 [Test worker] TRACE org.springframework.test.context.support.ApplicationContextInitializerUtils - Processing context initializers for configuration attributes [ContextConfigurationAttributes@7aead7d9 declaringClass = com.laundry.laundryMgmt.businessLogic.MachinesImplementationServicesTest, classes = [com.laundry.laundryMgmt.businessLogic.MachinesImplementationServicesTest.MachinesImplementationServicesTestConfig], locations = [], inheritLocations = false, initializers = [], inheritInitializers = true, name = null, contextLoaderClass = org.springframework.test.context.ContextLoader]
22:31:25.643 [Test worker] TRACE org.springframework.test.context.support.ActiveProfilesUtils - Could not find an 'annotation declaring class' for annotation type [org.springframework.test.context.ActiveProfiles] and class [com.laundry.laundryMgmt.businessLogic.MachinesImplementationServicesTest]
22:31:25.643 [Test worker] TRACE org.springframework.test.context.support.DefaultTestContextBootstrapper - @TestExecutionListeners is not present for class [com.laundry.laundryMgmt.businessLogic.MachinesImplementationServicesTest]: using defaults.
22:31:25.643 [Test worker] TRACE org.springframework.core.io.support.SpringFactoriesLoader - Loaded [org.springframework.test.context.TestExecutionListener] names: [org.springframework.security.test.context.support.WithSecurityContextTestExecutionListener, org.springframework.security.test.context.support.ReactorContextTestExecutionListener, org.springframework.boot.test.autoconfigure.restdocs.RestDocsTestExecutionListener, org.springframework.boot.test.autoconfigure.web.client.MockRestServiceServerResetTestExecutionListener, org.springframework.boot.test.autoconfigure.web.servlet.MockMvcPrintOnlyOnFailureTestExecutionListener, org.springframework.boot.test.autoconfigure.web.servlet.WebDriverTestExecutionListener, org.springframework.boot.test.autoconfigure.webservices.client.MockWebServiceServerTestExecutionListener, org.springframework.boot.test.mock.mockito.MockitoTestExecutionListener, org.springframework.boot.test.mock.mockito.ResetMocksTestExecutionListener, org.springframework.test.context.web.ServletTestExecutionListener, org.springframework.test.context.support.DirtiesContextBeforeModesTestExecutionListener, org.springframework.test.context.event.ApplicationEventsTestExecutionListener, org.springframework.test.context.support.DependencyInjectionTestExecutionListener, org.springframework.test.context.observation.MicrometerObservationRegistryTestExecutionListener, org.springframework.test.context.support.DirtiesContextTestExecutionListener, org.springframework.test.context.transaction.TransactionalTestExecutionListener, org.springframework.test.context.jdbc.SqlScriptsTestExecutionListener, org.springframework.test.context.event.EventPublishingTestExecutionListener]
22:31:25.644 [Test worker] DEBUG org.springframework.test.context.util.TestContextSpringFactoriesUtils - Skipping candidate TestExecutionListener [org.springframework.test.context.observation.MicrometerObservationRegistryTestExecutionListener] due to a missing dependency. Specify custom TestExecutionListener classes or make the default TestExecutionListener classes and their required dependencies available. Offending class: io.micrometer.context.ThreadLocalAccessor. MicrometerObservationRegistryTestExecutionListener requires io.micrometer:micrometer-observation:1.10.8 or higher and io.micrometer:context-propagation:1.0.3 or higher.
22:31:25.644 [Test worker] TRACE org.springframework.test.context.util.TestContextSpringFactoriesUtils - Loaded TestExecutionListener implementations from location [META-INF/spring.factories]: [org.springframework.test.context.web.ServletTestExecutionListener, org.springframework.test.context.support.DirtiesContextBeforeModesTestExecutionListener, org.springframework.test.context.event.ApplicationEventsTestExecutionListener, org.springframework.boot.test.mock.mockito.MockitoTestExecutionListener, org.springframework.test.context.support.DependencyInjectionTestExecutionListener, org.springframework.test.context.support.DirtiesContextTestExecutionListener, org.springframework.test.context.transaction.TransactionalTestExecutionListener, org.springframework.test.context.jdbc.SqlScriptsTestExecutionListener, org.springframework.security.test.context.support.WithSecurityContextTestExecutionListener, org.springframework.test.context.event.EventPublishingTestExecutionListener, org.springframework.security.test.context.support.ReactorContextTestExecutionListener, org.springframework.boot.test.autoconfigure.restdocs.RestDocsTestExecutionListener, org.springframework.boot.test.autoconfigure.web.client.MockRestServiceServerResetTestExecutionListener, org.springframework.boot.test.autoconfigure.web.servlet.MockMvcPrintOnlyOnFailureTestExecutionListener, org.springframework.boot.test.autoconfigure.web.servlet.WebDriverTestExecutionListener, org.springframework.boot.test.autoconfigure.webservices.client.MockWebServiceServerTestExecutionListener, org.springframework.boot.test.mock.mockito.ResetMocksTestExecutionListener]
22:31:25.644 [Test worker] TRACE org.springframework.test.context.support.DefaultTestContextBootstrapper - Using TestExecutionListeners for test class [com.laundry.laundryMgmt.businessLogic.MachinesImplementationServicesTest]: [org.springframework.test.context.web.ServletTestExecutionListener@76b49d0, org.springframework.test.context.support.DirtiesContextBeforeModesTestExecutionListener@223c42b0, org.springframework.test.context.event.ApplicationEventsTestExecutionListener@6acedf54, org.springframework.boot.test.mock.mockito.MockitoTestExecutionListener@2a0cc666, org.springframework.test.context.support.DependencyInjectionTestExecutionListener@77f43f3e, org.springframework.test.context.support.DirtiesContextTestExecutionListener@379ddab2, org.springframework.test.context.transaction.TransactionalTestExecutionListener@2b35976a, org.springframework.test.context.jdbc.SqlScriptsTestExecutionListener@67c64b9c, org.springframework.security.test.context.support.WithSecurityContextTestExecutionListener@311d8595, org.springframework.test.context.event.EventPublishingTestExecutionListener@688c914e, org.springframework.security.test.context.support.ReactorContextTestExecutionListener@6f05d5f2, org.springframework.boot.test.autoconfigure.restdocs.RestDocsTestExecutionListener@3acae925, org.springframework.boot.test.autoconfigure.web.client.MockRestServiceServerResetTestExecutionListener@67a6f2c4, org.springframework.boot.test.autoconfigure.web.servlet.MockMvcPrintOnlyOnFailureTestExecutionListener@6bac199f, org.springframework.boot.test.autoconfigure.web.servlet.WebDriverTestExecutionListener@2a47fb5d, org.springframework.boot.test.autoconfigure.webservices.client.MockWebServiceServerTestExecutionListener@47a9bcf1, org.springframework.boot.test.mock.mockito.ResetMocksTestExecutionListener@17c95612]
22:31:25.644 [Test worker] TRACE org.springframework.test.context.TestContextManager - Registering TestExecutionListener: org.springframework.test.context.web.ServletTestExecutionListener
22:31:25.644 [Test worker] TRACE org.springframework.test.context.TestContextManager - Registering TestExecutionListener: org.springframework.test.context.support.DirtiesContextBeforeModesTestExecutionListener
22:31:25.644 [Test worker] TRACE org.springframework.test.context.TestContextManager - Registering TestExecutionListener: org.springframework.test.context.event.ApplicationEventsTestExecutionListener
22:31:25.644 [Test worker] TRACE org.springframework.test.context.TestContextManager - Registering TestExecutionListener: org.springframework.boot.test.mock.mockito.MockitoTestExecutionListener
22:31:25.644 [Test worker] TRACE org.springframework.test.context.TestContextManager - Registering TestExecutionListener: org.springframework.test.context.support.DependencyInjectionTestExecutionListener
22:31:25.644 [Test worker] TRACE org.springframework.test.context.TestContextManager - Registering TestExecutionListener: org.springframework.test.context.support.DirtiesContextTestExecutionListener
22:31:25.645 [Test worker] TRACE org.springframework.test.context.TestContextManager - Registering TestExecutionListener: org.springframework.test.context.transaction.TransactionalTestExecutionListener
22:31:25.645 [Test worker] TRACE org.springframework.test.context.TestContextManager - Registering TestExecutionListener: org.springframework.test.context.jdbc.SqlScriptsTestExecutionListener
22:31:25.645 [Test worker] TRACE org.springframework.test.context.TestContextManager - Registering TestExecutionListener: org.springframework.security.test.context.support.WithSecurityContextTestExecutionListener
22:31:25.645 [Test worker] TRACE org.springframework.test.context.TestContextManager - Registering TestExecutionListener: org.springframework.test.context.event.EventPublishingTestExecutionListener
22:31:25.645 [Test worker] TRACE org.springframework.test.context.TestContextManager - Registering TestExecutionListener: org.springframework.security.test.context.support.ReactorContextTestExecutionListener
22:31:25.645 [Test worker] TRACE org.springframework.test.context.TestContextManager - Registering TestExecutionListener: org.springframework.boot.test.autoconfigure.restdocs.RestDocsTestExecutionListener
22:31:25.645 [Test worker] TRACE org.springframework.test.context.TestContextManager - Registering TestExecutionListener: org.springframework.boot.test.autoconfigure.web.client.MockRestServiceServerResetTestExecutionListener
22:31:25.645 [Test worker] TRACE org.springframework.test.context.TestContextManager - Registering TestExecutionListener: org.springframework.boot.test.autoconfigure.web.servlet.MockMvcPrintOnlyOnFailureTestExecutionListener
22:31:25.645 [Test worker] TRACE org.springframework.test.context.TestContextManager - Registering TestExecutionListener: org.springframework.boot.test.autoconfigure.web.servlet.WebDriverTestExecutionListener
22:31:25.645 [Test worker] TRACE org.springframework.test.context.TestContextManager - Registering TestExecutionListener: org.springframework.boot.test.autoconfigure.webservices.client.MockWebServiceServerTestExecutionListener
22:31:25.645 [Test worker] TRACE org.springframework.test.context.TestContextManager - Registering TestExecutionListener: org.springframework.boot.test.mock.mockito.ResetMocksTestExecutionListener
22:31:25.645 [Test worker] TRACE org.springframework.test.context.TestContextManager - beforeTestClass(): class [com.laundry.laundryMgmt.businessLogic.MachinesImplementationServicesTest]
22:31:25.645 [Test worker] TRACE org.springframework.test.context.support.DirtiesContextBeforeModesTestExecutionListener - Before test class: context [DefaultTestContext@1ca2d595 testClass = com.laundry.laundryMgmt.businessLogic.MachinesImplementationServicesTest, testInstance = null, testMethod = null, testException = null, mergedContextConfiguration = [MergedContextConfiguration@92a584f testClass = com.laundry.laundryMgmt.businessLogic.MachinesImplementationServicesTest, locations = [], classes = [com.laundry.laundryMgmt.businessLogic.MachinesImplementationServicesTest.MachinesImplementationServicesTestConfig], contextInitializerClasses = [], activeProfiles = [], propertySourceLocations = [], propertySourceProperties = [], contextCustomizers = [org.springframework.boot.test.autoconfigure.actuate.observability.ObservabilityContextCustomizerFactory$DisableObservabilityContextCustomizer@1f, org.springframework.boot.test.autoconfigure.properties.PropertyMappingContextCustomizer@0, org.springframework.boot.test.autoconfigure.web.servlet.WebDriverContextCustomizer@25d958c6, org.springframework.boot.test.context.filter.ExcludeFilterContextCustomizer@34cf5a97, org.springframework.boot.test.json.DuplicateJsonObjectContextCustomizerFactory$DuplicateJsonObjectContextCustomizer@4b1abd11, org.springframework.boot.test.mock.mockito.MockitoContextCustomizer@0], contextLoader = org.springframework.test.context.support.DelegatingSmartContextLoader, parent = null], attributes = {}], class annotated with @DirtiesContext [false] with mode [null]
22:31:25.645 [Test worker] TRACE org.springframework.test.context.TestContextManager - prepareTestInstance(): instance [com.laundry.laundryMgmt.businessLogic.MachinesImplementationServicesTest@36e23af]
22:31:25.645 [Test worker] TRACE org.springframework.test.context.support.DependencyInjectionTestExecutionListener - Performing dependency injection for test context [DefaultTestContext@1ca2d595 testClass = com.laundry.laundryMgmt.businessLogic.MachinesImplementationServicesTest, testInstance = com.laundry.laundryMgmt.businessLogic.MachinesImplementationServicesTest@36e23af, testMethod = null, testException = null, mergedContextConfiguration = [MergedContextConfiguration@92a584f testClass = com.laundry.laundryMgmt.businessLogic.MachinesImplementationServicesTest, locations = [], classes = [com.laundry.laundryMgmt.businessLogic.MachinesImplementationServicesTest.MachinesImplementationServicesTestConfig], contextInitializerClasses = [], activeProfiles = [], propertySourceLocations = [], propertySourceProperties = [], contextCustomizers = [org.springframework.boot.test.autoconfigure.actuate.observability.ObservabilityContextCustomizerFactory$DisableObservabilityContextCustomizer@1f, org.springframework.boot.test.autoconfigure.properties.PropertyMappingContextCustomizer@0, org.springframework.boot.test.autoconfigure.web.servlet.WebDriverContextCustomizer@25d958c6, org.springframework.boot.test.context.filter.ExcludeFilterContextCustomizer@34cf5a97, org.springframework.boot.test.json.DuplicateJsonObjectContextCustomizerFactory$DuplicateJsonObjectContextCustomizer@4b1abd11, org.springframework.boot.test.mock.mockito.MockitoContextCustomizer@0], contextLoader = org.springframework.test.context.support.DelegatingSmartContextLoader, parent = null], attributes = {"org.springframework.test.context.event.ApplicationEventsTestExecutionListener.recordApplicationEvents" -> false}]
22:31:25.647 [Test worker] TRACE org.springframework.test.context.support.AbstractDelegatingSmartContextLoader - Delegating to AnnotationConfigContextLoader to load context for [MergedContextConfiguration@92a584f testClass = com.laundry.laundryMgmt.businessLogic.MachinesImplementationServicesTest, locations = [], classes = [com.laundry.laundryMgmt.businessLogic.MachinesImplementationServicesTest.MachinesImplementationServicesTestConfig], contextInitializerClasses = [], activeProfiles = [], propertySourceLocations = [], propertySourceProperties = [], contextCustomizers = [org.springframework.boot.test.autoconfigure.actuate.observability.ObservabilityContextCustomizerFactory$DisableObservabilityContextCustomizer@1f, org.springframework.boot.test.autoconfigure.properties.PropertyMappingContextCustomizer@0, org.springframework.boot.test.autoconfigure.web.servlet.WebDriverContextCustomizer@25d958c6, org.springframework.boot.test.context.filter.ExcludeFilterContextCustomizer@34cf5a97, org.springframework.boot.test.json.DuplicateJsonObjectContextCustomizerFactory$DuplicateJsonObjectContextCustomizer@4b1abd11, org.springframework.boot.test.mock.mockito.MockitoContextCustomizer@0], contextLoader = org.springframework.test.context.support.DelegatingSmartContextLoader, parent = null]
22:31:25.647 [Test worker] TRACE org.springframework.test.context.support.AbstractGenericContextLoader - Loading ApplicationContext for [MergedContextConfiguration@92a584f testClass = com.laundry.laundryMgmt.businessLogic.MachinesImplementationServicesTest, locations = [], classes = [com.laundry.laundryMgmt.businessLogic.MachinesImplementationServicesTest.MachinesImplementationServicesTestConfig], contextInitializerClasses = [], activeProfiles = [], propertySourceLocations = [], propertySourceProperties = [], contextCustomizers = [org.springframework.boot.test.autoconfigure.actuate.observability.ObservabilityContextCustomizerFactory$DisableObservabilityContextCustomizer@1f, org.springframework.boot.test.autoconfigure.properties.PropertyMappingContextCustomizer@0, org.springframework.boot.test.autoconfigure.web.servlet.WebDriverContextCustomizer@25d958c6, org.springframework.boot.test.context.filter.ExcludeFilterContextCustomizer@34cf5a97, org.springframework.boot.test.json.DuplicateJsonObjectContextCustomizerFactory$DuplicateJsonObjectContextCustomizer@4b1abd11, org.springframework.boot.test.mock.mockito.MockitoContextCustomizer@0], contextLoader = org.springframework.test.context.support.DelegatingSmartContextLoader, parent = null]
22:31:25.648 [Test worker] DEBUG org.springframework.core.env.StandardEnvironment - Activating profiles []
22:31:25.648 [Test worker] DEBUG org.springframework.test.context.support.AnnotationConfigContextLoader - Registering component classes: [com.laundry.laundryMgmt.businessLogic.MachinesImplementationServicesTest$MachinesImplementationServicesTestConfig]
22:31:25.649 [Test worker] TRACE org.springframework.core.env.PropertySourcesPropertyResolver - Searching for key 'spring.test.observability.auto-configure' in PropertySource 'systemProperties'
22:31:25.649 [Test worker] TRACE org.springframework.core.env.PropertySourcesPropertyResolver - Searching for key 'spring.test.observability.auto-configure' in PropertySource 'systemEnvironment'
22:31:25.649 [Test worker] TRACE org.springframework.core.env.PropertySourcesPropertyResolver - Could not find key 'spring.test.observability.auto-configure' in any property source
22:31:25.649 [Test worker] TRACE org.springframework.core.env.PropertySourcesPropertyResolver - Searching for key 'spring.test.observability.auto-configure' in PropertySource 'configurationProperties'
22:31:25.650 [Test worker] TRACE org.springframework.core.env.PropertySourcesPropertyResolver - Searching for key 'spring.test.observability.auto-configure' in PropertySource 'test'
22:31:25.650 [Test worker] TRACE org.springframework.core.env.PropertySourcesPropertyResolver - Searching for key 'spring.test.observability.auto-configure' in PropertySource 'systemProperties'
22:31:25.650 [Test worker] TRACE org.springframework.core.env.PropertySourcesPropertyResolver - Searching for key 'spring.test.observability.auto-configure' in PropertySource 'systemEnvironment'
22:31:25.650 [Test worker] TRACE org.springframework.core.env.PropertySourcesPropertyResolver - Could not find key 'spring.test.observability.auto-configure' in any property source
22:31:25.654 [Test worker] TRACE org.springframework.context.support.GenericApplicationContext - Refreshing org.springframework.context.support.GenericApplicationContext@544ee437, started on Thu Jan 11 22:31:25 CET 2024
22:31:25.654 [Test worker] DEBUG org.springframework.beans.factory.support.DefaultListableBeanFactory - Creating shared instance of singleton bean 'org.springframework.context.annotation.internalConfigurationAnnotationProcessor'
22:31:25.654 [Test worker] TRACE org.springframework.beans.factory.support.DefaultListableBeanFactory - Creating instance of bean 'org.springframework.context.annotation.internalConfigurationAnnotationProcessor'
22:31:25.654 [Test worker] TRACE org.springframework.beans.factory.support.DefaultListableBeanFactory - Eagerly caching bean 'org.springframework.context.annotation.internalConfigurationAnnotationProcessor' to allow for resolving potential circular references
22:31:25.654 [Test worker] TRACE org.springframework.beans.factory.support.DefaultListableBeanFactory - Finished creating instance of bean 'org.springframework.context.annotation.internalConfigurationAnnotationProcessor'
22:31:25.654 [Test worker] TRACE org.springframework.context.annotation.ClassPathBeanDefinitionScanner - JSR-250 'jakarta.annotation.ManagedBean' found and supported for component scanning
22:31:25.658 [Test worker] TRACE org.springframework.context.annotation.ClassPathBeanDefinitionScanner - JSR-330 'jakarta.inject.Named' annotation found and supported for component scanning
22:31:25.659 [Test worker] TRACE org.springframework.core.io.support.PathMatchingResourcePatternResolver - Resolved module-path location pattern [com/laundry/laundryMgmt/businessLogic/**/*.class] to resources []
22:31:25.659 [Test worker] TRACE org.springframework.core.io.support.PathMatchingResourcePatternResolver - Resolved module-path location pattern [com/laundry/laundryMgmt/businessLogic/] to resources []
22:31:25.659 [Test worker] TRACE org.springframework.core.io.support.PathMatchingResourcePatternResolver - Resolved classpath location [com/laundry/laundryMgmt/businessLogic/] to resources [file [C:\Users\Lenovo\Project\TestBackend\build\classes\java\test\com\laundry\laundryMgmt\businessLogic], file [C:\Users\Lenovo\Project\TestBackend\build\classes\java\main\com\laundry\laundryMgmt\businessLogic]]
22:31:25.659 [Test worker] TRACE org.springframework.core.io.support.PathMatchingResourcePatternResolver - Searching directory [C:\Users\Lenovo\Project\TestBackend\build\classes\java\test\com\laundry\laundryMgmt\businessLogic] for files matching pattern [**/*.class]
22:31:25.659 [Test worker] TRACE org.springframework.core.io.support.PathMatchingResourcePatternResolver - Searching directory [C:\Users\Lenovo\Project\TestBackend\build\classes\java\main\com\laundry\laundryMgmt\businessLogic] for files matching pattern [**/*.class]
22:31:25.659 [Test worker] TRACE org.springframework.core.io.support.PathMatchingResourcePatternResolver - Resolved location pattern [classpath*:com/laundry/laundryMgmt/businessLogic/**/*.class] to resources [file [C:\Users\Lenovo\Project\TestBackend\build\classes\java\test\com\laundry\laundryMgmt\businessLogic\MachineImplentationServiceTest.class], file [C:\Users\Lenovo\Project\TestBackend\build\classes\java\test\com\laundry\laundryMgmt\businessLogic\MachinesImplementationServicesTest$MachinesImplementationServicesTestConfig.class], file [C:\Users\Lenovo\Project\TestBackend\build\classes\java\test\com\laundry\laundryMgmt\businessLogic\MachinesImplementationServicesTest.class], file [C:\Users\Lenovo\Project\TestBackend\build\classes\java\main\com\laundry\laundryMgmt\businessLogic\MachineImplementationService.class], file [C:\Users\Lenovo\Project\TestBackend\build\classes\java\main\com\laundry\laundryMgmt\businessLogic\MachineService.class], file [C:\Users\Lenovo\Project\TestBackend\build\classes\java\main\com\laundry\laundryMgmt\businessLogic\MachinesServices.class], file [C:\Users\Lenovo\Project\TestBackend\build\classes\java\main\com\laundry\laundryMgmt\businessLogic\MachinesServicesImplementation.class]]
22:31:25.659 [Test worker] TRACE org.springframework.context.annotation.ClassPathBeanDefinitionScanner - Scanning file [C:\Users\Lenovo\Project\TestBackend\build\classes\java\test\com\laundry\laundryMgmt\businessLogic\MachineImplentationServiceTest.class]
22:31:25.659 [Test worker] TRACE org.springframework.context.annotation.ClassPathBeanDefinitionScanner - Ignored because not matching any filter: file [C:\Users\Lenovo\Project\TestBackend\build\classes\java\test\com\laundry\laundryMgmt\businessLogic\MachineImplentationServiceTest.class]
22:31:25.659 [Test worker] TRACE org.springframework.context.annotation.ClassPathBeanDefinitionScanner - Scanning file [C:\Users\Lenovo\Project\TestBackend\build\classes\java\test\com\laundry\laundryMgmt\businessLogic\MachinesImplementationServicesTest$MachinesImplementationServicesTestConfig.class]
22:31:25.659 [Test worker] TRACE org.springframework.context.annotation.ClassPathBeanDefinitionScanner - Ignored because not matching any filter: file [C:\Users\Lenovo\Project\TestBackend\build\classes\java\test\com\laundry\laundryMgmt\businessLogic\MachinesImplementationServicesTest$MachinesImplementationServicesTestConfig.class]
22:31:25.659 [Test worker] TRACE org.springframework.context.annotation.ClassPathBeanDefinitionScanner - Scanning file [C:\Users\Lenovo\Project\TestBackend\build\classes\java\test\com\laundry\laundryMgmt\businessLogic\MachinesImplementationServicesTest.class]
22:31:25.659 [Test worker] TRACE org.springframework.context.annotation.ClassPathBeanDefinitionScanner - Ignored because not matching any filter: file [C:\Users\Lenovo\Project\TestBackend\build\classes\java\test\com\laundry\laundryMgmt\businessLogic\MachinesImplementationServicesTest.class]
22:31:25.659 [Test worker] TRACE org.springframework.context.annotation.ClassPathBeanDefinitionScanner - Scanning file [C:\Users\Lenovo\Project\TestBackend\build\classes\java\main\com\laundry\laundryMgmt\businessLogic\MachineImplementationService.class]
22:31:25.659 [Test worker] DEBUG org.springframework.context.annotation.ClassPathBeanDefinitionScanner - Identified candidate component class: file [C:\Users\Lenovo\Project\TestBackend\build\classes\java\main\com\laundry\laundryMgmt\businessLogic\MachineImplementationService.class]
22:31:25.659 [Test worker] TRACE org.springframework.context.annotation.ClassPathBeanDefinitionScanner - Scanning file [C:\Users\Lenovo\Project\TestBackend\build\classes\java\main\com\laundry\laundryMgmt\businessLogic\MachineService.class]
22:31:25.667 [Test worker] TRACE org.springframework.context.annotation.ClassPathBeanDefinitionScanner - Ignored because not matching any filter: file [C:\Users\Lenovo\Project\TestBackend\build\classes\java\main\com\laundry\laundryMgmt\businessLogic\MachineService.class]
22:31:25.667 [Test worker] TRACE org.springframework.context.annotation.ClassPathBeanDefinitionScanner - Scanning file [C:\Users\Lenovo\Project\TestBackend\build\classes\java\main\com\laundry\laundryMgmt\businessLogic\MachinesServices.class]
22:31:25.667 [Test worker] TRACE org.springframework.context.annotation.ClassPathBeanDefinitionScanner - Ignored because not matching any filter: file [C:\Users\Lenovo\Project\TestBackend\build\classes\java\main\com\laundry\laundryMgmt\businessLogic\MachinesServices.class]
22:31:25.667 [Test worker] TRACE org.springframework.context.annotation.ClassPathBeanDefinitionScanner - Scanning file [C:\Users\Lenovo\Project\TestBackend\build\classes\java\main\com\laundry\laundryMgmt\businessLogic\MachinesServicesImplementation.class]
22:31:25.667 [Test worker] DEBUG org.springframework.context.annotation.ClassPathBeanDefinitionScanner - Identified candidate component class: file [C:\Users\Lenovo\Project\TestBackend\build\classes\java\main\com\laundry\laundryMgmt\businessLogic\MachinesServicesImplementation.class]
22:31:25.675 [Test worker] TRACE org.springframework.context.annotation.ConfigurationClassEnhancer - Successfully enhanced com.laundry.laundryMgmt.businessLogic.MachinesImplementationServicesTest$MachinesImplementationServicesTestConfig; enhanced class name is: com.laundry.laundryMgmt.businessLogic.MachinesImplementationServicesTest$MachinesImplementationServicesTestConfig$$SpringCGLIB$$0
22:31:25.675 [Test worker] TRACE org.springframework.context.annotation.ConfigurationClassPostProcessor - Replacing bean definition 'machinesImplementationServicesTest.MachinesImplementationServicesTestConfig' existing class 'com.laundry.laundryMgmt.businessLogic.MachinesImplementationServicesTest$MachinesImplementationServicesTestConfig' with enhanced class 'com.laundry.laundryMgmt.businessLogic.MachinesImplementationServicesTest$MachinesImplementationServicesTestConfig$$SpringCGLIB$$0'
22:31:25.675 [Test worker] DEBUG org.springframework.beans.factory.support.DefaultListableBeanFactory - Creating shared instance of singleton bean 'org.springframework.boot.test.mock.mockito.MockitoPostProcessor'
22:31:25.675 [Test worker] TRACE org.springframework.beans.factory.support.DefaultListableBeanFactory - Creating instance of bean 'org.springframework.boot.test.mock.mockito.MockitoPostProcessor'
22:31:25.675 [Test worker] TRACE org.springframework.beans.factory.support.DefaultListableBeanFactory - Eagerly caching bean 'org.springframework.boot.test.mock.mockito.MockitoPostProcessor' to allow for resolving potential circular references
22:31:25.675 [Test worker] TRACE org.springframework.beans.factory.support.DefaultListableBeanFactory - Finished creating instance of bean 'org.springframework.boot.test.mock.mockito.MockitoPostProcessor'
22:31:25.677 [Test worker] DEBUG org.springframework.beans.factory.support.DefaultListableBeanFactory - Creating shared instance of singleton bean 'org.springframework.context.event.internalEventListenerProcessor'
22:31:25.677 [Test worker] TRACE org.springframework.beans.factory.support.DefaultListableBeanFactory - Creating instance of bean 'org.springframework.context.event.internalEventListenerProcessor'
22:31:25.677 [Test worker] TRACE org.springframework.beans.factory.support.DefaultListableBeanFactory - Eagerly caching bean 'org.springframework.context.event.internalEventListenerProcessor' to allow for resolving potential circular references
22:31:25.677 [Test worker] TRACE org.springframework.beans.factory.support.DefaultListableBeanFactory - Finished creating instance of bean 'org.springframework.context.event.internalEventListenerProcessor'
22:31:25.677 [Test worker] DEBUG org.springframework.beans.factory.support.DefaultListableBeanFactory - Creating shared instance of singleton bean 'org.springframework.context.event.internalEventListenerFactory'
22:31:25.677 [Test worker] TRACE org.springframework.beans.factory.support.DefaultListableBeanFactory - Creating instance of bean 'org.springframework.context.event.internalEventListenerFactory'
22:31:25.677 [Test worker] TRACE org.springframework.beans.factory.support.DefaultListableBeanFactory - Eagerly caching bean 'org.springframework.context.event.internalEventListenerFactory' to allow for resolving potential circular references
22:31:25.677 [Test worker] TRACE org.springframework.beans.factory.support.DefaultListableBeanFactory - Finished creating instance of bean 'org.springframework.context.event.internalEventListenerFactory'
22:31:25.677 [Test worker] DEBUG org.springframework.beans.factory.support.DefaultListableBeanFactory - Creating shared instance of singleton bean 'org.springframework.context.annotation.internalAutowiredAnnotationProcessor'
22:31:25.677 [Test worker] TRACE org.springframework.beans.factory.support.DefaultListableBeanFactory - Creating instance of bean 'org.springframework.context.annotation.internalAutowiredAnnotationProcessor'
22:31:25.677 [Test worker] TRACE org.springframework.beans.factory.annotation.AutowiredAnnotationBeanPostProcessor - 'jakarta.inject.Inject' annotation found and supported for autowiring
22:31:25.677 [Test worker] TRACE org.springframework.beans.factory.support.DefaultListableBeanFactory - Eagerly caching bean 'org.springframework.context.annotation.internalAutowiredAnnotationProcessor' to allow for resolving potential circular references
22:31:25.677 [Test worker] TRACE org.springframework.beans.factory.support.DefaultListableBeanFactory - Finished creating instance of bean 'org.springframework.context.annotation.internalAutowiredAnnotationProcessor'
22:31:25.677 [Test worker] DEBUG org.springframework.beans.factory.support.DefaultListableBeanFactory - Creating shared instance of singleton bean 'org.springframework.context.annotation.internalCommonAnnotationProcessor'
22:31:25.677 [Test worker] TRACE org.springframework.beans.factory.support.DefaultListableBeanFactory - Creating instance of bean 'org.springframework.context.annotation.internalCommonAnnotationProcessor'
22:31:25.677 [Test worker] TRACE org.springframework.beans.factory.support.DefaultListableBeanFactory - Eagerly caching bean 'org.springframework.context.annotation.internalCommonAnnotationProcessor' to allow for resolving potential circular references
22:31:25.677 [Test worker] TRACE org.springframework.beans.factory.support.DefaultListableBeanFactory - Finished creating instance of bean 'org.springframework.context.annotation.internalCommonAnnotationProcessor'
22:31:25.677 [Test worker] DEBUG org.springframework.beans.factory.support.DefaultListableBeanFactory - Creating shared instance of singleton bean 'org.springframework.context.annotation.internalPersistenceAnnotationProcessor'
22:31:25.677 [Test worker] TRACE org.springframework.beans.factory.support.DefaultListableBeanFactory - Creating instance of bean 'org.springframework.context.annotation.internalPersistenceAnnotationProcessor'
22:31:25.677 [Test worker] TRACE org.springframework.beans.factory.support.DefaultListableBeanFactory - Eagerly caching bean 'org.springframework.context.annotation.internalPersistenceAnnotationProcessor' to allow for resolving potential circular references
22:31:25.677 [Test worker] TRACE org.springframework.beans.factory.support.DefaultListableBeanFactory - Finished creating instance of bean 'org.springframework.context.annotation.internalPersistenceAnnotationProcessor'
22:31:25.677 [Test worker] DEBUG org.springframework.beans.factory.support.DefaultListableBeanFactory - Creating shared instance of singleton bean 'org.springframework.boot.test.mock.mockito.MockitoPostProcessor$SpyPostProcessor'
22:31:25.677 [Test worker] TRACE org.springframework.beans.factory.support.DefaultListableBeanFactory - Creating instance of bean 'org.springframework.boot.test.mock.mockito.MockitoPostProcessor$SpyPostProcessor'
22:31:25.677 [Test worker] TRACE org.springframework.beans.factory.support.DefaultListableBeanFactory - Returning cached instance of singleton bean 'org.springframework.boot.test.mock.mockito.MockitoPostProcessor'
22:31:25.677 [Test worker] TRACE org.springframework.beans.factory.support.DefaultListableBeanFactory - Eagerly caching bean 'org.springframework.boot.test.mock.mockito.MockitoPostProcessor$SpyPostProcessor' to allow for resolving potential circular references
22:31:25.677 [Test worker] TRACE org.springframework.beans.factory.support.DefaultListableBeanFactory - Finished creating instance of bean 'org.springframework.boot.test.mock.mockito.MockitoPostProcessor$SpyPostProcessor'
22:31:25.677 [Test worker] TRACE org.springframework.beans.factory.support.DefaultListableBeanFactory - Returning cached instance of singleton bean 'org.springframework.boot.test.mock.mockito.MockitoPostProcessor'
22:31:25.683 [Test worker] TRACE org.springframework.beans.factory.support.DefaultListableBeanFactory - Returning cached instance of singleton bean 'org.springframework.boot.test.autoconfigure.properties.PropertyMappingContextCustomizer$PropertyMappingCheckBeanPostProcessor'
22:31:25.683 [Test worker] TRACE org.springframework.context.support.GenericApplicationContext - No 'messageSource' bean, using [Empty MessageSource]
22:31:25.683 [Test worker] TRACE org.springframework.context.support.GenericApplicationContext - No 'applicationEventMulticaster' bean, using [SimpleApplicationEventMulticaster]
22:31:25.683 [Test worker] TRACE org.springframework.beans.factory.support.DefaultListableBeanFactory - Pre-instantiating singletons in org.springframework.beans.factory.support.DefaultListableBeanFactory@6dc010a2: defining beans [org.springframework.context.annotation.internalConfigurationAnnotationProcessor,org.springframework.context.annotation.internalAutowiredAnnotationProcessor,org.springframework.context.annotation.internalCommonAnnotationProcessor,org.springframework.context.annotation.internalPersistenceAnnotationProcessor,org.springframework.context.event.internalEventListenerProcessor,org.springframework.context.event.internalEventListenerFactory,machinesImplementationServicesTest.MachinesImplementationServicesTestConfig,org.springframework.boot.test.mock.mockito.MockitoPostProcessor$SpyPostProcessor,org.springframework.boot.test.mock.mockito.MockitoPostProcessor,machineImplementationService,machinesServicesImplementation]; root of factory hierarchy
22:31:25.683 [Test worker] TRACE org.springframework.beans.factory.support.DefaultListableBeanFactory - Returning cached instance of singleton bean 'org.springframework.context.annotation.internalConfigurationAnnotationProcessor'
22:31:25.683 [Test worker] TRACE org.springframework.beans.factory.support.DefaultListableBeanFactory - Returning cached instance of singleton bean 'org.springframework.context.annotation.internalAutowiredAnnotationProcessor'
22:31:25.683 [Test worker] TRACE org.springframework.beans.factory.support.DefaultListableBeanFactory - Returning cached instance of singleton bean 'org.springframework.context.annotation.internalCommonAnnotationProcessor'
22:31:25.683 [Test worker] TRACE org.springframework.beans.factory.support.DefaultListableBeanFactory - Returning cached instance of singleton bean 'org.springframework.context.annotation.internalPersistenceAnnotationProcessor'
22:31:25.683 [Test worker] TRACE org.springframework.beans.factory.support.DefaultListableBeanFactory - Returning cached instance of singleton bean 'org.springframework.context.event.internalEventListenerProcessor'
22:31:25.683 [Test worker] TRACE org.springframework.beans.factory.support.DefaultListableBeanFactory - Returning cached instance of singleton bean 'org.springframework.context.event.internalEventListenerFactory'
22:31:25.683 [Test worker] DEBUG org.springframework.beans.factory.support.DefaultListableBeanFactory - Creating shared instance of singleton bean 'machinesImplementationServicesTest.MachinesImplementationServicesTestConfig'
22:31:25.683 [Test worker] TRACE org.springframework.beans.factory.support.DefaultListableBeanFactory - Creating instance of bean 'machinesImplementationServicesTest.MachinesImplementationServicesTestConfig'
22:31:25.683 [Test worker] TRACE org.springframework.beans.factory.support.DefaultListableBeanFactory - Eagerly caching bean 'machinesImplementationServicesTest.MachinesImplementationServicesTestConfig' to allow for resolving potential circular references
22:31:25.683 [Test worker] TRACE org.springframework.beans.factory.support.DefaultListableBeanFactory - Finished creating instance of bean 'machinesImplementationServicesTest.MachinesImplementationServicesTestConfig'
22:31:25.683 [Test worker] TRACE org.springframework.beans.factory.support.DefaultListableBeanFactory - Returning cached instance of singleton bean 'org.springframework.boot.test.mock.mockito.MockitoPostProcessor$SpyPostProcessor'
22:31:25.683 [Test worker] TRACE org.springframework.beans.factory.support.DefaultListableBeanFactory - Returning cached instance of singleton bean 'org.springframework.boot.test.mock.mockito.MockitoPostProcessor'
22:31:25.683 [Test worker] DEBUG org.springframework.beans.factory.support.DefaultListableBeanFactory - Creating shared instance of singleton bean 'machineImplementationService'
22:31:25.683 [Test worker] TRACE org.springframework.beans.factory.support.DefaultListableBeanFactory - Creating instance of bean 'machineImplementationService'
22:31:25.683 [Test worker] TRACE org.springframework.beans.factory.support.DefaultListableBeanFactory - Eagerly caching bean 'machineImplementationService' to allow for resolving potential circular references
22:31:25.683 [Test worker] TRACE org.springframework.beans.factory.support.DefaultListableBeanFactory - Finished creating instance of bean 'machineImplementationService'
22:31:25.683 [Test worker] DEBUG org.springframework.beans.factory.support.DefaultListableBeanFactory - Creating shared instance of singleton bean 'machinesServicesImplementation'
22:31:25.683 [Test worker] TRACE org.springframework.beans.factory.support.DefaultListableBeanFactory - Creating instance of bean 'machinesServicesImplementation'
22:31:25.683 [Test worker] TRACE org.springframework.beans.CachedIntrospectionResults - Getting BeanInfo for class [com.laundry.laundryMgmt.businessLogic.MachinesServicesImplementation]
22:31:25.683 [Test worker] TRACE org.springframework.beans.CachedIntrospectionResults - Caching PropertyDescriptors for class [com.laundry.laundryMgmt.businessLogic.MachinesServicesImplementation]
22:31:25.683 [Test worker] TRACE org.springframework.beans.CachedIntrospectionResults - Found bean property 'class' of type [java.lang.Class]
22:31:25.683 [Test worker] TRACE org.springframework.beans.CachedIntrospectionResults - Found bean property 'machineService' of type [com.laundry.laundryMgmt.businessLogic.MachineService]
22:31:25.683 [Test worker] TRACE org.springframework.beans.factory.support.DefaultListableBeanFactory - Eagerly caching bean 'machinesServicesImplementation' to allow for resolving potential circular references
22:31:25.683 [Test worker] TRACE org.springframework.beans.factory.support.DefaultListableBeanFactory - Returning cached instance of singleton bean 'machineImplementationService'
22:31:25.683 [Test worker] TRACE org.springframework.beans.factory.annotation.AutowiredAnnotationBeanPostProcessor - Autowiring by type from bean name 'machinesServicesImplementation' to bean named 'machineImplementationService'
22:31:25.683 [Test worker] TRACE org.springframework.beans.factory.support.DefaultListableBeanFactory - Finished creating instance of bean 'machinesServicesImplementation'
22:31:25.683 [Test worker] TRACE org.springframework.context.event.EventListenerMethodProcessor - No @EventListener annotations found on bean class: com.laundry.laundryMgmt.businessLogic.MachinesImplementationServicesTest$MachinesImplementationServicesTestConfig$$SpringCGLIB$$0
22:31:25.683 [Test worker] TRACE org.springframework.context.event.EventListenerMethodProcessor - No @EventListener annotations found on bean class: com.laundry.laundryMgmt.businessLogic.MachineImplementationService
22:31:25.683 [Test worker] TRACE org.springframework.context.event.EventListenerMethodProcessor - No @EventListener annotations found on bean class: com.laundry.laundryMgmt.businessLogic.MachinesServicesImplementation
22:31:25.683 [Test worker] TRACE org.springframework.context.support.GenericApplicationContext - No 'lifecycleProcessor' bean, using [DefaultLifecycleProcessor]
22:31:25.683 [Test worker] TRACE org.springframework.beans.factory.support.DefaultListableBeanFactory - Returning cached instance of singleton bean 'lifecycleProcessor'
22:31:25.683 [Test worker] TRACE org.springframework.test.context.cache.DefaultCacheAwareContextLoaderDelegate - Storing ApplicationContext [1414456375] in cache under key [MergedContextConfiguration@92a584f testClass = com.laundry.laundryMgmt.businessLogic.MachinesImplementationServicesTest, locations = [], classes = [com.laundry.laundryMgmt.businessLogic.MachinesImplementationServicesTest.MachinesImplementationServicesTestConfig], contextInitializerClasses = [], activeProfiles = [], propertySourceLocations = [], propertySourceProperties = [], contextCustomizers = [org.springframework.boot.test.autoconfigure.actuate.observability.ObservabilityContextCustomizerFactory$DisableObservabilityContextCustomizer@1f, org.springframework.boot.test.autoconfigure.properties.PropertyMappingContextCustomizer@0, org.springframework.boot.test.autoconfigure.web.servlet.WebDriverContextCustomizer@25d958c6, org.springframework.boot.test.context.filter.ExcludeFilterContextCustomizer@34cf5a97, org.springframework.boot.test.json.DuplicateJsonObjectContextCustomizerFactory$DuplicateJsonObjectContextCustomizer@4b1abd11, org.springframework.boot.test.mock.mockito.MockitoContextCustomizer@0], contextLoader = org.springframework.test.context.support.DelegatingSmartContextLoader, parent = null]
22:31:25.683 [Test worker] DEBUG org.springframework.test.context.cache - Spring test ApplicationContext cache statistics: [DefaultContextCache@2a1fce44 size = 3, maxSize = 32, parentContextCount = 0, hitCount = 56, missCount = 3]
22:31:25.691 [Test worker] TRACE org.springframework.beans.factory.support.DefaultListableBeanFactory - Returning cached instance of singleton bean 'machinesServicesImplementation'
22:31:25.691 [Test worker] TRACE org.springframework.beans.factory.annotation.AutowiredAnnotationBeanPostProcessor - Autowiring by type from bean name 'com.laundry.laundryMgmt.businessLogic.MachinesImplementationServicesTest' to bean named 'machinesServicesImplementation'
22:31:25.691 [Test worker] TRACE org.springframework.test.context.cache.DefaultCacheAwareContextLoaderDelegate - Retrieved ApplicationContext [1414456375] from cache with key [MergedContextConfiguration@92a584f testClass = com.laundry.laundryMgmt.businessLogic.MachinesImplementationServicesTest, locations = [], classes = [com.laundry.laundryMgmt.businessLogic.MachinesImplementationServicesTest.MachinesImplementationServicesTestConfig], contextInitializerClasses = [], activeProfiles = [], propertySourceLocations = [], propertySourceProperties = [], contextCustomizers = [org.springframework.boot.test.autoconfigure.actuate.observability.ObservabilityContextCustomizerFactory$DisableObservabilityContextCustomizer@1f, org.springframework.boot.test.autoconfigure.properties.PropertyMappingContextCustomizer@0, org.springframework.boot.test.autoconfigure.web.servlet.WebDriverContextCustomizer@25d958c6, org.springframework.boot.test.context.filter.ExcludeFilterContextCustomizer@34cf5a97, org.springframework.boot.test.json.DuplicateJsonObjectContextCustomizerFactory$DuplicateJsonObjectContextCustomizer@4b1abd11, org.springframework.boot.test.mock.mockito.MockitoContextCustomizer@0], contextLoader = org.springframework.test.context.support.DelegatingSmartContextLoader, parent = null]
22:31:25.691 [Test worker] DEBUG org.springframework.test.context.cache - Spring test ApplicationContext cache statistics: [DefaultContextCache@2a1fce44 size = 3, maxSize = 32, parentContextCount = 0, hitCount = 57, missCount = 3]
22:31:25.691 [Test worker] TRACE org.springframework.test.context.TestContextManager - beforeTestMethod(): instance [com.laundry.laundryMgmt.businessLogic.MachinesImplementationServicesTest@36e23af], method [public void com.laundry.laundryMgmt.businessLogic.MachinesImplementationServicesTest.testWashingTimes(org.springframework.boot.test.system.CapturedOutput)]
22:31:25.691 [Test worker] TRACE org.springframework.test.context.support.DirtiesContextBeforeModesTestExecutionListener - Before test method: context [DefaultTestContext@1ca2d595 testClass = com.laundry.laundryMgmt.businessLogic.MachinesImplementationServicesTest, testInstance = com.laundry.laundryMgmt.businessLogic.MachinesImplementationServicesTest@36e23af, testMethod = testWashingTimes(CapturedOutput), testException = null, mergedContextConfiguration = [MergedContextConfiguration@92a584f testClass = com.laundry.laundryMgmt.businessLogic.MachinesImplementationServicesTest, locations = [], classes = [com.laundry.laundryMgmt.businessLogic.MachinesImplementationServicesTest.MachinesImplementationServicesTestConfig], contextInitializerClasses = [], activeProfiles = [], propertySourceLocations = [], propertySourceProperties = [], contextCustomizers = [org.springframework.boot.test.autoconfigure.actuate.observability.ObservabilityContextCustomizerFactory$DisableObservabilityContextCustomizer@1f, org.springframework.boot.test.autoconfigure.properties.PropertyMappingContextCustomizer@0, org.springframework.boot.test.autoconfigure.web.servlet.WebDriverContextCustomizer@25d958c6, org.springframework.boot.test.context.filter.ExcludeFilterContextCustomizer@34cf5a97, org.springframework.boot.test.json.DuplicateJsonObjectContextCustomizerFactory$DuplicateJsonObjectContextCustomizer@4b1abd11, org.springframework.boot.test.mock.mockito.MockitoContextCustomizer@0], contextLoader = org.springframework.test.context.support.DelegatingSmartContextLoader, parent = null], attributes = {"org.springframework.test.context.event.ApplicationEventsTestExecutionListener.recordApplicationEvents" -> false}], class annotated with @DirtiesContext [false] with mode [null], method annotated with @DirtiesContext [false] with mode [null]
22:31:25.691 [Test worker] TRACE org.springframework.test.context.cache.DefaultCacheAwareContextLoaderDelegate - Retrieved ApplicationContext [1414456375] from cache with key [MergedContextConfiguration@92a584f testClass = com.laundry.laundryMgmt.businessLogic.MachinesImplementationServicesTest, locations = [], classes = [com.laundry.laundryMgmt.businessLogic.MachinesImplementationServicesTest.MachinesImplementationServicesTestConfig], contextInitializerClasses = [], activeProfiles = [], propertySourceLocations = [], propertySourceProperties = [], contextCustomizers = [org.springframework.boot.test.autoconfigure.actuate.observability.ObservabilityContextCustomizerFactory$DisableObservabilityContextCustomizer@1f, org.springframework.boot.test.autoconfigure.properties.PropertyMappingContextCustomizer@0, org.springframework.boot.test.autoconfigure.web.servlet.WebDriverContextCustomizer@25d958c6, org.springframework.boot.test.context.filter.ExcludeFilterContextCustomizer@34cf5a97, org.springframework.boot.test.json.DuplicateJsonObjectContextCustomizerFactory$DuplicateJsonObjectContextCustomizer@4b1abd11, org.springframework.boot.test.mock.mockito.MockitoContextCustomizer@0], contextLoader = org.springframework.test.context.support.DelegatingSmartContextLoader, parent = null]
22:31:25.691 [Test worker] DEBUG org.springframework.test.context.cache - Spring test ApplicationContext cache statistics: [DefaultContextCache@2a1fce44 size = 3, maxSize = 32, parentContextCount = 0, hitCount = 58, missCount = 3]
22:31:25.691 [Test worker] TRACE org.springframework.test.context.cache.DefaultCacheAwareContextLoaderDelegate - Retrieved ApplicationContext [1414456375] from cache with key [MergedContextConfiguration@92a584f testClass = com.laundry.laundryMgmt.businessLogic.MachinesImplementationServicesTest, locations = [], classes = [com.laundry.laundryMgmt.businessLogic.MachinesImplementationServicesTest.MachinesImplementationServicesTestConfig], contextInitializerClasses = [], activeProfiles = [], propertySourceLocations = [], propertySourceProperties = [], contextCustomizers = [org.springframework.boot.test.autoconfigure.actuate.observability.ObservabilityContextCustomizerFactory$DisableObservabilityContextCustomizer@1f, org.springframework.boot.test.autoconfigure.properties.PropertyMappingContextCustomizer@0, org.springframework.boot.test.autoconfigure.web.servlet.WebDriverContextCustomizer@25d958c6, org.springframework.boot.test.context.filter.ExcludeFilterContextCustomizer@34cf5a97, org.springframework.boot.test.json.DuplicateJsonObjectContextCustomizerFactory$DuplicateJsonObjectContextCustomizer@4b1abd11, org.springframework.boot.test.mock.mockito.MockitoContextCustomizer@0], contextLoader = org.springframework.test.context.support.DelegatingSmartContextLoader, parent = null]
22:31:25.691 [Test worker] DEBUG org.springframework.test.context.cache - Spring test ApplicationContext cache statistics: [DefaultContextCache@2a1fce44 size = 3, maxSize = 32, parentContextCount = 0, hitCount = 59, missCount = 3]
22:31:25.691 [Test worker] TRACE org.springframework.beans.factory.support.DefaultListableBeanFactory - Returning cached instance of singleton bean 'org.springframework.context.annotation.internalConfigurationAnnotationProcessor'
22:31:25.691 [Test worker] TRACE org.springframework.beans.factory.support.DefaultListableBeanFactory - Returning cached instance of singleton bean 'org.springframework.context.annotation.internalAutowiredAnnotationProcessor'
22:31:25.691 [Test worker] TRACE org.springframework.beans.factory.support.DefaultListableBeanFactory - Returning cached instance of singleton bean 'org.springframework.context.annotation.internalCommonAnnotationProcessor'
22:31:25.691 [Test worker] TRACE org.springframework.beans.factory.support.DefaultListableBeanFactory - Returning cached instance of singleton bean 'org.springframework.context.annotation.internalPersistenceAnnotationProcessor'
22:31:25.691 [Test worker] TRACE org.springframework.beans.factory.support.DefaultListableBeanFactory - Returning cached instance of singleton bean 'org.springframework.context.event.internalEventListenerProcessor'
22:31:25.691 [Test worker] TRACE org.springframework.beans.factory.support.DefaultListableBeanFactory - Returning cached instance of singleton bean 'org.springframework.context.event.internalEventListenerFactory'
22:31:25.691 [Test worker] TRACE org.springframework.beans.factory.support.DefaultListableBeanFactory - Returning cached instance of singleton bean 'machinesImplementationServicesTest.MachinesImplementationServicesTestConfig'
22:31:25.691 [Test worker] TRACE org.springframework.beans.factory.support.DefaultListableBeanFactory - Returning cached instance of singleton bean 'org.springframework.boot.test.mock.mockito.MockitoPostProcessor$SpyPostProcessor'
22:31:25.691 [Test worker] TRACE org.springframework.beans.factory.support.DefaultListableBeanFactory - Returning cached instance of singleton bean 'org.springframework.boot.test.mock.mockito.MockitoPostProcessor'
22:31:25.691 [Test worker] TRACE org.springframework.beans.factory.support.DefaultListableBeanFactory - Returning cached instance of singleton bean 'machineImplementationService'
22:31:25.691 [Test worker] TRACE org.springframework.beans.factory.support.DefaultListableBeanFactory - Returning cached instance of singleton bean 'machinesServicesImplementation'
22:31:25.691 [Test worker] TRACE org.springframework.beans.factory.support.DefaultListableBeanFactory - Returning cached instance of singleton bean 'org.springframework.boot.test.mock.mockito.MockitoBeans'
22:31:25.691 [Test worker] TRACE org.springframework.test.context.TestContextManager - beforeTestExecution(): instance [com.laundry.laundryMgmt.businessLogic.MachinesImplementationServicesTest@36e23af], method [public void com.laundry.laundryMgmt.businessLogic.MachinesImplementationServicesTest.testWashingTimes(org.springframework.boot.test.system.CapturedOutput)]
22:31:25.691 [Test worker] TRACE org.springframework.test.context.cache.DefaultCacheAwareContextLoaderDelegate - Retrieved ApplicationContext [1414456375] from cache with key [MergedContextConfiguration@92a584f testClass = com.laundry.laundryMgmt.businessLogic.MachinesImplementationServicesTest, locations = [], classes = [com.laundry.laundryMgmt.businessLogic.MachinesImplementationServicesTest.MachinesImplementationServicesTestConfig], contextInitializerClasses = [], activeProfiles = [], propertySourceLocations = [], propertySourceProperties = [], contextCustomizers = [org.springframework.boot.test.autoconfigure.actuate.observability.ObservabilityContextCustomizerFactory$DisableObservabilityContextCustomizer@1f, org.springframework.boot.test.autoconfigure.properties.PropertyMappingContextCustomizer@0, org.springframework.boot.test.autoconfigure.web.servlet.WebDriverContextCustomizer@25d958c6, org.springframework.boot.test.context.filter.ExcludeFilterContextCustomizer@34cf5a97, org.springframework.boot.test.json.DuplicateJsonObjectContextCustomizerFactory$DuplicateJsonObjectContextCustomizer@4b1abd11, org.springframework.boot.test.mock.mockito.MockitoContextCustomizer@0], contextLoader = org.springframework.test.context.support.DelegatingSmartContextLoader, parent = null]
22:31:25.691 [Test worker] DEBUG org.springframework.test.context.cache - Spring test ApplicationContext cache statistics: [DefaultContextCache@2a1fce44 size = 3, maxSize = 32, parentContextCount = 0, hitCount = 60, missCount = 3]
Output time is 50
Output time is 40
Output time is 30
22:31:25.707 [Test worker] TRACE org.springframework.test.context.TestContextManager - afterTestExecution(): instance [com.laundry.laundryMgmt.businessLogic.MachinesImplementationServicesTest@36e23af], method [public void com.laundry.laundryMgmt.businessLogic.MachinesImplementationServicesTest.testWashingTimes(org.springframework.boot.test.system.CapturedOutput)], exception [null]
22:31:25.707 [Test worker] TRACE org.springframework.test.context.cache.DefaultCacheAwareContextLoaderDelegate - Retrieved ApplicationContext [1414456375] from cache with key [MergedContextConfiguration@92a584f testClass = com.laundry.laundryMgmt.businessLogic.MachinesImplementationServicesTest, locations = [], classes = [com.laundry.laundryMgmt.businessLogic.MachinesImplementationServicesTest.MachinesImplementationServicesTestConfig], contextInitializerClasses = [], activeProfiles = [], propertySourceLocations = [], propertySourceProperties = [], contextCustomizers = [org.springframework.boot.test.autoconfigure.actuate.observability.ObservabilityContextCustomizerFactory$DisableObservabilityContextCustomizer@1f, org.springframework.boot.test.autoconfigure.properties.PropertyMappingContextCustomizer@0, org.springframework.boot.test.autoconfigure.web.servlet.WebDriverContextCustomizer@25d958c6, org.springframework.boot.test.context.filter.ExcludeFilterContextCustomizer@34cf5a97, org.springframework.boot.test.json.DuplicateJsonObjectContextCustomizerFactory$DuplicateJsonObjectContextCustomizer@4b1abd11, org.springframework.boot.test.mock.mockito.MockitoContextCustomizer@0], contextLoader = org.springframework.test.context.support.DelegatingSmartContextLoader, parent = null]
22:31:25.707 [Test worker] DEBUG org.springframework.test.context.cache - Spring test ApplicationContext cache statistics: [DefaultContextCache@2a1fce44 size = 3, maxSize = 32, parentContextCount = 0, hitCount = 61, missCount = 3]
22:31:25.707 [Test worker] TRACE org.springframework.test.context.TestContextManager - afterTestMethod(): instance [com.laundry.laundryMgmt.businessLogic.MachinesImplementationServicesTest@36e23af], method [public void com.laundry.laundryMgmt.businessLogic.MachinesImplementationServicesTest.testWashingTimes(org.springframework.boot.test.system.CapturedOutput)], exception [null]
22:31:25.707 [Test worker] TRACE org.springframework.test.context.cache.DefaultCacheAwareContextLoaderDelegate - Retrieved ApplicationContext [1414456375] from cache with key [MergedContextConfiguration@92a584f testClass = com.laundry.laundryMgmt.businessLogic.MachinesImplementationServicesTest, locations = [], classes = [com.laundry.laundryMgmt.businessLogic.MachinesImplementationServicesTest.MachinesImplementationServicesTestConfig], contextInitializerClasses = [], activeProfiles = [], propertySourceLocations = [], propertySourceProperties = [], contextCustomizers = [org.springframework.boot.test.autoconfigure.actuate.observability.ObservabilityContextCustomizerFactory$DisableObservabilityContextCustomizer@1f, org.springframework.boot.test.autoconfigure.properties.PropertyMappingContextCustomizer@0, org.springframework.boot.test.autoconfigure.web.servlet.WebDriverContextCustomizer@25d958c6, org.springframework.boot.test.context.filter.ExcludeFilterContextCustomizer@34cf5a97, org.springframework.boot.test.json.DuplicateJsonObjectContextCustomizerFactory$DuplicateJsonObjectContextCustomizer@4b1abd11, org.springframework.boot.test.mock.mockito.MockitoContextCustomizer@0], contextLoader = org.springframework.test.context.support.DelegatingSmartContextLoader, parent = null]
22:31:25.707 [Test worker] DEBUG org.springframework.test.context.cache - Spring test ApplicationContext cache statistics: [DefaultContextCache@2a1fce44 size = 3, maxSize = 32, parentContextCount = 0, hitCount = 62, missCount = 3]
22:31:25.707 [Test worker] TRACE org.springframework.beans.factory.support.DefaultListableBeanFactory - Returning cached instance of singleton bean 'org.springframework.context.annotation.internalConfigurationAnnotationProcessor'
22:31:25.707 [Test worker] TRACE org.springframework.beans.factory.support.DefaultListableBeanFactory - Returning cached instance of singleton bean 'org.springframework.context.annotation.internalAutowiredAnnotationProcessor'
22:31:25.707 [Test worker] TRACE org.springframework.beans.factory.support.DefaultListableBeanFactory - Returning cached instance of singleton bean 'org.springframework.context.annotation.internalCommonAnnotationProcessor'
22:31:25.707 [Test worker] TRACE org.springframework.beans.factory.support.DefaultListableBeanFactory - Returning cached instance of singleton bean 'org.springframework.context.annotation.internalPersistenceAnnotationProcessor'
22:31:25.707 [Test worker] TRACE org.springframework.beans.factory.support.DefaultListableBeanFactory - Returning cached instance of singleton bean 'org.springframework.context.event.internalEventListenerProcessor'
22:31:25.707 [Test worker] TRACE org.springframework.beans.factory.support.DefaultListableBeanFactory - Returning cached instance of singleton bean 'org.springframework.context.event.internalEventListenerFactory'
22:31:25.707 [Test worker] TRACE org.springframework.beans.factory.support.DefaultListableBeanFactory - Returning cached instance of singleton bean 'machinesImplementationServicesTest.MachinesImplementationServicesTestConfig'
22:31:25.707 [Test worker] TRACE org.springframework.beans.factory.support.DefaultListableBeanFactory - Returning cached instance of singleton bean 'org.springframework.boot.test.mock.mockito.MockitoPostProcessor$SpyPostProcessor'
22:31:25.707 [Test worker] TRACE org.springframework.beans.factory.support.DefaultListableBeanFactory - Returning cached instance of singleton bean 'org.springframework.boot.test.mock.mockito.MockitoPostProcessor'
22:31:25.707 [Test worker] TRACE org.springframework.beans.factory.support.DefaultListableBeanFactory - Returning cached instance of singleton bean 'machineImplementationService'
22:31:25.707 [Test worker] TRACE org.springframework.beans.factory.support.DefaultListableBeanFactory - Returning cached instance of singleton bean 'machinesServicesImplementation'
22:31:25.707 [Test worker] TRACE org.springframework.beans.factory.support.DefaultListableBeanFactory - Returning cached instance of singleton bean 'org.springframework.boot.test.mock.mockito.MockitoBeans'
22:31:25.707 [Test worker] TRACE org.springframework.test.context.cache.DefaultCacheAwareContextLoaderDelegate - Retrieved ApplicationContext [1414456375] from cache with key [MergedContextConfiguration@92a584f testClass = com.laundry.laundryMgmt.businessLogic.MachinesImplementationServicesTest, locations = [], classes = [com.laundry.laundryMgmt.businessLogic.MachinesImplementationServicesTest.MachinesImplementationServicesTestConfig], contextInitializerClasses = [], activeProfiles = [], propertySourceLocations = [], propertySourceProperties = [], contextCustomizers = [org.springframework.boot.test.autoconfigure.actuate.observability.ObservabilityContextCustomizerFactory$DisableObservabilityContextCustomizer@1f, org.springframework.boot.test.autoconfigure.properties.PropertyMappingContextCustomizer@0, org.springframework.boot.test.autoconfigure.web.servlet.WebDriverContextCustomizer@25d958c6, org.springframework.boot.test.context.filter.ExcludeFilterContextCustomizer@34cf5a97, org.springframework.boot.test.json.DuplicateJsonObjectContextCustomizerFactory$DuplicateJsonObjectContextCustomizer@4b1abd11, org.springframework.boot.test.mock.mockito.MockitoContextCustomizer@0], contextLoader = org.springframework.test.context.support.DelegatingSmartContextLoader, parent = null]
22:31:25.707 [Test worker] DEBUG org.springframework.test.context.cache - Spring test ApplicationContext cache statistics: [DefaultContextCache@2a1fce44 size = 3, maxSize = 32, parentContextCount = 0, hitCount = 63, missCount = 3]
22:31:25.707 [Test worker] TRACE org.springframework.test.context.cache.DefaultCacheAwareContextLoaderDelegate - Retrieved ApplicationContext [1414456375] from cache with key [MergedContextConfiguration@92a584f testClass = com.laundry.laundryMgmt.businessLogic.MachinesImplementationServicesTest, locations = [], classes = [com.laundry.laundryMgmt.businessLogic.MachinesImplementationServicesTest.MachinesImplementationServicesTestConfig], contextInitializerClasses = [], activeProfiles = [], propertySourceLocations = [], propertySourceProperties = [], contextCustomizers = [org.springframework.boot.test.autoconfigure.actuate.observability.ObservabilityContextCustomizerFactory$DisableObservabilityContextCustomizer@1f, org.springframework.boot.test.autoconfigure.properties.PropertyMappingContextCustomizer@0, org.springframework.boot.test.autoconfigure.web.servlet.WebDriverContextCustomizer@25d958c6, org.springframework.boot.test.context.filter.ExcludeFilterContextCustomizer@34cf5a97, org.springframework.boot.test.json.DuplicateJsonObjectContextCustomizerFactory$DuplicateJsonObjectContextCustomizer@4b1abd11, org.springframework.boot.test.mock.mockito.MockitoContextCustomizer@0], contextLoader = org.springframework.test.context.support.DelegatingSmartContextLoader, parent = null]
22:31:25.709 [Test worker] DEBUG org.springframework.test.context.cache - Spring test ApplicationContext cache statistics: [DefaultContextCache@2a1fce44 size = 3, maxSize = 32, parentContextCount = 0, hitCount = 64, missCount = 3]
22:31:25.709 [Test worker] TRACE org.springframework.beans.factory.support.DefaultListableBeanFactory - No bean named 'org.springframework.boot.test.autoconfigure.web.servlet.SpringBootMockMvcBuilderCustomizer$DeferredLinesWriter' found in org.springframework.beans.factory.support.DefaultListableBeanFactory@6dc010a2: defining beans [org.springframework.context.annotation.internalConfigurationAnnotationProcessor,org.springframework.context.annotation.internalAutowiredAnnotationProcessor,org.springframework.context.annotation.internalCommonAnnotationProcessor,org.springframework.context.annotation.internalPersistenceAnnotationProcessor,org.springframework.context.event.internalEventListenerProcessor,org.springframework.context.event.internalEventListenerFactory,machinesImplementationServicesTest.MachinesImplementationServicesTestConfig,org.springframework.boot.test.mock.mockito.MockitoPostProcessor$SpyPostProcessor,org.springframework.boot.test.mock.mockito.MockitoPostProcessor,machineImplementationService,machinesServicesImplementation]; root of factory hierarchy
22:31:25.709 [Test worker] TRACE org.springframework.test.context.cache.DefaultCacheAwareContextLoaderDelegate - Retrieved ApplicationContext [1414456375] from cache with key [MergedContextConfiguration@92a584f testClass = com.laundry.laundryMgmt.businessLogic.MachinesImplementationServicesTest, locations = [], classes = [com.laundry.laundryMgmt.businessLogic.MachinesImplementationServicesTest.MachinesImplementationServicesTestConfig], contextInitializerClasses = [], activeProfiles = [], propertySourceLocations = [], propertySourceProperties = [], contextCustomizers = [org.springframework.boot.test.autoconfigure.actuate.observability.ObservabilityContextCustomizerFactory$DisableObservabilityContextCustomizer@1f, org.springframework.boot.test.autoconfigure.properties.PropertyMappingContextCustomizer@0, org.springframework.boot.test.autoconfigure.web.servlet.WebDriverContextCustomizer@25d958c6, org.springframework.boot.test.context.filter.ExcludeFilterContextCustomizer@34cf5a97, org.springframework.boot.test.json.DuplicateJsonObjectContextCustomizerFactory$DuplicateJsonObjectContextCustomizer@4b1abd11, org.springframework.boot.test.mock.mockito.MockitoContextCustomizer@0], contextLoader = org.springframework.test.context.support.DelegatingSmartContextLoader, parent = null]
22:31:25.709 [Test worker] DEBUG org.springframework.test.context.cache - Spring test ApplicationContext cache statistics: [DefaultContextCache@2a1fce44 size = 3, maxSize = 32, parentContextCount = 0, hitCount = 65, missCount = 3]
22:31:25.709 [Test worker] TRACE org.springframework.test.context.cache.DefaultCacheAwareContextLoaderDelegate - Retrieved ApplicationContext [1414456375] from cache with key [MergedContextConfiguration@92a584f testClass = com.laundry.laundryMgmt.businessLogic.MachinesImplementationServicesTest, locations = [], classes = [com.laundry.laundryMgmt.businessLogic.MachinesImplementationServicesTest.MachinesImplementationServicesTestConfig], contextInitializerClasses = [], activeProfiles = [], propertySourceLocations = [], propertySourceProperties = [], contextCustomizers = [org.springframework.boot.test.autoconfigure.actuate.observability.ObservabilityContextCustomizerFactory$DisableObservabilityContextCustomizer@1f, org.springframework.boot.test.autoconfigure.properties.PropertyMappingContextCustomizer@0, org.springframework.boot.test.autoconfigure.web.servlet.WebDriverContextCustomizer@25d958c6, org.springframework.boot.test.context.filter.ExcludeFilterContextCustomizer@34cf5a97, org.springframework.boot.test.json.DuplicateJsonObjectContextCustomizerFactory$DuplicateJsonObjectContextCustomizer@4b1abd11, org.springframework.boot.test.mock.mockito.MockitoContextCustomizer@0], contextLoader = org.springframework.test.context.support.DelegatingSmartContextLoader, parent = null]
22:31:25.709 [Test worker] DEBUG org.springframework.test.context.cache - Spring test ApplicationContext cache statistics: [DefaultContextCache@2a1fce44 size = 3, maxSize = 32, parentContextCount = 0, hitCount = 66, missCount = 3]
22:31:25.709 [Test worker] TRACE org.springframework.test.context.cache.DefaultCacheAwareContextLoaderDelegate - Retrieved ApplicationContext [1414456375] from cache with key [MergedContextConfiguration@92a584f testClass = com.laundry.laundryMgmt.businessLogic.MachinesImplementationServicesTest, locations = [], classes = [com.laundry.laundryMgmt.businessLogic.MachinesImplementationServicesTest.MachinesImplementationServicesTestConfig], contextInitializerClasses = [], activeProfiles = [], propertySourceLocations = [], propertySourceProperties = [], contextCustomizers = [org.springframework.boot.test.autoconfigure.actuate.observability.ObservabilityContextCustomizerFactory$DisableObservabilityContextCustomizer@1f, org.springframework.boot.test.autoconfigure.properties.PropertyMappingContextCustomizer@0, org.springframework.boot.test.autoconfigure.web.servlet.WebDriverContextCustomizer@25d958c6, org.springframework.boot.test.context.filter.ExcludeFilterContextCustomizer@34cf5a97, org.springframework.boot.test.json.DuplicateJsonObjectContextCustomizerFactory$DuplicateJsonObjectContextCustomizer@4b1abd11, org.springframework.boot.test.mock.mockito.MockitoContextCustomizer@0], contextLoader = org.springframework.test.context.support.DelegatingSmartContextLoader, parent = null]
22:31:25.709 [Test worker] DEBUG org.springframework.test.context.cache - Spring test ApplicationContext cache statistics: [DefaultContextCache@2a1fce44 size = 3, maxSize = 32, parentContextCount = 0, hitCount = 67, missCount = 3]
22:31:25.710 [Test worker] TRACE org.springframework.test.context.support.DirtiesContextTestExecutionListener - After test method: context [DefaultTestContext@1ca2d595 testClass = com.laundry.laundryMgmt.businessLogic.MachinesImplementationServicesTest, testInstance = com.laundry.laundryMgmt.businessLogic.MachinesImplementationServicesTest@36e23af, testMethod = testWashingTimes(CapturedOutput), testException = null, mergedContextConfiguration = [MergedContextConfiguration@92a584f testClass = com.laundry.laundryMgmt.businessLogic.MachinesImplementationServicesTest, locations = [], classes = [com.laundry.laundryMgmt.businessLogic.MachinesImplementationServicesTest.MachinesImplementationServicesTestConfig], contextInitializerClasses = [], activeProfiles = [], propertySourceLocations = [], propertySourceProperties = [], contextCustomizers = [org.springframework.boot.test.autoconfigure.actuate.observability.ObservabilityContextCustomizerFactory$DisableObservabilityContextCustomizer@1f, org.springframework.boot.test.autoconfigure.properties.PropertyMappingContextCustomizer@0, org.springframework.boot.test.autoconfigure.web.servlet.WebDriverContextCustomizer@25d958c6, org.springframework.boot.test.context.filter.ExcludeFilterContextCustomizer@34cf5a97, org.springframework.boot.test.json.DuplicateJsonObjectContextCustomizerFactory$DuplicateJsonObjectContextCustomizer@4b1abd11, org.springframework.boot.test.mock.mockito.MockitoContextCustomizer@0], contextLoader = org.springframework.test.context.support.DelegatingSmartContextLoader, parent = null], attributes = {"org.springframework.test.context.event.ApplicationEventsTestExecutionListener.recordApplicationEvents" -> false}], class annotated with @DirtiesContext [false] with mode [null], method annotated with @DirtiesContext [false] with mode [null]
22:31:25.710 [Test worker] TRACE org.springframework.test.context.TestContextManager - afterTestClass(): class [com.laundry.laundryMgmt.businessLogic.MachinesImplementationServicesTest]
22:31:25.710 [Test worker] TRACE org.springframework.test.context.cache.DefaultCacheAwareContextLoaderDelegate - Retrieved ApplicationContext [1414456375] from cache with key [MergedContextConfiguration@92a584f testClass = com.laundry.laundryMgmt.businessLogic.MachinesImplementationServicesTest, locations = [], classes = [com.laundry.laundryMgmt.businessLogic.MachinesImplementationServicesTest.MachinesImplementationServicesTestConfig], contextInitializerClasses = [], activeProfiles = [], propertySourceLocations = [], propertySourceProperties = [], contextCustomizers = [org.springframework.boot.test.autoconfigure.actuate.observability.ObservabilityContextCustomizerFactory$DisableObservabilityContextCustomizer@1f, org.springframework.boot.test.autoconfigure.properties.PropertyMappingContextCustomizer@0, org.springframework.boot.test.autoconfigure.web.servlet.WebDriverContextCustomizer@25d958c6, org.springframework.boot.test.context.filter.ExcludeFilterContextCustomizer@34cf5a97, org.springframework.boot.test.json.DuplicateJsonObjectContextCustomizerFactory$DuplicateJsonObjectContextCustomizer@4b1abd11, org.springframework.boot.test.mock.mockito.MockitoContextCustomizer@0], contextLoader = org.springframework.test.context.support.DelegatingSmartContextLoader, parent = null]
22:31:25.710 [Test worker] DEBUG org.springframework.test.context.cache - Spring test ApplicationContext cache statistics: [DefaultContextCache@2a1fce44 size = 3, maxSize = 32, parentContextCount = 0, hitCount = 68, missCount = 3]
22:31:25.710 [Test worker] TRACE org.springframework.test.context.support.DirtiesContextTestExecutionListener - After test class: context [DefaultTestContext@1ca2d595 testClass = com.laundry.laundryMgmt.businessLogic.MachinesImplementationServicesTest, testInstance = null, testMethod = null, testException = null, mergedContextConfiguration = [MergedContextConfiguration@92a584f testClass = com.laundry.laundryMgmt.businessLogic.MachinesImplementationServicesTest, locations = [], classes = [com.laundry.laundryMgmt.businessLogic.MachinesImplementationServicesTest.MachinesImplementationServicesTestConfig], contextInitializerClasses = [], activeProfiles = [], propertySourceLocations = [], propertySourceProperties = [], contextCustomizers = [org.springframework.boot.test.autoconfigure.actuate.observability.ObservabilityContextCustomizerFactory$DisableObservabilityContextCustomizer@1f, org.springframework.boot.test.autoconfigure.properties.PropertyMappingContextCustomizer@0, org.springframework.boot.test.autoconfigure.web.servlet.WebDriverContextCustomizer@25d958c6, org.springframework.boot.test.context.filter.ExcludeFilterContextCustomizer@34cf5a97, org.springframework.boot.test.json.DuplicateJsonObjectContextCustomizerFactory$DuplicateJsonObjectContextCustomizer@4b1abd11, org.springframework.boot.test.mock.mockito.MockitoContextCustomizer@0], contextLoader = org.springframework.test.context.support.DelegatingSmartContextLoader, parent = null], attributes = {"org.springframework.test.context.event.ApplicationEventsTestExecutionListener.recordApplicationEvents" -> false}], class annotated with @DirtiesContext [false] with mode [null]
]]></system-out>
  <system-err><![CDATA[]]></system-err>
</testsuite>
